0.600516
0.609858
0.618213
0.625123
0.630188
0.633085
0.633532
0.631315
0.626308
0.618486
0.607945
0.594942
0.579915
0.563501
0.546574
0.530217
0.515604
0.503811
0.495588
0.491214
0.490469
0.492764
0.497306
0.503227
0.509708
0.516069
0.521821
0.526688
0.530551
0.533416
0.535315
0.536282
0.536374
0.535683
0.534389
0.532788
0.531292
0.530374
0.530471
0.531895
0.534755
0.5389
0.543949
0.54937
0.554592
0.559136
0.56269
0.565163
0.566702
0.567624
0.568352
0.569283
0.570648
0.572468
0.574565
0.576654
0.578415
0.579606
0.580084
0.57982
0.57886
0.577337
0.575422
0.57331
0.571173
0.569114
0.567133
0.565162
0.563133
0.561029
0.558939
0.557054
0.555574
0.554598
0.554093
0.553942
0.554017
0.55423
0.554542
0.554865
0.554977
0.554542
0.553202
0.550662
0.546775
0.541604
0.535457
0.528889
0.522557
0.517103
0.513015
0.510562
0.509858
0.51089
0.513546
0.517618
0.52282
0.528806
0.535252
0.541857
1.10605
1.1067
1.10149
1.09043
1.07352
1.0509
1.02305
0.991028
0.956581
0.922081
0.890275
0.863786
0.844581
0.833472
0.829973
0.832501
0.838932
0.84723
0.855867
0.863991
0.871257
0.877516
0.882509
0.885747
0.886657
0.884856
0.880458
0.874222
0.867432
0.861529
0.857697
0.856667
0.858699
0.863606
0.870792
0.879321
0.888044
0.89581
0.901649
0.904917
0.90531
0.902871
0.898028
0.891556
0.884619
0.878654
0.875096
0.874931
0.87826
0.884218
0.891361
0.898268
0.904185
0.909443
0.915402
0.923684
0.935198
0.949419
0.96451
0.978163
0.988384
0.993903
0.994199
0.989406
0.980122
0.967271
0.952004
0.935593
0.919425
0.905001
0.893844
0.8872
0.885562
0.888207
0.893285
0.898465
0.901739
0.901924
0.89876
0.892733
0.884712
0.875553
0.86585
0.855868
0.845711
0.835484
0.825543
0.816661
0.810097
0.807335
0.809591
0.817421
0.8305
0.847744
0.867567
0.888196
0.908075
0.926046
0.941376
0.953672
1.10805
1.1119
1.1116
1.10789
1.10135
1.09237
1.08124
1.06837
1.05443
1.04024
1.02655
1.0138
1.00208
0.991179
0.980816
0.970767
0.960923
0.951298
0.942059
0.933599
0.92664
0.922226
0.921388
0.924645
0.931565
0.940702
0.949991
0.957352
0.961125
0.960369
0.955021
0.946135
0.935846
0.926693
0.920384
0.917002
0.915384
0.914248
0.913025
0.912125
0.912803
0.916551
0.92411
0.934937
0.947662
0.961002
0.974186
0.986757
0.998118
1.00745
1.01392
1.017
1.0166
1.01306
1.00697
0.999056
0.99015
0.981402
0.974473
0.971496
0.974357
0.983645
0.998162
1.01539
1.03239
1.04671
1.05673
1.06186
1.06246
1.05948
1.05413
1.04746
1.04029
1.03322
1.02671
1.02113
1.01673
1.01366
1.01203
1.01176
1.01248
1.01334
1.01312
1.01047
1.00428
0.994091
0.980273
0.963854
0.946124
0.92849
0.91291
0.901979
0.897996
0.901662
0.91184
0.926316
0.942645
0.95866
0.972788
0.984123
1.10699
1.10989
1.10859
1.10371
1.09604
1.08647
1.07587
1.06497
1.05441
1.04501
1.03793
1.03449
1.03552
1.04074
1.04865
1.05698
1.06345
1.06652
1.06596
1.06293
1.05963
1.0584
1.0607
1.06644
1.07415
1.08161
1.08683
1.08864
1.08679
1.08181
1.0748
1.06712
1.06013
1.05499
1.0525
1.05294
1.05616
1.06173
1.06905
1.07741
1.08592
1.09347
1.09892
1.10152
1.10127
1.09902
1.09617
1.09413
1.09383
1.09556
1.09914
1.10419
1.11031
1.11695
1.12316
1.12741
1.12788
1.12301
1.11211
1.09571
1.07536
1.05326
1.03167
1.0125
0.996983
0.985513
0.977792
0.973199
0.971267
0.971992
0.975695
0.982559
0.992267
1.00409
1.01728
1.03127
1.04555
1.05944
1.07199
1.0823
1.08987
1.0947
1.09712
1.09749
1.09589
1.09225
1.08707
1.08187
1.07879
1.07909
1.08177
1.08382
1.0819
1.07394
1.05967
1.04036
1.01832
0.996411
0.977657
0.964833
1.09288
1.09101
1.09299
1.09593
1.0971
1.09482
1.08853
1.07875
1.06687
1.05492
1.04525
1.03991
1.04019
1.04634
1.05757
1.07215
1.08754
1.10066
1.10844
1.10867
1.10069
1.08556
1.06597
1.04567
1.0286
1.01792
1.01524
1.02037
1.03164
1.04645
1.06202
1.07608
1.08746
1.09636
1.10404
1.11221
1.12204
1.13359
1.14571
1.1568
1.16558
1.1716
1.17488
1.17548
1.17317
1.16777
1.15957
1.14959
1.13956
1.13166
1.12779
1.12891
1.13439
1.14226
1.15002
1.15574
1.15876
1.15959
1.15911
1.15763
1.15443
1.14817
1.1377
1.1228
1.10456
1.08514
1.06718
1.05324
1.04542
1.04557
1.05507
1.07398
1.10019
1.12985
1.15894
1.18444
1.2044
1.21772
1.22403
1.22397
1.21924
1.21241
1.2062
1.20254
1.20177
1.20254
1.20259
1.19973
1.19249
1.18022
1.1631
1.14211
1.11931
1.09782
1.0809
1.07058
1.06693
1.06878
1.07472
1.08328
1.10797
1.11476
1.11807
1.11742
1.1144
1.112
1.11247
1.11533
1.11814
1.1192
1.1193
1.12092
1.12592
1.13415
1.14414
1.15451
1.16448
1.17365
1.18151
1.1873
1.19033
1.19027
1.1875
1.18307
1.17833
1.17442
1.17201
1.17137
1.17257
1.1757
1.18064
1.18695
1.19387
1.20051
1.206
1.20961
1.21071
1.20907
1.20491
1.19898
1.1923
1.18572
1.1797
1.17425
1.16907
1.16382
1.15836
1.15284
1.14761
1.14295
1.13889
1.13522
1.13162
1.12782
1.1237
1.11945
1.1158
1.11392
1.11504
1.11983
1.12795
1.1382
1.14894
1.15892
1.16803
1.17737
1.18819
1.20027
1.21129
1.21835
1.21984
1.21606
1.20855
1.19913
1.18909
1.17891
1.16871
1.15872
1.14959
1.14218
1.13695
1.13374
1.13209
1.13186
1.13347
1.1374
1.14351
1.15067
1.15718
1.16132
1.16202
1.15919
1.15359
1.14646
1.13895
1.13186
1.12563
1.1204
1.11623
1.11296
1.09678
1.09421
1.09278
1.09305
1.09515
1.09795
1.0993
1.09734
1.09165
1.08361
1.07553
1.0693
1.06565
1.06454
1.06586
1.06963
1.0756
1.08267
1.08899
1.0927
1.09299
1.09071
1.08784
1.086
1.085
1.08346
1.08088
1.07866
1.07865
1.08145
1.08715
1.09644
1.11011
1.12765
1.14685
1.16454
1.17772
1.18463
1.18539
1.18175
1.17622
1.1709
1.16656
1.16265
1.15789
1.15121
1.14232
1.13179
1.1208
1.11066
1.10252
1.09711
1.09431
1.09313
1.09217
1.09082
1.09008
1.09229
1.09965
1.11259
1.12914
1.14587
1.15942
1.16756
1.16941
1.16517
1.15576
1.14262
1.12757
1.11259
1.09943
1.0893
1.0828
1.08021
1.08183
1.08801
1.09878
1.11356
1.13102
1.14922
1.16577
1.17842
1.1857
1.18777
1.18681
1.18631
1.18899
1.19462
1.20029
1.20286
1.20094
1.19499
1.18656
1.1775
1.16939
1.16309
1.15866
1.15566
1.15354
1.15187
