1.22306
1.22678
1.23109
1.23532
1.23912
1.24245
1.24539
1.24796
1.25006
1.2515
1.25203
1.2515
1.24992
1.24756
1.24493
1.24267
1.24144
1.24173
1.24379
1.24764
1.25301
1.25945
1.26634
1.27309
1.27921
1.28441
1.28854
1.2916
1.29363
1.2947
1.2949
1.29434
1.29318
1.29164
1.29002
1.28867
1.28794
1.28805
1.28908
1.29088
1.29318
1.29568
1.29811
1.3003
1.30216
1.30368
1.3049
1.30588
1.30663
1.30717
1.30742
1.30728
1.30664
1.30539
1.30355
1.30127
1.29887
1.29677
1.29543
1.29518
1.29611
1.29808
1.3008
1.30398
1.30745
1.31111
1.31495
1.31897
1.32313
1.32736
1.33156
1.33563
1.33946
1.343
1.3462
1.34907
1.3516
1.35383
1.35574
1.35732
1.35853
1.35931
1.35959
1.3593
1.3584
1.35687
1.35475
1.35215
1.34923
1.34623
1.34344
1.34116
1.33968
1.3392
1.33982
1.34148
1.34402
1.34718
1.35067
1.35422
1.20304
1.20602
1.20866
1.2109
1.21267
1.21396
1.21477
1.21511
1.21503
1.21458
1.21386
1.21294
1.21193
1.21094
1.21006
1.20938
1.209
1.20896
1.20933
1.2101
1.21126
1.21275
1.21449
1.21637
1.21829
1.22015
1.22187
1.2234
1.22469
1.22573
1.22651
1.22702
1.22724
1.22717
1.22681
1.22618
1.22532
1.22432
1.22327
1.22229
1.22149
1.22093
1.22064
1.22063
1.22089
1.22139
1.22212
1.22307
1.22423
1.22557
1.22705
1.22866
1.23036
1.23214
1.23401
1.23597
1.23804
1.24017
1.24232
1.24437
1.24619
1.24761
1.24848
1.24865
1.24804
1.24659
1.24434
1.24143
1.23807
1.23454
1.23103
1.22762
1.22415
1.22034
1.21591
1.21079
1.20533
1.20028
1.19662
1.19531
1.19685
1.20116
1.2076
1.21526
1.22323
1.23081
1.23755
1.24321
1.24772
1.2511
1.2534
1.2547
1.25506
1.25457
1.25328
1.25127
1.24862
1.24541
1.24178
1.23791
1.19636
1.19283
1.18987
1.18769
1.18634
1.1857
1.18551
1.1855
1.18543
1.18524
1.185
1.18492
1.18519
1.18597
1.18727
1.18896
1.19085
1.19271
1.19434
1.19562
1.19646
1.19682
1.19667
1.19597
1.19471
1.19283
1.19032
1.18719
1.18352
1.17951
1.17545
1.17176
1.16888
1.16717
1.16681
1.16771
1.16959
1.17205
1.1747
1.17718
1.17927
1.18084
1.18184
1.18229
1.18228
1.18189
1.18126
1.1805
1.17974
1.17909
1.17864
1.17843
1.17849
1.17879
1.17928
1.17988
1.1805
1.18102
1.18134
1.18135
1.18096
1.18007
1.17861
1.17651
1.17374
1.17032
1.16633
1.16196
1.15754
1.15353
1.15046
1.14879
1.14879
1.15044
1.15341
1.15723
1.1614
1.1655
1.16928
1.17261
1.17546
1.17784
1.17981
1.18142
1.18272
1.18373
1.18447
1.18495
1.18517
1.18512
1.1848
1.18423
1.18341
1.18237
1.18114
1.17977
1.17831
1.17681
1.1753
1.17382
1.19862
1.19722
1.1959
1.19465
1.1935
1.19248
1.19162
1.19098
1.1906
1.19053
1.19077
1.1913
1.19209
1.19306
1.19417
1.19534
1.19657
1.19786
1.19924
1.20077
1.20247
1.20435
1.20638
1.20849
1.2106
1.21261
1.21446
1.21609
1.21749
1.21865
1.21958
1.22031
1.22085
1.22122
1.22147
1.22158
1.22159
1.2215
1.2213
1.22101
1.2206
1.22009
1.21945
1.21869
1.2178
1.21678
1.21563
1.21436
1.213
1.21156
1.21008
1.20856
1.20705
1.20554
1.20405
1.20256
1.20104
1.19946
1.19778
1.19598
1.19408
1.19217
1.19048
1.18932
1.18907
1.19003
1.19228
1.19565
1.19974
1.20406
1.20816
1.21174
1.21462
1.21672
1.21806
1.21868
1.21864
1.21799
1.21683
1.21522
1.21328
1.21113
1.20895
1.20689
1.20514
1.20384
1.20305
1.2028
1.20302
1.20362
1.20449
1.20549
1.20652
1.20749
1.20833
1.20899
1.20945
1.2097
1.20979
1.20976
1.19993
1.19993
1.2001
1.20052
1.20123
1.20226
1.20357
1.2051
1.20678
1.20856
1.21037
1.21217
1.21395
1.21567
1.21734
1.21892
1.2204
1.22175
1.22292
1.22387
1.22455
1.22491
1.22493
1.2246
1.22392
1.22291
1.22159
1.21994
1.21793
1.21549
1.21256
1.20912
1.20528
1.20128
1.19753
1.19458
1.19295
1.19309
1.19513
1.19889
1.20388
1.20946
1.21499
1.21995
1.22402
1.22707
1.22911
1.23025
1.23063
1.23039
1.2296
1.22831
1.22656
1.22437
1.22179
1.21896
1.21606
1.21335
1.21115
1.2097
1.20919
1.20964
1.21092
1.21278
1.21489
1.21687
1.21832
1.21885
1.21815
1.21599
1.21238
1.20758
1.20225
1.1974
1.1942
1.1936
1.19581
1.20026
1.20584
1.21145
1.21636
1.22026
1.2232
1.22536
1.22701
1.22834
1.22949
1.23052
1.23143
1.23219
1.23274
1.23303
1.23304
1.23275
1.2322
1.23141
1.23047
1.22946
1.22848
1.22763
1.1994
1.19905
1.19904
1.19933
1.19989
1.20063
1.20147
1.20235
1.20323
1.2041
1.20495
1.20578
1.20657
1.20726
1.20778
1.208
1.20783
1.20714
1.20584
1.20389
1.20133
1.19831
1.19512
1.19217
1.18997
1.18895
1.18933
1.191
1.19359
1.19653
1.19934
1.20167
1.20339
1.20458
1.20542
1.20616
1.20705
1.20825
1.20984
1.21179
1.21401
1.21637
1.21871
1.22088
1.22276
1.22427
1.22534
1.22594
1.22604
1.22561
1.22459
1.2229
1.22045
1.21721
1.21323
1.20879
1.20444
1.20096
1.19909
1.1992
1.20103
1.20381
1.20662
1.20869
1.2096
1.20923
1.20769
1.20523
1.2022
1.199
1.19606
1.1938
1.19253
1.19239
1.19329
1.195
1.19721
1.19962
1.20202
1.20429
1.20636
1.20825
1.20996
1.21152
1.21295
1.21428
1.21551
1.21665
1.21769
1.21865
1.21951
1.22029
1.221
1.22165
1.22223
1.22278
1.22329
1.22377
1.22423
1.22466
1.20037
1.20073
1.20103
1.20126
1.20139
1.20139
1.20122
1.20085
1.20022
1.1993
1.19807
1.19651
1.19466
1.19258
1.1904
1.18828
1.18641
1.18494
1.18395
1.18345
1.18336
1.18355
1.18389
1.18428
1.18467
1.18505
1.18545
1.18589
1.1864
1.18697
1.18756
1.18809
1.18847
1.18857
1.1883
1.18759
1.18642
1.18483
1.18294
1.18092
1.17903
1.17752
1.17668
1.1767
1.17772
1.17969
1.18245
1.1857
1.18912
1.19234
1.19508
1.1971
1.19819
1.19817
1.19681
1.19385
1.18897
1.18182
1.17213
1.15999
1.14625
1.13285
1.12261
1.11789
1.11898
1.12388
1.12983
1.135
1.13905
1.14274
1.14711
1.15278
1.15967
1.16713
1.17433
1.18063
1.18567
1.18935
1.19172
1.19291
1.19304
1.19222
1.19054
1.18803
1.18472
1.18064
1.17589
1.1707
1.16549
1.16082
1.15735
1.15555
1.15557
1.1571
1.15958
1.16239
1.16501
1.16716
1.16873
1.16972
