0.331685
0.324132
0.32053
0.321538
0.327302
0.337394
0.350912
0.366716
0.383559
0.40027
0.415811
0.429383
0.440415
0.448588
0.453858
0.456421
0.456733
0.45539
0.453085
0.450524
0.448293
0.446738
0.445974
0.44583
0.44596
0.44589
0.445165
0.44346
0.440586
0.436577
0.431634
0.426097
0.420436
0.415123
0.410605
0.407183
0.405026
0.404142
0.404358
0.405342
0.406691
0.407932
0.408537
0.40804
0.4061
0.402593
0.397601
0.391477
0.384745
0.378044
0.372092
0.367582
0.365032
0.364758
0.366821
0.371093
0.377251
0.384809
0.393201
0.401851
0.410185
0.417705
0.424074
0.429076
0.432613
0.434681
0.435331
0.434691
0.432889
0.430142
0.426684
0.422849
0.419002
0.415458
0.412394
0.409838
0.407666
0.405651
0.403528
0.401068
0.398108
0.39458
0.390489
0.385872
0.380851
0.375643
0.370632
0.366483
0.364171
0.364737
0.368897
0.376636
0.386957
0.39823
0.408654
0.416785
0.421855
0.423733
0.422896
0.420272
0.791084
0.773736
0.750533
0.723992
0.696467
0.669995
0.646154
0.626039
0.610314
0.59923
0.592646
0.590117
0.590952
0.594263
0.598943
0.603702
0.607149
0.607978
0.605305
0.599067
0.590229
0.580491
0.571825
0.565797
0.563008
0.563095
0.565027
0.567512
0.5695
0.570463
0.570415
0.56984
0.569556
0.570522
0.573566
0.57926
0.587578
0.59787
0.608953
0.619352
0.62776
0.633334
0.635857
0.635654
0.633395
0.629763
0.625346
0.62062
0.615941
0.611595
0.607824
0.604802
0.6028
0.602212
0.603677
0.607812
0.614841
0.624191
0.634395
0.64337
0.649069
0.650251
0.646702
0.639198
0.629091
0.617839
0.606765
0.596971
0.589344
0.584583
0.583088
0.584953
0.589942
0.597478
0.606696
0.616412
0.625311
0.632117
0.635832
0.63585
0.632113
0.625117
0.615954
0.606093
0.597143
0.590423
0.586741
0.586232
0.588375
0.592178
0.596417
0.599925
0.601761
0.601413
0.598839
0.594539
0.589336
0.584164
0.579746
0.576348
0.793658
0.781662
0.764105
0.741651
0.715752
0.688588
0.662896
0.641506
0.626885
0.62076
0.623651
0.634676
0.65171
0.671934
0.692485
0.711074
0.72618
0.736988
0.743173
0.744682
0.74185
0.735669
0.727947
0.721203
0.717972
0.719775
0.726434
0.736166
0.746292
0.754287
0.758479
0.758495
0.755252
0.75059
0.74685
0.746135
0.749723
0.757584
0.768532
0.780556
0.791432
0.799222
0.802655
0.801256
0.795241
0.785317
0.772662
0.758698
0.74493
0.73268
0.722944
0.71615
0.712171
0.710588
0.710782
0.712067
0.713739
0.71511
0.715482
0.714295
0.711317
0.706773
0.701358
0.696224
0.692653
0.691704
0.693892
0.698887
0.70567
0.712829
0.719032
0.723362
0.725483
0.72566
0.724615
0.723184
0.722119
0.721971
0.723052
0.725427
0.728783
0.732524
0.735827
0.737772
0.737569
0.734751
0.729382
0.721974
0.713416
0.704676
0.696417
0.688827
0.681636
0.674486
0.667219
0.66012
0.654044
0.650241
0.650298
0.655796
0.809415
0.822003
0.836322
0.850383
0.861846
0.868677
0.869714
0.864892
0.855046
0.841592
0.826142
0.810176
0.794918
0.7815
0.771032
0.764627
0.763164
0.76683
0.774769
0.785088
0.795401
0.803637
0.808734
0.810636
0.810115
0.808353
0.806576
0.805737
0.806301
0.808322
0.811546
0.815715
0.820753
0.826787
0.83386
0.841625
0.84923
0.855725
0.860262
0.862123
0.860755
0.85572
0.846877
0.834576
0.81978
0.804151
0.78962
0.777909
0.770145
0.7665
0.766095
0.767259
0.768081
0.767059
0.763656
0.758401
0.752707
0.748448
0.747572
0.751463
0.760559
0.774247
0.791033
0.809044
0.82642
0.841718
0.85392
0.862463
0.867107
0.867835
0.864881
0.858718
0.849928
0.839064
0.826684
0.813325
0.799544
0.786068
0.773667
0.763029
0.75444
0.747614
0.741906
0.736643
0.731588
0.727248
0.724797
0.725688
0.731062
0.741433
0.756562
0.775565
0.797145
0.81978
0.841798
0.861574
0.877579
0.888533
0.893483
0.89195
0.792767
0.781903
0.768671
0.754393
0.740645
0.729064
0.720992
0.717238
0.717839
0.72217
0.729234
0.737921
0.747336
0.756702
0.765172
0.771747
0.775302
0.774862
0.769993
0.761146
0.749553
0.737026
0.725527
0.716815
0.712017
0.711605
0.71522
0.721973
0.730709
0.740476
0.750794
0.761603
0.773081
0.785278
0.797759
0.809568
0.819395
0.825825
0.827699
0.824444
0.816219
0.804137
0.790009
0.775736
0.762582
0.75073
0.739629
0.728805
0.718403
0.70914
0.702008
0.697839
0.697088
0.699751
0.705418
0.71319
0.721802
0.729847
0.735923
0.739087
0.73904
0.736387
0.732408
0.728661
0.726349
0.726012
0.727548
0.730492
0.734513
0.739543
0.74565
0.752625
0.759809
0.766325
0.771358
0.774594
0.776326
0.777273
0.778146
0.779222
0.780102
0.77995
0.777875
0.773326
0.766379
0.757684
0.748225
0.739024
0.730891
0.724409
0.720099
0.718562
0.720436
0.72604
0.735083
0.746542
0.75887
0.770484
0.780141
0.78709
0.802625
0.802038
0.798083
0.790895
0.780755
0.768331
0.755021
0.74274
0.733314
0.727953
0.726877
0.729254
0.733681
0.738565
0.7426
0.745092
0.745937
0.745551
0.744416
0.742834
0.740813
0.738131
0.734566
0.730072
0.724926
0.719839
0.71581
0.713882
0.714704
0.718447
0.724779
0.733074
0.742572
0.752626
0.762765
0.772671
0.782216
0.791481
0.800633
0.809755
0.818585
0.826322
0.831941
0.834355
0.832766
0.826856
0.816745
0.803028
0.786705
0.769189
0.752119
0.737266
0.726157
0.719565
0.717338
0.718586
0.722059
0.72653
0.731074
0.735106
0.738435
0.741348
0.744633
0.749281
0.756045
0.765059
0.775653
0.786373
0.795356
0.800792
0.801482
0.797107
0.788296
0.776483
0.763461
0.750944
0.740294
0.73228
0.727133
0.724618
0.724081
0.724647
0.7253
0.725076
0.723111
0.718794
0.711783
0.702202
0.690832
0.679226
0.669608
0.664432
0.665721
0.674274
0.689574
0.709977
0.733329
0.757454
0.780461
0.800941
0.815186
0.827246
0.834944
0.838168
0.837075
0.831986
0.82317
0.810825
0.795371
0.77766
0.759083
0.741573
0.727257
0.717962
0.714667
0.717187
0.724377
0.734647
0.746672
0.75967
0.773289
0.787147
0.800438
0.811846
0.819887
0.823339
0.821512
0.814328
0.802297
0.78644
0.768358
0.750051
0.733604
0.7208
0.71286
0.710273
0.712895
0.720038
0.730569
0.74303
0.755641
0.766505
0.773852
0.776439
0.774024
0.767523
0.758844
0.750208
0.74351
0.739832
0.739487
0.742218
0.747533
0.754589
0.762276
0.769283
0.774314
0.776413
0.775251
0.771274
0.765708
0.760343
0.757046
0.757326
0.761725
0.769567
0.779095
0.787937
0.793751
0.794711
0.789978
0.779865
0.765883
0.750351
0.735954
0.725049
0.719212
0.719015
0.724302
0.734422
0.74845
0.765036
0.782349
0.798142
0.810198
0.816888
0.817644
0.813097
0.804622
0.793561
0.780728
0.766514
0.751384
0.736383
0.723088
0.71327
0.708456
0.709542
0.71657
0.728791
