0.459026
0.000918805
0.000999782
0.00108044
0.00116057
0.00123975
0.0013185
0.00139726
0.0014751
0.0015527
0.00163024
0.00170718
0.00178428
0.00186025
0.00193618
0.00201084
0.00208619
0.00216084
0.00223499
0.00230828
0.00238102
0.00245346
0.00252563
0.00259721
0.00266801
0.00273744
0.00280623
0.0028746
0.00294247
0.00300984
0.003076
0.00314129
0.00320686
0.00327158
0.0033354
0.00339848
0.00346049
0.00352186
0.00358189
0.00364144
0.00370032
0.00375791
0.00381438
0.00386976
0.00392422
0.00397818
0.00403064
0.00408227
0.00413292
0.00418239
0.00423054
0.00427736
0.00432344
0.00436807
0.00441065
0.00445258
0.00449327
0.00453232
0.00457067
0.00460761
0.00464315
0.00467725
0.00470913
0.00474064
0.00477034
0.00479895
0.00482576
0.00485109
0.00487506
0.00489771
0.00491824
0.00493748
0.00495458
0.00497073
0.00498542
0.00499833
0.00501016
0.0050198
0.00502835
0.00503548
0.00504023
0.00504399
0.00504641
0.00504674
0.0050458
0.00504319
0.00503938
0.00503372
0.00502655
0.00501795
0.00500801
0.00499642
0.00498329
0.00496848
0.00495204
0.00493467
0.00491559
0.00489433
0.00487259
0.00484952
0.00482506
0.00479906
0.00477182
0.00474331
0.00471344
0.00468233
0.00464995
0.00461631
0.00458068
0.00454437
0.00450662
0.00446827
0.0044287
0.00438783
0.00434604
0.0043033
0.0042588
0.00421358
0.00416792
0.00412119
0.0040736
0.00402436
0.00397484
0.00392533
0.00387484
0.00382452
0.00377347
0.0037218
0.00366986
0.00361768
0.0035652
0.00351196
0.00345866
0.00340531
0.0033519
0.00329862
0.00324573
0.00319241
0.00313967
0.00308728
0.00303517
0.00298312
0.00293116
0.00288024
0.00282932
0.00277929
0.00272964
0.00268052
0.00263188
0.00258426
0.00253766
0.00249113
0.00244634
0.00240221
0.00235882
0.00231676
0.00227559
0.00223442
0.00219529
0.00215719
0.00211865
0.00208262
0.0020474
0.00201334
0.00198023
0.00194819
0.00191747
0.0018876
0.00185856
0.00183101
0.0018045
0.00177862
0.00175417
0.00173047
0.00170772
0.00168581
0.0016653
0.00164574
0.00162711
0.00160927
0.00159191
0.00157596
0.00156063
0.00154591
0.00153211
0.00151924
0.00150714
0.00149567
0.001485
0.00147524
0.00146542
0.0014566
0.001449
0.00144204
0.00143569
0.00142902
0.00142353
0.0014176
0.00141315
0.00140955
0.00140608
0.00140243
0.00139944
0.00139717
0.00139522
0.00139407
0.00139286
0.00139243
0.00139187
0.0013917
0.00139175
0.00139201
0.00139251
0.0013924
0.00139269
0.00139328
0.0013927
0.00139298
0.00139289
0.0013922
0.00139149
0.00139102
0.00138986
0.00138833
0.00138652
0.00138374
0.00138103
0.00137744
0.00137299
0.00136825
0.00136229
0.00135618
0.00134855
0.00134059
0.0013317
0.00132196
0.00131105
0.00129967
0.00128728
0.00127354
0.00125844
0.00124276
0.00122655
0.00120863
0.00119055
0.00117157
0.00115158
0.00113088
0.00110938
0.00108706
0.0010635
0.00103992
0.00101516
0.000990226
0.000964802
0.000938907
0.000912977
0.000887022
0.000860701
0.000834158
0.000808006
0.000781712
0.000755579
0.000729951
0.000704255
0.000678937
0.000654792
0.000630798
0.000607945
0.00058584
0.000564056
0.000543396
0.000523507
0.000504765
0.000485292
0.000468136
0.000452419
0.000437532
0.000424513
0.00041254
0.000401351
0.000391538
0.000382924
0.000375206
0.000368903
0.000363533
0.000358932
0.000356011
0.000354069
0.000353672
0.000354277
0.000355473
0.000357403
0.000360736
0.00036478
0.000369007
0.00037403
0.00037963
0.000386322
0.000393031
0.000400601
0.000408483
0.000416648
0.00042411
0.000432379
0.000440902
0.00044895
0.000457093
0.000465313
0.000472628
0.000479845
0.000486964
0.000493746
0.000500075
0.000505928
0.000510934
0.000515543
0.00051946
0.000521636
0.000523905
0.000525327
0.000525794
0.000525245
0.000523992
0.000522154
0.000518676
0.000514342
0.000509614
0.000503322
0.000496666
0.000489374
0.000480788
0.000471737
0.000461203
0.000449257
0.000437439
0.000424638
0.000411364
0.000397266
0.000382355
0.000367283
0.000350992
0.000333941
0.000316489
0.00029895
0.000281007
0.000262389
0.000243992
0.000225113
0.000206146
0.000186599
