167.76
127.979
897.494
-765.103
-10.548
-437.797
-7.66672
-373.749
-248.667
45.7384
338.154
-2334.97
-40.4334
-12.7967
49.131
6.45688
59.9122
-328.367
-32.4554
488.904
29.509
33.8164
-85.2201
305.76
1945.58
127.634
-25.8819
213.231
-62.0047
-243.02
-15.0761
-334.886
43.2379
-150.733
198.061
1.02068
-15.363
-42.2814
-43.0293
65.7663
58.8331
53.1693
191.602
-102.41
-46.5785
-255.918
-314.538
-193.644
-83.6739
193.013
-62.3021
22.9024
137.175
92657.8
66.907
-40.2882
-11.0858
-122.801
-1002.01
400.799
-3608.84
40.4507
409.373
60.9558
290.447
921.55
151.959
756.763
-300.399
18.0574
-126.125
111.928
-2.25592
-140.703
-72.5646
134.045
26.7557
-301.599
-174.729
22.4536
136.544
-115.094
-1489.28
7.62632
-100.908
-31.4821
-90.9225
40.8167
78.9399
464.881
96.5157
-111.894
16731.7
136.447
336.181
-42.8104
-2185.72
62.8881
41.8595
150.452
-7.69354
-214.532
-108.582
-273.45
8.46526
0.648392
-60.3192
-1928.15
338.91
162.931
66.5009
38.5635
-293.249
94.28
140.955
385.856
-1625.16
-14.0841
-44.6142
410.648
93.0531
3.58572
204.075
-149.969
117.581
-87.5564
-71.1819
-3.43033
-65.6395
-17.2688
155.448
-9.73093
-293.785
724.612
1320.8
122.004
-66.7385
-106.396
-10.5781
44.963
12.9432
-46.3416
611.813
-88.7546
34.8306
-702.787
28.7903
19.3675
-28.5533
-40.086
33.6268
238.008
-1347.66
-13.7125
41.4819
37740.4
-66.2339
-8839.12
-55.5254
-78564
-87.9983
-734.86
-66.0657
363.609
-61.564
333.552
-937.69
-156.15
-54.6087
5.03464
-691.755
-7.96617
94.9828
156.545
-71.3811
48.5689
-354.168
350.369
-33.3787
44.8956
-17.8705
23.7323
-3209.47
-544.23
120.941
-78.5692
-152.669
-143.403
-108.798
131.8
-136.695
-67.8979
34.924
1554.53
2.99398
136.423
206.06
166.418
118.045
296.154
82.1627
-122.415
1187.81
67.6924
217.425
93.4328
-13.2025
245.872
-71.8069
8.07768
-259.048
-61.1476
86.8726
17.7527
88.6489
109.597
-1356.09
-17.7945
236.727
-58.4039
12.9556
59.2156
14.9087
277.726
200.543
-162.177
194.29
7177.33
11.7797
-3270.43
-752.433
-72.5344
61.7251
640.682
532.44
-3356.17
-206.863
45.144
-35.3354
14.494
57.3117
140.036
196.326
41.5305
48.6863
-33.1006
-64.6832
102.358
213.058
54.0277
-123.228
-153.341
29.6794
-9.4926
-7.65246
-592.988
-235.994
-1317.39
-77.5652
229.993
19.244
475.523
247.858
62.6461
-76.3703
-126.926
-95.9747
-143.901
35.2115
239.865
83.8497
67.304
-34.0099
-98.6625
185.679
-483.871
-117.514
-30.8147
149.312
-80.3704
50.1528
335.04
431.619
55.0233
-8.51471
-399.374
-2.83753
43.5161
133.544
-70.2106
-0.507019
-67.7683
-115.674
30.1264
-93.437
42.2657
-113.136
14.7099
-204.677
-102.729
-496.091
740.552
-316.509
-28.1797
-253.833
-59.2222
-59.6651
-83.882
7.52888
-396.933
-51.3633
41.2208
22557
2985.6
152.715
-78.83
-1773.5
-55.0119
53.8188
-40.618
84.62
1000.87
32.3904
-61.7865
47.5851
-79.8601
-427.867
-76.9603
-124.94
35.9647
25.4638
125.589
-1140.61
-35.2769
162.408
63.5419
-445.077
-200.448
-125.899
0.808845
-103.255
267.36
46.1913
36.1852
92.8276
-208.286
-633.96
-22.0515
-126.822
-52.9382
-83.6354
-1983.32
-171.221
-75.7966
38.2148
-86.7018
50.4051
-209.138
-75.3312
153.654
-6049.61
156.744
-512.04
-13.7039
-97.0475
25771.7
-58.3703
-41.6346
-65.3612
-77.2869
-15.295
-17.7118
89.5257
-37.9864
129.679
716.667
-45.2583
-42.1053
40.7754
139.057
-23.5341
250.096
148.794
-191.086
-32.4603
-31.4569
-64.8211
-78.7123
-132.706
-205.485
10.8607
-46.2344
4.46973
296.339
-81.2917
-832.284
-647.923
-16.3754
53.2394
215.366
-65.2268
-76.6765
-147.604
50.4928
-319.737
-156.775
-61.7379
53.2806
-100.304
-29.1438
153.36
-99.4359
-282.046
-139.634
31.1809
-14.9757
-60.8206
-185.958
-48.6917
402.452
32.5766
585.084
-38.5179
66.1621
12.8901
22.4666
374.48
541.558
39.4494
-8.23862
11.004
432.995
-103.834
107.696
-1723.02
532.54
-20.5157
-66.2141
-85.1232
21.2616
-147.256
-260.762
97.895
-90.1714
-212.206
1596.48
191.658
-75.1576
-23.3149
-52.6868
-243.116
644.835
12.3776
392.578
-1009.1
129.779
-298.992
-92.2591
50.8466
-123.461
-28.4183
42.1036
143.04
-85.0494
-12.8843
-393.021
65.2832
210.871
67.1954
986.178
-157.945
32.4374
93.192
197.639
295.349
34.6992
63.0443
77.8903
2.83517
33.3128
-92.5055
-178.048
-9.23633
-13.3542
-55.5015
29.4583
34.6616
213.374
180.235
-21.5982
53.2141
-29.8206
-813.635
129.696
-79.8001
5.91405
135.502
26.7411
144.081
-214.183
2.10441
210.48
-38.2035
-95.5796
33.8197
19.6023
32.6294
-176.858
-11.9733
0.774664
8.21013
21.1649
-123.298
229.687
-1752.09
448.433
61.7254
-143.178
-47.7679
-283.099
1710.56
81.9939
630.057
125.828
377.584
-309.512
-104.854
378.523
105.493
37.7455
588.919
-155.357
-121.05
144.984
-178.501
-336.31
-73.4647
-30.972
249.387
-21.4461
-414.345
133.233
-76.6518
343.402
154.623
14.7552
-1216.59
-6.69134
293.051
3.68602
-20.8055
36.0438
1621.32
-105.33
-11.7593
132.063
24.4044
118.345
-236.107
-927.931
-217.301
4958.27
-413.671
467.816
-66.1491
-93.7082
-20.948
259.467
114.095
159.655
-121.35
-32.8457
116.813
-74.9755
-31.907
-26.0328
-201.962
931.867
782.625
65.6872
-211.265
-22.7725
-72.7299
131.928
20.3644
74.2582
889.309
68.8698
42.5266
-532.939
-326.847
-26.6355
-332.636
4.59943
157.605
-117.818
732.564
109.518
59.3509
-9.29497
-45.2336
150.13
30.6938
-2823.81
-235.854
-150.093
-281.862
-79.7858
8.34223
-21.7034
21.8234
124.575
20.9726
45232.7
82.492
-1.67298
168.599
78.4729
-5.23485
-98.4653
-32.4176
88.079
32.7396
-41.771
-17.6276
-472.127
-2830.32
428.485
-1559.42
371.56
-55.7218
-245.979
-199.017
-16.2284
-16.6981
-35.3642
45.144
-681.154
181.345
77.0135
88.9134
151.509
1.87896
-58.7488
-778.04
2.77557
402.11
-55.2975
330.897
-21.4956
19.3657
634.498
69.9524
980.289
83.3804
1679.14
-171.22
70.868
-147.803
172.699
125.027
-65.095
-99.8217
-10.9625
99.876
294.455
-27.1618
-160.705
-24.756
-131.836
-59.8472
18.4032
284.336
258.541
-78.336
-18.8767
345.796
-726.525
-48.7612
9502.2
-27.9532
-918.633
-14.6617
-59.3795
224.188
68.6455
31.4363
118.014
-70.683
-62.0373
438.138
-107.213
96.6667
-192.376
-61.6888
1117.64
26.0602
-41.4631
67.6463
43.8386
-175.026
57.448
-357.584
-18.9177
-746.931
10.2926
-28.3135
3.79679
-146.042
11.0667
370.703
65.279
40.1493
-75.5197
-166.498
147.504
89.3536
3619.56
101.838
-27.5332
108.202
-60.5354
-342.684
28.7623
22.4652
194.014
3222.15
-45.0118
895.013
39.5562
-170.358
49.7355
79.0945
11.6029
-109.257
137.914
46.6359
23.5784
-56.6163
-832.849
-44.3844
-93.4292
97.5411
23.722
-310.35
-95.2185
28.322
21.2124
520.06
319.912
203.748
-117.086
-42.5345
-145.209
262.383
-56.7418
115.874
-47.0112
411.54
679.499
88.2382
-29.6888
-121.985
-488.041
-1773.37
137.988
78.0772
24.3438
-401.795
-58.6441
-171.056
195.323
-89.026
-8.7714
-140.103
-175.012
147.167
378.053
32.9738
720.403
-25.4216
616.292
267.908
8.23436
-1679.61
-2213.76
66.2514
-83.372
504.364
-44.6052
267.134
72.1292
3599.06
-32.289
99.9457
144.017
-12357.7
-9.42341
285.154
64.0923
-208.318
-36.9412
67.3749
32.4581
-141.019
46.8268
92.6849
11.8636
171.78
-23.8448
-54.7894
128.747
56.8691
-4.98582
-350.931
-270.277
24.4094
19.5166
178.954
9.43022
19.723
-24.4874
608.623
-64.8593
158.085
163.059
25.8159
372.573
56.0992
21.1661
489.509
-205.114
-27.497
-1.52971
-2.29825
230.714
-206.224
921.533
240.884
-40.9144
23.6544
-27706
-169.432
-47.4524
-45.8933
-104.916
-116.475
276.237
57.5351
2605.97
-22.6104
-132.918
555.036
-184.433
111.84
41.6469
-139.387
-66.6272
-534.891
-11.0125
1444.09
33.7706
-397.327
100.6
-62.5499
-57.6426
38.6459
80.3558
55.8763
30.9278
-1042.24
-110.305
-108.61
-53.3849
-308.189
31.6813
424.781
-67.7499
25.4837
3285.7
-201.521
61207.9
836.969
-153.435
116.727
109.759
10.4744
130.797
159.769
-156.485
-30.8834
649.645
-218.722
-10600.2
-118.087
-49.1352
-206.898
-17.3348
-32.3151
-809.994
-62.3273
-321.186
513.967
-199.929
62.5729
169.654
-1634.29
-58.1413
-115.101
-38.8688
70.1076
88.739
-478.895
167.2
-36.0462
40.7318
82.4829
6.21926
92.0053
107.474
-506.632
30.5667
359.993
88.0819
-81.0414
85.4247
-68.4047
-568.856
-42.7212
24.42
-21.2706
-373.336
-11.4919
-132.248
-56.6491
-12.2138
233.738
-516.806
-47.9436
-911.328
-766.333
-1781.39
1867.52
225.958
-44.623
34.5208
-160.979
746.52
-117.044
-94.4275
1518.85
-150.093
502.33
513.482
-18.284
3.2256
-129.923
106.461
-5788.67
-42.6243
-110.782
-28.9421
66.9563
-124.303
57.8895
-110.615
-371.663
-80.3987
138.458
-117.689
-201.919
-155.119
11.6653
-183.424
-116.608
-26.4871
97.3293
-32.1595
312.383
160.209
-130.411
132.64
31.8476
19.9021
5.76379
-30.8023
2413.17
3.7806
-105.919
-72.7405
10.0312
-142.035
-149.997
233.249
38.9146
-12.5279
-448.962
39.0414
-1805.86
44.712
-207.826
6.50906
-43.2364
-502.545
21.4201
25.2907
43.4759
9.83491
2777.39
-6.80299
-26.7094
21.9765
-125.442
24.6711
841.706
4.228
-1640.75
503.601
663.866
-28.6516
1066.04
304.25
635.401
-1129.39
44.6669
-62.2215
467.704
-22.1489
4.32435
41.189
88.1613
106.643
-43.5996
-105.763
-108.75
61.8411
145.722
48.5057
-66.6511
298.067
168.92
-121.372
155.212
56.0307
54.0184
-11102.2
99.0035
452.947
2612.83
88.9063
-61.2462
12.5814
31.3483
16.4373
-46.1805
-48.5021
87.553
52.1431
-111.766
98.7386
660.809
143.822
-393.048
20.3993
-27.6134
-780.434
-282.764
230.292
-392.088
-514.663
444.982
-465.581
-6.28311
14.5058
50.4458
-52.3101
149.877
3.12572
-117.698
-53.5259
-203.13
132.607
244.009
1266.62
260.811
-223.435
-141.657
281.595
-91.7598
-406.415
32.9209
81.1197
-89.3225
-72.6754
70.5876
-72.6479
20.1635
3.85718
53.7348
81.1299
54.0946
96.5978
-113.63
-103.206
2366.74
95.3064
2.57636
124.554
241.338
-413.995
63.032
-574.563
82.0827
246.574
64.5619
-58.7891
-63.3422
1421
58.7492
946.445
-186.506
105.858
90.189
-157.191
-272.515
62.3637
-100.063
-40.3801
-60.8675
111.285
-49.8366
-340.74
-88.4164
-470.269
-64.612
-2007.33
675.187
51.4498
112.409
203.679
62.9087
88.8824
174.624
-382.945
824.766
-475.351
85.0748
-193.252
36.102
-1601.98
81.5038
-61.861
-568.289
1027.16
-354.955
29.9632
802.154
76.257
-65.639
19.2165
-175.073
-352.104
-27.5357
-158.718
-295.423
43.2137
41.338
88.1594
-65.4844
92.8411
303.478
127.934
-144.295
606.748
-41.183
168.774
-79.6965
-245.552
-192.961
-1275.98
595.923
205.768
-45.1806
-20.0901
-138.762
-27.9579
84.0399
321.596
7.16759
-62.2356
666.886
-31.4923
-166.29
-652.019
-867.296
-140.819
66.8754
893.411
165.873
150.988
-20.3095
318.422
-388.51
275.276
71.2302
43.1771
102.746
540.014
-2219.46
-50.8173
17556.6
135.905
292.033
118.604
60.065
-11.8833
51299.5
-89.7529
-25.7657
95.9114
-167.846
-5.55107
-43.5385
24.3867
-38.8078
858.302
1524.27
-6.5351
-50.2262
844.824
257.394
3.74348
-195.874
63.1114
92.7194
-2.65147
-87.8035
-5.64228
-4.20147
-206.732
57.3262
848.566
2466.47
-7.68315
-16.589
26.2389
-14.4915
-167.631
-222.872
-126.288
-80.3372
147.76
-81.8508
-1812.54
68.9561
34.7599
-136.145
14.4747
-63.4986
56.9066
-16.4682
23.2526
-32.2643
-66.9568
-40.0903
-267.376
24.8697
22.3632
324.478
-154.807
20.3066
-90.8446
-145.676
137.426
-28.0227
98.0278
69.0652
122.069
22.8049
-1882.3
246.327
-115.15
-5152.27
-96.9937
368.488
84.9317
283.216
-157.814
281.735
502.148
-682.212
-8.46161
75.0486
-14.1561
18.5345
-707.25
-179.111
-40.8156
-240.733
16.1814
44.8776
-20.4377
-8.03021
-269.766
19.2291
54.8458
-29.9634
157.648
-76.0277
54.7092
-24.2699
1.98343
-87.7113
-69.772
3750.35
-76.1642
-6.13953
-2015.42
39.8461
-14.8382
-81.2482
126.058
11.0246
59.7238
41.053
-50.2911
64.4113
-270.642
-5.28331
42.2239
9.19251
199.617
-673.934
26.6186
760.275
57.2779
23.8775
149.035
-86.1187
75.8365
-32.3592
3.5942
-299.446
-0.580189
-32.2234
-143.27
-185.476
68.1519
179.14
-134.788
-91.0646
-110.862
442.793
40.6077
-254.925
8.99629
-371.539
-1.55046
-21.8751
-86.4702
-21.009
1435.22
-275.323
15.3871
233.139
-115.751
219.988
-1222.24
6.49193
63.8476
87.3602
97.2071
-62.054
221.752
52.9865
-89.1153
54.3947
-550.093
-81.1734
-387.661
-108.963
198.129
-43.2267
-55.5636
-433.81
43.5835
-53.1759
-502.607
-29.9146
-102.071
65.7596
453.547
-136.607
-516.297
-8580.75
-903.296
-105.501
44.9167
-138.009
515.805
-120.818
115.193
-14.6032
463.26
-237.229
-159.718
25.5977
-98.4102
-143.249
312.274
-95.0763
1204.58
71.5423
66.6082
201.256
63.1488
129.551
-57.9184
20.4702
127.223
1508.74
267.388
169.35
156.511
40.3799
-862.916
-203.083
-227.878
124.507
81.6128
34.4368
-27.5876
-182.093
496.053
-14.2914
-333.575
-36.6385
-176.32
23.7931
159.656
-36.1284
91.6207
273.578
46.1397
-27.5068
46.8646
-67.8376
36.4656
-106.086
191.757
40.9682
-72.0416
141.727
-544.85
7.53696
-9.1053
-338.034
1.30392
165.291
38.8844
443.615
292.312
179.711
-94.9723
289.543
1.35663
-71.3206
-18.9709
-216.764
-770.979
135.72
-228.806
273.105
-34.196
-38.8399
-85.7611
85.3458
-2.15307
-19.9132
32.7506
-81.6457
147.921
-116.769
158.954
-126.471
459.174
-321.065
599.055
-42.5243
-41.0481
-42.5367
145.744
48.0533
-160.406
40.0394
75.7656
2.58439
35.4394
62.3172
-466.018
-1481.99
114.91
-94.6515
-80.2016
-42.8619
22.2066
-208.713
173.337
19.5924
78.0452
21.3585
299.687
-196.44
-60.0034
-116.319
-302.808
-243.184
34.9782
263.892
32.7142
-6.19881
244.475
489.388
105.896
205.269
135.432
164.158
-64.3693
-10.6604
-81.7507
391.802
2.22952
167.336
10.9141
0.887281
705.705
-107.009
21.3155
-310.917
33.5381
-30.5373
116.006
99.1852
-61.9183
-44.5941
56.6235
44.9567
-560.714
29.6424
732.664
34.1346
-1804.48
-629.685
-230.575
216.094
-127.618
16.3648
171.703
68.4923
-1022.3
625.189
-24.0904
-156.733
130.414
-3.29468
-281.75
-308.179
141.661
-2241.11
145.588
95.5558
-12.9575
-42.5239
-317.696
-48.188
78.2413
102.463
-59.5189
-95.24
7.3184
210.619
-40.8997
-305.1
-36.0295
39.3095
85.0004
-404.587
778.122
10.4819
-90.7032
-381.062
1978.93
127.015
168.335
1347.36
-32.6734
3676.04
471.31
1528.13
70.0188
-10.4836
-18.785
133.626
-82.161
-147.407
100.899
38.9086
-5.25704
51.2216
49.9479
-37.9053
-87.3606
213.215
408.77
-139.705
38.9263
-143.404
-254.736
565.784
167.899
16.9999
97.271
671.325
120.406
452.994
-149.142
-100.033
77.0033
71.3853
145.202
48.9545
1184.44
-27.7979
3.59884
43.1879
75.914
106.04
59.9915
263.824
53.317
-78.8758
449.277
-297.468
60.4729
790.158
2242.8
-11.1232
135.614
48.0307
-58.7961
11.3746
178.138
263.684
595.474
627.539
249.44
43.0166
54.9376
-35.2598
-23.1308
1.34071
-883.857
43.1033
-31.3321
-1957.26
74.6522
12.1683
9.29466
-55.186
12.0106
36.1301
-44.1694
-73.7826
2651.07
-349.685
-173.109
-325
10.552
-93.1073
-96.3119
-794.922
-1932.35
64.424
-747.346
-432.656
-28.6888
-85.5341
-65.6691
192.616
-732.041
133.781
244.927
-185.335
36.2055
-98.9678
378.656
-66.1913
-119.317
-35.059
282.489
-33.6786
1325.64
-30.3473
11.5651
370.155
-346.419
101.988
1538.94
19.5786
-1568.09
1601.41
-16.4167
-58.6505
-146.034
48.4485
21.8016
-178
56.0529
-837.858
-64.9341
133.818
93.9094
-903.236
1860.7
51.3553
12057
26.4105
340.205
-280.355
-80.1699
-35.4763
198.621
-761.166
-846.173
-73.0206
-56.6788
-22.3289
48.6842
-290.432
40.3583
-48.2452
37.7732
-29.4014
343.155
-110.43
-4.76558
77.3843
-29.4257
257.287
181.433
-64.4212
34.9992
41.3838
-17.5801
457.207
155.717
-111.52
-13302.2
-140.998
-126.298
-66.2148
458.18
-271.219
864.521
85.2308
104.717
-1692.74
19.8533
-175.667
77.74
-71.9661
15.183
591.026
-114.792
968.976
45.946
41.485
165.331
-59.3208
-116.081
-23.8465
-245.957
184.035
76.526
6614.28
-821.799
-47.5378
-69.4513
47.2954
-188.25
-245.916
10.8652
43.6956
-16.7063
102.917
217.566
-67.9886
15.7384
111.829
-7027.26
-423.567
-38.0266
1707.97
221.368
323.236
-334.128
19.7486
48.7359
-11.9489
-163.116
-823.774
52.9684
361.652
-4800.86
-54.2076
-30.4572
-74.8016
-288.66
95.0633
-463.72
1170.58
-38.4195
-41.241
-2301.47
39.1834
-84.2329
51.9736
221.746
347.375
-229.162
57.489
-89.3351
26.4652
115.5
-408.221
-13.9487
212.688
159.878
4.45957
3386.27
-13362.2
-493.226
112.424
-151.03
-17.2008
222.602
994.278
132.396
1194.74
146.453
-58.6043
155.396
5.39107
-67.5253
-14.9196
-26.0601
37.3207
-234.039
67.9688
-15.0314
384.704
-773.678
-449.764
44.6518
120.384
-39.4845
-112.661
95.0678
-161.365
-74.3288
-4.59583
-233.174
-705.83
-78.511
-50.0552
57.7026
-106.269
136.803
45.1534
520.264
362.732
266.689
-145.277
12.5149
3213.16
114.276
6.44172
-27.5898
10.1289
4.76426
-2006.39
28.2659
-69.2775
425.95
-173.486
-21.2265
-26.4948
657.831
-576.801
1703.89
-207.824
171.25
708.45
100.474
-118.491
-113.252
-2240.83
22.5871
16.491
70.5552
43.0955
60.3536
-104.071
-561.22
-14.713
23.9509
58.0108
374.042
42.6333
-43.9013
-195.093
-241.635
1445.38
-17.092
-113.22
-43.2847
-16.4521
-41.8125
388.159
3414.1
-59.05
-23.8346
494.908
-600.471
-426.785
122.97
152.92
8282.4
43.4487
-53.1432
1.50016
18.7512
36.6362
-58.6263
-115.873
-445.124
124.037
-89.2553
-139.479
-48.4787
95.4575
99.2609
-74.7876
116.987
-651.086
-12212.4
216.125
258.237
4.42844
-144.376
129.605
-4.80746
-45.1539
52.3692
-140.266
-11.7428
-24.9777
119.446
-1027.39
-58.8285
70.8578
-884.381
34.4391
-20.8193
29.1565
-203.749
-261.704
6569
-60.1435
-68.5152
-40.6757
554.27
-66.7773
-40.4491
123.32
-8790.47
-46.9976
-111.293
86.9754
-31.6481
147.894
58.1764
-99.2064
96.0408
68.582
-149.798
13.8609
227.835
40.9643
2.8384
532.29
699.228
-56.6811
291.582
101.479
-137.127
-61.9041
-1596.09
-28.1018
-33.0483
-138.918
-2876.1
131.773
-436.44
-171.648
-56.4276
9.39097
8.13904
-385.075
-355.151
-423.753
65.1989
247.859
1057.32
877.349
-169.975
-21.3715
1672.63
14.6613
-1435.4
-44.7149
52.6587
208.113
19.8446
94.0468
-460.743
-49.4868
-201.052
714.164
-63.4048
-109.297
1653.57
-111.322
-54.3309
-125.068
-144.92
-1309.66
-70.35
-137077
-44.475
-128.302
429.346
-192.281
-104.588
79.7141
55.7427
54.8869
-342.161
7.02476
-36.2373
-454.375
162.553
-95.5367
-8.98009
112.639
25.6517
-76.3502
-260.393
69.3769
-69.5918
64.2291
76.6024
123.092
23.6657
-142.474
-219.413
38.8274
-26.3979
-56029.1
-49.2058
-1004.69
-9643.39
-51.3664
180.119
-154.45
-38.5445
161.799
-185.272
709.949
64.9033
-7.81537
-153.64
236.193
289.976
-270.806
62.1829
-14.0773
-83.379
-1504.1
-853.164
50.9461
-921.848
195.465
-18.2773
-6.83928
-53.2654
-12.9905
15.3455
-26.1571
468.039
-481.367
-256.727
-95.5721
-43.8027
9.30274
-965.476
59.2668
185.406
1323.94
-1270
9.28831
-593.789
-185.871
-295.532
68.4895
-1.55999
110.038
-392.49
-829.298
-568.049
93.1107
-746.416
-1346.43
18.1961
-14.0036
1076.92
-677.769
-135.463
-152.79
-68.9215
-123.855
499.683
46.904
-26.8205
593.358
66.5757
23.3974
-164.593
-364.44
-22.5405
-2106.31
10225.7
-65.488
100.706
103.799
-132.88
-95.8431
50.4115
-191.322
-99.971
-86.8308
434.292
-22.8634
-192.113
54.1436
-2.52233
-12.0595
-265.749
-592.306
9.48572
53.7781
6.50521
-342.394
-16.3025
73.2671
83.1772
48.8018
-165.639
0.977201
0.418439
32.5147
173.377
-79.7365
-18.7529
35.7081
-300.184
-305.453
-235.635
24.8731
37.782
69.8054
65.6213
-388.068
-213.187
437.407
-271.362
-57.3578
94.0606
106.081
9.1661
138.72
-63.3382
59.2468
113.053
176.367
246.72
-20.736
6.74932
56.8354
165.588
-363.787
-1297.9
14.4993
-73.1876
680.873
36.2705
212.23
-16.7881
-140.832
203.787
1853.5
-13.6915
3.79396
-163.023
-489.113
66.3086
134.798
94.7578
-134.669
-26.822
-264.183
17.3763
-346.316
112.063
31.1202
396.251
120.184
117.576
-142.702
-900.234
-169.124
-28.8246
-80.6193
-89.4758
-9401.34
-149.998
276.976
250.323
-71.3238
-329.965
1281.5
65.3398
184.189
-249.484
19.3994
-70.9098
-12.0457
-333.964
30.521
-57.5101
-14.7617
-107.737
-39.1066
-63.9255
334.011
27.8733
-7.0663
37.2699
-736.183
-1159.46
134.384
303.911
58.488
-266.849
-565.845
191.937
-27.6906
-47.9712
-101.506
8.22827
-364.054
-27.3227
272.371
-50.5371
67.0436
-371.551
222.895
-142.857
-301.47
58.8078
28.6747
-6.30491
897.349
62.1242
156.446
19.7604
-28.6487
208.139
669.462
-843.044
130.451
427.472
-83.4524
257.587
9926.32
53.8361
-29.1829
689.834
4.79457
-96.8969
62.6388
94.7716
38.346
-288.035
-627.133
18.8392
-153.68
1265.25
-405.384
-30.2106
176.418
93.5827
0.780121
-283.073
-360.047
123.099
225.802
161.732
-58.8054
68.8181
402.802
124.998
-199.591
359.729
-408.446
136.616
-505.033
-115.315
152.066
-399.489
-116.457
1220.02
-289.055
0.821413
-27.2693
-113.591
13.5154
-25.209
1085.99
-28.4455
29.0689
638.62
-124.076
20.2206
96.5572
86.0351
579.29
346.797
187.341
-38.6648
2040.57
-978.51
-13.5467
523.281
180.087
-52.0798
-89.4479
-161.128
-124.264
464.426
-160.658
-196.67
49.0547
-35.7917
112.297
-97.6843
-688.794
-8415.46
66.8152
142.834
70.1331
-205.165
-1284.55
39.813
532.057
328.115
-63.4555
106.734
962.179
-1889.68
156.053
-318.107
-1894.46
36.8913
-38.0901
62.124
88.9297
-489.345
55.0814
-26631.3
-82.292
-441.734
39.7086
-42.902
369.832
-205.615
32.7881
-172.333
205.617
-54.8402
-201.461
-52.9548
22.9197
260.723
63.609
-135.729
126.951
-1050.65
-1019.83
-144.071
1176.13
22.1546
372.457
-186.152
-9.5335
-73.0921
-331.449
10.2313
-417.33
-42.4094
-281.74
-418.802
2341.17
22.9494
-0.129762
71.8626
-37.5543
51.6333
82.3461
-21.7343
63.7095
-133.878
96.8676
42.0621
42.4514
44.1097
-84.2232
-111.476
858.357
-229.455
-17.0138
356.029
46.1312
19.0725
-71.3452
4.30547
304.69
-182.207
775.184
27.1145
-84.3621
-51.4479
3.72255
-44.6838
196.983
110.028
104.261
135.219
178.623
-429.761
-139.664
-142.99
-660.865
273.723
271.156
-90.4568
151.657
9.67048
-2.38565
395.697
2279.04
-101.891
1895.31
-192.788
510.385
515.835
489.492
189.133
-218.602
18.1911
11.6636
256.557
7.88664
-64.1544
1691.83
395.987
-98.1708
108.994
7.93044
-539.878
-139.267
-12.8129
58.9647
-60.5748
313.809
-40.7581
-22.9414
-52.5128
23.0776
110.937
136.998
556.288
21.6974
-44.63
459.148
154.776
-1060.96
-3838.42
3.29334
-20.3916
-27.8057
-495.325
-207.703
-11.4554
2.12467
-18.2525
-288.037
12.6552
-4162.42
137.685
182.395
-102.256
5.75784
199.072
116.03
-138.965
3.68739
-73.4307
-288.578
-186.358
-15.3729
44.1278
104.871
-147.633
-968.497
273.326
8316.47
-38.6794
-5.05269
-249.288
-90.9576
-6.23693
561.86
162.988
-754.682
132.647
104.132
835.775
797.754
203.674
-341.406
99.8817
542.28
730.516
-2929.41
-1745.19
-67.953
-15.1276
62.1505
136.98
-295.906
-44.5542
-134.048
-88.9549
-73.7354
-32.5207
-273.997
82.5662
246.813
-171.35
-0.0250598
154.445
-24.5179
-13.4362
-59.3622
353.563
5.08622
-382.193
-146.154
251.189
-6816.93
66.7673
-194.037
-2.60255
13.4672
-31.4859
22191.8
270.299
-73.2269
25.5298
-1.19474
59.1426
104.884
-627.416
240.013
-158.607
-274.342
703.576
-92.4305
29.8509
-2881.37
-45.6763
19.3669
14.5631
717.166
33.8212
55.3611
53.9198
-438.663
-32.5744
-11.942
-73.5431
107.831
-16.5386
-11.8223
-36.3044
-1814.83
-26.6668
2.79454
-122.684
-61.8767
-567.534
8.7405
-172.598
204.001
-26.7323
-1527.3
-35.922
-19.1872
-454.483
1.67913
-101.294
-901.733
16.8617
-192.651
42.1636
-503.138
-13.5824
-31.3398
-80.7148
106.868
-66.5098
-828.352
22.0871
-320.717
-667.045
338.055
-79.4096
-12.8847
387.657
-27.9108
-56.3005
-722.179
-84.2157
-13.3636
-38.5653
-225.584
-153.499
16.321
-465.672
-77.2832
54.173
-22.1939
-211.665
401.171
-196.798
-95.8792
59.2615
111.332
12.7386
364.502
-8.56767
-361.163
-115.376
-42.4445
-25.4852
-10.925
7117.54
-223.808
-23.8756
53.4501
-3375.8
-524.568
-624.102
438.888
-18.6166
-40.9669
-32.0495
-34.2575
57.2605
366.387
233.465
-8.49751
322.919
110.501
-979.476
-71.6791
230.605
189.043
-3.0102
-289.174
-50.3752
2253.02
-7.47681
-2.81249
84.6061
-37.3049
161.386
228.531
-18.6459
1.31587
100.836
261.211
-101.852
-72.2507
-2940.37
0.601057
-28.3603
-16.3158
-173.961
226.34
-49.576
-34.3273
70.225
-108.968
41.145
182.667
-59.473
-99.0641
113.1
-261.109
-48.5056
31.2885
-39.9247
41.5412
1019.15
7.99026
-0.685424
1777.81
-359.674
64.6026
383.471
1760.27
96.4338
392.709
-1166.3
96.5015
1496.64
-1470.49
-431.678
2712.67
418.133
-20.4529
-95.7286
171.786
-14.3147
1075.45
-238.329
-579.692
10.5369
-76.7112
138.473
-109.006
-227.136
-116.397
-11.6251
99.7502
-80.8352
-9.07918
-9.57324
271.299
28.9041
-195.656
508.495
-188.204
-905.68
65.4754
-577.857
-17.7153
58.5914
72.1041
154.294
-32.4711
-27.3479
-41.7748
-499.007
-78.1197
119.173
-284.08
110.895
-157.41
3.19027
131.544
159.813
-330.208
76.4418
140.909
68.8789
59.5883
231.273
-66.5051
-455.873
-236.725
101.297
177.571
36.5827
19.9446
-113.011
54.2106
-106.666
-221.454
-74.9869
21.8292
-274.15
-227.303
120.246
150.691
41.4666
80.5651
270.591
-113.935
-271.912
-99.2224
-207.325
-59.7202
84.8189
-2133.46
-36.3034
43.0551
105.738
-220.622
-31.126
993.678
-50.1118
-29.467
52.4322
-17.2327
-39.8192
-284.835
96.5104
-620.457
-86.829
-2.85327
169.278
-1832.33
-277.85
-72.0241
-285.425
100.588
87.1984
2169.08
-44.3525
151.962
390.701
-196.181
-394.357
-10.6324
-11.7326
-83.8648
63.648
-4206.35
-69.4376
-213.394
13.2788
2.09535
-112.215
94.5333
133.013
-176.44
82.6978
-96.1887
-329.124
9.52394
6.86735
466.203
-8.87521
688.127
248.066
-164.252
-215.56
16.792
-25.1487
192.989
93409.3
49.2397
-593.66
-672.56
-55.993
59.2755
-36.7423
-8.41514
-14.2837
52.0594
884.163
116.447
449.21
-14.3029
-360.12
78.2192
-110.174
-647.529
291.479
35.5607
817.126
-214.942
166.937
-191.389
-5.44022
29.0744
41.0326
-1.85804
-261.998
-459.439
814.249
739.279
40.5973
-1300.12
-144.059
30.9534
241.453
110.62
526.512
32.9901
634.362
3050.85
224.469
696.83
-23.5272
3.67511
-303.791
-181.025
-72.6056
396.985
27.1416
-37.3598
-161.575
-349.982
6.16925
-10.6697
23.2819
301.223
-187.831
-303.735
38.6411
-144.076
79.4794
61.944
55.1867
49.6913
-371.23
-28.0498
-272.382
13.0009
50.5545
-5.279
-6.02554
15.4519
200.648
15.152
113.594
50.7142
-20.973
-150.287
-978.685
-430.624
191.992
-164.781
-34.7891
409.785
-406.649
-586.829
-40.387
-8.28125
-43.5197
430.386
201.17
-89.9787
176.226
18.1155
-734.931
-88.1109
299.143
260.679
320.61
99.993
-111.922
-139.759
-334.812
-384.311
829.763
-48.0495
-73.6338
-390.711
76.2697
70.1932
-767.7
-141.65
-13.1009
70.3662
115.24
-13.3461
-50.2161
-284.647
1.62609
24583.8
288.924
347.555
254.308
73.6356
-171.83
177.331
-34.4848
-36.6722
-365.014
667.243
141.624
-37.2633
-84.6005
127.917
153.752
85.7825
13.6593
96.3793
-65.075
-5.27598
18.1491
-757.626
168.859
-71.2856
-791.896
-299.49
-45.1518
-146.504
-0.0482444
135.765
36.9715
-229.469
244.585
477.631
-79.1601
850.722
-246.461
-112.221
24.2996
-132.363
72.226
130.21
-179.652
-343.177
-103.22
25.9374
-126.524
-249.795
203.49
-165.775
465.301
10.8189
114.752
-572.754
19.8664
-2114.38
17.8889
-80.7453
162.682
-165.496
57.2405
-62.948
1049.45
519.383
-45.7004
-227.769
338.473
207.141
-769.405
24.4527
-148.574
361.22
-47.7292
-214.615
5.49185
49.4177
-8.91
117.202
-573.874
-678.047
-2550.18
202.397
-45.2447
-82.901
-42.891
-211.658
-20.281
55.8848
-10.5696
66.8246
-71.4583
-122.558
43.85
-254.245
1.89902
55.6888
-63.6168
58.6813
4.63023
-273.063
64.373
-2204.37
-15.7741
-0.361916
74.3019
60.7452
-52.5696
-5.04367
73.9174
-549.387
159.716
-539.69
20.201
90.3255
-142.985
229.474
-16.6622
-39.4893
138.568
13.7517
-48.8441
12.9352
-50.3473
-282.3
-223.981
5.364
-124.007
137.581
33.6885
-84.5111
-1.07444
55.6865
912.358
181.481
5.7973
-47.9455
-218.022
-173.61
1331.74
373.755
-562.095
381.561
94.4085
-79.12
-20.3816
-142.587
-26.0847
6624.87
-416.169
136.998
-125.127
398.536
-19.1753
749.871
-332.896
597.698
-145.619
71.2236
-43.3824
256.767
-7.39824
-48.6277
-38.7849
224.73
54.8088
-10.1227
124.749
-55.3456
-239.337
95.7612
-75.2142
-209.761
-483.688
377.336
-79.2224
336.013
104.103
211.873
6747.6
-20.6586
-260.953
13.6097
125.627
226.302
45.5485
-25.3181
9.21326
241.165
-1.72177
-152.179
78.6159
-38.4816
23.5049
28.9828
-83.5607
82.3702
-37.7973
-36.2101
1688.84
310.343
-224.709
155.336
391.929
191.821
-99.621
-43.6412
119.078
-121.264
83.6488
0.193208
-294.074
-36.2116
391.39
38.2264
107.394
-386.747
-1974.87
-38.5643
-366.183
418.736
247.541
-109.174
-56.3959
-124.547
-158.083
-277.022
-173.013
32.886
-48.327
-19.7779
7.05152
120.546
99.3499
58.9288
210.19
379.456
347.637
-23.9219
124.857
49.9495
-14.7224
327.832
-142.917
-61.5691
33.6881
-411.402
-29.4285
-27.1565
-81.9399
-31.9307
-50.2202
-282.372
26.4742
47.7553
199.317
-215.013
-22.6981
84.1065
-375.829
64.5931
81.1445
8.06354
56.0193
-281.655
695.211
-762.128
-296.864
6.26185
245.895
296.663
-343.606
-9802.99
-166.071
23.2267
-81.5876
-83.8135
4.99044
-173.726
-126.926
11.3342
-52.2647
-240.287
-124.88
89.7321
8.2717
-80.7368
129.715
172.511
2.73266
48.2953
-83.1836
-37.3683
65.0417
-55.4615
50.0428
121.438
46.2403
63.044
-91.6624
47.2203
132.841
64.6444
-34.2703
-197.093
-42.6075
-123.23
22.0378
-393.287
515.505
-63.986
9.37453
831.849
-500.915
-532.86
102.518
2489.5
2639.66
213.376
-375.27
81.5091
-21.4819
-149.403
98.9423
-152.711
118.322
102.184
-453.215
36.6333
-34.1306
167.447
-4.47211
50.0541
18.9486
322.285
-227.941
-477.488
170.722
457.973
146.968
-165.321
-513.113
-177.234
76.216
460.239
-5.90365
-144.15
10.7701
-542.56
-74.2761
-18.7831
67.1474
53.6071
-33.707
125.598
295.65
-186.853
43.4999
-308.896
-439.366
145.624
555.581
19.4903
34.6353
-70.1747
-429.233
-6064.01
-29.1356
116.866
-50.3477
-123.218
-862.217
13.1247
-209.995
45.2681
-78.4946
122.721
-622.612
-24.1771
2.53336
161.644
-69.0043
-1296.98
11.8129
-208.569
44.6795
4.30431
-955.45
292.341
-467.873
171.81
101.005
85.8449
158.607
134.507
-2769.34
82.3687
-130.287
214.577
179.349
86.996
-12.7101
-114.877
-17.5553
-2047.13
-50.3222
-760.634
36.2698
80.6936
29.4581
-80.9268
109.163
1.5191
209.712
-209.477
32.878
-1530.17
-131.685
35.0066
414.485
566.829
35.9597
-44.4399
-49.9509
-148.763
-364.826
-674.711
55.4116
99.3301
-158.202
654.929
-38.0451
434.608
-1874.42
-78.86
-49.1385
92.1701
-372.431
90.353
-130.386
-46.6021
-73.0463
-45.6473
21.1307
-598.277
167.751
42.7332
-1.62583
-387.167
-52.5152
-1850.02
113.087
-148.915
-1220.73
422.567
-65.7253
-757.17
-128.353
20.4829
-11.5188
-92.5887
2561.85
363.921
-304.676
29.0616
95.919
184.123
-96.5018
-8.77749
25.0164
140.549
185.604
480.238
-231.117
33.9247
862.918
-32.2956
-70.9719
72.1461
81.661
-315.959
55.662
-94.3932
44.17
-89.6089
2109.31
-305.906
-29.1345
-691.747
-10771.7
89.0292
-30.0127
20.0086
-1.72317
5.44507
159.725
-7.27113
99.2424
332.855
122.203
-56.6193
-116.285
112.169
161.975
-46.3839
-203.507
-337.106
-139.192
-46.1333
-195.61
67.6588
-43.4373
69.7611
26.8752
218.502
495.372
236.2
-85.3396
280.509
26.0926
-43.355
-46.9904
59.4896
-59.3575
75.7426
-108.749
-60.4687
40.7358
161.923
-91.5463
-30.6176
516.218
-29.5434
51.3918
-981.041
-48.5857
350700
-93.4296
47.8939
-23.7652
64.9756
40.4228
1862.62
184.242
85.0355
72.7102
-230.977
-70.2633
-35.7409
15.602
-583.932
-92.2894
36.0991
-36.578
42.7902
-20.244
-2203.88
-67.4757
24.5514
-159.832
107.331
185.206
-112.624
309.813
119.065
513.896
-163.939
-830.478
-532.474
625.064
112.551
-92.589
22.3404
28.3325
-0.473878
-102.14
77.0477
96.7617
4.01646
146.186
-334.509
-420.949
107.431
397.164
-121.699
51.819
-318.473
133.179
-111.398
-16.4127
-63.1638
-43.3297
0.333304
42.9272
-18.093
-367.092
-194.459
148.303
132.826
338.156
11.7008
-69.3778
-18.4799
-70.1593
-664.467
9.53183
325.73
-139.83
-451.716
-15.1624
357.616
-27.1454
10.2988
128.424
-146.446
-15.5722
-234.603
16.3732
59.072
-43.1842
716.817
45.6709
184.164
-48.0713
155.015
-457.737
-211.294
124.949
-75.7667
-77.6409
-79.4978
56.7335
131.018
-67.8748
-68.3058
24.6178
9.97072
-33.4346
71.3307
1028.32
83.3567
-6.48676
-891.17
-742.873
17.617
47.0311
65.905
-150.272
-226.08
-298.508
223.537
426.828
58.9951
-1239.07
-51.8745
49.8206
-100.813
-51.098
74.0818
141.092
315.586
36.5629
99.6325
-43.8686
-98.9233
-37.2722
-162.33
-1652.27
50.723
-48.8423
491.441
-319.004
123.177
34.2431
59.4543
22.4225
93.2721
7541.65
-2354.45
146.879
-88.6051
-14.6176
-19.504
-33.1522
-387.661
142.959
93.8918
-108.341
89.0291
-2.48613
-73.771
134.865
76.5867
-199.659
41.7018
-20.5762
114.429
-12.991
165.588
-22.6407
529.596
49.256
409.199
-74.4155
-89.9272
-104.619
85.9204
121.981
73.0869
25.0764
-172.43
-116.211
923.679
2.14753
94.0811
-438.867
-603.104
-91.4786
131.482
-10.823
-50.0454
-117.114
3.75241
147.411
450.638
210.215
81.0289
135.729
504.324
66.9722
-107.524
46.4152
-67.7309
205.58
-68.2237
30.0458
60.4672
32.2383
316.725
-301.492
217.949
-863.339
198.632
-32.8138
74.8714
197.306
-148.533
-270.336
18.9664
13643.3
223.518
-127.657
-88.3794
94.0793
-15.1512
200.477
-186.675
-540.868
42.9761
-40.4679
81.9394
495.879
240.998
78.898
111.092
1586.51
17.8146
-184.412
-384.804
83.5183
68.9983
-23.3504
-29.1165
-114.887
-45.5886
318.174
-36.9071
60.9233
7.62739
142.263
55.5349
-248.57
-241.332
32.4155
-22.6398
721.494
60.3972
-6433.3
81.3451
391.34
-225.865
-3.79285
74.6153
-147.453
-92.4668
-9.93813
-1.39938
-112.453
-15.9244
76.5951
-27.4932
18.7763
-43.6451
50.8356
43.0875
67.5104
106.431
-96.7967
6.6212
43.1993
24.6962
-50.064
-97.2975
173.635
-392.165
-615.611
516.546
-10.0724
6.0875
-668.336
854.748
-75.9677
-1616.33
10.7621
159.753
125.418
29706.2
-940.829
-20.9948
79.7381
-14.1145
55.0483
-94.1266
-152.717
-46.3308
95.258
-176.522
294.998
-39.6469
-5.05901
-299.679
-9.12092
15.4654
-28.317
-210.177
-168.322
-125.779
-220.873
-75.5484
-72.6906
-54.3169
-107.073
51.5965
-56.8443
-40.5548
184.992
-67.2574
-159.976
274.227
-24.9574
188.537
4.31697
29.607
53.9545
104.947
-220.251
-212.235
769.54
17.6612
-73.788
81.6773
145.442
491.169
136.982
-60.693
28.1316
25.6428
71.6226
76.6794
129.658
84.2931
306.282
-45.3971
81.9607
-78.3859
256.717
56.2363
213.957
-78.9356
-6.64036
196.679
167.467
81.1986
-61.4259
426.789
124.91
20.2012
98.8491
39.9746
-672.299
77.088
5.72493
-55.735
-162.746
337.92
-130.84
152.219
-153.517
-7.29567
-12.1983
88.7159
-65.255
116.704
-126.069
-962.855
-82.9615
-195.379
129.292
-49.8161
4.34168
1159.22
-137.551
269.868
-91.808
-44.637
-111.943
36.9359
-338.269
-3243.15
-53.4284
179.654
99.4341
-1492
-14.4799
-2631.66
-676.672
-376.005
166.06
-126.325
-124.156
1391.54
566.232
46.7288
-480.453
57.4701
44.0827
-125.828
-177.399
-9.00295
-919.315
5026.89
419.221
-231.646
-204.808
-2296.8
-424.738
-42.3003
1.05981
92.9763
-174.243
-148.187
-4.00571
-64.3738
113.919
143.034
-18.2285
-108.955
-0.00674072
-142.405
-3.76635
-67.7684
5513.87
44.8091
-1918.22
141.21
-202.431
48.5142
467.242
-68.4889
-416.124
280.552
-56.0335
18.9088
16.3068
7262.45
-153.84
-587.113
14.1305
99.6907
51.0057
134.687
-417.968
29.6287
11.1446
73.9551
-54.8552
90.1174
105.724
-31.5249
28.5081
266.277
-138.651
-9387.97
-8.43042
-114.064
0.863267
-471.892
203.051
-92.9663
85.4854
-389.949
94.4338
-6.08746
5.07337
-19.1795
-19.1527
50.3703
237.353
-186.101
-18.9009
3.23289
19.685
-119.429
59.7364
-261.958
-26.2431
1650.05
125.225
-5326.99
-490.54
-9.66331
101.303
23.1364
-0.400724
24.216
407.715
-4.31786
12.9062
-142.497
-1048.49
-695.209
186.483
-7.43251
-669.554
540.656
24.6753
-1232.7
30.2167
901.502
-174.567
-176.916
309.939
871.456
-176.91
68.6871
28.3912
-508.38
73.3034
-154.833
-729.143
5528.25
71.0749
69.5918
51.8475
127.614
98.2284
-59.1595
-60.214
-15.4131
1115.66
44.9982
10.903
59.5837
1833.07
47.0316
-486.368
215.928
-97.6397
-80.2845
32.345
440.116
165.511
262.387
286.39
83.7258
1467.48
-26.4083
89.2781
114.209
-329.937
-821.886
90.505
182.416
-48.0657
101.438
-487.891
78.7955
1219.4
-94.7325
20.6158
-753.98
50.3542
-96.0587
-344.065
30.5325
181.454
-5.56366
-271.994
-2164.77
32.8773
-60.3691
-404.763
101.656
-98.0154
96.2057
-80.9203
-90.9511
248.58
30.8756
-367.922
37.2681
-7.69645
490.104
-159.348
-8.15706
2476.1
-151.269
-9.69053
-76.3189
3.71542
-49.152
370.55
37.7896
82.4561
-10.703
-12.4119
19.1646
211.27
35.779
912.015
402.955
83.8478
-12.3449
-3.70225
-55.5196
-194.785
461.867
-1051.5
-49.1795
-142.17
-430.053
27.3199
-89.3738
-104.927
343.108
10.4254
47.3757
-62.7435
-163.169
22.9658
-122.572
47.8645
-60.1157
-152.392
108.543
353.726
364.65
-210.993
-2038.17
-83.3462
102.778
30.2367
49.8049
326.974
4.99052
-139.661
-12.811
-29.5123
-202.449
-137.711
70.0772
22.984
19.6479
-72.2677
27.1736
-92.3467
84.3819
147.922
2.2227
-30.9955
-123.212
-73.7068
531.06
-30.4337
-21.3036
-135.283
-396.095
-30.0495
208.594
12.9944
820.771
-85.0338
38.7222
132.145
39.1517
-474.247
-11.3861
-84.5691
30.6054
-13.1032
70.6002
67.8697
247.723
-133.268
-78.2757
28.7436
-124.604
-6.47258
154.82
-140.399
852.526
-98.0028
-214.922
-55.2224
-1129.1
1.83505
-42.3637
228.662
230.058
-20.3945
289.501
-73.0994
-377.27
67.6016
-95.6074
200.547
-163.68
172.254
58.2704
-161.19
216.992
-104.511
-150.286
50.4458
-11.1958
242.24
-77.2352
19.4249
-12.0247
-67.6176
8455.68
37.7174
-882.022
0.745897
1064.21
22.9052
512.559
390.906
28.4796
213.827
37.4485
22.6211
-45.3795
189.161
97.642
15.8519
4676.92
512.377
-36.2332
142.772
8.18509
-11.8167
-80.0158
-117.611
124.129
-360.377
256.854
32.4902
-53.577
-193.399
-23.4374
310.84
-14.0045
-49.881
-307.244
-240.233
391.855
-1324.87
283.612
-50.5496
-152.148
-172.184
-124.452
2772.55
-27.9495
970.78
-117.071
388.697
-57.1742
-138.306
-1098.1
30.3769
1356.35
-298.314
-65.3726
-584.591
35.7215
134.139
119.704
61.2918
-48.1395
-36.0091
203.26
-354.378
-148.376
1.37487
-4.73087
167.526
25.4462
-2.74526
-543.694
-175.693
449.568
-86.8491
97.4124
-902.982
33.81
44.419
326.45
-129.551
389.803
-157.191
-25.0019
-21.4696
9.90266
-122.52
-182.107
-237.976
-20.6664
254.738
-331.021
-80.6166
314.922
49.8644
66.5288
-470.92
-27.2396
499.767
47.3024
-232.664
21.7491
-219.877
-66.0143
395.088
26.4767
35.2495
235.479
-54.2785
-269.145
-140.068
117.156
-103.793
-398.433
-71.8265
-16.8768
576.773
153.484
-37.3298
115.784
35.6522
-67.2034
-293.183
-9.05163
-299.545
71.9851
-178.147
276.785
289.877
-670.193
15.4176
66.4658
-129.551
103.779
627.398
43.8849
-37.0399
-101.259
-25.1949
78.4333
-4.58422
-167.151
-51.9093
-7.49499
4529.59
-19.149
-78.1583
-32.1492
460.097
608.747
-29.9077
-23.1663
-158.77
60046.6
-39.4474
33.5314
-185.433
152.767
76.7942
94.2347
63.0179
-64.2097
-30.6466
131.175
-127.171
-761.838
-40.2859
-263.759
50.2552
-44.4838
110.3
113.156
-33.7615
583.899
-547.22
23.3482
-134.595
802.186
-27.8535
84.7295
811.864
-159.197
201.114
63.0578
506.753
469.81
21.6067
-240.567
-65.0791
-569.522
141.65
-122.099
-97.0244
20.0359
-1766.96
-40.2135
63.1075
1163.42
184.466
48.2274
227.403
-132.799
-1.42374
152.591
-130.04
-39.8701
258.554
-4260.66
48.2823
-16.4971
51.3357
-423.228
-12.8558
80.2471
31.5692
29.5309
50.5711
63.7563
234.512
-118.644
82.8309
358.962
90.6114
-20.9558
85.8164
-61.5148
50.0067
-18.2994
-106.147
-77.422
-302.577
232.882
-78.0722
-172.711
-70.3587
-15.9937
6.73835
41.9857
-402.204
-1398.27
-459.836
-373.571
-30.0645
55.8356
138.702
70.5073
-199.094
-174.854
13.2922
18.0814
19.2261
-226.702
37.0071
11.9596
25.0814
-134.996
-687.279
-11.8434
1024.89
-73.0888
-69.358
5293.82
-446.708
-5.86322
-291.707
-103.196
-86.9441
-3.25813
-42.2953
-69.2855
-469.266
-2806.45
-151.206
193.885
43.0639
-127.055
116.651
33.06
21.1379
-159.436
-136.197
169.289
-238.939
94.6784
132.022
-463.649
11.0868
-548.011
-701.179
40.9137
-278.464
14.0872
98.5043
-10.077
-41.3369
386.336
-7.70006
-204.302
-54.2782
-638.217
354.241
-114.153
-168.581
-13.9365
-117.829
-245.774
-2.94665
708.284
346.769
221.591
574.389
13.5167
121.018
-245.308
66.955
573.632
146.004
-182.468
-1190.25
-30.5976
-33.1808
45.4278
-6.04911
-52.1359
97.7155
-25.2237
1069.25
-17.1693
-214.112
18.6098
254.108
4.45754
70.9481
148.289
109.648
111.194
-124.035
31.6331
-139.481
-90.5342
228.806
-1.4282
-20.5452
15.2382
33.0421
60.0211
-11.7047
-454.063
42.0677
-96.3087
100.915
15.4739
167.498
70.4697
-99.6247
81.8128
-15.7977
7.85131
-30.5007
141.176
4.58927
-65.2703
140.411
244.866
-37.1904
-787.389
-747.306
27.9703
-51.629
128.095
24.8005
-153.375
100.594
108.681
-28.7362
-148.933
-224.432
-133.344
202.891
-92.5965
366.19
111.529
358.637
-219.21
239.614
73.4513
134.979
-63.6756
-1720.52
-74.543
78.5119
-246.478
-57.8943
75.068
-6.82849
61.1166
-111.802
8526.31
142.517
-50.1131
-241.141
236.8
-13.1212
-35.7887
-345.103
108.924
195.867
2.77682
-280.304
376.961
591.183
19.8402
264.356
7.00456
85.9359
60.4857
-180.74
224.89
-98.525
-14.6707
2911.1
-37.4726
46.653
20.5447
28.4594
-102.533
-109.584
-106.188
-48.3951
35.4289
1.73081
-11.2674
-4347.02
16.0308
-60.4514
-1177.89
487.756
-10.4695
132.706
-398.55
-458.46
-289.205
-93.1119
-68.3087
-57.1741
-1389.28
-500.892
-123.951
206.491
-65.6731
-351.978
639.748
-353.009
288.758
10.4111
26.7952
-1.42994
-99.6464
-145.913
-30.3745
-20.0052
-456.024
-100.883
47.8281
-103.764
-60.6111
97.6655
-58.985
397.785
-220.229
23.4732
-92.0954
-919.003
285.754
58.1545
52.4889
354.999
119.455
-774.206
94.7237
118.172
-9562.74
17.1631
157.229
5991.38
-17.9428
-1848.24
-39.5559
-325.774
-369.505
-369.268
96.9784
209.625
538.308
-31.0151
-355.9
-235.394
-5.09024
121.338
-244.337
151.056
-134.259
-55.761
-6608.6
145.896
1510.36
-15.98
-63.8498
132.047
-1111.06
-16.5651
-473.543
6.22724
1.28806
34.9174
-418.05
-27.7707
88.6366
49.6429
380.518
-291.907
-98.3226
-127.425
291.666
-0.470687
-6523
-692.189
271.469
-68.2836
140.335
-19.2641
-229.642
-658.938
-9.89653
-375.621
-52.5637
-318.254
-358.438
-14.1956
-106.233
-1274.31
22.1795
261.447
-153.765
158.9
356.47
47.9592
-6366.82
-9.05231
-807.602
-1542
461.584
99.1117
3.51393
-609.121
-21.5442
104.858
-152.608
-105.408
-102.059
-296.621
36.0358
15.9896
46.7666
188.598
-128.64
41.1609
733.001
-81.9714
-57.8396
-20.5182
1403.01
-83.0326
1686.64
57.0255
-5238.75
450.65
-6.31776
-909.608
83.2875
-160.333
-47.571
-204.618
-30.0933
27.5957
-362.151
28.9166
277.45
34.6275
205.322
-155.824
29.8977
-47.9926
21.5038
-25.05
-1260.23
300.742
34.8419
-14.6321
-192.01
-123.625
-60.0819
-275.349
-60.0855
-102.228
55.61
154.536
-66.1266
65.839
509.358
31.4559
-332.054
21.0657
138.66
37.0971
-53.0961
-130.848
-56.9147
-17.4008
-99.5198
-52.2592
117.062
-172.093
168.449
-45.6584
-8.58012
278.169
-1722.95
181.267
-856.395
480.684
-281.232
-117.722
-159.44
58.0347
-32.2371
-90.1158
-9266.96
-31.3771
93.1844
85.9863
-29.0945
467.013
-1836.22
-29.2734
21.5363
-178.719
-61.4019
334.312
-39.0617
68.696
0.834572
-214.154
60.7717
-76.7649
-73.0114
17.4033
-52.9295
-5.76639
414.196
42.7251
0.756107
33.5558
-244.231
-92.901
187.665
212.631
-6.34338
-0.214048
112.375
-207.276
-30.539
669.3
-71.2682
-2.30774
-230.003
-184.035
-15.0866
518.905
60.3114
-72.8534
1455.14
3958.3
77.0385
-55.6633
-1087.68
174.335
210.813
-9.00552
-9.69811
-54.0188
-135.924
76.1912
-4793.43
49.1092
20136.7
-193.337
527.785
59.2502
-457.552
51.9919
62.0499
-24.335
-8.10448
-120.656
-110.443
55.9689
-36.1929
-16.4804
-12.3386
952.893
13.6437
-3.17061
38.9955
232.74
-19.6012
-10302.3
-9.54185
72.2334
-517.701
25.855
0.819139
12.6692
-2278.94
-13.2889
-13.4073
-2.0976
9.64665
103.085
-189.84
-6761.85
-139.074
6146.91
67.617
551.913
190.121
-73.9844
39.0865
248.831
143.913
158.215
363.777
98.5191
-288.783
79.74
77.2538
107.73
261.414
-854.819
-42.6216
-40.041
103.398
100.667
11.4646
-64.9763
46.6456
181.889
-120.223
84.6025
15.1758
17.7409
131.264
46.3965
190.03
-7.79251
6.05573
-166.67
96.3147
66.6238
7.57103
-1.52217
-84.199
-127.689
-97.4893
-51.5081
-56.1544
73.1833
67.9463
185.068
-320.738
-249.671
32.0669
-20.5558
146.619
132.773
-61.4653
40.5367
-78.6521
-13.2847
-60.7162
110.831
55.0663
571266
-462.372
-160.016
36.719
14.8575
249.989
84.5923
1114.56
134.16
-1030.63
-161.814
102.379
25.8551
-683.733
110.287
-37.8953
130.788
-210.265
189.323
113.853
124.83
218.103
-51.6498
-118.555
-60.2154
-38.7432
-217.833
-579.992
224.16
22.5692
15.3801
8.3142
113.306
277.616
-270.633
158.579
-242.563
264.57
-44.1334
-61.412
-620.482
65.0967
325.994
-48.5379
58.1625
-60.3866
-54.5224
-332.169
-569.62
-148.333
45.1352
445.056
-13.3606
-93.8317
-4.99988
-75.946
354.232
20.9555
-270.335
-45.362
52.5783
-254.504
310.377
-26.78
-425.189
-60.4456
73.8485
342.717
-478.038
-163.926
-84.4362
-391.894
-256.383
219.617
59.2019
5.57495
-83.3946
-163.104
-67.2351
-88.0036
518.199
107.821
169.258
461.501
36.1182
98.8448
-399.13
-33.412
199.752
-2366.53
-241.348
99.458
-19.705
32.7601
84.3483
-49.5913
901.819
465.16
-292.329
459.328
148.721
127.505
-4.08025e+06
-953.42
-11.4424
375.724
2.72529
156.123
-66.8447
-47.664
-319.922
164.467
141.539
50.0316
120.861
43.4754
-48.7088
-125.369
-1.0099
108.759
-375.883
20.1902
215.076
123.904
81.1105
-24.6877
-10.1545
-970.386
1656.94
110.119
11.7631
-47.1987
248.42
-20.2749
-47.1465
-115.046
325.821
-89.8314
206.796
3291.15
101.013
10.1762
462.74
-30.279
-289.084
-180.429
-114.744
67.0163
48.9327
-61.4889
25.9412
-1111.54
-21.5793
101.32
61.5864
-92.5029
-12.2348
-4353.37
296.289
-41.9858
38.9866
1.67345
-140.557
144.531
-452.454
-2389.09
-6.28965
113.675
33.9327
1148.46
528.718
277.585
79.8328
-51.7251
-320.071
91.1417
423.808
-441.855
-22.0831
268.22
693.649
-44.7993
-1206.74
110.725
131.189
-18.14
112.306
-108.445
864.531
249.779
-18.6794
-36.122
281.954
-158.857
-94.0213
-250.086
-16.8507
40.039
-36.9574
73.3103
-15.8329
-0.529366
-137.878
90.0325
20.8904
-3.22089
3176.13
-350.567
-48.3018
30.7794
11.7269
127.888
-7.43213
27.4643
44.2185
216.965
-994.435
-223.892
-20.7656
-143.208
43.8027
-79.5434
-5389.83
-33.9939
142.996
-150.377
-165.797
-783.616
-2094.24
38.8169
-81.6258
70.4066
-78.309
4.89399
323.838
-500.323
100.707
-5915.44
209.121
-22.1646
162.545
-250.506
88.2492
-1323.17
-27433.9
-48.8608
-69.2161
212.488
116.667
45.1838
284.332
1199.1
-26.4756
266.664
436.119
203.198
-334.573
-2314.37
1809.69
-818.998
1139.32
-180.738
197.089
-195.978
203.036
44.3478
472.463
-6.17467
-209.07
1466.78
-19.266
24.1013
-58.6948
-104.437
597.357
-112.864
-175.017
186.941
-35.0593
-156.447
54.5657
994.047
363.749
2.28618
68.975
-309.957
-495.051
104.814
-61.4911
-12.6604
-30.7622
-196.913
-27.3165
-196.604
367.293
-15.6387
47.5209
25.0995
-3145.54
34.7567
-10.2002
-46.8857
186.479
1167.52
-25.6922
-184.723
325.175
-536.875
-52.6214
-117.118
109.271
-23.6659
54.0361
155.248
-1917.09
-302.403
14.3985
-106.651
-51.2276
-252.257
-73.1503
-460.189
-205.831
74.6985
17.2504
14.2925
-176.228
-84.2065
1081.96
-162.731
-315.046
-6.67236
131.636
-39.5703
3.46182
339.539
59.7729
300.051
-12962.1
35.6092
-78.3813
-130.309
-164.353
-47.2438
424.382
2.98392
0.479858
-83.3597
-7.30527
-89.4561
251.02
7694.72
529.654
1002.68
345.755
-284.417
-124.931
-43.9053
15.6362
-262.269
960.3
492.08
379.826
-86.1814
-108.109
69.8368
-183.728
-29.666
159.436
-2974.41
30.9247
-2410.9
-50.2887
-54.4421
-91.6179
103.625
16.9932
565.979
8.3178
26.2573
165.881
215.401
-14.7096
-61.4988
-56.0873
5.36606
-234.529
-41.4347
-493.871
-45.7519
-129.659
76.3767
-220.562
-244.127
145.178
128.079
25.9637
2682.19
143.37
-28.7227
-154.113
-288.81
-72.0963
-82.8755
88.3396
-83.7257
-4184.51
76.7137
586.765
-197.272
-57.0391
-10.944
-72.9722
40.4754
-102.232
345.127
32.5503
17.3175
-3.91528
-17.1611
-431.098
493.635
83.0905
91.2373
179.793
355.313
19.0037
109.555
-91.7745
105.199
8.42878
-155.551
77.2953
19.7783
-167.061
-1071.83
-183.883
67.0007
-27.3492
2797.2
16.601
-221.97
21.6446
-288.197
88.423
-98.6322
140.2
-168.674
8.1477
-171.224
12.3583
134.353
127.376
53.9442
-271.974
264.977
-72.8618
20.4934
-43.1936
348.356
9.04523
-8.92148
-0.700722
-50.076
67.8337
301.666
625.447
-140.631
-18.3699
-421.393
29.8981
90.1135
-47.9921
87.7674
94.5545
1308.22
59.762
-152.554
-445.286
252.112
-65.0217
-13.1533
-58.7977
240.946
79.0211
-126.807
-453.517
-59.6373
8.36516
-168.529
-211.432
-72.1408
-15.6897
-4.54784
-85.9102
-279.1
-177.287
105.095
141.626
38.7724
-119.741
141.538
3987.99
-20.4694
197.606
-76.507
-132.956
196.604
93.6242
400.915
125.211
185.608
-186.314
22.0447
221.531
568.677
-97.7863
141.702
-19.7228
1.16729
-26.8836
-54.7491
-11.224
16.1419
-21.2347
-160.601
83.4013
935.209
-200.459
54.0817
496.831
122.005
-73.9963
-10.2742
46.2625
-2616.17
144.483
58.5904
-200.991
-58.0873
-50.5967
-443.181
82.1005
-97.048
-34.3607
246.763
33.7735
-276.76
-299.461
181.289
49.9894
-179.611
3.68477
-161.827
-149.25
-86.9208
57.8406
-208.747
3688.84
3731.62
-102.733
-2.63758
44.7477
244.255
-4.73428
-139.759
133.473
11.4086
-165.341
-221.143
-16.4845
-682.128
-76.9392
-309.045
123.127
155.989
-586.666
319.649
-92.9563
-65.5229
-290.757
199.726
-9.00505
162.326
-136.036
169.888
85.6982
-110.075
-742.899
400.81
141.476
120.413
50.9148
-138.07
49.8262
299.501
-3.67595
-69.3291
-353.245
-61.7177
337.598
-979.208
214.67
-845.584
119.318
-17.0033
-97.7489
-43.5051
-73.2802
-130.547
-37.8653
-313.902
-553.332
-50.2089
-660.267
-732.256
-341.178
-36.937
296.817
-922.537
5427.31
61.1437
-193.573
305.495
-111.101
-218.831
126.743
-57.3658
0.710145
239.448
-188.726
-51.0394
-43.5228
153.413
-456.656
-640.604
103.49
2886.02
-56.5538
-23.4595
-15.9489
-124.377
-9997.9
-224.48
345.65
-194.014
30.8098
-1976.55
84.8708
-81.2595
-313.072
-30.4435
-76.5473
-319.597
201.333
-261.673
-64.5419
-1825.97
-351.827
-59.2853
156.695
-120.31
87.5585
-63.8531
54.5213
2645.59
-4.75792
129.46
106.579
-117.915
45.1762
-21.0671
-43.4798
-3471.62
-8.95893
-22.7149
-128.883
-53.525
10.4971
60.5344
-73.0597
-113.757
-375.965
-348.237
-48.4407
83.3412
-402.118
166.996
198.79
26.3256
-20.0077
-20.9795
270.404
5295.38
48.6041
-252.822
62.897
167.183
40.4099
-3.873
31.6191
51.1205
36.7944
18.8828
336.321
155.433
-31.4518
-85.2839
390.329
207.765
58.2273
-529.5
-109.282
194.588
159.087
-102.892
-22.891
1605.73
-10547.8
-197.137
-124.136
174.821
144.823
370.647
604.281
290.136
-90.0768
-167.108
-17.7192
44.4413
40.5315
-13.287
-161.545
-25.5024
-189.842
69.4768
-276.19
107.348
16.6719
103.447
-134.2
4.32032
137.176
76.1201
-41.1137
-45.6208
43.7469
133.927
213.126
-10.4254
-10.2063
52.8348
-36.7566
-23.2883
133.07
57.458
63.5995
16.4198
17.0249
19.0768
-281.078
-25.5745
-97.7068
114.684
398.462
184.164
94.1204
-98.5278
-2.08398
-159.694
405.646
-177.806
59.4763
715.983
59.3251
-29.5225
200.958
362.437
131.025
301.708
-6.88091
88.7741
-7.80761
27.8752
110.594
-36.4667
141.383
6.69073
88.0938
-709.248
292.405
27.1954
-94.0961
-706.514
-205.848
-9.606
14.1668
13.4348
-57.7254
-124.179
-89.6423
-480.545
-20.016
5.77971
14.0356
4.52024
984.763
-181.47
98.8814
69.2888
55.58
165.046
-336.753
632.883
-325.192
368.244
118.499
26.3591
54897
56.9973
2.49895
11.4513
-187.218
-382.086
-62.4988
-1.15732
-93.4854
364.267
381.71
-797.295
-280.67
242.061
157.784
37.0468
14.5713
-12.1325
220.643
425.533
62.9065
-14.682
206.647
25.5918
-73.1262
-12.9891
46.4
-205.93
96.369
66.1824
-129.058
411.614
-277.225
1527.81
63.7361
208.062
41.8328
-20.2154
107.998
59.0678
41.3574
9.7228
105.892
-21.8691
19.2191
133.077
412.384
-132.251
37.9922
272.263
-44.7911
37.3534
12.5091
-37.1113
226.784
-961.491
34.3649
-33.9968
84.7115
1199.92
-35.4358
179.288
139.497
235.629
-148.453
-28292.3
-208.68
17.7468
-473.985
-17.588
268.929
-155.037
-154.475
-122.567
-46.2535
-308.838
-5123.76
66.3556
-76.6522
25.3401
14.1585
14.0888
-100.289
214.442
97.0814
87.5286
-201.16
79.821
160.858
-85.7486
-940.825
-1432.42
457.396
32.6033
-18.1508
80.1439
859.98
135.536
96.2878
-625.768
6.73993
-388.854
-158.425
10.3887
-96.3401
27.8299
-181.687
-115.194
-248.992
-319.407
118.15
-13.7844
-411.394
1187.78
226.476
-294.699
-147.89
123.606
53.2781
75.9162
-124.036
322.284
-57.5972
34.0367
-31.9082
-10.3488
-113.14
95.4604
145.376
1344.48
-35.5795
875.608
-1964.69
-67.0002
165.215
-174.394
500.731
36.8406
126.219
-329.711
-341.425
-107.979
938.999
198.163
213.57
-1.5877
-79.7022
54.5132
118.884
141.003
-93.3674
-35.7123
-144.496
-13.9158
-162.462
1379.94
-70.9371
34.2774
57.1235
-2842.57
-41.5264
-51.138
-51.2067
357.404
-135.706
14.0812
493.407
4.32666
434.85
-58.2458
12.026
16.7084
137.571
-95.3645
255.703
-2441.81
-32.7601
-75.1879
-245.838
-30.166
204.752
28.8967
-119.256
85.6927
-2207.83
120.429
161.99
-113.924
211.952
16.5294
27.0791
-224.883
34.4357
-28.4858
-281.858
268.957
13.2773
-104.536
-101.226
108.596
-16.9955
111.986
-252.194
146.057
56.278
93.8522
151.315
-94.0433
-29.1055
27.4785
35.2488
35.0055
268.193
-49.7139
84.8454
-81.4525
5.36027
40.9896
-224.737
-65.2751
-643.334
-36.526
-33.9998
850.912
841.917
-1429.42
-37.8058
-230.055
708.531
71.815
-60.143
222.191
641.78
260.929
104.475
-269.133
26.0684
1297.12
-66.2984
50.0742
135.472
-31.1737
-149.616
22.5192
-123.737
77.5276
63.1478
40.6511
-139.458
-192.206
-56.9134
-343.634
39.1518
357.543
250.019
-6.54344
194.613
-94.2155
86.8587
-369.848
14.1736
-147.248
-69.717
-635.232
133.405
-236.004
2.51572
-14.4038
1.61569
-126.549
71.825
140.787
105.094
-41.307
-110.117
25.6159
-43.4432
328.109
-9.62911
-56.3421
-18.9358
56.9651
9.22187
25.9339
-50.6061
25.9383
-21.8762
5631.61
47.6331
1205.59
-312.264
608.736
64.3429
-14.4409
26.1478
-8.95155
170.513
37.8884
51.0885
-88.4262
-1862.5
257.296
-90.428
150.403
-52.5409
-30.294
103.568
11073.7
-211.957
28.2669
369.754
105.947
-539.557
-51.4334
-250.705
102.477
-456.013
-532.171
93.726
-47.2053
-74.063
173.485
12.119
110.703
127.364
-169.64
-59.8316
-213.317
-82.4068
1408.84
-19.2976
-449.037
323.721
-62.3813
232.193
142.089
-27.6126
-1147.77
40.9372
17.2745
-19.7229
54.2559
-220.838
105.792
-2327.91
1069.59
-67.0904
98.9436
7.16096
121.434
-91.0554
-72.9161
-246.457
48.4129
-1198.99
-668.506
-177.867
-120.151
-92.9842
323.934
-66.4846
60.9284
-1409.08
69.9552
67.1874
33.1534
-145.428
-63.1857
-21.3673
-40.4557
-128.217
44.0256
-241.736
-150.849
-238.919
-162.126
-74.9372
75.752
21.9202
336.943
161.118
-56.7962
75.9886
-97.839
51.7845
160.336
-27.8966
-929.148
13.2251
315.608
47.5915
-175.218
-5.59187
329.882
95.0595
213.632
-40.7515
-97.1103
-277.627
251.721
3462.16
148.222
-321.085
82.2816
-25.9646
-167.607
24.8634
-42.5458
-234.936
47.1342
-113.477
-542.69
279.582
-160.907
-63.5019
17.1092
-34.6494
129.135
139.038
-41.2134
414.156
-62.4605
98.8257
57.5066
29.2051
-444.526
91.7021
88.2603
327.573
-52.9686
829.83
-136.214
-13.2117
99.5353
-231.503
29.0128
-31.6517
-32.622
-109.307
79.8985
89.618
26.9711
103.025
-0.832773
56.27
-33.9134
-30.5217
1.45301
18.6978
92.9686
-170.078
-130.177
141.339
-39.3989
-49.1465
-102.254
138.409
-776.275
-151.111
-118.071
139.06
5694.64
341.629
-143.151
44.4101
-51.0822
91.0098
-35.5841
136.088
44.1657
-19.1533
133.731
227.823
84.9855
-33.5432
-44.6654
-141.847
66.3394
1577.19
-22.7103
278.407
224.148
-36.6655
-142.061
-9.12669
-56.1904
-141.996
-141.523
46.2172
4.66635
188.183
95.6215
-29.7606
96.0842
-2438.78
60.068
-18.5933
121.03
-131.36
295.936
74.2884
-62.9875
514.366
227.63
364.939
-9.38152
16.7535
2.15243
89.4311
-166.654
-251.321
-56.2556
-127.985
-2454.75
-883.078
32.2661
5.20937
-165.586
-347.607
-85.6508
160.608
-119.18
-95.1809
263.628
24.4208
-197.904
65.3906
-18.3656
-398.156
690.732
47.6738
-363.092
-81.2023
132.82
-546.24
-296.341
5.20043
108.601
76.8137
-322.248
-97.049
79.801
-148.697
-366.153
59.2977
-964.567
132.203
-281.558
-1105.71
331.662
105.546
-294.332
110.507
-307.667
-1.90076
-245.813
-108.709
-27.3684
-803.992
310.735
65.6123
-100.634
23.404
123.577
389.902
-5.38206
-645.76
-73.2269
-282.017
33.8256
198.142
519.104
240.795
4.57133
-14.3466
91.4557
154.003
-79.611
-644.846
71.3733
-222.388
-49.6352
-50.0734
-108.99
21.9346
19.4303
-306.135
8.49186
220.332
-25.0513
-136.833
33.5236
-25.1073
160.759
-411.779
-46.26
-39.7445
-514.62
-33.9292
-4.97865
679.543
246.039
-51.3603
40.832
-6267.25
-8.8582
-184.66
146.36
-35.4196
-98.0936
-88.0248
163.024
-797.016
-89.2773
84.7539
-323.676
-259.231
47.1498
12.1425
-32.6428
55.7027
602.86
111.333
-97.9269
78.5877
128.705
-64.4309
708.734
124.37
-26.7292
139.632
9.8618
204.461
86.5151
3067.82
-480.453
204.244
-339.268
55.4221
29.4549
-407.816
-74.7995
-5.68255
54.1459
394.969
-306.768
276.573
-105.985
37.8129
9.9448
-476.861
23.5774
-981.476
-32.5288
-79.0888
16.6836
-422.867
-74.7218
-1693.38
481.581
78.7564
-159.154
31.0067
419.654
48.4712
1494.07
-21.1627
-41.8668
-22.2158
-169.481
-279.499
-15.6146
-45.2044
-46.3471
-350.153
37.4141
137.556
-150.764
-320.556
-2404.51
-1058.84
-28.8174
176.263
-569.665
-7056.16
-121.111
-2104.18
-3623.27
-251.284
11.4894
46.1476
-32.2422
-41.831
-24.3358
45.6634
-91.9008
15.0312
59.7709
-254.818
9.55344
-35.1784
-32.2495
17.3537
-435.107
142.135
-44.4623
-10.1986
11.7329
16.9507
100.084
70.521
-136.721
-30.9495
-13.8217
21.5205
-275.156
46.6009
-275.687
164.841
-7.03285
-10.3024
-131.865
-21.6223
-226.715
-64.9773
99.2083
-13097.7
153.181
-83.3048
-48.4642
-1664.9
-2921.02
123.659
-20.1791
-307.678
-61.6836
29.1121
-8.98228
5.48293
70.7388
20.3072
-7.05655
-65.1134
41.9561
-149.149
33.083
-174.359
305.178
-156.841
124.091
-21.9689
-58.2179
-116.022
455.756
-65.5722
48.4502
78.2065
-37.6732
-53.335
23.391
218.037
115.712
113.782
219.943
-118.203
174.303
-44.0736
344.763
-8.43568
-68.1223
23.4833
97.1636
-11612
116.46
9.07984
-12.4283
1291.41
-70.814
-2239.94
37.7188
378.555
1027.33
3.60711
-645.963
30.6963
-308.053
1743.75
28.549
-1396.62
-49.164
342.191
269.7
-77.7374
147.661
-1.81021
21.4529
148.577
-274.861
1802.34
-510.349
248.84
-320.314
-474.785
95.0639
158.535
137.28
-113.06
411.944
-16.1526
81.253
-119.287
-50.2616
-162.522
46.9553
37.5196
-87.6197
445.929
209.079
-203.017
131.422
243.1
-49.7024
29.3118
175.146
-2155.13
59.5297
-23.883
68.2512
-914.773
196.646
52.3881
137.911
-80.1684
62.9712
45.017
6.95896
89.1309
51.7151
-227.563
567.925
4.88485
0.297373
-1323.25
45.9282
-28.9743
177.792
-32.8893
-228.997
131.892
166.868
38.1779
82.3938
23.246
48.3721
-77.7833
-53.9501
-56.6245
122.02
-47.1203
-7.32938
-2633.69
-539.246
38.9226
-59.3005
-487.822
39.4383
-59.7637
50.8285
287.622
32.5385
-21.2819
-5248.7
-117.415
-30.1525
172.533
62.9517
-91.954
-126.822
-117.239
-924.626
27.7679
-1453.08
80.6066
143.554
173.587
-317.469
7.45176
297.8
162.455
89.3842
-1397.63
166.294
-47.3683
1346.75
1.82506
36.3038
-88.295
-123.974
67.6826
-66.0459
-136.029
-243.964
104.514
-398.989
-78.5082
-38.3253
-67.7415
21.0562
42.1501
-55.447
87.9841
-150.078
183.212
18.6077
-27.9525
-358.256
-37.4276
-93.589
-16.5002
-72.3153
563.119
-1815.17
75.527
-5.78391
-93.2073
147.436
387.104
-78.1475
1154.46
-81.5267
94.9001
33.9971
-27.7391
96.1571
71.3107
156.025
344.779
-2.89135
-119.021
-183.577
-148.046
50.4484
-115.938
-28.0564
525.898
63.5796
-109.774
36.4821
-538.134
-13.6274
12.4006
-201.484
105.215
217.726
49.8446
14.2084
-237.282
414.042
-128.871
-264.258
95.4554
39.1636
973.002
339.518
2305.23
121.903
-13.5977
80.2749
-378.48
35.6788
112.821
-43.6261
-200.594
1215.81
1.15392
4.01422
-188.974
147.709
-16.2502
-102.868
-46.1553
-3.83323
-30.7677
-36.3608
-48.0408
48.7642
31.2767
-290.775
82.9353
-208.939
-111.599
43.0745
58.1962
-34.6466
-24.6587
305.304
42.5292
1805.3
-29.1197
-190.669
311.473
90.4938
-678.523
0.693968
658.583
1698.76
21.5869
63.505
-133.493
209.165
-99.4254
-2514.9
106.381
-161.214
-261.546
-152.586
-753.924
219.685
274.138
1759.65
123.928
-69.5252
48.1179
81.5119
-52.3897
69.9596
6.70068
15.1213
-5.52482
106.603
-76.5095
-126.343
-40.5484
59.9293
44.2735
2.6501
81.8726
-9669.05
-388.375
35.075
-16.1866
-32.9486
230.257
-55.9281
-80.7826
-1.15407
-0.615025
171.601
30.1667
104.037
-30.319
133.235
-17.3227
-608.33
-46.9168
-42.2767
430.989
-184.421
-885.768
-248.951
-1245.55
37.64
-901.752
310.76
103.468
245.219
312.557
4.76098
32.1329
103.041
212.821
706.377
146.566
-148.604
34.6007
-826.569
74.7278
-17.6212
-59.9211
-18.2965
-2.37807
91.662
34.3065
85.7224
56.9026
-547.589
125.1
86.7249
-111.962
-392.06
15.6512
-59.5047
-102.838
-99.1531
173.383
403.729
48.298
-34.485
118.909
-37.0625
-702.411
321.396
-435.4
-48.7454
-2.9221
205.607
36.6731
98.8593
57.1356
236.397
-18.5309
-20.9455
25.9032
44.6745
-63.2478
213.366
195.452
-3.87094
150.395
-2.62829
158.491
60.1392
-113.37
501.678
-181.72
3952.52
9963.45
487.354
-88.2747
12.3615
2.15486
-96.7549
183.325
223.594
-247.395
-850.776
-755.754
274.288
-38.4647
-8.78016
52.2823
65.1969
185.068
96.4255
-210.064
46.1891
435.647
-129.613
20.9179
-92.6686
-132.548
-161.777
143.799
12.6097
-234.201
-34.7325
-41.8924
-576.981
34.829
-69.6117
-87.1154
108.075
240.154
-138.788
333.953
-25.4153
6369.29
12.1665
-725.499
303.622
-43.8262
377.163
773.343
-128.691
-370.088
-238.923
47.3249
244.352
576.153
131.347
1797.12
-22.552
130.365
-9.94174
-501.485
-307.035
-2.1969
-500.714
65.6128
806.002
-287.05
-79.1875
-1.53478
51.9115
-17.8522
-11.9667
-2.69897
-28.8486
107.417
1223.77
138.468
203.944
16.999
196.869
-59.4061
-351.566
-63.5737
-37.2325
-66.0446
143.024
2023.75
-16.9865
-151.07
-32.1998
1778.4
0.981724
428.238
90.4297
226.159
8.09833
-299.029
58.7833
21.7491
-16.3391
-35.6491
-94.3136
-53.3747
-91.4106
60.9749
-126.524
-25193.6
-80.4848
-1.8183
-1080.79
-6.37254
96.2855
10777.3
434.603
-28.8853
72.1252
-827.573
4.17791
234.418
195.592
-76.6484
84.8533
174.091
-83.6462
603.123
-887.111
-90.9902
-162.31
100.544
-22.7772
-335.012
102.989
-83.9253
7.353
210.939
-38.8735
-542.846
-136.085
-4.7722
-2.55656
-138.589
1674.41
245.342
-23.7629
84.778
116.446
-101.957
17.709
-65.1886
-1355.26
481.11
110.013
152.686
-595.098
-93.9003
100.355
38.0451
-86.8941
-64.8969
66.3289
313.063
177.016
559.775
0.960539
-206.434
4.88501
12.7629
-259.688
-27.5887
-168.284
36.2866
9.67724
151.903
-49.1314
415.249
-734.779
-61.7731
90.4114
-302.763
-2.65722
-103.12
-236.082
156.437
1.77082
1340.01
-124.087
159.608
46.1736
-500.424
-82.097
-213.315
-109.782
-655.631
71.6409
-0.36073
59.0683
543.143
111.293
150.502
-87.8285
364.673
-115.209
-120.31
-43.084
654.668
54.9556
-287.968
-99.8752
244.09
-100.002
-48.1533
38.4814
72.7533
-16.5646
-219.852
86.9285
13.0492
308.304
19.3333
-14.2689
52.391
7035.88
-55.8127
-189.903
193.256
11.2575
-55.7729
75.7574
-78.3278
-11.1305
63.5582
211.162
-22.1433
69.7646
111.409
1.15878
-98.3953
107.683
213.7
-474.629
53.1159
-36.3428
-1965.94
-899.075
-54.9254
-2398.38
-50.7186
-157.487
-342.46
154.42
-59.3063
14.2752
-47.3343
-56.0488
71.9251
160.265
-34.9084
-133.244
86.3494
-235.514
21.9874
-28.2417
-359.48
100.286
-92.0511
394.087
-265.992
27.935
-1933.97
101.695
-580.238
185.82
142.655
-22.9769
-144.755
-23.1821
36.3743
-358.949
-20.5354
93.6123
53.2614
-50.8923
8.04522
-45.7786
35.522
253.314
279.4
-132.46
114.689
-19.3216
135.412
115.604
10.7905
130.836
4.19094
102.556
1011.91
59.9055
-201.675
310.901
-52.1057
137.471
579.516
-16.0036
-17.4759
1364
-148.592
-428.058
-144.01
1944.13
-223.743
-361.002
49.373
-5.55741
-46.1817
-121.389
64.8622
44.2014
7.51937
1289.02
-246.942
-35.3077
-16.4097
-310.164
1126.99
-108.491
-157.312
-25.3979
-32.2585
65.763
-66.6199
175.497
119.07
-585.709
14.6884
-53.2776
-28.025
-2.15686
154.576
-260.92
106.065
55.2036
738.252
-132.537
5.60555
394.177
6.46445
279.063
-176.513
6.8728
-1242.95
126.285
562.641
158.546
-6.26176
-59.8467
3.35701
115.088
253.48
-227.78
-93.9939
386.238
-150.647
-66.4135
-21.292
-40.2403
-917.12
87.1679
-10.9911
-93.2696
297.282
-65.4033
97.5244
-235.549
-173.574
-743.51
132.703
53.8572
33.0909
-602.62
-41.4511
-4.95267
0.0927678
-90.8193
-418.277
16.098
82.0959
-57.4736
-46.4716
526.283
147.112
-154.447
-166.531
-11.8481
323.639
47.697
160.148
19.7955
-336.441
46.5618
-279.228
-23.2056
112.303
83.0339
-3759.98
574.279
86.9717
1.92021
195.909
-925.085
4.98811
50.5535
-108.686
49.2999
246.431
273.277
-197.818
210.111
-7.31023
77.2798
-205.321
-418.638
-461.712
142.871
-1090.8
54.2384
275.712
56.2758
-56.1574
-55.3322
-331.858
-518.05
-33.3835
-48.7828
-20.923
-85.1499
176.066
93.2785
-26.6889
-3770.32
-222.639
-488.719
96.3096
-15.6886
84.4518
711.305
-6220.9
-356.325
-198.954
-164.097
17.4837
1795.04
-52.0319
107.166
279.803
-56.8441
401.773
2387.68
249.974
191.928
30.7308
13.5336
4957.29
55.6707
-27.8844
-34.6999
11.1521
-4529.97
239.466
37.3417
-64.3733
-124.201
9.86445
-838.721
46.6364
-228.706
191.122
33.5487
-264.366
-25.4435
-1164.02
19.5573
-173.106
-109.952
0.119457
-1459.68
0.270751
-150.369
348.669
-3501.82
266.369
-87.173
-315.402
527.467
-98.2336
-112.544
17.5079
-145.174
105.766
-49.3823
-37.5387
2555.33
-27.589
6.36884
240.166
31.4115
-24.9191
-57.1038
248.567
-0.628398
-75.8935
359.161
-312.784
-157.953
443.871
-4256.69
27.2868
-967.912
-98.1278
-63.2426
-4509.01
8300.64
-4.50464
73.3056
-121.28
32.1445
210.194
144.166
-262.66
16.8027
42.0932
28.9411
35.7883
-515.887
-15.539
-87.1166
-271.314
34.5859
99.0138
-87.4009
-38.3307
341.165
-85.7117
-172.756
320.997
-108.059
526.926
222.185
60.5677
4.83229
25.9077
-154.204
54.5719
-126.19
59.2741
353.899
120.379
-19.2992
33.4413
103.005
231.412
-116.108
716.108
73.867
12.9313
-28.1887
70.3421
-93.3107
-197.685
237.514
45.2134
-109.012
-29.8287
72.2041
-689.181
171.566
-233.029
-245.891
41.4829
-26.0439
27.9485
155.089
102.795
-287.115
-83.8676
-24.4762
-5.00739
-122.994
72.1233
516.894
55.5995
33.2918
-736.454
-623.978
130.788
-65.1077
441.365
-109.717
-41.1001
-459.843
2133.13
-26.4899
-154.82
-11.117
51.6283
-211.938
-76.6383
80.758
40.532
38.4994
-19.9984
-130.89
131.063
527.345
-44.9008
19.2186
231.473
-403.4
130.792
-2313.84
-62.5584
1189.38
9.03837
137.698
-27.3597
249.524
-33.986
66.7012
277.716
236.255
463.441
-367.826
49.1749
172.092
3.82756
231.231
288.943
-900.145
96.6291
-108.903
61.9624
59.4475
-74.3758
114.792
-212.526
-132.627
-138.504
1573.31
-0.717126
166.76
-40.3757
113.138
153.664
-244.585
-104.569
-32.7232
-125.381
6015.38
1163.52
19468.1
-21.5649
19.7996
17.6265
145.332
345.218
52.6618
-224.29
-53.9442
6.80292
140.047
625.596
-239.547
-317.692
-105.043
-14.8505
99.185
171.255
-64.9935
-249.058
-5.40754
40.3158
158.276
-74739.4
-115.723
735.436
-56.6569
106.361
117.752
-75.4083
130.617
-130.744
-6.04176
43.3788
144.753
31.9131
-212.244
-85.1149
437.483
50.7663
1.09752
-977.642
578.369
-123.212
-28.0973
46.1349
238.614
25.7343
-185.176
-90.008
105.483
26.3756
0.86847
-139.187
-18.7003
-96.5726
-1799.02
-153.312
279.828
134.305
210.646
0.759455
-409.876
12.0344
-8.56107
14.0495
-1791.12
-282.085
73.1044
121.413
212.395
-86.7504
-238.156
-38.1021
47.9846
45.2244
353.52
268.322
-48.2317
-30.0849
-4.40454
51.309
-59.6287
394.539
29.5723
80.4324
1603.31
-11.4745
-69.7632
-3.95336
447.136
-30.3491
-7.46517
-227.019
100.797
27.2756
172.501
246.029
-576.848
-54.1691
459.445
-41.7445
7.43492
7.43163
-108.871
16.3814
-143.861
-53.2713
-130.879
263.903
4.59041
324.662
-5.29415
52.3934
16.015
35.6103
-504.728
-231.849
-60.433
552.779
-46.3135
6.58322
146.776
-7667.75
17125.5
157.788
-496.52
-162.967
42.2963
60.6396
100.855
-388.795
10.4836
151.731
-25.3603
-678.938
3.49087
58.5456
29.4944
75.978
-38.624
-21.6603
30.4222
-151.182
118.529
223.102
-68.8155
-262.26
12715.3
-176.853
-40.1205
-510.383
43.8579
318.837
37.8564
23.6494
312.281
115.83
39.9263
278.768
41.237
2.67386
-118.096
1031.77
411.576
-96.4906
140.085
-627.617
-100.086
238.984
224.032
-8.14881
99.8698
12.1788
-70.329
-45.8783
-27.9041
160.656
-546.082
92.7764
70.878
146.396
-0.628842
-880.509
943.784
1258.19
-3.57085
56.5473
77.124
-186.632
-42.926
70.4496
-228.334
-65.3017
65.9643
165.808
95.8489
4.86458
-260.812
74.9499
-44.9198
996.777
-9761
63.2165
-181.274
123.512
-69.8298
-11.356
7.75357
-178.117
-192.873
25.0088
634.791
32.3934
14.5614
59.0924
-34.2896
733.229
-543.252
-17.2944
-225.034
-7.38509
48.986
-167.463
312.448
-97.0785
74.1822
107.037
1426.04
96.703
22.8388
61.6174
301.799
-265.47
814.564
-66.7549
216.445
-172.551
-334.495
46.7661
517.414
-134.471
35.5888
-27.6322
182.319
73.3524
214.642
88.8865
36.9628
-149.619
-72.9813
154.751
-1524
-526.188
-1.35961
69.6101
-135.548
-47.4935
42.7533
483.095
18.9718
149.432
46.9317
163.882
2.59422
-33.323
-11.3578
-11.4195
15.4265
20.0041
5.49256
33.3898
-116.711
253.877
-243.322
449.602
129.51
481.266
15.941
-83.0757
-75.6808
-627.938
73.8973
96.2767
568.666
-156.055
35.0064
-50.6881
-215.643
-23.1894
168.713
-166.306
673.7
250.234
-356.48
109.89
68.4003
101.723
7.41624
-47.6505
-41.1043
-1933.64
193.289
-254.039
89.3969
80.555
-46.7927
-326.903
38.5281
352.031
332.106
-104.848
-161.918
-22.7761
5.9518
2.28853
216.566
-234.105
-5.65999
180.82
-191.478
150.266
-15.8292
-825.911
289.286
-105.708
-1559.97
183.7
2.15647
-211.535
-236.148
-431.909
-225.004
-184.469
150.093
123.724
-612.01
238.14
-11.6582
-5.45278
1726.75
-211.265
480.889
87.6391
-582.152
-391.768
15.0002
304.137
-70.956
330.112
2.82538
46.437
71.0528
401.156
107.224
75.4076
140.08
177.352
120.329
49.9196
40.3897
19074.3
71.0718
-40.6712
444.225
42.3097
-204.993
-54.5712
45.3865
-76.3147
194.31
254.111
153.511
-64.5908
-92.7853
-518.632
-13.7192
-227.653
-319.759
-20369.4
-115.36
-28.2527
-72.2786
-8312.49
-86.9547
-138.491
-122.893
29.1024
83.5789
-37.1425
-515.782
-71.5295
57.9833
-55.1933
36.5392
169.59
-39.8597
-14.4488
28.2719
2613.66
-138.451
1585.62
126.327
-80.0145
17.0857
-174.316
877.555
26.2588
139.43
-213.539
59.0731
-18.0053
-158.543
16.2921
-475.075
-259.66
-34.2956
11.639
-136.937
-333.324
-29.699
51.6869
92.0532
11.3162
70.7782
16.0155
117.936
-3.36222
160.527
-492.267
-17.9093
69.1602
46.6959
-16.7414
21230
33.3284
-1223.77
-101.294
-10.6447
0.522954
167.901
-34.7045
-195.26
-222.24
93.4206
0.970199
-92.4984
-69.5459
14.2389
-1.67796
-88.05
63.1991
5.5125
51.8027
-145.612
-88.2948
-36.2399
-114.852
-19.4726
-255.369
100.718
308.788
-186.074
256.911
343.738
200.595
1.24044
-63.6235
257.26
-400.26
103.738
103.614
-14.2996
-140.166
223.868
134.327
-297.793
34.8958
3.11027
59.0267
56.5302
-2.22504
-36.1488
202.148
36.1709
-275.027
22.9325
112.662
-19.672
-6.43197
85.9325
-12.2276
194.723
69.6077
209.922
-238.936
-55.0257
1183.17
253.017
-102.606
19.9342
74.9724
102.117
28.1684
-905.476
-52.5276
-3156.07
333.864
-120.689
1421.87
48.3805
-54.8242
240.746
133.868
99.0035
236.951
-1.29167
-102.024
-384.006
-15.7925
-100720
104.625
-135.301
-265.394
-475.435
-34.3563
38.6627
-19.0323
-150.145
-109.089
-61.3533
-119.287
30.797
-371.184
-15.2502
137.492
-27.2997
14.7216
338.849
-265.897
80.4071
-8.82047
-28.5783
35.9642
11.3381
-522.271
132.995
-1.31831
-147.277
-11.8734
-1.65523
16371.1
-35.8838
62.8192
-443.092
218.886
50.3585
95.2417
-128.093
-85.2458
-13.947
-22.786
50.7859
-2178.03
17.5234
262.561
-168.983
-144.307
-97.8256
-138.913
-6.98343
1.48135
9.70442
15.58
620.913
67.8279
116.478
-1770.09
145.37
27.7368
196.711
-33.5828
-98.8303
95.6861
-120.523
105.566
5881.88
91.3484
29.043
-876.897
-58.4632
240.53
-87.2187
29.3165
79.5225
359.06
38.5961
-44.1987
26.0096
16.8014
-94.4172
116.589
-21.7669
-195.963
21.1052
-85.0629
694.707
365.7
-414.871
0.622938
226.226
6.62544
65.4044
-6198.43
382.458
100.771
-0.983186
159.223
267.002
97.2541
-7.40178
-269.713
110.225
30.5577
-91.8997
-47.6152
-75.4056
17.6759
55.4331
77.7963
181.785
110.292
134.312
-158.702
-22.9556
510.753
-94.0569
-7.15277
83.571
-150.788
-2.38362
-155.638
-33.2882
-635.584
-127.216
-236.752
385.452
-306.955
131.343
201.41
44.0211
-282.564
1684.49
183.615
-13.8973
-5.94358
1102.37
85.444
27.5686
123.113
55.0248
-678.671
329.813
-77.0962
123.258
52.1496
-734.785
115.55
60.8994
4.81574
1274.04
8.51345
-492.163
5.80644
564.824
98.6206
429.073
26.5662
274.301
1.14501
-54.9098
-85.4157
5.83031
-11.735
220.979
-161.873
-254.179
-178.268
34.1235
12.7818
-726.535
-109.87
271.832
-90.6829
63.7127
73.7809
-658.64
-42.8698
-75.9144
-11.3674
1586.17
-61.2762
-358.318
34.4154
-63.556
59.8093
-222.987
90.5727
149.03
-105.236
-7.28464
-193.392
-96.5111
-97.464
18.1692
162.748
9.21812
37.1821
5.20625
131.046
-39.5299
-65.805
28.4142
147.19
-129.378
-64.3973
-233.17
-276.323
139.984
295.575
-87.0962
65.0405
41.0786
73.8347
-78.1592
-47.1461
171.65
-37.8709
84.1834
-257.354
-841.14
-4.50222
4.3497
249.244
4.20514
1905.14
58.1132
27.2453
147.734
-73.2542
126.629
245.857
23.7407
59.7528
341.524
1.72657
-603.899
1007.85
243.31
-93.5181
132.33
33.3674
-521.631
-61.4808
72.5827
-48.7951
-198.954
31.6386
-224.412
28.5698
-61.1594
-71.8494
82.5039
16.6847
2951.55
87.9402
-73.3226
453.929
389.391
-375.115
326.573
-114.429
-128.606
441.84
-26.852
-26.2688
24.0845
-54.0861
-248.579
-86.1838
-30.2046
-131.641
170.942
-99.4047
-189.766
242.638
1474.25
-35.731
195.546
-119.299
459.032
-1686.91
14.7369
16.02
-43.6884
655.218
-89.2233
251.965
579.127
-64.2497
91.547
-41.6206
123.916
-111.841
230.598
120.08
-159.962
147.782
-383.288
23.2513
86.7836
-197.002
-11.7382
120.593
-119.34
-224.331
51.6474
124.629
-35.3595
-107.652
284.848
-96.1005
164.914
-105.927
-192.214
-187.991
-5.07796
120.973
-30.2745
-238.447
54.416
-74.0478
-67.2849
-203.68
121.213
91.1909
-36.9529
-83.5144
5.46832
-20.6898
133.733
156.841
130.699
65.4213
-653.169
3.11553
-3.05856
-203.566
460.335
148.315
21.6509
46.7484
368.929
-57.3895
-1223.92
-334.246
-178.355
-189.709
286.968
67.3291
-20.7472
4832.22
1117.11
-84.915
-135.725
171.091
386.755
-322.038
-899.909
-29.0075
-26.9725
-1355.67
59.5644
15.3272
-66.2759
-11.818
-120.608
-3.28958
87.1776
-147.492
315.755
-425.315
138.421
-14.7321
-298.847
-74.4924
123.849
191.132
-545.723
366.455
-211.804
-211.49
48.9514
-75.7289
-6.93304
8.92992
-36.9865
211.478
-673.012
-705.297
49.943
338.099
-18.8114
64.3054
3.63062
-43.5212
-24.0068
-1650.66
77.5691
101.229
380.359
-78.8232
-16.3929
-38.4365
1009.75
-23.3263
-83.0871
142.213
15.401
-421.861
-31.591
-2.85131
14.1312
-759.831
-2273.6
262.217
140.886
367.852
-743.539
-16.3166
57.8603
-87.8761
-56.0774
-53.8816
-96.0907
-5.3779
118.048
31.1836
-78.4277
3.27573
-102.686
-292.48
481.779
-70.9397
96.4037
-98.6927
-20.7541
-27.8059
-272.592
192.631
-365.075
-9.38224
57.6062
-24.1899
467.768
-82.6482
-291.74
-272.907
126.144
130.295
2216.63
-160.16
67.5836
101.948
-155.248
74.1563
-289.664
82.2346
-251.904
127.781
482.273
77.1997
23.7494
-528.109
-58.0227
151.714
50.7018
-11.0142
-111.989
-79.3303
-448.133
-49.9973
194.022
107.553
-61.9464
-261.162
-90.2023
-23.1994
-2080.09
-638.793
42.2884
-238.633
8.23432
-160.509
402.823
388.78
5451.15
-145.486
-562.097
-10.7791
735.186
7.03496
732.009
-10621.9
79.8938
82.5977
-6.83113
30.3121
189.832
221.422
-10.7067
-749.351
-30.9945
-106.912
69.6093
427.244
-112.056
35.0593
-47.0495
60.081
-121.516
144.212
-1005.57
-229.046
56.4162
-595.128
526.769
265.004
1.71869
-72.2484
27.9209
-221.751
-13.1348
58.3864
-264.389
-115.924
169.511
135.418
-924.291
-73.9369
9.77356
-194.969
-59.7097
-22.1855
3.0964
72.9929
167.767
-175.41
-89.7529
76.3697
6133.56
-29.7443
-340.408
36.4664
488.794
5410.02
-241.72
262.131
252.598
48.3643
47.7947
225.081
-829.405
108.255
88.3597
85.8865
-8.53332
-292.462
109.226
-139.423
334.47
38.909
-710.652
176.065
230.996
-79.9755
18.7179
-127.626
7.1375
-48.914
171.902
-136.871
72.1697
-245.496
86.7869
-1134.48
217.312
-100.841
113.646
180.859
-218.013
-89.0603
-66.1982
152.064
-13.2778
435.389
-373.735
-26.09
-295.826
619.871
-561.648
153.997
-7.64677
-636.484
-228.271
-133.861
-115.903
-88.349
-7.83049
-134.112
364.846
-408.709
120.596
-91.2886
-105.558
-1297.38
142.414
-1.56043
118.395
-96.3024
-216.633
-0.117001
-187.62
543.377
0.484522
-30.3007
-7.92703
-43.4648
946.276
55.2394
441.445
-1005.67
-80.5982
-839.679
153.33
295.067
1556.8
-63.8042
-2113.03
-145.638
160.245
79.156
3623.23
47.525
126.937
112.189
-3353.9
-48.9662
2027.71
385.701
-21.6938
223.622
-420.052
202.057
-10.1354
33.6929
11.8626
-54.1369
-19.1842
-13.8005
81.5953
203.068
-100.168
65.6897
-2502.43
-1245.26
-21.5266
22.4201
240.269
-17.0323
-100.276
-63.0308
-412.876
649.789
9.80057
-93.4619
-33.0689
-102.652
19.4833
10.5277
43.3467
-37.4046
-39.2864
152986
-432.041
-46.3323
2587.11
-349.681
29263.8
-273.111
-69.2491
64.2797
-60.861
58.738
-50.6963
69.2864
263.563
1265.54
236.743
8026.23
303.545
52.3521
795.38
-370.235
74.5832
78.6124
245.196
55.3185
174.705
-40.6356
-667.608
-7.75032
118.352
41.1308
-130.389
740.652
-2624.97
56.14
316.657
-171.076
138.313
-50.9476
-8.54931
15.652
-176.578
-151.671
-202.327
21.1358
-46.2571
41.6222
-10.4603
-792.291
-234.386
24.9777
-60.1145
21765.4
427.276
-222.014
-179.901
244.444
300.818
-547.517
12.9386
-8.51002
106.313
5.39003
-12.406
-762.784
130.861
-38.1998
-42.5888
23224.7
-114.21
89.9551
54.0127
0.953064
464.058
656.432
3692.23
278.437
103.052
-222.165
157.02
86.0511
78.2754
-160.188
-52.9228
38.4001
169.323
472.427
3404.08
40.5197
-269.815
-196.393
39.1441
-85.1229
40.8339
1688.76
119.744
55.2132
-102.883
29.3692
588.159
371.441
16.2927
-71.142
968.805
290.271
106.415
393.718
27.7725
-6.34613
-19.6157
-24.1333
348.429
102.57
20.8837
818.457
68.7325
297.697
-50.3218
19.2001
-125.108
-116.031
-252.264
-53.6638
194.6
320.73
178.219
-72.6887
205.224
-320.093
209.587
-116.563
-317.311
114.605
50.0089
-6.08612
2249.34
27.4236
-165.149
25.4483
1450.51
42.5638
-103.655
53.8213
-71.1408
156.702
-86.2721
188.181
-19.8943
191.313
53.3236
-59.0711
-186.365
834.232
-149.427
-109.063
4.65915
-57.0924
939.195
-95.2204
59.4378
-10.1382
30.5339
185.421
258.57
-94.0314
5776.24
-575.814
301.757
-1176.33
-172.531
-32.4346
-177.859
18.6893
-92.1017
55.6354
26.9426
-12.8343
35.9986
-15.499
31.6265
1.85498
-22.7752
81.9415
-210.523
20.5419
621.96
70.5868
-9.12356
124.408
4.95493
-36.7697
105.188
145.291
3.29311
231.547
-79.8157
23.4948
62.7554
-244.509
-76.1863
-239.235
8.94711
746.719
-64.4942
-3.51851
-139.152
-75.7486
202.814
-179.545
-89.0553
104.115
2085.39
-17.2376
-799.394
68.6045
91.4189
-136.398
-0.987964
-7.25574
-92.7988
-80.6225
1259.92
-3.36641
-139.708
91.0576
0.14605
22.5078
63.4449
197.245
2.82188
-118.103
-392.897
-45.9347
424.506
187.764
36.1961
-1145.59
62.5796
-403.062
-1.89396
254.321
64.7854
-4.05856
86.2465
260.106
196.464
-52.4326
-26.7889
36.8228
-106.275
24.6071
149.986
576.828
1125.51
168.525
-69.308
11.5728
-423.796
230.662
95.9347
126.746
378.844
-80.2936
-63.5807
-10.9269
14.5947
4.70906
-26.5211
-25.4904
147.72
-199.775
821.088
345.35
-120.804
202.398
-102.254
-17.268
386.149
3.94964
86.4894
-33.8103
23.932
-146.494
2738.32
-187.919
-57.8322
19.3745
1627.13
-54.9223
85.6298
816.84
-25.1475
-555.575
6.38543
101.978
-970.217
34.3692
31.8685
16.7672
-49.1971
340.574
39.2805
-387.376
-569.73
-176.447
-1369.61
-302.032
82.5157
-9.39418
236.129
73.1561
-48.4996
369.642
33.5504
-636.755
348.876
-342.536
49.277
-423.589
-48.1423
-120.63
-19.277
71.4989
184.786
106.249
-11.8095
57.3975
11.4668
903.488
-1.6937
-414.172
-58.7487
50.3174
9.34742
4.25507
13.9117
260.872
-857.101
50.4725
-45.3039
50.7103
-35.6796
-30.7457
403.389
-84.6305
-49.7829
-60.4467
351.967
-188.838
6.40268
-81.3104
-21.009
-3.66728
-2134.07
71.7961
76.9176
30.757
157.189
-41.3632
-35.1967
-50.0002
22.9629
72.2305
-25.5836
8.81816
-8.37913
-25.0143
129.874
15.402
229.653
-180.066
37.7064
-312.331
12.974
-4.21314
-151.594
24.8371
-101.015
80.0678
214.357
-1069.8
7.59479
-137.865
-2.37929
123.266
59.6647
91.7487
-253.167
121.875
68.7914
-87.0929
-36.1221
43.5841
-2.17828
56.3089
1436.43
-333.103
267.335
120.898
11.0018
-51.5975
-69.4634
443.417
-169.649
-42.3871
136.395
-76.4324
-24.5908
223.41
113.274
-129.04
-99.1849
22.1205
-26.5161
-649.625
-28.4285
-18.7508
-24.8766
-423.645
-192.053
-37.9484
-350.752
120.825
337.455
-7.89256
1303.72
466.024
-0.268522
531.779
701.341
-231.783
34.0803
-276.668
1.55466
20.1254
-49.0669
152.084
-536.749
-15.5233
-60.8415
37.3267
-135.402
-275.108
-74.1421
-718.602
-387.26
-360.783
322.383
-99.1002
-37.0252
-48.2538
-19.7985
9.97245
-30.3729
-148.306
-17.8792
122.331
-106.914
707.389
-149.206
-75.2445
3.32365
-228.812
-200.335
63.4275
-70.9099
257.025
63.9372
-45.8395
-0.886027
-759.882
-66.3591
85.8815
32.932
57.1132
6.1942
111.455
-71.2412
-7.70802
-283.37
-17.476
-135.025
208.818
317.55
-46.2864
203.239
-266.314
20.5832
-381.99
125.24
40.02
-143.274
21.8408
2.28443
-6.33251
-680.34
73.9569
889.996
-38.1436
75.6978
107.549
36.5594
6.84293
3.71388
-98.2929
-658.936
191.419
-91.2399
-97.5599
-160.021
1263.83
12.3844
-91.4345
-297.048
167.102
-17.606
19.8428
-227.445
21.2829
-135.224
-542.531
-96.5273
-182.739
-60.0875
-76.2569
117.15
81.8585
-115.724
-184.697
-103.026
-118.044
86.6099
69.9236
-131.132
839.035
-36.0463
-575.588
73.6062
-908.18
138.042
321.477
-289.799
48.0165
35.221
-14.2179
153.698
-79.8926
135.834
398.661
17.6509
-45.7563
-49.2691
35.7895
-318.422
265.68
-375.452
-804.186
75.2892
-71.0523
354.953
85.91
-133.864
172.807
-53.1501
-59.0707
-15.3648
270.975
238.306
-33.0782
8.9502
173.591
-241.884
-343.028
-32.2533
45.4884
115.621
-48.7271
-44.2223
62.3723
-52.5441
-63.7027
41.8847
-32.9755
-39.7178
56.2403
3414.41
76.5119
75.6217
-132.759
99.1123
75.2286
1006.28
68.3018
-203.947
-391.772
850.849
106.608
-95.0856
199.812
-182.75
70.0427
74.6174
247.264
-1784.04
-510.47
16.8328
22.256
151.708
33.0377
127.579
59.1578
-69.9216
7.11932
33.8307
9.30085
137.916
-72.3649
11.5319
515.277
453.98
-436.727
-131.123
-26.2932
-171.517
131.342
14.1708
88.7203
-398.225
79.5213
-104.79
74.7845
-65.4412
125.633
-163.337
-17.1866
108.04
101.438
43.0239
-43.081
580.226
92.9805
1983.1
39.554
30.714
2483.22
-99.4038
-9.05153
51.8071
52.9449
-191.805
679.278
-110.155
-173.315
-6.96596
32.8981
-141.976
80.7744
-177.58
-175.979
63624.5
259.265
255.39
15.3224
217.96
32.3415
3.59621
19.1659
150.855
-36.0314
-111.659
-2153.73
-0.41689
20.3107
-74.2369
-22.9402
219.475
-16.9691
-316.483
-28.0206
5.73475
93.0862
-385.809
159.829
-250.223
-116.024
114.093
-56.7362
-221.988
-292.464
-32.1208
402.61
476.486
-248.059
51.5097
87.1325
289.88
132.992
-193.091
-58.0323
-98.5854
-90.7357
355.622
-29.8049
123.336
-13.1747
-42.9633
420.735
-52.0339
-193.99
25.0385
-19.4656
-144.968
325.381
272.772
181.827
-225.414
62.3284
36.5166
1894.44
545.578
1391.35
-1657.47
127.498
9.28229
-209.619
704.787
52.9435
-88.507
-64.3474
161.724
-158.629
-50.2181
-9.19803
2841.88
98.6801
202.717
-70.4435
-219.308
-38.8526
-268.333
16.2641
9.23425
68.6649
-417.652
-172.749
37.2298
-250.412
657.232
400.488
23.0953
9.32405
129.455
-3041.13
-60.997
-65.6458
-6.58656
50.1103
36.4388
65.5985
6.11209
-18.3577
448.479
112.093
-57.2534
-112.679
-81.8585
90.4154
54.6121
36.4837
20.254
312.543
85.6188
99.1311
-233.436
41.5783
-1277.07
3552.31
-93.3954
641.576
-36.8674
-1940.25
398.805
17.9533
-11.8896
-458.188
739.286
425.249
0.0458205
-1.83771
-307.257
298.595
-82.6398
151.432
0.858825
-50.0848
107.899
126.822
-144.579
-74.4899
117.142
61.3772
92.3641
18.8856
-119.001
0.924648
-69.376
3.02491
153.227
-31.8268
156.367
-74.5402
1320.29
-77.0399
-608.618
-632.929
118.918
-116.328
-1611.86
-723.476
-26.5919
-400.536
68.2039
3.60914
55.2351
-82.8525
2324.05
-84.9572
144.434
422.466
-119.743
53.8428
-671.665
207.171
-14.2078
667.689
203.129
-26.0615
7.97172
37.0425
-175.269
-205.282
904.071
480.665
18.0986
14.7577
121.426
100.169
-10.41
150.539
81.4541
21.8711
-53.9771
328.533
9.30992
27.2311
-265.162
28.3714
-2.77734
101.65
68.317
-437.573
326.555
163.976
-199.926
42.5316
90.0026
18.1484
-143.731
167.351
996.163
104.239
-708.159
96.3416
-272.735
-59.0987
3.54052
-193.523
474.919
-208.79
213.149
52.3594
-65.9718
-84.6149
201.178
221.407
-44.2405
371.306
-51.287
-118.099
198.96
-176.807
-46.614
1812.79
-504.172
-43.1047
-274.791
151.931
40.0275
695.28
2104.45
-17.8093
-178.531
-42.9904
837.599
-41.8587
-73.5519
129.881
-31.4866
439.297
334.635
-40.0742
-1914.21
0.965405
96.672
160.242
143.289
20.1644
84.8706
-244.075
217.052
89.7425
116.801
-88.49
-157.709
-154.706
239.906
-107.154
-21.2933
-37.9479
124.434
3.88856
-77.1572
-846.404
90.1906
-22.9727
493.563
14.4984
-140.892
90.616
-201.771
169.436
57.9989
-25.81
-41.3337
-560.545
-301.607
76.462
45.7604
233.253
40.775
69.6458
53.9361
1300.02
-18.7403
-269.192
-5036.35
134.686
42.2228
132.399
-73.9298
483.092
234.977
-521.267
-259.482
764.018
107.992
-34.5668
-35.669
21.2152
-218.203
74.7305
679.267
21.2506
-356.789
-287.898
70.6364
-226.259
-297.091
-134.171
-11.9887
11426.4
-179.793
-18.2653
-707.186
-66.5525
-48.411
52.152
101.657
2392.36
-139.9
-15.6898
-100.171
38.6197
-8710.12
-99.2119
-43.2282
46.6788
-237.249
-551.241
5814.76
-72.1595
-253.253
196.125
219.413
24.7598
-21.6493
-166.617
119.841
-169.769
1870.5
-118.586
-55.8417
-77.3112
313.262
269.524
369.069
-41.5197
44.3906
336.801
436.13
-9.17555
-28.9644
157.141
51.4825
-204.533
-962.601
2255.65
-19.0254
381.661
-104.195
34.2114
38.9739
-1508.15
56.9855
223.206
-2.48832
-14030.8
41.0123
69.7066
-459.29
19.3888
3055.43
-47.9644
221.883
-1785.35
-81.7288
544.683
-50.1606
17.2993
50.1744
-1.18137
156.32
92.4328
1650.1
-60.007
2497.44
-19.9484
-14.7434
-213.224
-77.1047
1035.03
-110.602
-51.2693
37.6295
341.084
237.192
126.004
-607.43
66.7454
-279.568
-361.287
-660.147
45.115
-1465.96
-16.6416
-362.317
111.338
174.017
641.433
13.8003
155.161
92.068
-59.7327
-248.01
542.127
-93.2059
-167.075
-116.142
-78.4963
-164.265
591.049
-449.484
-114.511
6.5776
-69.2682
-286.413
51.3115
174.038
-106.731
-204.092
142.213
-57.0963
34.9468
65.8439
-65.6373
162.341
-29.2992
-198.628
-134.678
-94.6176
-91.9339
115.504
234.741
161.428
31070.4
431.713
-139.303
151.613
-17.0901
-137.627
66.372
2394.01
120.852
557.297
95.8814
-56.0123
77.1404
-95.4591
126.213
-137.867
74.5612
52.3412
-204.048
30.9591
-183.994
-2.7202
153.944
4.44686
513.076
3365.2
44.4944
-397.794
-144.903
-1003.92
473.434
40.3905
173.439
-66.2026
642.861
581.4
-108.942
