0.0981772
-3.33161
-1.45057
0.954527
-7.31959
-8.85972
1.31647
-10.1211
-3.91006
14.7191
-4.18427
-1.15896
-0.598851
8.71217
13.9626
1.41162
4.87818
-3.03098
-15.86
-1.01514
-3.92841
0.213964
-2.19165
1.5598
2.31047
2.98386
1.46962
-0.123406
1.00796
-11.2316
-3.56873
1.5419
10.2005
-1.00257
2.22756
-3.85097
-3.58897
-1.50565
-5.77874
1.86476
-0.438153
8.79382
-0.8
0.931257
-6.84618
2.6297
-0.230743
0.613959
2.62289
5.96624
3.09898
-5.46597
35.0935
-13.3647
1.44747
-0.214206
4.51355
23.1324
1.93147
1.43364
5.44485
-4.02524
1.75138
-1.76069
-4.16871
-2.6809
1.893
-0.616695
5.10369
0.733634
15.5104
-2.18461
1.29183
-16.5772
3.66523
-1.21502
0.802889
29.2685
-1.33812
-0.987447
-0.0783195
-17.9761
-1.92307
-4.5801
2.67638
0.367404
2.74053
6.30609
40.0028
-3.08244
0.782235
6.16492
-2.49418
-1.83262
-2.57739
-1.08689
1.06887
-13.8532
0.0874063
0.781263
6.3856
-0.27418
-1.76667
0.263153
-0.354824
-4.48959
-1.00891
0.210959
-11.4343
2.95512
0.459156
-0.0169617
1.41409
1.0508
-0.946987
0.615102
0.818941
-3.17893
-8.33993
-0.236786
-2.5586
-1.64336
21.3204
0.535169
-4.89204
-5.50299
-0.835961
3.1789
-4.63273
-17.5168
-1.27049
-4.98409
0.859419
-0.70475
-2.62097
2.03336
10.0586
-0.512332
-0.743712
2.112
-2.7884
6.47499
-2.04535
-1.11224
2.33775
-5.07521
-0.281233
-4.44327
1.7886
1.5786
1.03512
5.18609
0.610339
-5.34738
1.48599
-0.329543
0.646185
1.6733
0.291421
425.575
11.3594
0.225284
1.50498
1.32704
0.0803489
1.08863
-3.75562
0.887161
-2.20213
25.4953
-0.882341
-3.58029
-0.632575
-2.48524
-13.7619
-3.6904
-2.45892
2.49869
0.78406
-0.0605566
6.68255
1.05952
-1.52869
59.7122
-0.945388
-0.63167
0.918376
-0.360589
-0.23908
36.4608
2.11081
-1.03931
15.049
4.2822
0.585199
1.59438
-13.0306
7.1889
2.78867
15.8046
-0.0302874
2.66771
0.392698
1.37764
1.25353
2.14094
2.22224
-0.549588
-1.35635
0.711005
-85.0886
-0.103947
-2.19372
-5.47223
0.763904
1.42334
-11.2246
6.49791
1.19148
6.00654
-0.678983
-1.00726
-3.52527
-13.8825
-2.86778
4.21202
-15.6281
-0.52475
8.8104
1.10576
7.73903
-6.57483
-0.958718
3.16872
-0.812194
1.53552
18.0611
-3.06141
-1.61487
0.980718
-0.190137
2.15682
-4.45221
4.4169
-35.2802
-0.787493
-2.42224
1.66011
0.63569
0.188364
-0.178941
-0.234754
2.36418
-0.831383
9.7616
-1.49347
-0.593825
50.3111
1.80023
0.235252
2.09671
-4.77551
-3.46051
0.221845
-5.07133
2.51857
3.52485
-15.1087
0.857692
1.52336
-0.528714
-2.72603
-0.950735
-0.732945
-57.56
-10.3225
3.05705
-0.0613203
1.01789
-7.23229
0.825863
-3.17855
-2.35689
0.289153
-3.8351
1.35566
4.8544
-1.15413
-3.01416
-0.0981734
1.40283
0.290696
1.19257
0.40342
2.37837
9.17749
0.323465
-0.845349
-2.70364
2.2793
-2.14459
-1.64458
1.19052
1.12633
-1.34523
-5.85685
-1.83098
-2.03291
-2.06137
12.5562
5.24996
1.92899
1.50439
0.184813
-39.616
-14.3338
-43.3921
-0.200075
0.976642
1.04085
0.546553
-0.854513
-90.6498
13.8952
-1.24749
-0.984805
-1.56836
4.99036
1.43096
0.779966
-3.69316
-5.10036
2.07155
0.165672
1.13448
3.24219
-0.116445
-0.859926
-1.694
1.96391
1.71981
-1.60129
1.72495
3.69495
-6.19105
-2.09661
-2.60591
8.33854
5.96621
-1.08818
2.35997
-0.558958
7.94042
3.00767
0.26332
0.353268
-0.281965
0.544674
-28.9034
-6.47417
0.131028
-0.944632
-0.885631
-5.39701
0.860227
0.337377
1.44682
-4.79025
1.90381
-1.39144
-10.2993
0.57681
-121.19
-146.866
-1.73114
-0.541799
-2.08309
-3.05435
3.75844
-0.768409
-2.42273
-1.18369
-1.53538
0.166386
5.67704
-16.0033
85.953
-67.231
-5.61045
25.6861
-10.912
0.498948
10.9741
2.97013
-3.23443
1.77984
-1.64045
-1.3542
6.14017
-1.57045
-3.37645
-2.43016
-5.82403
-58.4391
4.18813
0.321542
-0.703672
11.0977
-0.57294
2.95625
2.68074
-9.59038
0.516619
10.3452
2.41348
6.91916
1.34352
-0.476123
3.43032
-1.16785
-9.09046
-3.5385
-0.228929
42.5518
-0.504717
0.673632
2.47798
-15.7375
3.68667
-3.61634
10.4087
-2.81579
-1.79893
0.172426
3.82469
0.491608
-10.5748
-1.07526
-15.3669
-1.58005
3.01255
-1.39813
3.04866
2.00097
-1.27495
0.460069
-3.21869
6.78712
1.39569
-0.829393
-2.01111
-5.32237
-2.03589
-0.3135
-1.68652
-5.57609
-1.22252
-4.48884
-2.02413
0.490987
2.11771
-0.588188
0.364074
-0.140718
1.46849
-2.47977
2.13353
-1.60428
-22.1032
2.18133
-5.64934
-0.360199
-3.50975
-4.71788
0.0399946
-0.364841
0.879448
26.6512
-0.608501
5.74494
0.10734
1.93664
2.17907
15.0382
-1.86494
2.05824
-1.23408
-5.89445
2.18481
-1.86115
-1.04082
7.27255
360.951
2.17413
1.7073
-0.199909
1.59881
-0.0607542
0.646299
-1.40445
-1.64113
1.65116
-3.06691
-6.39134
-14.0408
1.23275
1.88713
-1.37924
-4.04646
0.0758548
2.82548
0.0796904
-1.48361
4.64043
-0.0700764
3.54391
-2.49322
0.231467
-0.584741
1.52158
-3.94011
-1.85559
-70.4006
1.00748
-15.0751
0.0737897
-0.305354
-4.47177
-2.80276
1.55078
-0.147162
0.401206
0.90865
2.33024
1.54869
-0.23474
1.8121
1.64691
-2.32736
-0.692163
-1.16389
-0.0752926
-1.60561
-1.18493
0.798632
-17.19
3.98964
2.08739
-1.09396
-3.77432
0.949742
1.745
10.0953
-36.0828
241.01
-26.6597
1.51501
6.47948
2.24209
-1.39686
2.59459
-0.978021
-2.14736
-0.375411
0.935681
4.37769
0.144799
-11.003
-0.97537
2.99423
-16.2009
-1.88001
0.909888
3.93948
-11.5822
3.41444
17.7925
-3.80726
-5.40038
-0.908621
-114.609
30.2491
-3.26424
-5.29244
0.592219
2.738
-137.236
2.05083
-2.46875
1.51004
2.14486
-0.13036
3.68361
-0.138383
-4.05851
-1.18355
3.72532
0.413053
1.23832
0.773052
0.92194
-2.99649
-20.3223
0.328473
-2.49545
3.73606
-4.11851
3.77844
0.600439
-2.39617
-2.08188
5.59503
1.36632
7.21443
-66.2963
0.690562
1.06937
-0.60488
0.288325
-1.90095
-0.142471
1.7163
-1.57185
-3.37824
0.776281
-0.567658
-1.70991
-1.21028
-2.3859
2.37583
-0.246503
0.792711
0.612594
1.89177
-1.96325
-0.339332
-3.39052
0.196054
1.56803
-10.0156
-8.14078
-2.68408
-8.55906
1.83185
0.170047
1.62381
-1.59074
0.0229925
-6.94648
-6.0373
-2.81788
-8.14317
-1.73825
2.51291
-1.31153
-1.59888
2.52748
-3.05171
-0.963336
1.24498
-0.484428
2.29579
13.6533
-7.01061
-0.742166
2.92159
-9.52672
-5.88528
0.425481
-1.26238
-37.4859
-0.277333
0.84014
0.950037
-1.2347
0.367432
-3.31497
-26.2925
0.311062
-2.37495
-0.943142
-2.88931
-6.19492
-0.73392
-2.78027
0.26104
6.59937
-0.464286
0.251404
0.359231
0.853134
9.12149
4.87991
4.01752
3.57883
0.489768
-0.924529
0.646218
-3.01407
-40.5568
3.94586
0.450181
0.8954
3.00436
-4.41298
-3.71103
12.4089
1.85761
-0.805876
-4.8976
97.5904
0.826765
-1.43869
0.282232
-9.95389
-1.33707
3.07114
-10.2192
2.4134
0.612074
0.724164
35.168
2.88697
0.536893
1.10832
-25.3201
-2.53033
1.67906
0.270455
21.7762
-0.797226
2.09014
-0.674174
-2.23441
1.47904
-0.0156784
3.99537
-9.66844
-8.85137
-0.182766
1.13154
-3.69446
-2.02754
0.363916
-2.50769
-1.39569
0.284642
1.63361
1.28284
2.5709
-0.513554
-33.4439
-4.93238
3.93534
7.18124
-2.42158
-5.44736
-4.10086
2.19056
-1.36769
2.69329
0.968283
4.79216
-57.2048
-2.24128
1.12581
-2.59365
16.2541
14.8446
-0.797177
-0.839169
-0.806425
0.447914
-0.939706
1.1341
-0.491179
-0.375525
-0.240206
-0.171363
0.658279
-21.3556
-1.67912
0.264931
-0.998878
2.81008
4.40718
2.91481
-6.80127
-0.871996
-291.967
-1.14988
-3.17963
0.135246
0.0398267
8.43008
-2.07699
-1.13066
-7.3421
5.22769
3.72846
-0.112329
-2.42475
1.85315
-2.96349
3.19022
1.21455
-20.3642
0.27964
1.4256
-7.26318
-13.9808
4.36185
-1.42608
-1.27402
0.353236
-4.17216
2.45687
2.24588
4.87584
0.987633
2.10672
30.0901
-0.652845
-1.34272
-3.18858
18.0089
-1.60055
9.826
-0.193254
2.58129
-0.775604
-2.0766
7.12054
-3.86082
4.33911
-0.640762
4.20567
1.51067
0.928524
24.1511
0.459437
-42.4363
-1.73564
1.35883
0.422246
1.37866
-1.9041
-2.19383
-9.16195
-0.196827
-1.0536
0.0421567
5.35785
0.490816
-0.852772
-0.847412
-0.934754
-0.280423
4.57113
-5.82813
-13.1855
-7.47894
1.04226
-87.2434
-1.07943
-8.65954
0.647975
1.70901
-3.00439
1.4008
-0.000906585
1.26529
2.15401
1.57037
-0.98444
-0.261939
1.78565
-0.0314088
4.594
0.172829
0.458609
-2.2769
-0.137247
-742.358
1.13988
-1.32822
-5.02922
-22.7873
-0.465761
-1.54814
-1.14899
-0.96275
4.041
-0.710738
-2.64561
8.29008
49.9541
-0.490338
-0.109284
9.65261
-3.22446
-0.546516
4.87984
-0.661771
0.71078
-9.31721
-75.3978
9.93978
1.96218
-2.12608
2.08621
0.761044
-1.4138
0.205404
-2.84406
0.800037
1.32396
14.5147
-0.620631
4.07746
0.224708
2.0316
-4.82783
-124.901
-1.93648
0.232298
2.51248
0.447736
89.2798
4.28292
-23.9597
0.922067
-0.691291
0.235768
1.1106
-7.91873
-11.4419
-14.799
-22.6746
-28.4449
-1.84951
15.7133
-0.776347
-0.0994635
0.0378254
-2.27973
1.33355
1.08505
53.5072
-13.281
13.8777
-2.3903
1.86309
0.34844
2.10071
21.379
3.26309
-23.3415
0.108502
-2.21846
4.61302
0.337889
-2.48395
20.788
-0.623873
0.847094
-1.47251
2.42513
-5.30157
-0.100701
-4.38717
-0.515303
0.416983
-0.895644
0.256442
2.84871
-1.00874
8.18839
5.39614
140.549
-0.610742
2.88983
0.500692
-0.473018
-0.45947
3.64476
1.85879
-1.18444
-0.581882
-3.53697
2.77683
102.042
1.05807
219.024
-15.1592
1.55989
3.00766
-9.91314
-2.06377
3.5563
1.94192
3.21123
0.531622
-1.67185
-0.366442
1.16922
1.909
-0.56594
-5.52584
0.530594
2.22828
-0.274527
2.62076
-20.4104
-1.58158
-1.88086
1.86054
-1.1191
1.12697
-2.13057
-3.31123
0.19896
-27.1429
-2.12182
3.9826
0.461039
36.474
1.74156
-2.33278
-1.06282
-0.733896
6.50342
-9.14469
-29.4377
1.14488
5.24857
0.0411119
0.78959
2.37153
0.491444
2.43552
0.982278
-6.83636
0.577933
1.01538
1.2414
-4.32535
-0.87751
2.15741
26.5352
19.87
-0.222522
-4.8698
-1.46147
2.14175
44.9707
-0.838769
2.80362
-8.1596
23.9098
-2.54082
-1.97757
-0.666056
-13.0188
-1.69254
2.03983
7.69183
1.13039
-3.06869
-4.38306
-2.82714
-1.21773
0.290253
-1.04876
0.729322
2.83173
-3.10791
-1.41072
-1.14925
0.933067
-6.02872
4.32785
4.45134
-1.94002
15.3101
-13.0777
-1.074
-1.93901
-1.48701
4.61573
5.16427
-0.597498
-0.513296
26.3134
0.557423
-0.0398918
3.02282
-0.713057
-2.7551
57.9461
-0.640723
-0.506402
0.409828
3.13555
28.456
-1.6994
1.73269
0.478239
-1.14441
-14.1795
1.87461
2.71643
-0.934814
0.0451744
-2.7208
0.518445
3.25919
-3.27929
-0.493453
-1.21466
-9.29807
2.08045
-0.382688
2.41544
3.40781
-0.0583615
0.391316
-4.87549
2.24333
-2.58112
-3.12617
0.0833331
2.43862
2.44891
-0.92507
-0.0801918
-0.00572281
12.7702
-18.1225
-2.11396
-2.56071
0.515806
-0.0524958
-0.209411
5.15585
0.420182
2.19882
4.74262
1.96463
1.25002
11.0126
2.19369
4.36311
0.414267
-2.31627
-0.239306
0.420035
503.522
1.00618
0.533411
-1.15676
33.4136
-0.386976
1.49891
-84.0796
0.110666
0.43721
1.15117
2.53748
4.3571
12.8452
-2.82608
0.0848999
7.39963
4.64131
1.33213
-1.79307
1.87192
3.69734
2.16079
0.980593
1.41237
0.540045
0.150361
1.65632
2.55138
0.794459
1.61094
-3.96938
-1.32257
2.93342
-0.777927
-0.969842
2.40876
3.92403
5.54785
1.81708
1.26986
176.85
1.21475
-290.811
9.45143
0.304226
-1.29603
-0.123889
-6.28468
0.223152
-0.267084
10.2168
1.69161
-5.43474
-6.69499
-0.959457
6.87616
2.15425
-2.70487
-0.0112504
-1.8648
1.37115
-2.40635
12.5905
1.14053
11.981
-1.09425
-2.89775
-2.13944
-2.41079
1.02583
0.865177
-0.359152
-5.55979
-58.5464
3.2257
-1.47657
-3.02756
0.0207799
4.07186
0.25926
0.146883
0.663528
-1.16247
1.10099
0.0349412
3.27472
-11.8691
-3.7635
-2.03614
-0.863529
-2.91452
-0.307045
-0.501166
4.14801
1.06562
-3.17601
3.77202
2.10759
0.90153
0.554918
-1.76258
-10.8231
1.38341
-1.60855
1.54043
-4.34629
-0.205862
-2.28791
-2.89001
8.94856
-0.597967
12.2797
2.23085
0.405579
-0.192606
0.430275
17.5338
-4.19785
9.49087
-2.34695
-1.47297
-9.71334
4.78598
-1.68919
0.173267
-2.04961
0.35455
0.234462
-0.633774
-0.605047
30.9063
1.79958
-10.1106
-2.46463
0.288611
-7.19021
0.269379
-16.4838
0.607006
-0.251877
-1.46984
-3.0769
-5.46478
-19.5317
-5.70665
0.528726
-2.18125
-0.444647
1.08459
-3.77238
0.258609
1.06862
-3.53309
-8.36884
2.0853
-3.63956
1.08169
1.55463
-0.313514
-1.76783
-4.25739
-0.609279
5.51651
-0.304304
-0.755836
-1.17971
3.09512
3.1596
0.966876
-0.322571
2.63608
1.04648
-2.40534
-3.822
2.10036
1.02173
60.4598
-0.425689
-1.33124
18.7277
5.1064
-1.39834
15.901
1.23766
-6.37451
-0.248453
2.76136
4.03688
1.4553
-2.74827
0.248506
-1.24904
-58.5194
0.320207
17.3485
-1.02403
-1.98441
0.752683
-0.966002
-0.807854
-2.06663
1.09768
0.0592918
7.91427
-0.318226
285.487
-5.96032
2.92351
0.952762
7.30802
-0.821647
-2.65511
-12.4161
3.44618
-1.77249
-7.66902
2.61677
2.8527
0.269587
3.56989
-1282.89
-0.994093
-1.33185
-13.9294
-3.26091
-0.604308
-0.427718
1.11639
0.205691
0.0122046
-0.785321
-0.856105
1.58442
-0.318604
3.43398
-0.828338
-0.959041
-7.77008
2.00962
0.297425
5.18903
-3.46624
-2.85166
0.30147
3.03188
-2.2903
1.2857
-7.48923
-4.20701
0.229876
-0.348939
-4.89631
1.01818
0.987004
1.34941
-0.3848
0.668812
0.737367
-4.05424
2.15607
-4.71815
1.21518
-12.0121
0.505057
-0.888137
8.13857
-3.82565
-0.258469
2.66779
0.289452
1.37457
-0.00128517
-0.609338
-4.37254
1.33817
-0.963455
-1.38228
-2.01378
6.89777
-2.48411
3.5924
58.7251
-4.15919
-3.32251
8.88478
1.60111
-0.337001
-1.39525
9.32021
3.06555
4.28127
6.51828
1.91338
-6.06981
-0.28132
-1.74766
5.70208
2.1749
1.88157
1.65737
4.23738
4.67569
-14.4273
-23.6034
-0.886452
10.4669
-0.0627823
9.78102
1.50234
-2.01202
-0.691405
-7.91523
-7.29016
-0.473497
-12.8258
-0.265523
-3.7816
10.2007
-3.34943
3.9999
-6.70311
-0.931833
2.05812
3.51757
-39.3809
12.1633
3.97578
-1.02383
-1.88323
0.631984
8.55235
-0.733315
2.96913
-1.21373
-2.62695
-3.50595
-2.6711
-1.13393
-3.27328
0.58414
6.57269
-8.24586
-20.1369
-3.13041
0.294457
-0.241421
1.60426
-6.87997
3.17692
2.81557
-0.520663
0.00575296
-1.7956
-2.4231
-2.48628
0.131294
0.165656
-0.275709
6.11585
-6.18128
-0.205816
-1.82059
-1.84511
12.0934
3.87276
5.22519
3.13418
-1.8531
1.05457
-3.35543
-9.44248
-0.746519
-9.16579
1.08226
-6.87984
0.957121
-1.68478
1.14329
0.380397
-15.4161
0.712554
-5.13908
-3.14129
1.58688
-3.49102
-0.716833
3.94691
3.74003
10.8699
0.88684
-0.764993
1.37837
-4.37451
-0.933735
0.0318664
4.38935
-12.1883
14.5642
3.79451
0.324711
-0.230038
2.44014
-1.15863
-0.449647
6.36373
0.823691
3.05168
-1.19964
0.986501
6.33738
40.1896
-3.04091
0.244208
-4.26824
-1.3963
-13.1448
1.52393
-0.843771
-56.5323
-0.428241
-54.636
0.195976
0.853977
3.02097
-0.231468
1.26312
0.595143
0.0955157
1.64937
4.62168
0.912583
39.1595
1.66019
-0.637144
2.73546
-0.116522
-0.671781
8.99682
1.75345
-2.06768
-0.134435
-2.22278
0.458554
-0.238233
0.28668
0.827402
-2.67828
1.39395
-1.55963
-0.22211
2.65039
-8.61506
-3.13379
-0.909789
-4.28628
9.15786
12.6123
-1.2531
1.22455
-1.02353
-1.4096
0.25912
-3.3023
1.3616
0.394662
0.683734
-6.62324
4.01202
3.8933
1.72732
0.0717699
1.88924
-2075
-0.881149
-0.646756
0.693156
10.569
-0.60116
3.38085
-0.369676
0.272545
-0.476063
-0.44055
-1.18283
-7.3835
-0.877918
1.26967
0.587648
0.926615
0.969174
1.56098
13.1636
2.04924
-2.94635
7.15316
0.500617
1.02763
1.32323
1.81147
3.43583
-3.5933
-1.78
0.968562
4.15451
1.02438
0.265392
1.34128
9.31584
0.701321
1.13109
-5.10073
35.9613
0.160456
-0.380758
-2.48394
2.19925
0.346444
-0.69722
6.72187
14.105
-0.635939
-0.930026
-0.74701
-55.4025
-29.8755
0.693899
-7.00436
-0.193024
126.816
7.6865
-5.33191
0.108726
2.08177
-114.903
1.57253
1.6195
0.929117
-10.3358
2.61284
0.525214
-1.24409
-3.87175
-0.703228
-8.53737
-1.16969
-0.786128
-0.779991
-1.43401
-0.945153
10.2973
-3.62808
-9.26286
1.23985
2.50731
-19.7405
-7.75511
2.31292
230.621
1.36406
1.35705
-3.77956
2.8029
-3.93344
0.849523
-1.04589
-5.10161
0.103901
9.62906
-0.418511
5.43086
-3.69162
0.0218779
-2.3697
2.05308
10.9213
0.68359
-1.64363
0.520765
3.97898
1.00125
0.942491
-2.74472
-1.14468
-1.03096
-3.59376
3.37896
17.1422
1.3225
-4.62635
-6.84912
-3.69796
-0.641517
1.95582
-0.531877
27.6498
3.26467
37.2192
-1.92505
0.704955
1.58257
-0.340696
-1.73847
2.40454
2.91692
-1.74827
1.31585
-1.13306
1.83473
0.900286
-5.55417
-3.68902
-0.723753
3.45884
15.477
1.62696
-2.86945
1.32684
-2.43834
-11.6029
-0.686808
-1.21752
1.69665
7.79854
5.88895
-0.826047
-6.13172
-1.72847
0.380118
0.596158
11.1807
6.55217
-2.02323
-1.36053
-0.201893
0.0371686
-7.88259
-3.89292
3.92307
-8.71035
-2.26344
-2.04621
-5.38048
5.32508
-1.19558
-7.83813
-3.39801
0.597352
-1.58233
2.51126
2.09891
-0.136195
0.887107
-0.513747
4.79182
-0.731974
-1.32799
-0.434144
-0.154667
-27.8955
0.894165
5.74304
2.95798
-1.37518
1.69802
1.95646
0.388117
3.9263
-14.2192
-1.10017
-2.80339
4.04178
-67.7363
-2.04173
2.59747
-6.19473
-0.351151
2.31621
-0.985479
-8.57372
9.35506
0.0464043
9.16223
-9.08453
1.19
-0.389601
3.98185
-1.12123
-0.547711
-0.0148998
3.02823
-0.639719
-0.431106
4.31893
-2.67331
-67.5452
-2.64175
-1.54788
2.92179
-2.10999
1.59651
1.37199
1.55613
-1.78546
-1.06802
7.43576
1.95906
2.07662
5.71699
-0.84333
0.258751
1.1106
0.748287
3.55391
-4.17902
5.44427
0.13304
-0.166177
-0.218791
-7.92553
8.6333
9.4884
-2.2157
-0.396763
-10.9915
10.7882
0.0959483
-3518.83
-4.86373
-1.72765
-1.54102
18.8474
0.382971
-0.0407063
-1.66504
3.52278
-3.75144
0.586484
-0.261793
0.63004
2.04341
2.57286
-1.07729
-0.249935
-102.699
-1.21796
-0.0721399
2.90565
0.29302
-1.15865
-0.95679
1.33442
-5.03164
103.938
-1.97171
-0.870419
3.73862
-0.330013
2.58735
-1.80451
3.15384
-2.39004
3.93848
-0.816688
4.28706
2.35931
-4.0077
-1.37969
2.66001
-0.378503
-3.03696
-1.66981
-3.11471
-0.908434
-0.769407
-9.22788
1.69869
0.650077
-1.40811
1.45553
2.78251
-11.523
3.61909
0.516833
-21.6584
6.17208
-4.3045
1.85644
-5.84787
4.76824
0.515079
-1.87618
-2.24299
-0.18409
2.217
-3.25907
3.25219
-0.0537006
1.68812
-2.19265
1.57058
7.37175
0.300992
-0.985417
-1.5604
-2.44183
-2.76447
-10.9094
4.3664
3.72494
-1736.46
1.16161
3.59308
1.92143
-353.161
-1.84021
11.4345
1.64952
1.64449
-3.11334
2.35882
-1.21318
2.87103
17.5532
1.12068
-0.357346
1.78683
-0.905684
-2.13815
13.9984
1.8466
4.21412
-0.684645
2.20163
0.206528
0.352642
-1.81809
4.59073
3.99732
4.04348
-0.292266
0.34869
8.00001
-3.39935
2.99215
1.2536
0.146908
-0.476127
0.623642
0.854522
0.228963
-1.91969
-0.530465
-10.1797
-0.224126
1.83705
-1.21982
1.76311
-0.896162
9.6981
-1.78546
-0.0599301
2.75774
-1.56809
-21.7789
0.27375
-1.76629
0.776136
4.83271
0.629593
17.1134
-0.438261
-0.995678
-3.27058
0.474378
-9.19812
0.333305
2.16366
0.709131
-1.1984
-0.858613
-0.385716
-10.0757
2.76812
-1.49593
-10.2084
-43.8251
1.68349
0.93726
3.75621
5.10108
-0.306632
1.21316
1.08436
1.66114
-1.16663
-8.35034
-0.446613
-1.8935
-7.01434
1.20278
1.57031
5.70836
-3.64815
2.7281
-0.304247
-0.556807
2.34458
-5.01179
6.47192
-2.19936
3.50025
4.44529
1.29118
-3.61614
17.3339
0.954904
114.28
2.11702
2.1463
1.58186
-19.4542
-46.2739
7.9424
7.11623
-22.478
1.24512
-2.66867
1.92521
1.06141
-5.94508
-10.5904
1.05023
3.53474
-6.80633
-2.59802
1.89326
3.59333
-2.61013
-4.43666
129.545
2.96387
0.624538
-1.37039
2.16919
-2.95714
-18.5623
-1.45642
-2.37871
1.30874
-0.569601
-0.772659
1.79654
2.86899
-0.540698
-4.31573
-2.05128
1.01481
-1.62988
5.15257
1.46577
4.80427
0.0166931
-0.266683
-20.092
5.00467
-0.60845
-1.32777
1.55714
-6.76805
-0.670274
1.36204
-3.39724
-5.33729
-0.863063
-1.63306
6.47265
-3.89048
-1.10903
-19.6079
-0.301948
-2.23267
5.71965
-2.79211
-0.0957702
-2.99912
-1.77692
-6.27185
-0.996408
8.3107
-4.28269
-11.372
0.356065
0.0343328
0.888864
-2.06226
0.294974
-1.02629
0.252798
0.0769815
10.2773
0.752719
13.6309
3.39146
-2.91268
7.4564
0.448883
3.6295
2.89753
1.26322
1.49425
2.17415
75.3234
-6.27325
79.9687
3.26074
1.88305
-0.385968
-9.97222
-1.29452
81.0183
0.518231
-12.7805
-0.803148
-4.88289
1.90448
-1.06261
-2.51374
0.906965
0.886882
-0.765254
0.986351
0.427648
2.74521
-1.61812
-2.13798
1.48583
-0.893602
21.2519
-0.638916
-4.37591
-0.740136
-7.00492
-3.41044
-21.8299
-1.50533
-0.90042
0.684888
0.269209
7.91613
-2.90381
4.34841
-3.0418
2.40746
4.64051
13.0803
-8.35178
-1.95805
-0.0857725
-1.89822
0.0361914
6.8323
4.37639
-0.62692
12.9364
0.745465
-2.93317
-1.36329
-9.92764
-0.115672
0.479857
15.9706
0.945544
-0.219036
208.41
3.60291
7.98327
-1.28232
13.8651
0.735472
-0.997966
-0.80217
6.35647
322.041
-0.30273
1.49473
-1.8081
2.35986
0.624876
47.3311
1.26055
0.254319
110.316
-3.70985
-5.42193
28.7151
-0.81212
-25.6999
1.71409
1.11116
4.42875
-6.59732
-34.4137
-3.90586
-2481.7
0.527684
-5.31711
0.160836
-1.08729
4.87343
-1.7432
-22.2913
2.37488
-2.17722
-0.853832
0.996615
0.46292
51.602
-0.473275
-0.319017
-4.31123
-5.21511
-7.41592
0.893271
0.677257
-1.3118
0.988747
6.41293
1.28575
-59.0378
-2.13093
-16.9529
9.55873
0.0636322
2.25537
1.94509
-1.2925
1.93762
2.36639
-49.1939
1.09664
2.94412
1.62316
4.92756
-4.2162
-4.35608
5.7211
-0.0820951
-1.87841
-1.35562
-2.8227
0.161659
-1.17153
-7.18424
-0.912349
-2.36347
2.69614
-1.08286
1.14325
51.863
3.42364
-1.63304
-0.501303
-14.3411
-1.79592
5.40975
2.88461
-6.76106
4.35329
8.61983
4.15461
0.528075
-14.6397
-2.08972
-1.3934
0.502256
-3.79278
-84.0612
-3.51944
1.34044
-8.5064
-1.5966
-20.667
-2.15472
3.60896
0.173367
-5.28817
-0.766821
1.02608
-1.88649
2.50704
-2.04316
-0.578298
-3.17654
-1.67946
5.6652
-3.95681
-0.316789
7.88159
0.764922
8.63813
-0.206516
1.71584
-2.7391
1.42816
4.80966
1.15888
-1.24647
-0.254866
0.061492
-0.272899
-8.93428
4.03209
-25.0578
-0.10112
0.155264
1.62147
1.3198
3.98457
0.0799781
-1.4805
51.1296
-10.0153
-0.436671
-231.299
-10.6518
4.04894
-8.67398
3.90837
-2.68916
-0.27779
0.797645
1.65913
-1.38574
-3.52431
-2.12002
0.587804
-4.3931
-2.62838
0.000224232
-0.545083
-2.02146
3.6889
2.97368
-2.31118
2.37118
-0.611459
-8.91471
-4.23149
-0.826638
2.0589
-2.75127
-7.4906
-2.54543
-2.12874
-9.06969
-6.45432
2.26877
5.29761
-1.96885
-5.29228
2.29619
-1.19028
-2.82028
6.23626
0.677263
2.62717
12.4011
-0.287071
-33.5028
-9.86757
-1.58025
1.24308
-0.579023
-2.91722
-0.257862
0.868196
0.185389
2.8696
0.874628
3.05614
0.801301
5.74052
0.794943
-4.36283
-3.75365
-25.4192
-1.56129
-0.735073
17.3428
4.03719
2.16144
-0.00688837
-0.87727
39.6597
-6.18003
-24.1452
-0.828627
2.73564
3.46223
-18.4922
-0.640372
-0.929579
-0.223395
-4.21135
-1.02808
3.94962
1.24496
-1.02901
17.7753
0.848293
-10.2606
-2.00958
45.8464
112.606
0.0373859
0.491569
16.5087
3.11721
1.02818
-27.9858
-3.44675
-0.120868
-12.5811
-0.907557
7.91135
4.67448
-0.345149
-0.138334
-53.4291
-0.270201
-0.528046
10.2368
-1.19119
0.315196
-135.231
2.62778
2.6833
-11.9335
0.302287
0.607202
-1.69317
-0.855477
-9.57823
-0.611246
-0.759503
0.818471
15.4554
1.79753
7.44162
0.152301
-0.772569
0.242043
-1.5969
80.3293
-0.192539
-2.58929
1.9827
2.61839
-0.141964
9.69778
-0.0947961
0.187082
2.93222
-0.700402
0.896638
1.46835
0.401469
-2.58778
-37.8523
-6.35721
1.83683
-9.3211
11.5722
3.07586
13.0942
10.6518
-0.0546872
0.142452
0.763016
-2.83694
-70.9231
8.48405
-1.15389
-1.25198
1.67732
3.5474
-1.18151
-0.429358
5.35732
-1.23909
-0.35069
2.84484
3.10368
1.17307
-6.10262
-0.766591
-0.503425
-33.8464
1.36568
5.43136
-0.802936
-0.0974803
1.25847
-0.590505
-6.52396
-23.1214
-3.33012
-3.56557
6.3377
0.40494
-9.17661
-3.45988
3.42519
-1.40422
0.265969
0.723573
5.71489
-1.95909
-0.094448
2.49372
-1.07159
-1.3442
2.44058
0.791936
-3.29591
-3.41689
1.26788
-1.00942
-6.55284
-1.16099
2.5991
-139.24
0.371371
-2.98398
1.48033
-4.45778
7.60892
2.11323
4.90143
-8.90332
1.3126
-5.01271
-3.7808
-5.05228
-5.31219
-2.25365
-0.500764
1.92612
0.791618
-4.76238
1.28314
-32.6464
0.939835
-0.608019
3.26873
0.959833
0.162948
2.00634
-2.96298
-10.8287
-4.64183
0.82324
1.63281
-2.37721
-1.6367
-5.41086
-1.21905
4.89607
-1.02967
1.27962
-2.08014
-1.49573
1.27845
1.8052
4.61414
0.561421
0.959495
-4.25276
0.629583
-0.0734868
2.03508
12.8144
2.28534
1.04074
1.43575
-2.69001
1.64865
-5.26944
1.56047
0.500233
6.65499
1.65504
-4.49453
-0.305427
-0.669421
-5.44966
-0.759456
277.149
0.529765
-0.481587
0.287426
-2.7766
8.4982
2.93865
55.8463
-0.127314
-6.66653
-3.08136
-4.12755
-4.9473
11.2901
-10.9964
4.98077
2.21293
1.60977
-20.4471
2.32637
-1.05517
-2.61212
-0.215712
2.86469
3.21978
-0.787939
-8.56809
-5.41119
0.952339
-6.37514
-18.0561
-25.4669
-9.9312
0.596529
0.464018
-49.6613
0.408345
1.50496
-0.166223
-8.41696
-2.04553
0.619007
0.0834281
-1.80398
0.072872
-1.94867
-3.6951
3.31681
1.79142
-154.958
-1.69156
-0.228823
5.84458
0.0124221
0.768335
-3.14337
11.3722
-0.528743
-20.8171
-0.371592
4.75525
0.567879
-0.864102
-0.845973
-1.09363
1.19428
25.5689
1.66332
-1.72618
-1.51928
-1.24411
10.4727
-1.62851
49.2011
-1.77761
0.957253
1.22354
43.941
-1.64323
432.802
-1.96837
15.5447
4.13414
-0.596302
-1.75033
-0.650861
-0.346848
2.3242
1.9442
10.5916
80.4408
0.433848
-7.07002
0.833409
18.1354
0.520389
-1.67565
-3.04925
5.27963
3.74102
-1.23894
0.827788
-11.5261
-3.75652
-2.40817
3.93157
2.57887
-0.82858
-2.11414
50.4084
0.457748
11.8382
11.1855
1.9869
0.497895
1.11581
9.65034
0.807229
-1.8695
8.23243
-0.142365
3.79796
-6.95097
-0.971187
-1.58561
-0.544701
-0.678044
2.39989
4.42418
-0.136492
3.56303
4.31047
-89.0665
2.65634
3.59118
-1.36373
-0.599927
3.1588
-1.73991
0.566702
6.52031
4.29867
-2.67042
7.8602
-7.97488
-0.41278
-12.8758
2.97598
-0.129458
1.88248
-2.46286
-3.7462
-0.181496
0.26097
-0.686096
1.65788
-5.28225
4.69027
225.083
-0.134147
-0.167883
-702.94
-0.0875135
-0.369417
5.53732
-1.0345
-2.45657
-2.6593
268.853
4.82045
15.928
1.46503
-15.2837
0.438887
0.528114
-4.49831
-0.074609
0.867471
0.319903
0.959026
4.24203
-0.44977
3.49888
-5.02016
3.46344
-0.958576
0.307786
7.59391
3.83788
0.442924
-41.1287
-0.433721
3.5087
0.863258
39.8648
0.213204
3.0371
1.98216
-1.66336
-4.83856
-0.760097
-2.35658
0.574511
-1.93275
-7.27986
0.0539624
-1.60436
-1.0034
2.28377
12.2155
-4.36869
2.0442
-0.348564
1.33159
-0.887638
1.07923
0.023057
1.31223
-0.375961
-0.320525
1.50899
2.24998
0.444387
0.768886
-1.51114
0.430688
2.48629
-2.45129
1.6018
0.279329
-2.91519
1.56879
-0.547929
-0.720238
1.55454
1.9239
3.81442
3.03304
2.03931
1.55253
0.767159
3.107
3.65047
-6.79103
0.811487
3.44091
-0.245876
-3.59216
14.5
-208.689
1.85297
-3.22496
5.07558
5.134
-2.06499
4.12112
-0.924329
-2.51349
-7.07222
0.860489
-3.16224
0.425436
1.21036
0.666714
-2.64261
-1.23179
9.13685
79.6431
-7.10341
11.0578
2.05796
-1.16807
0.229304
-13.1886
-16.232
0.220382
-3.30139
5.00772
3.00759
1.53369
-0.513908
7.71051
11.1421
-2.51235
-0.0211423
1.094
-3.94282
0.704194
0.0116445
-1.55392
1.38593
-1.01765
-2.37789
1.15915
1.73853
0.402148
4.82806
-6.12962
4.46136
-3.92485
1.89103
0.719403
-3.44425
-2.46098
-1.6162
-2.47825
-6.29494
-3.85232
0.132309
-3.60698
5.84248
-0.634382
-12.0033
0.0783774
1.11237
2.14555
-5.6139
-0.338494
-1.77913
-1.24126
-31.4359
0.546145
0.475503
2841.49
10.3715
1.2005
0.0668827
0.64007
-0.472707
-22.5469
-0.12016
1.83116
-0.955067
-8.4418
-4.3301
-1.99234
-3.92818
15.7307
0.872701
0.0432991
-29.6273
-4.69108
-0.311487
2.63854
-5.97727
-0.609134
2.89493
3.42734
1.68418
5.22528
-1.81525
2.28327
-1.37053
0.349181
1.16765
4.30814
25.1668
-21.3503
-0.421427
964.287
4.57538
-1.81729
-4.35978
2.28533
-14.6041
3.32953
-10.2832
0.578112
1.36191
-7.44681
1.36616
-1.9249
-1.03591
1.09008
-1.45026
1.70456
3.44086
-1129.87
-1.19997
-0.143724
-1.13032
-50.9457
0.584669
10.2054
-0.823529
-12.6095
-0.468203
1.64129
2.32455
6.73149
-0.132741
8.91285
1.81016
9.22896
-2.78094
-5.97876
7.90175
1.66723
2.538
1.97984
-6.10173
-0.165397
1.75818
-3.29741
-6.21999
-2.91537
-1.84318
0.510109
-22.4784
1.28615
0.192355
8.89769
0.225535
8.1673
1.20336
-0.674927
0.793227
-2.43747
8.99536
0.496353
-6.76725
-1.36787
-2.01884
-0.64518
0.713974
-2.14374
-0.798662
-6.65688
-18.4844
-649.394
-0.449785
-1.89674
24.7194
-0.618178
-15.7882
0.232761
2.35609
-5.1906
1.66638
118.501
-4.24381
-0.538568
0.131326
3.5287
-2.68122
-3.75453
-0.447331
201.045
-1.42163
-0.642571
-4.59847
3.90098
-0.65933
1.53868
-4.55477
-4.30249
235.194
-4.98079
-7.47347
0.330918
0.833885
0.231585
3.06969
-2.3397
0.229424
-1.63656
-3.63733
-10.0728
-24.8617
-2.37512
-0.170205
7.08702
-1.79738
-0.510914
0.558767
2.16837
1.03806
1.81101
2.04581
0.904721
0.939717
-12.7608
6.50995
0.826492
4.87316
-1.88054
0.591004
0.593821
-7.75496
0.639285
-3.56118
2.71076
3.06833
-6.59342
-0.77774
-5.88847
4.08608
2.03685
-4.46081
-1.15619
-3.00143
182.57
-2.85912
0.77776
5.22121
-4.38586
16.621
-84.1139
3.71231
0.0286641
-2.46553
0.300949
0.893375
1.94622
-6.45819
-1.57982
0.682203
18.324
3.06534
1.99921
-7.20916
-7.60222
1.05564
1.68801
-10.8046
-23.3944
7.30205
-4.80022
-6.93767
-0.697283
-1.09116
-4.06433
6.93978
0.191361
1.37764
-0.279485
16.9254
-1.57855
4.18903
-3.23793
-11.0578
10.9525
1.81901
-16.5701
0.162496
-8.2713
-2.47557
-2.93607
2.12774
2.27467
0.059832
1.43632
-0.882265
-0.623147
0.310508
-3.7064
-20.104
1.34139
1.65329
-3.51844
2.54045
6.99859
-45.2084
-6.47936
1.66094
3.19253
-0.335229
1.46175
-4.74459
0.509112
-0.00633437
0.298129
-1.41998
-0.555023
0.346871
13.7344
-1.19691
-1.01534
5.51807
-0.912745
4.25274
0.346668
1.90868
-8.33914
-1.44773
0.159883
0.507018
-8.74968
-0.132185
-0.901203
1.81323
0.197242
-24.1198
0.435935
16.2471
3.07803
-3.97824
-5.14323
1.84784
9.5502
-19.4232
-1.69588
6.72281
11.5961
-0.218399
-2.55596
-0.392759
0.703114
-1.09398
-5.8581
2.65018
-5.41838
-1.7381
2.61018
-4.2107
0.0381165
10.6858
3.70293
-0.824023
-0.141739
3.4248
3.11408
1.44824
1.36396
-0.364852
-5.59296
1.75541
2.9286
1.34935
-2.21908
-97.6
11.5325
0.609485
-0.0429174
-3.35446
8.42661
-3.4081
6.67485
-6.77306
-6.11741
40.0809
-0.572511
-2.53679
2.94158
0.473087
0.252032
1.11607
0.900994
-16.3575
1.73721
-11.8449
-0.303413
8.16432
-21.6172
1.9239
25.9351
2.61698
-2.25487
1.20053
19.4038
-16.7808
-0.555129
0.30012
-2.07304
5.50086
1.03214
3.9738
-46.5868
0.291282
-3.5004
-11.3163
-1.52793
1.09245
4.02976
-1.04854
19.6815
-6.00696
0.637733
0.897604
0.703708
-0.521678
-0.216402
1.14399
-7.83319
1.06437
-2.80767
-0.321988
8.4271
1.04827
2.13477
0.155882
0.0983516
-3.51312
0.398552
1.2981
-4.76907
-3.54375
4.66893
-3.6914
3.58463
3.61907
-1.66046
-4.37871
-11.025
0.744145
5.13035
2.90004
0.902085
2.37626
0.238272
1.5641
0.650702
-3.65216
0.771175
-3.35437
-0.843094
1.10596
-1.07213
4.53261
3.0442
-1.51964
4.51671
1.05381
2.36798
3.12419
-3.35263
4.77487
-8.06778
-0.766993
-0.577902
1.26484
9.78489
0.496069
-0.07483
-0.342135
-7.01194
-0.046884
0.0772855
1.91009
0.558703
-3.10529
1.42248
0.432809
-0.121144
1.03555
-1.44095
4.40743
1.23777
1.87918
1.86326
-1.87604
0.650494
1.80465
-0.701427
0.643838
3.64582
9.36156
-1.02764
-3.30533
0.781198
1.11442
0.107644
9.9931
0.328505
-0.592799
-0.903459
-0.459724
0.159342
-0.413579
-0.586175
0.863824
-0.407259
-0.311736
8.61738
1.14049
8.90492
-3.1807
-1.89935
-1.29447
0.627248
16.2966
-1.55173
-39.7771
-2.9555
-3.45543
-16.9402
-5.15476
-23.293
-3.42304
-48.4359
-1.68747
-0.482006
-2.06239
-2.02076
-1.57935
1.56011
1.37716
-0.446372
9.24253
-0.874026
10.0314
2.73754
6.41788
11.4763
-2.85632
1.48488
-2.01732
-2.01646
26.8135
1.22317
-0.35822
1.57302
-2.52855
5.20969
-4.07394
1.2561
12.063
-2.86915
-1.3889
-1.23231
-1.72466
-6.48946
0.959543
-0.284825
-49.2661
-6.94197
1191.53
2.9034
0.817138
-0.744405
1.28292
-0.953458
4.14856
0.506669
-3.94765
2.54409
-2.5391
0.625575
2.20837
7.24687
0.524983
-76.4837
-6.84926
1.03725
-0.895346
4.12306
-5.19328
19.3836
-11.2377
-5.72103
-1.03567
-4.37367
-1.62032
-3.93553
-2.92943
1.90849
3.49982
-2.78833
-0.471383
1.07821
0.556673
2.52861
1.50738
-4.61717
2.81141
-1.7601
18.0453
2.28179
1.75254
-9.99823
2.07086
-3.09175
-1.12236
-1.40719
-5.50384
0.929211
-31.6044
-1.67521
-9.62222
4.24478
-0.967148
-1.25511
2.65074
0.534879
-0.514821
0.495768
-3.11058
0.877423
4.88316
-0.0636191
-0.679661
3.8604
0.475596
0.271978
-0.00928857
3.83963
1.33847
-0.159055
-2.56923
-1.3501
-2.49505
12.5712
2.79945
-2.05149
0.218975
-0.639725
0.453256
0.279307
0.922282
-0.103002
1.14327
-1.02072
2.99354
0.305433
-14.7809
1.22607
-2.66466
-35.9968
98.4012
-3.02801
-4.67777
0.0121509
3.73271
-0.910771
10.8793
-0.584755
0.583098
-0.131115
-1.34728
0.513802
0.484287
3.89992
-0.054459
210.504
-1.07301
5.26475
7.24857
-0.797148
2.5717
55.7176
-1.79266
29.4975
-1.66082
2.85294
1.29793
-2.14864
-3.60652
3.11554
21.5088
-0.617548
-4.27165
0.288483
-1.05162
0.522565
0.0831718
1.9437
-2.0343
1.40321
-1.29647
0.369512
2.56117
0.670428
0.572391
0.856317
0.244553
22.4286
0.0223451
-0.54634
1.35383
-3.24912
0.744924
-0.420448
0.416342
9.0131
-2.26723
-1.01962
-0.755836
5.35359
3.27167
4.12334
-2.31919
-3.44082
2.38823
-0.126739
31.5709
3.71586
0.489405
-10.6966
-1.46378
-3.51011
4.13481
0.360387
3.60675
-5.18771
1.396
2.36287
-10.0207
-0.575036
4.23365
7.50898
443.529
0.575383
-12.3053
-31.627
2.58283
1.43168
2.11574
1.21607
-1.40112
2.33585
-1.41355
-29.9865
2.1061
5.45654
11.3932
-0.604195
0.998412
1.52097
1.74067
1.19965
1.07397
-1.05996
4.90322
0.967643
2.83761
14.7573
5.34389
0.276441
-0.758792
24.092
-4.0162
1.83752
2.55556
2.48575
-0.195
-0.582381
20.1729
5.24416
-1.5691
-1.04204
1.12292
0.678852
-0.262817
-29.3362
-8.06837
-4.62895
0.947283
-3.3782
1.08397
-0.89252
-5.99054
-63.6893
0.36257
-0.411225
2.1124
0.260995
-3.42259
-3.0956
4.60556
-0.998114
-11.9035
-3.85932
8.16399
-1.64648
-3.70294
-3.05715
2.98716
1.45108
-122.246
0.638235
-1.15444
8.88354
1.17857
0.670858
-21.2592
8.3999
3.71079
-3.89147
5.2089
1.5401
0.979054
-1.26375
-1.5962
5.66461
-1.89836
-1.87191
-9.02052
-1.00174
-10.1754
0.640985
3.70457
1.18852
-1.01909
-4.24665
-0.0166743
-1.20001
1.25701
-1.23831
1.65714
8.52077
-24.6366
1.26224
-0.69729
0.381894
6.10893
1.45454
-2.73659
6.34272
1.23631
-0.0473885
-0.0765876
0.417055
-7.15349
-6.80973
-10.7437
16.4114
52.7807
0.450913
-0.95154
-3.57372
2.00161
1.29198
4.6977
-5.35514
3.03577
-1.07314
-4.45133
0.798707
3.08877
-13.4241
3.85234
8.32504
0.572637
-2.81937
0.630953
2.79213
1.94092
3.64366
0.198934
2.06908
-0.601218
-4.72147
0.366688
-0.617335
0.211478
0.587506
0.995398
2.51359
-1.50096
0.0578281
-0.935715
-5.07319
8.85232
1.86314
0.377941
-2.98347
-0.38436
-1.48675
0.337649
-272.014
1.8364
-2.48076
-3.99718
-0.238995
-1.44715
-2.28334
0.353565
1.46011
0.504948
4.54289
-3.13015
2.8149
0.167817
2.31675
2.66625
0.237607
-0.0469549
1.7383
-0.47093
0.0360422
-0.00584787
0.171954
1.26283
-1.48225
-2.9631
0.606301
-2.24944
0.407672
0.707488
-0.86454
-1.54192
-1.67405
-7.21214
-3.19844
-0.351913
-0.389017
1.69518
-0.237191
-4.97116
1.37367
-0.646743
-3.58039
-2.79057
1.11103
10.8404
-0.884704
2.17767
-10.4473
17.3277
-4.64722
-3.92096
-2.95447
0.300225
0.605257
-1.30653
46.5445
-4.08849
-3.22626
-8.16094
2.35288
-19.9001
4.73843
-0.177168
-2.26331
5.97235
0.221164
27.4586
-6.05219
-3.9876
-4.5109
3.75244
-17.8285
-0.293921
-1.9902
-1.15228
-1.85683
2.37791
-8.47227
4.44804
34.7494
0.795046
-6.64532
-0.414755
-3.79975
-1.6325
4.8351
-0.528984
4.65577
3.61368
-5.56265
-14.117
0.781837
-442.188
8.27106
-1.85405
5.91823
-1.45015
-0.609962
3.4574
-3.93028
0.499219
-2.17103
2.08413
-0.0612326
-7.99129
1.74829
-0.0770821
-1.33634
6.41773
8.15393
-0.72833
0.415726
0.166649
-0.780565
-1.86664
1.32324
0.363291
17.9626
1.89753
4.32171
-0.961808
0.343711
1.96069
28.5858
1.39457
-8.60615
-0.756756
-0.368402
-0.968239
1.30942
-0.144419
0.408306
0.277571
6.53827
1.53153
-2.06122
-68.3357
-0.990742
0.0829614
-1.58451
-6.18703
0.0392149
1.88416
0.893708
-6.61142
1.34471
-2.10102
-6.1313
1.15063
-2.42464
1.75599
1.07021
-18.5486
-31.2126
25.9649
-0.627119
2.82137
-4.37914
0.677696
-1.93086
8.45425
0.835426
-3.2265
-2.34698
-15.1153
1.19517
-0.69521
11.5391
0.417204
-69.9481
-1.10652
0.273968
-11.7962
-0.587885
-284.134
4.28048
2.73729
-8.3402
-0.524998
0.50861
0.121901
-1.64858
-1.33269
-1.93481
-4.19254
-8.33479
-1.05902
-0.590868
-2.11714
-0.296427
0.208499
7.40352
0.778937
-2.88165
0.984603
0.504508
79.8068
2.48999
-0.0267302
-0.355395
-16.5351
0.594681
2.06588
9.26987
0.492972
0.63545
-109.382
0.352525
-0.686011
-9.57722
0.194393
-13.656
1.27102
-1.72462
0.362745
1.24373
-0.787389
25.4958
-4.11966
8.23968
2.46583
0.0364909
-1.41898
-1.17165
-1.91872
5.79335
-2.94793
0.194187
1.09619
5.62891
-3.36875
2.81296
-0.947584
0.592949
-2.555
2.30137
1.08236
-6.47265
6.01375
1.12293
-1.19985
25.7647
0.0200576
1.5832
3.49666
0.717174
1.45075
-3.28452
7.48878
1.26657
-27.4693
1.36594
0.174371
-1.69837
33.8738
1.16566
0.267707
-2.58302
-2.99541
-10.581
1.12614
-0.37248
1.07498
-0.863563
1.87547
-5.20731
-1.84741
3.40358
-4.24911
1.42375
-5.60351
-1.46619
1.70034
5.11069
7.60409
-6.31726
-7.34373
-2.72927
-0.841733
-0.590676
3.60727
0.972015
-1.64362
-0.398781
-14.3622
-6.52055
-4.19391
2.48552
-6.53205
-0.114101
-1.64832
-3.56651
1.05355
-117.85
79.5637
0.290051
4.32002
0.554841
5.1493
0.726525
-0.217852
-1.65226
-0.130971
19.2517
-0.632063
-4.12934
-9.14175
-1.40779
1.76548
-1.7601
-0.08881
0.66916
-0.968232
-1.48902
-0.869486
5.69553
2.773
-0.228635
202.876
-0.812979
0.342832
-2.24705
-4.85265
-1.68133
-3.02169
-3.66368
2.51038
-1.38204
-0.490691
-0.0643611
6.27626
-12.3164
-0.996227
0.612586
-5.46145
-1.04587
0.731365
-1.774
-2.69699
-2.14586
5.57149
-0.509376
-4.69824
0.942467
3.76611
-0.214339
-4.78964
-9.08205
-1.15431
2.04016
0.980328
1.75533
-5.11689
-4.80149
1.34843
7.24514
-0.601548
6.57022
1.92674
4.31628
1.98014
-1.9585
0.869579
0.789924
4.90205
4.05335
-1.69126
2.53351
-18.3402
0.077242
0.301663
0.181343
-0.518723
-4.57699
24.6679
-1.96252
1.43735
-2.9982
-4.04041
-46.0751
2.39165
5.63847
0.750625
-0.814814
0.341978
-0.288812
0.18656
54.598
-0.62236
5.6667
0.180915
4.03104
0.166337
3.72571
1.69866
-0.985036
3.31555
0.619976
0.703586
0.145329
-10.3074
-2.95884
-2.24045
-0.510818
3.08053
-0.224772
-1.66492
11.883
0.453382
0.419724
-3.63244
2.83196
3.86827
-10.5368
11.9973
0.794059
11.8625
1.74136
3.36995
1.82261
-3.02835
0.524174
15.4764
0.859884
1.30362
15.7542
0.3292
-79.5263
0.41708
2.14068
1.88273
-3.12006
0.55114
1.66023
37.0171
-0.826612
-1.91873
0.988103
0.0710863
-8.10227
-0.659173
-26.0135
0.0931359
0.592019
-5.49879
-4.24418
1.67095
1.32914
-7.41135
3.09292
1.19399
8.35061
16.4446
1.4342
-1.51818
-1.17659
7.61542
-5.75844
2.0089
3.92605
12.7604
-1.99655
6.26942
2.08804
-5.14235
1.81118
-8.92953
-0.513835
2.5762
3.62347
-0.347136
-0.851448
-0.944579
-1.38437
0.420395
-0.131578
-4.84267
0.728598
0.427975
-2.78457
-2.25747
-0.938002
-1.62591
-1.08969
1.14204
-1.80457
-0.60997
4.95974
-1.96513
-2.25512
0.601693
1.48732
-0.804752
-13.0835
6.60941
-0.356095
3.60307
0.350951
-0.597813
-230.018
1.65906
1.41241
20.1498
-23.8148
0.994304
3.02783
2.71636
-0.827356
4.08108
-0.0374869
2.86306
-2.0104
-2.00972
17.1606
0.329997
0.1201
-0.32489
-0.0988888
4.71901
3.0204
1.25112
7.138
-0.629658
0.340043
3.27322
-0.536872
0.788315
-0.168649
6.17955
-17.2899
-1.40971
-44.8511
4.45292
2.94798
0.333776
0.319013
0.765781
2.37626
1.84729
0.000554079
1.01314
0.203878
9.11081
-13.0903
-20.3657
-14.2761
0.840358
5.34634
0.737417
-2579.82
4.62535
-2.3857
-1.09238
-2.67343
0.399289
1.04571
-0.514325
4.97447
-1.00773
-0.0942988
1.71354
-2.40536
-1.41269
1.05659
-99.6932
-2.70326
11.7352
-1.16675
-6.19391
-1.2584
-0.175788
-4.05935
0.433941
-2.51478
-1.57598
-1.06142
-1.52128
-0.0128147
-0.41383
6.65972
-1.02763
0.470413
1.82675
-16.207
0.84351
-1.82778
-4.01988
-1.26398
1.31014
2.54123
0.888148
-2.69384
-9.6242
4.76308
0.931723
-1.32665
8.69447
1.11021
0.444202
-7.1504
-0.653651
-0.00420312
1.16084
7.93478
2.32577
-39.1862
-0.30011
1.34665
-1.92962
3.94234
-2.76658
-3.0694
217.773
-0.457239
1.5892
-1.40188
-1.45875
37.9828
-0.300592
10.7491
9.31199
2.38896
2.38881
-1.03164
-1.75841
-0.398786
-0.374621
0.479752
0.48778
1.64759
-2.7833
-8.13439
26.5774
2.99809
-0.156236
2.09039
-1.03013
-5.60318
0.793585
3.6188
1.1959
-2.25101
-6.66993
-29.0465
0.490143
-2.54166
-1.54781
7.00034
19.5265
0.867718
10.7936
-0.607552
4.49624
-1.25076
-0.358446
29.1482
6.46282
-2.82225
8.86975
5.29511
1.66145
-0.368146
-2.8777
-0.718131
1.25299
1.56495
0.889115
1.09727
1.78316
390.401
4.25241
-3.05864
6.77188
-0.629216
-15.7277
34.8356
10.7022
-8.93946
0.434098
-4.51572
0.969428
0.301868
5.93854
-1.73212
1.05506
0.501823
-0.0623815
1.92297
2.44224
-3.32684
-0.853736
1.2841
6.29307
1.49006
11.6932
-0.0612867
1.18124
-0.677766
-0.971698
0.816697
-15.7819
10.4577
21.4221
1.12005
4.99011
-1.75891
-1.49896
-3.09848
-5.01758
0.723271
-2.78253
-1.72406
-23.1719
-0.266804
-6.15623
-0.744292
3.36916
0.964911
-0.195707
2.15611
10.8361
2.09325
-1.30936
-20.9688
-3.13227
0.334207
0.735831
5.12382
-5.9946
-0.237173
0.711045
-2.08351
-6.8817
0.861085
1.19099
5.30204
-21.8373
1.01422
1.21266
1.72602
0.655653
-0.615277
2.81228
-2.03601
-1.45896
20.6874
1.92604
0.52929
-1.42605
2.04064
248.68
-1.53049
-4.97813
-1.24018
-1.78734
-1.14066
-1.01221
-0.763669
-0.887754
-47.2551
-1.35918
-3.4079
-6.53628
-0.638078
0.489728
-4.58032
7.58982
-1.53788
-0.647366
5.81729
2.34648
-4.26615
-1.07148
-196.923
-625.84
-0.0106849
2.90643
-2.76138
-8.98575
-7.50707
-3.21809
0.122147
3.28635
-12.4161
4.22792
-1.39368
-3.85169
-6.78592
-0.090534
0.351721
2.3899
-1.22959
24.1942
2.32296
-10.6157
0.346492
2.90823
3.00694
1.46257
-1.2467
1.74748
-2.52074
0.57437
-2.38901
-2.34181
-0.28502
-0.413737
87.5223
2.05641
1.92191
1.55551
2.85395
-6.22638
-4.39955
0.76808
-0.064982
1.05413
6.42166
1.54209
-0.475473
-0.222901
0.349804
0.553957
2.38174
2.70679
-128.097
2.64307
-0.600554
-5.07612
2.36741
0.108148
2.91685
-6.33036
0.388478
2.16703
-0.772374
-4.238
1.23234
6.8799
-0.672281
1.34774
-2.73701
3.08965
-0.313252
34.5689
2.18766
-1.96072
0.461499
-1.07741
-1.0037
-9.97884
-2.33147
-1.20501
0.63867
12.8795
10.6447
-2.07143
2.76755
-5.88433
-1.58858
1.65823
-12.1037
15.4884
3.63349
0.214461
-8.36733
-0.464281
-1.37145
1.15852
42.1461
0.644455
-8.08486
-0.93621
-1.65453
11.329
-7.75891
-1.12899
2.25233
3.37137
-3.88947
-0.464005
0.792815
-2.96918
1.66822
-0.810761
2.59576
1.08372
2.47055
1.65976
-3.65214
-2.71472
-7.09691
0.294892
-3.15146
-1.80013
8.71062
-0.960106
54.2521
-0.11961
0.863698
0.590711
-8.1576
-15.033
-2.73901
-0.774143
6.33155
-0.459816
-1.82995
-3.97752
0.303108
-4.41938
1.82854
0.371357
3.77076
52.503
-1.68721
13.1821
0.0970335
0.631781
-25.4919
-1.66286
19.7008
0.0357956
-1.302
2.9089
9.28243
7.1208
-6.68555
-3.25244
-1.33578
5.52779
-2.42742
-2.19371
4.90011
-0.199906
-3.73078
0.598284
3.04882
1.86989
1.20596
1.32421
2.78975
-0.48387
-1.4095
1.76698
-0.543699
20.9683
-2.22021
5.50027
-3.24706
14.7841
1.43947
-49.4732
0.737191
-0.596277
0.908256
-3.13835
3.26268
2.01948
-2.5314
-0.190905
2.89161
-3.76015
-13.8255
-0.507727
0.383397
-0.471501
-4.82633
1.34999
1.3601
-1.12643
1.55679
0.617619
0.490845
-2.86181
1.92965
-0.80941
-0.534793
-0.18138
-1.07958
-0.108674
-0.585951
23.8543
10.528
-0.662928
-0.440076
-2.00958
-1.08533
-3.15576
-13.4675
-0.0724781
-20.521
-264.948
-18.9026
2.58515
3.00593
-12.5242
0.834725
-2.25342
0.023511
-4.54171
3.84048
-0.106231
-0.682569
-3.56006
-3.06951
0.568187
0.640534
4.8533
-1.44996
5.54348
0.148228
1.69262
5.87832
-0.793399
2.90522
-1.68
-4.11168
-0.958837
-0.844362
-21.5001
-2.89568
-19.5019
-0.156537
-3.40925
-0.393755
-3.72168
-0.301588
-1.23249
-0.894374
1.76056
39.0222
-0.2135
0.343889
-6.17914
-1.07373
1.05661
-0.806541
2.54106
5.81546
-0.00783091
0.358907
1.77773
0.0575911
-1.54468
-1.25703
0.0109375
-0.0603908
-4.22897
5.17018
0.129808
5.74531
0.362526
1.28358
-1.31058
-0.884507
3.83487
-1.62227
-4.28642
2.33352
3.78154
1.46792
-4.95904
-2.3218
15.8749
-1.45707
-2.3922
-2.4494
-1.23979
3.5417
-1.02518
-4.53663
-2.348
0.380755
-6.76315
1.64859
-2.29113
1.64515
-2.78404
-1.17804
-4.01157
-1.96545
-2.17429
2.5978
-3.24709
-0.167979
-2.67048
1.55858
1.29857
0.0928257
-3.16119
-2.65566
1.15852
-0.73339
-1.52222
1.56216
-2.59746
-11.4489
3.34227
-0.716701
11.8239
-2.87228
-0.730768
0.406344
3.37121
-16.8086
-14.8114
3.58267
1.73268
1.86313
-2.8373
-0.263411
12.5633
-1.86282
2.2579
27.0839
-10.8869
-2.90217
0.141189
-0.354235
-16.3093
0.293435
7.91567
3.33694
1.8508
-16.3913
-4.02337
2.76047
0.20965
-3.47106
-0.0331387
5.08499
-3.86684
-12.0784
-5.956
71.9583
2.23971
5.8703
2.7545
2.14897
0.327718
-2.10985
-0.49432
0.27107
-0.0123669
-3.18549
1.86563
0.464682
0.941649
1.78544
0.889463
-0.0794726
-1.03656
0.352444
12.3995
-10.2536
-16.8883
-0.581229
-12.5848
0.754127
-3.57058
-0.433162
-3.99773
20.6387
1.55512
1.52488
5.52983
0.811232
-1.55157
0.753908
4.25644
0.185495
-1.11537
2.93329
-2.69925
-1.69359
1.81973
0.54802
-1.56472
-0.15487
-67.1903
-2.61896
2.00625
-2.97134
0.934267
-0.235063
-2.78572
10.9862
-22.9701
1.2862
-2.79421
13.488
-2.47667
0.0225902
-4.01342
4.99276
3.45084
-1.57564
-1.52147
-0.679642
0.168369
-4.26515
-0.134785
-1.35825
-10.9294
-0.977919
3.29165
3.60783
-72.5455
3.89686
-0.520673
1.62796
-2.4294
0.221329
6.16892
-0.729349
-1.26177
0.614804
-2.67822
0.160197
2.78454
0.525055
0.95434
6.63481
1.18781
1.8631
0.21175
1.92073
-3.29851
-6.27123
-1.35075
-5.11235
2.31287
1.09649
11.7905
3.79743
-4.9892
-3.02408
-0.5778
7.27406
0.759188
2.52363
-3.13492
18.7118
-5.76057
4.35511
19.7779
207.494
4.37316
0.303005
0.474936
5.6972
0.886541
0.697929
4.23465
1.0952
-1.54524
-6.97677
2.2561
-1.03123
-131.801
1.18761
-8.06407
-2.21697
1.43651
6.37586
1.70631
-0.31886
422.687
-1.68185
15.7399
-3.04108
-1.3517
0.545827
4.08364
3.57145
-21.4699
2.07607
-1.76688
1.14967
10.4801
-0.051932
-0.998911
-4.12377
40.2749
2.08128
-0.152379
-0.287707
5.69336
-1.97653
4.16882
-3.05774
0.790121
0.494476
-5.20353
18.367
-1.69667
-1.45219
1.49555
30.6843
-1.19182
0.652756
-0.150876
-0.727279
6.20338
-1.72622
-11.7989
-9.02276
-1.24497
13.934
0.0995577
16.3586
0.35843
2.56985
1.47915
0.631585
9.83982
6.08357
0.703987
-2.095
1.19162
2.32547
-7.73846
0.532029
0.282661
0.487426
-0.135036
1.71109
3.31198
1.47095
5.61164
-2.73761
-1.47878
-23.2209
3.00208
-1.57273
25.0229
0.0378395
0.97172
2.3262
-0.1944
-0.82213
-0.40217
-2.21568
2.19873
6.62603
1.41052
0.158213
0.143005
-13.8893
1.10343
0.730734
1.20974
47.6116
-4.97954
1.81333
2.47111
0.42915
-0.685476
1.59045
0.891588
2.23598
-20.6505
-5.06861
-1.757
12.5437
-0.949529
-2.76301
17.0709
-3.70167
-0.917338
8.05207
-0.0518609
-6.57704
-0.598599
-2.83667
-3.26864
2.0048
0.406538
-0.0249229
-4.07823
1.29997
0.472688
-0.788731
8.71885
-0.389862
0.51655
-8.48105
1.06805
2.36248
27.5273
-2.32803
0.574238
4.2178
-0.158196
3.15197
0.341505
-0.0372964
-0.385641
-6.80331
-0.00380837
0.347075
3.89376
3.49006
-26.2047
0.883181
2.59069
-6.38435
-0.959197
11.9902
0.213172
-13.2415
-0.365257
-0.314473
-3.95934
2.47075
0.707078
156.75
-2.24852
6.27726
-3.5243
3.11178
2.61994
-0.476172
1.7198
2.7933
-2.04577
1.08109
3.31744
3.45438
-10.174
-0.221672
1.85152
0.371373
2.09712
-2.5384
0.7454
-0.2777
0.821227
-15.869
2.27033
-4.97571
-1.14079
-0.588452
1.32775
0.812958
-2.45233
-0.00307192
1.4969
0.251199
9.26071
3.32665
6.83078
3.89349
1.91337
-0.0375156
-1.6587
8.07451
1.28054
-1.38508
10.0695
1.48554
14.4706
3.49626
0.468502
-3.96643
2.03431
-4.52873
45.4249
6.99861
-10.4106
-2.21028
0.550399
-5.89464
0.444864
-0.85187
5.0398
3.53564
0.779018
0.356493
-2.56969
5.59806
33.6279
-3.17733
0.49571
2.99112
-0.12488
-2.32068
-0.163242
-3.87364
-17.5402
-3.74809
-1.99201
-2.23713
-11.0529
0.443186
1.8784
1.04849
0.598687
2.75178
5.85993
-7.93575
3.25359
-1.54162
0.416789
1.55141
-7.14159
7.75749
0.953004
-0.392529
1.39365
-12.951
0.943494
5.21745
-0.756488
5.27002
-0.939594
-0.353158
0.224344
-0.224648
0.0926699
-2.77092
-7.66701
-5.77725
-6.2031
8.74496
58.9036
2.01859
1.96374
-3.1983
-4.6219
-5.80349
13.2239
28.5458
3.32081
-1.21693
-2.75614
7.57431
1.54521
-9.25566
-0.588964
-0.0326745
2.11437
39.5179
0.215816
4.26122
6.87458
-0.697855
-2.36349
-1.69462
-0.532703
-1.29178
6.54571
-2.07663
2.77324
-1.29759
-2.11892
-0.510027
3.5293
3.54769
5.90869
-607.558
0.897504
20.9615
5.38238
-0.02603
-2.28733
-0.688514
-4.49563
0.111654
-0.56836
-0.656999
3.48986
81.9546
-1.70017
-3.32619
-8.14555
-2.63797
-11.3457
0.581649
-0.466781
-1.04513
0.228391
0.409091
3.32575
-1.75872
1.46779
-12.0728
16.0359
-11.2675
2.23028
-1.35403
7.01589
-1.77292
-0.660917
-0.705917
-19.5456
1.56516
-0.238958
-18.0576
55.5106
0.503449
-6.53582
-1.64128
-13.524
-1.38019
-3.05413
1.61917
-1.1427
-1.54786
1.6413
1.34766
-1.51024
2.89394
-2.13044
-3.792
-0.433997
-1.24199
23.5135
-15.9382
-14.2547
-2.19776
-3.09007
1.79943
-4.96831
0.442392
0.0148289
-5.96993
-2.87943
-22.6125
0.236961
1.33623
-0.850387
-2.89531
4.86222
-1.28486
-19.3051
1.19378
0.176535
-0.364294
1.96782
-0.195838
-0.136632
-0.618898
0.551247
1.01596
0.684413
-0.515225
-20.9453
-25.3495
-5.24424
-1.21632
0.121477
-0.715527
-84.6719
-37.4581
-6.3522
-0.127026
-10.7214
0.385082
5.71842
-6.17528
-0.48387
-0.0618632
-0.874345
0.232248
-1.00803
-1.31473
-5.6545
-1.54407
-1.71955
3.03135
-0.885045
-15.2113
-1.34447
-14.4257
1.71959
-3.1402
57.3454
14.6571
-8.34138
-5.01919
1.7352
-0.848681
-4.43571
-0.310008
-1.27688
0.658986
0.961016
0.0507927
0.265404
-0.591984
-1.43799
2.93766
-0.746164
-1.9046
2.36982
-5.46225
-11.5035
-0.0678492
0.200922
2.7779
-6.94797
-1.05787
6.14711
0.618275
5.30567
1.75087
-1.52394
-14.3775
3.82106
2.23661
2.73741
7.154
-1.7664
-1.5485
-1.73438
-0.165397
-0.366423
-19.9212
-1.00729
0.311679
8.74097
-1.19582
-1.96326
2.65913
-5.84135
-1.20875
28.1083
-1.72671
1.69929
1.6165
1.82653
0.15402
36.2087
-1.20758
-2.13523
-2.08056
-36.0295
1.73603
0.556625
1.88022
48.8323
-0.117186
-35.6124
-0.403091
0.0279119
1.14124
-0.296124
5.05641
-5.83182
-5.5796
3.72915
-0.347892
-3.79238
-12.1999
-2.80026
-0.268127
1.88028
-1.65276
-1.25179
-1.34921
74.1587
-0.381245
-1.28956
6.21258
22.7927
1.84067
0.945168
2.57759
12.2586
144.129
-17.4797
-5.89388
4.92196
-2.07704
14.2509
-12.1387
5.55588
137.805
9.37408
-1.17141
-0.806902
2.25369
-1.12712
1.2628
-0.971466
-2.07988
-1.57396
-7.31748
1.80771
4.70047
-4.33881
-1.31771
1.2797
-15.7572
-1.61959
0.225542
-4.73872
3.9622
0.319342
0.761517
-6.11077
-1.5365
0.760503
-4.17536
-4.96765
-0.940133
0.185281
1.09477
0.40186
-1.32364
3.34301
0.0604216
-8.10359
2.63266
13.8716
0.458461
-0.469929
6.74223
1.50248
4.52794
1.89954
1.16534
12.1283
-3.42865
1.41587
13.7882
5.48845
-11.2472
-2.66413
-1.64105
81.0809
-1.88794
-5.8965
-0.481055
-5.81021
-2.78897
0.975513
-1.18545
-0.133976
-25.4174
-25.3298
-562.985
10.0349
-0.868262
2.37685
5.61413
-0.266297
0.156764
6.2608
0.876074
-1.52221
3.71113
5.30606
1.35113
-1.47943
-0.433335
5.4032
0.160706
-6.7561
0.712363
-4.04498
0.441095
-0.495751
-2.31035
-2.43071
12.9388
-4.541
-2.36077
-4.21098
-1.73083
-6.37627
6.56838
-2.64254
-0.343184
0.20413
2.56224
-23.6275
0.636593
0.776128
2.49206
68.2706
-0.743808
7.4459
-0.644744
10.8531
79.2034
-1.38401
0.229835
2.84079
-0.00755936
-31.4835
-0.953195
11.3601
2.27562
-8.864
13.0725
-1.42191
5.03933
0.83854
2.96855
-0.122955
-6.22302
-0.267093
5.22284
19.0544
0.723248
2.16204
30.7336
-4.94741
-50.2925
0.21779
-2.25053
0.936435
-0.153477
-8.22753
-0.994456
-7.54404
-4.24227
4.84263
-0.306449
-1.18779
-4.52575
-2.58757
-6.2128
-77.1306
-2.00474
2.45723
5.86108
2.45763
-7.4886
0.724322
-12.4489
1.29078
-0.613331
-0.26786
1.1164
3.92428
-1.11314
-2.42152
1.08275
-2.78664
5.05996
87.5924
0.697052
20.4391
-0.786116
4.94707
-0.485774
-1.91158
3.89477
-17.4137
2.31687
1.18925
-21.6765
0.923706
-0.132711
-3.64648
-69.3872
-2.96399
1.42194
3.79257
-0.973899
1.44343
13.2554
3.67117
-2.80429
-29.1291
-13.4205
-5.52215
-0.4286
-1.48076
-1.80698
-1.93969
-0.603905
-3.28367
23.3438
-1.89341
-9.88657
0.106756
42.6235
0.0910658
6.45566
1.43519
0.45889
-18.273
1.3606
-3.4611
2.68898
18.3833
7.46507
-4.01959
-9.42982
1.45005
-3.00188
0.247876
1.09345
0.283125
-2.64989
2.57953
4.03622
0.447347
-0.409818
0.0923218
-0.271368
1.12938
-14.5983
1.20075
3.45797
-16.7731
-4.89823
1.81418
-0.636583
-1.7101
-1.84085
0.879793
2.08577
-2.92531
3.88265
0.733505
0.49767
-1.23515
-104.418
-13.6486
8.74473
0.100984
1.3755
7.16492
-0.188993
-6.83398
-2.90877
-0.61392
-2.35231
-0.165445
0.432723
-10.8973
0.962976
-2.49765
-0.563429
0.0331017
-0.556911
-881.013
13.5215
1.42793
3.20062
-0.456792
1.16672
1.33609
1.0798
-0.799337
22.4701
1.13858
-0.291757
0.259491
-6.67408
1.94986
2.57092
-12.9061
-0.69547
8.968
0.219591
-6.38418
-15.2913
2.6143
-1.30897
-6.48024
1.05521
1.43273
1.10948
-9.65144
-1.39482
0.365559
-1.56005
-8.39634
0.0128564
1.11439
-1.80011
4.07719
-1.32492
-10.2022
-2.11882
0.195615
2.50792
0.568185
0.29307
-1.97574
-0.039991
6.97448
-7.81455
2.93805
1.98673
0.958457
-1.72337
-2.10911
-0.240084
-4.65265
2.66925
0.470135
0.411489
2.37851
-0.599072
3.68473
-0.328988
-7.27586
-1.65948
-0.805987
-1.29377
1.69312
0.172581
0.987055
-6.13639
-1.37417
9.60063
-1.39986
-0.413522
-1.00456
0.667157
2.35914
-26.7022
66.8389
3.93754
-5.72424
0.545919
10.9933
9.77096
-8.82009
-0.417348
1.4783
-1.83148
-3.66227
-1.01359
-1.47672
-1.72608
0.394932
-4.7611
-9.33535
-3.77579
-4.08444
0.27257
0.273844
4.07412
-0.449687
-2.67077
1.66579
-1.13728
0.927769
-0.684396
0.665674
-0.129379
-5.85683
-0.555375
-43.8441
-0.775121
-0.881172
0.298153
-0.91896
2.62736
4.70776
6.73961
5.29999
0.601242
4.94681
-4.79366
14.9856
0.447508
-1.88913
24.0176
-1.19503
-0.799137
-1.27748
4.97442
0.273302
-0.47188
0.309028
0.405342
-2.71412
-0.975445
59.3728
5.22179
2.11793
2.39319
-0.381711
2.42213
1.2577
-5.9425
29.3304
-7.88145
1.15731
-3.3487
-6.75231
0.349577
0.28322
-6.20928
0.364847
1.37627
0.113232
-0.23127
-1.30071
-2.12414
-0.106484
27.8432
6.45098
-0.0382697
-1.85522
28.6016
29.968
-0.550869
-0.0364363
1.11766
-1.14395
-10.6445
-7.90224
0.694292
-6.1692
4.86151
-2.23665
6.95062
8.71735
0.180122
-7.95789
2.18158
-1.56413
-6.418
-0.825227
13.8855
6.08287
-3.39923
0.202015
-0.719915
-5.41378
-7.29446
0.231132
0.0438715
12.3613
3.62432
-0.841731
0.207731
0.315936
-4.10848
-2.21319
0.653289
-0.528943
-3.47924
13.7302
-1.35918
-0.357525
-8.2332
-1.44309
2.37161
-10.7651
-3.4622
-2.15963
5.10777
-6.35794
-2.54796
-1.03341
0.922277
6.07104
2.46685
-1.93767
-0.256641
3.92297
-20.8742
-0.963593
3.82365
-3.07242
8.71088
-0.6551
-1.04056
-711.6
-1.68652
4.27241
-13.5406
-3.15765
6.74402
3.31652
0.367618
2.89445
-5.9336
-3.53165
-3.7942
-6.18257
0.0793458
-2.9765
0.465998
-5.9081
-4.97977
-2.12442
-4.73652
-78.3555
-34.7163
0.477566
4.16402
0.799152
1.89063
5.64263
1.06308
2.28411
2.13999
-12.4648
0.447789
1.72265
-7.17942
-1.79842
1.54347
-0.569647
2.97912
-2.96968
-1.61101
1.4012
2.20222
-2.31646
1.73225
39.2295
-43.8252
-10.5862
9.04867
7.35142
-3.81803
0.435904
2.5447
0.722243
-1.10468
6.10512
-3.76256
10.0524
-11.1334
-3.44027
12.4889
1.59503
3.5605
8.96185
-5.30496
-5.74224
7.07687
-1.76673
-3.53011
-3.36699
-1.68169
21.1581
-0.42917
5.05106
-0.153971
-1.44017
-0.14091
2.07425
1.64316
4.89618
16.1059
3.00359
-4.86975
1.97969
-10.799
-6.48933
1.15729
-1.07863
11.1095
5.3077
15.9398
2.21027
8.06699
2.84126
0.755538
1.25051
-8.84592
-100.303
3.1495
-57.2152
0.167795
0.875501
-0.293153
2.78125
-5.43616
-1.1167
-0.674617
3.11689
2.41395
0.290154
0.39721
2.3002
3.36831
16.1939
1.15853
-2.34239
-5.11843
-2.63859
0.436019
-2.1997
-17.9396
-0.515334
0.367006
9.05193
0.83646
-2.9067
-5.83091
2.47229
-0.0412467
0.88182
-1.81208
1.73127
1.01755
0.383744
-44.2825
-2.25405
0.0797519
-3.09872
-6.45141
-2.17049
-11.481
51.4681
-1.81706
-3.34706
0.481733
0.435479
2.66707
-3.30394
-7.1033
-1.46684
26.6417
0.983727
-1.08329
10.4462
-1.48239
3.54929
2.80077
-4.73623
35.4786
-0.897321
-0.080277
4.11356
-1.59254
0.238938
0.363972
0.486033
-2.04468
2.64813
0.496045
-4.05681
-10.6891
-0.0112075
-0.0708951
-3.0268
9.30138
-9.93338
9.45746
-0.664661
-1.92288
13.7572
2.01832
-0.340026
0.0345884
-1.20119
-5.76775
-0.0823348
-5.03001
-3.11282
-0.701035
3.08605
-1.69213
13.074
18.2989
-1.17643
6.57712
0.360574
2.49765
-0.307252
-0.594808
-1.46776
1.31463
0.657849
2.4841
0.109985
0.356804
-3.69218
1.01706
-2.28685
-11.1073
-4.24257
-0.432893
-13.6051
1.79514
-9.20473
-26.8439
0.965433
0.986459
4.10137
0.320159
-1.22229
-3.53708
1.27484
-18.882
6.59082
-0.750596
0.898472
-11.508
0.103673
0.535262
2.39248
-3.51536
0.962834
-0.223306
7.85919
-4.47148
-9.37911
-0.241344
2.29449
-2.36646
8.40815
12.7959
-7.97695
-1.57212
-0.517705
-0.764467
5.29165
-0.161232
1.24067
0.397474
-2.72669
-2.53843
-6.00071
-31.0121
0.288109
-1.67098
-2.56386
-0.512724
-1.37253
2.58441
3.45921
-9.5394
-31.6143
-0.932868
-2.30709
10.7049
3.11238
3.1015
-14.4896
0.531653
0.12317
12.441
-0.502602
-1.17908
0.907566
-0.0662396
20.1327
49.6069
-65.1304
4.26636
3.21925
0.587847
-40.4854
-0.107048
2.41571
-0.945312
20.505
6.25342
15.7917
12.896
-1.86029
46.9138
3.62174
-6.58839
337.457
-0.738519
7.99453
-1.62391
-6.22543
5.32433
0.554015
-2.60647
-0.458508
-1.33466
-1.16293
4.19838
-1.3068
-2.52727
-0.931233
-2.08351
-1.92953
0.896958
1.97114
1.05179
-2.06815
-0.553198
0.31989
3.67607
3.30582
6.08784
-1.18675
-3.2368
9.8358
4.72581
-0.627831
-1.91006
8.94093
-17.8358
0.900891
1.29417
65.3103
2.44068
-1.0176
2.8601
-1.38313
-0.180466
-4.22875
2.24951
-29.1124
1.88003
0.836025
0.351118
-0.337941
-9.85479
-1.79485
-0.791917
13.7139
2.08165
-1.50902
0.573455
2.06435
0.350459
0.496838
3.91835
41.9513
-5.72252
0.397879
24.4952
-0.542113
0.768007
4.12008
-7.13844
-0.913634
-0.808976
11.9271
-2.65849
-2.73645
-1.18676
-1.77016
-5.34573
0.334326
2.31716
2.24352
0.766073
0.0998215
-2.77484
-1.35246
-0.324077
-1.74675
1.52822
25.8368
0.0104056
-0.0933343
0.550046
-2.34927
0.59222
-19.2877
-3.14856
-0.413088
2.81423
2.26535
-4.76479
0.319967
2.14742
-10.683
0.679301
1.36367
0.648652
0.831659
2.23817
1.02736
-17.2301
1.81936
-12.8638
0.739403
90.1362
2.28852
-10.6871
7.63666
-7.21715
2.52055
-1.0993
-5.82556
0.248252
3.45936
0.619404
-9.20471
1.60972
2.32534
-0.41056
0.717695
-9.37455
-37.2431
-1.83736
0.222091
1.53522
1.38215
17.4
-3.06786
-16.2818
0.526416
-17.6714
6.25547
-2.76706
-0.0493774
2.86642
-1.66979
-1.01483
-0.446926
2.20975
1.40968
0.37775
2.29094
-3.26602
1.26209
-1.55287
-0.832247
1.45222
0.42823
-1.38828
2.20788
-0.382573
-1.85842
10.6626
1.81793
3.23668
-2.03137
4.15774
-3.86672
-9.92223
2.75868
0.94865
-2.15954
3.12796
-2.57717
1.29313
-0.379641
4.85429
-2.73318
-7.5546
1.65295
-1.73447
0.229234
-3.83767
11.5202
-0.0790355
-1.55308
5.22737
11.6977
2.89366
4.11426
0.611649
-0.644312
6.95996
11.7716
-1.0493
-1.51286
4.02195
5.55289
-4.97939
-3.09537
-0.329489
-1.59145
2.52446
-3.21314
80.5583
0.438437
3.99549
1.27105
2.1498
0.455314
-0.674877
-3.38726
0.764754
-0.690381
-1.85841
9.97949
-1.43421
-4.85082
7.10537
-1.05822
-5.33391
-1.52231
0.0706731
1.05858
19.5084
0.74091
30.1481
3.48115
3.53154
1.33994
-0.410473
-1.67301
2.00265
7.6643
-7.59489
8.78843
-1.13946
2.21301
-0.586295
-0.755352
-0.29743
-2.01532
1.92983
-35.8466
-9.25047
-3.26412
17.7021
-0.185542
20.1292
0.25472
-6.49546
-0.358247
88.5227
4.4339
1.28194
3.38137
-0.656757
-22.0591
-16.273
-4.04939
-1.96181
0.683217
0.511804
1.82525
-0.608643
11.8901
-3.25227
0.994996
-5.16536
-0.393617
1.03116
1.90703
0.856552
1.4574
-1.28998
-8.23575
1.1928
-4.71622
-0.382321
-2.58498
-5.71752
6.18772
2.90407
-4.89365
-1.90814
-1.9772
-7.0294
-49.3965
2.92466
1.0863
-0.645688
1.49235
0.660994
-7.30273
-11.1791
-2.04924
-1.8896
0.167485
8.70468
-0.720827
49.4534
1.38664
-3.17113
6.61691
3.56801
-3.19435
1.20965
-2.61001
-14.2071
15.7033
3.31975
-6.59357
1.30346
0.530684
-35.5071
-0.934962
-3.31509
-4.01468
-2.70205
1.40594
1.54299
36.1773
0.0804971
1.45848
-12.2404
-0.133151
-1.39947
-2.11639
6.60961
-0.729526
-4.60671
0.926494
-4.05456
0.415664
4.1528
-7.76784
-5.27568
6.89516
-4.64871
3.07845
0.339854
1.10997
7.95546
0.598862
12.606
-0.222646
4.35249
1.10204
3.3147
-0.28968
2.2464
0.355961
20.0978
3.49049
-34.7537
1.07212
-2.6893
-0.653482
2.46412
0.374392
0.644352
-0.740122
1.31844
0.128666
27.4319
6.16651
-1.4978
0.911999
0.140633
-4.07765
0.56624
-2.24747
-5.54611
-0.399288
-6.25779
-0.849363
-56.9582
-1.41029
-3.74114
2.47581
-0.133349
-0.0350173
-0.121466
-1.03156
-1.7004
-22.6564
-2.345
-1.11262
0.754964
-15.4793
-0.280047
31.4659
-0.426881
1.07285
-2.8565
-4.74565
1.87318
-1.95153
0.122744
15.1694
-6.60191
-2.55825
-1.47071
1.46914
-15.8855
1.96486
-16.2317
9.94897
-3.09891
1.45243
-4.34531
-1.08499
-0.701456
-0.647038
5.46778
-0.399735
0.152385
11.3889
-0.0693154
2.8126
13.0141
2.79628
19.1387
-1.25577
-0.943175
-4.44745
-6.87274
0.727606
-1.53459
-4.64264
191.039
-1.62588
-2.55725
-3.65835
10.1215
38.9353
-2.99588
-0.702433
2.50822
2.13764
-2.94374
43.7285
4.48127
0.235272
2.15014
0.107075
1.26175
2.94323
-1.69679
4.59634
1.08783
-0.354694
0.19875
0.84042
1.18231
-54.0747
1.06017
-7.00841
1.42298
5.86237
-5.50077
-6.23375
-27.673
-17.5017
-2.26042
10.6738
-3.98128
0.34514
1.39072
-1.2738
0.899993
1.71704
-1.80128
-2.43323
0.42784
-1.98288
1.19976
0.656377
-2.12887
0.427355
-5.58879
4.25074
0.518332
0.889007
-0.929743
2.72627
-7.58335
0.784932
-0.0583416
0.34824
1.52157
2.11273
0.994986
1.30511
0.172434
1272.46
8.0584
4.13402
2.41998
0.576839
4.53378
0.882994
37.5531
-5.75155
-0.257426
-0.295121
-10.9192
-1.81914
5.41645
0.321366
-1.69339
4.11619
-15.3076
2.73152
0.726166
-11.4939
0.261981
-4.88593
152.623
1.235
0.1631
-1.42239
1.18678
1.57783
-2.63783
-2.4115
-6.56396
-0.655746
3.49363
44.5838
3.53532
-0.523957
7.2169
2.46735
2.26257
-0.910365
1.24614
-6.35726
-1.35943
-3.49163
-0.506881
0.840477
-0.754937
1.58464
-0.972288
-8.0685
1.60403
-2.43908
-0.846011
0.473475
3.7433
-0.673806
-0.755403
0.843015
0.2827
2.23574
-3.86964
-0.170655
1.61282
0.124095
5.7617
-34.3669
7.14922
-0.515672
-0.942426
2.43402
-1.08438
2.40976
1.90331
-2.06981
-36.6254
4.2648
2.59333
2.27835
0.300114
-3.25598
-1.38695
5.10072
0.462479
1.4057
-1.18659
1.57213
0.884101
-7.97775
-3.00555
0.651533
1.31681
1.78061
4.61129
-0.339198
0.611291
-0.1433
-3.50596
1.21218
2.47874
3.95196
5.74998
4.63825
-0.414324
3.93024
-6.32708
2.24731
9.58085
-1.98343
13.9493
8.76203
0.780569
-0.0199341
0.323601
3.86653
3.48333
1.15145
-0.69125
-1.13129
-1.13339
2.76742
-0.544742
1.00116
-4.28934
1.31721
-3.26236
-18.2765
14.3711
0.716908
-0.588031
-1.64204
3.16264
9.97457
1.14538
3.55136
0.577674
0.746773
-1.29788
-915.545
-0.919329
0.044885
-22.7753
-0.911735
0.857741
-7.53212
-0.243825
-0.345795
1.71009
-1.50273
-0.985968
-6.84648
-4.96033
9.80699
-3.00923
0.69426
3.13852
-2.94529
0.845204
20.3501
5.24512
-1.25735
-17.9352
1.88883
0.47496
2.14621
2.07157
1.06614
-1.32755
0.689185
-1.41668
0.0173634
0.680592
-2.0774
30.6302
0.4574
3.90799
-1.87742
1.64019
8.69475
0.504004
-0.378222
55.5036
-6.53697
-7.29456
-1.99709
1.59815
0.700043
-1.97456
-3.81877
4.05211
-4.91436
1.25176
-1.55175
-3.90801
0.560476
3.75047
2.65951
-0.0518983
-0.69933
32.9759
42.8127
4.00362
-1.81707
46.6246
4.8825
3.73161
-0.0115768
9.28444
-2.74034
-15.7743
0.48512
-0.410764
0.0979716
0.381674
-0.963587
57.1314
-5.69818
-1.14185
1.89412
4.73553
-5.11925
-3.28406
-0.608468
0.578058
-0.0200577
-3.64946
1.52835
7.43427
2.16101
0.50556
2.50659
0.912306
28.081
4.18792
1.01635
1.06106
1.71831
4.09813
-11.599
0.267992
-0.630516
2.47052
-2.55288
3.19146
-0.120428
10.3082
-0.78496
-1.1863
167.899
-0.0107542
-8.66062
-5.36316
-1.06607
191.998
-3.82664
-1.2512
-1.09515
0.112674
0.183101
6.77923
0.603258
2.58793
-0.152553
1.77631
-3.20263
-7.09938
25.3189
2.10713
2.1599
-0.950943
0.0279699
0.336845
57.3977
-0.959919
1.23173
-0.280629
-0.702538
-4.3218
1.54543
15.8733
-2.70854
0.892687
0.647617
1.91242
2.16917
-2.69909
-1.4247
1.08433
-0.0573493
-1.1929
12.3972
0.11224
0.428267
0.451878
-2.50227
-0.243774
-0.674393
2.624
0.680944
5.43324
1.60312
-2.9895
2.41193
0.0698852
-0.972614
-6.97702
2.23175
-0.0438868
-70.4735
0.713823
-0.0781953
35.8306
1.05666
-43.0785
-30.1526
0.420942
-1.07308
-1.80209
-16.2451
-1.43679
0.347115
-0.938175
-0.650711
2.62081
1.03679
9.47928
-3.99743
-4.46635
1.95469
-0.0945225
-0.563886
1.65839
-0.310205
1.91288
2.29225
-0.48264
6.05117
5.13581
3.45111
-0.376467
18.9956
1.84353
-1.30481
6.92093
-165.738
-1.34241
-4.51651
-5.24201
5.76895
12.3998
-1.08769
0.147449
2.046
-288.51
1.52836
-25.8302
-4.70219
-2.45923
-4.42978
-0.0181086
-4.44958
-6.82888
0.620033
0.377575
-2.71806
-3.58317
1.44921
-0.0444989
4.04347
-56.653
10.6964
-4.6602
-0.840467
-2.99799
0.245772
-2.89311
0.111599
5.20904
0.970256
1.11515
-2.31162
-2.3073
0.192278
-13.1541
-3.7386
-9.15292
10.1428
-0.960544
-1.70187
-0.528827
0.413538
-1.80261
-3.0106
-0.922433
26.0218
-35.7875
-3.72501
3.84319
-0.140191
0.587682
-1.67508
1.65275
1.28523
23.3811
3.00709
10.0867
0.167834
-1.59162
-0.135156
1.29592
-1.95626
-1.90256
-1.34151
-4.43013
-1.75223
0.343031
-1.78334
-4.94961
4.91857
-3.48054
-2.39798
-1.13147
-10.8926
5.6985
-0.132997
-2.27119
1.23259
1.93101
-2.23668
-60.6695
0.0622816
-2.6669
-15.54
-5.30442
0.507924
-4.7834
2.19052
-0.33725
0.418716
0.0491203
7.03654
-1.70193
11.9103
-1.13507
-0.363606
-18.8045
-0.874445
1.56209
1.1776
-1.26328
1.23319
3.15951
-3.61274
0.0614285
1.07666
-1.4041
0.105596
-1.73636
-0.535652
-0.976757
0.519992
5.63408
-1.07916
-1.84589
0.872282
1.34544
0.963077
0.539801
0.72805
-1.82005
18.4495
-0.982028
-0.104583
2.69357
1.90404
0.36504
0.204357
-23.9794
1.39559
0.683443
-0.182169
17.9562
1.95491
-1.73404
1.40703
-1.71849
-4.95913
-4.65381
1.08956
-0.693124
0.977485
-2.50207
-58.4959
-0.858893
17.3243
-1.59033
9.46576
0.918107
2.04224
-0.421372
0.414616
5.22316
1.50619
1.44709
0.124519
1.43422
1.56779
349.371
-0.725991
-1.36026
-0.29025
0.206227
-4.551
2.14635
-2.8697
7.80642
-0.916983
2.14637
13.6761
0.623813
174.337
-10.1454
-4.08723
-0.834205
8.84835
-1.10596
-2.2323
2.56426
-1623.84
4.51775
-1.25779
0.348535
-0.600102
1.99477
-2.36993
0.185713
2.02807
0.121687
-3.41681
9.78973
2.06884
1.40416
-4.00594
-8.85429
1.52235
-1.24034
2.83237
4.14609
-63.5081
-7.39362
5.63761
-0.996062
-0.442811
5.11061
-2.77925
-2.069
8.96
4.13156
1.30592
7.41342
0.474642
10.5387
1.89195
-6.34215
0.39905
-3.43078
30.134
-1.83608
2.03935
-1.50031
-1.29818
-3.63157
0.374225
1.74328
0.583171
-1.25385
0.154491
8.22901
176.648
1.82252
2.6069
1.65189
-0.00122958
-4.93402
-5.23152
133.555
-1.53433
-0.720888
1.61547
-27.0953
4.51717
-24.8813
19.2586
-1.63983
-3.44853
-2.88636
0.754124
-7.9187
-6.54258
1.75689
-0.238102
-0.111469
-0.594543
-0.532405
0.19901
27.4952
8.06805
1.20261
-4.5124
-1.02729
-5.17732
-6.41904
11.1125
1.4666
-5.76594
4.47601
0.281642
4.69387
3.05349
2.95695
9.27766
3.56303
-5.5501
11696.4
-1.45329
1.47719
-0.696965
2.44585
7.20251
-6.98302
4.96651
-6.61255
3.85679
-1.20389
0.534181
1.41704
-1.33353
-3.16502
0.56825
-2.85222
-4.79245
-22.4811
-5.79039
230.625
40.0176
-0.793689
-2.6111
10.833
-1.42894
4.25148
13.4301
-1.64446
0.261043
1.73694
1.91262
2.39153
-2.35505
12.1518
-9.20735
6.80788
10.7549
-7.18436
-9.66935
-2.99552
-1.37907
-3.60252
-4.64875
2.36998
3.99814
-0.93111
-1.65274
-1.96922
1.17976
-1.39498
0.136832
3.54315
-2.92086
8.41323
0.0990162
5.06359
-1.28357
78.3599
-1.90673
7.81333
-0.925195
0.206465
0.24037
2.18787
-2.05963
14.9649
2.28975
-0.53516
8.95438
-0.44079
8.39069
-23.7666
-2.1936
1.49948
-1.81956
1.02066
-4.0576
0.327091
2.99426
3.08693
2.66872
0.696101
3.15263
-4.27584
-2.0067
-1.18728
-4.54882
2.26762
-1.30322
-1.21123
-6.91993
2.08067
-1.81751
6.16156
0.821603
16.8084
-2.33517
2.49471
-13.2767
1.0706
-0.258182
0.852287
-0.293746
2.33021
0.833359
-3.35001
-2.89372
2.80672
0.626274
1.18827
2.06822
9.45965
-3.66346
-1.89481
-1.49288
-2.13811
28.0192
0.291826
-0.15898
2.37529
1.8062
-4.6842
19.7358
-2.41942
-3.12194
-3.988
5.71142
-2.0763
-0.196479
-32.6707
-14.2375
3.02687
7.5803
-1.89667
-5.73473
68.0972
2.22114
-2.30245
-3.78096
-7.3152
0.373977
-2.45257
-0.736482
0.787256
-3.52198
10.9102
0.752027
-30.1025
5.85458
12.6542
-3.86905
4.81381
-5.65949
12.5972
2.29335
7.80672
-0.0702385
-0.314782
0.317843
-0.871456
-0.95009
-1.80305
-5.60379
-21.2987
-0.593133
14.9746
1.73842
-26.0505
4.17585
193.575
-0.248859
-0.650662
-3.09657
2.16687
-2.58258
-92.2567
-1.07513
1.14796
-1.31846
0.753454
-2.26698
3.4159
0.96731
-0.634969
-1.30135
4.72593
-12.2156
1.00229
-1.96254
-6.00337
1.51832
-5.62256
-2.81133
-2.63533
-0.628391
1.8575
0.321618
1.1324
2.61288
-5.47018
0.0297152
2.77938
2.22266
-3.32705
-2.27487
0.835233
-0.319314
0.899527
0.831828
-2.89215
1.7385
4.67923
-0.525886
-1.42487
-0.554592
3.95915
-2.47073
-1.09051
0.090589
-1.15149
-0.502932
-2.47551
0.0271727
54.5331
-0.78023
-18.743
2.21469
2.71223
1.00188
0.710295
2.05109
-172.687
0.367874
1.05728
-41.5069
-1.6134
-0.881438
-8.01028
-0.834863
1.45088
-5.46953
-0.256505
-0.126435
-4.92602
1.32361
0.0522411
2.16152
-2.3587
9.24578
-1.25188
37.1113
14.2684
7.48875
3.55533
4.33958
-7.76121
-1.16486
1.83811
-10.6213
115.298
-24.7708
-2.75457
1.94487
8.62426
4.97026
-16.8161
2.62191
-19.4481
3.32568
-0.204106
0.313336
-11.9348
-3.44824
-8.25133
10.6924
8.57118
1.39906
2.76737
1.42326
-1.66126
1.81515
-0.545462
-4.76366
-2.17611
-35.2382
-1.52859
1.269
4.06768
8.92072
2.02072
-2.25121
0.709566
2.18233
1.17307
-3.81732
-3.97189
2.39739
-0.753727
2.29676
0.834344
0.798775
1.20386
-2.16738
-8.2626
0.98284
1.14791
3.84136
4.40786
1.88397
7.71572
-2.82167
6.57731
1.7484
2.58627
-2.56708
-18.4767
0.472288
0.267188
-22.3726
-1.72617
-0.43097
-4.97699
-1.19532
-4.31969
-6.18078
0.523354
1.07319
0.577099
-12.6061
-7.3468
14.4936
-0.123535
4.36737
1.38387
0.623924
4.39745
3.15581
1.25217
2.33824
-6.65337
-13.5845
-2.91066
3.19113
-1.49058
8.13647
38.9552
2.03567
-4.42991
-0.380957
0.208954
-16.4214
-0.65483
-1.69146
-0.289324
-3.96896
0.50841
-2.74719
0.111759
-7.09306
0.235956
-1.14455
-0.770769
1.37228
-2.52014
1.15197
13.9178
3.71026
-5.34322
-2.4411
-1.18962
0.0904304
-409.387
0.617781
-16.7327
-0.124219
-0.88305
0.0095166
-6.8368
-0.581656
0.481609
7.00468
-2.04832
-0.540894
21.4704
-0.127296
4.04476
1.47046
-1.69186
-0.730048
-1.0518
0.186167
20.984
0.0464928
-14.2359
43.1258
5.14981
-2.15332
1.11202
-1.90412
-1.26244
-1.86813
-1.5722
-15.9728
-1.45126
-0.0486163
0.481305
4.64483
1.28423
0.589021
-47.29
-12.5738
-0.613085
-0.924381
-2.31966
-7.36846
21.1845
0.996752
0.0217183
1.88192
-0.329305
-12.345
6.64318
8.33185
-1.71096
3.3683
56.136
6.21071
-3.1886
2.38862
2.17731
1.96643
0.93581
1.75007
0.125205
-7.69369
0.996901
7.25144
1.09662
0.638839
-1.04248
-17.5863
-13.5446
2.27461
-9.53712
1.83724
7.8551
-0.342186
-1.75901
-1.21992
2.97481
0.0288284
-27.0629
-6.31345
-0.390134
-1.318
-27.7103
-1.32315
0.736524
2.24602
-0.158727
2.07317
-25.6328
-2.2893
-2.82443
0.630201
2.84605
0.139056
-1.35527
40.1118
2.82997
-0.87646
1.68344
1.83724
-9.01126
4.51144
0.893313
-2.53448
5.21713
1.1394
3.85171
23.8783
-105.285
0.141309
1.42649
-2.20311
-1.83895
3.42386
1.22772
16.7525
-6.87692
10.9149
-3.24034
37.1546
-1.68942
10.9127
42.4232
-0.573043
-3.47866
-1.37751
2.73306
-3.58679
4.24168
4.26192
-2.60174
-7.10993
0.545177
-4.2955
-3.33432
6.90788
85.7941
-0.51451
23.8442
0.95452
-179.598
-2.5868
144.559
2.50415
-1.33444
0.963293
13.8195
5.42612
9.33669
-0.180735
0.0104252
3.19151
-13.4803
3.45034
-5.08889
1.70466
62.8966
-1.68523
-2.71862
-2.87236
1.81787
-5.31105
-1.28315
-0.497936
3.95477
-1.18616
-2.92934
3.04195
-5.54549
1.49364
-2.00235
-2.39987
6.73896
-0.00888054
0.852215
0.794905
1.64887
6.00745
-1.35582
-1.26293
-1.37116
-17.2638
12.906
0.740963
15.8663
-0.0454559
1.28821
5.51568
-152.101
-1.0048
1.47876
9.33348
-3.60082
-0.520187
25.1874
5.3523
12.3043
-0.236088
-2.55887
4.34216
1.90876
1.32751
1.50424
-27.6501
3.3896
-0.248196
2.08434
0.255774
-0.66081
-11.6267
-0.583569
29.6139
2.65503
-1.02405
6.15863
-1.10196
-1.34609
5.51119
2.8242
-2.35141
-0.166104
-1.91993
5.10992
12.9552
-18.8298
-0.535928
-26.0721
-1.11743
-1.34634
-1.7487
-1.86888
-6.16204
3.8713
-2.86597
2.82489
8.31624
-28.139
-155.451
1.2623
0.461323
6.00602
1.22344
3.06111
4.60385
3.11889
0.435996
1.23887
-4.74159
1.73646
-1.55314
-1.33997
-15.0867
-3.30862
25.2777
0.63876
-1.9021
16.1601
1.11791
-6.96269
0.457015
-1.4235
0.912325
-0.791636
-3.72742
-11.6276
10.6438
6.28175
5.59808
-4.72792
1.98846
0.0440829
-0.97562
-5.60376
-0.844363
-3.3359
-0.00490442
-2.03308
9.54422
-2.08643
2.84479
0.67489
4.25402
-1.6353
0.660601
2.75495
-9.1951
1.65906
2.83506
0.614573
0.587234
4.89095
-4.70737
0.0598913
19.6009
-9.53367
-0.389567
1.88054
-3.23218
-2.15892
1.40518
2.10696
6.48291
-1.30746
1.97658
6.69593
-0.133807
1.23633
8.84188
12.0173
-2.50159
-5.85618
-0.880848
2.19862
-101.965
3.8166
-6.32978
-0.780168
3.78454
6.9363
-2.50278
4.78766
-0.894817
-7.60385
-6.3933
0.953172
-5.84815
12.4497
0.478602
-1.8518
1.1135
-0.731985
-5.56876
0.836302
8.98701
-0.659086
0.828797
0.835251
-0.283028
3.47611
-0.762788
1.40472
5.33472
1.41329
-0.349643
-3.49878
-1.14637
226.766
-2.10447
1.97173
4.19908
0.558094
0.34362
-1.08051
10.2861
-1.56134
-0.0628759
0.015288
3.3176
-0.0965531
2.00053
-1.22598
-2.06391
-0.495398
-8.7037
0.77971
-2.54999
0.563695
-38.9823
0.065962
-15.6334
4.98415
-1.23238
-1.79194
-2.23448
1.51695
4.74777
-0.67778
-0.046551
3.63595
-0.105776
-3.30412
99.5075
-11.7586
-1.18634
3.49184
-1.44359
-1.18092
1.7645
-5.14681
2.33008
0.171495
-6.07589
3.27708
0.129164
-0.795269
31.4644
-0.586081
11.9768
0.178171
-4.46393
-2.88976
-1.47369
3.11566
1.46407
-0.270018
-0.458313
-0.698213
-10.8576
3.62466
3.84015
0.454416
11.1574
-1.76618
0.988315
-4.46129
1.18033
0.350054
-0.0386629
-42.8344
9.98923
-0.937451
-4.23918
-4.03495
0.0820112
20.1945
-9.57262
0.0304244
2.95029
2.78876
-0.605239
0.223131
-1.68396
195.287
-20.5308
-6.22854
0.989401
1.17266
4.21212
-3.3971
-1.28562
-1.03732
-5.43851
1.14174
1.7805
-4.82684
-0.250039
-2.91815
-13.99
1.33258
-2.30442
68.3349
0.574361
1.25089
23.5955
-0.365557
-0.966024
-0.0319257
-1.57397
-1.71213
0.458581
-1.57822
3.15372
-0.363008
6.69185
45.5492
2.52139
-17.0657
7.50452
-3.08834
-1.46784
0.628261
78.2219
7.68777
1.30163
0.0218047
-15.8927
2.63565
12.8813
-4.53248
2.39459
-52.7512
-29.3955
-1.32173
0.376059
-4.79233
0.408064
-1.09548
0.167233
-12.3276
0.344803
0.168691
-0.984912
0.852204
-2.05403
-0.558414
-0.0980499
6.60667
-0.586137
-41.2569
0.787009
-3.09534
-25.2668
-18.6207
0.368649
-2.67108
-0.0666646
-0.496777
-0.903516
-0.783765
-12.6187
0.0662241
3.87714
-1.61701
-1.18387
-1.14786
1.37881
0.442123
-0.0846091
0.527446
3.14865
-0.773732
2.22619
6.19337
0.66278
-1.04935
-1.07275
-0.33209
-1.45301
0.332588
0.00750335
-1.07729
27.1608
-2.53889
-2.95324
-1.6186
-1.50796
1.93502
-0.354392
-0.0386589
0.651275
0.0637585
-6.92744
0.737624
-4.2774
0.847096
-4.01008
-0.643329
1.54983
-0.288636
-0.469455
-3.36951
1.93609
-0.0205068
-9.01575
0.73491
-1.62273
-1.04764
0.705355
-29.5554
1.98187
-37.3847
-2.4137
-27.6256
1.57472
0.922131
0.106621
0.918266
-2.36421
1.0127
-3.54976
12.0862
1.94015
-0.746152
-1.73157
1.71795
34.0664
1.49319
-0.890225
0.889911
-2.79885
7.70269
1.57099
-4.22362
3.15198
-1.28429
4.78063
0.779597
1.39082
-1.69421
-0.0226821
-0.872336
8.83552
-0.981659
0.944299
0.421891
0.635608
2.92525
2.0847
-0.147235
-1.64272
87.5006
-0.971385
0.900098
1.3709
1.30461
4.49926
0.676815
18.0844
-3.28526
-1.66834
-0.122435
-1.38548
0.423966
-2.63244
7.22169
-0.292053
-2.67993
-0.843917
1.91109
-2.25165
-2.52157
1.98107
0.573062
-2.68882
-0.407872
1.6805
0.104605
1.18319
-0.751571
0.488651
1.7379
-23.5547
-2.28683
2.06709
0.101337
-9.83174
-4.05782
-0.987116
-0.598998
6.18093
4.81404
1.37973
-0.0121716
1.89917
0.085737
0.0300748
-2.29811
-0.0122487
-0.139748
-4.41909
-174.354
-0.234702
-0.145425
43.8288
-2.50993
1.54822
-0.593434
0.11087
-1.97962
-10.0743
1.73132
-2.60386
1.19126
-9.06081
6.38529
0.87933
-4.7873
3.03392
0.463389
0.127095
-1.33173
0.766091
15.1126
0.965742
1.44767
-1.64639
-5.02734
5.20383
2.09328
-0.42517
1.77291
1.66647
-0.120352
0.101873
3.30023
-4.56743
33.7301
-0.80003
-0.190946
0.380464
1.78272
0.334381
-5.11646
-0.657409
-0.457133
0.315836
2.63448
-0.626995
-1.39556
-1.79265
-3.98559
-1.1841
-2.44672
-20.904
2.33078
0.743587
-3.23462
3.34708
0.834672
14.3554
0.363624
1.90753
-1.48518
-0.703621
-0.615247
0.867924
16.263
38.4249
2.9133
-1.38257
0.485199
-0.366732
2.93309
38.3132
1.90754
-131.622
-0.856233
2.32451
-2.5212
-2.62528
0.61474
-1.9365
0.341169
35.1075
-4.62773
6.32824
-1.4058
6.65618
-14.2511
-69.1096
8.6796
1.10317
-0.184866
-0.857704
-3.05925
-0.513605
0.537386
15.2163
-1.98807
2.02035
-2.11994
1.48727
4.38666
0.304856
-2.04923
2.88674
0.438303
-10.9673
1.34377
4.13776
-2.71783
-1.15128
-2.88731
17.018
-0.357466
-1.98863
-6.72101
0.289747
20.8973
-1.51918
2.25885
1.22687
-0.349376
-13.4966
-2.32972
-11.101
7.06681
53.793
-0.365318
-1.45429
-4.29665
12.8347
0.238799
1.22049
-0.869665
10.8909
-0.516119
7.86689
0.725312
-2.00573
-3.57593
11.5466
4.43384
7.59002
0.107492
-59.8164
2.62417
16.7547
3.81937
-8.58632
-5.15625
-1.60032
0.62419
-1.85608
-1.91165
-1.19191
-8.608
3.02019
4.52645
2.61029
-8.84504
2.17299
-1.99472
-0.600019
0.0597727
-12.5666
-13.9451
-0.271507
-4.85053
-2.72963
0.398102
2.48785
-15.8029
-2.57926
0.724942
-2.37378
-1.47496
3.45631
0.309163
0.878737
-22.0803
-0.237006
-2.70113
2.26656
-0.569706
-0.791642
1.83649
-3.33691
-1.49502
4.59973
3.13297
7.04079
5.49895
0.517072
-0.0440858
4.5429
2.54239
-0.378537
0.53689
-2.62836
-114.66
20.3689
-0.449792
1.30508
3.69122
2.51177
-4.60508
-2.68824
8.27075
0.979161
-0.0833889
-1.69313
16.2491
-0.387921
-126.517
0.43621
0.225956
2.27577
1.2037
1.16452
-0.202498
35.7501
-0.407888
1.38051
3.43633
-5.15365
0.698308
-148.551
3.06628
2.02127
-0.297083
-0.884557
0.00756147
-3.41933
0.140491
3.19396
3.30233
852.64
0.239782
120.061
-1.30183
1.34402
-0.161016
1920.31
-2.05749
2.83296
-2.16114
2.77155
-16.5353
-2.06096
5.55994
0.496842
-7.75035
-3.79503
0.602874
-1.84278
2.94977
1.44284
-1.77532
-0.0249133
2.41963
-1.64695
33.6424
-2.32984
-1.65315
1.29544
-2.49924
-1.24479
26.0694
-15.0964
1.04859
0.59001
2.12055
-2.35238
0.133543
0.130578
0.954046
-2.89064
-1.14297
-4.64043
-3.04484
-6.81847
1.82513
-1.96776
2.73811
15.1557
2.34965
0.712295
4.28705
-0.203081
0.912391
21.5562
33.1003
-2.82024
-1.37885
0.645667
65.4723
2.87598
18.4917
6.72683
-9.45263
1.7507
-24.7497
4.38383
-16.765
6.47161
-0.756707
1.1202
-16.4006
1.20442
-0.868752
-2.14987
1.81002
-0.419432
0.698283
-0.12591
-1.54124
3.47933
-2.25132
-3.04553
-5.72843
-0.578649
3.43019
-19.1945
1.11766
7.97536
-2.97112
-0.326571
3.61236
-15.0922
-1.53932
1.05372
-1.50683
2.07205
1.29058
3.10615
-5.37073
-4.275
-4.703
1.75732
-3.11355
0.405677
-1.7932
-13.978
0.039642
-0.480257
11.138
0.963865
-5.18646
-4.1222
0.299281
-2.70135
1.8412
-0.683094
-3.31518
-11.1964
-15.2235
-3.08554
-2.12739
0.0742359
1.63968
0.810756
-3.3044
1.35918
0.431017
-12.29
-3.12197
6.83053
-0.808251
1.93155
2.51436
2.41448
-0.0406183
2.94824
-0.697171
0.686008
-0.326797
-1.66023
1.12503
-4.66459
-2.45624
-0.0156451
2.1133
0.271035
1.97364
3.45245
-1.04975
4.76038
1.82031
-0.548206
-1.58703
-4.40515
0.0602904
0.0121223
1.62966
4.98549
16.7008
1.00148
0.222922
-0.685803
-0.526122
-0.340328
-0.556948
1.40783
-0.694409
-4.71411
6.90435
2.60647
3.9599
2.03436
0.706592
1.54911
4.09865
-2.26553
2.63042
0.192196
0.247107
-1.99747
-1.22741
6.3177
1.3651
-8.23821
0.556147
-0.295299
12.43
-2.35702
2.79026
1.65714
-3.54244
3.01018
2.53659
-2.10171
-2.92474
-0.998499
0.640562
-7.9611
-3.09113
-0.727771
-7.8813
1.01866
-9.17399
0.816805
-3.72459
21.4224
1.39306
4.49347
-0.75819
-2.07784
-1.2898
-0.630571
-4.25786
3.43941
-2.43883
-4.59299
-0.123823
1.16894
-0.310155
-2.7825
0.729233
0.38763
3.61961
0.38228
-0.319565
3.39519
-0.974204
3.45978
0.809962
-8.35536
1.81209
1.91678
0.083639
2.32394
5.57733
-9.92762
3.40687
-0.26276
-0.510526
-0.553766
21.3101
-2.72059
-19.1319
5.62114
-1.33785
0.670868
-0.780309
0.847963
3.44909
3.34977
2.83161
-1.57764
-0.652677
429.734
0.701328
-11.2305
2.74067
-10.1473
-2.94323
-1.49554
-0.920398
0.0738759
0.608485
1.41401
0.386287
-6.71769
-0.156625
2.0092
3.0039
1.54271
1.9702
0.558253
0.195189
6.4201
11.217
-1.00133
0.943161
-0.0163694
-6.13766
-0.760678
-4.07332
-1.4882
15.4277
0.93594
-0.239227
1.72698
-8.08929
-1.65588
-0.50777
4.81254
3.14053
0.969446
-0.159478
-93.1902
4.14568
2.68188
2.45303
0.179527
0.840056
1.93918
-0.314961
2.23413
-3.46571
1.07928
0.640415
0.24996
-1.14134
-1.11384
-1.23911
-0.802735
-21.635
-0.445914
0.763379
-2.64416
2.20336
1.09068
0.0406771
3.09501
-0.464419
2.1398
2.11835
-4.61046
-5.13612
0.409637
-3.91094
-0.0642311
-1.76126
9.78573
9.24649
-9.94619
2.15391
2.27888
-0.186554
6.03775
-0.20005
5.60873
-0.756137
0.758771
3.6343
4.59906
167.469
0.0668891
-4.91298
-0.784883
-2.45417
5.26401
-1.21812
-4.16926
0.260648
-6.8437
31.9657
-1.27634
-1.34965
-1.34714
-3.22639
-0.521364
2.58456
13.6015
-0.993373
0.418649
-15.6693
-3.37178
2.00748
-28.8798
2.37796
-7.33183
-6.30451
-1.40452
0.769328
-6.73859
0.56922
-22.5779
-0.672164
0.213983
-7.21844
-0.582182
0.0845655
2.5893
1.33141
-64.6423
26.0007
-1.97299
7.55298
1.48582
-5.87745
-8.17438
-2.50973
0.712871
11.5803
2.37476
0.262969
-8.88992
-2.39017
-0.294862
-1.54974
-3.15198
0.545044
2.22551
0.282555
-0.520285
1.21614
2.1914
2.30715
-0.364362
0.614491
0.747551
-0.560193
15.3402
-0.768203
5.01404
-0.354149
0.905292
-2.26342
0.875291
-4.48904
11.2655
0.350865
0.591424
1.75478
-3.87996
-11.6082
-1.67665
0.976349
0.0462242
7.03672
123.166
-0.176999
4.63337
5.69372
-13.55
0.785361
-1.20643
0.668661
-7.15522
-4.46244
-3.94587
1.64118
-3.31908
-1.08163
0.535207
-0.723504
-0.80601
-2.22524
-5.10055
-0.83338
1.52656
-1.93146
-7.91228
0.871113
-1.55081
6.29386
-0.862593
0.519834
0.592454
1.37732
2.6036
-0.569341
0.0794174
0.757154
0.228093
2.49262
-0.944764
2.02637
-6.61282
-24.7456
5.22692
1.47914
-9.32503
-1.88932
0.137114
-3.53829
-16.1446
1.38584
-0.283455
-11.3963
2.53046
0.101769
33.458
-25.2425
0.44769
-0.81655
-40.6012
0.3117
0.383867
-1.6647
-8.46283
1.74716
-11.9856
-2.75235
4.69141
-1.19296
-0.111122
-0.227777
0.0951675
2.49767
-5.32579
0.706117
0.286871
-1.58437
-0.4299
0.63611
1.55003
-1.48963
2.37397
-0.812689
9.41005
-1.46783
4.13027
21.7558
3.10388
-2.78034
3.65739
-0.499586
-1.35214
-3.71236
4.1306
-3.60953
0.144354
-39.0976
0.899456
1.70988
-0.571658
-2.59518
2.93777
0.362013
-2.61877
-2.3031
0.245294
-3.83051
46.7393
8.95313
-0.309547
-1.81227
-2.58913
-0.963198
0.553337
11.8293
4.80638
-7.31447
0.524469
13.8894
2.11175
-2.40485
5.87637
-1.10167
7.27765
0.749286
-14.6952
-3.13877
-34.1288
0.634678
-4.09059
1.74332
7.34874
0.966269
3.62086
1.7596
-1.1297
2.35594
-0.400215
-2.62699
9.16741
8.69048
-0.452864
0.0997401
-6.34008
-0.644115
-1.54699
-2.4166
3.89035
0.134398
2.27331
-2.83056
-7.26076
95.0977
1.49713
-2.64102
1.67382
-5.49205
0.000646346
-5.04809
4.40207
0.323707
-1.1174
-1.11763
2.63172
-4.05537
4.68558
0.140739
4.22762
-0.821018
-0.947561
-1.98615
-0.942729
4.26151
1.74676
1.32487
-2.95068
13.8
-1.37546
1.71423
-4.59955
-1.10809
-3.83825
1.78559
-10.0085
9.48846
-12.7414
-5.32822
-0.496603
-0.811806
-2.55786
-1.08459
-0.818593
-0.228581
-0.803365
-0.757258
34.5931
-1.19137
-0.748609
-0.973084
2.2376
17.0651
3.67812
0.6653
0.238996
8.97957
1.40542
-0.104281
-0.506293
0.588399
-0.844637
-1.66683
0.043701
1.29073
-0.845211
-0.552035
-0.504314
-25.6345
3.01954
2.23302
0.992519
-0.249879
1.96748
7.18998
-1.28116
3.53879
-0.64912
-1.51752
-2.69686
-2.29728
4.49277
-0.234708
0.145071
-0.855069
-12.8189
3.27474
0.862344
0.700538
-0.632677
2.60429
0.269254
-5.06156
-2.22831
1.46789
1.39217
11.3092
2.35644
1.24437
202.187
0.653914
0.0568504
2.9031
-3.44334
-72.2116
-6.28673
-4.31692
0.838559
-1.70143
3.56199
4.3662
-9.24947
-33.7457
0.896897
1.5525
4.1431
-1.33606
0.0506997
1.04322
0.602972
97.2972
-0.0559338
18.6405
-0.772624
-4.80356
-6.00834
6.18091
-3.88654
1.92683
1.56113
-0.830231
8.98921
0.423197
-1.37998
0.939559
-3.34836
-2.90442
11.7658
-0.939667
-0.36663
-0.417647
0.87389
-2.28166
-1.66522
0.37019
-2.31255
1.26207
11.8964
-1.82849
-0.836489
11.6002
1.56897
0.346911
-2.39032
-23.1471
-1.43942
3.49699
2.4408
-1.41028
147.251
-5.10471
0.269966
-3.30642
1.35176
-5.3454
-0.637197
-1.13559
1.6344
-0.325246
4.04912
-1.73648
-0.46228
0.00880908
0.728333
1.88096
15.0214
-5.96098
-2.13396
-1.88915
3.17513
2.60105
0.129638
2.8519
3.33169
5.3524
18.8217
1.29883
3.7582
-0.906256
-1.52809
222.57
-0.451999
0.79014
-7.91299
6.19908
0.558211
1.41421
2.11318
-0.437549
-3.28317
-24.5419
0.248209
2.97537
-1.38691
-0.132426
-27.1931
6.34664
-1.46779
-2.66698
2.14036
-2.36556
-0.627612
2.51593
0.414297
-7.3717
4.94198
-1.19932
-0.447737
-1.27775
1.51872
0.904243
-1.53236
-2.49874
3.72224
-0.772865
-1.7494
-13.0912
-45.2314
-73.847
0.0472502
-16.5981
2.01138
-9.0157
-16.4037
-3.71294
-213.189
0.266567
-14.9903
-7.8838
0.0652347
2.14267
3.8579
-5.36459
10.0107
-1.02366
-2.71873
-0.535614
-5.22413
10.9812
-1.28782
-8.74969
1.45706
6.4763
1.04582
0.283601
-2.76707
3.1695
0.470127
-6.05306
-3.80418
0.616605
4.82788
2.36858
1.73566
-30.8433
10.5055
-37.3652
-4.6259
-1.96539
23.5488
2.07647
-2.294
-0.742412
-0.760887
-0.862922
0.762499
-2.83831
-3.80321
-0.0888829
-5.87897
-1.09322
1.23852
-5.52406
1.55613
1.52421
-1.47841
4.29443
0.0189747
-1.859
0.584806
10.9788
7.23025
-0.227219
2.76737
0.432233
-3.78582
7.54599
-0.259281
16.6695
-1.77999
-14.5309
-33.0968
0.730982
1.5019
-18.9653
0.256135
-3.69592
1.60784
0.522909
4.7527
-2.77528
2.24587
0.521966
5.67373
0.217739
5.53239
-38.3009
-3.08217
-0.649074
-12.8736
-4.27277
1.29339
-11.6797
-3.79588
2.55814
1.647
38.4442
0.933791
3.39548
-6.54558
3.44091
-1.34786
0.518678
-32.1428
-0.528108
0.951874
2.42176
-0.426063
-0.402041
-10.433
-2.83229
-1.71265
154.03
-18.1523
2.31658
1.28181
7.91387
1.15377
-4.93201
-1.93051
-1.46405
0.444893
4.15932
-0.077164
0.137177
2.02972
14.5913
0.665475
16.0175
0.539272
0.707546
-48.6107
-7.37711
-0.115197
-0.416055
-6.00544
0.14534
-2.44025
0.870556
-8.10513
3.22724
-4.02425
1.82617
-3.54968
-7.97623
-13.857
0.828525
9.03713
-1.54324
0.254108
-10.6931
12.7262
-0.951707
-5.76866
4.58807
0.427598
1.72193
-0.201591
1.19059
-3.81826
-6.73953
0.0292344
-14.8096
-23.1654
-0.493111
-6.5333
0.6025
0.521284
4.27439
-0.390372
1.6736
2.47301
-2.9721
-0.199742
0.977405
-5.12082
-4.29112
15.1685
1.52862
-13.0558
-3.40671
-1.89921
-0.0379175
15.9434
3.69335
2.00445
6.41381
4.56202
1.35312
-1.39676
1.44233
0.648238
0.100094
-0.569673
18.0979
1.56148
0.196323
1.34942
-240.617
-8.04099
-8.26012
2.53978
0.124384
-0.557549
-2.19687
-1.42448
3.60807
-1.91999
0.935059
-0.364512
0.27396
0.212054
-4.13254
-549.734
0.0366696
-1.62152
0.958639
72.4389
0.855129
-0.638585
-0.535467
-0.139478
-1.39059
-0.229452
1.32045
-0.511135
2.38705
-0.233667
0.988982
-1.54985
-38.3517
-1.34164
1.78041
0.448219
-1.18634
1.68595
-13.8229
-0.380521
-2.2819
1.05168
3.8823
2.78154
-0.194969
11.1427
0.112517
-0.455268
-3.82608
-2.09113
1.29176
0.0805059
1.16808
2.46869
8.81005
1.39561
-55.0623
-6.06251
-1.54757
2.68686
-0.765133
0.516216
-0.193207
-1.01331
-1.07307
-3.66696
-9.38851
-2.00291
-3.69641
0.557355
1.01843
2.67156
3.19762
-1.38687
-16.5841
-1.49658
4.74813
-0.580894
4.5088
-4.3031
-2.66629
-0.898846
9.09316
-2.12955
-0.602939
13.989
11.0987
-2.54414
0.402345
4.04683
-1.54177
-14.1753
2.24383
0.0663668
3.52771
11.727
4.79747
1.42221
-5.56974
7.76079
0.0707602
-1.8866
-0.676018
0.995502
-2.11977
1.53742
0.378809
-2.8219
-54.1631
34.2134
1.40826
-6.71666
1.26265
-0.177451
-0.771316
0.591554
2.39481
1.06111
-0.966394
4.69742
-1.21088
-0.752892
366.155
6.18768
-2.76011
3.4421
-1.86848
0.546311
-1.0492
-0.654683
-8.35563
0.230473
-2.86923
-6.18182
1.79615
2.17274
0.0928144
-0.16855
-3.85161
-3.95932
1.66774
1.68757
0.743723
3.08517
-3.60417
1.62529
-1.9869
-96.8913
-0.0656812
12.9405
2.90179
4.14729
-2.37033
1.30773
5.03937
-4.10334
-0.536302
-5.90607
121.227
-1.78432
0.853643
250.195
-0.513295
0.239186
-0.914047
16.1415
-1.56052
-0.793876
-7.34562
-8.14618
-0.30143
-0.523871
14.1602
0.467047
-2.46418
-39.3744
3.71835
0.662601
0.662391
-0.154241
-0.942504
2.31172
-4.12396
0.89518
-3.46423
1.33572
-0.12378
-19.0147
2.05679
-3.59106
-1.12767
0.189203
1.94316
4.60214
53.5203
0.0489273
-1.63395
3.16536
1.16966
-0.112325
7.89648
1.84584
-1.05866
-0.808192
-1.36979
0.637667
-0.308808
0.0239181
-1.81573
-2.35458
-5.43303
-1.05706
9.64673
0.736655
-3288.26
7.99996
-2.83282
1.20406
10.2381
1.16564
-0.412848
-3.02076
-129.968
4.60411
-2.78404
0.628454
6.40548e-05
0.68787
-5.75296
-0.921527
-1.57489
2.43525
-0.40911
0.664035
2.82549
3.73735
-0.95707
1.51168
-0.428391
0.0690108
0.771309
5.52423
1.9942
-1.40375
-2.61569
1.67723
-2.78436
1.293
