-5.07558
-14.4916
2.82912
-0.0737982
21.9478
3.7363
0.0338144
7.56384
6.52626
2.57838
-6.03892
16.2668
-86.5449
3.17291
-11.9236
36.3139
-6.20769
-1.08747
-0.319382
-0.865242
1.38596
3.85112
-11.9466
-10.7744
52.5681
-10.6955
-5.66514
2.44269
-0.679037
-0.0193882
1.92017
-0.201761
-2.47675
3.90791
22.3148
4.52183
1.52543
2.32446
-292.418
-79.4568
17.4778
23.2717
20.4737
6.73602
1.44348
15.4953
18.8686
-1.20826
453.265
-5.09532
-2.64723
-5.64967
-0.461034
-16.974
-2.07308
11.5506
19.2769
-0.716602
11.1937
2.65633
2.35514
7.20536
0.837008
-2.17648
1.50215
8.06896
-2.28105
-3.93008
-1.33997
0.367015
-5.25974
1.2217
18.7395
18.8938
5.46228
-10.901
-11.0998
-0.963946
-4.75754
3.60684
-4.61595
-8.12181
11.2142
-10.696
-45.3074
-0.892365
-0.495817
-0.816707
-2.1301
19.6035
5.56798
0.998213
-4.01742
-0.867081
9.78629
1.89815
4.55356
-17.771
2.68494
2.42415
-2.06773
-12.2101
-49.2379
69.184
-18.263
-0.285706
-5.80319
0.112834
11.8724
17.0457
-8.48453
6.32084
-90.8788
10.3629
3.1655
24.7277
-51.2669
3.38396
2.16991
-17.534
33.0701
0.00840998
-0.877687
0.195021
-12.4319
-2.19955
-107.705
0.16836
2.47472
-2.05361
-24.416
-44.352
0.278025
45.406
-3.84035
-20.9048
-3.79795
-10.9204
-0.632105
68.4505
0.162851
-0.80784
-0.451925
8.4166
11.7901
0.961846
6.15795
42.8438
2.67033
23.5397
-9.20856
12.4175
10.2066
-14.6852
-1.61757
-75.9353
-51.5131
-5.19179
0.98977
0.452728
2.18775
-2.00431
-6.35751
-1.09758
-7.41334
-7.88909
-14.5542
17.1474
-17.6027
-2.16881
-0.789284
2.2761
9.66651
-38.4753
2.09308
-0.836051
2.57631
-6.19989
-1.84312
2.63668
-2.42893
-7.38964
-2.42178
-19.0193
6.80821
-5.19326
45.2499
19.2228
9.59746
0.443434
-2.74803
-59.1766
0.791891
7.95954
-5.31617
-2.85021
2.69077
10.7713
5.52206
-5.49698
5.884
-2.21634
5.90973
3.63417
-38.2817
-18.0032
6.83177
0.546513
-4.41904
1.20112
1.68868
-1.94344
0.395738
-13.5588
21.1738
2.29547
0.0266894
1.14637
-5.86936
-2.24386
-3.19434
-3.86033
1.09665
13.3337
3.79685
-3.15668
-4.10659
-1.3597
-10.6481
21.752
5.63583
4.58928
0.568347
-12.7088
36.5328
-7.68197
0.0781941
-5.44817
-12.0898
-0.0603573
13.0182
0.0920777
41.3794
1.85007
-14.4237
4.71172
7.86646
9.61645
3.31321
-3.55453
-48.0565
23.4078
-6.31361
7.06359
1.46085
-16.1726
0.206407
11.4883
-4.28002
31.2605
-5.80267
-0.1538
5.79844
30.4543
0.946994
16.9364
-2.03701
-10.184
-0.50704
-0.224804
-7.36131
22.3788
-3.27935
-1.26277
5.68884
-1.78175
-17.5492
-5.21931
0.851434
-4.38041
1.61639
0.338687
-13.9746
5.33431
1.08982
13.4492
-2.96751
-4.00068
20.6861
35.6779
-12.7755
-17.3553
3.66749
4.42994
0.303657
10.9576
-6.47539
-7.82654
7.21673
0.0337648
-8.11232
0.301255
4.17162
5.20957
5.08303
9.02418
-3.38375
-10.7152
15.9232
3.13521
96.3009
7.0482
-25.0657
-2.27087
-5.95713
6.02677
-15.8572
-223.117
-0.580687
-6.87363
2.54023
-3.26818
-9.36668
30.4949
5.47215
-3.88406
3.83562
-5.27482
-6.68352
6.85039
0.0595311
-1.35973
4.79364
-3.20159
-0.171044
6.51325
4.09699
-20.8564
11.0084
5.98901
4.1236
5.22062
0.622915
37.1679
-37.8028
-16.3371
-0.640577
-148.704
4.62517
-10.3899
-3.53032
-12.3425
-11.1757
-3.22638
463.618
0.125478
2.51993
-9.23641
9.457
1.73937
8.36759
3.18323
14.8947
-5.12998
2.6044
-57.453
-1.30293
5.52324
-3.24558
-22.5638
1.29548
-8.2585
2.29169
1.89629
20.3135
-2.84615
4.77531
-29.5303
1.3448
21.4791
-2.52897
-1.64669
-1.72936
-5.39343
-3.2596
76.1947
3.08426
-2.6475
2.33717
-19.9779
-39.8765
29.9732
-9.05009
7.58592
10.998
-19.6345
16.0038
-21.5757
18.3207
6.39252
5.0105
-2.62552
-8.01401
13.9204
5.90757
1.55371
-4.54668
-3.63687
-5.73679
-0.0618237
-0.405046
14.1771
1.1177
-1.91439
7.15701
30.2413
-9.20656
1.94799
-9.80318
-7.97894
-0.182782
-0.725454
5.65364
-14.2067
-2.95608
2.89534
1.46204
8.05471
7.25174
0.678855
-1.6889
-4.74302
-13.4436
-14.8289
-0.33794
-4.06748
-4.35407
-46.4175
4.78435
8.98598
0.958236
-3.38572
2.64967
2.83479
6.64944
-2.68358
-9.02917
-11.9253
31.4313
-10.9814
-11.9951
-5.44629
-5.67188
5.60887
1.69717
11.9659
6.62916
44.6236
-114.636
11.8036
-1.01548
8.42249
-40.2218
-6.18445
-0.695239
-0.956095
6.30228
14.2429
-9.26476
-28.4376
2.77545
2.03098
-0.559342
1.96212
16.7871
62.9855
-2.81495
-30.2909
-2.47815
-3.10377
-1.91899
23.2582
-5.81035
-0.850084
-1.76224
0.083938
13.8905
5.25971
2.37202
10.7646
10.3238
-2.60713
3.90916
0.293494
4.60299
-9.96311
-12.2265
3.88325
-16.6134
-8.21539
-9.45249
-2.01539
189.285
-4.5511
0.292578
-4.62574
55.9499
-8.1864
3.92675
-0.586023
131.991
17.4471
-1.5148
-0.693169
-0.090497
-0.937715
1.77087
1.38093
-1.69413
-0.394425
17.7535
-0.117093
-5.24268
15.1035
-9.86919
0.737625
-4.58231
-5.74973
-2.19711
-95.2694
-12.2401
0.576055
-2.3799
-12.0614
-2.09402
5.56854
10.9656
-8.63615
-2.98923
31.9608
-19.0752
-13.4242
0.417174
-7.8894
9.39047
-1.90251
-5.67268
-1.84081
2.11048
-3.49822
19.5813
-13.0646
35.1629
16.1327
15.6457
-17.9175
-4.96508
1.7995
2.67555
-153.103
-5.5019
8.55258
-6.12377
3.83972
7.87848
2.4198
1.25441
-8.57189
-0.946403
1.54211
-20.8917
-13.3201
9.2669
-3.82526
-9.96522
-2.09715
6.78752
-0.97952
-8.76805
2.30737
4.13737
6.24664
10.501
-83.1249
6.42214
-2.10633
37.6792
-2.97033
0.643376
8.7482
6.90254
1.06224
4.13021
5.09711
-32.2765
-1.25996
-54.0916
-2.93414
-1.13016
-1.90033
4.88408
-4.20454
12.457
-0.649493
-2.26499
39.5337
-3.22596
3.08209
7.57548
8.52618
57.6288
-7.13848
-0.187433
20.602
4.44601
-2.97397
0.118632
-14.8671
-3.48543
-1.30992
-4.91808
3.70605
-5.59355
-24.0555
-6.72107
-1.73504
-8.22897
-1.37807
-3.71737
-0.445932
-7.41991
-5.10149
-12.7941
-1.14757
-70.3412
3.34551
12.3727
-1.08761
-23.3583
-10.8114
8.49956
-2.62361
-13.4586
-370.531
-23.5369
11.2335
3.06422
-4.6716
3.41033
-3.40648
1.14808
1.77972
2.90616
-5.40347
-9.89462
6.85532
-9.32571
-1.58999
-1.21526
5.27161
-52.7407
-20.086
-1.59662
4.47133
0.628098
2.43582
0.537415
-1.40638
0.103817
7.5918
120.042
0.848475
14.2228
-30.918
-90.1179
-24.1385
4.37463
56.269
14.0836
-30.9498
9.89613
3.21737
2.72794
-4.20806
-15.9147
-0.883901
2.18672
2.72962
-12.798
1.91961
-11.5168
0.0244418
18.2751
4.70957
-6.81375
-1.78253
46.846
3.30973
-1.63651
-5.91917
-0.726296
-6.72484
21.5561
-4.17146
2.41734
2.40842
1.68545
-2.41542
13.5068
-3.79181
-26.3892
1.79038
15.24
-5.56901
13.0246
-9.7247
0.23467
-135.498
-20.6291
-32.8049
32.1222
-2.47652
-7.71761
2.24218
136.939
-0.171373
-20.0406
51.3625
-7.85995
-10.4935
11.0722
8.16767
-2.88997
2.27631
-1.37889
476.86
1.47058
-1.16859
-11.5731
1.48953
-0.0954716
1.08127
3.8325
10.9582
2.17743
0.438469
3.42592
-14.2144
9.11184
-4.41456
9.02043
-5.08104
-2.29097
8.20103
22.0294
-2.07944
1.87368
2.66833
-14.8263
-5.80498
-8.6344
58.2704
8.16917
-4.99852
2.49385
7.05428
5.70918
-1.14418
-10.2677
21.6038
-1.8597
6.32937
9.075
3.82607
0.768157
6.86715
-5.29145
-3.6624
44.7702
0.687545
11.0831
-1.53875
-16.7825
-5.94494
3.95958
3.52983
16.1923
5.84159
-2.43677
5.04515
2.05169
31.0209
-128.023
29.1573
-3.77082
-11.0485
-1.30341
0.349926
35.0716
134.48
-1.21239
-11.2816
-6.01398
2.58906
5.01497
7.20811
5.64227
-7.01401
10.587
-0.956124
17.622
-3.291
8.66136
23.8697
13.5331
12.3367
-19.722
5.36945
-1.54625
2.47939
4.91458
-2.65305
-1.5133
-9.14957
-3.03269
27.9621
46.7925
-21.1868
47.454
37.9937
-14.8625
-1.89499
9.80508
-2.15263
-1.67196
7.01391
-7.70898
2.52252
-3.85437
-25.7071
-13.8515
-1.86249
0.717276
-5.09965
2.89098
-1.01325
-1.06143
5.08575
1.73575
5.82124
13.3084
7.29161
43.8231
34.573
-4.96362
0.26961
-7.39011
-9.08199
10.4826
-45.9718
8.52318
1.89822
6.47122
-8.61836
-0.0714266
7.82878
6.75488
6.56811
-6.06206
4.30225
93.7544
4.94757
3.48864
12.2786
4.78007
-6.21829
9.1182
0.644756
1.35328
-8.45381
-11.751
-1.79988
-6.52592
2.60574
-1.81654
28.5625
-25.1287
19.8904
1.99643
-7.9099
-36.2705
10.0474
9.73215
-20.3126
447.148
-6.12707
-5.94548
2.52442
32.1439
45.1398
-0.652346
5.58882
9.10257
6.38477
288.99
-15.9661
15.0046
6.76023
16.1689
-8.14676
0.577311
7.93954
-27.3153
-4.88787
3.92644
-50.168
-18.9685
-1.07426
-1.94677
-3.54745
1.17821
24.5079
-0.533862
6.556
-2.07388
0.0961629
6.22564
-7.49185
1.37166
6.80065
16.7572
-12.2587
7.25204
5.71654
-12.5915
-1.59097
3.85124
-6.62911
-9.62786
-0.149484
2.70759
-22.4152
4.71503
6.99731
0.88929
-6.251
-11.6613
-0.551462
-10.4338
-6.95087
-1.96773
1.90963
-0.806713
0.929995
9.39829
-8.13658
2.60713
16.5324
3.46925
12.4365
0.129928
-1.9517
-0.93473
-59.3446
2.99084
0.733529
-0.885221
3.9133
0.00236666
-5.03225
-6.02548
0.110414
48.1977
0.321851
-81.6169
-16.1735
56.4605
3.13192
-2.92408
2.93906
59.1304
1.77595
-3.27556
-82.0583
-10.8365
-15.9258
2.73905
-18.491
-2.82879
-10.8873
8.75507
1.16053
4.67777
4.41083
1.45961
3.66275
0.624724
5.45253
10.1787
2.54714
3.03772
-0.810864
6.51125
-11.169
-5.50277
-1.47679
15.5083
-0.141153
0.875827
-18.1414
18.6981
-1.55955
-0.88795
0.685045
-0.914126
-4.67178
1.31498
-11.5011
-5.66518
-11.1953
-9.56164
3.32892
3.87139
-3.53937
-20.9465
-23.843
0.589398
1.16928
58.1509
0.204602
8.93281
1.02083
12.4042
12.7371
0.39203
2.86573
0.273055
-0.316264
-9.16329
40.4324
-0.881476
0.495453
2.10314
2.3688
31.893
-2.88533
-1.71939
-4.97214
10.9279
-4.6489
11.8259
-3.30535
4.31236
-6.52982
4.33196
-20.4571
-2.4135
7.25021
7.87634
-1.23754
129.521
-2.20422
-3.54365
0.184003
8.28874
0.517456
2.11751
16.4394
-3.87501
12.6555
1.10115
-0.428206
21.4781
0.160659
1.70103
-29.6101
-2.10717
3.7394
-87.6592
8.70554
7.50431
-0.172024
-10.0003
15.7421
0.54738
7.07837
-0.949599
-57.7887
-5.04373
0.188824
12.7863
-9.20201
9.1084
38.8963
0.4964
-4.81956
-32.4661
4.85245
-86.0844
-5.28035
10.7242
31.2554
11.5279
-4.92746
61.0908
6.77884
-0.219356
8.09111
23.9572
4.37475
2.98275
5.15519
-10.3085
-0.52065
-7.26028
-0.875965
-58.0417
-19.4896
-0.164148
0.595543
5.94311
-0.904083
35.0278
-1.44541
-6.61571
-27.6861
-22.2625
34.0823
2.60461
-43.7506
-19.6594
-4.05289
-1.05991
-4.31456
26.0325
-0.176555
-34.3963
-0.561395
-2.97275
5.83827
35.6568
6.27513
91.9339
7.85915
-14.022
2.44615
-10.826
7.47367
13.3425
28.7321
-4.70975
-4.02899
2.64404
6.02548
-4.00312
28.9642
5.36495
-9.29234
1.71936
0.638462
-11.8024
-3.44019
160.989
-19.0148
7.67901
220.643
-7.74664
-0.200272
-8.13389
-72.1689
-2.03861
7.69011
0.146129
0.461008
-21.609
-4.89729
3.21973
-3.85412
1.90253
-3.13953
-1.05899
-7.92492
-5.17318
-5.33349
-2.17158
-0.765141
3.28017
15.7427
-9.06977
1.29143
6.17081
7.32639
-9.4714
-0.993538
2.58764
17.1808
6.18185
-2.14048
-12.1191
-4.52647
-3.16075
3.6968
2.67661
4.12037
58.5157
10.8736
-5.60637
-4.95121
-4.68101
-1.64585
-2.62604
22.2861
-7.15983
5.05169
-11.8871
1.95616
-29.7494
1.83745
-1.15352
9.41729
-1.39495
-20.7037
745.443
-7.54662
-0.778338
-5.07677
-7.11625
1.90652
-18.9867
1.97972
-5.94563
1.58507
220.709
11.6452
-1.33133
-6.7816
-0.324507
20.4237
-23.6353
4.36402
14.3342
-0.382477
7.56051
-0.0179416
1.59141
15.6813
1.01705
5.53317
-12.7641
4.67266
-0.348334
2.34695
2.7622
22.7309
-10.7626
-6.89908
2.20177
10.9346
-21.742
0.781999
-17.8121
83.5574
12.9056
-0.0108809
-9.21773
1.0961
-1.61508
-2.67444
-4.49697
-21.3662
-15.7424
-4.72605
-50.413
-6.24
-49.3183
-11.5836
9.02105
63.4917
3.37825
239.835
3.08661
-2.09806
-29.598
-9.7046
-2.61369
1.57185
-3.69459
2.47432
-15.3143
-0.77764
4.6661
-28.9632
-14.2087
-23.2218
3.36948
-8.89771
-1.41705
-7.21322
30.7722
-3.33046
21.1804
14.8571
8.3751
-6.14042
7.03026
-31.2235
-1.82993
1.06566
12.1658
-89.2465
-3.14708
-2.37123
4.00898
-0.210142
0.437039
5.24763
6.53992
7.40542
-0.954432
-0.759227
35.7711
-2.81583
19.7547
0.555994
-2.77573
-0.584714
9.54586
-2.8415
-1.16698
-3.4895
30.3346
-1.26317
0.752792
-6.47249
-4.51918
-13.7407
7.37996
1.52038
1.27446
3.03266
1.39706
-11.5362
13.2806
-1.71605
-23.0692
-0.264636
2.8933
3.31431
-8.77832
-5.49191
-46.7893
-5.74945
22.2319
0.20739
-0.56846
-16.9683
-0.590755
1.23406
8.53825
-10.4689
3.04886
1.2709
1.77232
-0.111364
5.49311
-21.9112
16.8382
-14.1639
-0.783521
35.2652
2.19052
69.6213
-23.0155
1.21345
-34.3761
5.91346
-10.5482
8.80119
-6.8292
-8.33853
9.63542
1.60461
2.37219
0.332974
-2.68792
0.381868
5.74418
4.1962
15.2653
5.32644
-4.88546
-2.4703
-1.30096
11.4143
-19.631
0.914916
3.62021
7.36575
-7.34485
5.39783
5.34482
28.8025
-320.838
-4.00964
-18.3731
2.55131
-32.1389
26.9504
-1.2567
-2.51942
4.50893
-1.07146
-6.57162
-2.53518
-0.486934
5.4158
-17.6029
4.55778
8.57522
-14.6428
3.73635
3.06314
22.7096
-14.5793
134.252
-1.21674
15.5572
10.8237
6.92764
-31.287
-1.75193
23.1283
6.27031
-8.9237
6.3273
-2.17526
2.8773
-3.47383
5.92788
2.54706
5.29182
-21.1033
105.859
-0.500431
5.26606
7.70591
13.2208
16.8942
2.212
107.478
8.02365
25.1981
-13.1649
21.4331
-8.27128
-31.6613
-3.33378
-5.63479
-3.83653
-6.72274
1.42073
5.0792
-174.155
14.8149
-0.470266
40.6656
51.4458
4.28674
10.1574
0.635312
0.196673
-0.124701
-1.33659
7.63231
-2.08927
3.0898
4.40091
11.4161
13.6337
5.92393
-32.9847
2.01017
-3.38938
10.5349
4.94933
32.6938
-4.21504
49.9434
4.78723
-0.232934
-4.37336
1.29673
-3.96193
-4.75724
1.21408
2.79776
-21.6505
-3.58211
7.35531
-1.67788
1.55881
0.450448
-1.35755
-2.72571
15.496
-3.1267
23.5951
-3.85033
-61.3461
-15.9024
0.730281
-19.0065
-25.8736
19.2163
-51.3548
23.1804
-0.967109
-9.1111
-5.53004
7.69948
-10.901
-6.90255
1.98846
-8.52787
-2.2238
-2.68331
41.9073
-0.42891
-14.9435
-0.177084
-3.989
11.7925
6.32934
0.506152
3.87102
5.03637
0.923608
-21.0218
1.00012
2.39719
1.42046
-0.0781923
-1.79769
-9.05884
-11.7258
12.4788
-4.7995
3.74238
4.61809
-2.73097
2.47063
-5.92248
-5.96344
28.5488
3.08965
1.82769
72.1052
-4.10101
-12.3948
0.0868146
6.30751
6.14646
2.07159
-29.4592
-0.590122
0.801894
1.27797
-3.63142
33.6905
4.06229
1.9056
-5.58703
-9.48122
2.51729
5.72372
-1.68769
0.573682
-1.39648
4.99075
8.58841
-34.4871
-3.07551
10.1974
-1.14518
-5.59724
4.19745
42.1076
2.27068
-4.05365
17.3967
-3.49694
5.67395
-32.8814
16.1115
22.6915
-3.81844
-10.8817
4.65133
6.05921
12.4231
-126.173
-12.0456
8.18678
2.27911
-1.32215
-1.05604
-7.90229
-2.78825
0.33814
17.7263
-3.57423
-4.1345
-1.4556
15.1782
-4.1225
2.98645
7.59523
52.4406
2.69656
103.496
3.41806
3.96333
4.50242
-6.95409
-83.4745
-1.36174
13.5848
-0.0144028
-3.80953
1.2419
36.4549
20.06
30.1974
-15.438
1.00554
-6.05079
1.31177
-5.88893
0.32459
0.208761
-1.34716
-7.24459
10.7594
-17.4528
34.5766
123.772
56.2058
-72.942
-6.25368
3.63109
14.9234
3.01855
112.797
15.0217
4.37567
22.9795
-21.8176
105.458
0.861735
-3.17425
-101.57
7.22173
3.02757
1.52522
30.2617
3.59466
-1.02772
3.18453
-3.25742
1.68053
-2.4104
25.2922
7.76237
8.2813
-5.33215
3.96143
52.149
-18.6744
-2.21855
2.66648
4.39875
5.74755
17.931
0.965175
-2.38394
-0.101989
-3.2845
6.99681
-2.09873
0.585845
-5.20582
-1.86916
6.07737
-13.3911
-9.27967
16.4602
2.50812
-6.94211
-6.21407
-1.52121
-13.8181
1.40329
-14.1948
-3.16264
6.06772
11.0204
-1.3977
22.7653
2.46249
27.5226
-4.50296
1.27338
-0.965145
-3.72489
-161.948
-5.03122
-2.9275
-0.774319
-4.42313
-143.923
46.9453
-4.06308
-0.197761
2.2067
-1.87485
1.21048
4.99194
6.42312
-2.16391
3.46639
-13.6496
2.64326
-63.7351
-2.48321
-6.43434
42.0102
-50.5955
20.1259
-1.54981
-3.12764
-0.714782
0.533071
-104.394
6.61936
-6.52457
-8.4622
-2.13176
-3.76073
1.40039
5.00367
2.38388
1279.16
-2.19362
2.2252
-17.6499
3.30233
-49.3111
11.3597
-22.5704
-13.8229
-10.8927
-3.23413
-2.15861
0.900511
9.16741
-0.343978
-5.24934
-2.50274
-6.50552
2.97084
5.02675
-3.2498
-7.74219
-5.16882
14.775
17.4734
41.3851
4.95084
3.9669
4.8858
3.40492
0.245496
4.41969
0.242975
3.65745
604.485
-4.87159
-3.04233
0.890751
-5.86696
13.4964
2.17407
-0.611481
-13.5679
-6.20203
23.5846
1.80991
3.21702
-293.68
-0.670222
-12.0722
3.45822
0.970191
7.65504
1.75087
-2.54752
4.57434
-6.46601
-5.44953
2.49664
5.36295
5221.55
3.95588
-10.4549
0.364965
12.9469
-2.81362
-0.618727
8.19025
-112.855
7.21441
-9.27751
3.89933
17.5877
16.371
0.285411
-11.794
26.1635
1.66014
-19.003
1.11019
3.86232
-29.5285
4.47645
-9.49227
-1.94945
8.33494
4.51569
4.13506
-10.807
-865.07
3.13247
1.13391
62.0603
5.13468
-1.20377
1.5445
-0.758125
-21.4237
-2.57083
1.29031
-0.109192
-8.16524
23.5846
-18.9212
-8.56075
-1.31372
0.00174421
-0.797991
0.393912
2.4839
33.1857
-4.1967
3.25794
-43.8638
-3.09818
-3.91603
455.038
-5.28515
11.6861
-1.29001
-4.55004
5.27321
18.51
3.26681
1.8038
-2.35086
3.63964
-0.455309
-4.71867
8.27919
2.98558
2.18009
-0.663115
-4.53928
7.43084
1.34159
-25.3739
-0.944717
-3.41269
-2.75936
3.9821
12.9204
264.113
3.94116
-0.335554
-6.12675
6.87102
57.282
-1.72951
-8.76782
-23.0835
-53.99
3.00853
16.5282
15.6527
-12.9272
3.25831
9.25805
223.014
-0.874679
11.8038
10.3505
-0.775201
16.0392
-3.70475
4.25239
-47.2033
0.877729
-0.877693
6.42183
12.0737
-30.6681
3.8856
14.7304
-13.9763
2.0304
6.23318
-6.79537
3.42043
10.991
39.4098
-13.5085
36.124
7.64273
6.64036
-1.80443
62.2366
-7.39141
29.3037
-0.0818356
-8.43892
10.9884
-0.993171
0.043397
23.8554
3.81164
15.6909
-6.43861
1.23598
0.415943
-35.0435
-3.35699
8.42953
0.886641
7.72849
-4.59851
3.3446
7.46409
2.61427
-1.12018
-0.0120793
-4.78983
-6.75414
4.00967
-4.9693
5.88724
3.70351
1.843
4.70135
-7.73697
1.28097
3.83246
-14.3728
11.7974
18.8116
-0.708122
3.27514
-1.9151
0.780209
0.230384
2.81114
-2.48871
-15.2639
-3.31976
-8.637
-0.084501
-7.80243
-0.151933
-1.68905
126.405
37.6718
1.3625
10.5757
2.51579
6.72441
-3.89605
5.37769
0.151988
8.83967
2.14851
2.94872
9.29948
67.957
98.7673
10.0525
1.87677
0.414509
0.688522
0.947017
-33.4515
10.0448
8.59669
-70.9614
-22.4269
24.4371
5.35262
0.533347
-0.434292
-2.44414
-2.56542
-0.30285
1.09878
0.83483
-90.9718
-18.9588
15.1083
-7.33031
-26.9996
2.80144
-3.64544
-8.14947
1.78365
8.5339
3.95167
8.82705
9.50744
7.71479
15.4406
-2.32144
-31.6869
1.11516
-1.45072
6.24565
-7.97563
19.6987
-0.75828
-0.256779
-4.7954
-9.61607
3.26346
3.18136
1.88377
1.15159
-0.619396
-12.1312
-7.00611
-19.7079
53.0141
6.58365
-89.7179
-72.6335
-1.56947
10.9682
1.15794
5.21809
-3.5819
1.33507
2.56535
30.1293
-2.88617
-5.73842
0.717118
2.00313
3.4344
5.6234
34.5897
26.6021
-3.92591
5.18253
6.38285
-1.99932
12.3613
-0.142399
-6.8991
-696.629
6.17454
4.75195
-7.62729
3.00441
-4.69866
4.23324
-0.771637
1.40073
0.910886
-4.27635
-1.59681
-0.978189
-16.4773
-14.2022
-3.69685
22.777
14.7452
2.7406
-4.96913
-10.6239
1.88838
9.09293
2.82687
0.336864
-2.29379
-4.86823
-4.96194
13.9401
2.62097
-10.8247
3.32752
2.11963
1.04023
-15.6087
-11.6952
-4.01846
0.168369
-11.1483
-16.3457
8.36696
3.42905
0.32173
-12.0918
-0.622934
-1.86399
8.07032
8.6124
-1.75816
931.227
-11.0877
19.6491
1.28562
-0.159915
12.8188
5.83714
-4.81272
-9.53881
-2.92175
4.77585
0.142785
-15.3597
8.59378
-4.65113
-9.13305
-1.66724
-0.754188
6.30566
-110.952
-3.33572
-14.7551
29.892
-5.24096
10.0003
-1.45668
-0.414518
-4.62649
56.9111
-34.0087
38.1147
-14.6916
127.424
-0.166559
-5.04656
7.56841
-1.97261
20.9859
4.42047
30.6184
-5.54242
-0.0872221
2.21837
2.67846
5.4476
-3.36948
-39.4057
-527.513
-33.07
-4.73467
-22.787
-16.7237
-7.38055
-15.0866
4.53112
17.0595
-2.71188
9.7967
3.98145
0.552866
2.5557
3.5312
-1.02423
-6.57544
-12.915
0.350579
6.8462
-1.50923
-2.36058
0.41792
-13.6933
-1.18809
-1.79475
2.60046
-1.51138
-0.929563
35.9426
-3.14261
6.87621
1.69856
-44.2356
0.0177751
1.708
4.18532
-4.39835
-79.0453
-107.167
-3.37421
-25.4709
3.46488
5.01168
5.02516
1.25486
-3.33692
-1.87078
-1.09546
80.593
6.80252
-0.599873
5.68123
9.76249
-6.61488
27.0996
-13.9254
-0.75878
-3.29097
-4.16102
-1.96931
-1.66674
20.6968
-14.6815
-3.53779
-8.43586
4.02484
-2.85887
-3.6306
0.761747
5.98287
26.0111
-1.5006
-21.373
-54.3976
0.0522837
8.14313
-0.69729
-1.59779
-0.100271
-2.86909
-1.67379
2.45399
-1.1505
-6.6763
-33.9824
46.8366
-10.0001
-2.62615
8.25967
4.33647
1.38631
5.05567
-7.07655
2.0368
8.45599
3.6423
-34.4824
3.90907
-12.3128
-63.4871
4.23224
-0.0295725
2.69209
48.0286
-2.25861
20.587
0.972012
17.1764
0.768039
-17.2152
-14.7278
0.604351
5.75907
-2.60263
3.42326
7.78644
-1.03489
11.9864
-9.04826
-0.141866
5.02812
41.0404
29.4084
1.29492
-9.09488
-3.49417
-17.558
0.297222
0.0220239
102.275
-1.70548
12.9604
2.26241
-5.10195
-2.18308
-9.06727
8.66487
1.6571
-14.7496
-3.07031
0.697819
-13.9051
-5.92974
87.3005
16.5362
0.510112
-21.7236
-2.88405
-1.90963
4.06719
3.039
5.19211
-4.99494
27.0499
-6.96489
-4.70817
-0.757446
-115.71
0.776096
160.719
-39.9653
8.53266
6.94933
-83.6358
-4.2613
-2.48703
-50.7676
-1.50768
-0.423329
-21.3681
-14.9812
1.87052
-5.08882
-15.613
-1.43314
-8.16907
-4.37635
5.20264
5.53286
5.78785
8.50621
4.34435
0.664848
7.37889
7.37623
-1.21219
-14.0363
6.85179
1.17406
0.418634
-9.07991
4.563
-6.57731
-9.61976
14.9689
-0.118478
-1.7714
-3.82998
3.80967
-0.297732
5.98962
-6.46949
6.39348
4.73982
-14.1447
-6.01601
1.289
-0.564992
4.83333
-4.10647
-1.37838
-49.7994
-30.0184
-2.02459
8.67262
-10.4864
5.31676
18.5779
10.4969
3.98351
3.32525
5.65462
-4.48273
-9.04097
23.9893
35.6586
10.1589
-1.42069
3.07013
-10.6171
1.06282
12.4164
-2.41278
-4.64922
-1.60115
-1.33851
1.43644
-13.9767
3.3044
-3.49884
7.29032
-32.0852
3.58846
-2.99918
0.314829
-5.15629
-55.8544
-8.27135
-2.31451
0.693364
-3.73196
0.614614
-4.25273
-39.4685
-11.4998
-2.39949
9.1658
0.807914
-7.34873
-0.705779
0.545869
1.65812
0.536035
-1.03947
5.03725
8.11473
-6.70089
0.847212
-2.25831
-11.6748
-3.20329
0.699789
-6.62238
10.0236
-0.681135
0.639288
9.13487
31.9168
-2.2284
-10.5946
1.98363
10.9211
51.713
78.7903
-10.7996
-28.3642
9.13383
0.189001
-0.0851645
-0.884831
0.366205
5.76819
-0.716264
1.72098
1.37113
-6.47259
-0.390351
-5.144
5.94001
10.75
-2.3252
36.5864
-7.12811
3.68869
-27.0571
3.59135
-2.96174
-1.16942
6.25797
-8.9517
-2.68363
4.26664
6.5296
1.95846
22.2528
3.56594
4.06118
7.89709
2.21983
7.99446
2.30457
20.4327
-2.51877
-4.39963
27.6651
-0.485951
3.46361
1.97566
-4.73438
-0.287228
1.34287
1.13804
2.12379
-0.201492
0.698354
-4.26446
-0.851971
-2.22131
19.5754
4.27497
-1.5702
3.02099
-2.4786
-0.867707
1.89249
-0.877116
-3.45637
4.18053
5.5896
-3.30171
1.64134
20.0387
-2.14863
-2.69888
10.0621
-4.15137
-25.6701
2.31611
-1.2892
9.00114
0.0586185
-1.66073
7.15868
-3.84338
-33.8625
-29.5965
-1.66111
-45.1542
-0.79228
-8.48597
-0.232845
-10.7979
-6.06889
0.757851
-0.232511
7.21516
-5.16566
0.21274
2.82001
0.0443692
-2.38861
-3708.2
7.17657
7.64502
-3.62614
-15.8464
3.94621
1.74015
0.665408
187.621
-9.05263
-0.848714
32.9768
0.205696
-0.623378
1151.3
12.4759
54.6848
5.77885
-2.70125
2.53644
14.9286
-10.1998
-6.88539
0.347888
-2.73933
-0.633372
-6.46547
15.5255
-11.639
-13.591
1.46757
-6.4969
-9.50484
6.40989
-3.27832
2.4095
-3.60697
49.951
48.4814
-0.10079
4.13911
-47.7113
-2.684
1.01001
-7.29717
6.1088
-9.04193
-10.2743
-1.57894
5.20506
-0.556
-17.7472
48.5669
1.99236
-58.779
4.50088
-1.96386
4.20697
1.81276
-5.78927
-4.53981
-6.06251
32.209
-2.23785
-138.544
-0.379732
184.728
-3.75559
-9.67934
13.1468
6.98257
3.34703
5.80042
-1.3418
18.6204
1.70274
-4.2051
12.7621
219.915
9.09828
0.647971
-0.196758
16.2109
3.45426
5.50119
-0.142
31.5506
11.1639
-11.2117
3.17706
31.8156
-2.36442
-31.8554
3.02326
17.3045
-6.34508
4.65384
-0.224928
2.12373
10.6327
427.033
9.56662
-0.37045
-1.01309
12.4737
-10.7648
-0.490069
30.9969
-7.91089
3.18472
9.44268
222.499
-13.4009
-41.2562
4.52918
-8.90335
-7.88994
63.8457
-53.7552
-23.174
2.07697
-17.7687
-2.94602
3.86264
-7.25421
4.31846
4.66194
7.48908
-5.9987
8.79268
-7.56594
2.3419
-17.291
-4.10092
10.7665
-30.404
-11.7955
-3.36915
15.7398
1.44247
-1.72396
-12.9736
4.26806
0.755087
-6.5502
-7.19506
25.0851
-3.35259
-2.82411
-5.38344
-0.714659
-5.01583
28.1582
1.31724
34.1653
-0.749151
-2.34261
-1.31845
10.6894
1.54389
3.0487
-36.9048
-4.25212
1.31387
-31.9245
1.56478
-3.62472
14.5773
-10.9178
7.67912
2.73459
-2.39652
-0.303039
2.03625
32.3731
-16.5653
-1.38617
-11.9643
5.3522
11.9504
0.364115
-6.03805
8.13591
6.95142
7.22398
-2.1881
7.85473
4.49348
-0.00771461
0.933744
3.6635
-2.13999
-21.5857
2.13768
-10.9982
-7.10615
-263.934
-9.92225
34.4234
-233.925
5.85866
-1.01802
20.954
10.5847
-0.374326
12.4648
26.6181
-1.2386
-3.78423
65.5585
-21.5796
5.68484
-3.30265
129.627
-3.36934
-1.73666
-6.82111
-31.4116
-7.9681
1.20804
-16.112
0.00880786
-8.77632
3.328
-1.62329
-98.3915
-12.5641
-1.29855
-0.83707
-5.643
0.528118
-2.96537
-0.56266
2.26973
-18.2743
1.92956
5.32305
8.9236
-11.648
22.4091
-8.87618
-3.13128
4.3348
9.02592
13.4836
1.81361
3.81812
10.8473
-17.0455
1.76727
4.79644
0.163915
-1.8246
2.99251
4.87985
0.2253
4.19483
8.49606
3.51026
-0.662462
5.2897
-18.0335
-1.42571
0.159833
-33.1872
199.324
-0.987806
-1.19903
-2.33631
-58.4364
-73.2858
9.35005
-6.89288
0.897626
26.9773
-73.8848
0.560863
0.972516
-2.42081
-7.6126
-6.96179
0.492685
2.75287
17.0547
0.401738
13.7322
-4.28843
-4.22324
-20.6705
1.55533
25.0023
1.21013
-0.612343
27.579
-12.653
-3.83991
-5.67606
-4.34986
-8.2764
18.2365
3.90065
-12.4138
-1.96124
-3.77641
11.3384
-9.37462
3.05402
-114.238
-1.99639
2.26855
43.1331
0.575271
10.1395
-16.6209
-5.5175
-52.7108
2.81446
-0.920754
-3.87823
-6.43339
-7.88455
8.46314
0.797264
9.77778
-10.7255
-20.9456
-5.78652
-0.162082
1.41804
-9.15779
1.61412
-2.90644
9.35101
6.39439
0.694463
-6.07537
2.87027
9.83859
-90.2146
-2.03577
-4.53695
-1.59639
-3.85156
-1.01845
18.843
5.92727
-1.34134
5.8719
-114.335
33.2854
-28.7873
-25.5205
52.4443
0.620976
-1.98272
13.6498
-22.9788
12.8878
1.63065
0.894891
-9.7306
2.1125
2.2736
0.402285
-40.906
7.26107
11.8621
-14.6738
-7.2026
3.44139
1.49537
-14.2284
11.5946
-8.62045
4.66015
69.6551
5.52709
9.87307
-34.4301
-9.09888
8.90426
-335.752
-7.17529
-12.4997
29.3628
-13.8421
-0.94995
0.117658
0.610368
-1978.39
-30.7048
4.34866
0.818406
45.6186
0.914282
-10.4207
17.2741
-0.529952
-2.73803
0.951635
0.577625
-73.8846
35.8483
2.99522
197.345
-0.408851
6.97745
-10.247
-2.40147
-17.4357
9.85976
-0.167376
-2.04399
0.810222
54.8197
1.50117
-2.55095
1.64767
-0.803366
-2.18947
11.5373
-1.1313
-2.32115
5.31049
4.88697
-0.827567
-1370.49
-38.7237
27.3825
-5.90489
-5.15791
4.45075
73.9401
-2.87613
-125.734
-0.0328196
-39.6567
-13.4791
-1.33613
-6.189
-2.32996
2.4147
-6.57719
-4.97774
4.7529
-17.0316
-6.98021
-3.64593
-9.64978
-1.09892
11.5375
1.24004
-12.2065
3.23723
3.48271
-5.10178
-3.44996
2.66209
-5.77257
17.0434
-0.491112
2.61041
-25.7101
0.8045
-65.7144
-38.869
-1.00821
22.6921
4.16668
2.85953
-7.55654
-4.8984
-2.37104
-25.1123
2.65699
3.95743
4.62244
2.01252
5.79146
4.23663
11.53
-0.52068
-0.638861
-5.19716
0.198542
54.6733
-1.91487
0.489988
-3.9842
-0.87761
2.36716
-15.88
-15.795
2.65539
-1.25673
7.77924
5.00218
-11.2487
-15.48
2.51069
19.3704
1.03299
-0.177771
3.01951
-12.8894
-0.624191
-8.10843
-5.33924
2.24016
-2.24441
10.4804
-1.87294
-7.02882
0.165941
-2.98822
-495.281
0.0281643
-1.69748
-12.9849
-7.21295
2.3578
0.987011
1.10932
2.71597
1.32351
28.7159
-5.57284
-12.2165
-0.437793
4.7421
0.104069
0.551115
5.74731
3.28823
-0.439046
17.2419
22.7529
8.53835
-6.09518
-3.40504
13.5598
-4.48502
3.22046
0.899478
-0.648855
-7.73143
0.0728961
-0.0382835
1.76351
-8.06033
-0.197444
-11.5469
-5.23743
17.6899
-3.63372
1.69327
-10.8059
7.4537
20.084
1.67466
4.54423
1.53528
-5.25085
-70.3907
25.8844
-0.794277
21.4172
-8.86125
-48.967
0.240322
-0.0722259
-4.88984
6.99478
-4.51093
87.471
-3.48165
13.4719
-6.59765
-237.902
7.79954
14.2714
14.8706
25.2181
-5.97194
-0.804938
-0.454329
-2.13971
-2.23984
-6.8176
-9.50122
7.89447
0.459285
1.96904
-2.02993
-1.27215
13.3502
-21.8214
-0.537468
-35.1703
-5.75576
-20.2156
7.40213
0.415119
3.54117
-10.5636
-2.67411
-21.0224
13.9247
3.90029
-17.5858
-1.19317
17.4122
-9.68019
5.78036
-18.5005
1.27856
-5.1945
9.62986
-11.8605
-0.424586
2.32809
6.30667
3.00948
4.74351
-2.08715
101.756
-10.0514
0.0439585
-0.447275
3.19298
-26.5735
-1.42584
3.5544
4.6103
29.3415
3.95803
3.08158
-2.74981
0.979534
-0.484744
-20.8357
-6.97462
-128.401
25.1387
6.82238
31.8572
-1.23268
-1.92447
32.7454
-0.0835732
0.384669
-1.01347
-1.68864
-75.6592
-3.95493
17.0368
-2.28975
3.10992
98.5444
1.1811
31.3238
-24.7813
5.59665
0.675683
-12.49
27.6067
1.0784
3.56699
3.44898
0.768072
2.92132
-8.64323
5.74138
-5.07465
-4.23167
1.69323
-0.876033
7.82941
-1.25605
-3.58807
0.350541
1.1011
-6.78355
9.54823
1.59883
0.323865
-3.31902
2.16769
-2.79999
-11.143
-1.14997
-3.54765
12.2911
7.20159
26.3741
-27.4132
11.9314
5.53569
-6.79553
24.4357
-1.11524
-19.1369
-6.33462
-0.589967
6.8065
-8.60535
-17.5713
-0.859196
-8.22597
-2.45656
150.798
0.0716009
-1.91467
-0.987165
7.11863
3.20238
-17.2819
-1.15381
-9.43548
-2.18415
-66.8125
-1.56482
-1.74764
-37.4106
-1.06455
-27.6086
1.72975
-8.06913
0.537296
-0.956755
-5.36649
15.2117
-0.382631
-186.957
-6.45529
19.4546
4.40636
-1.94604
-3.8145
-20.5968
0.192384
-0.27494
-2.86739
-4.93521
11.2291
8.83166
1.07315
8.17029
-1.251
5.51143
-117.536
-5.79693
-43.7645
5.02089
3.63832
-1.81979
-32.502
-8.90512
-5.8075
-8.57642
1.17747
-0.828245
91.5053
-5.34983
-16.0487
-4.37801
-14.197
-4.94679
18.8615
-0.280501
8.34609
-1.76721
-16.3533
-0.545053
-6.86688
-20.0151
-6.89046
2.94019
-9.59149
6.80575
-3.91343
-13.7005
-23.6028
0.784162
-14.3306
-1.48659
1.25863
5.14865
-37.2045
-0.784529
4.97085
3.49727
-4.70714
-56.2094
4.92571
0.028488
0.325786
-2.21092
2.69132
4.15369
0.0445988
-3.64297
-2.43083
4.89496
-66.697
-3.29946
-0.16727
0.857616
-21.2161
-0.504539
5.15414
3.5786
-1.58958
0.734022
5.97309
-2.11011
2.29421
-6.04073
-8.43982
-1.8357
-0.680289
0.33044
0.734636
-5.1072
2.17078
8.22838
3.87527
0.718593
-8.66611
7.5207
-1.40949
12.1778
-4.84332
-2.06695
-1.72417
-20.1159
21.9319
-5.9398
-4.5693
2.40747
5.90315
-0.17755
-0.781541
-2.56841
7.74596
12.1698
-2.69116
3.63305
1.09019
-7.42331
-34.0682
10.6314
-18.2654
-21.8119
-5.50793
2.84696
0.643499
3.4839
0.281365
3.06006
7.36475
-2.08504
11.2899
2.08927
-5.76493
8.40852
42.6046
811.028
3.97032
-64.6492
-10.9678
2.25147
15.1863
-0.578227
7.73346
2.9258
3.69209
-12.0899
-4.67617
1.94539
1.20841
18.4995
4.37067
-139.628
3.52075
-5.308
-2.03001
4.77556
5.95056
2.33631
2.7615
-0.257319
3.72399
-21.3108
-5.9971
2.47921
-5.52373
2.12877
4.50806
9.77513
-245.717
3.07522
-47.74
2.99826
1.81514
747.268
7.01636
-5.40479
0.796156
-3.49364
-33.8367
-5.00965
1.24126
29.2683
-6.05107
-2.36441
-0.77882
-0.412884
-22.0168
19.5788
-5.13462
20.6946
1.51039
-1.47752
2.30726
53.848
6.07388
-12.0187
-9.97124
-4.98112
3.40055
3.9892
-3.6309
5.24489
-2.47732
10.5003
0.114952
1.95798
10.3357
-17.9426
9.11298
-0.608289
-21.5043
0.631765
1.12515
-294.824
0.658701
47.8458
0.380234
18.9978
-1.37002
-25.5398
-5.86707
-3.36124
2.00855
271.51
29.745
4.03975
205.009
9.31544
-91.6328
5.05961
-3.76326
-1.80057
6.43461
-215.053
0.00130771
35.5989
-65.4564
-0.497135
-3.26124
3.39705
-10.4105
75.3969
0.658006
12.6729
6.06641
-10.5827
-4.10974
5.7191
16.6631
-2.85599
10.6879
-3.24145
3.50104
-0.695496
0.66841
11.441
-0.553912
12.4955
-14.2122
1.43034
-327.024
-5.80318
-8.93103
-3.09555
16.4081
11.3156
6.80577
2.80856
-1.18525
2.51659
-29.6885
-8.23849
2.91606
-7.92496
1.53811
1.07667
-10.8999
5.18079
-10.3685
-2.06267
-1.3423
0.607956
-0.816958
-21.0775
4.49897
-0.789245
-36.3001
-1.0885
-1.28608
-35.7618
-0.256193
17.6226
-10.1963
2.93203
-5.16743
0.124035
0.662266
-25.3988
6.75872
-0.210703
-2.32131
-6.3774
-2.03444
4.44617
-4.56609
-7.94445
0.840092
-15.6058
-24.1978
0.758229
0.204665
-3.67326
14.4461
-2.37807
20.1914
227.324
100.475
0.227942
10.7656
-4.98765
-4.15514
3.40635
0.205051
-6.34865
20.3844
-5.53406
0.296701
-2.78484
71.4775
-7.1776
33.5255
-7.24015
242.126
7.01139
-7.10059
-4.89505
10.3324
-61.6215
-3.93958
-3.56152
1.62439
-2.72993
-62.1495
3.34256
1.6691
-12.0841
4.49318
-11.8699
-7.20647
8.89983
3.53124
-8.49314
0.59682
8.72103
-7.40934
-8.94255
3.05692
14.4775
-7.53616
-1.11967
-0.0286079
-2.20546
3.5005
9.44646
3.47826
29.8909
-1.07
-8.73378
-2.89678
-14.1336
4.35964
-3.437
7.98439
7.72957
-10.4927
-0.115189
7.76699
3.07113
18.5755
-11.5354
7.67452
0.981019
12.7727
-11.5455
-0.772526
-0.746251
-3.57513
-0.508653
6.9936
-0.0527139
-1.98748
-1.68055
3.79756
8.81205
11.9249
-1.05695
-3.34671
135.096
3.8462
-0.326354
12.2739
8.90059
0.00958739
-2.65778
1.77704
-9.896
4.49848
-15.57
1.8836
13.7533
10.8598
0.814889
3.59508
20.6511
7.87309
3.66441
4.01836
3.10274
-4.34914
44.054
7.79884
-6.13535
-2.08277
1.47368
0.555138
2.84437
1.56636
-18.737
-94.6223
3.01565
-4.40331
-29.8242
4.81115
1.65546
3.58022
-1.9395
3.916
0.420382
3.10117
-1.24209
9.68472
4.72752
43.5701
-6.3386
7.97581
0.608518
-8.54823
-3.15844
-16.9316
5.27364
1.75367
-33.0082
-6.75586
-1.3491
-3.33421
7.07792
30.1875
-1.12807
-0.97285
9.8473
3.61859
-1.87635
-7.58545
-24.7967
-0.265451
4779.82
6.232
1.7648
-9.85331
1.41037
-0.74759
-0.528182
-2.90633
12.8484
-10.3338
3.04809
-12.1703
8.34383
6.23519
-5.09292
61.4433
7.49993
-434.978
-0.870758
-18.6827
13.2732
-1.08465
21.4193
-2.72579
21.7684
-37.3208
-13.9793
36.3381
-48.6936
6.61313
3.38097
1.71492
-2.77452
2.26349
4.54966
20.8691
4.70984
5.15543
-2.79473
-6.39655
4.66989
-4.32567
6.30803
-1.83085
1.79498
-1.08164
-5.88525
16.9132
-2.9185
-21.9999
-3.28947
4.58895
0.0506628
6.95417
1.17293
2.34517
19.8896
-15.9451
0.282012
2.31107
1.12292
-1.39185
-334.086
3.50702
-1.38798
3.67829
-9.82962
-26.2541
-1.77559
-14.5161
4.26342
0.429333
-10.2917
-0.526871
-3.02758
-6.8094
8.01821
-5.30271
10.1776
-32.1252
-0.435208
3.53514
3.36576
16.8202
-4.11049
1.09473
2.80939
-18.1623
14.666
3.6728
1.19082
46.9519
-7.50313
-3.46169
-18.4409
50.3252
0.89049
-3.20931
14.6188
31.5203
-23.9806
-0.3083
8.84958
104.394
-0.31638
-4.64473
4.16097
109.617
-1.49706
21.4708
3.29517
1.05862
-12.9044
-46.5674
-5.10027
34.6837
7.36198
3.89238
46.1425
4.27095
9.52311
-13.4195
5.2527
-5.76698
-11.5439
16.4296
-3.21138
-4.16908
36.2465
-11.0337
-0.180284
-37.3216
-1.13983
25.9976
6.94608
16.7731
-2.43637
3.20389
10.1639
-16.1636
-2.87582
5.77599
-382.746
585.488
3.92893
-10.7484
-1.11888
7.04269
-14.1776
-3.73157
1.73977
1.43923
-17.106
11.9587
-4.84658
-53.0443
-7.77475
-3.86799
26.1683
0.986009
-4.65595
3.37429
1.23485
8.57755
-6.54701
-4.47854
0.469584
-1.7274
6.94326
-7.91167
46.3972
191.521
5.87931
-2.38333
-2.63091
0.658966
11.4478
-6.07651
13.3537
4.5933
10.7683
-4.91421
0.510609
1.12584
-15.6181
-3.13974
-4.32336
-10.9691
6.25683
22.3976
5.41515
4.48244
-0.894044
-15.2113
-1.15555
-7.99889
-211.12
1.99025
-47.1495
2.83822
129.742
-0.498113
2.11976
-0.324997
-1.03642
-27.622
3.91185
-3.5312
5.0928
0.543843
-4.86743
162.739
-22.1786
2.44866
25.4277
280.44
-2.55223
-0.215345
25.6459
10.8593
7.70994
3.18001
-11.6587
-69.8854
28.8401
18.0799
-4.88041
26.3942
-54.705
-7.77148
-6.45059
1.73232
-0.480251
-5.64403
7.52999
-80.1363
-109.338
-3.99547
-0.0584149
-0.29728
-5.51125
18.9231
-4.00919
-7.93331
-17.7969
-0.689192
2.66035
13.3866
-6.34698
-2.21867
6.13845
-30.5869
-202.223
-42.7306
-22.5511
5.53835
-16.3532
-27.476
-2.01978
25.8836
3.23886
8.14968
-18.5109
0.222033
32.6037
3.93721
-31.4333
-13.6172
9.03224
0.19814
-11.4566
-0.123291
7.8136
24.0746
-3.78441
0.592835
-28.0548
12.9659
0.0289348
23.8058
9.59959
1.47673
7.32143
1.83549
-104.33
2.54081
3.03482
2.14744
6.67628
29.3813
-5.70612
-5.6489
-14.7261
6.16481
0.220874
-64.5929
1.26413
-6.93613
2.69091
4.80712
2.05515
-60.118
-1.09562
-26.7564
-2.60062
3.06338
34.6545
98.3369
5.06909
-11.3867
1.43945
-10.1273
-11.214
-0.652801
-9.40888
2.19461
-10.6498
-16.9989
2.98171
-4.01843
-0.115592
4.02669
-7.95753
3.76803
1.00681
-2.9541
-2.42213
-5.12551
4.98874
-2.06723
-22.3606
18.0164
-1.72592
-0.667688
2.76162
-5.79091
-0.415101
-8.16486
-1.20452
-722.966
7.67435
4.39658
1.56191
-6.75276
1.97449
-2.24563
-2.93878
-26.616
3.46541
13.397
-5.88947
0.524228
-1.48933
1.35521
-6.48251
-190.793
5.92418
-0.5477
-16.8677
-18.3287
-0.75257
1.08227
-4.94771
-5.88183
0.772336
-25.0001
-3.57664
-2.87231
17.618
-0.39064
7.39259
-2.6051
-1.80374
-2.79664
6976.37
0.112005
-0.0579048
1.89025
-33.4128
35.97
-124.435
6.81178
22.3848
11.5345
-31.3358
-2.50385
-1.2614
5.85906
-13.0216
1.76418
17.6919
5.51875
-11.9697
11.4941
-7.4349
0.675134
-20.2352
5.43278
0.693544
20.7971
-0.636798
-3.40564
45.3668
1.06607
-9.93819
-20.8619
-4.50763
21.1124
1.50331
1.74743
2.22046
-3.17394
-11.8104
-2.11651
-43.1793
-0.104404
-1260.05
-47.9655
-2.05601
-7.20757
4.04713
-3.63315
-4.39996
0.770712
-37.0091
-10.0831
-0.432608
4.56267
19.7879
27.8357
-0.455263
1.77039
6.56439
-1.15535
2.02762
-2.59017
4.4794
-2.56985
-205.642
-5.65451
-1.64515
-1.39957
-47.8926
-0.357807
-23.16
4.61466
11.2149
5.4724
54.2918
1.91672
-4.37386
12.5712
-0.34179
18.3269
13.4339
2.3556
-6.18751
22.5668
53.2121
-0.466119
-0.196349
-234.311
61.1375
10.8237
-44.8731
0.779
11.6835
3.15147
1.25035
-7.11947
-16.5079
-5.68328
-14.4198
4.50378
-1.70328
-34.008
8.29696
2.83982
-0.743951
-14.4187
-11.6417
45.5189
37.8953
-19.0295
64.6069
-2.02547
-6.00274
-3.6368
8.55524
-7.31269
1.21673
-17.0608
-3.47466
3.36712
-2.29012
6.16391
-15.1105
33.1301
38.4662
8.87177
-10.2935
-12.367
4.36398
1.62794
3.13029
-5.45655
-5.21582
-0.442355
58.7282
13.4048
-1.84258
-2.49515
3.90175
9.3476
6.42324
-7.01591
-4.80799
13.3563
-1.56418
-10.3665
-6.9319
175.888
-29.7616
0.930726
9.24587
-11.7884
3.57476
6.05655
7.50784
3.49724
-1.01838
-7.38258
0.627087
-0.487196
-0.201931
-1.4348
25.3942
-4.1263
-5.57044
-11.7908
15.5587
2.97833
12.3761
0.627632
14.2841
-19.2959
-3.50825
1.84893
0.702818
2.52097
2.07781
2.31784
-5.63451
-57.8434
38.379
-0.486606
-0.838943
3.5128
7.99237
-6.1673
6.28623
-0.556502
2.2619
8.11587
0.794385
-4.57648
-3.33097
-2.67176
3.29497
-73.7175
-0.0335764
193.782
4.8227
2.64433
-101.644
-10.2916
28.5104
10.9859
5.17805
11.2436
9.01081
2.04055
222.276
6.85598
-0.88225
-30.2915
2.69749
-11.0693
-0.48488
1.29521
-12.9005
269.779
-15.8958
-21.7371
-0.23211
180.77
-26.6085
1.57231
-0.38917
1.76441
8.56395
15.2991
1.27274
14.0128
21.1305
23.6592
-4.75743
5.49728
2.637
-8.57493
-0.669009
-11.6572
-1.4425
-4.49988
9.12664
-20.8157
-0.26537
-8.09355
-1.32025
4.73297
0.080392
-10.7099
41.155
-18.7624
4.05138
0.988955
2.79022
-2.15707
11.7211
-0.0580048
-0.167877
0.823915
0.992239
0.147413
26.9007
-3.28269
-2.28828
-1.43086
-13.035
-4.85876
-61.5247
-3.30323
154.969
-901.118
-6.85569
-3.84858
0.0930146
-1.10706
-8.66223
-27.1055
1.57113
1.11651
6.97312
167.379
15.0343
2739.55
4.17677
54.9053
-20.7368
-9.24786
23.9334
-3.28464
403.298
51.2326
0.321854
10.2872
-21.2109
7.02013
-3.2113
-1.52869
-25.9218
-3.89692
-5.00274
2.83847
-6.02259
2.39253
-13.4717
-1.13041
1.04631
2.12743
-25.8221
59.969
17.2349
-3.73487
7.27961
12.8893
0.318417
-5.7979
-4.25288
3.85234
3.42524
57.1669
34.9894
2.05092
1.68453
-15.6133
-104.632
157.988
-7.98112
14.9895
14.9903
0.204043
2.1387
-1.79374
31.7981
-0.839353
-8.15955
-6.75012
-6.45913
-6.61522
0.496881
3.61607
1.16419
5.62159
6.31724
-2.51148
11.9014
-3.4889
-24.1368
1.29038
-1.82896
1.24785
3.41066
1.3215
-1.31508
1.85675
3.36251
-3.09944
-4.91428
-58.1255
-0.892483
2.98713
-6.83648
4.42224
5.07215
-1.84186
3.66764
4.03696
4.56424
1.55175
6.89775
4.12473
-192.548
1.90821
1.09123
3.52963
7.47629
-2.25161
-16.486
12.0337
4.0007
0.35402
-0.89004
-1.24909
43.5658
-0.737857
-442.616
-1211.83
-9.08894
0.96572
1.47107
0.824358
16.4017
8.0785
-12.8225
8.7894
-3.85809
-2.97391
7.88245
-0.906424
-7.9041
1.16422
-1.05372
-1.13902
-3.3525
-9.50001
0.220036
-11.3599
-4.84068
2.83107
-3.39747
-0.713277
1.86656
-1.33682
0.0785929
-1.43012
26.3477
-13.1382
-1.64997
-0.75823
-7.69973
-2.53418
7.77397
-1.61179
14.0887
-2.63862
5.82
-69.8561
5.91282
8.84485
-1.10318
4.69687
0.838317
-11.5748
6.29141
30.9358
0.785699
34.3681
-10.5162
-7.80817
3.1908
10.0262
-4.9693
-26.345
1.50849
4.47928
-1.80395
36.4504
5.20759
-2.50501
0.175061
-0.0100886
10.9785
2.31771
-0.742408
8.51301
-30.7113
5.24671
2.0008
6.93714
-2.14027
15.9546
7.11586
-6.05965
12.5084
-5.70282
-0.832441
10.3141
-9.15141
5.86393
2.26592
-9.22367
2.57517
-0.623853
8.22974
-0.0431929
1.78368
-7.27375
0.351023
-4.72395
5.20126
-6.60971
-19.0893
77.658
14.5246
-4.96452
-21.7275
-21.8463
69.9389
18.8148
-7.71497
-10.1281
-47.6299
-10.282
57.3112
-0.27048
-6.70049
9.32082
1.74916
-0.0256854
17.4358
30.3221
-2.60686
34.9997
0.172227
2.69536
1.07602
5.97395
13.7162
10.8589
0.894199
-0.135416
-2.95012
7.38804
3.43157
56.7357
-9.04807
-21.1769
2.66045
-4.7949
-1.53302
-1.70843
-0.888229
17.2012
14.7542
-0.286269
1.74012
4.79035
-0.338033
-3.20743
2.31324
7.55528
-2.1545
-86.6093
-58.798
-3.83687
-4.7868
-37.3396
-6.11128
-4.12188
6.46577
-6.95386
5.76492
1.84447
-17.2515
-43.1567
-8.32394
-5.08358
-3.40719
18.3348
41.3667
4.73678
-297.48
-1.22528
13.6552
-0.11473
10.3531
-3.98486
-7.60941
1.32313
-4.3042
-26.8388
1.25387
-9.10217
7.88951
1.45209
1.37545
9.76688
-0.0403074
0.016796
-0.44068
3.01356
-2.11136
-77.0707
-5.01597
7.58479
-2.04285
42.7952
-1.43493
-5.9201
-4.19357
-21.3165
19.4788
6.95646
5.2069
-1.38665
-7.51066
5.56548
-2.02884
33.5302
-1.27866
8.99728
-2.84323
0.471244
0.195389
-10.0999
2.44864
-2.34595
-2.09792
-4.00634
-0.0853057
-11.1795
10.5005
1.51438
3.06707
-0.816304
7.22739
1.6724
-14.0184
-8.77631
0.8938
-1.14574
6.09814
1.51891
-30.7286
4.02251
16.8102
-34.5524
0.538555
-4.59123
-0.0876867
23.7692
47.4014
2.12923
57.2141
1.37027
9.84089
-0.330606
-8.07766
-2.4905
145.446
-11.5669
-3.7876
-4.86221
6.00796
-16.858
3.8585
5.79561
4.29494
0.138234
44.6141
8.12599
1.98894
-0.413677
5.52832
-5.84623
17.1254
-5.70701
0.422214
20.7837
2.18172
1.85483
-37.438
-6.59317
-1.6471
-0.00230474
-4.10773
-14.0428
0.0726114
7.35578
1865.94
-2.66776
1.71718
1.13832
25.4668
-0.654933
3.38904
7.93251
-8.98734
-4.17097
-5.48346
-1.02048
14.8173
2.76224
-0.279496
0.515745
7.79688
-23.0319
0.749866
-1.5877
2.17319
7.47329
-3.21353
-5.10827
-18.2511
-7.27955
-0.54817
4.18278
-6.54508
91.7187
47.5591
1.55569
4.06899
-0.227506
8.06981
-13.1082
5.72872
5.42788
-1.07072
291.891
7.2174
-347.243
6.07442
2.30652
141.855
3.16692
-3.97329
-3.00567
0.62417
19.6191
-302.256
9.14105
16.4906
-1.22043
10.395
-2.48178
0.974701
-13.0143
1.8772
3.66052
-0.898677
-2.15246
-4.1051
44.8346
-7.70353
-12.3165
-32.7035
-10.8458
8.04855
7.63568
4.09417
-15.8642
2.22382
-0.652545
-26.1025
-2.98346
2.46139
4.86826
-5.24701
2.07928
12.2361
-3.19618
8.10617
-3.42511
-98.8318
6.84283
10.6329
-15.9769
-10.8111
8.11572
6.59227
0.589021
-9.21979
-3.05829
19.2336
1.42112
-7.61336
7.22669
-1.84258
-3.50634
-4.09328
-8.2447
5.04826
-2.45686
3.06343
-4.36102
8.82145
22.3581
-13.0264
56.5396
7.99474
-5.33076
-1.31627
-4.32149
1.29994
4.27699
-0.197221
-5.25165
11.2146
-17.8521
-4.22688
-65.9542
0.354187
3.8012
1.1005
3.97725
0.767808
1.04076
1.57417
0.0921036
-20.9146
15.0063
-28.8778
2.65473
-153.966
40.6938
0.980656
6.80681
0.29506
28.2263
-2.37004
22.9795
-2.45454
0.672491
2.52991
3.58156
-0.8115
0.663344
-7.33687
8.5167
1.13507
-13.3381
0.162569
224.951
-5.31512
12.8947
-2.6593
-0.553321
3.75389
-3.37266
174.916
-453.375
-1.3761
438.448
-1.41409
5.31668
-8.37477
-24.2949
5.80263
2.82623
0.428772
-0.52717
-5.4916
3.42157
-76.1458
-0.286752
-8.63567
0.618171
6.00136
0.0960818
-1.61937
-0.0246322
3.57643
-10.9772
22.6482
4.0824
20.6402
12.9279
9.47274
-11.0924
-2.36649
-0.728655
3.78108
0.0497891
-4.89899
1.04298
4.11108
-9.31087
-7.69201
0.159019
1.80836
-4.84082
-1.31091
-3.02353
-34.922
2.73408
-5.16108
-14.143
10.5291
1.55536
3.81403
7.07619
-0.84859
3.23437
0.358645
0.401466
13.5141
-0.217067
102.626
5.24585
-6.81101
6.66673
-1.90506
4.72465
-1.92067
-1.2873
55.2833
-1.42603
-5.0046
-5.02774
-0.146635
-2.74126
11.5636
-9.18624
6.58365
11.0694
-1.65635
-4.61821
-0.218032
1.78701
-40.5566
-42.4145
6.24075
1.44507
29.7814
0.776404
-33.3507
1.2071
14.6684
19.256
-1.12536
-321.793
-5.90572
-5.31491
19.2826
32.3523
37.1137
-2.16242
4338.35
-57.0497
-16.6348
7.00078
-1.57875
-28.8419
-5.37235
0.659066
64.3297
-2.77477
-1.3562
-1.01745
-1.15928
9.90816
0.76803
1.88072
2.16034
14.2237
2.15282
6.05847
7.70049
-4.65961
5.28435
-0.749416
-3.45656
19.1861
-9.67852
0.2328
2.25512
7.66739
-13.5908
-2.40195
10.6039
-3.16512
-10.7643
2.51864
1.87734
2.07672
-1.78052
-0.305835
-0.592648
45.6429
-4.28906
24.7825
1.01496
-1.13858
7.59038
1.09769
1.69995
17.7736
4.60409
26.1154
-1.81617
-4.65338
15.2638
-4.63116
-1.29612
-21.3789
-5.32344
5.38817
14.407
30.549
-7.08174
-9.63053
4.3215
-6.1387
-9.60472
-0.706152
11.9236
-4.34754
7.05732
-5.56029
-9.63594
1.52928
-18.8723
-0.372978
-7.48433
-5.95325
11.7286
-5.51565
0.237416
3.53669
-75.1363
-1.58627
-0.744271
-5.46618
15.3261
2.22691
-3.49186
24.5758
-8.0828
-1.7727
7.41145
5.98816
1.55751
11.3766
0.262999
-8.94335
25.9425
1.12978
6.77282
298.95
-4.23086
-0.674699
-2.72033
-101.083
-16.5219
3.08311
5.80169
-0.565679
-2.68152
-2.81388
-2.82219
-7.27513
-3.15738
10.3638
1.48908
-2.32245
-4.78463
5.96095
0.143691
1.9554
-2.77245
1.10778
-6.2755
-0.0145869
1.27512
4.45082
-0.0673774
-0.210324
1.36565
23.8868
8.90643
10.7819
-8.68188
-2.08243
-0.0497073
14.9436
-4.8357
9.00869
5.40533
-3.38451
-1.90202
116.77
36.8823
3.50709
4.27743
-1.97642
3.62804
-11.8498
-2.61116
-16.3684
-14.5901
5.15953
13.6122
-61.8476
-0.0202858
-96.7482
1.41062
-32.1705
-1.37658
2.95459
6.50532
-26.0248
-1.79495
-26.2706
-2.9013
12.3902
7.00186
-2.38748
-16.2977
0.709551
4.72776
20.4829
1.36593
-2.21874
32.0852
2.94623
-3.04347
-19.918
-38.7609
-1.9126
1.58816
12.1172
0.189624
0.25581
3.49888
-7.63567
-1.88691
17.4381
514.276
-2.18362
-8.76471
-0.330208
-3.75197
-16.9612
-24.7992
3.59123
6.54268
1.41565
-0.339222
-8.21932
25.8292
-23.8977
-67.249
-26.1367
8.77018
-12.5311
-2.16806
36.7475
0.819165
-3.61168
42.2547
2.65191
12.4759
-0.648752
1.13846
5.22541
-14.9036
1.86702
1.15731
-1.53364
-2.76553
8.92496
40.6976
197.964
-2.16293
19.5735
-19.1897
-2.11342
-17.9887
9.80628
11.8013
1.86615
-0.425296
1.59659
2.14518
-8.63258
-9.80525
-1.1643
0.988666
-2.27093
-16.9557
-1.20793
-4.88439
3.7599
-16.4352
8.17872
15.5704
-3.76957
0.522875
6.6429
-3.86207
-2.78492
87.4216
5.04678
-37.5183
0.0621508
-1.30655
-1.86123
9.4744
-0.211651
-2.40556
3.18536
-3.01807
17.4464
2.18189
-3.13912
2.71056
126.22
-0.679733
5.95975
-127.458
2.307
-1.5978
-6.58153
-9.61669
-2.31017
234.443
2.35482
0.392732
-3.17009
18.0474
-6.35204
5.06899
-9.8182
-4.40655
-3.4942
15.5245
-3.25221
2.49972
0.595932
2.38492
-2.9622
-10.8208
2.68423
7.82134
-2.20067
8.25752
-4.40295
-22.7269
2.98794
-2.71152
-0.841133
-6.62053
7.73062
6.94613
3.88621
-601.901
1.66918
-7.4137
4.73651
5.75723
28.9849
36.3579
5.53738
0.0137712
11.7497
-11.5745
0.570421
-47.4101
-1.47157
8.44482
46.0838
-0.0895316
18.4778
9.79393
5.05886
-2.14385
-17.1559
0.274465
-50.1124
9.8191
-1.66985
5.26188
2.68297
0.24421
66.5785
-9.67455
6.76863
0.906117
14.0536
-1.85994
-21.3869
-0.732995
12.5531
-4.65508
0.0204899
2.75012
-11.9137
-11.4205
-0.68069
-6.25901
244.237
-9.60589
-6.44163
-8.4236
1.22712
-108.591
-13.161
-5.33057
-2.40691
-14.6076
-4.64589
1.50422
-0.0170419
3.53873
-0.984439
-13.4168
-2.73481
-12.4187
-7.09859
23.0145
6.05545
8.2167
-24.8188
-3.44436
-5.4096
-4.62434
2.72542
-19.7766
-11.2383
-112.09
-1.71137
-3.76867
33.2563
-9.67353
-5.50485
-2.90679
-3.30066
-8.1749
6.91085
12.0099
2.04009
-8.33464
-76.7406
-0.591531
-15.2379
7.49001
-7.52473
16.3389
6.64645
-39.3208
-11.4867
-6.55948
5.51553
23.0065
-0.828618
4.26553
-0.201296
-251.643
-32.743
-2.03956
4.24089
3.0113
0.289458
0.31684
-9.19222
4.426
55.9696
8.92592
17.6615
0.396268
-1.05413
2.55235
-9.58253
-28.7113
22.5686
1.04527
-4.6048
-69.4088
18.1278
-0.187839
5.53178
-2.88021
0.562653
3.11627
-1.6144
-8.02558
0.615831
4.66303
0.357539
5.60444
4.65596
13.4832
-2.26574
1.66085
0.956573
-1.9741
3.12449
-4.50743
25.1445
-7.46442
7.00462
-4.77992
8.62623
-2.06434
-3.91891
5.06624
-9.69215
4.10909
2.18471
-30.4199
-7.07297
-11.5057
-0.0608395
0.791118
8.07686
4.95303
2.92659
-9.2951
26.5575
-3.66586
11.9996
0.0424557
-21.9244
-0.030275
-7.56248
7.22767
4.63505
58.4289
10.2473
6.98394
19.322
-11.7906
3.46807
1.83362
1.07922
1.1306
-2.56886
-8.53604
-7.89716
1.88596
1.55372
30.1099
7.40998
6.01263
3.44601
49.9287
-5.49948
-0.223189
1.84282
11.7479
3.81063
7.24925
-31.5596
-11.3381
200.315
-1.73175
-74.1502
-8.43343
11.4146
14.8248
-4.00311
-3.08766
4.4365
-1.82023
31.1085
2.45933
-0.493334
0.375567
-8.74866
3.55095
-0.567165
-1.8876
39.9708
0.876692
-18.9952
-18.091
0.986238
6.62712
5.12178
7.28611
-5.95885
-5.88462
30.6094
26.6522
-157.984
2.94407
3.72105
3.44411
-0.745601
-4.14142
3.13179
2.86456
2.73748
-12.1451
-40.1923
1.38003
4.62539
3.75531
-19.8323
-13.1916
-5.16331
-11.4517
9.46144
1.0233
-13.3093
32.6766
16.3423
-0.64756
-5.57464
27.1743
1.54032
-2.88094
1.29757
4.24792
12.6256
4.46469
5.83377
-8.05025
2.34143
83.0225
11.0097
4.18019
-3.46459
2.52087
0.0818978
-4.92213
-4.64316
-4.76896
20.5088
1.89345
-31.198
-1.28983
1.13212
20.2206
7.52177
-0.786253
4.06034
9.19496
-0.288537
-10.6975
0.802549
-1.59846
-4.66704
11.2996
-4.49393
-1.49801
-3.19761
24.6651
-8.90012
0.99558
5.20174
5.15713
0.0521059
8.467
-140.977
0.466891
6.88241
-32.0519
0.517123
-26.2799
4.42566
1.22056
-0.135118
-19.7597
-47.2332
5.54542
1.38609
11.0402
13.5531
17.9764
4.59334
-3.70126
-4.5424
-7.2809
-8.54913
0.733839
-97.1875
42.3785
2.06153
2.88082
2.91677
-6.42852
-9.91224
4.95667
0.798378
15.4636
-27.4281
-3.79098
-0.435799
5.61878
4.75808
-14.729
-9.65123
5.75576
-5.00039
-0.791526
-0.0801471
0.380846
-184.545
-3.4073
15.8066
-9.14046
-0.938046
-9.3707
1.54406
15.3504
9.61191
2.0893
2.36641
-21.8773
-18.4107
-3.61683
-0.613141
-0.824898
90.8123
-8.54772
-7.06656
10.7286
7.58843
4.53907
6.2118
-4.01318
2.3937
-0.856267
-11.8323
3.43731
-9.71936
0.402811
-0.22617
-0.214655
-4.3562
0.399625
-1.57449
-9.78565
-64.5999
-10.9496
-7.97135
7.23964
3.82513
18.9391
-6.69273
37.9494
4.88231
2.8763
0.481297
9.74345
4.9769
8.09501
4.28283
-1.46869
-38.8607
-0.174227
1.5752
13.3546
-60.4834
4.17479
-0.47418
-9.31214
-8.15077
2.12403
0.556684
48.1535
-0.753905
-0.876712
-14.2627
-4.16611
-18.3099
-63.3124
-1.58785
1.65269
-1.99134
12.1321
-0.65876
-9.73895
3.49233
-0.09033
33.8557
-2.10572
9.16768
-9.36294
1.82923
1.689
-2.26377
1.43958
0.311809
-9.55904
70.1672
23.0767
0.913818
-23.7086
1.30492
12.2318
-11.0559
-5.44556
11.7584
0.732828
-47.0045
37.5131
1.48129
-8.59764
-12.6317
2.97033
1.95362
-2.97856
0.531041
-0.738491
5.70612
-9.81824
-3.64569
-2.75447
-0.867204
-8.70065
1.89914
20.4277
42.8827
0.701731
26.1785
21.1904
-7.5331
-2.0075
5.94507
9.54383
73.7158
-1.12728
-2.87572
6.37361
-4.18356
1.73707
-5.7126
6.13604
6.33238
3.25525
4.93812
143.277
6.39545
11.2353
13.9859
-11.7783
4.8771
2.25095
-8.52597
-5.33426
5.32955
-5.32974
14.5461
6.16344
-1.06853
26.8613
25.2766
-2.49054
-2.70449
4.75339
4.42429
1.90776
-2.74985
-0.0396206
46.0945
28.1011
9.3919
9.75871
-290.203
2.59276
6.09022
3.7791
4.86696
1.37006
17.0219
11.2887
0.428837
-3.89464
21.5336
10.8401
10.7227
-1.94565
0.470076
11.9386
-12.7615
0.157754
10.6104
1.14164
-18.6196
-56.6854
1.44384
-3.2854
-7.1748
-26.3796
43.7876
-11.3378
0.184949
6.54091
161.207
-0.0689373
3.34064
10.2273
9.16329
2.41426
-0.329889
1.5813
-4.3048
-7.95822
-0.882967
0.162612
-6.04325
-6.46482
-7.96398
-2.058
15.5299
-3.71246
1.53596
6.23823
-19.3955
-19.7603
-13.0966
-6.22608
-26.1698
-1.98515
9.02167
-121.591
-2.00611
6.33107
1.53461
-0.553043
-67.8267
3.8725
10.8649
-13.7264
-2.01835
-0.544299
-0.527686
18.1783
2.39873
-0.860182
-2.16291
2.27947
2.15122
-2.79962
-2.33472
-0.790873
1.58986
191.66
-1.66756
0.635805
-10.5419
-11.16
0.0999918
-9.30912
-0.438653
4.56009
3.90223
5.31859
-7.15409
2.60674
-14.5865
4.95152
1.63965
28.7696
-10.3179
1.23879
2.12196
-111.565
-194.675
-1.58786
28964.5
-17.656
4.70843
7.45293
-6.45965
-3.88661
-9.44854
1.76024
-1.2682
-13.1623
0.151861
-3.14301
32.8357
-11.6101
15.7264
-0.514367
6.91138
-2.09506
-0.587558
-41.7254
15.1447
5.49449
40.486
-50.395
-160.506
3.36518
-1.02103
7.57651
-57.1853
-2.85707
-7.02064
4.03288
13.5225
20.0535
25.8374
4.1386
-0.657537
10.7144
-112.767
1.90854
-25.7619
7.72138
51.8412
-14.1673
-11.0004
-1.64181
-0.700977
1.89468
-87.7716
-3.56022
-2.57743
5.26982
1.60425
13.2957
0.00737208
1.42634
-4.38733
1.65665
3.99309
3.96727
-3.93164
-48.955
-3.31725
3.6572
-3.58712
-0.984258
6.62414
-54.5997
-9.43973
-5.26902
-1.06071
8.65927
-5.37605
-0.732973
-62.5909
1.5694
-21.6198
41.0223
-44.3108
-0.163889
16.3545
0.327193
61.9799
-1.0574
3.84959
-9.19265
0.122187
-6.9275
-26.8612
-24.7593
-3.44079
-1.89531
-9.22689
2.59678
1.68083
-2.06774
-8.49848
4.09071
-2.89762
-29.9691
2.47225
23.6216
-1.35103
11.6726
-9.10966
3.78757
-3.63732
28.5897
-10.8099
6.28988
-3.16656
-30.2562
23.681
-11.1333
7.23357
-3.21224
1.29949
0.608725
11.5959
-14.8589
-0.851887
-14.2687
3.41882
-310.75
13.952
-18.6745
-1.01341
0.0124398
-1.90605
-178.381
6.62383
1.98535
1.20043
26.6527
-21.6369
-16.6098
-3.74078
1.50962
38.8804
61.3315
-10.5829
1.34998
5.78933
-20.3861
-6.2449
2.17189
-0.916844
-4.72339
-18.5751
203.164
11.6181
-3.79069
-0.515566
5.34704
6.12763
2.15494
-1.67418
91.7017
9.8922
4.71784
-1.24995
25.5765
15.3505
-9.17128
-27.6939
-5.53938
-2.49184
30.6145
-0.338476
-1.94622
14.3746
8.86268
31.6468
-12.7195
0.061851
57.9234
0.384433
-3.80691
2.06997
-4.76787
-12.0836
-0.413001
-14.0112
-10.5535
-0.0177792
6.05501
5.12778
40.3302
-14.8947
-5.74011
-0.331008
-1.60477
0.345952
-1.89332
-1.94975
102.711
-3.64221
-0.239616
17.8855
-10.3638
-3.13146
-1.64975
15.6243
-10.5797
-3.07727
-33.2083
-173.786
3.55142
-1.7418
5.62812
-44.5498
4.76699
-12.6776
3.04864
-25.5634
-2.37415
-0.541993
6.31571
-2.61084
-19.0968
-0.0881795
-1.79858
10.1158
5.31023
-0.981387
156.763
5.61965
7.1678
2.94738
-19.3544
-13.5967
2.45076
37.9746
4.64724
13.3712
0.604872
22.1816
-4.25518
6.79543
4.93521
-4.39311
6.1766
8.34349
0.842698
-1.56026
0.687237
-4.46969
-3.5667
10.9301
6.79689
3.4491
-10.0274
-2.31655
-5.70567
-14.9145
78.0554
5.44338
-3.07492
-1.12162
-0.962639
-6.7658
-1.54217
-10.4357
0.426625
-15.6199
11.7201
-27.9921
5.80968
0.891544
9.40281
15.3964
-4.95813
5.19402
-547.855
21.8203
2.25582
1.50241
1.37837
-9.46402
1.6964
1.68643
-9.07085
2.4336
-40.0522
4.69885
-6.21433
-75.7803
1.82078
7.95043
3.63872
12.2656
4.47192
0.965073
-1.68595
-3.79198
2.43801
-1.43234
-9.82066
-10.9408
-7.26879
0.50224
-2.80793
-4.84228
-12.0503
16.0431
-34.1837
-17.4283
-0.889807
13.4344
21.9457
-0.150244
-10.4422
3.11029
12.4263
1.94084
82.911
0.654438
-20.9331
0.428411
3.096
-11.5622
2.16772
-3.10917
3.64083
-1.05627
-1.97524
-2.55
-9.90489
-5.97564
-6.45023
1.36207
3.83029
-3.02081
7.29566
125.972
-2.83744
1.54458
2.44662
3.72084
-24.4697
-3.23009
-8.6426
-0.43053
-2.53623
2.35393
-2.68527
24.5838
-13.9087
13.3055
-2.51105
0.0833735
-2.69627
-1.02357
25.4492
0.00773222
12.0114
-1.8619
-8.40586
-12.7905
8.99571
0.524985
-4.23758
7.76505
-5.31359
-2.40158
-5.30597
0.97465
-5.42445
96.3886
32.4088
-2.0172
-45.8466
29.2699
68.9035
-0.805953
10.6708
18.9788
-0.633025
3.26383
-87.9955
-12.1164
-312.519
-61.4603
-7.91948
-3.23598
0.260754
4.58042
10.48
-9.71226
-0.779302
-16.8096
-2.66507
-2.23545
-2.31049
-0.864211
1.62488
88.4694
0.270526
7.90709
640.249
-245.675
384.736
-4.7462
13.581
-1020.69
0.110141
-4.37653
-0.325543
23.0122
-8.32289
-21.9673
-5.09296
0.999583
-88.1707
32.7006
-504.534
-2.37181
4.46187
-4.04831
-15.8216
-2.24805
-1.25317
-5.24055
-9.79309
-1.30236
-2.17308
0.162666
9.46459
3.51822
21.6179
17.1847
-13.6886
57.4685
-3.82506
-12.7502
-1.64369
46.6012
0.634234
-4.14268
0.0821191
-36.2348
-1.87301
-3.59441
4.90257
11.8089
-41.9112
21.2258
-3.45005
14.9026
-0.316373
18.0501
10.5344
5.14637
4.38771
31.7363
-0.736742
-32.2778
-18.1108
4.62709
-16.3001
0.239409
-7.39175
-19.5091
604.381
-6.28812
1.46053
-6.58574
0.736914
1.72768
-1.11069
20.8196
-2.01141
-3.12484
-3.84258
32.5954
-3.75011
-6.67848
-44.149
4.84099
-4.15561
-2.90467
13.6236
5.53175
-1.24601
5.34714
2.75171
-24.6859
10.2561
1.18211
-19.2178
6.53031
6.97764
1.08092
374.877
-2.08675
3.20817
7.51264
6.0547
9.31641
-7.6922
30.3508
7.48839
-90.7719
2.88654
-11.5645
-18.4878
10.2467
12.3463
292.978
215.653
-14.213
-1.64848
-88.2382
2.89755
-0.782846
-0.301601
1.90802
1.8844
-16.723
14.4365
14.3346
0.0396792
0.657918
-0.127523
11.0181
-17.6608
-6.89015
1.09013
-1.67185
26.4914
6.25828
-1.30496
-6.85472
-18.1553
1.86416
-1.80775
0.459419
-18.7182
-0.00957879
-55.7191
-0.563784
1.70936
5.23759
2.14748
3.94188
-13.7207
-1.35858
5.14889
10.8149
9.92342
0.542375
-1.52239
-1.12399
5.59155
-2.93286
36.0137
-4.22224
9.6726
6.06059
-3.74513
-376.611
0.618966
-2.67481
3.9052
1.97993
2.92994
0.511024
3.07515
0.149155
-5.03136
20.0005
-11.1965
7.78186
-91.6335
849.921
-7.34269
1.75027
4.85924
1.08698
7.55978
-3.30765
0.0821217
-2.88437
4.45231
-1.76857
-9.3623
-4.65285
17.538
3.77969
-1.29854
-0.127434
3.08008
-87.1212
6.03944
-4.7732
3.01363
-3.11172
-48.9787
0.102461
5.21961
-45.6331
-15.4695
-12.1633
3.46254
-10.9923
1.24062
1.58784
18.8564
19.9163
2.03691
-9.48969
-13.4043
-0.480277
12.5581
-0.440659
5.00583
-2.42294
-3.65569
-0.346808
-12.779
-0.833543
-2.65973
-19.1862
4.28246
-8.06974
-15.6295
-2.97386
1.35468
-36.9101
0.0164588
45.1533
-3.63041
17.362
-67.067
108.942
0.687066
38.5439
1.85466
-21.2494
-6.54762
-22.1664
-4.38712
14.8713
-5.37444
-2.26047
-147.442
3.52186
5.12621
-8.39621
1.09
-0.530158
40.1528
5.00935
4.50984
5.58939
5.92806
2.46632
7.23536
7.67267
1.99455
8.70566
8.48392
-0.808759
-21.6112
-0.42082
302.604
3.37665
-34.1712
1.18236
-5.50971
-2.37319
0.799726
-1.62309
-4.09687
-1.80227
-2.35408
11.9898
0.13464
-2.18591
-9.27981
-8.03511
-2.29177
-2.42372
-0.260547
1.17535
32.0963
-5.74778
3.148
-8.50414
13.6533
1.27041
6.39337
4.08617
0.922967
2.77547
27.8922
-16.0333
3.19816
2.63966
-5.65869
162.114
-9.12757
10.235
2.48069
-0.0788808
0.910222
5.1109
15.8874
-0.699573
2.87809
-0.500334
-37.6745
5.12698
-3.73842
-5.57058
15.0697
0.565948
8.22245
-0.598939
-19.1827
-4.0528
23.2817
164.305
1.17081
-4.19657
-11.8793
-10.0219
-5.87451
0.317847
36.0863
72.4752
15.4614
1.85787
0.973424
11.0958
-13.8439
-28.0056
-6.91209
0.690463
-1.20779
-2.70614
9.6117
3.70083
0.605717
-7.79868
-4.29295
-0.701897
0.65945
-25.2079
-1.78572
0.702594
7.2018
1.72323
-5.57592
1.58178
-3.70068
-7.09995
6.1328
1.79105
-2.7263
-1133.02
7.16349
-1.97576
3.73663
1.85854
26.4626
-1.47866
5.30364
-2.57585
-33.8044
19.9209
3.70251
-8.05823
-10.2738
5.70123
-37.2809
8.14933
-0.218462
114.436
-3.59026
4.26938
-10.9655
-4.81574
-3.42005
-7.19367
-86.1973
0.754485
-7.31358
4.5926
-5.2035
10.1855
9.41721
-4.11687
2.28019
2.80092
-8.99999
146.002
-74.0714
-1.25787
-0.155366
-6.1027
10.9904
-19.2746
-42.4541
-16.1454
-3.38366
4.94899
-4.43912
2.32791
-4.18425
4.20145
-0.0118847
6.03242
6.67227
1.62156
-6.26089
53.2254
9.42643
5.56493
-8.30856
-7.90465
-9.98924
-2.08325
5.23868
-2.10118
67.221
2.98024
2.60045
-3.01361
2.94599
-2.75855
4.65865
3.22977
-8.04005
22.5196
5.30743
-4.89281
49.1322
1.81291
-10.6153
194.893
24.4585
9.24113
-5.52277
15.0883
2.52109
-6.89256
33.3618
-5.82769
-11.9499
15.3254
-2.76105
-7.3763
-4.50695
0.90102
-4.84665
-7.9621
1.34772
5.60317
-2.15132
-4.78525
8.71066
-25.8531
0.450316
-18.033
5.21702
-40.5998
35.3987
6.72143
-18.7252
13.4357
0.174226
7.45952
-2.34476
-9.62067
-7.27767
-16.2988
-2.48767
1.30686
-0.460587
-7.67083
7.88702
-434.936
-8.38384
-10.7391
-0.0277462
0.525207
3.25695
17.0996
28.6934
7.42306
-5.62398
1.61093
0.227142
-3.7595
-14.8967
8.58169
5.06543
8.67652
-1.66004
-4.15789
4.23128
-0.869611
4.4141
-30.6749
2.46149
-0.802083
16.868
9.76246
-3.78111
-2.83032
-45.1509
2.3934
-4.71572
-295.148
-0.914431
-2.15381
2.19964
2.68086
18.3345
-2.66388
-8.08515
2.37986
4.8809
-6.34008
4.94063
-3.82433
-10.2139
3.18183
-0.456526
-27.0554
3.4336
0.437825
-19.0725
-1.3507
-43.8349
-0.440028
0.816686
12.9322
0.00992885
-1.20223
-0.613773
-8.592
-12.873
3.19047
-11.4211
17.4198
9.61744
-1.43458
13.2524
1.83576
-44.8119
14.7437
-3.13548
-20.2969
10.2578
0.526137
2.05039
37.908
1.30028
1.93344
7.36354
-0.16889
2.09129
30.1466
5.84453
-5.27035
6.46718
5.05568
12.3698
-2.94593
10.0927
-1.96701
9.68209
8.03285
-2.15612
-0.906379
1.76368
5.90673
-2.84818
-12.1627
-6.22044
-9.0138
-2.15616
0.0676868
-31.0294
-1.33372
4.2265
7.43733
-3.22494
-2.56768
59.6405
-3.72971
-2.90666
17.108
4.79145
-4.21638
-1.30689
10.8948
0.735895
17.2915
4.53363
6.11112
-4.40243
-4.11632
-2.06653
15.7283
3.20797
100.564
2.01352
-1.04445
-9.37633
7.48687
-1.53338
0.309491
9.70514
-2.61364
5.12779
-0.750877
-0.134842
-37.794
-9.67734
0.787623
-0.0602426
-34.8506
249.737
-2.76814
-13.5169
6.25458
-0.415512
-41.5616
34.086
-27.937
3.9386
4.25351
1.3234
1.58234
-2.86363
0.894787
-3.10408
-7.19532
-3.81386
81.5163
1.9436
-4.5684
19.4026
-2.23732
3.57524
-2.16716
-43.7471
100.143
427.391
1.45098
3.12805
24.9248
-0.0273625
-0.760857
0.272892
0.390783
-3.16234
18.8997
-2.2642
6.55419
-0.0297357
-0.736644
32.1336
0.692175
4.19927
7.4131
-2.34888
-24.2728
-7.86268
6.14871
0.00495465
-103.466
0.889092
4.82602
0.610793
-0.238636
-0.342994
2.38894
1.79351
9.70904
-0.85584
0.223703
6.17326
8.03488
2.58995
0.157045
-1.31759
3.33906
2.8832
-1.91294
12.0359
-401.368
-19.6291
16.792
-14.685
21.5988
5.1744
3.71375
19.9645
-3.76255
-22.9312
-2.55998
1.77325
2.47466
0.154927
22.8228
5.38387
-38.1917
-0.734347
0.389544
1.35668
-0.738627
-26.9673
1.33781
7.89665
-0.280302
3.36388
-2.69084
3.01111
0.409086
1.19775
3.45203
7.42617
-12.8098
-1.23989
-0.378469
-6.52961
-4.1692
-2.10238
9.64594
-2.74418
-33.8761
-11.0346
0.100647
-2.85975
-5.13931
1.88385
6.88745
119.713
-0.146354
-3.75961
2.88592
-9.2532
7.75636
2.7361
126.279
5.32029
1.00227
4.05713
-0.0904271
-38.8049
-0.300965
-6.28623
-11.375
30.0395
-5643.54
-3.022
-0.131187
-0.95123
-10.9382
9.69165
-3.76637
-3.01653
-4.13642
-2.52583
-18.4278
5.6624
48.6852
-6.80057
-0.805309
-0.607358
-12.9221
-12.4029
7.60948
3.6801
-12.2372
-5.20374
4.91149
-2.20536
12.5121
-11.3041
6.45271
-46.9053
-4.87537
-3.00692
-7.12513
-5.5128
18.0909
4.99393
18.2326
6.24981
1.70715
-0.801959
-0.783433
-31.9785
-5.9496
-19.2604
-1.56937
0.729523
-73.0422
-13.8289
11.9158
-162.986
-6.4107
12.8407
-0.797262
-4.98398
5.73194
-0.0805291
7.64578
-1.54123
1.37785
-14.1433
5.70221
0.487933
1.40672
-4.18454
-0.811037
-3.8881
2.36211
4.32947
2950.75
1.51409
6.39699
-3.23149
-9.41599
3.99355
-2.30892
4.89178
1.88357
-9.55433
3.80083
3.89259
3.24018
0.46367
11.5666
-25.9929
-5.43509
-1.93713
30.6226
-4.47182
12.3028
9.83335
4.64482
3.02242
3.47308
-34.812
-3.66842
-3.66378
10.001
-9.33247
4.22274
-11.5867
-4.06785
-39.029
-5.33699
7.02594
32.9407
3.21587
-3.10317
1.16315
-13.2661
-1.56102
-6.91457
2.2879
5.51972
-4.54233
-0.876939
4.49322
-3.58413
0.0812687
3.58853
-51.9996
9.12849
-9.91655
-5.52886
-2.02982
-14.814
2.31264
1.20584
37.5289
0.253418
-2.76139
9.87943
-4.85135
14.3357
-0.25976
-1.52666
-4.54222
0.843869
-16.0906
2.01703
-1.2951
-60.2668
-36.0646
-15.1715
-5.59921
14.873
10.1551
1.73295
30.4579
-3.05278
0.581183
0.0641362
-4.44257
-56.2141
-0.311679
-11.0359
0.658785
81.9178
-0.327927
0.423899
8.74637
16.9878
-13.8918
-2.16643
-4.85055
-7.80256
4.07104
-16.6145
-2.9722
0.0447304
-36.9355
-3.40883
3.6181
5.08758
0.28113
4.90749
3.75342
-3.81342
-10.1663
-29.6419
-0.797078
-0.700024
107.507
-2.02315
9.80301
-25.9334
-28.9387
-2.0229
-16.3114
-0.815912
-25.9501
246.426
-1.53942
0.157524
-17.4334
22.7534
-1.60983
2.92388
-11.5817
23.446
1.75885
-48.0232
-5.61076
-0.103438
-1.91235
1.64052
12.2211
-4.54042
302.869
-13.8477
6.51024
9.76522
4.48832
-35.4961
-1.17489
-0.717442
-2.57743
-1.03143
-1.15581
10.4752
260.01
-25.7746
-29.4578
1.86787
-10.8251
16.481
-15.4258
-4.42492
-7.73344
-3.25472
5.05095
10.4584
12.7224
-13.0878
-6.97466
4.84024
-17.0423
-0.389759
8.77545
-1.6005
-2.5621
14.2236
1.89937
-1.72917
-0.989818
-6.77506
-1.93957
-15.3825
-2.89161
6.96611
9.32412
17.1716
-5.51039
2.64573
7.70526
-9.8269
7.05461
-2.87164
-3.70744
-13.2309
-5.16782
-12.8303
-6.4409
1.35302
4.6631
3.9415
-51.1943
-1.84949
-4.60408
2.38649
88.1158
-16.1341
1.86211
36.7669
5.01071
-62.2994
-19.9816
-8.24517
1.52032
0.313478
1.85811
23.2081
1.55753
-9.4257
-0.895839
5.84252
0.837054
-22.3153
260.504
2.90527
1.06142
-5.35826
-9.24696
-171.593
1.23458
-14.9208
3.28137
-6.32662
2.06554
2.91861
-1.13776
0.994273
-11.3693
7.91465
-5.71982
4.49267
0.811155
-4.76954
-14.5426
0.503358
3.57312
12.8312
-0.824404
-1.85477
-1.28898
4.87858
-26.4875
2.88866
-13.6053
-1.78922
9.75601
9.92068
-6.80841
2.1759
-59.5655
-15.9156
-12.9913
-7.86362
3.58549
-20.2755
-0.76064
7.5631
0.790294
6.89045
8.51623
3.07873
27.4695
-38.5319
-4.0747
2.51206
-3.3843
-7.00617
-3.763
27.1272
4.00583
11.9278
14.9703
96.3646
-15.7206
9.4121
-0.852387
5.77071
-934.451
6.0147
9.77394
7.26146
23.7623
-6.33868
23.533
10.8935
-4.7281
2.88363
10.8107
48.6845
-0.691458
240.554
-184.99
-5.34848
-5.62595
-3.18617
1.22874
-3.58455
0.952108
-4.37071
-1.22111
-7.76487
-38.6865
-3.49882
14.8743
-3.12643
0.0764945
-5.90384
3.85894
12.6594
4.28856
1.93131
4.51279
-4.65587
-6.0539
6.16912
0.214165
250.069
8.75461
-4.2895
15.7607
-218.324
-2.25363
15.6737
5.95502
-7.90308
-1.11673
6.66687
2.93758
-358.41
11.332
3.50379
-1.1376
-0.76258
14.2128
0.824412
-58.0068
5.21695
-16.7088
8.29452
-219.969
237.226
-3.61653
1.17615
-9.89672
-55.0624
1.56932
-69.8793
-8.3336
4.48014
8.25067
-2.58654
2.77935
-4.93131
-0.197352
0.339139
-1.90587
2.02015
1.2457
1.64424
-1.57537
151.347
7.12252
4.22124
-5.79379
-12.5689
2.12502
13.1821
-12.4056
1.48312
-24.2843
-25.2572
6.74635
12.6617
1.36674
-13.6678
-5.70381
-1.52213
-14.9982
-0.879296
-1.77595
-17.5192
65.849
17.1789
-10.6839
-34.2792
4.10195
-4.34994
-3.53948
-4.22782
52.8961
8.93364
-159.25
-2.74783
-5.1796
-5.79969
58.6889
4.58746
0.180032
-12.622
4.73285
1.51245
-12.0375
1.02956
23.1681
21.6985
6.87322
1.81585
151.967
6.31926
13.3142
3.48932
-24.8881
-0.689801
-5.53419
-8.40193
2.29015
-5.77937
-1.32738
-4.95275
-0.164992
-3.19114
-1.20668
1.27776
2.84575
-75.6299
-0.970062
7.08409
-11.9177
-7.20881
3.3001
-0.676856
3.68407
0.396207
-8.1574
1.92475
-2.36221
0.451386
0.397314
-0.456651
2.38982
2.34258
8.49451
3.64642
2.08558
-8.88344
-17.1016
-2.72168
2.98009
-0.336888
-4.4563
1.01305
5.44885
-44.714
-4.77859
8.44165
7.37168
0.715704
-0.946347
4.28021
17.5381
-1.53967
-14.267
-167.093
2.14575
-24.1567
1.48746
-11.1347
-0.622813
4.30583
16.4573
2.79736
-7.70878
1.83449
-98.9498
-9.66961
-15.0713
-73.2141
-2.25688
2.27236
-1.37438
1.02408
-5.60498
4.00134
-2.30349
-6.08487
49.7173
-1.3547
-4.70704
-4.3423
9.83138
3.27988
-7.89113
-0.169537
-0.911453
-47.4054
0.45921
-14.3573
-15.4074
-5.97498
-34.8052
-12.7291
-22.5204
4.17689
-4.7732
5.8044
-156.457
-3.96876
-47.2079
14.1489
-0.680025
-0.412761
2.66632
-0.876894
1.28273
-19.1619
2.10724
-2.98667
2.35509
8.69224
-22.7461
-2.74315
16.8315
-1.91834
2.93222
-0.687381
20.6616
9.915
-1.78646
-0.901568
-6.01179
-3.59463
208.546
-75.3687
5.09907
-7.25283
-3.83802
131.021
-774.493
-213.886
-3.26647
-4.99665
-26.8364
12.1577
-3.99656
-4.20559
-93.6787
-0.851052
9.21288
-1.56118
-33.4044
-42.6134
-7.61229
-5.68643
18.5311
21.1403
2.77174
-1.4705
-8.47333
-0.470164
7.12355
8.64054
-3.27859
7.40472
0.581995
12.6921
-10.2812
0.17309
16.1917
-1.3261
5.62698
-3.24055
22.0945
5.54288
-2.99653
-28.9289
-3.5519
-3.64384
13.5451
1.77708
-5.88782
4.59265
-0.401854
-8.46629
11.1869
40.4158
1442.5
-38.3925
-39.6112
-5.12097
37.7718
14.6748
1.83696
-0.805478
-6.57643
-0.472134
-6.48993
36.8816
22.1758
-2.75324
1.44653
-8.84562
-0.341804
-22.313
1.1233
13.7678
0.370517
-6.82905
-2.49106
1.51535
-0.487192
-26.0917
-26.1402
-3.55752
-5.06599
-5.13745
12.2136
20.6672
-6.90589
-12.616
4.83154
12.5415
56.0958
-10.5775
1.08709
3.91189
-1.72549
-12.5976
-1.30326
-4.81304
0.903345
-2.71808
2.95251
-42.0129
-2.98801
-31.5561
-7.81136
-0.987606
-15.7494
-0.506962
5.83144
4.57794
-2.50544
4.54257
155.649
32.813
68.4905
5.78654
-0.756377
-2.67431
17.4738
-20.3436
2.03838
32.9465
-0.0733574
22.6929
-40.1248
0.00976465
9.61857
-11.2636
3.42722
4.15541
3.80615
-1.57472
0.437692
-0.563616
-71.0774
-2.31108
-2.04347
-6.69841
-4.84547
-10.2697
-7.60049
-3.01001
16.1601
8.24348
-0.952671
-2.56364
0.0896883
-3.06878
-35.1831
-2.16204
2.47046
-57.0165
3.29139
-22.0481
-19.9654
-14.6962
4.05763
5.22946
-1.77116
-1.82961
0.760883
3.22926
67.1205
-3.59351
-14.0899
0.305882
-19.9354
-9.78804
5.65525
0.937372
47.6914
-52.2739
1.31212
-1.48439
8.03006
3.15855
-6.56381
3.26414
1.24979
-30.1777
8.71138
7.46689
-10.8294
6.5968
5.04133
0.663591
-9.38636
3.77278
-2.4347
-0.625573
3.0872
8.13641
-40.3664
1.10241
5.68633
7.8394
3.52129
-15.3691
69.5206
2.19571
-7.02103
-22.3397
-0.78285
-366.202
45.2536
5.10851
5.6432
4.89043
-7.52129
-11.5736
-6.44546
-10.0458
-99.4029
-0.0545472
6.11524
-6.12582
0.0238216
1.90318
2.24077
5.95861
0.587873
211.493
4.37667
0.916215
20.0996
11.5307
-1.45991
-3.65429
38.9428
-5.7909
-10.1772
-0.742621
9.19328
-12.0646
-14.1174
6.26226
-0.152456
-29.088
-16.2522
1.9748
-4.92812
-24.7472
5.91596
-5.13716
11.0287
-4.63926
-1.42199
-3.39873
20.2989
-5.30716
-1.06892
9.56189
-0.703938
13.1338
-15.7063
1.13518
-0.144189
-2.36346
-0.886892
2.53945
-4.0573
-0.334939
5.77963
-2.22348
-4.90886
1.01065
21.177
14.2921
-10.657
75.7371
2.52334
-11.5699
-4.06438
-36.2843
7.22192
6.09741
1.05731
1.38804
-1.45126
-6.64801
-9.39028
-3.11397
190.661
-14.884
4.30546
28.0675
1.26078
65.9856
-31.719
1.28038
-7.81655
6.57458
-2.42674
1.00161
-0.494377
-5.75964
-4.44943
-3.2519
-2.85117
6.8263
18.9317
-12.6912
2.99168
0.263029
-2.7947
0.718392
-0.111852
-4.143
8.3912
9.52009
-9.37753
29.9608
4.55974
-0.0706483
4.55019
-4.15835
-6.0356
5.63361
0.391659
9.21249
-38.3438
1.25862
-1.24847
0.947062
-34.2014
-108.524
4.99835
-3.42095
8.48996
-29.2197
0.508005
-4.18856
1.15092
7.77695
5.96432
2.96075
88.1214
-0.728011
16.1498
1.63882
-4.6264
-6.46707
7.3009
-17.2227
-5.43651
-1.70912
0.0071746
-6.07409
19.1628
2.36204
4.98926
1.57165
7.7412
16.4818
-1.42836
-59.9866
0.653479
-50.3104
-2.16195
26.6554
3.71313
9.10102
-4.57561
33.1424
8.75496
12.5728
-72.5039
-0.940651
5.23338
-3.28506
19.8792
-11.9818
0.537757
-9.01947
-1.14816
-12.743
-3.30426
-0.871923
21.1047
-9.9965
6.61787
6.9044
-181.981
-5641.4
-25.2751
11.7145
388.235
-3.56945
5.58467
-0.948518
-0.312245
-0.520399
-17.6418
6.70917
-22.5693
-53.1684
-7.3272
-8.84458
-31.277
-74.3836
7.06017
-2.67643
11.8309
13.8304
-3.68314
2.75606
-1.14799
3.52916
-10.5536
-9.99623
6.83714
2.17858
3.92888
-13.6192
-21.863
3.21872
10.7259
-29.4361
330.518
5.28206
-19.8267
6.72345
2.11658
0.345415
-10.99
5.71939
97.6902
-5.31615
-8.74351
-24.87
-2.71683
-1.65401
2.15535
-7.31417
13.3566
2.70596
14.6844
23.1707
-2.16956
4.10347
-5.10679
13.1345
-2.22876
-5.49865
-2.37403
-15.0779
-2.02088
-4.81529
-1.27391
-21.6977
6.16633
3.68516
-6.04356
1.91433
1.4521
2.16913
-2.32906
-73.7771
3.75045
45.3555
-10.6256
10.74
0.455917
11.9371
-57.6361
-0.498566
32.162
31.9872
8.59205
14.1332
-17.792
-6.51072
5.12837
-5.94857
1.72255
12.4904
-7.28838
-1.85644
-4.14835
-1295.41
-1.0498
1.91326
-19.456
-0.0334356
1.0495
4.77732
-34.0785
-12.1452
31.9137
14.7141
-6.08173
1.00607
3.33307
64.7632
7.48066
2.69998
-10.4002
-52.9097
3.42803
-161.847
-62.0198
-6.91175
-9.65655
-165.977
-123.859
4.46111
-0.706617
12.9108
-1.45322
-0.291231
11.5941
-13.2599
-15.6755
4.42649
36.0103
-11.1691
2.15659
9.25773
-18.8945
-1.9265
56.5256
0.476493
13.6423
14.1725
-1.09688
-19.1336
-0.719588
0.476647
3.30576
-130.693
9.73177
3.95888
8.32359
32.4394
2.99302
-3.27261
2.22368
-3.4722
-170.227
3.88186
35.7688
160.857
-1.63907
0.538794
5.90549
-2.37969
-35.0205
-5.56131
9.66408
-42.7575
0.514231
-1.78765
-0.278642
0.805864
823.791
-67.5532
-1.08153
-12.5213
-2.30718
1.20488
-3.6829
2.1934
-0.344273
-1.0698
7.95403
-995.539
-1.20851
-128.024
18.7467
637.507
2.95047
-1.45256
0.489881
-7.84318
-4.39374
-2.94724
-3.38029
-10.2446
53.2983
0.137519
2.32418
2.89777
-9.161
1.92748
0.51907
6.15131
5.57905
-9.38788
-16.7531
-7.2124
5.21071
91.6297
-26.2394
4.71879
9.91977
9.08927
-1.8315
18.6888
-2.9338
9.34948
3.35078
-2.56605
-4.66118
4.92697
2.40806
26.9855
2.1847
2.99031
97.7316
-0.107628
77.0795
2.89759
4.41067
-7.44787
2.84101
-6.1894
-21.206
49.737
7.76282
4.13699
1.40129
-3.03434
20.7904
20.0628
-9.49628
-10.4876
-20.5605
2.61128
-30.0693
1.01956
-4.66442
-1.71663
0.306882
-5.06673
-14.3253
-44.0101
2.95989
-12.3775
0.661787
-2.43226
-11.9109
13.467
6.55974
5.1421
5.58969
-6.89495
0.677182
0.741921
5.17748
-0.129503
-14.5985
3.23306
7.79072
-10.9338
-25.0705
-0.194462
3.00951
2.67508
-1.2656
-2.85971
1.5577
-2.92248
-8.10798
15.0924
-2.31166
-4.23934
-24.2156
2.74965
34.7685
-4.86868
4.57888
18.5598
-2.03342
-0.619188
2.75306
30.8726
-7.36173
1.75955
5.49133
-128.058
2.19124
-13.3029
-3.38919
-36.7748
14.307
-2.27469
-6.93274
3.87987
1.15465
36.7677
-2.41628
4.38056
30.9142
91.0463
1.7631
10.5551
1.08841
1.1847
0.393301
-3.70569
18.1454
2.7127
42.9363
-3.77572
1.38507
8.82395
2.17887
6.82622
-1.978
19.2952
-3.63314
-5.97442
5.19199
3.97947
3.49161
0.404417
-12.3696
-3.70573
-6.52402
2.41111
6.15034
-9.68466
-3.57265
2.53775
9.89438
-10.5761
-0.395654
0.0201709
-3.26779
-6.44959
-2.2022
8.56108
-7.75251
22.8034
19.2473
-18.438
-2.13913
-6.46103
-49.565
16.3257
-16.9943
2.96561
-0.411894
-0.467957
3.23959
-46.3014
-1.47627
-0.486115
0.743944
-20.8635
16.9372
0.265654
-0.660419
-11.5638
-17.5484
-1.482
-3.89443
-1.46035
-5.64506
-49.0062
-1.11089
-27.1471
13.0968
49.1403
5.53096
7.78144
5.40141
-2.55506
-3.1504
3.74213
-9.05209
-30.6504
-10.3518
116.245
-8.94704
0.641796
10.8049
-0.922672
-4.30049
16.9948
105.277
12.2593
-5.12704
43.9992
-1.97483
2.84123
-12.0296
-3.8139
3.81275
-12.0573
-2.50174
4.43775
1.73275
-7.65698
2.60817
0.518535
-5.57148
-0.547514
-6.23835
-251.765
9.42888
62.2761
-7.63251
5.84388
-1.69665
-4.27304
7.90555
8.13839
23.4338
3.42309
-127.007
10.3198
1.65304
177.14
1.00753
-3.30972
0.132486
-4.34764
-3.92248
113.687
136.952
4.68229
-8.97093
10.0797
-65.5881
4.67788
-1.86253
-0.295779
18.8171
-27.6121
-4.94165
6.02109
3.03448
-22.6219
-4.83218
-1.85513
206.36
-29.8836
-2.56334
5.4942
19.3931
3.52972
29.5126
5.77469
-286.703
5.62703
36.4428
38.716
3.15456
8.55609
0.127898
24.2162
-6.35762
9.03871
109.15
-2.35419
-2.15932
-2.32886
4.3669
1.43985
-9.5948
8.80299
-2.11161
4.36794
-194.718
0.889679
8.56728
-0.984338
12.4091
16.1039
6.68353
1.93197
-3.16049
-3.40814
-9.43558
-5.36165
11.1217
-0.640715
4.05359
6.49507
-0.7386
39.0465
-20.3226
2.78361
-7.61778
6.64592
2.49908
-0.587765
-4.98797
-18.8169
-81.7205
9.69328
0.412863
0.047788
-0.577641
-2.6632
-3.27571
15.345
-6.2725
2.09666
1.50289
1.1632
13.9941
0.520062
-15.4286
-13.2666
-16.6996
7.82942
-30.1084
22.2519
10.4061
3.79597
-13.6033
-10.3135
2.77879
-82.1605
4.78409
-35.5805
-3.59934
241.298
-289.064
4.97372
-80.8511
0.825633
-9.41486
-243.211
-5.31926
-6.2795
5.80557
-15.3522
-3.87717
-9.62068
-2.8321
-7.55484
-1.22522
40.9035
1.19984
-6.16093
2.92301
-12.402
-3.54115
-4.55993
4.34626
-7.65469
6.94813
2.26864
-51.4538
-1.68128
8.44034
-155.546
1.54308
1.46372
20.496
27.8454
1.52809
-19.8867
190.167
3.78237
-4.0784
-4.70445
-2.22921
1.41882
-0.152896
0.324097
-3.53205
1.85475
-0.806171
-2.10758
-6.67672
-31.713
6.32242
-28.4441
-1.4061
-4.91832
3.95183
22.6386
8.13947
-15.579
-0.128702
11.0922
-2.62653
2.47198
-8.17063
3.847
9.97932
-1.31678
-2.3588
-2.19815
-10.2723
20.9966
2.52186
0.692852
2.05801
-2.02625
36.4199
6.16462
-3.51237
34.3645
-2.85467
-3.54436
-4.32253
-7.59143
-2.55845
-4.21561
25.6584
5.05857
-84.3326
1.61974
-18.5559
-94.353
-42.4812
-4.35554
5.81164
1.98275
0.331418
-0.856385
-6.64381
-44.5425
-3.9052
-15.706
-5.7128
13.3309
-18.9092
2.49956
-106.315
-0.350005
19.3808
-5.59774
2.38139
-8.8487
2.3746
4.06554
-0.398421
-9.48049
4.01645
9.12699
-0.895801
26.4937
0.697314
1.2425
2.94027
10.4168
-6.66358
-4.1782
1.18064
-11.7063
-12.0878
-7.17935
-2.08032
-6.15768
-4.1163
0.784825
4.6894
-74.9711
6.81357
1.94526
92.2817
0.985966
-3.92162
0.556142
-4.37415
7.22162
8.99189
3.40273
-1.69923
-4.32393
2.0975
-43.5648
-5.01301
-0.792041
8.89018
9.24439
1.58608
433.962
2.48073
-2.65497
-2.43426
-2.69221
470.06
-14.6101
0.523717
15.0474
3.34167
-8.31781
-0.87348
3.15102
10.7111
-0.207596
2.26971
14.3988
-0.797605
-3.22811
-5.35205
30.6244
10.6821
-1.35737
14.6426
-0.35717
1.45254
-1.13356
4.18484
-1.99165
-10.7494
14.0408
3.61584
-1.68398
-1.46504
2.70142
8.04822
-0.154409
0.197886
-1.89206
9.27846
185.468
7.1134
9.35148
7.10005
-6.83642
-10.3828
-2.40291
-19.2474
0.175693
-4.13296
-7.47749
-1.91995
-8.35491
-0.0991671
0.444031
-1.90321
-8.67248
4.25836
-17.5642
-21.2738
-7.12578
0.198766
4.68648
2.57813
-32.7978
21.1917
-241.161
-0.158614
1.05378
1.56679
-1.6319
-28.7438
-2.33532
-3.11467
8.07196
-1.3822
-1.82672
11.9416
-24.2329
-1.46134
2.96757
-2.21127
-6.43124
-3.31024
4.56344
1.63673
4.96776
-536.164
-29.6053
-23.9468
-95.6172
3.51005
0.160877
-26.1822
160.953
-8.85366
-8.86261
4.12967
1.65912
-8.29495
3.17312
-5.38299
1.74557
0.223976
-3.66257
4.56199
-1.56853
-0.492905
-2.5513
5.78558
-1.55969
-2.98724
0.709067
-0.89563
8.10285
2.8771
10.6465
-7.72893
9.86398
3.5663
-71.6328
-2.91177
5.73722
-284.902
5.0526
-6.03312
53.5123
-3.44527
-11.3764
7.57463
9.16872
-4.87081
-47.1764
-2.62282
-3.47799
0.926693
0.216652
4.02571
-4.94125
-4.89925
4.42813
5.63848
21.8737
-0.910885
-7.72337
-55.637
-6.74499
2.10778
-9.99313
-4.24922
27.7463
-7.23291
375.29
-9.41714
-4.01621
8.49656
3.72078
-9.2141
27.947
-4958.93
-5.64245
10.7115
-87.3904
4.17936
0.510748
25.5531
-6.41218
-3.26405
2.09496
-0.837688
-0.696831
2.63618
-3.00683
-3.54965
-3.13202
-7.71917
4.25527
-4.00022
-23.7125
4.51334
-11.2052
3.24108
-19.5149
11.2775
7.28024
5.55145
11.7391
-3.64364
25.8116
-5.41135
-1.83091
2.1418
-15.9947
58.4899
80.9094
72.2107
-53.6505
2.91187
8.81647
16.1327
-8.39675
19.0472
-4.83534
3.55974
-18.5511
-5.93137
-2.83888
-1.87923
11.9733
-18.2398
22.233
30.279
59.7901
0.697814
-7.72163
0.367494
-17.5406
-10.0046
-0.87299
-4.44511
-11.3827
1.26056
-2.59788
8.51035
31.7929
-4.38064
4.36284
-1.17083
-6.74803
3.25272
3.9446
-63.4269
-14.2427
-7.97605
-0.399904
-14.9742
-0.506745
-4.82773
-3.62512
0.276927
2.20991
-4.00073
7.15704
-1101.96
-4.67999
4.67367
-3.85755
-27.5889
-10.0392
2.36347
18.011
-4.4683
-4.95826
3.7498
9.8049
-1.29995
1.37034
-10.4803
42.9757
8.46683
-24.2224
8.39154
-1.29721
37.1881
9.03074
0.834541
2.53089
11.8915
-5.46999
-21.1549
-6.61932
0.827463
-3.99077
-6.24025
-2.59023
-95.5012
69.4957
-11.553
-12.1076
-60.6521
12.256
-77.0459
6.25941
52.2287
2.38543
-4.3504
-1.62105
-0.717446
-14.2302
-6.67667
1.23778
-0.939677
-14.7451
-8.1708
-1.08161
32.5109
4.6586
7.91865
9.59456
14.9681
1.2006
27.8349
-2.49509
-0.131279
2.58165
-2.05644
-0.990154
-1.63178
1.25929
2.27118
64.3905
-12.9746
2.65406
-57.4239
38.4432
-7.75589
86.5587
13.369
0.632943
-0.462125
-0.965562
190.677
-16.8152
16.5988
-25.3345
13.745
6.84928
-88.1974
-7.68524
-2.48255
-7.55264
1.26903
2.2064
37.3021
1.15278
0.617658
1.38989
-2.55525
-5.96364
-231.345
-6.46245
-10.1327
17.4335
0.152981
-4.69493
-2.35368
3.98671
-2.23329
-11.6942
-326.164
-0.322569
9.26421
1.21309
-2.80911
-39.9701
31.7624
-2.74382
-0.927942
2.19809
-12.7635
-15.9881
-6.37395
-34.2737
-0.125615
-1.23123
10.4649
-85.0505
19.1865
4.83203
19.4529
1.47547
1.38407
-28.9415
-4.44554
-3.50749
-10.5259
6.34478
-11.6791
15.1469
3.04633
9.46098
21.56
6.80528
-3.46415
1.67208
-0.342704
-3.85775
7.83684
-38.0651
-10.0758
-1.32034
5.11745
389.304
-6.53993
67.4497
-28.5029
-12.0513
-0.925392
0.493255
-2.6547
1.65803
-1.57509
-14.5576
-0.176623
7.81085
18.2492
3.27088
11.296
1.33761
5.79703
-3.5119
0.216753
-1.47591
11.3842
-6.11499
2.18813
-0.464625
11.3084
-3.00461
0.205973
2.42856
-40.7158
-9.44289
29.603
0.850066
20.657
-3.65089
-5.53218
5.11644
0.834134
1.04406
-10.9033
4.47256
-7.37706
-2.2832
2.72472
-2.64914
4.09712
14.8353
0.372685
-8.03993
-0.987582
-5.00377
2.25781
-14.991
-12.9048
-0.87575
-1.16112
0.412979
3.51422
-0.596972
6.10542
-3.47109
-17.7519
-3.52424
2.18412
2.74494
3.57532
-1.49503
-4.63135
-6.04144
2.76453
3.53628
132.08
-2.66453
-0.00694417
7.97206
14.1472
-2.35135
-3.80967
1.62479
13.063
-5.72458
7.24692
-2.70695
4.69437
1.48668
-3.92112
-19.3578
-12.8493
7.05765
-12.3576
1457.92
14.8789
7.40129
4.82676
1.03409
-1.0874
458.261
0.936824
5.28409
-1.79425
5.79638
-59.9734
3.37137
-2.04796
-21.0057
-2.65642
-30.5493
-2.168
-2.41227
-3.127
-21.5694
0.253434
-0.345318
-1.48023
-0.786573
1.91836
-7.78531
2.4992
1.74359
-31.6337
-21.8294
-5.76883
-2.65223
-6.92091
-11.5691
8.4858
-0.537714
9.62281
-12.8087
-10.6781
1.01919
2.64981
8.1332
-0.782854
-10.191
2.13271
-39.542
3.72794
-0.807396
-0.503763
1.75118
-0.150275
-2.7428
0.648917
3.81282
-2.27289
11.0327
6.69338
35.9689
0.561831
-0.984936
5.12952
2.32337
2.73223
-25.0971
-1.34567
2.2726
5.18414
6.17193
8.44238
-37.7866
0.530838
-8.35025
3.03109
-9.59959
1.81155
3.98014
2.15885
-9.98395
17.3384
-1.89695
8.87155
-3.43493
-5.16059
2.12511
-4.04045
3.80537
1.95345
2.59806
4.4543
6.99861
11.5471
-35.4363
-2.4099
18.5897
-284.193
11.6369
5.19174
24.862
-20.4292
5.79868
5.40234
-2.72504
-11.9774
-9.99012
-0.636595
-0.0584171
95.2424
12.1737
-7.6535
2.77502
-5.05898
6.936
5.13759
10.8519
-1.69137
-11.7361
8.25903
-4.93401
1.88575
-6.35225
0.0893093
-3.21146
4.55404
-10.0837
-10.7443
4.76622
11.5327
1.42095
5.737
-2.59142
-1.83666
-5.71115
8.88685
5.10507
-2.05412
-31.789
-4.51804
0.375183
-2.5039
-3.69834
-74.7667
-60.4809
5.27134
-4.80103
5.20448
-3.90987
0.850266
-16.7357
-0.602229
-18.236
-0.984696
-82.0601
-29.1997
1.60141
-26.5055
71.839
-5.35797
-0.673836
2.72883
-67.3251
-550.414
252.949
0.854405
-2.48804
8.39467
-3.87518
1.06585
14.9825
-0.837975
-7.30757
15.7582
5.13097
-0.754836
33.9839
-4.6729
-1.44571
0.564931
5.5882
-1.66317
-5.29254
-40.8516
16.7858
-1.31137
1.11741
18.9914
17.0933
-2.0533
1.99976
0.217142
4.78001
-18.5097
7.4588
-1.85959
0.728029
-4.39555
-0.688395
-4.36631
10.4809
0.207563
-2.77633
-2.61033
-0.346949
15.2588
2.10757
3.06698
5.31144
1.3113
38.0968
-12.868
-3.18645
6.3536
-0.0910599
-6.31294
-1.98828
-7.16587
0.296034
0.300048
-5.28855
2.9957
-1.42392
0.60074
-6.21149
-2.18332
-7.12891
-0.868555
1.48191
48.6563
-0.428588
-59.9242
-1.84806
-5.66274
0.143289
-6.45382
0.166164
36.1519
46.2285
4.321
46.0242
343.824
-161.282
-3.43071
1.86961
3.75333
-66.9537
1.50835
-12.1534
-5.44757
-125.929
35.5698
4.89072
-3.15164
-1.39782
5.26393
6.07491
-8.27143
4.85608
-5.15106
2.2608
-35.4818
-3.75278
-4.81472
-0.552177
1.02125
1.44007
-13.159
-24.3899
13.2696
-12.1117
-18.2201
-9.58404
12.1594
17.4821
-1.36307
18.1194
-48.5668
2.04921
6.20019
4.85181
8.83975
-6.08524
-3.07728
-25.7532
-14.6639
42.5626
6.55883
4.72222
-5.94955
-38.0907
-11.4584
4.48945
-0.882075
23.185
6.48295
-0.296207
6.16513
-28.4496
24.723
-0.775455
-11.071
49.6504
19.1368
-19.7775
0.937607
0.251731
-5.24018
-9.59007
-8.36175
-1.56767
-2.94215
9.60938
0.777927
-31.5019
1.04357
0.0905312
-3.24574
-3.9669
12.7573
2.85584
2.61367
-4.1034
-5.63617
5.35864
0.96426
-0.204383
15.0962
-4.16636
-11.609
2.09636
-3.19841
6.36177
7.59238
2.47169
100.236
-33.9918
-1.3399
15.0376
-2.35287
-10.579
-0.137465
6.77801
0.963337
-23.3688
-14.7245
-18.8067
8.43811
-8.26629
35.9096
-7.57548
-0.289104
-106.696
-23.8055
9.43093
4.64645
-3.26986
-0.274672
32.5364
-0.839045
-3.31845
-2.90163
16.3977
3.34743
2.55955
-3.55115
26.6509
-8.2026
0.575979
-10.566
0.173158
2.43656
16.7182
1.93832
15.6731
-3.11424
-13.7345
5.73223
3.00463
-2.15789
14.7417
-504.724
6.57219
-94.5119
0.428544
-3.89109
6.98694
44.0477
-5.12758
1.2068
8.23952
-0.425116
-3.17981
-18.7212
4.1143
-4.26395
-14.2524
-0.847729
-7.71599
3.93231
-16.4838
-5.37064
6.66515
-16.3489
-7.94155
0.898003
-12.4086
2.09745
6.95337
-7.22097
-4.60605
37.4016
-15.6551
6.23918
-1.6422
5.60561
-2.41671
10.4826
-2.24123
-8.83441
7.89592
-1.67978
0.925809
-10.5853
-0.2172
-0.51727
-10.0735
-8.35801
-10.8165
-2.82236
4.63407
323.225
-0.426108
4.69435
-5.84691
19.5427
85.7935
2.59466
-9.81455
-7.95824
-11.5672
2.9544
14.4135
7.76316
0.488431
-1.22766
-2.56291
19.1361
62.6804
-6.95627
-3.93128
-10.6859
0.388938
30.993
6.78419
-14.7313
-10.7812
-2.29412
-4.968
-1.61155
-1.06715
3.181
-24.7328
-17.9355
-37.7152
-13.4271
7.22453
16.1892
-1.90383
-1.90916
-4.81851
7.79563
-3.20976
18.9478
15.0088
-16.4283
13.5117
-2.14194
-140.355
4.81993
8.24182
0.395366
-6.69984
1.80927
-0.0835174
-4.48854
-0.3391
-4.44957
21.7428
6.76183
0.0143942
-86.1988
1.27597
5.12332
-2.80664
10.3361
-0.907323
-1.70488
-81.8555
-40.4476
-2.14705
337.249
15.6841
9.97067
13.7954
-4.23343
6.83605
8.5698
-3.54889
-47.5157
7.48739
33.6555
4.88116
-0.755471
19.9543
-2.26918
1.27595
-2.68964
4.00863
29.0776
0.520597
-4.6157
13.8135
-5.52134
2.07532
26.276
2.62136
5.69841
0.169818
0.452005
-6.99088
-1.0694
9.53245
42.9406
3.08339
-4.03526
4.76374
-1.92877
-1.55667
-0.187613
4.76603
-0.401344
-2.59209
-8.20205
-11.5733
-3.36606
2.63468
-8.1652
-40.023
-1.88445
0.371059
-1.41087
10.7677
495.564
4.94143
0.902218
-54.9041
10.227
6.57554
-3.01271
-0.780176
17.8551
-2.20969
-0.0754206
5.82768
-3.64612
0.74372
30.2685
-5.36379
-3.47606
-17.7924
42.0532
-4.76993
-6.36691
0.909955
1.5183
11.1253
-7.74273
-6.90199
-0.0419972
12.1894
-1.34876
-2.35572
10.9927
5.57416
-5.98766
-4.81451
42.5438
199.604
-26.4491
0.935447
-10.3387
-4.35659
-8.69403
0.332433
-1.7809
-0.792602
3.4177
-0.971212
0.577485
-3.74851
-10.2697
-4.29775
-9.58926
-10.4228
-16.2642
65.6037
4.69409
-71.1114
2.26902
-24.3026
24.4751
6.62925
-6.778
-0.314972
5.63099
-4.4103
-2.67732
2.43644
-17.4779
-8.24326
-2.46081
3.32946
3.36132
-0.314278
-16.2172
-2.77281
5.70552
15.9367
-0.420565
-12.0071
0.449096
-0.265843
-20.835
-12.9701
-44.2533
41.1031
-4.4044
-31.117
-1.34633
-3.72772
-7.715
0.561928
-0.242302
6.83061
0.36906
-12.6079
1.96206
-3.99202
-13.1066
-16.0311
-0.840623
6.34364
2.87667
-3.07537
2.90301
-57.0853
12.6749
-2.41193
5.7849
-1.0159
-0.906266
-0.852177
-112.136
-10.8323
12.4122
-2.17282
-4.50975
-0.565441
-5.59015
0.498076
6.19349
-6.29597
-0.905004
3.46543
0.663813
-1.2439
5.88628
-0.0427888
-19.1304
10.9158
5.3473
-2.70771
2.84742
-18.618
0.226171
-19.7867
-30.3446
0.354108
-0.497205
1.2899
-3.62988
-3.80523
0.0468094
9.17081
-1.27317
-0.410718
17.3264
-0.759124
-3.49168
-1.95091
41.0834
22.1764
1.47354
-16.2948
-115.143
-2.14159
3.60693
1.39652
17.6686
2.15289
0.723873
22.5694
-30.781
31.2711
4.89309
-6.45522
-23.3428
2.30342
5.30538
3.44044
-8.01943
0.642704
