9.07513
71.0453
24.7606
24.9861
-6.1985
-23.9533
-18.6134
-3.31064
13.8697
5.16101
5.40858
15.2786
-10.1024
13.7586
4.62364
6.33084
67.9725
10.2744
-7.66144
9.41127
-10.4482
18.7345
-131.081
-7.21769
-1.01625
62.1615
7.46481
2.29691
4.88346
1.0612
13.245
16.9652
19.7384
4.51119
-53.2452
-18.2953
133.767
-34.0465
3.44345
71.3106
6.0702
20.1571
30.6599
-20.3795
1056.83
-0.358069
-22.3331
-63.507
3.34437
22.3386
10.9642
-2.14745
0.408468
-10.7706
-25.6792
5.62935
-8.6867
-0.464024
4.07801
-1.89292
1160.06
9.83509
3.90031
-2.8004
8.18551
-5.76239
5.49517
34.0067
-7.03718
-38.3251
-6.26649
-14.0615
-5.59817
106.663
-3.03975
1.24112
-4.21886
-54.7069
-164.781
0.447366
92.8201
1690.68
14.35
745.285
13.0306
4.50693
-6.99836
72.4217
5.236
10.4401
-2.43708
11.9761
24.9922
-12.2087
2.51072
13.82
-14.9213
-16.0504
-60.0797
-34.0555
4.53199
-19.9698
-8.3672
-4.96665
-5.16742
-1.81412
-5.25385
-4.21168
-10.9461
148.299
-7.87604
-4.46172
-12.1715
-63.8242
21.3761
-110.265
7.51367
0.464218
-2.99855
79.2544
18.2426
-16.0524
15.3421
-18.3054
-5.45829
98.3243
6.53658
9.31794
0.0689083
-0.457605
-3.98044
-15.263
14.3303
5.64203
-24.0136
-6.48847
3.82098
30.8492
13.5455
2.9458
-3.94097
-154.115
-29.6027
12.3153
-4.26333
-8.49176
5.17798
-11.3565
1.73306
2.89615
12.2303
9.11421
66.9841
22.9758
11.7332
1.82308
15.1533
-14.9799
4.3716
5.04149
7.69151
16.3679
10.771
-7.67433
-0.0686192
9.51522
-1.34814
-14.684
-13.1464
-11.6436
-0.786733
-38.8305
0.0784284
8.32343
-3.20361
1.7744
2.07876
-7.51699
9.10666
0.9534
-5.98956
104.691
6.07861
48.4644
-2.66731
8.94157
-99.4216
-38.0154
1.21486
-6.68739
-10.6508
-1.00243
32.864
0.756261
-37.9022
1.2115
-41.365
6.56092
-4.41825
-7.91865
-4.30583
3.81256
8.74976
26.5671
-23.062
-4.83836
5.21662
-5.72471
-5.80409
36.841
-4.42157
-55.6255
-51.3089
-2.91074
9.52615
-6.3359
2.5933
-35.6979
-19.8156
18.7001
10.95
-4.1104
18.3299
1082.43
-32.4401
4.24848
20.7215
1.1225
-6.09766
-2.85229
104.39
16.8405
-11.1544
23.7112
34.3519
4.30615
10.3222
-12.742
6.98682
21.5861
-14.2576
-355.158
6.21834
-8.27871
-0.512453
8.58354
-3.86668
-2.83015
5.42049
1.80291
5.60422
8.40059
-4.92848
-18.9849
10.7221
-1.01249
-4.48428
13.0198
-7.43429
8.84672
-25.1672
6.57303
51.418
8.96405
9.68119
31.7804
-10.7097
-17.4332
-2.57042
-12.8999
3.50629
-1.4886
140.841
-104.21
17.3136
381.684
-6.15254
-17.4378
7.30588
26.073
-21.2206
13.427
-26.1116
-6.42941
-9.7142
251.964
16.1921
139.193
-5.0317
30.5236
-5.59489
-7.95792
19.6191
-24.9609
-8.33982
1.09014
11.6495
-5.50325
15.8182
-23.6593
19.2346
-6.67188
5.01317
-9.18313
6.58177
-3.70954
6.27165
-14.7095
3.94826
4.19758
5.1707
-297.725
13.8464
8.11384
-1.57585
11.0839
2.15374
0.209732
-10504
2.95562
0.993484
11.7982
6.57808
17.2405
172.571
-13.9792
-11.4875
1.86227
-0.522146
1.8514
-13.2223
-2.38484
-8.09495
-3.80817
-8.68472
18.0043
-12.4075
-1.24349
-2.15726
19.4023
-7.99738
4.61257
-2.11232
11.4687
-2.92194
0.72518
-43.1198
-0.580872
19.3319
-29.5074
13.1355
11.602
1.86872
-13.8251
-0.840424
-6.54598
-27.2377
22.7019
6.40524
33.8954
-8.32347
26.7768
-2.76299
-19.1388
3.522
-4.91141
1.67499
-15.3927
5.50934
-4.40834
-5.6043
-14.7908
-0.742202
7.26999
14.1694
-17.2678
9.77602
4.16457
416.658
-7.73215
-3.66044
-104.217
2.90105
-20.48
11.411
4.52961
1.86071
-6.39571
-2.68306
1.44119
185.646
-40.5395
-3.4192
-39.8888
-8.62941
-59.3706
-29.8118
-0.425038
-4.19937
-50.6256
-0.60676
-2.16137
-29.7528
14.2957
18.4055
-10.706
6.04278
10.7144
-0.803159
15.4916
-40.6624
-36.8388
99.5308
1.51923
7.2954
-3.06435
60.4885
26.4867
-4.54391
-3.59936
21.9067
8.73069
10.837
-27.8855
-0.215252
-6.567
-50.7588
-10.9656
-19.1704
44.7314
-3.50503
-3.84677
0.34181
-26.567
42.5857
-64.5715
1.28844
-0.812891
19.9235
9.12791
-5.13602
38.3653
-29.0798
0.64197
-39.3086
6.70396
342.177
-2.54464
-19.7612
2.20837
18.3557
-6.35858
11.1944
-2.75762
-10.7015
-3.63267
-238.962
-4.82008
13.0537
-9.30651
-12.6789
0.125279
2.90693
48.9722
23.3866
1.409
-1.46008
-14.8778
9.0829
11.6468
-29.6101
-3.18514
-10.7685
44.0414
-3.99641
-0.533469
-0.951729
1.98025
-10.6814
23.6824
0.941726
2.26003
-7.64772
2.95753
-13.8355
1127.38
-35.7277
4.20303
-13.5768
-11.1624
2.32538
8.22941
55.3629
1.95587
-46.2974
22.6479
97.6372
-8.60634
-3.08892
-53.8204
52.7155
-23.847
-25.4505
9.90544
14.8741
30.3115
-21.653
13.6289
9.85857
61.0104
-12.3463
1.13285
-18.2519
-12.1763
15.6051
10.7077
-11.5119
65.8007
-0.0671284
-16.0754
-25.1136
-1.71515
53.52
1.79581
2.33994
3.53814
-1.35728
-4.55942
165.147
6.00774
7.03974
-3.7455
1.94799
24.2745
-142.098
4.39888
2.25622
13.4869
-71.4499
36.0886
-19.8326
17.0163
-5.12219
-229.311
24.3477
5.37784
26.0376
-25.07
16.2349
21.3167
5.1541
9.03514
13.9621
216.278
9.03953
-9.86341
-3.40854
-6.95682
14.8722
31.378
71.6977
-6.75521
13.5104
-84.6017
12.789
-3.45685
40.6023
-11.9913
-9.68259
17.113
12.3216
-16.2573
-23.7148
2.63793
-5.11565
-0.970638
-4.69101
-4.23476
30.8689
-8.14868
11.2504
-1.30208
-4.92066
-18.3103
-11.0868
-9.85132
14.4355
-1.36013
-15.0812
-1.45291
11.0809
-4.35996
341.529
27.4854
-19.7905
15.0568
-10.4509
-14.0384
-19.8732
-1.24751
-22.8634
8.25107
-163.426
6.8254
33.1699
7.36583
-4.15642
11.8947
2.1623
12.9525
-31.0527
-4.10073
-28.3749
-8.05807
9.81806
-7.84617
-129.07
-0.0312665
5.05194
-9.08313
6.38755
-126.433
39.0283
-6.82573
6.93372
8.32632
0.0511211
-19.4521
1.20995
4.49025
1.41063
-9.71186
-9.11652
4.72473
11.4617
10.6897
-3.3192
-64.631
-15.4749
-5.30035
2.89973
21.1432
-10.6414
-22.6192
0.198043
5.71297
-1.67416
-5.28631
19.7531
-7.21437
-24.5535
-0.339361
821.742
-11.9926
3.95261
1.77525
-5.48744
-3.39166
1.47835
-4.55373
-35.347
-102.555
-86.3282
15.8799
3.23039
13.96
8.87435
5.18775
-13.0121
-5.2373
-3.62302
20.7756
1.32509
-0.677159
24.3065
-14.7647
0.802891
958.835
-46.9198
39.5329
1.17711
18.547
-22.5275
7.65342
24.4826
3.94551
27.1657
-9.65652
-13.9414
0.0394912
-10.7744
-144.989
5.76851
-5.16102
1.43405
-3.1528
4.12246
3.76977
15.9015
-5.39548
-42.5582
31.4956
-6.53065
-25.0558
-5.32792
2.63388
163.504
-7.20345
8.67879
-27.9945
9649.78
-5.72377
-26.5568
-128.459
-6.92878
-0.71478
-40.8201
-1.45258
5.69906
38.7227
-2.56351
-12.2231
39.8531
-24.1611
-28.6122
9.40533
27.7317
-24.7751
2.32108
3.65864
17.3309
-4.58136
15.1421
-47.3081
-7.64859
-51.0806
5.13919
1.18819
9.06439
8.52825
33.7479
5.30727
20.9492
8.34859
0.261828
1.91286
156.285
153.216
-2.02846
616.855
-5.80863
19.3682
101.048
-8.19173
796.647
-3.03802
-22.2364
-88.157
-4.92206
35.2574
5.05761
17.7942
0.952568
-13.7198
1.54499
-1.46524
-9.75607
62.6828
8.44397
-46.9736
9.05902
43.8387
-13.0525
-10.4925
-0.2838
23.694
-10.0941
-7.72481
18.4348
2.16822
4.73021
-8.53969
47.3195
8.87839
1.62076
24.4958
5.64022
0.78547
-138.526
-5.37223
0.947988
-31.8516
-11.3857
-8.92958
-31.8086
-40.1699
-4.53431
-6.3469
-47.2057
21.1039
-50.4287
38.769
6.00338
2.21616
-3.77107
-485.594
3.12561
-0.73348
10.8763
3.91153
14.5481
-37.8305
13.1638
-3.5923
-88.6096
-58.9677
-4.06414
-6.05428
2.26751
0.563865
0.426666
16.3078
39.5349
-674.032
173.734
4.65335
-3.21257
-74.391
-18.5627
10.5904
22.7673
7.18186
-4.96725
-11.9937
-35.2475
-80.543
-17.8839
10.7136
61.9463
14.4854
-3.12403
-10.0339
-61.301
2.89853
-1.97816
1.59576
-1.44977
-1.68949
42.3944
11.775
-7.10287
13.4941
-117.169
9.72624
-7.66659
15.2108
28.6277
-10.8704
20.1413
-0.44201
-4.54007
-27.9164
-42.8568
-15.3621
7.94402
-44.0652
-8.55006
2.88575
29.7125
105.09
17.5104
7.63852
-34.684
7.77118
16.1152
-13.3047
-20.2225
-13.1353
10.786
11.5574
2.28956
20.5106
227.035
-21.8675
-70.2867
-22.0562
11.5025
-25.2509
7.73364
-222.346
0.355758
76.4145
-1.18546
631.687
-6.93074
-14.4087
-7.12551
-15.5267
11.2269
-11.3571
13.5397
42.5537
-27.0656
12.0767
8.15395
1.05896
-1.40731
-56.1447
-12.4322
-98.7109
-0.107718
-114.35
-4.36025
-499.744
29.1167
9.55468
33.9441
2.63838
-30.856
16.4442
0.764718
8.22476
-10.0385
-2.09044
-10.9792
5.93588
-4.47952
1.09395
14.4979
-146.397
0.893514
7.85248
-21.9958
-16.7707
84.6756
89.811
-31.6921
0.289275
-3.17614
38.0396
-24.6583
-0.790011
81.031
10.404
-6.33192
71.4839
-6.4552
4.58861
-5.42239
-8.18292
21.3266
-22.1929
-3.39482
10.9967
-4.52415
-17.9526
13.4382
1.69673
10.5076
-13.0684
18.9537
-11.0482
2.15788
-52.2078
-41.8912
-34.4036
1.81845
-147.159
-80.1248
-31.5534
4.78776
-5.05619
-5.18359
-41.56
-23.6312
-3.30034
2.49089
3.20129
-8.46141
367.703
5.84101
56.9231
8.37056
69.9907
2.41898
-1.99372
-10.1327
-5.19115
6.06535
-19.2514
8.4905
-12.5703
12.803
12.6018
0.156927
-0.61306
25.4872
-29.0033
-12.6558
0.70823
5.8654
15.7709
-11.1936
4.15743
-5.77435
3.02084
-14.6043
40.8374
92.6081
7.66702
20.4831
-8.98197
-478.572
-38.5451
688.068
-1.13406
10.2523
3.78485
25.3417
-33.2629
16.4374
-74.1765
82.0591
-600.262
-8.99507
-122.734
-307.96
50.7292
-11.6863
-34.4581
-17.8078
-3.07205
13.8901
-25.2461
3.79056
6.58241
-66.6139
0.0598498
284.181
3.72036
-19.7107
5.23136
0.749915
3.39823
-1.25591
3.59112
-0.37714
-0.0132814
-1.97995
17.8912
-89.8749
-1.04808
5.19519
-23.9697
-0.977764
0.299423
28.5507
-37.0032
43.7298
-56.7127
-4.12321
-127.878
16.2891
4.89457
4.39649
15.3921
11.6333
-191.828
23.4478
4.14858
19.2923
-28.134
-2.47335
-16.8303
-3.84063
69.2081
60.8195
24.309
17.605
134.655
32.751
24.6281
-6.48008
4.23253
8.21144
1.88718
13.5626
192.053
-49.3664
-29.039
-8.03828
8.49248
8.9992
-1.86951
-7.4135
7.1798
-52.4369
11.3823
0.903396
22.146
1.85959
-6.96979
-16.4253
-2.88486
14.1912
-15.1133
-3.59587
12.9374
-5.0985
-40.0489
-14.4043
-1.11408
11.4935
16.9442
-27.8889
5.01937
-36.6206
9.16912
97.4901
10.2676
-54.5284
-46.9913
52.9007
-14.2908
3.07363
-37.4032
35.8247
16.0865
12.9497
23.3164
-5.68345
45.2862
-1.29874
102.296
-11.2327
-64.2363
8.96819
-10.6457
51.0316
-0.45249
-16.9268
-3.42141
-7.84245
-0.38587
9.65671
-5.34812
-2.66459
16.7486
-0.926181
8.74667
33.4763
0.852726
9.54635
470.666
28.3321
6.70893
0.830698
9.85152
15.1318
6.8476
-308.318
-53.663
-9.41037
-32.5194
0.276208
5.21673
2.43258
-29.7499
9.45148
-12.8761
1.59034
-4.66652
-20.7359
1.94196
-14.9844
-6.13702
-18.4066
-1.31802
-9.70681
-107.488
-1.46996
-23.7102
0.307632
8.52603
5.06494
-36.2602
-6.55823
2.3528
-59.4828
10.6659
-56.0329
414.195
-23.1741
-17.9519
7.88524
78.4995
-113.359
196.038
7.46465
-7.43479
-0.814914
-8.36861
9.70177
7.90445
-0.701094
-32.2205
-3.48206
-4.49787
10.4283
56.2317
22.261
-7.60079
-0.559673
30.9612
35.2284
-86.2918
-3.16262
4.92699
8.46299
-15.9892
6.44396
9.9205
-7.79355
1.51534
-10.6824
-0.334752
-3.94943
-82.9893
-0.289951
2.61405
9.06636
834.892
-3.96885
-3.01328
3.25981
-7.75851
6.17529
0.596293
-24.2972
29.8202
-18.3691
0.160833
-6.20849
33.2908
3.58691
85.0354
-0.103483
-1.37862
11.1097
22.8104
-15.8367
30.3757
0.0312278
-2.38613
50.4535
-7.6328
-38.499
12.4464
-1.18781
-3.42867
-13.4144
329.875
5.99971
-10.2761
-0.930923
-33.3062
0.061492
33.4222
0.290131
0.89018
1.95779
-3.16548
-6.85976
-1.89772
8.56366
-3.17707
4.85149
-5.49784
-5.20664
-35.2631
22.5875
8.68622
134.912
-3.69283
-6.66635
3.22101
24.3939
-0.963857
12.1851
-503.544
41.7193
-6.43358
-0.351015
12.3785
-27.7015
5.5276
7.6318
-6.68134
-8.83888
-11.4321
77.6332
-7.25048
-13.7216
11.9672
-7.23113
-16.0499
-14.908
9.27098
-12.6092
52.3338
5.2551
-37.225
-1963.91
21.573
630.59
21.2127
2.68134
8.34615
-28.3846
18.5204
-20.8731
16.0114
7.75896
14.4721
3.48612
5.19042
2.73811
27.3123
-21.7295
10.3054
-14.9477
-0.123282
58.8058
0.370229
14.7978
19.8331
-6.09422
8.97112
-10.3116
5.87634
0.349428
18.2656
23.5729
-5.68161
11.2744
-11.2769
470.854
2.60622
-3.37087
10.0085
-5.66367
45.1448
-22.0028
440.018
6.87314
-2.73473
-2.01268
4.73367
37.0124
16.9506
18.3382
-23.2598
-3.05751
1.73059
3.77756
-6.85826
12.7913
-33.058
240.331
-4.99186
0.462229
-0.925411
0.607905
-0.0926264
-6.49977
2.90945
-6.23472
-20.21
-1.67436
-9.29103
12.1441
8.18561
-16.938
1514.46
4.38299
-116.523
-12.421
-4.75329
-4.30833
-69.1491
-2.0518
0.727461
34.7934
10.9799
-54.6425
-18.9881
18.5624
-27.3536
-1.42842
-11.2594
-3.85293
13.2232
-16.6073
-14.1611
33.2255
-22.6691
-26.791
7.3393
14.4746
-5.60549
30.1584
-26.9463
-73.9031
2.71285
-10.9884
-24.8024
-8.21804
-5.03846
3.10795
21.9728
-6.58056
-14.674
-48.3903
-7.76385
-24.0836
-0.585855
0.520241
-6.35924
-5.23909
13.6533
3.59132
-53.2573
-6.37887
-2.1466
-8.60307
2.97641
4.80412
2.30724
-5.91231
15.4377
15.5516
-18.4435
1.98676
10.2775
-7.0936
272.748
-17.9315
3.63183
-2.44541
-5.35069
1.00533
65.6871
0.97247
-29.4845
2.52031
-22.8943
8.85357
53.474
-0.366365
5.40779
-14.7114
-3002.4
-4.29194
-85.4304
-17.9302
6.02706
8.08414
1.16836
5.85776
34.4795
-5.37874
21.6387
43.9585
-22.7515
25.7851
-1.48974
49.5676
-9.96129
6.01064
10.8681
16.0782
-8.18115
33.487
-4.23796
-2.03531
2.48038
-37.1197
1.43292
5.01197
6.02102
0.78303
4.26307
3.40327
-23.0052
32.3106
-7.15759
-6.37505
8.16333
-1.27188
9.91493
-29.4117
6.32273
-7.94015
11.7367
143.866
79.2335
31.7334
13.188
361.146
16.5961
1.34986
-41.5069
-10.0873
-25.8663
4.41737
3.55724
30.4953
20.1163
-15.9364
-10.8873
4.86278
39.0408
117.238
7.29558
-25.9961
31.3986
27.0379
121.483
-6.43371
13.2138
-50.9231
2.36592
-8.8345
-75.2656
-3.45482
2.75036
-910.788
5.75788
-5.03597
-2.69522
44.2638
6.50062
7.15584
9.92141
-3.48857
-1.35857
-13.0676
20.1515
-2.22749
565.161
-4.35356
6.43034
11.5696
22.8211
11.6849
-10.6808
-22.6434
-16.5428
41.3669
3.64991
954.674
-2.5016
-8.93298
11.8613
-45.1182
-26.7571
52.4784
5.21788
10.0397
11.1018
5.24029
-1.71767
7.52276
-80.7354
-32.0884
-1.81601
3.03671
-10.4609
76.0837
-8.71693
5.49675
-33.3852
4.83622
-0.396972
3.21277
-7.43988
-10.3885
6.13319
25.2783
16.738
-9.3087
-7.10547
-4.6191
-118.83
-25.9439
10.5647
-7.1254
28.3591
10.6054
17.1184
-5.44179
-0.307906
-238.718
16.9666
119.321
-7.32826
11.0359
44.9829
1.73153
3.22706
-109.011
41.7068
-12.2268
1.97552
-20.4482
-338.658
2.87556
3.91192
-0.475812
63.9112
-18.8789
103.689
-5.18276
29.8623
-74.4066
-21.4661
76.1175
-37.9214
-8.92314
2.85339
5.84624
49.466
-3.66896
-12.5168
6.68996
4.48793
83.9561
-24.8302
-0.743529
18.3136
148.038
3.32773
18.3859
26.6931
-8.47114
91.6489
-2.42871
46.5415
6.95845
1.1483
1.2557
3.20019
-0.937599
10.0081
-0.183436
-20.0642
-60.8644
-347.308
6.73187
3.5613
-18.6651
6.29611
-0.815611
38.9934
-5.07533
-4.54313
6.90812
36.5154
12.3001
-3.80016
5.87417
102.08
10.4538
3.87916
4.65391
-7.92827
-10.1942
65.5292
-5.76906
-2.48143
-7.19875
-2.4731
-14.0626
-2.18823
-13.2212
6.33142
14.384
-9.05293
58.8127
-0.595461
-2.94312
4.21753
-0.396156
-8.92845
6.05897
-7.32419
-71.4835
1.87026
-3.25848
-1.4531
345.409
134.983
-135.445
0.568507
247.72
-198.777
-13.504
39.8886
3.6186
-167.917
-16.4455
53.5478
-12.3712
-11.5129
-2.84853
68.4932
-4.9772
1.53805
2.28053
-2.96559
2.147
11.1079
-6.16561
-5.81985
-110.067
-15.006
-0.586252
31.1854
4.97222
9.87126
38.6386
-32.7161
-124.177
-127.809
24.3681
6.63312
32.3057
4.984
5.37197
0.530692
2.32196
-60.4353
16.5925
6.2007
-8.91576
-9.32562
-4.43356
-5.23483
811.94
-18.7018
-8.6165
-4.62529
-17.6716
13.0599
-2.04571
-7.2831
94.1285
-27.4266
5.1272
-0.731841
-6.3285
10.532
-39.162
9.70601
5.56277
-13.2438
-36.5213
1.42509
207.105
-14.085
-32.9574
-12.2173
-1.9373
-3.19161
-11.3918
7.03123
1.21312
-0.466467
36.1565
136.595
9.8432
28.2383
-9.21883
12.2901
-1.51305
18.3087
-6.6089
11.7107
0.726654
-6.86194
15.0348
-8.78406
-2.40248
42.851
-13.5458
-12.662
-12.9873
-4.09868
-0.626744
-5.92241
-20.3841
-19.9549
-24.2235
10.9149
-113.748
4.47011
-289.069
55.6387
-12.0927
-30.8839
-1.81955
31.1671
9.48551
37.8192
-6.5333
47.8446
-6.97636
8.06053
-1.63181
-2.05661
-0.070152
-119.397
3.76677
24.1251
-5.02054
5.46608
-3.31846
6.84366
7.07969
-5.05172
9.24406
23.4457
36.5388
186.046
4.6973
-15.8402
14.0468
-27.852
-7.13787
4.63848
3.7292
0.469964
-18.3692
157.395
-14.5676
13.1713
-0.806783
-1.261
-0.245004
-5.24224
11.2935
121.015
18.8999
13.45
2.78579
5.30164
39.1183
7.42302
-3.91448
0.112542
-1.84547
3.50522
6.60753
5.91056
-5.34668
1.13821
-11.6088
-6.8062
2.2874
-2.2212
234.021
3.87116
19.4589
96.7545
13.4125
86.4908
-2.11266
-3.12859
-26.1297
-11.5582
6.62302
-1.90646
-6.67342
-0.711641
-2.86435
12.6955
-4.57458
6.07397
19.4873
-12.0898
41.2978
3.52455
-18.6778
-4.10166
-1.07955
8.58597
-8.18855
2.03174
-81.964
-7.69233
2.15016
9.26833
13.2851
27.109
-9.84777
-12.1383
6.49853
1.75861
-1.28797
-3.45563
-4.34411
-5.24523
-6.58254
-0.169565
-47.8384
16.0665
-56.6399
13.0423
-3.4657
-21.6203
14.847
1.75512
182.083
1.94281
172.093
-17.7138
12.9237
35.8589
-1.79245
-29.8914
5.75168
-3.79655
-8.33751
-70.7661
-367.524
-1.01953
-4.8237
-95.4867
-20.8671
8.24862
0.62215
5.20172
1.9487
-30.0667
2.12165
29.71
-19.0586
-3.29064
529.176
-7.4321
6.70636
-0.269748
3.38444
2.39867
25.0288
-6.87605
21.4386
21.4443
-21.6128
16.2615
-22.4312
4.04797
47.0112
-1.9085
10.3395
6.33233
-1.56103
0.538822
102.368
20.845
12.1563
-5.75117
0.257415
-20.6765
2.19995
12.7337
-5.63451
6.08641
-15.2669
3.26747
10.1853
8.70661
-12.8553
53.1187
25.6793
9.1432
1.03502
0.881259
5.25087
0.467661
22.085
-17.8538
215.547
3.23412
0.712546
29.1813
24.3527
75.8298
-397.262
19.5791
-4.07577
4.21613
-3.70137
48.3674
56.2891
94.771
36.0806
3.33503
-12.8856
0.548829
-357.53
15.4859
8.68585
-67.9065
-3.32733
-12.8079
56.662
-5.64916
19.1204
1.86358
3.89099
39.0784
25.0955
-2.02318
-5.36206
-32.3786
6.50486
22.6986
217.633
1.38988
11.3566
-2.70682
-73.5352
1.83151
3.01954
12.5255
31.8271
-54.2847
-0.122449
60.9823
-6.09605
0.441475
-1.77016
-8.31216
28.7296
12.796
-127.958
-0.784781
-0.577031
12.9601
-8.605
-24.5794
5.15722
11.6206
0.586214
-4.85088
-1.58842
13.4245
39.7117
-127.238
-13.9854
0.339002
11.3541
21.3675
17.4876
28.8666
63.3759
-0.026682
10.0951
-25.6753
-18.1207
6.50263
-39.757
14.2514
2.15045
-16.9931
-8.21958
-29.1698
-26.2539
-0.290478
4.17521
21.1693
45.6373
21.3711
7.60117
-28.0818
-13.336
-10.6385
-8.88961
-4.23377
7.07891
7.86195
9.24907
-30.6588
15.0478
-10.7736
-0.389028
0.671723
11.2586
-0.156007
-11.9175
38.6298
-1.51609
-14.3562
-146.897
23.8627
7.37797
0.175643
9.66193
-0.713046
-28.8988
-7.42164
2.31471
15.9474
-16.5173
-1.76426
-6.06623
-14.8027
2.45011
-16.7172
76.694
12.6967
-0.320377
0.818734
-4.37796
14.3279
-0.81542
31.5521
-12.8438
1.74023
-47.9869
25.0877
44.964
-4.02533
-14.1687
4.32653
-27.2856
-0.373514
1.25497
-7.02225
-7.71887
-1.33977
-5.46491
-6.39915
5.59838
2.82465
7.93646
52.5175
9.91704
-11.8717
-78.0622
-2.1755
-22.0838
-151.871
17.9612
-12.5772
105.865
-6.2725
-2.87346
-26.3624
4.95582
12.7067
-0.964521
-36.9515
-218.722
3.67942
-14.4715
-10.5753
19.7468
37.2064
2.57006
-89.9457
43.8725
-9.34274
1.8973
4.82019
-16.1649
58.5915
-56.6412
-21.2751
-41.5593
32.3797
4.55261
1.74976
-5.86886
-4.66137
-14.9833
1.77224
-3.85352
26.1449
25.7205
4.52476
-19.6326
-92.3444
22.6608
3.36813
49.1484
-297.176
-5.68381
13.7709
-2.74585
-9.92128
30.5165
191.496
7.36136
-1.97353
-2.6769
309.599
0.941207
20.9491
-10.1583
-26.7224
34.2143
-10.3672
-23.0479
15.5137
3.43692
13.6703
-12.4553
3.90081
1.38868
7.8901
31.7223
-16.5144
-23.9896
-9.03714
13.6621
-5.19999
-13.6152
33.6543
-16.2698
-4.70748
-18.0307
9.98958
18.9738
5.54795
2.89917
37.2176
85.253
6.51907
4.60652
51.8351
-40.3585
25.7545
-63.9482
54.3969
2.62111
-32.73
31.2943
39.9427
29.5513
-6.73607
2.13552
4.07182
-12.911
-0.663621
4.81638
8.51339
-9.35741
36.3311
-0.786688
0.468276
3.27588
-25.2145
-15.3381
-7.89657
-7.62635
3.7577
3.76157
22.0822
-16.0289
6.78318
-111.662
-11.4171
-4.82644
2.09087
7.5465
-0.588326
39.1897
50.0988
-37.1555
-121.905
3.68995
2.46257
-15.2486
-3.51911
6.32102
6.34715
3.98497
-6.6801
-3.84337
-130.607
3.78618
-54.5911
22.4225
3.05814
2.2775
-20.9512
6.32967
22.6669
-0.386761
-10.8116
-4.64461
7.54148
14.5227
7.46596
-2.92203
-0.395573
-3.9096
4.44038
16.3014
23.4439
-8.39601
4.47762
-30.7663
-9.71659
-7.8762
-2.94265
50.3449
19.4513
-0.0657874
4.36594
15.0245
3.26613
-53.2354
-41.4575
-23.7152
-0.526311
11.1745
-7.78428
19.4277
-42.648
-20.8318
62.4255
6.05154
37.9073
-8.39771
-13.4457
6.74548
7.65042
-441.072
9.32686
1.94349
-0.776792
-8.92601
-12.6581
-16.417
-2.50018
1.7503
-863.104
10.9556
24.5522
-1.69735
-30.6765
122.281
-3.25617
5.56303
10.2268
49.417
36.3602
-21.3842
-10.8495
-13.7316
-5.71968
5.03701
26.8555
-0.0574788
33.0048
8.07518
2.21498
-63.5621
37.3667
-170.222
8.82989
7.77371
7.53093
-15.4875
-5.42948
1.2898
0.601557
-7.36157
-4.28413
22.8875
-11.6238
-2.40362
0.477781
-7.72459
-5.60983
-0.209896
1.09662
2.76215
5.59735
18.1199
30.737
13.0204
-213.188
38.5963
5.02206
-4.31027
6.62684
-4.53458
0.603557
-1.64384
39.3362
-25.8554
-3.00887
-124.028
15.9424
-11.5748
-20.2755
2.9775
77.6966
-11.9051
-1.83775
-3.69673
-28.4441
18.5584
-25.4035
144.373
35.908
10.074
10.3839
-3.22232
-6.54488
-8.93985
79.202
0.081497
11.7716
-21.2453
-278.517
-13.8236
-2.57687
377.434
5.92202
4.53245
3.07793
2.75621
-18.2865
6.46656
-6.46492
8.00254
-15.4414
-12.8367
2.89786
-10.3419
50.7542
105.905
-6.40946
26.7409
-46.5367
7.80787
10.2961
2.442
-14.7856
4.91487
-0.892312
18.8269
-1.48841
8.54931
-117.77
3.52296
0.472436
-4.98103
5.22903
165.428
-40.9288
-63.4117
-26.2319
-88.4905
-6.87233
2.99394
-15.1444
-1.46626
2.68942
-5.29327
643.308
-17.874
5.62199
1.179
-7.3281
1.46242
27.1952
12.6509
-0.847168
-0.642904
24.4204
0.353374
-22.7838
29.3382
-13.0871
29.8067
4.56425
-31.2349
22.1747
-1.84346
-42.857
19.0387
9.086
0.738693
25.2504
-10.3122
0.993796
5.05541
-7.67887
-4.5995
165.045
-173.432
-40.0498
3.30147
15.1479
4.03651
-59.1374
10.8008
11.6364
-1.50588
5.69368
-41.6431
-2.42924
9.57538
-62.1206
-0.539089
12.6761
-5.32941
-10.9242
-21.6282
3.86573
16.0513
32.2866
6.57374
2.39193
44.4601
-17.7375
3.78471
-7.1175
-16.3594
-27.3467
-103.303
-45.0513
12.6022
-106.204
-3.64528
-23.8294
-0.0716851
28.6853
-22.4571
-20.6003
-4.07319
-24.0189
5.99689
4.8966
-4.46005
1273.25
-8.84774
-1.19796
48.9918
-8.59843
10.1825
10.6993
-0.676323
-14.9735
-9.43756
-8.44888
17.5801
-1.18202
4.12991
-3.60771
14.2435
15.1827
-17.8681
2.14948
-18.9628
-5.73232
1.9073
8.19116
-2.96601
-14.2656
-23.9484
9.95332
-19.1695
-3.70235
-36.2949
23.8554
-13.7347
-9.6693
90.8234
18.3624
1.79955
-25.1913
-34.7085
-513.647
23.1167
2.19108
3.26916
-1.13599
1.96252
-9440.29
-10.6767
6.64407
-1.68998
-7.55282
0.676276
0.763002
-50.8612
19.1412
-125.457
-3.17657
2.53328
10.3693
-185.252
-1.63393
-27.2168
-39.8265
-4.89987
0.191458
13.4521
-1.37623
-12.2145
-2.27876
22.0077
12.4187
-12.0541
15.2285
-39.438
-41.9592
-1.5889
36.7361
-8.26472
39.7181
-2.14862
0.882581
3.35988
-55.7411
216.57
5.43016
-120.334
24.5022
-0.883775
-14.7227
43.3472
33.9119
75.6589
1.37657
-25.4004
-1.93815
7.98534
10.1547
-4720.83
-9.45848
112.356
18.5101
-8.83599
-17.2644
-4.73631
-130.345
11.6359
12.0596
-4.91606
-0.62044
4.4435
2.37825
7.31929
14.4443
-7.18246
10.9142
-17.2825
5.45623
7.41585
-10.6296
48.6974
1.77485
78.3655
5.38485
-0.127418
11.2405
-7.16793
13.6533
-1.41762
-14.3621
11.5645
11.6206
3.60784
-11.3637
4.00842
1.23697
-41.4819
-14.5793
7.07598
-5.79684
-2.82559
-32.5156
4.3518
-31.06
11.5622
-110.49
-7.99119
18.0156
-13.5309
9.7886
-4.52573
-3.11816
5.00505
3.0896
-90.6047
-5.40403
16.3008
-37.0634
4.23891
4.71602
2.3827
-82.0651
2.95713
15.4885
-0.738329
85.4004
-226.342
4.5958
-16.2695
227.585
-8.75984
-11.4863
-137.506
-10.1335
8.03996
0.36779
-11.405
-4.00185
35.6874
-2.59608
3.92043
4.47905
-9.84231
-48.0224
6.50516
43.0691
-5.11305
97.6087
-8.87905
14.6691
9.16297
-10.6217
15.6225
9.71356
-90.1156
-36.6239
6.65043
1.93105
-2.26318
36.9509
12.5542
6.23124
-3.54813
7.60387
2.09841
2.39574
-27.6689
6.4952
-1.63119
-1.88814
-6.19573
-12.376
2.75709
5.53104
0.83616
104.256
-21.9484
8.70542
-6.9762
3.9805
-3.6998
-7.70578
8.82243
-8.67525
-14.4546
79.4578
3.86689
-4.50205
12.1654
71.4827
-2.50018
74.5033
0.804799
21.3149
-4.38035
-42.162
30.7698
-80.8206
8.75706
-13.9306
-28.0913
-31.4761
-3.08362
-3.79033
-10.8514
1.38966
-55.8513
-51.2881
-110.118
-5.23522
-6.66722
1.00251
7.01464
-1.46007
-9.11346
1.29976
4.49787
22.2165
8.21968
-3.65952
-15.8481
12.8387
-8.57245
-155.434
-0.988449
-17.9203
3.39964
9.88107
-1.41689
-2.4767
-12.4082
-26.4343
-14.5658
16.5085
7.59288
-7.20282
5.85783
1.17102
16.2742
4.29252
33.6806
946.573
18.4627
-2.08796
-9.46808
-0.830228
-9.61587
2.21696
60.9303
103.903
-446.495
119.404
10.0904
-308.189
-312.311
24.187
-4.84968
-17.7892
1.01353
-5.49802
-5.46045
3.1456
-1.81791
4.30127
-18.5871
-11.9729
-129.432
-1.7142
8.20964
-26.7915
-8.53698
-14.8233
6.17501
51.8851
0.104602
-7.40883
112.692
33.223
-12.0058
89.0896
-3.90912
3.50765
-8.63954
0.688113
9.63189
-109.468
-11.7002
30.9942
5.83449
1.8831
-44.5892
88.8021
3.68321
-2.34387
-52.9871
-2.53667
13.3565
-5.37069
-4.3252
-20.0882
15.4171
-59.0236
-28.3061
10.6341
-52.3721
22.9096
53.4278
4.74697
2.85718
-8.44808
-3.88287
-4.0582
99.1755
-5.12982
-23.456
28.3954
-0.702729
-6.27851
-0.0347963
9.98368
-13.0208
-1.53493
9.42444
-6.76298
-6.61456
16.1471
-5.01376
46.9851
-67.8527
-16.489
-6.7976
-25.6331
2.81889
-16.1509
2.7958
-4.32418
-7.65563
-3.27428
-15.1279
-16.1412
3.89327
24.1009
32.2896
3.02299
-1.22989
3.82823
-8.75314
-2.08102
-3.90746
64.2089
-28.1221
4.768
-0.273059
-9.98788
-10.998
29.9981
0.121934
-14.8871
0.0689131
1.43887
9.42576
-20.7005
-2.18345
-5.55089
-0.230128
-26.9653
3.67002
4.69636
4.5228
-3.43367
-18.582
-2.64246
11.0048
4.39767
4.41079
-15.1009
-1.60868
11.6293
-1.88455
13.1383
-13.3131
19.455
-5.61964
-137.74
-4.73635
-9.00013
-21.2215
-6.38784
-39.4373
3.74332
2.02511
-3.99845
48.4196
15.4968
-2.58362
-19.2489
-30.0898
-13.625
3.15043
-25.1993
-8.65502
-6.77137
9.89643
8.33483
14.2026
4.0747
24.0961
-4.56075
11.0503
-4.30669
5.41788
-43.6563
4.09493
-4.08125
-5.49514
-2.5595
9.17615
-5.13538
7.72445
192.641
100
-25.8917
13.666
8.87163
-39.7521
13.1754
5.29359
-45.3438
-12.6245
-51.0527
-1.62569
3.63831
-8.32935
-18.3463
11.0464
9.35865
-84.4195
-24.0127
9.98988
-36.6163
-7.25462
-27.8346
-20.5183
38.9869
-6.22172
7.53187
-8.21487
-10.2012
-7.80383
-13.6337
11.0397
4.84637
8.41323
-8.62165
0.364779
-64.7374
16.4859
304.272
2.53925
3.68048
9.82875
4.69614
9.94014
-27.7943
9.60163
-1.31739
8.27852
9229.48
-21148.2
-70.3104
1.24637
4.7364
0.641055
3.25263
-10.8591
-4.91374
8.16785
-3.41723
67.9322
-6.91599
-5.15211
6.44336
5.57699
-0.666044
45.7924
0.0176679
-8.66086
3.01428
-12.0952
-72.8991
5.63504
-11.6612
-18.4305
-0.0319121
-11.3694
-24.4365
20.0792
-20.2523
20.0103
10.0472
-9.55433
-19.5256
-3.11965
-97.0161
-5.04088
6.67226
35.8927
20.6994
-0.408366
-30.5295
20.1267
4.53982
1.24061
-163.369
8.10896
-16.4374
-3.3772
-14.8123
10.1028
17.5156
3.81167
-2.33756
2.68015
4.61122
-14.4531
-2.46956
12.6441
-17.608
61.2981
-16.5472
-0.0299549
-1.50462
-29.8918
-0.0683467
2.69302
-28.8588
49.563
-54.8232
55.1074
58.1173
-34.5507
-4.63393
5.47768
-1.11458
-10.0649
2.25814
21.2275
-0.51705
-28.3181
-53.9644
-136.838
3.3499
4.22681
-3.59663
-7.75158
-2.37126
-248.149
-17.7343
0.205931
36.4251
-13.0594
7.86232
8.99364
-9.44903
-1.49296
3.92913
9.5917
25.5428
-0.878904
90.6586
-227.418
-0.519882
-66.8158
-0.261714
-1.49952
-7.88648
6.67561
255.436
-21.2021
-4.70421
0.214933
-33.5317
2.73863
217.93
-0.297119
1.1649
-1.36883
-5.09
-2.84692
-6.404
537.175
51.7682
96.0357
6.5877
20.7581
-7.96522
3.52871
-1.22621
19.2795
-0.0730732
-63.4198
-56.1265
19.8839
30.3368
-8.16102
0.117217
8.43868
-10.7906
12.7596
36.0516
326.493
-69.7669
14.5457
75.4687
6457.01
1.84041
23.1953
7.27759
2.79854
15.079
-3.70159
-59.4403
-2.02866
-83.8845
-45.2515
-33.9224
55.4696
-6.7733
23.4112
93.7083
-10.3842
29.6137
5.344
15.4172
-623.649
-5.21152
50.0117
-30.381
11.1975
-14.6147
-3.51279
22.091
-11.5262
194.724
-43.4668
7.56092
19.8462
-41.4549
-75.3286
-6.52108
-17.8859
-0.818565
-4.87913
-11.9345
2.08641
-5.17958
17.0716
-10.8112
12.1485
18.227
-0.838601
-7.48447
5.34524
9.56326
9.99535
-8.35517
-102.853
-2.65457
-17.4133
14.7324
-25.0372
2.2581
-5.85539
3.77894
4.41125
3.15955
-10.9565
-0.727539
1471.33
-1.69107
2.87899
-18.6778
7.71105
38.216
38.4075
-137.219
-14.5432
103.145
-67.1085
-1.06977
-28.7441
-4.3964
-3.31515
-14.9547
0.89329
4.95874
-9.56651
-34.4727
-3.62786
-2.14091
-78.3724
-102.777
1.60912
-0.858303
10.2034
18.14
10.7205
-75.1136
17.585
11.3892
22.4917
39.5848
-4.86362
12.204
-5.9396
3.99361
2.60452
-4.79266
-28.4072
-12.1624
22.77
-17.9888
170.307
130.574
22.1166
-17.6687
-30.5175
-7.07959
41.7964
6.697
6.16038
-12.3148
-5.10278
-4.18874
5.66283
18.137
-5.78868
24.2037
-10.5549
-11.3771
-32.2954
-1.00239
65.274
5.11346
2.05815
23.2493
50.8066
-10.2992
32.8754
12.0512
0.545809
-4.37456
-1.04298
7.90678
-19.5254
-4.02784
10.1823
-5.48517
0.680962
-0.122816
-15.0229
-29.0853
-51.4708
1.596
-0.101691
8.96183
18.3291
10.7362
1.05604
15.2388
-0.679744
-9.33573
2.89332
-0.941454
16.4672
3.15084
5.9345
-9.04353
-4.17571
-30.3886
41.0794
0.824418
35.9594
5.44998
4.01514
-7.16548
-24.879
-142.093
-5.95438
-760.228
-1.99844
-5.17545
0.520658
10.2914
4.57194
-49.1402
-41.6841
17.1003
64.264
-14.2195
-4.12677
7.25196
38.9859
-6.07614
-3.35631
6.37445
2.41689
-2.62255
28.5176
-3.41019
-2.2298
5.66725
-0.738246
3.08849
-25.1761
189.934
-6.14857
37.5176
-23.7141
-13.7145
3.67363
6.14132
-1.58755
-7.52629
4.99999
18.197
-2.11963
51.4456
-19.2826
-1.82214
8.40503
-36.4612
7.10976
50.8703
-6.5244
-11.8664
-1.67041
-4.82267
-17.7057
-23.4553
14.9443
2.68751
7.36649
-5.80005
5.91225
-4.83986
118.094
13.5511
0.410648
1.34731
30.9048
-10.236
-13.9124
-0.0818882
-23.8589
23.8067
9.70075
-7.85748
-10.9542
27.0051
-77.1488
13.1436
0.66801
-12.1994
-8.37726
12.6438
-35.9645
106.735
0.630187
15.5667
2.90992
-825.235
-3.90979
-4.47658
-11.8355
3.75233
-521.578
-55.7094
3.3793
2.86429
10.7218
-13.132
-7.89746
-9.20802
-6.25113
-30.5552
-12.006
47.6199
3.56602
-9.42461
-24.2383
6.17134
7.95846
0.597013
14.2865
4.10755
-5.37851
14.1988
22.5992
-21.0129
17.2798
-26.8031
11.7174
0.420626
2.72019
-3.47477
-16.3357
-10.5582
-27.5258
34.8857
-339.763
20.8867
1.07061
-39.0808
-21.9574
-11.9166
1.36666
-5.69667
-12.9834
0.364498
26.2806
-0.336535
-7.16608
-13.1553
8.83329
-6.00003
3.39713
-0.0920321
11.1845
9.26144
11.8574
-14.6656
18.448
5.50796
-7.24549
-6.30197
31.8749
-19.0404
21.2453
-9.77427
316.107
-29.3346
-17.9524
2.49709
-5.28832
-3.38524
-8.50172
9.65006
-30.0058
13.7845
5.23173
-6.80164
-17.8927
2.59155
-698.374
-8.74837
15.7786
-16.3268
0.53137
-1.52728
2.30492
12.7626
-0.713246
1.04191
107.878
3.14422
-8.0615
5.37167
30.4315
-21.6148
-12.8314
11.817
-0.0289246
1.45291
-159.225
2.20692
-108.505
-121.172
-3.46036
-26.1955
84.8666
24.262
-12.5022
-5.31038
-1.35682
4.54406
35.7803
6.37172
-5.25365
-14.3037
-14.2834
-70.8599
7.13883
-0.581236
60.473
5.2847
-4.58084
-16.0666
-92.2991
3.0883
3.9238
-63.5276
-16.614
4.82072
1.3187
24.2302
-26.1814
-1.41704
-42.0888
9.54015
-37.3897
1.21761
11.1504
11.6291
-11.7195
-6.63127
-19.8902
5.02252
1.2627
2.96326
-5.77401
1.3689
-25.077
6.98815
-9.86589
-8.23345
-10.5071
8.21312
-9.88781
-12.2615
-4.16545
1.12152
11.2868
22.3768
5.92338
1.16185
12.7728
-79.7312
-10.086
-3.14292
27.5305
-10.9856
-26.8201
-36.5815
-3.95523
5.60043
-11.6875
-5.94647
-32.7594
-0.34054
-31.5682
103.901
27.6946
0.453393
-5.68695
-21.6275
11.1584
4.17864
8.97116
-18.2493
-0.164474
-1.78903
-33.0955
0.0848218
-145.755
-10.527
-4.51803
-29.2576
-2.33196
-12.79
17.6671
-6.54782
138.021
9.58703
-3.22134
-1.17913
10.443
-6.60021
2.88435
4.70206
-7.82611
5.35408
-2.60002
-30.8346
629.727
40.7813
-6.69286
-19.8431
-26.3043
6.37986
-6.36168
-5.87049
38.9363
5.89406
-39.9752
23.4466
-6.7852
14.3054
3.36227
123.717
2.95374
-14.3507
-2.29658
-41.4989
13.7997
4.22937
6.64955
125.64
-1.71533
-19.2041
-19.7887
-12.1643
34.1176
88.1233
-14.975
2.61647
5.8926
-16.6715
-7.75091
1.39597
-26.2329
-34.6738
9.38289
-10.6936
878.225
-7.93395
13.3613
-14.9061
-0.225901
-2.16202
-5.07359
38.405
50.8042
-2.01356
-6.87602
-0.797814
-0.209846
27.7784
19.68
5.83376
28.2551
3.75526
-51.5867
-41.1988
-4.49587
-622.807
-0.232536
35.3874
-1.6043
6.94948
-6.00642
7.11761
-3.02852
29.47
-2.67479
-10.416
-6.37925
-7.25635
-7.46223
5.92829
-5.36585
1.34656
-3.54668
17.212
1.48441
-7.14793
-40.5433
153.856
3.2084
1.7886
-1.57932
24.8381
-45.3392
-1.56098
817.971
-1.57222
8.26998
4.37697
-13.8009
-7.20309
-24.0151
27.5536
36.0048
-2326.96
9.06918
60.8203
-2.34032
-9.91224
56.2484
6.1722
458.327
8.64683
-14.1865
-0.922823
8.34834
-1.07797
-13.0487
-13.2156
-86.0113
9.27514
8.41881
2.13855
-25.1929
3.24811
6.56253
26.8379
-31.8603
-3.66134
-2.32825
-18.8292
-7.30569
5.51572
-11.9907
54.3364
10.5048
30.6354
-14.5068
-7.28872
-0.839223
2.10318
-5.10884
4.4957
20.3851
3.48196
-4.8975
-9.09876
-3.65126
1.96788
5.73094
-24.1838
76.6436
27.4371
21.1003
13.7121
10.043
1.49485
12.1392
1.31017
-16.1065
0.987679
-222.159
8.81526
-4.29337
10.2235
-14.8414
929.861
15.503
-7.06532
18.6184
3.16299
-0.890922
-25.3159
-25.8178
11.0657
52.9871
-1.62222
-6.30685
2.44554
-4.3752
11.1344
57.6421
2.61357
125.762
2.0142
1.53105
-1.58746
52.9242
48.6664
-24.3067
-306.365
-54.4085
-22.4964
6.59515
4.69005
-12.4412
0.66474
-67.8131
23.4917
-6.69115
17.3661
-12.0937
-8.92113
-6.97819
-3.66088
10.1025
8.21595
14.2541
5.24306
-10.0996
-13.0798
-12.6191
-9.20143
-6.04665
86.8703
-19.5098
10.2534
12.3889
5.63061
-87.5194
41.9817
-3.65708
8.25998
0.602869
-5.70835
2.01176
2.56841
3.14276
-16.5708
-24.5321
8.83264
316.418
9.84428
1.60323
4.09987
4.43596
0.994317
36.7582
9.40921
-1.99957
33.0312
95.2854
-5.48883
-48.4448
-10.7719
-7.28816
-4.4985
-3.76966
-0.0904717
13.5986
8.24379
16.0045
6.24115
2.42898
1.23185
21.5541
2.46061
-13.3231
-20.6762
-4.99929
-69.0835
5.22397
2.57815
8.71851
16.9093
-2.48527
-1642.79
4.7889
1.13459
8.26965
2003.25
-14.9784
82.7479
7.19399
14.0614
-9.65046
-192.527
-12.0965
-36.7874
2.78089
-0.264723
13.7771
7.02065
-20.8413
-1.7402
28.3837
-96.3087
15.7434
3.90916
185.066
-700.873
-2.13199
1817.99
-102.413
-8.38874
-5.1081
-5.28723
0.767143
0.0665241
4.26768
1.97549
12.843
1.27966
0.827423
1.81322
1.82189
-83.1787
-1.66155
6.79339
-13.0063
-3.06778
10.1619
44.8206
5.17011
1.48206
-7.50283
-4.60558
0.460992
9.06505
-3.09137
-3.33135
-1.671
-27.1114
7.92484
5.34697
12.4027
-60.9133
3.35359
-86.5796
30.7845
-13.977
1.71466
-20.0229
-5.96622
0.986935
3.42028
-2.32959
-35.5154
6.35954
-15.2548
5.36048
25.9658
-1.83244
1.66576
-6.49383
56.1372
214.972
7.87577
-12.3831
8.42617
0.210849
-245.74
21.9079
-15.6259
2.97429
0.648906
-6.31699
-22.4484
38.7777
-1.91568
-40.5846
0.534
-6.6707
-6.0804
7.03189
-1.89986
69.1045
-17.4463
27.6873
-55.5285
220.985
18.9348
-6.37557
98.4518
-10.2315
0.650081
1.87552
-10.8186
-12.1254
97.6442
8.7589
-25.3921
41.32
3.6941
21.1268
22.3419
-1.5044
-2.92167
-10.8953
-13.0272
-0.939885
-5.21335
-0.124912
13.7963
-13.5652
-2.90393
14.5192
2.3854
9.17784
5.60991
3.64102
27.0852
55.9923
6.46616
6.29009
-5.15045
-3.27851
14.6906
-1.48136
-5.78407
13.3512
2.19586
7.49353
-16.9342
3.39426
-2.70444
-6.2104
14.706
4.87681
7.57251
-23.1084
-4.01937
13.0396
61.9261
57.3633
4.901
4.45042
-0.488353
13.5083
-11.4181
-10.5997
-7.42726
-16.2327
13.8642
-5.56632
2.38448
-12.3821
4.23403
-4.34656
21.2801
-31.7776
0.509276
-4.38889
0.848531
-207.32
-20.1927
-18.2274
-13.6059
11.674
6.50053
-0.675426
13.0731
-7.11162
-6.6614
27.2449
2.30689
-3.78332
-8.99055
-28.7852
-3.62763
22.2915
2.98443
26.2373
-37.2661
13.2223
-109.751
4.63128
-17.1522
-1.36176
-342.118
0.149379
1.0732
68.7595
17.874
26.5614
1.2685
12.1199
-35.7552
16.4369
-32.3521
41.0686
-38.6513
-18.335
-30.9353
8.87293
-71.8334
-0.226139
3.32688
-7.77076
-2.17609
2.84738
129.562
10.8311
-24.9727
-22.2593
-6.78901
14.1572
-5.81035
8.21711
-13.2983
18.571
10.4434
-18.5278
-11.1605
-8.26954
-30.7539
-16.5641
-21.1839
9.25616
-17.7582
-4.43951
-28.2937
1.68086
16.6771
-11.2635
-52.9961
0.00917214
14.8801
-18.819
-56.666
29.4351
-5.73907
7.92593
4.17349
-13.521
-97.7389
-5.97608
13.1217
-13.729
2.34901
13.5517
-3.98722
12.2824
-13.3324
12.9248
3.40224
-3.73256
2.21403
9.16214
-8.40961
13.1252
11.3967
8.08341
0.188213
28.2875
-11.0739
-11.9058
13.9476
-9.44109
8.84313
129.594
-13.4801
-2.98914
-10.9188
-6.62193
45.6167
-11.2463
-6.95892
-11.1384
-4.60396
-21.9186
5.74468
-8.76301
-16.0484
-5.1647
-5.63696
-90.0699
2.46769
-3.41142
-1.96228
-1.7019
21.0421
-22.3997
-1.86838
4.67041
-1.46342
6.59764
-0.363946
-10.4015
4.63149
15.9336
-2.93489
6.03425
1677.29
-2.93421
4.27584
6.0559
0.0304179
23.1381
-4.84057
-140.581
10.1605
124.217
-53.3848
7.70682
1.28149
1.50511
-3.5872
-8.89588
3.69782
2.296
-4.91786
5.11176
19.8266
4.06675
6.1369
-2.99556
14.4619
25.7619
5.54085
6.64584
1.08223
-15.4729
12.0964
-156.062
11.9487
-752.332
-14.9691
18.9869
-12.0675
28.8724
-41.2388
-33.2269
2.44978
133.477
0.766667
-2.41511
3.67092
-27.0119
-6.0204
46.5619
-4.01007
0.0546121
-99.8511
-2.59283
-2.21494
-11.2019
4.01243
-14.236
-10.0359
1.40653
-86.6849
-48.1019
-38.6444
-11.2455
134.351
65.6278
-99.8426
-10.7885
16.7075
-0.445154
-2.54346
4.15429
-15.6005
-0.432988
3.09013
122.218
-110.765
6.01577
-116.602
15.1724
-3.41394
47.1663
6.32169
-38.6703
1.79336
37.2396
1.39668
-7.32922
317.431
-2838.86
91
-18.653
-80.1218
-1.14574
-5.09165
0.301805
-5.68482
-198.09
21.6494
19.6052
-5.77242
-4.0248
-44.8443
-11.4567
-5.02133
0.748813
5.15501
-331.325
-2.3088
5.30752
8.43114
-2.12892
-38.7929
57.1332
-24.5029
2.7817
-19.1579
20.6375
-4.01152
5.75474
26.1023
-6.08495
-8.04191
13.2535
-466.438
-9.39013
10.2648
-143.343
105.274
-12.1208
-299.856
23.7447
20.5297
2.28418
4.5345
2.52505
-4.34117
128.242
-19.8915
-3.66189
8.73486
98.9288
-5.07976
-38.342
0.5537
-60.7872
-15.6909
-10.1569
11.8929
-78.544
47.8048
5.42999
-0.530112
-107.679
0.59765
22.1366
306.022
-33.1947
1.25535
22.5169
2.37736
-2.78324
34.3487
1.55725
1.99818
-26.7661
2.57332
-9.76903
-9.23475
0.972596
2.67922
3.47076
-16.2004
-0.823971
-13.9767
-0.684546
-11.6775
18.6819
-9.36603
12.4651
7.56573
-29.8992
23.1447
-15.7753
33.4107
15.5274
-27.1883
-3.24348
18.8984
-53.1819
-13.4865
-8.09196
-6.91398
21.0505
-8.38856
-21.7666
-95.3572
197.331
-14.8361
11.3305
21.1983
-16.4417
4.41176
4.56893
-19.1867
-14.4517
4.80767
-3.39221
-13.86
-0.76811
4.31232
-66.666
-25583
-1.82381
-6.75949
2.30036
-5.78074
-2.22658
-38.6029
35.0382
35.3712
3.41111
9.96729
4.88565
7.674
25.8564
-28.8341
-14.4264
-69.5117
-29.6352
-5.23477
9.96582
-0.908509
-1.61787
-162.32
55.0424
-31.153
1.73167
-59.0599
5.48256
-0.760111
13.6326
-7.65668
-3.90917
-5.36928
7.80494
59.245
-0.222446
-21.2985
13.7496
28.3172
5.93193
23.7112
6.54408
-7.33579
95.0048
1.4989
3.19371
2.14876
-196.41
-1.14811
68.0488
7.03715
1.07137
-4.21771
-1.34221
16.7405
576.755
-10.9184
-13.5648
20.495
2.66518
-4.44151
-4.32969
3.18572
-2.63874
6.6781
-4.59722
-9.92762
195.76
17.0032
-8.48689
-27.8641
214.654
-18.8979
1.26993
31.0528
4.24192
6.49791
-7.58372
39.1968
-145.376
2.24551
14.3548
-7.55529
-10.3753
232.87
-4.81276
34.7078
0.8548
8.6793
-2.6519
-65.9999
1.05669
13.442
22.1935
15.0747
-9.95484
-36.5077
-0.0713596
-4.86955
-0.363531
-4.57125
-0.0147188
-36.762
-10.929
4.78285
0.468646
-5.59375
-8.03299
104.6
-6.26338
13.2479
-14.3073
11.701
12.7259
-41.543
19.3248
10.3537
-1.95916
-51.1073
1.92483
-56.2533
-13.066
24.2321
214.21
6.84228
-5.11411
109.012
-39.4722
6.06459
17.8119
1.79162
-11.5969
-46.5096
15.7077
85.6709
-14.0938
-2.71223
48.7514
-3.87256
-13.0396
8.51676
-10.6764
-35.6006
-0.430905
20.3142
9.24972
10.7513
2.14772
0.87923
8.75219
-28.07
-1.48804
16.0115
18.6461
-15.4396
11.6184
-0.304523
0.692819
13.2177
-22.8107
-4.38987
-6.21316
-9.92738
1.24146
-10.0872
-7.41144
2.30612
12.3404
7.67704
-4.59943
-2.59374
17.6895
-2.51951
4.81812
62.6565
9.27134
-0.575016
60.908
-172.391
10.3954
-4.65104
-146.346
17.9573
6.61257
-2.12069
47.6894
41.6342
-6.11051
-5.25041
47.4833
76.4152
-7.04592
15.3547
-10.0903
9.1589
-1.69414
-23.8411
7.07339
45.3561
75.9267
-5.47385
2.94377
-13.6429
-27.7377
1.0149
-6.43361
-20.2614
28.8194
3.94511
189.89
-1.22968
-9.68574
-6.03464
-1.30366
-101.033
-5.38511
-1.64825
-1.51917
31.055
-26.2217
-33.6232
14.9487
-66.7141
-36.0388
8.46833
33.9677
92.8101
27.5394
-41.8422
-124.592
3.0754
-10.1884
-3.94444
40.4292
8.08974
5.59618
23.7532
5.55663
21.325
-19.0226
-5.6399
-21.7957
-17.4975
-3.55582
-25.1671
-4.33424
87.6556
-9.11162
5.00067
-8.49242
6.40109
1.64201
-3.11416
13.5758
14.0648
-7.36653
4.63758
-4.41838
-18.7485
7.94786
0.443005
12.7841
-0.226219
-27.7687
-5.69525
-10.5386
-83.2026
-14.8929
0.0962374
-12.6732
-28.0253
0.22161
-18.4611
10.981
33.5208
2.64683
-2.36228
-48.3494
-11.5325
3.46325
-11.2208
-11.7216
-9.21627
-6.25105
9.86639
-1.28822
27.4401
5.92566
3.50046
-326.666
31.3856
-1.56306
23.4344
740.994
-39.8545
-1.76805
-22.7826
20.7962
160.432
-2.96132
14.2998
-1.32633
-58.4761
3.38038
34.5077
-3.55632
-3.35911
-10.4851
115.937
9.18638
1.34289
-6.77624
3.80884
-18.9845
6.10808
34.2648
15.6809
-2.92488
7.25165
-35.0344
2.93273
-28.6935
-9.03976
21.7976
9.54921
9.71489
40.6329
-6.93647
9.0539
4.7107
-0.645128
1.0695
6.28912
51.7985
-9.29497
4.88393
-25.6616
18.7088
3.11995
1.73989
-24.2085
-4.63114
-14.8961
4.01018
-362.443
-4.6934
8.95674
-15.4316
13.7498
-179.204
0.260585
5.27264
5.72631
-11.7507
12.3341
5.2725
9.97287
38.5285
-4.21712
-0.048501
1.91082
3.13769
201.421
19.6061
2.37035
-0.288424
32.537
21.2497
-136.337
-1.21519
-5.65621
27.9976
70.7216
-284.967
13.8423
-1.19591
-8.81144
949.143
1.19753
5.36651
-6.01446
-419.934
6.09433
12.9085
92.4812
-40.3366
18.9021
39.9986
-36.3617
-16.9958
31.5133
-13.2969
0.830321
10.9787
-86.23
9.57376
3.17199
5.20412
7.43966
13.3745
10.2367
-8.67789
795.205
18.5273
2.99271
-19.0932
-35.0594
-27.1105
-40.6098
-19.9042
1.61325
-5.10746
-2.14667
-6.881
-3.76232
3.83511
-2.63446
-7.41399
-12.5614
-0.504482
-283.25
11.4501
-41.1255
-5.38653
-0.978499
-12.4984
-4.87326
2.3854
-6.51516
-40.9726
34.1413
-909.422
-0.239131
36.8237
7.70636
17.1644
-2.24929
43.7966
-7.14432
-29.7048
-57.3164
-45.0111
-11.4291
5.62488
-5.38467
16.8576
1448.82
-24.0162
6.68798
-30.5006
-10.766
-14.9975
-1.33339
-81.8709
-4.86412
-9.25181
0.149779
-15.2723
8.74718
-133.882
17.8306
-2.73753
9.26172
-5.51386
175.235
-17.7793
20.073
64.4076
5.66889
230.566
7.77862
55.0821
44.851
-40.8531
-20.7379
3.41945
1.72168
0.936491
-21.7191
-0.709085
-7.30628
-41.2378
-2.83062
-24.4359
18.2719
-15.4703
2.47816
-0.726044
11.7797
1.14036
35.4011
-6.78325
8.04102
-16.671
-2.78956
-34.6574
-5.60187
-126.001
1.97576
2.81867
-7.7619
84.053
8.50056
-118.483
-4.73509
-6.9935
0.534321
24.9796
9.48676
31.6341
-20.9918
20.3366
-8.19596
-5.87811
0.723632
77.1876
7.97924
0.918434
-23.0535
5.0302
4.17264
-2.94983
3.00184
-19.8483
-24.0425
50.7843
15.406
-4.06516
-2.55586
14.802
-2.20727
-39.6811
103.416
3.67795
-10.5619
16.9701
-17.9711
-5.04088
4.61543
26.3201
-0.466426
5.03948
-4.91361
3.0953
23.0895
-9.88662
8.07498
-8.05621
6.35943
-10.4425
-8.29121
-4.03193
28.5605
2.98803
-17.3258
3.48771
3.10687
-1.25581
4.60073
-3.48966
2.96373
-15.3137
23.9368
-5.79864
-5.99939
31.7939
5.30174
39.0272
-8.03
-64.9088
8.52711
-12.4207
1.29137
44.5181
-108.894
-78.1466
-19.3258
-34.3779
-12.8416
8.47007
20.5271
4.45451
75.802
422.673
-9.56444
31.2245
-5.3232
-5.4715
-9.66112
669.023
14.1907
-11.6973
-69.8471
47.4556
-17.8617
-15.5491
-2.51276
-5.34607
-32.2548
-25.2259
22.8448
2.4553
44.7688
-48.9997
-7.89477
-188.555
53.0681
-6.69285
-5.12016
-55.9936
25.7553
-37.0933
1.09943
-9.28922
1.86484
20.9415
-5.48812
-7.81885
0.86295
-10.8537
-1.30715
18.1651
-0.737571
-85.3442
-3.08861
44.7968
-14.812
-1.34872
-37.3223
8.29534
4.23971
-15.264
-23.7846
-10.9594
2.96112
6.37526
8.53099
0.155212
15.2485
1.71257
7.40169
-7.21853
-0.446395
-15.8488
2.02046
-26.3095
-84.8742
6.8503
1.33041
1.74985
7.28411
-89.3915
-6.17942
10.1663
8.52015
-49.165
248.761
104.952
-75.8003
322.839
4.86205
-31.3818
-17.7338
-4.27836
318.75
4.05216
807.352
-7.44849
14.6693
-16.5048
5.40002
-1.44943
33.4559
1.01251
-13.6885
28.6819
9.45313
-66.931
5.61116
191.757
-8.95095
-19.0175
-11.9241
-3.07738
218.304
1.48924
2.663
-8.10133
-1.3846
-5.14207
-3.87631
-17.0195
-40.8303
-14.845
48.3153
12.0246
-93.385
1.93741
17.8264
0.514345
-3.86908
-3.91455
-25.567
-9.24575
-1.48811
4.64155
14.4286
-42.8266
1.95689
-5.94154
0.292748
-0.634066
-40.4764
90.5533
33.1076
1.71123
4.58558
-8.66715
197.115
-0.825451
-2.52191
-9.12605
1.40651
-25.1715
31.9158
9.82159
-3.53216
-5.65493
30.9643
-16.5806
-2.07891
0.493531
27.7062
-25.1503
42.5196
15.8589
30.9659
-6.25654
4.5196
-1.22835
0.798533
-5.60314
69.5643
-1.33858
12.6039
97.3132
-1.14114
2.54594
-12.6804
-13.2122
-50.8097
-15.8256
-10.1599
-18.054
8.14278
-5.78911
16.7208
-23.1483
-12.2781
-25.1011
-11.2963
-1.15126
0.703639
1.33478
-18.5064
-26.667
-4.88183
-2.62281
2.04533
-0.141675
7.64204
30.833
2.70642
-4.40608
-42.4199
13.9193
-2.53065
138.363
0.26015
4.53886
14.8112
14.6244
-11.2255
189.721
-6.58629
8.17254
6.95982
-0.213305
3.05971
18.8438
-35.4616
-4.3454
13.5717
1.09087
-8.34882
-4.30504
10.3141
12.0718
-112.788
-4.70609
-10.5579
-13.3569
3.46427
-2.70541
0.304179
-11.2273
97.138
6.48574
7.96601
-0.569196
722.03
-1.10798
-10.0976
-3.57704
-30.0643
35.4609
2.72204
8.94311
2.94245
48.7951
-26.4488
24.7146
-6.34527
0.967347
21.9084
-11.2946
3.99214
-17.9402
-11.4248
2.38749
13.8352
-22.7438
17.4184
2.74043
-136.244
5.3854
8.90803
-2.51822
-28.9712
38.618
37.0524
4.09948
-3.96158
10.4433
31.466
-45.8712
-2.16406
1.66135
-36.0561
1.47444
-9.46063
51.9088
-19.649
-68.6625
-7.04841
-4.34949
28.8989
12.6717
1.06242
8.39793
-4.38187
-8.08693
-0.883396
-3.4965
-15.1545
-14.3742
-99.4469
23.7205
-5.08309
-10.3572
4.07333
-10.4503
48.2722
4.30644
-1.07902
6.84786
-14.1082
-13.4775
-9.30546
-0.954765
-24.539
11.7957
1.11399
7.98598
6.7073
69.4362
5.46751
940.111
-13.5757
13.5689
-38.454
-0.199348
5.80432
8.89272
51.7271
26.9966
4.64091
-2.78222
1.97193
-25.9476
22.7276
101.216
-7.99339
8.23194
4.85773
26.0353
129.215
-19.4021
7.36134
-37.1505
-29.6715
11.6889
4.87322
-1.65829
21.0874
-25.5903
1.62222
-12.414
-16.064
4.59932
9.92216
-0.613546
-4.96164
-8.32816
-129.5
-11.1896
11.7869
0.729008
6.97584
18.7427
8.59119
-2.78473
-4.20937
5.10462
-14.0646
9.43082
-13.1864
-11.6672
5.87596
-39.2383
6.26621
16.3339
-9.44733
-4.41353
3.86736
9.54564
-150.722
-8.65229
5.29239
104.487
-1.00706
77.1282
-9.29653
31.9547
-2.25934
-34.8055
85.7882
122.007
-98.5637
-22.5053
0.238034
-18.0343
4.15887
-16.0335
181.247
-13.8578
-6.07665
-9.73209
12.3399
-262.688
-73.7594
-2.82288
5.60734
-2.95652
13.4913
-4.16584
3.57302
6.05753
-5.14669
0.670278
-12.5778
-158.44
91.517
36.4016
-0.81853
-625.825
-36.9515
19.563
7.39819
-2.4069
21.31
0.70043
-8.21434
-10.0669
-33.9412
-4.48046
-2.05014
1.47682
47.2
1.77979
-7.77992
-10.7903
-11.0295
-0.761987
-45.674
12.8147
-13.3565
-4.59904
1.0555
58.7085
-5.19189
15.2199
4.63024
-1.59478
-51.4163
-4.13833
7.77653
1.44107
-35.7428
19.268
-3.96136
0.216794
-0.721447
-8.87385
-49.9382
32.793
14.0844
-319.312
-1.23671
33.4654
20.4493
8.87532
-5.34595
1.87525
-9.65037
1.80791
14.9642
-62.4198
-19.6899
-194.643
-8.45277
-11.6351
0.803463
-5.10658
-1.39493
-236.952
-8.45682
4.07635
-9.44065
-14.0172
-54.1156
45.1255
-16.2561
-15.5048
-25.4654
-43.326
-21.5173
-11.3943
26.8318
24.8751
-30.5156
3.07582
7.97121
5.83881
-7.59541
657.25
9.92275
68.6321
1.82237
40.2485
5.73795
-11.0997
-6.64366
1.57748
-193.84
-67.9537
7.79455
0.560741
5.21539
47.9213
1.58675
-2.87067
-15.5394
-75.738
5.86274
0.965441
9.44535
21.0621
-1.92455
29.4545
27.8592
-0.331202
8.81694
-3.92722
0.344694
-20.29
-0.703711
-60.2841
11.016
3.30704
-4.30996
-6.5247
-0.0230573
5.06306
-42.2321
2.81679
-10.1288
-2.70909
2.25433
4.68518
-7.85505
2.30296
-16.2333
-11.3483
9.04451
-89.8886
-7.52438
-26.0825
21.8712
5.01817
20.5049
495.009
-34.197
-2181.12
26.8985
-31.4523
11.3894
-16.1453
10.5614
16.1485
-0.41453
-2.7834
-6.04753
-22.2095
45.6726
2.25377
48.081
141.091
-6.43375
16.0839
3.20836
-3.65693
27.3156
-28.5115
103.033
-20.148
12.2933
-1.51631
-13.9046
-5.28873
-15.7631
-2.62415
-14.0696
-0.0158054
-20.2555
-3.49926
91.3047
-31.9102
-20.7639
43.9868
-64.7514
-0.00916546
27.7807
-0.854365
17.524
-16.5041
14.9787
12.9712
5.35564
12.3117
33.7853
8.58719
-1.49501
7.67129
62.5834
-30.659
22.451
-21.028
28.0298
-50.354
-5.12993
1.22403
32.7355
28.9116
11.7287
2.72634
3.92496
11.992
30.4462
-4.98588
14.7505
-38.9198
1.55014
4.61274
-2.78091
37.2907
-19.7744
-35.8036
-10.8248
14.2395
-38.9822
1.41954
-409.267
3.64624
-25.789
-2.32984
-9.53453
0.844529
19.3971
-29.7411
43.8266
-30.2533
40.6043
-35.9727
24.6597
4.63151
-14.5811
-6.51861
17.2016
53.1583
-5.24818
60.6439
3.20645
-2.79308
5.03967
-57.9509
-2.86877
-4.49809
-5.52788
2.17042
-53.9745
-4.81063
49.4562
-26.4915
5.7183
-51.3907
6.23153
-525.949
-3.31045
-11.074
-6.81315
-10.3857
-5.35972
-57.6303
-76.6657
-9.07701
1.36034
-9.63259
-24.8507
-2.83402
3.65393
8.52327
-377.738
9.4205
-2.40118
35.4263
-8.71394
-25.3111
-0.510871
-16.6704
-5.32087
0.222876
5.85405
16.8084
-37.1399
9.02627
2.27391
-4.53915
-79.4698
-4.34749
4.21245
-4.76245
36.7227
1.53418
829.75
-8.51243
-19.4736
-2.50138
-1.90532
-1.99828
-7.07245
4.81568
17.9313
-2.02355
-52.8146
-9.35361
-8.77661
-3.46139
6.54568
-1.85653
-1.65136
-42.8249
-16.0499
-8.65814
-7.60267
48.0281
4.47774
2.60437
-77.8164
0.999426
-8.95006
12.4011
-6.69935
-49.3618
-116.053
7.20116
112.673
-37.9239
-1.327
-3.8687
51.869
-37.811
14.116
-2.58853
-6.08266
48.8027
5.40058
-455.084
2.41817
21.9704
-8.7006
0.50379
4.6746
-7.9976
49.1497
10.4644
-8.2052
1.74839
-15.1078
5.86497
-5.03125
-6.63008
-4.18216
-2.93493
-995.463
-2.53964
5.87526
-5.3685
5.97816
14.0006
-8.48286
-0.395953
-11.4338
-5.21287
12.1064
-83.7158
-6.31083
-17.5048
-5.31213
2.5979
-57.098
-25.0222
3.19685
7.4919
8.81316
70.0115
6.48763
-49.3774
4.7254
-10.5858
0.757559
-14.5515
16.2641
-7.15797
-1.1752
2.46364
16.8604
3.12513
-9.79389
43.8271
-18.317
7.64703
4.60805
2.88743
-1.79926
-22.8259
-1.49126
-1.54418
176.524
-33.8789
-10.6592
-6.40667
-12.7669
33.8462
-16.1174
35.3542
92.7422
4.48917
-14.2059
-0.489022
5.13372
6.73577
-0.816027
-22.0551
4.72469
5.06666
-22.8379
-5.58097
-146.368
-2.18007
-13.7492
27.098
-8.74423
-11.6185
18.1903
-21.9561
6.02356
27.5745
-19.8013
28.9929
-24.1906
-1.50029
2.82139
2.74327
-2.69922
3.32525
-13.9392
-2.42303
-20.2545
22.1534
-33.249
-8.15647
5.28075
21.6758
-0.190198
9.3435
101.259
-2.62009
-0.465817
-2.79173
-21.8391
-2.79554
18.1403
-14.9694
-11.9315
1.85583
-14.7048
0.0864564
-4.48846
1.38349
3.78695
35.3176
2.65672
10.4053
22.9318
1.66232
-1.79648
25.3094
-3.69678
22.1246
2.00893
-125.982
7.93996
-643.392
-4.04651
-0.610955
6.77601
13.3288
-14.691
49.8328
19.7691
2.1526
-6.18722
-17.7214
179.312
84.3716
-6.35359
0.422733
1.63426
2.81801
9.57564
5.71685
-29.1796
-1.91087
1.68594
-13.8843
-18.177
-22.1538
38.9409
5.56673
-2.08665
-14.5869
-20.1357
11.2799
6.1885
11.2551
17.1065
5.12724
38.8864
2.04587
-27.6959
2.03574
15.1549
-8.16858
-80.9452
-9.71755
-9.39488
3.76496
-6.41604
-17.7929
11.8825
4.29244
-49.8072
-17.4991
-374.673
168.098
-19.7106
-15.5384
-24.2007
12.1656
-6.522
17.4973
24.2302
23.4869
-383.529
29.0905
18.7507
-6.10394
-22.6913
-66.9431
-4.26528
205.845
-24.1282
-8.99858
-3.75512
-411.008
3.74901
-17.2604
6.146
10.5161
-40.0375
5.98855
13.9785
-68.8444
15.5222
-7.87399
6.50578
6.15436
1.40297
-7.69468
-9.80301
-6.40238
0.0613845
-12.2628
92.953
-13.135
-16.2953
16.5375
8.20086
-3.31556
-4.20566
32.8753
30.4134
5.53398
-5.38963
-1.18538
2.07691
-4.05419
-0.870536
11.5671
-7.43681
-12.0117
-10.3821
6.05535
-51.3675
-12.9444
-22.1856
28.8723
16.804
131.067
2.52984
-5.62627
-12.547
-0.781727
-0.420188
-25.4248
-13.4779
-16.6631
-17.291
12.9687
-4.76587
1.89866
-3.85332
27.9616
-7.12037
3.27431
1.65145
78.5307
8.05119
2.33383
-23.6142
375.715
-10.5621
-9.29025
-2.57265
-73.5377
1.07178
5.05852
35.1725
18.4194
-0.916104
-12.8359
-6.6096
-143.794
-76.3603
56.3578
14.276
23.6814
27.5362
441.78
-1.44867
-4.51689
18.2308
-8.4022
-28.4835
-10.8064
11.7194
-7.15846
-31.8186
2.42108
3.092
-9.18516
19.6027
-8.85507
4.92729
-10.2006
16.8458
17.8249
-6.48543
-10.239
7.52311
10.5686
1.59129
-3.95433
-5.51374
-201.606
7.92224
-9.003
134.439
8.5965
56.2586
-1.99157
0.705816
1.25452
8.05129
11.4422
-1.85689
16.9324
15.5138
110.523
-4.23571
0.531678
-27.164
12.9746
1.3736
-30.6523
-15.1134
9.16234
-7.0788
-27.8745
-3.96549
-8.76615
6.69551
-138.252
3.30717
-30.8664
40.8839
15.8751
62.6047
-9.65116
2.57526
2.52365
72.5823
51.0372
2.50044
5.53554
5.40017
-8.27997
1.51064
-5.75801
26.7674
1.20972
2.10024
21.9986
-5.38242
-16.154
6.73693
-29.257
-4.01218
-13.9418
-15.795
130.322
-1.75988
-5.8867
2.11724
5.37629
-0.914182
3.65242
-11.0137
-37.0477
87.9204
26.0496
4.4894
7.41826
15.1465
-23.7925
4.9125
-15.6168
20.2287
62.3585
-23.2979
-5.2058
-5.99225
8.53163
-78.1864
68.6351
5.50184
-3.42046
-8.99914
-5.97058
-11.6742
-9.09766
-2.7639
8.52806
-6.40949
-307.59
31.2849
16.8863
23.1322
-216.612
48.721
-9.30605
-9.35234
-28.7382
19.1947
-10.9618
-4.76888
7.59313
-5.83132
-7.19431
-31.7187
1.33146
-5.66275
-4.97363
-91.3585
6.98877
5.98832
-1.59784
-1.30459
6.24465
39.2592
18.2162
-10.581
5.55622
-18.521
-2.98155
-32.5326
2.15408
1.34203
-72.2371
4.56654
-51.5804
6.38967
1.99981
16.966
3.03723
-25.337
21.3858
-4.88861
-2.13304
-42.7713
21.5156
12.767
-30.1502
3.4421
6.65431
12.2555
-23.151
13.3222
10.0614
9.83175
-1.74203
-3.70143
8.63241
-2.36043
9.30334
6.12973
24.8774
-5.66498
-400.638
-0.0744077
16.87
-12.0267
7.43069
19.508
4.89658
-5.51635
25.9543
-1.63293
2.68028
-0.349586
-0.767024
-197.913
16.1344
-4.00572
11.19
1.43938
3.74952
9.04371
38.7079
-9.11334
5.1054
6.0534
9.58688
11.0653
13.9944
-28.7291
-6.49741
-1.32978
31.519
-14.4926
-40.0382
3.79622
15.4959
-5.89094
-4.69469
6.9495
12.9182
-48.6817
-10.1128
-2.27404
3.92998
51.954
10.7985
3.23603
6.30743
0.748375
-14.3578
95.6368
15.4087
6.2555
2.41527
17.0162
-4.82355
-9.68601
-9.49989
4.9575
-3.2003
32.1414
-111.119
-1.98669
6.45193
13.1383
4.43622
4.97304
1.84593
-27.0831
20.0728
28.7067
41.3689
-2.20156
-5.10799
-13.5727
-44.4638
29.3224
-5.55135
40.3754
714.744
45.9793
-57.8755
145.443
13.6854
-74.5181
20.8863
-6.56951
0.591293
-12.209
-16.1821
2.36803
-3.1635
-160.95
-22.5973
-4.82057
6.39289
22.5484
-0.341433
0.795733
-21.3667
23.3997
19.9519
-1.67347
45.9634
-1.67401
90.8277
1.66326
16.423
1.4123
-0.580817
-3.38766
-18.8921
17.8354
-74.5739
26.1564
-4.72057
3.09051
-2.16089
0.683606
3.3664
16.141
-27.0247
15.596
-11.7936
16.739
-4.90157
-2.34728
1.69974
93.3347
-3.03564
70.2748
-6.48871
7.2953
-0.666194
9.60037
3.25796
21.3261
-55.9644
-24.8718
0.237617
4.10466
-17.8805
-33.6457
-2.32919
-0.965786
36.3291
56.757
-682.873
-3.09558
-80.1393
6.84466
-0.993743
-1.4822
-3.90672
1.2619
1.19998
-9.72512
7.82818
26.1891
19.0462
141.897
-18.5898
-6.37367
9.36123
-3.34325
9.86351
-0.701214
80.946
-7.06917
-1.86749
7.61724
-128.488
15.5119
-3.179
-3.88347
9.96676
6.58397
-20.865
-44.8274
14.3035
-0.350819
88.9227
-7.64315
-135.399
18.2483
3.09288
-231.243
-1.86003
-0.135461
-40.9334
-2.44578
-34.6222
21.7577
4.03462
-8.42504
-24.7031
-2.38227
7.57886
-27.6487
-0.429579
2.28136
0.800785
20.4545
-0.410014
1.26324
65.3506
4.66499
-429.636
1.36986
12.805
12.6444
-11.5221
-8.6078
10.4389
0.0651915
29.74
5.32619
20.1102
-2.24546
1.0401
12.5264
32.4128
-39.6175
-47.3674
-964.518
-4.9271
7.97986
67.5881
-16.1068
-12.5692
-2.48807
41.0879
4.08066
82.0488
38.9032
2.20777
-25.5049
-2.5244
-12.0519
-0.560342
-47.119
-20.9417
0.000958337
-482.819
-5.51853
0.186444
-11.6983
8.84388
-0.900103
-10.4376
96.9653
-29.3721
-5.26368
26.4795
34.9117
1.54992
-20.6972
25.5336
3.55233
5.71458
-6.7633
0.0473495
16.4006
8.94776
-9.97858
19.7648
0.869404
14.7568
-11.82
-212.771
0.208838
755.65
2.78614
75.543
-43.3915
-1.96001
-41.2087
-0.722493
9.65236
-1.37919
-15.5235
-13.8785
4.27968
-7.54096
42.6682
-4.58496
37.4954
-0.224173
9.73619
-3.72755
6.34687
25.1697
-8.86656
10.2863
12.4458
1.54856
-1696.8
-601.431
-7.89724
1.67609
10.0502
-7.73344
-6.14134
2.77975
66.0628
13.5975
11.5078
19.5962
-16.512
-10.5528
-7.37742
2.94135
0.653251
2.21121
23.5507
13.5234
-8.58686
-2.90574
70.9899
-27.4897
6.97174
-4.12373
-5.738
-24.8942
9.48779
56.9934
143.008
19.3736
19.9302
5.63707
17.921
-0.962983
-1.62658
21.9872
-56.1429
5.25315
-14.1579
12.7189
-48.4194
-37.8395
-119
-5.92121
28.2592
-6.72006
14.2999
-3.34095
5.20975
-20.1847
26.7872
11.7441
-5.10292
-1.57367
8.80513
12048.9
4.8109
-8.43934
5.62236
12.1293
-272.634
-11.5022
5.62341
-22.3807
3.2038
-12.581
-2.02203
-6.35905
-7.44366
-15.4665
-43.4255
-42.2838
-7.77141
6.31159
25.0127
2.38295
-5.41877
-7.13206
40.5859
-1.883
9.9281
-7.71229
4.91622
-22.5021
31.8164
-22.9322
-1.13627
-84.7132
-20.9227
-30.1612
-13.555
1.99165
-5.25894
6.89991
7.47697
-1.69704
-12.3277
171.455
-223.737
22.6136
4.7579
9.98169
9.43969
-1.61183
-2.96729
-1.46147
-119.219
-9.73379
5.97008
5.71874
-7.2254
19.6898
5.93191
14.2177
-2.16334
3.8159
7.73658
11.3898
-5.51307
-31.3172
6.7113
22.0726
0.976204
6.402
-5.79642
-76.5108
4.29652
47.6552
17.9313
-4.63827
3.55684
13.0236
-11.7604
-0.729671
13.2086
-16.0694
58.7421
9.67732
-5.10217
9.30301
-87.4953
4.21163
-53.9246
3.08218
8.24623
-18.0217
-10.4655
-37.2941
-9.99794
6.39402
-27.6863
5.45131
7.53091
-3337.8
-4.93905
48.0473
-74.3819
72.2237
-12.2535
31.6079
1.99081
-9.68952
13.2453
-5.22032
-18.8705
0.356837
-5.41536
-22.7439
44.0563
15.1667
29.6179
0.672645
10.5122
59.1101
-43.5418
-17.7695
-5.48799
0.82029
-7.63216
-6.96411
219.391
-0.667088
38.3869
7.22015
-9.79265
27.2173
-29.9713
-8.12292
-1.20601
12.09
-0.207911
20.454
28.078
-28.6978
4.28818
-122.173
12.8814
-28.6079
3.35946
-24.2536
-4.3822
44.1552
0.39103
-107.496
-18.5883
-13.4548
-36.9944
-4.72361
-18.7345
-29.6776
7.30726
-25.4625
44.5851
0.420467
-11.4805
5.8383
-69.3714
137.196
6.52393
-0.102588
0.711163
-8.57526
-7.36993
-23.6496
7.33018
52.6149
23.3247
15.0137
62.1276
19.4214
-104.512
3.48166
-6.9417
-0.609602
34.4592
-163.038
-22.4745
-19.2213
-6.11846
26.8879
-2897.23
-15.3383
-21.0544
11.3453
-2.39497
25.747
3.81818
0.143912
-30.5187
0.915731
-35.0182
25.8743
-12.7776
-12.3835
-210.607
1.49378
84.9788
15.4328
-17.6686
8.27503
4.08907
-3.18053
-19.7301
23.3204
-21.8499
320.429
-6.14585
-4.9696
-0.466453
-0.668309
-196.051
4.18544
0.715578
-8.45037
-65.4209
73.8265
-7.82106
-0.854603
0.0289871
-37.9151
4.58281
-15.8188
-3.72676
56.6505
5.61146
-3.53741
2198.79
1.59399
-19.5805
-19.0418
-8.30539
0.0423278
-1.64621
-6.51541
10.4939
1.51559
-4.63166
-4.06423
-6.62342
5.08885
-120.055
2.63715
-17.0178
90.0687
11.2532
12.0024
11.8873
-106.922
-3.11169
3.1137
3.93733
2.90918
3.67511
-16.9085
-7.16334
-51.7212
-51.3012
9.95006
-4.78739
8.25295
6.52583
4.23656
83.3981
12.3446
33.1654
4.34606
-8.90992
-0.28917
3.56904
-5.11089
-29.6395
-20.5704
4.22571
-4.31668
1.95903
-44.7068
25.175
-441.076
-905.778
8.70381
24.5072
-4.42505
11.6384
11.7374
4.61178
-18.0433
-39.0678
-370.155
14.2882
-44.9319
14.9823
7.34619
15.8436
3.51587
1.36144
-9.77326
84.3689
4.60802
54.3914
-5.07397
11.8524
-8.7259
-17.0103
21.4639
17.2535
-10.9261
-0.870032
19.9546
-1.70161
13.8051
-409.12
-10.5994
-138.021
20.7515
40.6023
42.7667
5.08449
-9.64013
6.39534
20.9824
-0.00442618
-7.41175
11.0397
-122.84
-18.1309
-0.270638
2.44914
28.5071
-4.88962
-51.014
3.82655
-292.149
12.3975
5.39796
2.12456
-9.32555
24.8298
-11.5157
61.6429
4.42997
-41.6334
-42.2456
35.9014
12.2161
7.61297
-1193.26
32.747
-9.56818
-6.73227
-21.0354
-5.8473
-0.968416
9.94022
-17.6323
-18.8689
-18.043
1.78851
4.77748
1.08069
-1.80915
-7.64527
15.3132
-27.4102
1.31084
-4.77905
-14.2664
-14.6151
14.6191
-134.884
-11.2005
-17.2463
-14.4821
-4.695
28.0888
48.8715
-3.58778
-1.02806
-29.1893
36.9613
-32.2613
-1.31245
2.7459
-2.58126
-19.7049
2.58013
24.1517
-10.9809
5.04219
0.516654
72.0661
-127.123
9.75318
-67.8268
9.26834
-62.5271
-3.47554
-5.01794
-9.40384
12.3174
-10.7644
-76.9955
-8.83179
19.6172
6.59729
-77.2117
-2.50386
3.41791
-5.06434
-22.7642
7.69641
7.89638
6.30851
4.14876
-2.54922
29.5304
92.1856
2.38732
-5.05396
-17.3101
14.37
-21.162
-479.105
5.73188
-71.7198
47.9413
-80.1815
7.87392
-6.64031
-2.95607
26.504
-26.7283
-0.692974
-30.7407
30.3546
10.4877
7.0954
3704.03
4.51872
1.39559
-13.414
0.668083
-4.11761
-124.059
51.7698
-15.8082
-2.0173
11.1516
77.0054
8.88663
1.35316
0.445188
-0.550417
2.36053
36.3226
-49.7046
-1.09914
5.9396
-67.1555
2.76642
-5.61729
22.0832
-28.5355
-8.56132
18.2372
183.998
0.503159
-0.394889
-3.84352
-19.2116
7.04472
3.57955
33.6963
-30.8342
133.415
87.2435
-6.86654
0.239041
-4.03581
2.2751
-15.1562
-54.6264
14.9969
-1.01801
1.36841
-11.8634
-5.01832
5.94471
10.517
17.6493
-1.52195
-7.52774
-17.873
34.1557
-17.785
-14.1999
44.625
1.8493
35.6999
8.93241
-186.38
-23.1409
-29.9579
-23.2131
6.61605
-0.70089
-18.4738
-8.25184
97.9873
-10.9547
13.2996
8.76266
-4.52019
-34.3442
-68.3689
0.670388
10.0465
166.52
-0.554302
-12.2654
-5.72371
2.32238
8.1805
-3.40846
9.03496
6.20438
-19.8802
-5.00541
-9.41109
-47.5469
-19.6741
-14.3273
1.71477
17.9388
-29.4747
16.7486
-3.31922
-0.335768
-33.9088
5.60167
8.09994
34.4397
-0.806569
39.2928
20.537
9.91302
9.45778
-11.2566
-1.772
-13.4728
-2.32161
-3.1605
47.3606
63.0099
-1.6285
6.34821
2.45279
7.96196
-45.7438
4.2594
-195.174
-99.5122
3.21014
-13.1076
4.31136
32.6079
-10.9251
-2.21811
9.38903
19.8004
-9.8665
11.0245
11.8301
-4.85799
-327.966
27.7147
-7.3852
-92.2255
-14.7109
-8.30785
23.1491
0.936293
-4.82087
494.256
-7.20027
-5.63769
-2.22235
-89.3389
1350.4
-15.6695
-0.759749
-16.4709
-11.57
37.2123
25.1432
-3.91544
50.6416
-74.4108
-22.205
989.635
-1.70786
80.507
11.2801
10.4963
19.7867
0.150725
3.81032
42.5037
0.913099
2.57789
120.374
1.38164
-1.59463
10.1982
-106.012
-16.8058
112.329
13.8427
1.1196
10.4627
-3.87278
-7.722
2.92218
563.16
-36.4812
5.89567
4.33773
-6.7396
-5.46565
147.498
4.87932
-72.4219
5.54048
23.3012
-7.18854
-31.4765
-137.521
-17.9698
10.348
3.04393
-5.11495
12.1024
17.6324
0.389096
-9.78442
-0.90121
6.17785
3.59313
-79.986
-5.52827
-48.8974
-9.2921
0.858309
-0.696224
-17.2917
-5.58964
70.2545
-6.51821
110.304
2.35373
-3.45237
-15.8542
-2.3996
10.2053
-0.61663
22.6688
-6.571
-35.9518
6.97981
7.50177
3.68131
13.0935
-2.7271
2.60202
546.336
16.9817
4.63796
-11.7446
7.46758
-1.63552
-14.9813
14.9995
-22.5386
3.9604
11.4531
-14.5089
-1.86973
280.477
-32.7574
3.78955
22.0985
-43.1793
12.2886
-11.8932
-8.38824
17.4666
-1.54214
-33.7738
2.94884
-5.049
0.202882
-2.78647
5.26152
14.076
-131.879
33.868
-16.9406
25.68
-578.251
8.99248
-30.0146
-1289.08
5.46008
-5.26322
-32.5713
0.839632
-3.96412
7.83427
3.47359
-12.8344
-23.1692
-4.24626
3.64407
12.4684
-5.18772
-3.25582
28.4026
-13.6053
-4.00925
2.17449
-0.569644
-7.89578
-13.0376
15.9506
14.8269
0.0862148
1729.57
1.13375
9.01403
28.1106
84.9136
-10.0295
-43.7072
9.94055
2.93377
-10.6096
-8.73851
-11.4738
-5.05722
9.61079
57.6879
-4.92771
37.8723
351.037
15.098
7.30608
-2.28993
-1.05994
3.91543
-3.33308
-1.19675
8.74802
-3.7269
-7.11125
-4.80647
-5.94394
1.40942
0.739094
10.4949
36.1699
-15.8283
-3.39614
0.887664
44.7862
-2.63266
-122.682
2.91448
11.4483
115.918
8.80127
5.51194
23.2162
14.2056
1.66327
-11.1626
25.2134
-73.7661
2.03763
20.8307
6.95623
-12.4901
-5.45389
-4.63696
-10.2585
7.89946
-5.2311
123.37
-0.134898
-14.4757
1.55725
18.5089
7.9686
11.3801
1.2372
-14.7637
-1.4541
-13.4059
72.8473
10.5193
-9.85644
3.47674
-8.66165
-2.32811
5.34931
-1.52826
2.61134
50.3603
11.3564
-4.50232
-12.6209
-58.501
-64.6839
-137.766
0.371801
6.7732
-8.95695
-9.06869
8.47058
-52.5179
-234.952
117.236
-73.7029
-2.49836
37.1439
-18.6862
-4.76255
-9.66132
-20.9895
157.865
4.4173
1.63942
-62.1454
-5.27644
-6.89897
12.9387
3.09485
1.88808
-16.2211
2.79765
5.94677
6.8673
-5.26392
-10.5507
1.23228
-5.94782
59.0908
14.0379
10.3847
-3.31617
-175.141
3.09235
-4.65636
7.84675
-2.91182
-12.5151
-11.624
22.06
-1.8644
-10.6939
8.64806
-4.73968
32.2348
-34.5262
-18.9968
-65.6662
1.19679
9.19248
-97.1049
-57.4303
-26.6397
104.373
59.6685
41.2863
-158.678
-11.3646
23.3618
3.85197
-21.3754
-3.39995
-2.02201
12.3544
-18.6584
-12.5107
-6.69474
-4670.48
-1.96668
-21.428
-9.83991
-31.3649
32.2863
0.853969
51.2731
6.53252
-0.413484
9.32216
-3.02201
7.98823
27.1353
9.98496
18.4619
8.37826
21.6938
9.71989
18.5748
-16.6499
31.5397
-230.334
-2.15995
5.6684
-63.4359
-33.8833
8.6736
-5.96896
-0.288811
7.71358
330.29
-3.18666
-4.55832
-19.3277
-18.931
156.585
-48.1483
-0.398768
-34.6782
33.6546
15.1405
41.5685
5.13615
-3.22131
8.6761
-10.894
10.3671
5.11846
51.5717
2.94228
-8.36462
37.798
-16.1048
-2.59037
40.2512
2.54013
-15.8974
0.586929
6.29867
5.10201
8.46116
-12.3671
-26.9476
-2.68201
6.46016
-9.5292
3.5195
-28.579
29.6421
-70.6382
-0.684286
-18.2584
-20.9104
3.19218
-30.9044
-5.59715
25.7486
2.55185
1.0586
-16.8048
-23.5547
6.65726
39.3466
2.12781
-3.3767
18.3089
-26.9305
8.30229
2.39569
0.975018
51.0407
-37.5533
-24.0091
-29.765
-3.08045
-5.95218
-21.3467
18.102
3.82163
-20.418
-43.7764
1.30108
5.90696
-9.83468
-1.18775
6.66254
11.5005
2.71896
12.1139
-7.27635
18.8353
10.1764
23.6067
-0.723378
3.65151
10.9164
17.2797
-0.367787
1.39138
-1264.06
19.9909
-10.9548
-3.64071
7.89298
8.53707
9.42474
28.054
1.76867
-7.62826
9.56353
-0.73844
-8.64074
-0.580015
-11.2198
138.014
9.83986
-75.9897
-27.0954
2.72818
17.9495
6.04846
-2.68709
26.7852
-30.7927
7.83815
1.32057
-46.4272
19.3072
40.0977
-15.8098
118.507
-37.1536
-63.6953
46.3297
218.448
-1.82732
22.7677
-1.28815
33.7099
-2.65208
-6.09262
12.7559
-4.0392
-4.72174
16.6898
-17.3984
27.829
7.52442
-2.50061
-3.29654
-5.69321
-8.01549
9.57678
520.569
9.02913
-4.00968
-158.227
-14.8831
-13.7978
-8.5408
-4.42247
-2.34424
-30.5359
13.3526
-0.95901
15.1603
-1.30041
-0.617818
-0.688656
-13.146
19.0454
9.27695
-13.1321
6.01357
-1.04036
93.8446
-21.4551
26.9476
677.205
28.7002
-2.01007
61.1883
3.81869
-6.87879
10.8463
-18.1468
8.90254
4.57245
1.40539
15.4214
-8.40838
-6.8852
-28.2311
26.0575
2.34239
-6.84337
-12.8918
8.28825
22.1894
-10.251
-0.852216
21.8945
-152.6
0.267625
0.188277
6.95858
-5.25536
-4.66921
-4.96562
-5.92366
8.46872
-2.89056
-15.2813
1.23815
-40.7486
-5.49066
-17.407
1.32653
-21.6171
-18.8298
14.6751
-2.94595
-0.633247
-59.4834
-12.5529
-6.74969
-236.167
-68.6392
11.4574
2.34223
0.64349
-9.71779
3.85553
-11.0521
-11.2869
12.0102
13.14
7.86793
13.0868
-61.3675
27.302
6.63361
55.3727
340.632
-5.9966
-1.05958
-18.1761
7.83215
2.27349
8.03975
-4.20955
-50.3617
-38.5948
7.36478
-0.0272315
-8.86018
-727.924
72.016
0.453407
21.7444
-6.80866
-8.01476
6.08919
-14.4843
13.371
-11.2334
-32.1018
16.0919
5.23357
9.38759
-5.78627
-53.59
25.525
1.9078
42.8161
-1.06221
-12.8603
1.92986
136.261
-4.88753
5.75262
-8.25965
-6.60056
-22.6947
-53.1077
6.62825
-4.24031
-16.1485
-16.3206
3.7789
7.26525
3.33522
13.9008
7.58707
-10.1389
388.538
98.057
-15.1252
-16.8596
-8.51968
-7.51579
19.0384
3.98995
-8.78731
-7.13741
34.7855
6.64358
0.989174
79.4849
9.17407
-12.7604
-2.87004
10.922
-9.00179
-4.35786
4.38122
-26.4503
3.64529
52.4392
0.885966
-34.4482
2.0624
15.3327
-1466.21
1.28366
16.8691
-11.5039
41.2379
11.0552
3.70028
14.4987
1.92812
-5.72861
15.0247
-31.9885
-1.37127
3.15075
-12.108
8.15834
11.61
-52.6692
-41.6362
-12.0831
57.1458
-1.95789
1.65319
3.80368
10.1691
28.1317
4.2862
3.66493
13.0863
19.8439
232.325
-20.7858
-2.26643
7.72034
-11.6767
-30.7598
16.3993
-2.8923
103.436
-6.97414
-24.6294
-10.7628
12.6078
-53.3094
9.80672
7.86014
19.436
-253.583
17.5254
1.50952
-16.9438
33.0684
-14.8432
-202.096
103.918
21.2848
-3.44617
-23.3957
-1.51055
-3.08195
-0.809007
-82.6447
8.46688
-13.8103
-10.6545
25.2244
373.182
27.342
5.45275
-16.2713
-10.6706
-2.62879
-5.45835
3.79298
-5.08921
-1.60296
-27.1704
-9.57255
21.3668
3.26317
-64.3443
470.55
0.486504
8.56788
7.21409
-11.5332
-8.87347
-5.31276
113.174
54.1718
24.6752
-11.3284
0.180816
2.87607
-12.5149
16.9769
-4.57836
-107.433
0.784996
78.2608
12.7823
-12.4822
49.3662
2.94235
-2.13734
42.1205
8.82337
1.56823
-1.11499
5.42561
-27.7941
75.4697
5.094
-680.427
24.5014
-14.5498
-69.3329
4.80752
5.60994
-103.805
5.38762
17.9107
36.8862
6.90973
-8.57374
-6.8029
7.5618
-3.25058
-7.01653
6.54914
-5.17816
-9.02679
-10.0956
25.2958
4.33949
15.4436
47.9516
-3.16256
54.1794
3.09879
0.676793
-110.083
0.84263
0.953033
-5.05474
134.622
-19.6302
16.6297
0.478112
-14.58
-6.59547
-0.219971
-0.633667
15.8432
2.62648
-8.4151
-1.75532
54.9974
-51.5172
22.462
-79.9118
-10.1033
-18.6685
8.53217
-13.4842
-31.3049
3.33441
3.49535
-17.2163
-77.0402
0.721202
45.7436
1.79276
-30.5623
-24.5286
9.58564
7.49591
-3.25161
-11.6247
-10.5753
-18.2698
2.54742
13.0198
6.2588
-3.34196
11.6796
1.63306
-49.8235
-7.20728
13.4641
-16.5655
230.525
-15.3608
22.8678
-4.38665
-42.1909
-1.28628
0.912556
1.60605
45.9815
4.41607
6.8258
-18.3921
-5.92157
1.2258
-2.28562
-19.6673
97.8503
2.32152
-21.0447
-20.7954
-6.07796
5.01374
-28.8523
-7.36124
3.91893
-17.1196
4.34095
9.35339
-217.005
20.1831
8.62219
6.95306
8.33915
20.184
4.09694
-2.87915
-23.458
-0.624814
-48.0471
-13.4966
-8.68745
34.7411
70.6494
-158.274
0.425381
4.10965
4.63633
10.5759
10.8775
50.5888
48.2154
9.54137
10.9538
9.59333
7.97873
-3465.53
54.4074
14.9771
-11.2963
14.0888
2727.85
28.8248
6.57368
9.76343
-12.4136
1.75225
97.1919
257.886
38.289
-29.322
5.80075
4.17434
-14.0881
8.31426
21.6865
-8.87491
-60.9804
6.99073
75.3389
17.8416
44.0572
-2.46172
-2.24369
-23.2454
-8.75011
-21.8386
6.52275
84.2238
14.5658
0.654591
-89.0104
11.3144
-16.8283
-12.8982
-8.21051
-25.1796
312.542
-0.810007
1.36254
7.04948
14.807
-24.5988
139.533
-14.6058
-3.70553
0.434621
-8.98272
-1.78924
-33.2091
-8.09663
-0.304028
35.4831
-101.079
0.258791
-6.39413
213.165
-2.37752
14.3865
32.2301
0.392653
6.72574
10.1873
-35.7448
10.1405
-3.24888
11.4804
32.019
9.79808
21.9386
-6.26539
8.35766
13.3437
-8.05305
7.06813
-7.11737
-9.96109
18.645
7.59546
0.453227
-7.97198
3.28481
5.29137
-7.08924
-4.76953
-6.32714
-104.764
6.09746
-3.90619
3336.11
54.4422
2.13157
11.1968
-7.99173
1.68059
0.133353
-11.2974
-21.8358
7.65116
3.70384
32.8143
-53.4065
4.67267
-129.34
-7.419
5.11061
-25.6294
-14.1034
-41.7437
-2.9576
-62.3995
-77.8421
8.92665
10.7284
-15.527
878.83
25.4282
-22.6462
19.52
-1.66411
-91.8171
2.00238
5.40969
-78.8455
20.0029
5.29874
-9.50703
59.5995
-5.73765
9.93062
-127.937
52.0254
-338.944
-4.14706
1.76431
-19.344
-19.9547
3.32635
36.2832
4.85026
-6.5862
-12.4921
6.12067
30.2542
-6.73995
2.33118
0.0676228
4.67926
97.4268
38.4645
21.1791
10.2754
34.2367
-10.2489
-11.2791
4.73123
-9.40694
-5.13277
1.76887
15.5911
10.3735
-5.76936
-0.387588
-4.03882
-0.32217
1.17428
48.5063
15.3829
12.3764
-13.0286
-22.3938
8.44992
-9.16547
-0.820704
-21.7007
-27.9032
-4.30471
215.217
3.76549
-1.7721
1.95027
18.1092
4.77005
12.4662
-1.3352
-3.73353
-2.81481
15.624
-16.6199
3.32126
9.32447
11.2281
11.043
-23.3571
10.629
1.33693
2.59717
5.83935
-14.4127
-25.1074
-736.067
5.85532
-2.31032
-6.81823
-4.91892
33.371
905.478
-17.4463
32.5843
-8.71587
12.2283
-32.2665
42.8703
85.014
-24.0841
-16.7315
105.966
-1.28581
-2.4057
5.95936
711.952
-0.953809
-14.1607
-8.57619
20.7511
36.1187
2.96418
8.15286
-8.94436
-1.8009
-4.91878
22.8294
5.65734
-3.18566
3.51612
7.19195
19.5558
3.50349
-2.76183
-12.353
76.067
-18.8844
-4.79417
-1.83113
8.37772
7.56256
24.2023
1.4724
56.7683
19.151
23.3805
4.15845
11.9717
120.435
141.167
-767.789
2.25421
14.6745
7.64145
1.35052
3.19492
16.2397
9.2497
-1.799
-24.7123
-6.39789
-17.1618
-3.57286
-9.95187
137.937
-4.3443
68.3791
4.82269
8.09748
2.51299
18.1603
37.2673
-4.01174
149.134
7.66667
13.6844
10.1779
4.02818
-1.95765
-2.45577
15.9673
-12.695
-29.4597
10.389
-5.37112
49.3515
-88.9022
6.83089
9.74243
-17.4025
4.52048
4.31039
-5.62321
-12.4709
-3.75855
0.824548
14.0406
-4.4683
-8.91952
-5.01151
-6.99892
-2.4125
0.58745
3.46295
-12.4069
-25.8945
9.1651
-27.437
6.99597
5.39537
-1.996
67.1578
3.48647
-22.3685
-0.825162
0.731587
-3.04262
-51.0078
-77.3467
-59.4467
-3.74269
2.75915
-48.4201
-0.15251
208.022
0.236967
4.92073
4.60468
11.8985
-6.99125
-9.73662
10.0742
-11.9831
-62.634
11.6137
4.85562
20.6298
-2.53365
3.24512
4.68826
-3.24423
50.433
7.77942
-90.5942
-105.463
7.01427
1.23716
-2.34675
0.493573
39.6669
-0.200293
-10.7769
6.36861
1.81688
2.4708
11.8534
84.6171
-73.6944
2.0446
-87.2221
1.007
-3.50233
-36.7526
7.66187
-11.5594
19.3177
-18.4986
-3.7707
-71.1269
-3.13909
-2.97155
-22.4902
18.8008
-8.05605
-89.123
12.9497
-0.106532
20.1446
168.292
-3.28309
-12.9338
32.684
-0.491207
43.0561
-15.3884
1.71868
-26.8693
-6.91671
-28.8369
-2.44684
-1.80272
-5.74542
-218.307
-0.519001
1.06355
2.94288
41.3751
-1.71874
-26.6798
-8.92895
2723.11
9.62178
7.44237
3.0675
15.8419
0.317895
5.62302
-4.72619
-20.0039
42.1483
1.12883
-186.134
2.95633
27.295
23.8703
-11.7335
6.87262
-4.18861
5.73336
14.7386
-32.5282
-5.45156
-6.66893
-2.78231
-4.07365
3.16913
-64.692
21.7954
208.778
0.671243
9.43556
4.89891
-3.64506
0.837456
-1.10267
-9.75969
-1.05144
1.0193
-3.98596
25.1399
9.63228
-7.81095
15.8561
-10.8251
-6.06939
217.174
31.7491
21.6503
16.9221
2.4966
-13.6983
47.4728
6.38149
-1.02045
15.571
-12.189
1.85758
543.771
-24.2959
-1.5103
2.86998
50.7572
-17.0643
-0.561906
168.675
0.61841
4.52604
-9.21761
4.78499
3.50515
12.1591
10.5936
-146.47
-19.1184
-20.519
-7.89183
-1.07549
3.87175
-8.65314
-7.38909
-2.71237
-16.2989
6.58079
-12.9715
11.5249
5.62809
-10.026
-1.52629
-1.73912
5.22272
2.45451
32.8825
-4.30945
-4.09391
62.8077
-4.94874
36.3259
24.9262
-7.75383
9.96878
-4.7174
-175.481
4.58789
71.8402
5.92259
-62.8866
24.0619
8.56934
-1991.93
10.7297
-5.60678
4.09147
81.8102
11.717
5.88364
14.8134
57.3894
-4.1844
-18.8655
10.4199
7.44917
-4.97182
0.707107
-0.453021
-2.78428
244.332
21.6368
7.7476
0.0391301
3.81087
-3.22699
12.7678
-38.26
37.5749
-33.9625
44.2462
-59.7609
-25.9402
7.78752
-26.6965
9.60403
-7.03152
-123.002
8.2791
4.65534
10.7963
5.05864
-8.42293
8.03527
6.19159
-19.9337
8.63589
93.2433
-4.55599
9.21046
-46.6454
-39.5956
-3.50556
7.81711
2.70244
106.462
3.52288
-5.6791
-21.3921
4.05755
21.195
46.7326
5.9885
26.1626
-16.4158
7.73643
-9.27042
-0.832717
54.4729
0.367647
116.05
-10.0538
-0.730369
9.3217
71.2089
126.903
-52.9723
94.9992
3.76964
45.9827
1.30508
-394.7
-7.77573
-6.17804
-6.57042
-2.1318
2.83079
2.75418
12.992
6.77949
-15.0017
7.45638
-2.68869
-0.750777
3.09328
-7.32397
7.20014
-16.0628
-2.48557
62.4428
3.48294
37.4751
83.0475
26.8524
0.444132
6.70238
-14.3005
2.02111
34.3815
6.38293
-4.94816
-2.72383
6.58039
-28.711
40.4555
10.2207
8.69271
-121.985
-2.00976
7.14553
-1.00605
5.49198
-0.991106
-38.4627
3.36554
56.0157
22.7586
-6.85172
26.2524
-196.355
-6.59181
0.329719
-6.37488
-2.08664
-1.43387
0.748005
-37.6015
-4.20898
-47.0469
-43.2611
4.72757
16.1447
-14.0391
59.3541
-3.31506
-3.42204
-248.584
42.9883
12.0806
179.798
28.446
15.1455
-8.94722
-6.57049
-731.154
43.0252
-13.8654
9.32576
-10.8592
42.9856
222.558
-2.67941
-0.488693
-6.35428
19.1656
5.51367
10.3025
5.73248
7.54784
-6.79373
59.361
17.8215
11.4399
-50.8086
-11.3355
14.6901
-0.130805
3.41889
9.97217
-28.4727
3.56455
15.4224
54.1057
-2.7279
29.3063
-1.38597
0.580497
6.36948
6.12874
-1.13435
5.73042
-31.5565
-7.03008
299.13
57.2947
44.617
-39.275
-16.614
20.4449
18.5901
4.21005
7.57403
9.97551
24.233
-4.44066
1.4806
0.481367
-9.1234
2.18917
15.5126
-17.0596
-2.43893
-16.5105
11.4152
-2.52165
-1.91393
-1.50355
-0.00583356
11.2593
69.561
-10.1145
17.74
12.0776
-6.37114
30.567
2.82043
4.52839
-6.81448
6.43548
-131.233
-83.2451
-55.5139
21.9113
-3.59336
-66.2905
20.7228
6.15771
6.89918
10.1336
7.90455
-3.68367
-9.21935
2.28201
-20.3155
3.11174
7.27156
-2.58873
128.998
26.4063
7.29451
0.373189
-8.50199
-22.9501
-5.14483
7.92106
0.600096
10.3769
40.729
2.14039
-145.89
-5.92861
12.0272
82.2146
-39.9969
4.43188
8.65105
3.41008
-65.4488
-9.54032
13.653
-31.2134
-27.883
-96.9796
-29.483
3.43397
0.310583
565.71
20.9728
-11.0151
31.4696
1.88387
1.96477
68.4755
-51.089
-4.34053
122.47
46.8059
16.9112
-9.33293
53.1032
-3.85738
315.49
8.21439
-1.38645
35.802
-15.183
23.884
1279.16
-6.92468
9.44238
15.3522
2.33358
-51.2484
-15.4099
-20.9219
-10.1828
-34.0231
-6.79765
20.9189
-8.1872
15.958
-6.89665
54.906
-4.46709
16.3063
786.452
0.784216
-3.03538
-7.21408
-20.3488
-11.0915
3.56675
6.47853
-18.046
-4.82528
74.4019
-0.201335
-4.15872
-3.64662
17.2673
-21.369
-45.1859
-6.1156
-5.41861
6.5016
-34.1361
-65.6234
3.92759
-21.7907
0.492049
-5.72607
-9.06226
13.0031
-3.74805
-1.67097
14.7663
1.54403
46.1813
5.36681
-6.40766
8.49695
3.43472
2.64327
-5.27854
6.942
113.015
9.10401
49.0965
1.01653
61.0056
-10.9305
-92.6445
-2.98866
5.45892
22.5096
-22.8436
-77.8622
-6.64657
17.1557
-5.29717
-20.5994
-0.784075
-52.306
-11.0718
15.7217
11.5813
-4.83229
24.3598
48.7338
-1.93328
40.1434
-37.334
186.892
-9.64743
1.0949
-30.4625
-22.1937
12.9789
3.23764
-10.8607
86.9639
-0.329434
-21.3948
-127.57
19.7963
7.42637
0.463359
25.6495
4.52669
3.8428
23.5793
74.3659
-1.13869
-27.468
-5.62873
-1.16032
11.8683
-2.19615
6.87406
6.23109
5.98029
39.1881
13.6395
363.885
6.52529
22.962
11.2352
9.54067
12.1648
3.23938
-1.97884
21.1739
-6.38256
7.48637
-1.95723
-40.5046
5.18305
12.0153
-0.43674
94.4338
-149.546
61.4176
0.180232
8.88783
2.4748
-4.26766
0.330258
1.66502
0.170234
3.97999
10.4996
-18.832
70.5052
-75.8118
0.404722
-2.37041
10.0554
-0.598244
13.9317
-1.00795
12.7983
-3.12823
6.54841
-12.5709
12.8743
6.04571
-21.6719
21.4627
-197.433
-11.692
2.20316
-5.34353
-39.961
7.08903
38.7807
7.31567
-2.37431
1.52551
-63.143
4.30925
-11.4154
2.15449
-1.57976
-6.81322
-1.94369
7.9276
8.11678
9.75969
5.23958
1.1677
-5.26671
21.2275
10.628
40.8888
-6.36934
-21.274
5.72418
-1.80737
47.871
-32.2651
1.37837
-3.25369
-3.64719
274.389
-9.61646
-1.5456
-65.2481
-87.3561
-50.094
3.34925
-0.891422
-2.43157
35.5793
-8.79814
-4.88817
66.3676
-30.1744
60.4634
-12.3659
26.2769
-3.45671
2.64378
9.00117
39.6249
24.6113
-4.77265
60.5357
-3.38158
-1.21444
-5.84838
-27.0053
8.67938
8.60039
19.6795
15.3837
-32.3326
8.04192
-13.6433
-2.47138
18.6641
-1.40819
13.8284
-2.52885
576.235
2.48381
-489.551
13.9314
25.1216
1.17706
-7.47905
-2.5944
3.21084
7.51333
-6.02184
11.8927
-0.382099
-34.5922
-3.85099
-106.5
11.0833
13.2413
-4.93076
19.2673
1276.09
3.59771
22.8369
-25.6942
-26.0252
4.70113
2.08314
-0.935262
29.3228
-0.57237
9.67044
12.4964
17.7128
-16.1377
3.52637
24.1873
-7.04843
0.460317
-13.5377
-5.79518
102.216
10.9109
-32.1868
-9.96206
6.66296
19.489
0.641206
-6.74483
-7.97099
-137.299
-0.661465
-7.03291
-11.2597
3.30321
-110.251
-176.617
-5.82467
4.21642
4.58858
10.4656
-6.9419
201.766
-11.0173
12.7614
-139.44
3.60185
-4.55403
-8.4311
4.88597
3.41118
9.88126
4.01984
29.5444
-15.7387
16.6861
-45.1572
-1.62744
-0.924261
6.06985
-24.8998
3.66146
8.26508
7.09775
-4.24634
4.35762
14.6201
3.43674
23.2172
-13.9114
0.00429369
-3.6205
-1.04492
13.6567
-18.5587
3.26338
-137.246
-15.3788
23.6356
4.33298
37.6011
5.68428
-14.4148
-0.818439
8.64949
-1.35253
0.464882
0.148371
-15.2926
-3.3885
-20.735
36.2764
-344.416
-2.91538
21.2318
-2.139
53.6552
-15.5388
-4.28463
-5.03025
-0.311553
8.77625
5.06654
19.3602
1.73223
-8.67671
15.9474
-5.44305
-11.7267
-0.0547404
-37.0914
-12.3725
14.9131
-0.127711
-3.81053
22.1236
-4.95969
-51.3424
-16.4983
-23.3484
-0.217097
9.78495
45.918
6.2636
-25.5795
-21.9539
-6.67423
-4.75577
42.49
25.1919
52.8897
6.42643
-3.32001
8.07268
0.140937
-1.6978
-1.68247
-2.70021
28.0238
-9.71934
-3.52012
14.7896
9.70886
44.0411
-0.453367
13.911
2.4936
50.4737
16.8431
-27.7801
2.56743
-5.72556
23.4233
15.8598
-30.4255
-2.80627
7.35143
8.599
21.6305
9.09973
-10.1652
3.82548
-21.2757
-14.4459
-6.39141
7.92255
-1.95042
164.113
-37.0929
-302.101
-7.02393
-3.95189
6.21619
-1.52853
-0.911455
-39.9628
8.33435
8.57355
21.5474
-5.35179
59.0385
6.26055
1.8791
-3.08029
1.14572
-1.90347
15.8748
8.7663
118.735
-7.2105
3.0936
2.21124
-154.663
-3.57162
-60.1159
-374.271
23.5568
8.23446
-6.94108
3.16169
-30.4639
49.4573
-56.882
37.5077
1.82161
8.29952
-22.0147
-6.43997
17.1083
-3.24554
-5.26462
-10.2985
-33.0261
6.88902
-20.838
-18.6145
2.71274
-3.8798
-3.46758
18.4902
-0.1288
-6.76364
10.8647
46.6708
-3.61897
-3.88021
75.8855
3.25875
-13.1925
1.26583
-5.16419
51.5483
16.2212
-3.84556
-2.53912
-4.77174
-20.5374
-11.6711
41.2301
-58.1755
-0.989155
-12.4544
9.27573
1.14497
0.788045
22.5422
21.5396
-3.89718
-33.3463
-9.31893
-2.3053
-18.4749
15.8335
5.5368
-5.83705
2.62269
-20.4398
7.76356
13.4898
-10.8356
0.568237
5.43514
18.6491
-16.3224
7.86139
2.5341
-41.361
-8.53999
-2.25455
-79.6788
3.0682
-41.9101
-8.16246
6.81076
-0.821796
-6.90735
9.02063
-6.07663
-0.412991
-8.49082
12.0767
-6.1437
2.36711
-2.23177
9.55041
24.9786
-4.81419
1.50835
1.08794
-0.678353
-46.251
-3.37852
-4.25549
9.17216
3.83981
5.82089
-5.28643
-40.8421
4.73898
-9.79669
-5.99683
-0.211686
6.74098
-26.9811
-162.558
6.11673
-3.28176
0.213447
-108.993
-2.18617
10.1401
-21.808
27.0651
18.6994
-3.24305
-22.7196
288.204
11.7021
-32.2447
-26.374
-2.80118
-8.27836
-57.0297
10.698
-6.5395
-4.14805
-20.7892
-3.96469
1.57741
-3.10119
6.64224
-0.9735
54.1056
1.66984
-10.0105
-27.4933
11.4954
-2.65969
-24.6919
-1204.53
-2.09389
-73.3184
-13.2765
-6.23792
4.57206
-21.9779
-8.59517
-7.13766
-1.94391
3.10192
8.62688
-2.62955
-3.32265
2.11414
-32.9415
-5.52397
13.3896
-5.80191
5.19483
-279.166
-15.3441
-38.2354
18.2348
7.38391
-14.0281
-6.61961
7.96105
15.1187
740.337
27.1794
-7.8486
20.5306
-8.72704
-0.936353
10.7126
-8.83444
334.231
12.0477
-2.66841
-0.504729
15.1177
-22.055
-16.9118
3.26413
-0.465374
0.689239
-8.70262
-4.62125
-9.58291
5.15494
-228.677
-114.279
-10.5319
-23.2167
1.42283
3.54389
-4.6364
-76.9481
5.25575
-4.53471
-17.6076
21.4953
-375.651
-16.679
-1.10313
-4.5215
11.6342
11.793
6.22485
-254.207
-106.068
14.2957
-11.416
16.5614
50.5462
-79.5881
-153.711
4.86153
117.639
2.59403
-41.4876
-13.9949
-16.1131
-2.69102
-3.87987
1.14368
-23.003
0.74685
-8.18439
-53.7694
49.8543
-8.64085
-5.27
23.6042
28.5252
-4.57159
6.58489
0.781182
-28.7198
6.04206
13.7427
-24.8441
34.4146
-25.0576
22.2319
-3.34864
-71.931
-0.0576151
0.869244
9.55258
-4.41286
8.21216
100.468
-7.48144
25.9992
2.29887
8.25831
-10.3123
-117.717
-2.08824
3.56778
-12.1763
9.081
120.554
-3.60837
9.12392
-7.53954
-5.2213
-35.326
-3.18523
6.15768
25.2401
0.636594
-5.42953
-117.836
0.495235
-7.16396
120.528
-21.3783
23.1129
-29.8258
-22.183
4.4364
1.32909
24.1044
-0.292227
29.8966
16.6673
-4.42538
45.6545
-10.1282
60.4704
0.137931
-1.88118
75.4741
-9.55332
-0.460581
-30.042
3.57883
16.8096
-19.531
2.00497
95.0868
-1.11116
-1.10985
278.873
-11.2249
15.9819
-5.21303
-0.932462
-1.44771
-2.1311
-91.2076
-13.777
-32.7565
-17.8277
37.2361
-26.4822
-1.51723
12.51
9.74552
-7.79579
-17.3835
2.50659
-0.929131
8.2902
10.0911
4.88355
4.34073
46.7822
-24.1412
26.1013
2.30583
-20.9986
4.67846
5.51187
-23.0479
293.742
-102.563
-7.71831
4.19643
34.8717
-53.2659
-1.66662
17.1497
209.52
11.8732
0.580274
-2.02136
57383.6
83.4178
0.792006
-1.55747
8.50315
5.1137
61.541
-2.25831
45.2758
-2.0005
39.7658
21.2465
1.51636
-27.1448
1.97719
2.70903
32.5979
-9.27018
2.57856
-0.620929
13.249
42.6045
11.1525
47.3668
-39.4175
5.11598
6.95577
13.3766
-37.6783
25.4995
-6.13045
0.430956
-28.1506
-177.752
-6.13591
4.10325
-7.64852
0.228181
10.7652
13.7908
16.5839
1.10019
7.3733
49.5751
-18.4821
10.2734
-9.72002
-5.51053
24.9849
8.03368
-177.408
172.936
-8.96301
103.277
-5.8692
0.761641
-5.6394
29.3251
1.86046
-1.06431
-5.7144
-1.5239
0.682332
-130.151
-15.6684
117.418
-18.4646
-7.71686
-0.453303
0.593269
2.89536
20.0469
-112.93
4.1363
-38.3815
3.31371
8.92455
-8.75924
3.34604
-124.674
18.626
6.11871
2.37216
-0.580512
60.0469
4.41184
4.42574
-13.9266
-6.59663
-4.89122
-10.6051
-0.12369
25.1604
2.2891
-34.8436
1.3714
39.4413
-11.9272
-5.82686
7.86092
5.22355
1.54956
1.04756
-1.16379
-29.5985
10.6107
3.41417
-65.019
-10.5511
-94.2747
-50.6168
-313.974
-77.8787
65.08
-9.13717
10.455
-98.8242
-2.90005
41.8536
-5.21999
4.36795
19.954
19.9071
-8.04998
-3.07051
13.3171
17.4583
-9.09287
-22.7744
-34.7663
28.5241
5.41882
-7.0024
-3.45222
-156.391
35.353
5.5183
1.10058
-2.96007
91.677
-7.56213
273.639
-11.1725
2.07392
14.6956
-16.4667
214.399
221.357
11.3482
56.6865
-16.477
-8.44099
7.21913
7.23675
4.2079
-21.1046
-10.8115
-17.9909
-9.85197
17.1149
-2.74356
18.4982
-4.83633
1.00778
-155.376
-10.2565
11.6651
-6.46832
-6.01509
14.0243
6.50957
1.75224
-71.4754
14.1992
-62.25
8.0035
-4.06527
-4.18816
-5.27422
13.0799
9.9783
6.5122
-1.97067
-2.62333
-2.77372
-29.8988
-13.7208
8.63012
2.33432
-45.8846
6.52106
-9.13799
-25.1653
-2.96051
-1.27498
4.61464
-42.002
-0.287665
-10.0307
0.929035
0.711356
-0.587474
4.40936
-10.9463
-67.6946
-3.86437
-60.2557
-8.76378
6.75619
18.006
19.4411
-0.527612
-3.89653
10.4661
3.22829
-8.301
-10.0324
-2.09786
-4.48534
-11.3486
3.90051
19.3806
6.81488
9.82876
-1.20574
4.40636
5.77719
8.62259
-50.7612
10.1924
17.3021
-0.031273
3.76541
15.2368
6.85888
38.5448
-63.5359
22.8255
-4.79761
-15.0991
-1.32986
-3.52558
-43.1024
-22.9114
35.4468
10.4479
35.3651
38.811
1.28022
-20.9521
-1.67504
105.689
22.3736
11.6232
-15.5439
-4.96885
1.91561
70.661
-5.68823
-2.29003
-4.42533
-26.6019
-189.872
-13.3917
-1.53607
1.15278
12.4365
-94.7514
-9.37095
7.35333
-167.475
66.4636
5.23323
-5.4716
14.0464
-27.8001
-42.9792
6.96184
-10.7271
-27.0594
-2.10087
-1.45537
34.7814
-4.56316
-1.12964
2.03907
0.847068
-9.71342
3.00796
-23.9054
18.2362
2.36156
-1.7282
-7.27782
-3.02542
-0.965574
