103.389
101.731
111.1
111.235
93.5106
91.2299
92.5958
92.3164
92.5538
99.4304
102.092
87.1408
88.5284
88.9435
106.665
104.251
105.884
92.0497
93.843
85.9489
122.598
89.7957
93.8564
96.6053
111.407
108.621
86.0956
93.7711
105.425
99.0933
89.128
98.0628
86.666
95.9236
94.1081
116.939
97.1385
99.3854
90.1094
107.129
96.9973
92.3846
104.912
107.464
113.479
110.923
78.7523
104.968
80.6628
87.5106
96.0698
114.789
95.6542
96.2817
72.4167
82.6483
90.8746
86.7587
105.077
96.8573
82.2516
91.4505
96.8558
110.303
95.0391
109.715
124.541
90.6248
82.3631
95.2878
119.972
108.748
94.3142
100.026
96.4161
99.449
100.346
87.8748
100.225
92.9281
112.412
133.276
109.607
112.311
97.9997
101.95
96.9086
100.183
81.887
91.7929
96.9591
86.096
94.2271
86.0881
87.4053
99.1386
99.8385
99.9535
96.6795
84.7644
101.461
82.5979
101.092
104.976
121.672
91.334
117.28
110.296
114.723
100.985
91.9802
104.605
94.451
98.7058
93.6412
93.8964
109.185
116.332
114.696
99.764
102.867
98.4992
116.543
93.152
115.176
94.2105
91.8967
102.689
88.4339
102.579
76.2808
112.126
113.238
101.766
114.925
104.799
102.094
118.433
100.962
106.016
98.0133
101.46
103.757
90.7592
109.135
98.1243
106.067
116.531
116.255
94.1908
88.2071
104.105
101.812
111.632
97.6152
102.948
109.674
107.121
99.8362
108.735
115.986
88.6924
107.207
100.27
88.6636
95.8937
91.2359
122.069
110.987
106.884
94.8187
98.7947
106.289
104.525
101.486
86.5093
107.897
91.0616
126.643
107.16
107.669
99.42
97.9665
95.8043
82.2287
102.292
112.349
118.155
95.0836
102.692
107.649
105.712
102.646
85.1945
90.5277
96.2706
97.1372
91.3964
107.309
87.3529
93.9786
92.2581
99.6468
83.7272
103.994
98.1351
94.2998
112.714
98.3655
100.354
112.555
99.0196
84.956
101.209
95.3237
102.199
105.721
110.519
99.7459
104.763
116.567
100.664
93.2003
86.2823
108.327
113.02
103.501
137.744
100.726
86.3677
99.364
81.639
94.014
91.8992
90.8359
105.554
99.7095
102.084
101.02
103.055
92.7329
103.504
93.929
97.8477
100.382
113.8
87.4556
98.6439
111.058
104.826
105.102
103.534
108.908
112.441
92.7434
90.3243
107.258
93.9519
108.179
115.174
99.8358
89.1165
111.846
89.8661
105.515
93.7216
105.517
95.4717
105.902
101.24
107.798
104.248
116.133
95.6875
83.3099
115.467
92.3939
103.599
126.488
82.9268
99.6
98.3484
103.048
106.737
92.5834
108.857
105.069
91.7422
91.7474
103.11
113.07
101.377
98.593
96.5441
105.186
108.585
91.3522
99.3533
88.7574
98.8806
105.466
107.503
102.252
106.669
106.596
96.0162
103.923
93.8065
103.157
102.928
74.5187
106.131
115.814
89.9217
118.989
109.445
109.868
104.304
103.003
93.1017
105.923
104.451
92.8488
91.405
115.285
104.677
96.598
102.068
102.915
87.833
107.532
102.325
99.4746
105.809
105.431
96.8261
113.475
97.0125
98.0621
90.9249
100.719
97.8914
105.34
105.225
116.955
94.0888
96.6828
105.816
103.184
115.658
113.46
116.382
95.7748
103.66
101.202
118.185
102.462
103.965
92.2022
109.946
104.297
92.4086
99.0273
94.7646
94.0018
104.731
96.7251
99.5174
78.0895
101.098
94.4882
101.158
107.71
87.8126
102.896
96.2714
121.379
114.203
112.25
118.439
110.947
108.67
102.648
95.2473
93.8754
94.4474
94.1966
95.3074
111.833
97.4141
109.929
100.075
96.6825
100.541
76.288
100.017
102.586
81.4529
103.357
86.3734
92.1179
104.202
113.902
87.442
98.7948
97.257
83.8987
92.2772
94.5284
87.2598
76.48
107.675
106.984
93.0228
104.003
117.323
96.0701
115.716
102.076
98.3767
91.8771
110.049
95.1154
101.02
105.896
109.214
115.735
103.417
115.397
101.937
100.61
122.919
93.1437
111.758
98.4141
92.8472
114.563
105.664
100.735
82.4196
112.929
91.4785
92.352
91.6021
97.2739
99.454
79.5517
109.499
77.7703
87.5341
91.2856
98.9303
97.1372
102.386
95.1504
97.9992
92.1486
106.402
124.428
103.442
105.549
97.2436
92.522
89.9173
103.214
100.749
108.158
90.2092
104.227
91.0397
103.98
93.8359
127.768
98.7575
108.318
97.5076
96.9227
92.4568
78.8841
100.099
98.8954
105.364
79.3795
95.9485
85.5841
122.298
97.2297
99.3078
86.8458
101.674
82.9752
89.6466
83.5967
123.461
105.358
107.119
99.8779
124.064
107.851
89.5899
94.1199
96.8777
96.5705
96.6835
82.1574
85.2817
107.793
119.073
88.1262
111.803
97.9677
111.815
98.1637
94.175
91.6762
115.685
94.6286
99.1462
102.031
81.9989
121.183
113.956
104.046
99.4132
90.4198
81.9821
91.4587
87.4432
99.3904
106.591
92.601
92.9434
100.958
95.5427
104.508
93.3956
113.04
105.014
109.517
116.309
103.13
85.062
98.9246
104.679
100.182
82.2758
102.288
96.0642
105.418
111.279
89.896
92.1215
88.6856
89.0718
86.2743
121.486
104.156
111.73
105.03
84.0458
88.7971
92.7778
97.8372
76.2781
100.79
108.663
99.9437
103.417
94.9591
106.244
88.3167
102.015
94.7453
110.149
85.9123
107.156
104.357
95.163
101.852
111.454
112.08
79.9869
90.6993
92.5106
106.905
94.981
91.3759
73.4373
100.295
87.3794
114.442
98.554
98.6232
77.3024
84.9767
106.169
84.7775
94.2433
77.8841
91.0135
97.5246
100.066
93.8485
89.7358
98.4036
76.5308
92.2441
93.8647
112.468
100.666
90.1106
114.81
96.4329
81.4859
116.659
95.6064
93.8442
95.7629
125.828
88.678
106.781
109.763
85.6524
104.582
107.028
102.065
108.547
96.3937
97.1413
98.6386
126.107
95.8387
94.6227
104.208
103.688
96.8349
97.1706
102.691
95.0296
93.4481
113.174
101.913
82.974
110.998
102.09
96.2166
110.282
100.541
92.5463
84.4599
88.8963
121.059
106.29
104.331
93.1477
105.164
99.664
85.8494
97.3911
94.4275
98.5459
103.42
114.261
103.594
101.43
91.1619
100.064
99.8342
87.1537
105.484
86.4255
103.583
104.967
98.0484
102.124
123.027
98.9029
104.45
114.042
100.657
107.75
107.542
100.615
106.721
87.6812
99.1514
97.9903
104.44
74.7404
96.634
109.758
105.845
91.3351
101.092
99.4118
110.64
100.743
102.805
107.605
95.4943
96.5293
110.401
81.1396
109.008
93.8751
103.632
94.0521
80.8647
100.601
90.4492
103.495
90.5115
109.767
101.213
108.854
107.935
117.747
111.927
96.8744
76.6666
108.952
105.663
103.653
98.8619
101.636
94.4797
104.03
108.443
99.524
85.8875
100.289
100.38
108.04
94.7006
118.451
89.0521
92.0498
90.59
94.6933
93.2651
105.378
102.906
119.423
117.969
87.3083
95.4262
113.732
87.1473
93.2611
108.705
106.056
85.6511
106.996
87.2185
109.164
109.146
106.181
93.5875
97.6616
104.531
89.9241
101.06
100.768
94.3345
97.4459
107.59
109.758
91.2457
92.0667
102.19
84.1105
95.9049
95.9256
95.6438
99.9809
103.353
74.4056
122.085
113.024
101.216
109.926
108.944
98.249
100.986
92.1915
110.09
93.4887
80.4195
95.0513
106.04
88.6801
108.258
96.4991
91.0759
103.078
94.9821
104.36
99.7941
99.5864
105.597
94.8885
106.104
100.71
110.255
115.482
97.96
94.3798
99.8905
82.3155
133.64
101.402
105.484
91.1345
80.9903
108.108
102.9
114.297
110.696
115.224
105.943
94.4335
93.6374
100.547
100.532
104.053
94.9473
71.0859
106.122
114.254
96.3956
84.307
99.5724
104.716
95.3009
112.563
106.787
105.796
99.4933
86.2074
102.908
113.371
74.4494
96.3298
95.9408
103.899
88.8378
102.116
109.021
87.0804
89.8586
100.571
118.031
106.048
99.5736
118.204
96.4291
104.874
100.517
109.255
98.4795
91.781
118.704
93.2409
98.5797
93.2306
101.522
105.588
100.267
105.186
85.8009
88.157
82.8499
91.9285
110.342
111.283
97.7535
101.809
87.7229
77.6988
97.0883
95.8146
91.7506
96.5881
98.8876
106.006
124.28
92.2737
112.819
100.502
103.658
103.508
111.559
111.925
103.377
90.9138
99.2858
99.3437
113.997
105.037
97.8819
85.9128
95.2623
92.2011
104.93
104.239
84.5654
101.52
86.1963
111.512
95.6
80.8
107.108
108.236
80.4972
90.828
92.8788
93.7508
104.662
86.7018
130.384
97.2427
108.351
86.6061
98.2364
107.744
108.768
65.8445
113.983
115.195
88.8672
97.3182
98.9482
88.6346
113.619
102.037
97.9476
90.3509
97.6924
82.3289
106.983
94.3679
108.152
95.029
98.9872
88.1702
96.4162
94.9293
111.899
115.671
98.2443
101.108
109.148
89.6072
124.414
108.141
82.4367
94.1518
112.623
112.855
86.0917
107.226
107.612
101.842
85.4582
108.329
97.6435
111.229
102.159
77.3507
119.117
92.4834
96.3712
102.046
89.575
105.164
94.0152
97.1935
79.4872
108.394
98.1458
98.8254
102.845
102.351
96.2825
106.812
105.773
90.1708
81.963
114.305
122.804
86.4994
101.038
92.6672
99.7415
109.864
106.394
94.3668
109.47
97.0061
108.968
112.198
81.8207
99.3156
112.747
93.1322
103.516
125.797
102.213
98.4516
104.311
94.3551
107.473
87.0809
99.4385
101.638
84.1044
90.3396
105.373
100.674
81.5944
89.4409
95.3887
89.6674
88.1014
115.942
113.968
94.6745
103.974
94.1459
95.3382
108.712
98.8377
103.546
99.7693
100.314
98.8686
102.912
93.246
103.898
97.1812
126.77
86.3504
94.215
84.4046
94.8834
93.0327
99.6039
96.9019
131.842
74.8557
103.721
87.2362
96.1985
102.875
80.9829
87.2558
104.414
115.757
90.0618
94.3079
87.883
93.5122
94.3416
104.265
113.829
82.7791
82.0834
112.644
102.029
86.7912
95.0101
96.7096
89.5177
99.2094
116.859
99.1257
100.484
101.137
93.3087
87.0757
103.896
87.7879
92.1505
98.0104
98.7221
98.6362
99.5177
105.734
89.0177
113.403
116.325
92.7097
105.62
96.2343
113.962
100.666
120.661
105.038
92.8663
115.649
95.5913
110.152
87.4849
96.4175
87.6977
103.149
79.087
115.089
99.1864
98.0687
90.9938
104.799
98.4751
92.7113
95.1272
108.363
105.749
93.0534
93.5618
91.8453
107.638
100.247
91.6971
75.6769
104.345
88.6687
104.258
93.5465
96.0023
76.604
85.1328
88.8145
99.7855
98.3944
109.967
99.8182
76.7931
103.983
108.394
93.8169
98.4154
100.228
89.1352
103.035
103.142
95.652
112.164
99.2688
113.76
99.2323
104.632
100.329
98.1766
92.4944
114.027
101.247
88.8826
107.559
109.094
115.464
96.2194
90.9841
108.347
98.905
113.382
82.4313
92.0186
88.7841
113.29
102.442
105.192
91.6849
92.5648
114.42
102.301
116.875
99.7096
92.3034
112.031
96.1042
86.7834
115.322
89.3353
100.312
98.1616
108.431
111.947
95.2022
111.448
104.136
80.7458
103.392
118.874
104.128
103.616
103.462
108.446
121.04
100.771
99.3967
114.406
103.331
91.1997
98.4584
113.234
102.03
108.866
91.6799
107.57
94.4844
103.352
113.629
88.3819
95.2964
109.414
105.919
100.217
98.044
102.789
112.94
103.869
95.8896
100.074
104.682
96.8708
99.5903
101.161
83.7526
103.736
95.2075
92.868
91.6571
115.356
102.685
112.458
104.742
96.8534
102.766
94.45
98.2206
99.2862
83.1814
90.6338
95.7362
114.029
108.75
108.117
103.641
94.609
95.7778
90.9227
98.21
112.399
77.4345
92.7601
96.727
125.667
97.477
97.8902
109.919
115.59
101.369
87.1161
103.424
101.413
93.8805
99.0975
99.0046
88.4206
93.0786
101.582
95.7095
89.1117
89.4979
103.094
97.9527
88.53
103.97
91.0862
100.566
113.388
88.3598
86.3505
103.994
82.4362
114.091
112.092
111.654
81.2041
113.273
97.3627
96.5842
93.7782
88.5171
101.128
80.199
108.63
115.824
97.6743
94.709
90.8023
104.702
97.4256
107.003
100.746
102.23
88.0262
101.004
96.8678
99.1323
86.8806
105.709
98.7901
105.075
100.923
94.0975
107.342
101.077
114.064
80.2204
100.457
110.253
89.1747
90.2406
90.773
101.338
103.293
110.53
91.6001
84.2994
97.3595
103.543
102.389
99.3033
105.462
117.084
83.696
108.81
103.448
90.0078
93.937
90.2016
115.132
119.126
96.6648
105.295
102.773
90.236
99.6828
107.146
88.4268
93.8165
78.2985
114.645
89.9607
114.165
126.795
103.926
85.918
90.7467
106.952
97.375
94.6682
123.061
107.246
96.9861
100.002
104.626
107.98
95.3898
98.6789
114.996
91.6348
100.468
91.2551
93.6514
94.6038
106.632
91.0726
106.553
96.3508
97.1895
91.6404
104.458
93.998
99.4775
119.572
95.0581
96.4063
100.244
94.7272
94.6248
95.1029
95.7989
106.795
93.9996
118.827
99.361
90.5005
82.4741
109.002
105.621
108.882
101.623
99.6246
97.3174
98.9984
92.6216
92.2197
98.4658
100.539
95.2402
112.383
90.8944
135.129
112.74
105.435
110.386
103.995
84.4168
105.971
94.042
89.7282
99.5951
104.569
95.3412
91.329
85.9754
94.2811
105.61
95.6168
87.3401
94.3628
91.37
111.655
82.2645
104.859
109.897
104.684
97.5094
95.3746
113.72
100.893
94.4179
111.357
105.478
98.1106
114.213
117.576
91.1183
96.784
97.5213
93.9675
101.11
91.9979
80.5738
98.0144
93.4678
100.814
93.7112
91.2125
111.498
111.522
103.407
112.791
103.596
83.0676
102.158
104.161
104.632
84.5947
103.676
102.298
121.028
89.5392
93.5324
105.699
111.524
67.935
115.748
96.4905
101.446
97.1851
113.052
94.4659
113.936
95.3143
88.5787
107.885
104.333
85.1985
110.553
93.8673
80.186
106.721
103.142
92.7526
86.4632
100.534
108.328
86.8879
109.128
99.3217
104.8
130.427
94.0557
97.3904
84.8776
105.209
118.61
97.8603
103.356
112.727
103.453
99.714
75.6243
96.8388
103.457
102.82
101.114
105.754
103.74
85.5375
102.609
104.837
96.9755
118.115
101.783
114.243
91.9362
89.5122
88.8035
103.796
98.401
95.5487
101.548
97.5408
86.0897
101.039
104.945
108.95
86.1051
82.8601
117.749
96.1438
116.105
105.76
100.877
106.995
95.491
97.4048
91.7706
95.201
84.6325
103.641
97.6901
90.8529
108.363
116.045
95.8532
93.8253
104.5
79.5839
113.108
79.4868
94.2655
95.0776
99.5221
105.892
105.593
94.8998
94.4103
107.298
101.321
97.2284
84.3269
95.644
106.558
79.1148
94.6895
94.5822
110.702
114.085
100.711
88.3071
107.538
98.612
89.7267
111.848
104.327
97.6381
88.2767
99.8741
98.7081
111.074
100.053
81.5871
100.031
93.7275
88.2569
88.2902
85.4826
97.845
97.9561
105.794
86.9833
100.746
111.865
111.452
103.851
105.193
89.5852
103.422
111.189
114.333
108.435
121.114
88.4404
101.551
115.736
97.7204
114.857
85.9985
109.818
113.529
95.288
96.7698
102.809
87.882
107.179
114.176
102.733
82.6539
103.574
77.6923
112.83
97.3916
89.7372
84.3894
109.185
115.057
111.093
92.4297
100.375
112.563
113.348
98.3353
84.2194
94.1924
88.4597
101.729
106.636
90.4691
89.9871
106.313
104.172
109.12
85.5358
90.5354
115.084
94.4329
100.841
105.826
105.765
104.214
97.8315
89.6321
93.1387
87.9097
96.8512
106.784
102.142
101.877
108.421
115.678
115.604
90.5861
94.7332
91.8302
115.33
114.255
105.264
108.794
102.063
96.3447
101.459
102.346
102.406
88.2599
94.8931
80.399
107.977
111.103
109.583
94.7626
101.966
91.0775
86.3947
97.5155
108.578
91.5467
89.9565
100.277
98.7613
109.714
92.8512
103.922
87.1694
103.65
116.534
97.0565
117.654
91.184
94.0728
91.9074
112.358
98.1434
89.579
92.1029
94.2835
93.2077
107.205
96.4329
98.6182
103.447
98.9386
70.9055
91.5818
120.947
103.537
93.9873
112.21
84.0392
100.712
90.3493
106.179
95.2712
91.4118
95.2299
83.3875
99.5771
109.528
103.544
98.9434
94.8257
110.644
93.1914
95.275
111.211
106.742
105.093
101.619
102.374
103.694
101.589
109.977
83.2981
95.528
94.9276
112.144
110.853
87.1304
92.5197
113.592
87.4407
110.759
92.6443
82.0887
113.316
106.389
89.6902
112.515
107.797
103.592
107.993
102.581
84.2411
104.9
117.116
96.3072
121.424
95.7947
82.2839
105.233
93.447
106.616
106.802
94.8113
112.216
107.353
101.006
114.551
104.889
89.6412
101.823
105.347
102.345
86.0902
101.58
103.569
91.4994
110.933
87.3644
89.4909
107.937
97.9373
100.883
92.6502
97.9367
106.719
125.539
89.545
99.3581
118.374
94.4594
99.887
87.241
106.298
88.9731
86.0297
88.7916
115.051
71.0361
105.204
92.156
98.2564
110.364
115.135
99.6531
118.006
91.1676
105.703
100.219
115.851
93.1247
103.85
95.158
103.615
94.9735
85.1638
100.402
98.7013
109.1
99.2242
105.323
104.649
95.6393
93.2172
107.37
115.839
100.299
81.2811
99.6044
84.3943
99.0378
99.8541
104.588
119.511
98.0044
109.447
94.1773
104.723
73.5093
92.8652
84.6886
98.4737
97.1505
90.4312
108.899
100.374
123.317
94.4914
99.9817
91.5833
101.487
107.521
89.0638
93.8063
93.0585
100.455
102.165
87.347
81.7315
107.437
94.9417
112.624
97.5072
102.066
97.9043
96.8124
109.395
110.496
116.412
88.77
94.8649
89.208
84.1911
96.6268
107.059
122.758
103.681
103.472
134.966
108.06
114.083
95.8642
93.25
85.8105
107.147
100.948
103.267
84.225
86.3675
118.674
104.04
91.4334
94.056
106.197
115.565
108.339
84.3282
106.991
104.538
87.2424
89.1689
104.735
88.1335
129.36
104.048
98.7006
107.402
95.5623
97.8327
79.8124
116.388
128.966
89.5256
92.83
109.91
85.3745
108.158
111.352
96.9194
107.73
113.395
105.699
115.013
83.8492
94.0818
91.8546
91.7143
111.542
101.999
105.116
117.157
97.6031
106.445
110.86
114.05
113.66
92.2678
106.558
103.3
82.4862
109.828
89.4374
96.9893
94.8103
91.0331
88.6672
96.9373
106.653
102.764
107.985
99.6967
105.268
105.145
94.2771
115.145
106.817
112.155
94.4704
108.064
88.0856
83.6877
116.906
100.731
110.559
89.5996
93.3067
122.414
89.5139
111.865
102.363
93.4481
97.8194
89.0507
94.9072
73.2539
100.787
93.2617
106.996
108.788
89.2858
107.338
76.7451
94.7773
115.662
92.046
89.9159
89.4019
110.042
92.3168
102.297
112.167
98.7895
101.957
93.9466
107.532
100.585
81.0873
90.1065
105.871
96.2416
91.5998
83.5091
103.9
108.49
102.575
104.474
89.0665
98.1277
82.3357
92.7649
102.024
105.066
93.8278
118.521
101.974
94.8144
121.668
105.07
119.018
107.179
84.9334
106.861
110.854
112.863
117.9
82.6808
85.9765
96.3167
86.7905
80.4947
91.2632
100.079
98.3162
115.308
93.3102
87.2997
105.15
107.12
105.404
114.441
114.735
91.2476
106.237
100.554
103.034
91.4382
82.7277
105.159
105.133
109.548
110.952
100.49
101.728
96.384
98.1422
89.7696
93.2638
88.5231
107.697
99.7828
94.4703
102.044
101.059
98.3224
108.171
111.265
104.337
95.2759
113.159
99.0312
97.5441
102.236
111.672
96.184
73.9904
87.7627
86.2287
113.481
104.809
97.9999
95.5358
104.399
101.531
106.053
101.676
106.9
106.696
88.3284
80.0959
99.1916
114.511
87.4192
96.4939
98.4607
98.5107
98.4163
108.935
88.1316
101.616
113.521
89.4265
117.176
118.339
102.75
82.6795
96.9302
102.978
106.69
94.3623
111.302
88.6476
98.8425
96.0396
103.75
87.3396
93.074
94.1888
97.4276
89.1456
87.3249
113.512
98.2888
139.216
115.792
100.702
103.544
92.8992
97.2243
101.122
107.643
118.322
91.3439
92.5162
93.1881
103.831
91.9109
93.3981
106.663
105.081
102.079
93.1886
94.2871
89.143
96.5455
105.271
115.124
102.704
97.0882
97.2065
105.806
91.4847
93.0881
122.642
93.5375
115.151
113.031
92.7432
92.363
97.6667
89.7317
100.419
104.666
100.447
105.776
113.21
98.4409
96.3988
113.466
99.7652
104.995
97.81
92.5745
108.123
105.489
113.898
94.2916
87.4997
97.4424
106.5
94.8477
105.372
96.1588
98.5373
95.1928
99.1662
115.388
97.3142
95.0253
100.559
96.4545
109.421
97.7733
98.3942
95.5819
101.027
106.413
105.895
119.928
86.2372
113.734
80.3862
94.7699
109.518
118.504
108.114
97.2124
99.1263
81.534
113.339
85.0443
95.5405
104.024
95.9626
106.669
100.628
87.0945
88.4298
110.328
90.7063
86.2779
110.283
98.8733
82.4469
106.581
95.811
107.632
111.633
95.9083
118.009
101.402
84.3508
109.402
86.9082
95.1311
84.3062
94.8565
95.7802
95.0368
109.915
106.301
87.2021
95.0722
90.4216
109.435
111.793
107.028
95.8414
103.224
94.6107
108.015
90.037
99.5166
91.3624
92.6582
111.927
100.389
102.394
105.109
106.14
110.128
98.108
75.9578
103.412
100.456
94.6808
94.6567
99.1105
78.4863
96.2941
98.269
88.1549
110.087
99.9791
114.079
106.351
102.971
101.502
89.7435
104.384
93.6398
115.926
119.896
94.0372
95.7289
110.483
93.1597
92.0999
88.3694
109.971
93.6312
119.086
79.2879
95.5353
115.191
86.9633
101.254
101.189
112.967
98.7782
106.107
91.2069
119.49
97.1177
109.865
107.128
106.493
105.738
107.877
114.637
110.747
93.5936
92.4358
82.9381
87.0932
79.531
104.684
101.519
109.275
90.0531
91.7246
97.9098
94.3355
84.3896
93.3472
95.8704
95.3659
96.5738
110.036
100.968
96.8047
111.006
88.1683
92.9921
119.993
87.6899
90.1743
92.5624
104.4
90.9773
97.2172
87.9457
88.8259
97.3862
94.8343
118.985
75.356
87.7483
89.1676
98.6467
109.505
97.5524
97.8286
92.029
97.9435
102.312
116.6
106.28
92.6731
95.0645
98.383
86.77
94.0761
114.69
112.921
110.019
100.585
99.6497
101.812
103.981
103.764
92.3288
86.1348
85.9
96.1448
109
84.2665
107.641
101.726
106.132
91.7589
106.247
112.881
109.257
87.4967
105.758
137.494
119.776
94.1634
117.183
95.8014
98.3762
110.661
93.0047
92.7126
93.077
105.156
95.0676
111.34
101.577
87.819
87.3668
103.865
97.6696
108.495
87.7468
89.5022
88.4596
93.9991
116.966
98.6661
106.942
93.8031
88.3806
101.841
102.246
100.137
96.628
94.9068
121.135
104.848
104.482
113.499
102.581
91.8748
100.961
80.754
106.12
93.2653
107.664
86.7857
96.3062
109.3
98.996
95.5217
89.599
95.4989
105.502
81.5241
86.5239
116.159
96.473
96.2127
93.9703
87.1088
111.731
100.254
110.853
113.25
101.524
90.6189
97.5454
89.8907
99.6062
94.073
89.152
88.7165
88.7888
100.72
90.1149
91.0326
114.246
85.9237
106.652
109.866
108.881
93.6748
109.749
96.6563
94.7816
95.9381
113.618
106.428
96.7255
88.0687
106.923
98.3505
101.619
91.9887
82.5571
91.0473
88.0824
105.204
102.273
85.3516
92.6858
85.3242
91.8202
109.554
88.6372
101.395
99.8158
93.266
93.4603
91.1566
95.4919
92.6985
104.984
92.7244
95.6064
110.498
100.768
125.258
90.592
100.927
103.162
97.8838
103.348
89.8385
89.5449
87.8835
95.0295
86.98
84.154
112.359
85.4555
100.175
105.025
88.3749
99.329
97.4041
88.8867
91.0608
88.0802
94.444
116.376
97.2356
96.9829
92.7354
108.391
117.46
99.1985
95.8729
97.9862
121.543
93.9585
90.4303
98.0371
104.833
109.454
98.0342
102.379
103.731
85.1108
90.4929
100.252
94.8951
90.1456
83.7082
94.88
93.5128
104.547
102.124
87.2339
94.5225
94.2279
99.3714
103.79
103.759
111.299
114.431
94.3117
88.2467
100.446
98.9257
92.3436
109.004
108.063
82.8951
94.9419
95.8621
104.163
94.4116
101.397
88.1103
113.321
79.7173
102.481
98.4331
87.7257
85.9143
100.839
83.6347
107.681
95.8891
92.9476
102.095
91.9004
101.075
106.45
99.3035
102.086
106.162
92.7112
85.9676
94.4162
101.941
109.704
94.0823
103.92
110.228
99.4594
105.892
89.2179
97.855
115.404
111.316
108.208
121.528
91.7772
79.2084
106.465
113.958
100.072
119.703
97.0248
120.374
107.408
106.269
98.1763
76.5964
100.916
102.74
95.6593
85.4439
109.253
87.6964
117.756
104.109
112.73
104.931
92.047
100.496
111.774
101.508
93.5567
93.3161
102.725
78.8305
112.331
105.771
92.3807
99.3328
91.1221
87.1181
86.8995
119.794
114.991
93.4197
89.9994
82.9963
92.267
94.5704
93.9039
108.895
88.7129
97.6095
98.4472
87.9287
101.794
95.3719
95.1192
89.4784
100.162
84.2692
110.738
104.951
105.54
88.9612
95.351
98.1713
100.758
130.54
102.076
92.9164
117.945
91.7642
103.011
110.508
89.831
113.824
108.888
100.972
84.1836
104.235
77.6522
117.108
102.456
98.6504
118.277
92.599
109.537
88.5594
100.105
100.271
99.5766
95.9293
108.31
92.9619
103.28
102.498
102.679
111.669
113.627
99.1707
97.489
95.698
112.95
114.493
85.9224
91.9442
95.5814
90.3781
117.945
106.928
111.375
88.4601
93.17
105.468
95.5832
110.891
101.039
98.3882
109.818
98.9344
107.483
96.1788
99.2927
95.4438
111.396
96.789
96.5268
101.232
95.7144
95.7625
100.114
96.1784
95.806
89.8505
109.04
81.4849
99.7684
116.329
104.616
89.9089
106.462
103.265
104.276
86.6187
106.87
112.118
103.834
101.891
111.302
102.113
114.591
117.965
96.3745
92.3167
92.3888
94.3287
89.9868
110.002
105.954
95.294
97.3145
84.1753
87.3745
103.269
118.623
108.497
103.283
99.1845
110.79
107.909
96.4423
107.507
92.7972
101.816
102.413
108.099
100.985
91.9631
103.264
90.9921
96.8168
100.361
88.3472
105.409
83.172
84.2006
110.693
93.5262
109.898
106.082
87.6631
89.9609
93.8314
109.313
97.5986
125.384
96.5825
107.718
103.885
96.6126
94.8532
97.2603
95.3908
107.5
119.701
101.93
97.1317
105.29
108.696
103.81
102.921
117.641
110.406
96.5703
108.844
88.6711
96.4309
104.8
112.003
82.5537
98.0812
90.2957
101.502
105.315
98.7224
83.1016
108.259
79.8665
101.124
97.1046
102.756
95.0767
93.9286
79.4929
103.99
84.6346
100.372
107.036
104.476
91.2692
112.924
111.306
105.722
105.936
106.282
97.9109
91.4687
97.9636
99.3803
82.6008
98.4055
105.865
87.398
113.618
100.582
99.7271
96.3622
93.1751
89.9219
101.31
99.2894
91.7807
89.4482
117.724
116.436
113.198
92.2947
93.7793
101.512
95.4802
95.5444
86.7768
105.37
91.4373
132.061
101.817
105.398
93.4802
88.1148
121.074
114.686
114.491
107.454
105.558
123.609
101.599
106.171
80.1234
89.1224
89.2832
86.6211
107.441
106.403
113.03
88.836
104.091
117.614
95.4494
106.819
82.78
87.8354
105.951
88.4481
100.646
107.955
103.095
91.6368
109.263
106.889
108.838
104.049
87.8346
100.256
89.7512
84.7339
118.087
93.4525
98.4197
102.697
116.839
95.0934
87.1885
113.275
101.245
92.8527
110.221
94.958
92.3123
86.7877
88.0047
104.595
110.79
99.0953
102.414
109.578
97.9883
107.92
93.6789
93.2186
112.174
101.339
110.534
101.363
102.023
116.129
89.5167
118.216
91.8191
89.0524
101.322
111.316
101.413
94.1373
104.521
87.1775
104.926
108.974
126.849
104.345
93.2819
105.902
97.285
75.6644
102.326
89.2708
96.3458
98.3367
122.571
105.95
92.2129
100.715
121.157
102.018
99.643
96.0225
118.816
97.0408
92.2348
86.9142
112.594
92.42
107.509
112.071
101.474
105.135
109.916
99.2754
107.187
98.0958
91.1162
87.5181
95.1576
94.7882
113.945
95.0329
116.918
102.681
92.9112
97.4376
96.6171
105.384
88.3424
95.2461
89.5635
89.0255
96.1287
90.265
111.315
97.0229
103.927
96.357
107.304
114.675
92.7873
88.8554
106.711
93.8751
80.8333
105.218
97.1635
94.6746
77.9892
93.2109
99.612
113.135
108.807
106.152
94.3453
93.2856
96.8242
105.351
92.7417
101.622
98.9211
93.4683
96.1719
91.7288
120.382
101.17
93.4747
97.7912
94.2477
119.076
101.341
109.279
88.33
95.4314
88.0655
98.7748
88.5072
111.308
100.162
103.148
104.193
99.5382
106.45
106.055
99.7464
101.883
114.419
100.437
95.2778
85.841
110.662
103.616
110.453
103.344
98.2342
117.277
92.4111
92.001
97.2408
95.5092
99.6593
111.292
112.432
88.868
101.492
91.7332
97.045
91.6171
90.5288
97.3585
122.084
86.4932
95.0055
89.2202
95.9288
94.8566
105.485
94.1757
98.116
116.212
97.0314
87.5444
93.428
119.375
88.8881
93.7441
118.821
103.338
123.81
114.295
76.9112
97.839
97.8117
95.7019
93.1569
119.592
101.214
116.707
97.6704
104.684
84.1765
111.273
103.119
94.5822
100.871
86.7212
103.827
99.2458
91.0437
102.087
92.9293
106.269
89.1702
124.903
112.461
100.874
75.6186
93.8198
100.808
98.0583
92.6388
87.9174
93.7611
97.2061
105.284
112.98
91.8079
92.1121
111.766
107.327
114.009
112.341
103.102
102.104
101.891
100.939
85.4357
120.048
102.274
95.157
95.7107
106.891
96.9831
96.5731
86.0989
92.3629
98.4354
113.621
92.8144
107.032
109.365
93.78
89.0134
101.01
89.0439
100.476
90.7558
99.6791
97.5768
100.282
101.939
106.633
99.2547
89.6833
94.9255
89.961
105.599
106.972
100.603
104.506
92.8969
103.931
98.734
86.3015
110.168
110.63
103.877
107.242
101.516
97.5617
94.9727
83.3269
80.6602
99.1631
89.7928
97.376
89.7751
96.6401
89.6704
97.1265
107.04
98.0325
99.8196
93.2369
102.971
103.243
91.1568
97.9266
89.0379
88.8035
80.6902
98.2699
99.333
88.3931
112.2
99.4896
105.474
110.491
96.9923
110.682
100.695
94.4802
96.0891
89.9129
93.3661
99.4838
93.3673
92.8536
90.7094
94.0851
90.2263
94.8148
112.757
109.91
89.6591
110.878
99.4634
81.5276
107.859
80.985
83.8117
97.0983
88.0303
111.047
107.944
101.131
109.754
104.138
103.163
87.8495
92.4234
91.1847
112.41
91.8422
99.2564
105.468
92.282
102.055
101.523
101.313
114.093
94.3061
102.113
117.013
93.701
118.529
86.9036
106.17
102.271
95.9091
102.566
107.145
107.586
101.494
110.334
83.211
111.525
109.692
98.6677
91.1044
101.6
120.804
114.108
111.933
90.4239
102.425
87.7445
96.5703
110.369
114.113
97.2526
88.2427
104.724
97.8942
87.2447
128.953
92.5796
102.462
88.3796
89.5071
104.673
97.7261
98.972
114.45
108.172
90.442
102.295
118.056
88.4051
75.7408
100.755
122.254
93.0912
82.0099
98.1217
103.11
95.0086
83.3215
86.8252
84.3436
107.366
86.2002
99.4418
102.807
104.905
104.388
92.1102
97.9877
98.341
112.922
96.3609
101.212
115.831
91.681
92.7689
97.7031
105.694
120.166
93.8972
107.929
80.206
89.8086
83.1809
87.1168
94.3931
88.8206
79.6137
94.5317
88.4854
106.964
107.142
105.698
89.1924
84.4236
106.244
115.92
102.032
82.9648
97.7462
87.8897
101.013
105.476
87.1123
83.4562
94.9042
104.319
88.9649
101.452
85.1227
101.188
88.1635
105.38
111.28
92.2731
105.079
96.3571
107.056
114.888
104.428
111.304
90.6199
92.5191
108.801
106.14
99.3479
101.986
105.196
101.066
88.2794
101.853
110.888
91.5199
99.569
75.3436
101.998
91.4815
99.0772
122.533
109.162
106.329
100.348
95.7165
108.725
105.143
108.735
89.4511
101.192
103.748
94.0086
111.743
113.528
103.311
100.396
111.6
94.7304
117.577
91.4739
104.984
95.6959
78.7484
91.1966
105.71
92.5881
86.0729
110.164
98.2244
100.996
110.012
114.764
87.067
92.288
96.074
107.841
100.917
99.4159
104.361
89.2802
85.7289
104.874
92.4118
103.307
98.5147
93.9897
90.2082
96.6826
85.938
97.2478
113.711
98.3302
106.946
93.8634
106.192
87.1513
97.6024
87.2983
102.941
103.133
85.1449
111.485
99.6544
105.163
88.4743
98.2848
92.4934
105.568
103.695
113.944
107.194
111.188
111.452
87.2891
99.3102
95.8414
97.0206
89.6591
99.3084
76.9497
109.509
104.391
105.103
91.4728
97.1122
99.5589
98.4391
96.0045
106.937
99.0177
101.969
93.2554
98.15
95.5338
107.286
96.0631
102.421
106.105
87.3746
95.0283
108.497
95.768
111.156
97.8425
95.7958
107.771
122.494
74.0283
82.4268
95.0651
91.8291
93.5976
101.663
112.325
91.7494
74.0375
85.0823
95.1389
96.7224
105.451
108.05
97.2884
111.11
104.156
106.449
91.3617
85.8808
103.068
108.045
105.495
102.37
97.5837
99.293
97.4217
101.278
108.18
122.435
90.8776
98.9912
83.7682
116.82
92.5851
96.5012
117.371
101.649
95.6098
121.309
89.3223
104.328
87.9679
98.5495
83.5149
95.5285
92.8486
86.1054
100.77
99.6127
101.203
89.7062
100.833
97.7235
84.7231
99.3732
87.1244
114.643
107.176
91.7826
101.515
91.9197
87.9984
99.2601
95.1666
101.373
78.6923
83.5712
108.392
98.7944
92.9716
95.2952
95.415
109.106
93.6942
111.053
105.224
98.781
100.909
94.8452
99.0836
86.2932
102.431
109.532
113.599
103.069
105.924
95.9618
95.8706
103.351
97.9861
106.85
93.2228
115.456
101.97
102.238
105.539
99.3366
111.203
85.3859
97.6682
96.0575
108.576
104.392
116.933
84.07
113.485
86.6921
97.3045
75.4972
110.393
84.3503
82.6299
93.8655
101.696
106.173
91.3043
90.0546
91.6042
113.494
91.2321
98.9406
101.442
91.6637
117.087
82.4346
113.186
104.865
104.979
99.9675
92.8982
96.4352
79.8197
102.013
88.2059
97.938
92.0011
102.127
93.7086
99.9988
98.6758
102.662
96.9314
94.8466
99.7963
106.053
87.9775
103.113
110.254
118.65
90.5999
92.8912
93.5176
113.82
86.1937
89.871
100.394
97.613
104.041
111.35
91.6002
89.3411
86.2709
110.573
92.1514
96.3227
116.698
95.4863
125.62
98.6363
97.411
89.8644
97.0185
91.4291
107.021
102.533
101.76
91.8926
92.6225
99.8424
101.592
107.051
105.169
99.3777
115.24
91.5093
109.135
91.7753
103.594
100.766
114.6
78.6853
106.124
89.1697
108.946
102.942
100.205
111.246
93.5063
94.2684
104.243
88.251
90.2723
103.906
96.3866
105.393
126.509
106.877
94.995
92.2298
109.566
106.932
95.8021
103.905
98.3208
102.609
110.816
97.8912
96.6321
94.8209
114.512
97.2059
90.4598
91.0979
103.976
104.777
104.846
98.618
105.921
107.853
106.058
114.704
100.504
90.4704
106.142
101.066
94.604
91.6153
98.2417
88.7416
95.8078
88.2137
87.2931
81.7907
102.994
110.068
101.32
109.272
104.015
110.502
100.457
84.3633
95.7807
88.983
89.9613
116.879
110.58
96.1821
94.344
109.574
105.595
111.256
91.9092
103.535
90.1081
109.862
106.77
89.7557
98.9463
107.312
105.35
97.3268
87.5315
102.761
102.931
94.4245
97.7452
98.6231
112.302
96.256
90.7882
102.747
90.2253
96.1014
86.901
104.803
89.7742
103.636
101.743
93.153
98.2023
107.161
119.409
109.733
91.1899
96.2746
103.133
89.3289
90.341
106.73
108.388
122.086
112.776
88.0476
96.8787
112.745
92.7272
97.9529
104.979
84.3237
99.0728
98.2521
78.0568
87.1389
110.669
105.071
89.7974
102.803
106.375
102.054
105.864
97.575
104.579
99.8612
93.1599
99.007
83.2613
95.5684
99.4722
116.011
104.407
88.1659
101.481
111.49
105.529
112.311
104.045
90.1857
93.1229
106.766
91.9262
102.614
110.254
112.819
102.573
89.4861
107.38
85.1326
105.91
95.4411
97.7054
108.652
91.1911
104.724
95.0981
100.716
102.549
101.921
92.3448
91.4142
104.141
107.492
73.2456
102.054
90.1952
108.761
100.502
97.7384
90.3301
87.6349
116.362
91.1251
101.318
91.2808
85.3063
105.9
108.168
100.384
106.251
102.598
112.307
91.7965
91.0713
82.5676
95.6351
100.177
118.89
98.9641
111.475
80.5025
100.657
99.7478
103.353
98.7464
120.361
102.063
87.8499
97.8083
100.523
112.513
99.9011
97.4077
101.223
104.22
86.0291
90.3006
109.512
95.7923
94.6459
101.079
88.8771
89.9795
100.195
98.0859
97.7824
105.016
106.448
87.9237
103.862
100.905
98.189
101.775
106.624
99.7427
108.084
116.426
97.795
96.1324
93.0939
91.8585
103.032
94.3009
99.4834
96.3109
87.0908
101.371
101.247
102.161
93.4996
88.1917
88.2339
91.1361
93.688
110.003
98.7871
92.994
113.234
101.274
98.7066
94.6273
102.614
98.2301
92.1014
106.099
103.197
102.607
109.236
92.0424
85.4114
95.1934
120.397
97.2549
90.0479
88.7069
100.885
93.1242
88.1894
87.824
106.79
97.1634
100.012
100.364
83.1651
102.62
112.07
87.6007
85.7174
92.837
93.9835
102.917
88.2492
106.512
110.413
96.7189
84.5942
106.739
107.12
106.371
94.0094
80.9224
102.719
105.269
85.2638
93.097
93.2216
97.6042
107.901
90.4699
108.107
85.4259
110.124
94.4243
106.387
87.7655
122.135
100.362
104.278
96.6912
79.5158
98.311
106.018
95.5058
84.6883
109.983
93.5157
113.003
106.426
99.8376
102.128
117.219
115.732
111.757
92.005
78.3757
122.558
106.353
113.173
99.7073
91.9891
91.2728
84.5103
106.322
107.308
113.057
101.242
86.6394
96.2348
99.1971
105.083
93.3265
100.964
111.363
110.094
103.171
94.7914
111.651
92.1008
100.749
83.7123
100.733
94.4466
94.004
106.763
96.6487
117.786
94.7095
91.3869
96.4165
111.758
105.064
89.8145
101.571
117.322
112.431
71.9131
106.726
93.2865
95.8462
125.129
95.985
106.629
78.4926
102.384
90.3715
92.9233
114.521
104.557
89.4613
91.3751
116.449
90.92
121.741
97.8519
101.837
104.325
80.6174
105.029
94.0026
98.2534
95.9752
98.1393
104.651
106.192
90.6632
99.3671
98.7829
115.66
108.147
104.145
120.474
97.8388
104.378
103.701
96.9011
116.261
99.6369
108.168
86.6205
102.09
89.266
99.4451
104.175
89.8266
115.661
110.869
96.1054
93.4897
97.6648
106.273
112.43
108.601
103.986
109.34
95.1925
102.424
100.97
118.542
115.625
97.0756
105.406
98.537
107.465
80.2009
110.496
120.687
88.6799
114.214
100.773
95.4564
105.516
107.095
103.6
109.102
117.146
87.4304
104.046
89.5459
111.285
107.246
117.212
115.48
104.209
116.218
81.3453
101.678
111.752
100.778
87.5013
94.7531
106.387
88.9876
100.831
119.051
104.132
105.092
91.4817
98.0551
109.588
97.541
113.294
93.6621
112.421
98.1154
76.0704
99.3167
90.254
96.3614
112.321
92.1652
119.163
94.244
97.3849
96.1413
113.906
108.076
120.763
98.9642
86.7212
86.2013
120.766
93.0913
89.158
103.387
89.9658
103.628
92.3374
115.176
91.3515
86.5805
104.963
90.9045
117.737
118.006
99.1548
94.9188
86.9757
97.3104
105.118
89.8146
86.5773
89.4941
92.7965
104.899
94.1366
109.748
84.3861
80.4345
90.8277
98.1715
126.276
83.3723
94.9724
95.6523
86.8862
95.8415
108.102
124.28
95.4668
104.237
109.03
87.256
91.1934
89.8826
101.755
118.564
108.879
111.302
97.0048
114.59
102.002
107.792
108.531
94.2117
93.0994
97.4114
90.6379
93.0011
91.0133
100.382
90.3455
100.181
94.2432
98.8963
100.019
109.193
101.371
87.0614
99.7937
103.264
102.604
80.7592
100.774
112.318
98.3444
117.353
94.8702
97.4694
104.679
80.3205
95.9043
87.0676
93.2642
118.69
101.362
93.6756
130.798
114.642
106.49
99.8306
100.161
108.111
102.242
113.887
105.51
103.951
105.412
87.9998
104.995
110.541
118.756
91.0507
103.5
84.5683
108.904
105.741
105.506
96.7736
105.412
81.3997
105.458
82.6627
137.513
88.119
84.1902
83.4023
123.558
99.0632
94.3564
110.773
104.266
95.5449
113.903
104.488
110.966
107.896
115.685
111.058
111.639
100.582
117.111
115.41
109.304
88.697
94.6307
99.9462
93.0486
92.7433
94.0236
106.607
99.653
91.1396
93.2766
98.9033
107.323
91.8195
78.8371
108.612
109.303
89.4972
105.913
108.428
89.0971
102.427
82.839
124.639
98.8788
102.408
115.163
98.1087
93.4525
85.0828
100.139
98.3249
84.5856
107.4
99.4806
104.353
98.7255
105.86
93.2628
94.7186
82.0752
115.098
114.494
98.7674
96.5548
95.4726
94.6422
92.699
107.076
118.337
110.52
86.6575
107.732
106.638
99.5051
105.242
116.414
97.0117
96.615
126.592
112.957
86.7149
98.0913
102.449
99.2165
125.483
104.251
99.6502
93.1312
104.929
94.878
87.1714
80.5241
119.402
93.9219
89.059
102.43
97.9339
104.127
114.801
97.5115
106.057
107.682
82.6605
98.144
107.185
97.744
101.535
117.513
118.491
101.872
85.6022
92.5093
110.524
111.807
84.0839
124.967
113.337
91.0121
110.586
91.8135
94.2765
92.9348
118.345
104.5
101.485
85.8305
106.928
86.0422
99.9255
116.464
88.9193
106.078
114.261
97.8864
86.8
101.779
115.823
101.862
116.138
106.128
89.5543
106.281
88.624
93.1334
105.055
93.311
90.8038
97.9724
83.3434
84.1831
107.752
94.4462
116.965
105.82
120.066
96.9893
101.773
91.869
94.5331
96.5934
119.38
101.895
96.6526
81.0681
120.532
93.2051
98.7147
115.994
117.21
85.7351
101.503
94.8544
108.051
110.609
104.083
87.4406
103.739
94.4344
104.705
83.4985
89.994
115.913
102.304
106.239
102.258
85.9746
102.898
121.808
78.4344
89.6458
96.9368
95.3415
100.692
91.8764
98.8589
117.304
101.562
92.7683
88.2318
113.622
103.654
98.6835
93.2373
100.556
111.105
93.489
106.549
112.19
115.15
82.8976
109.058
89.2564
100.592
101.936
92.2491
102.013
104.287
85.4203
89.1977
88.5032
84.955
86.2263
95.6822
85.3555
85.1994
107
98.1594
117.3
86.7842
103.764
98.3435
99.097
111.564
101.519
89.6612
87.4924
96.4399
90.4573
104.185
102.066
106.582
103.225
101.461
108.231
100.588
101.139
86.7276
110.709
101.941
101.493
87.1821
87.9863
95.775
116.957
100.546
100.96
96.863
86.775
112.882
97.9716
93.5514
100.165
94.3241
93.1985
105.89
94.4232
90.477
90.6578
101.97
99.6178
107.282
103.599
100.969
85.7548
100.683
93.2865
107.503
98.9186
109.298
103.361
94.4288
95.5649
89.7522
103.376
97.057
84.7758
95.4831
116.496
111.971
88.9562
88.941
97.1755
99.8885
105.092
99.6565
82.5896
117.25
85.0327
93.8701
107.731
94.8013
105.191
102.092
100.675
108.392
110.103
91.864
116.395
91.074
95.4541
97.2828
91.2405
105.191
99.8376
98.0461
84.8575
102.603
109.757
81.4828
91.187
84.4284
83.7347
101.147
99.7831
99.7749
88.3017
104.636
94.7906
88.1814
115.967
103.882
90.8773
104.942
95.7841
101.793
106.499
91.7731
85.5783
101.729
96.6194
91.5804
90.9237
117.25
113.652
78.9806
96.8043
109.255
109.754
86.0426
78.4355
118.447
106.393
100.242
104.878
111.751
96.1406
98.8779
112.604
85.1392
98.0358
102.461
101.787
83.7709
95.0004
99.1367
92.9185
110.505
93.6087
89.4037
97.0545
108.137
76.8756
102.985
97.9977
88.1808
113.953
108.577
104.868
103.732
73.6641
97.1079
111.277
88.4739
89.1264
82.9965
102.4
107.725
100.986
104.877
113.54
108.681
91.2303
97.3569
119.081
95.7819
101.868
74.8978
94.6
94.5642
110.207
101.836
90.7276
102.812
129.754
88.4781
80.7781
111.213
108.308
111.2
114.104
107.137
93.3708
95.3439
100.873
101.507
83.7751
90.4118
116.796
82.8524
99.7517
104.073
112.509
100.737
90.9767
112.854
108.549
99.7334
95.7171
90.6719
97.0898
93.0599
104.704
118.191
87.1655
88.9468
109.488
99.4854
95.4182
102.175
111.525
89.7331
107.458
107.966
117.205
99.911
95.4429
113.597
107.798
92.6289
101.476
123.897
93.9877
116.151
102.12
84.6374
121.196
92.4029
103.073
88.224
95.0878
98.0655
90.1332
97.5114
104.095
94.5137
93.7785
88.5817
134.882
100.81
107.071
102.654
92.5091
109.026
90.6268
109.586
95.8712
105.741
90.7077
91.6272
104.965
118.859
92.2443
88.0407
109.703
98.8876
100.168
113.14
105.429
91.9233
83.9436
105.753
114.846
85.2559
92.266
93.2191
97.4063
91.1666
111.623
114.482
92.0653
88.7111
94.0088
93.7875
86.118
97.9885
104.437
112.767
100.312
87.4948
109.268
110.425
102.256
95.1164
117.234
109.104
104.772
94.0049
105.989
118.439
133.624
87.2847
91.8132
102.597
91.3602
99.5363
106.683
103.544
97.8048
99.0388
108.833
112.539
104.787
98.7856
115.065
101.362
99.4108
122.759
112.004
105.855
113.731
93.0393
107.406
90.1709
99.4076
112.147
94.0139
84.3806
99.3417
110.048
93.193
94.6429
101.794
100.721
107.966
116.883
105.528
108.98
99.0772
105.594
127.603
95.2183
116.755
85.8078
105.227
87.1332
95.6659
94.5842
121.678
112.083
96.1926
110.104
121.425
88.37
94.5126
106.526
91.7638
96.5539
109.807
94.9987
87.7991
88.9575
92.7625
97.0593
101.182
109.769
97.6018
89.9462
103.742
111.687
85.1776
81.7782
94.8328
126.702
105.723
103.499
92.1803
106.191
102.159
98.1518
88.9532
100.543
89.7929
96.9543
113.146
113.005
97.1429
94.7213
88.8637
105.715
104.623
95.3835
95.9649
101.095
105.227
85.4254
121.365
87.1926
84.6107
85.3325
96.2228
80.6313
110.068
91.815
91.164
111.175
103.021
86.4591
103.174
103.833
115.049
107.523
98.6018
101.713
106.655
94.0881
113.134
88.182
102.021
71.6412
88.3165
103.333
94.158
115.156
109.713
111.399
101.879
95.4173
100.996
97.1184
126.275
118.17
121.558
96.6346
82.2369
91.8778
107.457
107.89
100.257
98.873
105.463
105.336
95.4241
96.9712
83.9915
83.8915
102.625
92.2493
99.9487
101.614
102.064
109.602
86.2518
125
91.8501
88.4118
104.021
105.513
105.259
83.8945
96.7466
120.508
107.983
110.729
109.403
100.043
111.565
106.277
116.021
83.9878
85.7911
100.448
114.224
107.311
124.239
105.683
101.753
89.4974
97.1179
90.3463
103.859
88.5462
87.343
78.5062
90.7515
97.1207
92.3253
101.24
117.539
82.1209
91.8775
84.4434
89.8477
99.8343
104.151
94.3028
90.1882
79.901
89.4061
79.8538
108.397
74.2659
118.996
115.552
107.429
106.369
114.936
93.2185
98.6458
115.848
96.5881
76.2025
96.067
86.2448
106.608
99.7919
94.2185
99.8967
92.9142
89.8289
105.744
96.624
89.1268
99.1999
93.9087
86.3507
99.7785
105.358
104.008
80.7251
93.5619
111.03
106.927
82.6126
91.6767
91.925
121.016
86.4495
108.423
121.908
100.926
109.686
92.4627
85.9959
101.283
104.219
104.648
107.243
95.947
91.0517
87.225
106.69
102.105
84.989
94.7364
96.5827
89.3278
99.1041
90.5215
85.5338
90.3585
106.696
97.2484
83.9394
106.637
96.1861
87.5031
94.9879
94.0096
88.3017
115.656
84.7437
94.7495
104.125
105.347
97.8695
116.587
92.9419
109.232
104.67
115.103
97.4228
115.155
78.7977
105.108
83.8101
82.9016
97.4043
101.548
93.27
102.056
96.2185
85.8965
91.425
89.6322
97.073
109.808
100.115
97.101
103.911
95.8479
107.457
94.2239
97.6293
118.409
125.57
88.1785
102.038
100.831
85.8823
110.866
111.86
105.919
112.832
104.767
102.936
109.172
101.87
119.354
98.4951
104.207
103.498
99.0053
103.686
92.9725
99.8766
95.7883
94.3745
99.9171
98.3411
94.72
111.027
94.3275
105.22
89.5205
96.0678
81.4739
92.867
116.421
115.758
101.487
113.457
110.981
95.3505
94.5329
102.161
113.528
97.6134
93.8186
84.6223
89.6329
90.8218
104.077
125.918
102.127
94.2498
105.267
103.787
115.371
86.8027
113.569
91.149
102.685
97.7797
84.8118
88.108
75.6829
114.877
99.8296
90.3262
92.6265
93.8478
91.0092
96.3494
100.052
101.11
102.843
117.491
106.491
108.781
93.9545
99.611
124.139
117.773
105.389
107.533
124.488
117.627
88.4826
99.9503
103.815
99.4177
104.454
94.1607
93.6975
95.6657
108.702
95.3394
80.2198
110.225
107.315
92.4174
109.275
93.4271
88.5209
88.9582
103.824
95.8686
89.5064
104.094
89.495
109.49
111.931
107.509
105.438
105.351
99.1758
91.9571
92.0424
89.1059
100.526
105.707
91.9197
89.9101
92.0485
107.059
83.1934
115.709
116.389
107.632
100.375
98.2429
107.084
98.3898
93.6989
111.921
101.776
94.2788
114.461
104.848
96.7951
109.348
96.4911
105.091
98.5484
91.9806
106.846
106.294
86.8729
91.1933
104.13
100.843
94.4646
81.8887
97.1592
105.696
100.557
88.9003
109.364
91.9316
109.008
89.5133
88.0246
107.773
107.366
99.8084
84.4905
103.338
107.119
98.8945
97.8642
84.1635
84.25
104.164
104.057
113.648
113.643
92.5841
89.7295
88.0977
93.7209
97.8052
103.826
85.7627
74.9818
92.8305
92.8545
93.806
102.868
99.865
88.6584
102.409
108.788
93.7793
96.5444
87.0562
100.872
94.3047
123.689
118.886
99.247
103.819
119.292
119.339
105.006
90.7781
110.412
92.5479
87.5259
91.9719
99.1468
112.19
93.0416
101.34
112.176
95.1617
96.274
87.5846
106.824
85.2142
93.0295
98.2768
98.8652
100.375
101.187
107.158
91.2372
100.525
109.253
96.579
105.761
105.524
99.4202
87.8981
116.252
105.484
98.3354
116.431
104.982
84.1966
89.1715
98.2025
110.468
93.3501
97.9722
104.568
106.945
98.9247
115.66
80.9851
112.274
103.039
95.6795
90.6339
99.073
89.528
92.2825
98.4646
103.43
112.535
107.83
94.3182
101.689
110.036
94.7548
95.3668
103.427
98.3623
82.0362
92.669
105.142
95.699
89.6913
94.8751
116.961
107.532
109.613
98.036
87.5738
85.3871
99.7349
98.2685
94.5226
93.9758
110.125
98.6844
99.4691
103.545
91.3874
99.0454
105.115
98.7443
102.559
97.971
105.336
98.1865
103.644
95.7606
97.355
102.94
93.0856
112.378
102.106
96.5128
78.3956
107.683
87.152
99.434
87.1169
81.5647
111.763
84.7144
114.47
93.2995
122.941
106.768
99.7594
104.665
110.126
86.7896
105.171
77.2998
115.655
93.6673
98.7453
94.5599
108.477
99.2755
97.66
110.977
93.6127
94.3032
101.521
97.4007
86.9593
110.382
98.4031
94.9178
110.336
95.3547
104.048
104.994
111.957
94.2591
92.2454
102.52
85.607
103.88
100.119
89.588
108.156
103.548
94.274
108.892
78.0896
108.963
101.618
125.817
108.497
112.839
99.6391
117.334
93.8761
112.002
104.552
98.2234
104.784
100.192
114.387
105.717
108.651
100.904
97.5935
100.411
107.72
103.104
112.604
108.079
109.716
93.7348
87.3287
105.62
103.215
112.233
87.8895
101.025
113.659
99.2809
88.853
92.9926
97.5693
106.109
97.408
124.771
98.7052
105.96
99.0935
110.803
121.071
83.9237
123.151
96.6708
106.482
99.5345
87.3454
97.647
96.0107
78.9371
121.538
93.8823
112.199
87.9053
96.607
97.1396
92.7813
100.558
101.555
107.195
102.318
101.258
103.29
100.347
85.1133
105.36
96.8789
110.176
107.82
102.314
98.7294
114.35
78.6776
96.1016
84.7437
101.975
96.1797
97.4286
91.3948
81.9639
77.8843
105.759
106.476
104.678
97.6179
98.8891
100.122
88.4272
86.9704
104.705
100.183
113.212
100.544
100.546
96.8171
94.4375
118.028
104.178
102.434
103.695
96.7596
97.1935
113.965
94.6253
107.994
102.833
97.527
90.298
105.201
118.359
100.075
118.072
107.271
98.0703
96.2728
95.9926
94.0204
138.312
92.1336
94.4171
96.5952
98.1917
104.656
89.8049
97.7787
108.428
102.752
81.4171
95.1189
120.538
98.7419
98.777
111.094
108.862
117.089
102.461
98.3555
93.84
121.475
94.1572
86.7683
101.013
92.6181
107.292
109.866
90.0516
94.2975
108.618
87.5298
97.7654
99.6357
88.4021
90.5717
114.011
108.869
96.8989
104.898
111.164
89.264
96.2283
97.8784
90.4965
92.5906
92.0615
111.117
87.2778
111.745
105.583
102.951
105.781
98.3447
103.765
100.694
99.0421
105.38
94.8995
85.1053
101.585
105.842
90.1374
93.6258
102.944
105.376
89.0459
99.8336
101.644
102.052
108.263
92.3101
101.662
88.5838
104.758
110.418
89.5456
106.088
90.4483
99.0818
104.84
108.069
99.67
103.12
95.9221
102.008
104.741
97.9544
84.2456
104.23
91.3924
94.6299
99.1998
102.09
95.4031
125.936
113.635
101.229
92.5172
92.2038
83.8079
106.83
90.9928
113.567
115.417
108.224
117.377
94.48
89.7516
107.658
94.1385
85.0873
91.084
93.725
113.134
105.12
97.2624
104.518
97.0961
96.1717
103.728
108.293
104.429
86.3404
88.3143
91.8312
119.031
101.341
93.5692
95.5391
107.75
94.5369
94.494
103.248
94.9333
96.1924
92.4309
95.7377
96.5204
78.6964
100.166
85.6481
99.3938
101.067
97.3148
84.7937
87.9262
109.293
87.3456
103.388
113.85
109.265
93.4255
125.423
91.6484
122.361
101.333
81.4919
100.327
86.7946
97.5938
100.741
87.8654
86.6328
101.361
113.261
110.285
108.05
90.0617
95.6902
86.334
108.15
87.2644
100.092
98.7457
93.8576
98.2128
88.2717
111.868
82.285
110.134
86.546
85.5833
87.6182
106.512
78.4789
117.766
82.8821
99.3187
117.429
106.162
105.407
107.369
101.951
91.5271
102.008
95.4521
107.168
99.7331
100.845
116.675
99.6118
99.5259
97.6975
105.052
108.578
84.3384
104.601
77.7669
96.6917
93.3198
100.937
102.878
89.7489
103.884
86.487
89.5516
96.5375
113.652
95.6737
102.111
83.621
116.824
91.1265
93.3
102.357
84.2807
90.9581
85.3029
89.543
101.929
101.576
115.533
103.565
92.5509
107.355
74.5549
91.2755
101.941
97.0525
95.2723
113.819
118.475
112.029
104.231
113.771
116.228
96.226
107.308
90.4325
99.4687
106.195
87.6681
85.9682
95.1951
101.137
111.274
99.2799
106.509
96.4987
110.491
110.574
88.1712
102.66
101.125
98.0724
107.315
103.199
87.8176
108.694
110.727
88.987
97.8621
80.1695
107.399
102.801
98.5729
94.5342
93.4358
103.011
99.9341
98.5019
111.311
91.5599
110.66
99.8626
116.296
99.4311
81.2905
108.638
98.1256
103.095
106.429
98.351
105.573
109.183
113.35
105.879
99.6896
102.804
110.393
102.081
91.8343
102.776
101.521
112.765
97.4465
111.77
118.906
103.633
109.586
111.794
100.866
94.1458
80.2278
105.733
92.1495
92.7045
95.7611
105.841
100.603
115.411
101.237
107.248
103.338
111.83
101.686
89.251
101.555
94.0558
92.012
92.4095
95.9573
110.197
104.229
84.5947
91.774
110.108
108.589
112.75
97.6166
83.365
99.9975
93.8347
95.1058
95.3424
99.9085
75.8844
109.495
94.3176
109.088
88.4485
97.3808
96.1849
92.3964
88.2554
94.7388
109.592
82.5162
99.4029
87.241
103.364
75.0768
97.4882
105.936
85.0154
101.007
93.2787
104.544
105.615
114.33
96.1444
94.0222
115.953
109.012
108.033
90.9403
99.7609
90.0929
116.864
96.6316
103.888
100.397
100.951
100.976
85.9892
110.324
100.91
101.089
107.85
105.154
108.177
101.499
82.679
115.76
96.4377
105.295
107.037
100.936
82.0011
91.3547
109.95
87.2492
105.454
109.642
100.413
103.686
101.312
93.9456
104.969
103.976
96.8759
98.6328
114.197
105.536
95.7655
110.34
101.272
102.154
100.759
87.6027
102.092
84.1867
97.4925
90.0986
106.907
115.473
83.1094
92.9016
101.897
87.1773
108.824
105.532
108.692
115.743
103.084
93.144
105.353
97.1766
110.652
110.886
99.0334
94.564
95.4319
100.019
107.094
118.085
90.3243
110.839
109.932
115.776
97.6377
81.0478
101.93
84.0395
107.959
76.9178
88.1112
96.5394
88.3612
97.2056
105.179
106.529
98.7731
114.459
118.421
117.99
105.643
100.186
106.851
91.1834
101.63
118.228
103.601
100.19
101.824
96.1593
116.174
104.398
91.8424
112.64
97.7059
95.1042
108.038
97.6583
105.723
111.499
101.175
96.9481
77.0666
83.6076
101.663
93.3761
100.59
114.468
109.427
102.346
118.567
106.022
114.725
107.307
109.279
122.289
101.459
96.9093
101.131
112.845
96.3605
99.4916
110.869
98.9073
99.6406
109.179
104.075
96.0444
108.768
106.963
93.3123
92.7293
104.432
107.92
105.425
89.9205
110.567
102.959
104.412
106.927
106.729
102.01
97.3119
108.761
103.912
97.864
104.129
104.27
102.459
85.2806
112.929
89.2712
96.0346
105.689
102.607
104.237
95.9772
105.604
98.2986
109.621
100.389
85.7824
91.8839
81.8837
90.4369
104.641
90.6239
91.488
94.6197
122.873
102.891
83.4507
102.118
88.7894
87.2496
105.402
82.5737
102.707
94.1954
86.505
81.3542
107.201
104.859
88.1945
92.7189
102.762
90.2318
98.0905
98.1228
103.834
97.3121
104.871
95.4855
103.115
94.5409
90.3593
92.9604
104.01
86.2855
108.138
95.4914
102.889
116.867
105.865
81.4896
116.766
98.8015
93.3439
94.2817
89.6675
117.419
96.1746
80.4399
104.752
113.217
99.102
100.17
95.7115
116.451
115.914
102.02
103.621
88.7522
97.4193
74.6154
84.6778
95.9922
96.1361
108.123
95.5064
112.172
103.872
100.575
106.595
82.4793
101.557
91.748
99.2428
87.9552
90.0282
87.5493
96.6149
102.686
78.5518
109.368
121.274
88.4737
88.3641
82.4689
100.119
90.1963
100.82
90.6297
96.7463
105.487
102.372
99.8188
82.3871
89.6588
93.5424
94.0412
93.0772
108.444
85.1735
94.455
105.945
81.9779
87.708
83.1127
94.1469
101.685
114.707
87.6997
94.8818
87.36
84.2103
121.931
106.801
86.0042
109.026
106.944
82.9189
81.6926
112.04
96.2287
88.568
103.564
107.497
101.042
79.6976
107.413
106.585
93.3742
99.2264
89.5418
112.235
84.8573
84.8345
103.608
94.117
105.049
86.831
111.043
118.731
86.8815
103.196
96.4544
77.7733
98.9232
101.686
93.8075
97.1306
88.989
94.9781
76.3206
92.5599
120.116
91.3272
98.2887
95.3661
115.939
99.4728
96.6925
97.9437
98.0354
86.0639
102.115
96.8242
107.401
92.2913
119.745
101.707
111.323
97.0562
101.642
92.6234
89.2467
108.982
93.5981
95.4661
111.818
107.872
92.838
97.3023
107.53
101.834
96.082
104.726
114.154
100.359
75.969
95.9987
89.0805
106.598
106.241
91.0731
89.9464
112.379
90.0985
118.125
103.729
91.9584
86.1819
93.929
107.013
109.351
94.6026
102.633
94.9018
92.0478
82.5909
90.251
115.144
101.591
92.2555
103.157
98.0937
95.7745
100.998
109.33
96.6592
96.7848
102.503
112.92
98.0196
118.085
91.5893
119.367
97.8063
102.043
106.778
99.6219
97.4385
104.623
83.2717
89.6148
107.933
100.193
96.1591
115.314
96.4021
101.662
83.1195
115.838
110.367
106.759
107.428
104.745
93.0938
101.648
102.264
96.0519
115.749
120.981
110.446
94.6553
92.3005
97.6426
93.4243
83.3059
104.903
97.3046
119.006
89.8051
96.7636
97.9986
94.614
98.6492
99.9564
94.213
81.1095
103.326
103.872
112.122
100.32
101.439
94.4101
98.4918
96.92
87.4223
96.0131
116.925
97.7824
108.446
96.2659
105.855
99.0476
99.3803
84.5319
89.8169
116.478
79.7519
95.7211
104.616
95.3751
82.2111
99.6154
108.342
93.9202
104.873
95.5521
86.1359
111.921
99.7275
85.8884
107.538
86.257
93.0478
86.5303
89.667
107.547
94.6543
110.926
114.752
107.009
105.067
89.6722
102.575
121.443
105.303
103.883
114.921
100.718
82.7598
114.587
124.528
117.617
97.7843
99.221
96.452
93.949
109.777
109.255
89.0378
93.3095
93.1468
81.7519
90.1871
105.155
111.11
95.9063
96.639
103.356
104.94
112.09
92.6058
100.605
104.291
98.934
102.007
103.483
91.6101
103.824
104.27
93.5345
95.4779
87.2925
89.8662
96.8372
105.049
103.98
110.192
100.694
101.711
97.8349
125.505
109.461
88.9622
91.6614
92.3791
104.453
105.82
100.47
128.553
108.368
108.889
116.45
103.323
85.1557
114.664
83.9079
98.7021
99.8387
104.899
98.1466
88.3097
88.2071
113.991
80.9419
101.854
98.3248
88.5896
107.497
100.465
101.481
108.878
105.121
90.6955
122.51
93.1924
96.6564
103.854
110.775
87.9744
78.5674
111.865
117.573
93.095
113.486
107.992
92.9274
115.461
111.399
88.3642
106.681
97.253
103.236
97.7693
109.251
119.04
112.806
96.1006
80.8704
103.14
104.587
82.3274
101.956
97.2556
105.576
105.001
98.1839
94.7777
92.2897
97.4039
115.758
108.868
108.909
88.7156
102.947
98.4777
116.595
97.7303
110.986
84.8649
95.8342
86.8541
106.774
101.186
96.9263
116.048
78.1749
88.7907
108.088
96.5918
97.6231
94.8859
96.2172
106.032
113.681
113.089
91.4363
78.2434
114.972
88.6794
90.2456
93.8627
100.41
105.991
108.004
91.8175
112.6
109.394
109.818
106.956
86.2984
93.2179
107.137
104.047
94.7135
109.966
101.585
105.825
93.2846
103.36
113.782
96.9886
80.9025
93.7267
107.1
95.6815
92.8779
98.5457
93.2336
110.66
82.1823
96.1732
86.5124
113.667
83.9999
75.1437
95.8297
88.9569
101.971
105.063
104.864
95.5334
95.9939
98.3394
99.0505
91.669
110.021
102.265
104.329
84.0595
95.7529
111.409
98.567
99.9491
87.9467
95.3612
99.5099
89.5942
95.9629
83.7127
98.4264
102.637
98.3825
94.0835
116.952
85.4208
112.455
99.75
97.8279
94.8974
120.709
78.0726
87.5441
100.441
95.8009
96.3521
126.446
94.8892
85.5491
81.5008
93.1534
85.0756
97.7739
109.269
96.3504
104.288
108.255
96.2178
97.2043
96.9222
95.9426
94.6508
94.9639
89.7963
97.8828
108.916
106.384
114.75
101.617
96.5993
86.9224
81.7525
98.2894
90.6135
104.466
95.1282
90.7844
97.0877
105.456
100.739
73.8501
78.235
80.9473
116.873
97.7857
105.026
100.729
83.2401
87.4663
85.796
96.1596
113.249
94.5137
91.033
97.5157
117.06
109.373
102.002
102.379
93.4942
103.701
95.6962
90.149
105.429
81.3668
95.3921
87.9341
95.142
89.7967
106.864
85.4788
90.5583
88.208
99.0014
101.995
105.33
101.488
91.4713
113.939
93.5707
92.3234
98.4976
84.2877
81.454
91.1889
83.7151
102.961
101.31
83.0956
102.933
106.006
96.2246
116.021
99.6437
96.5466
105.092
82.0388
102.518
96.9444
89.5095
84.2415
107.077
109.693
110.178
92.4626
111.157
93.7515
98.5485
91.9652
105.24
83.2966
109.616
93.9428
91.6487
98.9448
80.7666
106.286
96.5651
111.233
104.874
110.643
107.595
95.2738
92.0467
98.9769
104.723
97.1083
94.906
99.5443
99.0153
109.101
109.325
101.454
98.2737
101.715
96.0745
93.5766
95.0452
101.852
94.8541
107.198
98.4324
78.172
98.2977
110.074
114.023
93.6791
90.4547
110.269
107.629
82.7204
93.9761
88.7446
103.317
101.215
94.6995
101.285
114.755
102.826
117.144
98.9196
87.3265
89.1287
87.6497
106.333
119.582
97.3455
100.26
87.748
93.6886
99.9316
88.299
99.5865
96.442
91.1413
112.097
113.644
114.366
88.2239
97.9419
79.2945
107.885
102.403
86.4068
96.3145
100.841
107.2
103.561
108.41
105.206
101.332
102.581
98.1734
95.007
127.58
94.6219
102.955
97.6257
96.0129
90.0039
92.1924
111.101
107.721
106.665
92.3924
87.1624
106.997
117.189
103.62
100.405
102.929
89.157
91.6509
97.7984
98.0717
79.744
118.775
99.3826
89.751
98.328
102.698
103.182
105.316
93.0543
109.643
97.138
110.465
88.6473
90.8281
112.188
87.22
114.413
121.017
93.2925
105.382
120.331
99.5927
86.957
95.5718
98.7881
98.0182
112.968
92.165
107.454
85.2011
107.15
92.4906
92.8306
86.6278
107.087
115.601
109.282
115.531
118.934
96.6133
113.998
91.5213
95.9842
103.242
116.964
97.2262
121.373
91.7637
83.1119
111.75
96.4487
88.0589
81.3357
96.7566
103.315
89.6376
85.2751
85.7274
91.4875
112.817
97.8164
86.9269
108.055
91.2754
96.1696
122.012
95.9173
121.97
95.0355
95.9959
88.0045
113.349
88.1935
98.4777
102.407
86.8654
83.4442
95.6288
106.747
103.688
111.044
94.1131
88.0145
93.6957
101.764
92.6153
85.61
89.158
107.947
96.0949
86.4908
78.9679
98.2953
93.6538
116.548
101.957
102.95
108.911
97.8205
117.048
94.0592
115.971
119.309
95.9376
88.7419
86.491
73.7858
90.0108
88.6348
106.864
77.9327
91.8646
92.957
103.874
116.199
91.2866
84.26
93.7638
99.6203
99.1851
113.618
93.6837
105.649
91.1373
90.6933
90.4475
90.4047
108.11
98.815
93.7234
109.823
98.0803
105.636
87.1271
99.339
106.069
99.54
89.5048
116.868
91.1083
109.367
97.5659
110.219
98.5188
107.314
84.5429
97.1019
86.9603
88.6598
105.185
95.2941
87.2952
83.4561
97.8908
89.5329
91.7731
107.249
127.974
104.693
104.573
91.1423
93.623
95.6459
95.543
114.033
100.311
98.6892
98.5663
101.184
81.3663
114.504
81.0635
88.8371
112.939
103.889
107.703
83.5637
88.069
90.9552
109.003
115.078
111.516
99.5082
92.5757
94.659
107.145
92.7337
114.364
105.503
91.4753
96.8988
111.119
107.15
104.337
88.9443
94.0341
110.426
90.2859
100.673
103.002
93.423
93.3537
102.233
95.6358
98.7093
104.437
100.557
88.0671
95.3422
97.7399
106.245
108.768
119.091
134.721
107.249
84.9836
118.22
89.8227
107.56
107.583
94.8993
116.099
95.0773
114.233
107.715
106.853
103.649
102.917
97.5018
93.7186
87.081
95.6682
112.526
97.9732
86.7393
95.4258
99.7533
111.449
103.601
78.1876
86.509
94.7153
106.652
103.966
83.0213
97.9653
98.5569
112.144
99.8575
104.585
108.569
99.908
106.155
109.656
101.32
100.965
95.6108
96.3002
93.2764
88.515
93.9875
81.6382
85.9639
98.8605
114.939
86.9054
93.6913
106.836
94.9705
92.05
99.8786
104.091
103.113
90.0183
92.1264
94.9702
98.6837
81.4777
117.69
103.459
84.7473
96.2566
93.7012
92.6301
101.456
93.0294
96.3711
102.154
91.0069
103.692
88.3682
98.4012
96.4607
109.182
91.0552
105.941
114.675
99.0078
89.4669
105.561
92.4143
108.48
92.6868
100.677
98.9967
104.483
92.5925
98.1399
75.1043
93.2878
97.6235
93.3183
97.7099
98.851
91.0931
92.9866
89.4488
100.167
112.443
101.439
101.631
90.3607
111.713
91.8966
93.4406
90.5748
105.674
106.876
81.2857
98.0409
107.674
98.2625
94.7532
111.115
107.398
90.3771
95.3995
96.9638
85.6766
99.9615
114.702
106.452
92.9636
99.7078
118.352
93.2468
106.531
112.303
110.05
95.7338
98.4028
92.4551
95.2798
111.027
108.137
115.299
105.038
109.302
102.237
93.0273
106.947
125.349
90.1962
95.7365
98.9246
132.014
93.2353
103.504
115.75
91.8026
117.71
99.8627
89.2673
93.6706
93.4534
114.654
104.493
95.5281
89.8225
100.229
95.4459
95.9508
92.0061
100.817
99.9167
116.722
114.308
99.356
112.414
98.298
93.3465
97.5193
90.4104
113.409
91.9693
90.2797
85.8767
100.811
98.2461
85.5145
75.5852
101.658
93.4038
91.6644
97.4853
92.8378
116.194
100.344
80.145
105.346
91.7036
100.766
105.59
105.306
130.008
100.463
87.2362
97.3088
120.029
110.982
101.311
90.792
100.511
97.571
91.6715
114.902
93.0614
85.6238
109.468
78.5291
95.1673
87.3793
100.432
111.768
108.173
90.089
124.655
92.5447
108.399
94.8299
92.431
96.989
106.581
94.1613
93.6686
114.004
127.946
84.5238
116.687
92.6257
110.467
96.5809
95.089
97.8544
99.7574
86.7443
106.328
97.5627
86.5937
94.7021
97.1967
102.447
114.552
101.577
105.186
88.4117
100.555
99.754
96.1781
91.649
87.8906
96.861
87.3088
99.7611
88.739
98.7701
104.334
110.971
87.0701
111.994
94.3525
88.8505
100.664
99.8072
74.9039
126.362
97.4644
102.22
87.6935
103.554
93.5521
92.3564
99.1534
99.3458
84.9124
80.531
104.234
99.1633
123.335
83.2766
93.6651
112.903
99.6134
118.95
110.061
104.373
101.47
89.6229
104.632
89.348
84.3238
92.9212
100.583
107.998
83.772
97.1207
81.6701
89.9542
93.8339
103.778
118.237
88.116
83.5971
121.262
110.443
116.17
79.2515
111.591
88.9669
100.135
94.5602
112.065
127.108
121.831
105.158
91.1104
92.1428
92.9819
86.3294
81.3884
97.6646
98.6285
94.8099
102.051
101.839
86.985
110.104
84.2251
109.744
93.0197
101.872
100.988
97.1678
86.6954
87.7308
93.9911
109.734
94.6635
91.8723
105.369
106.494
93.3864
102.27
108.535
102.007
94.221
107.521
81.0286
93.6672
116.766
94.9001
95.874
97.7947
99.5588
97.2364
98.2503
98.7148
93.0522
109.087
117.893
103.357
117.754
96.0423
124.059
122.081
76.8858
71.9419
92.0905
109.676
104.011
109.366
95.0368
100.187
108.375
90.8102
104.011
102.787
90.7191
100.464
99.8204
97.6996
114.001
110.153
97.3395
103.382
103.892
107.593
101.953
90.2039
115.134
93.832
96.3309
106.023
117.202
98.0403
86.7805
96.8613
106.28
98.9871
119.707
92.0034
94.4945
92.7229
110.451
92.3491
97.4112
97.6043
107.909
95.7586
84.4923
113.991
104.176
108.725
85.8266
107.168
100.179
93.1438
90.8656
102.751
101.207
97.2042
102.028
109.634
97.8907
95.2552
97.2875
94.3374
101.573
99.0774
89.1564
105.556
104.19
98.1756
102.796
91.1378
106.453
86.162
93.9838
105.239
86.9113
103.793
97.2119
87.2291
95.6697
94.3873
110.946
106.963
123.225
104.677
107.27
81.8491
89.2502
110.083
108.805
91.1748
100.574
112.414
99.0828
126.922
92.8897
99.3922
116.383
109.896
90.5903
102.306
119.984
102.418
98.6746
114.314
105.223
103.097
102.372
103.003
98.3759
100.352
92.4566
109.299
91.2291
91.3878
91.4019
89.9462
94.497
83.802
92.5891
94.118
98.1797
82.2645
106.799
112.46
106.596
101.992
92.2725
111.437
107.387
94.65
117.627
110.173
113.481
101.429
104.182
84.8982
86.8571
85.5858
96.3572
85.7846
84.1578
88.9393
94.0732
101.387
76.6094
92.6521
125.464
106.102
99.3084
99.0659
104.256
112.825
103.417
94.5477
117.721
91.0814
90.6107
100.118
95.4578
83.6054
108.389
91.4202
87.1767
111.394
92.2966
120.778
105.856
102.154
102.866
106.874
103.364
96.4674
84.7216
98.7303
100.176
118.246
82.9012
89.0422
96.5805
116.845
89.2232
94.0582
100.46
110.746
127.57
100.268
92.5243
98.6875
107.202
114.683
98.4724
100.558
110.486
94.9204
104.714
103.259
104.49
109.209
88.7388
117.227
111.194
93.7335
106.729
105.592
98.0191
102.707
110.04
96.665
95.1852
90.4453
109.354
102.731
91.4744
106.84
107.972
97.3836
90.9331
81.1256
85.6986
102.168
96.027
101.794
105.199
91.2841
86.2531
97.847
108.03
93.5007
104.488
99.4143
103.672
100.6
98.1134
111.309
90.1834
111.204
91.9733
84.3156
110.044
99.3381
86.9798
103.363
108.771
104.521
95.9861
92.3171
107.4
102.575
107.105
87.4444
97.6054
97.868
85.2178
105.101
115.349
106.886
94.7998
97.3693
101.222
94.0389
97.6408
97.3801
85.6253
107.913
89.4179
101.824
74.4765
106.859
106.242
95.7781
103.526
100.866
104.113
111.855
100.843
91.3374
102.335
108.464
102.853
111.421
106.303
92.1393
88.8527
88.1032
119.379
102.281
85.1648
113.926
92.2117
103.061
103.573
92.5238
120.992
98.7924
96.5964
103.603
95.0913
93.7757
103.939
116.767
106.562
96.0144
115.183
83.5874
96.3838
106.272
101.289
94.2029
93.6154
111.738
105.116
120.22
98.6455
92.349
101.072
124.268
89.3674
103.5
106.16
123.318
100.016
102.695
112.531
97.3759
106.442
95.373
95.3978
102.957
110.949
98.9513
99.1263
111.036
98.9269
83.965
96.7927
117.24
109.017
107.509
105.692
100.445
106.383
92.3455
96.7729
92.2493
101.612
100.322
101.007
102.465
85.1676
94.5594
89.067
84.4181
107.431
97.3336
111.242
99.6475
85.7827
100.092
93.7101
116.758
102.694
92.5262
91.9598
89.467
83.2728
85.531
117.789
105.13
106.985
96.3349
106.753
104.271
93.4922
105.03
105.13
105.237
113.171
101.98
120.886
90.7043
119.853
108.166
104.049
113.397
99.4509
112.554
98.3147
102.455
107.119
94.2924
100.584
83.2654
94.5534
122.122
101.509
103.622
88.0132
109.893
80.1989
99.7617
106.83
96.5155
89.3031
96.4543
106.102
93.4598
85.4323
97.0581
96.6173
106.083
102.558
100.079
113.839
114.423
85.838
90.3127
91.0911
113.939
95.6813
91.3316
129.523
103.454
106.626
114.603
76.1532
104.067
81.5689
101.432
95.4572
86.369
115.821
102.205
108.497
101.138
102.784
93.0481
81.6704
90.8112
106.927
105.071
91.513
107.269
116.696
114.376
101.008
89.4735
81.1632
93.8721
115.159
107.068
93.3144
95.9446
120.242
99.4694
100.474
97.2175
113.675
93.5693
116.748
100.021
88.6093
106.568
85.1188
87.472
95.6764
80.5323
97.0227
107.491
104.515
84.0049
104.981
87.8518
87.3352
103.321
116.151
93.0867
90.5984
112.418
101.366
105.005
97.9742
110.803
88.9226
108.888
94.2696
97.7824
81.6846
92.2615
95.8714
102.868
103.654
90.501
98.9728
101.836
97.3962
99.2483
96.7677
110.299
114.094
102.467
107.902
100.657
96.8189
93.5036
86.4953
77.8273
72.9005
118.717
104.134
109.581
110.632
98.4847
106.872
110.789
89.398
104.98
84.3742
89.3466
88.3476
103.53
100.602
103.373
100.438
119.453
118.426
113.513
96.0609
94.1225
94.531
89.741
97.02
111.606
97.6853
109.989
91.774
90.9699
91.1291
85.6914
89.505
99.2438
88.2016
105.8
115.417
103.242
111.167
95.2416
82.9385
103.72
93.8114
82.8424
103.299
94.0692
105.086
93.0401
103.226
101.636
110.55
101.396
102.116
98.6126
119.418
89.2603
101.499
88.0612
108.708
104.719
117.101
103.871
112.71
90.5914
100.033
100.057
89.6121
90.6923
96.7628
98.1162
89.2035
120.653
91.8593
108.723
91.7935
99.7003
104.564
94.845
89.6224
108.752
90.7591
106.641
98.5722
94.1626
100.107
101.582
112.657
108.011
92.1315
94.8698
110.316
102.862
98.5555
93.9183
83.242
123.675
96.2482
87.0081
114.118
92.999
111.507
105.971
102.495
82.5816
92.4812
104.806
109.164
102.205
88.5512
91.0729
82.2841
99.8906
103.232
100.588
106.224
82.9548
99.9441
105.968
91.6441
97.0401
105.75
98.9026
92.8826
98.5628
96.3544
99.5722
96.6237
102.372
100.757
101.83
94.5048
90.6037
94.993
105.352
97.9531
86.4455
111.676
97.8137
90.9302
94.6895
83.9908
99.5116
96.3412
90.2802
99.8901
103.238
109.283
92.2192
111.705
77.0753
118.091
114.005
113.28
102.559
89.9254
120.619
90.6152
85.9621
93.7039
100.052
98.6599
89.6473
98.7711
107.519
110.951
90.4923
97.879
90.9832
75.2277
103.295
99.8544
99.5229
100.289
97.8979
107.183
92.1951
125.968
87.1509
90.076
73.3945
106.189
84.2486
99.3531
129.517
109.956
90.3994
98.4324
100.535
96.3736
86.1898
116.705
107.278
93.7698
109.009
107.059
91.5302
98.7957
86.7524
104.915
88.7229
95.6616
84.7278
93.4061
102.264
106.331
103.326
84.0665
101.043
95.5607
104.463
104.328
90.7332
88.8861
102.141
122.596
92.7261
116.959
91.3779
94.646
91.3888
115.151
112.346
82.281
110.854
134.254
102.08
97.7337
98.9081
89.894
107.948
90.5227
108.506
76.0496
98.7938
94.7189
91.2155
96.9349
92.6125
110.75
93.5108
106.166
104.385
103.397
93.5298
110.018
113.522
82.4956
87.2457
100.204
95.4832
110.4
95.8357
92.9016
87.1299
111.236
102.946
106.472
94.7518
100.729
116.5
99.6615
119.138
106.153
115.96
117.489
120.572
93.4524
94.4024
104.472
99.2836
111.505
95.3358
98.9488
80.493
97.4694
106.258
115.356
88.7966
96.5647
95.5992
103.111
91.7923
118.07
91.9361
90.4891
115.035
112.606
97.5502
104.976
108.891
98.4777
90.2041
118.848
87.5846
119.561
105.393
107.078
93.839
86.3733
92.9482
103.402
111.002
106.078
99.0651
106.613
101.83
97.4404
86.707
100.968
99.8531
82.3624
103.001
92.9821
118.891
97.3792
91.1729
101.44
121.042
92.2364
92.1367
90.9028
109.797
92.0031
101.23
90.7249
102.138
104.74
90.4169
99.6195
91.8958
94.4802
102.153
108.682
100.368
95.0373
101.99
112.622
85.9877
107.612
115.641
83.2911
103.856
87.7952
120.232
91.1079
105.733
97.4988
108.829
92.2384
94.4103
88.589
105.041
92.9063
104.641
89.6241
103.476
120.745
108.038
102.224
107.556
87.8643
99.6863
107.859
91.5084
106.823
103.48
121.427
95.3179
123.564
120.831
103.925
104.456
104.476
96.5336
93.6213
115.081
99.0212
106.752
84.9534
88.8771
95.3493
105.138
103.445
114.774
88.9427
87.492
97.1743
108.002
101.728
108.431
94.8682
98.3231
97.1432
89.1158
94.6637
98.9137
86.3469
115.403
101.48
93.0452
98.1421
107.786
135.019
91.9127
105.324
93.9759
96.4164
106.445
95.1464
97.4037
100.17
115.313
102.764
103.825
105.506
99.2827
102.077
94.4774
112.473
91.1955
103.561
92.8236
90.3737
103.446
91.5918
79.0278
133.346
85.4096
92.7407
111.469
98.4447
103.472
91.673
105.046
100.293
92.1119
93.0071
117.14
94.062
94.3013
108.832
108.278
108.353
101.61
101.83
100.409
113.419
108.305
92.3047
109.537
113.638
98.359
89.3197
98.7019
92.7222
103.382
106.237
92.5886
93.672
103.128
101.273
80.6977
108.543
106.786
113.844
87.8371
107.841
102.76
102.952
109.788
110.651
78.4392
87.2041
128.636
99.8942
107.908
102.726
108.948
84.59
106.306
89.4828
110.137
114.622
95.0815
100.075
118.227
117.05
100.302
110.739
106.087
103.511
76.6862
100.248
89.4882
100.336
99.926
104.115
86.143
95.3728
109.409
113.254
120.926
112.239
101.117
100.882
95.474
104.068
102.627
99.1797
110.65
91.8594
107.385
94.3242
118.381
97.2573
98.9057
100.214
100.546
85.5916
103.808
89.5681
104.533
97.0348
107.859
90.3034
77.019
97.6076
85.0624
118.566
97.8267
113.85
94.9029
86.0601
118.66
89.6537
98.5566
109.531
98.3306
105.08
101.117
122.188
104.289
98.5796
113.313
97.0023
114.464
100.06
113.25
104.052
93.0024
104.742
110.619
85.4205
87.4873
104.722
106.587
81.3775
99.942
116.004
112.093
109.388
83.2325
84.9441
103.834
93.9148
91.2428
104.565
105.527
97.8779
90.1319
99.8954
94.7544
96.0077
100.521
85.9812
93.738
95.8854
98.0507
99.6154
109.091
103.707
90.48
99.5063
100.67
84.8285
116.736
86.4033
113.702
104.063
103.485
101.102
105.105
96.0144
102.495
99.8911
107.804
99.072
108.405
109.63
100.363
85.961
93.534
89.8516
108.632
98.8089
107.705
103.012
92.9803
93.9396
88.303
89.6775
103.612
97.9978
109.669
95.2796
103.651
96.0999
97.3378
124.433
82.6659
93.9146
111.681
108.047
104.33
89.8352
88.9673
101.942
94.2957
97.449
90.6096
114.852
100.38
97.568
117.727
91.1364
104.227
97.5809
81.9174
93.4547
89.0605
90.4935
91.5783
132.272
104.532
88.8829
100.966
91.6449
105.856
108.031
99.2683
104.116
98.1273
104.909
107.883
90.8975
77.6188
97.0276
103.005
126.501
96.1287
99.2657
85.2205
90.766
99.849
106.806
88.7533
90.6067
96.8922
115.146
95.3302
98.026
128.349
122.257
91.5637
93.2408
108.83
105.266
85.2743
80.0539
105.557
92.4832
98.8521
101.819
99.3485
97.6855
94.1656
91.8253
100.102
117.839
119.747
112.684
90.6976
89.854
99.555
96.4264
101.829
103.18
96.0415
100.172
104.104
88.8663
96.3175
100.675
93.4693
103.65
99.3748
98.0275
94.9211
97.3062
112.518
93.3864
94.5945
103.395
93.0972
96.4776
109.612
105.979
110.898
95.2269
82.7234
96.117
103.732
96.9517
100.989
102.74
113.407
101.981
88.3346
106.76
101.625
101.942
100.328
87.2553
112.995
104.225
90.1531
75.6352
114.553
92.1462
97.5697
117.071
90.0373
110.358
103.521
102.112
84.9451
93.0896
109.898
99.2463
88.6955
118.838
96.5915
106.407
118.518
107.629
80.877
97.9799
89.0425
110.818
109.556
106.793
98.6977
93.2319
102.953
103.614
93.8056
87.3486
102.272
85.985
92.5278
88.1971
101.85
101.436
105.412
97.3468
98.1583
91.9636
101.004
108.24
113.432
97.1447
100.374
105.553
110.407
100.092
89.4989
101.365
99.4816
105.07
97.0395
101.817
92.2549
100.395
97.4341
111.306
95.9194
99.5656
108.019
102.88
97.3921
100.456
108.759
84.829
96.9842
104.271
91.2685
93.0655
116.21
100.916
106.705
113.095
101.205
89.8208
83.4715
112.26
98.4912
111.052
119.034
93.1393
97.2471
98.0423
121.97
95.1662
96.1146
109.163
98.9701
109.192
100.515
117.361
104.381
125.222
92.0097
99.2521
105.668
118.514
109.994
93.3165
103.635
100.702
108.587
105.898
110.905
112.014
89.828
103.056
91.0516
100.157
108.476
91.3675
94.5537
103.712
97.4236
104.21
98.3156
101.669
124.369
105.981
96.6917
76.0872
113.479
117.152
107.82
111.206
93.9053
95.2992
96.9567
100.199
90.3479
92.7915
100.567
101.081
90.0812
114.52
108.573
93.698
85.7861
121.571
102.076
117.057
110.938
94.0906
87.4233
104.351
93.8445
95.1957
111.651
101.895
91.4796
102.876
120.728
85.2054
106.812
106.563
102.668
91.4641
112.355
94.6432
106.367
104.759
111.521
98.0061
113.409
109.121
90.4927
85.8164
89.7068
120.91
107.977
95.8808
114.585
102.9
107.585
111.568
103.36
96.8633
107.056
101.101
81.9789
89.7714
91.7999
125.731
98.5694
101.286
91.9473
100.537
100.584
87.9526
98.5869
94.9307
92.5004
102.599
107.012
98.807
99.065
105.484
90.6446
96.8418
99.1058
99.3951
97.2426
87.5489
99.8332
98.1153
94.5327
91.5005
87.1337
117.183
106.435
100.521
125.639
106.187
101.549
100.447
105.333
111.062
87.4103
117.646
106.861
96.0076
105.607
101.491
104.457
95.6631
93.1326
99.9582
101.712
128.411
102.142
103.182
96.7044
104.712
110.2
94.2966
117.894
94.4875
111.056
79.4741
87.762
97.1799
100.079
80.4709
103.274
95.6645
103.57
95.9264
97.1676
100.657
96.2751
119.007
102.438
85.7102
111.299
92.6204
107.27
111.663
103.29
85.8056
98.6532
118.273
118.261
114.431
83.3093
115.369
82.0408
102.151
84.7921
109.008
94.6955
106.981
92.37
86.4444
105.158
88.4537
111.755
90.7344
105.227
90.9383
85.1819
104.219
111.184
102.548
91.0538
104.496
94.3704
98.5602
109.445
90.1001
100.642
98.8255
88.4201
122.562
105.726
98.8512
99.6248
113.67
85.8061
93.4103
112.659
107.49
101.59
93.9681
105.026
86.9836
87.8846
102.694
97.2398
103.613
103.095
86.0769
88.6581
96.5612
101.165
96.1188
107.098
111.475
114.31
86.4683
97.7363
118.828
78.0292
99.0232
110.151
107.752
83.4384
118.215
103.158
92.4796
103.196
82.2333
92.0121
108.399
107.857
116.02
98.4834
106.786
79.5854
85.7881
106.877
95.8558
94.0584
97.8696
92.3584
97.0169
88.8794
99.2854
108.974
109.279
91.0054
111.027
111.033
96.9413
122.592
104.457
104.778
100.486
129.734
96.7489
90.5734
102.115
106.308
100.086
84.2935
85.5665
97.0385
99.4737
107.978
112.009
100.14
92.7461
94.8527
91.4819
101.187
93.0793
94.3626
116.968
90.3849
95.5733
92.9221
98.8766
100.263
88.8949
105.77
101.292
102.897
101.767
106.605
118.534
95.7014
96.2036
88.9323
107.607
96.4231
114.756
93.664
93.7258
97.0821
92.39
105.166
100.605
124.109
104.579
87.4406
101.231
128.371
108.034
96.4902
102.293
114.848
104.267
95.975
85.2625
119.439
94.9431
93.7009
123.376
95.577
96.2457
103.905
96.1634
90.7559
110.085
101.951
96.4734
90.0788
93.4998
97.0448
107.044
111.224
102.059
109.419
95.9021
103.824
101.383
115.449
102.061
96.7314
78.8843
105.812
103.36
112.798
91.232
90.1404
100.245
113.552
100.091
100.15
97.9464
117.939
104.777
95.704
94.85
116.262
100.354
104.735
114.556
99.2337
100.084
82.6861
92.5961
90.8096
98.7702
118.033
104.849
118.465
102.029
91.6132
99.3441
111.625
91.0316
108.438
122.447
92.2323
110.921
105.334
77.5432
92.7796
91.317
111.131
96.4436
119.2
95.3946
106.015
95.109
95.8901
89.5096
87.7598
108.959
103.051
102.492
94.9025
104.821
112.355
107.962
105.514
109.424
98.2135
99.0575
78.6823
115.683
113.755
100.531
111.505
109.998
88.7078
91.9128
98.1308
94.4777
95.2759
104.719
103.201
90.4204
102.844
96.9165
97.0528
92.876
113.721
121.712
88.3681
114.543
89.6333
95.3398
93.8064
100.699
95.7568
84.6311
95.2989
85.7104
95.6941
101.965
101.335
106.871
107.995
128.926
86.018
89.5422
91.9892
101.622
101.529
104.399
99.1991
100.267
111.902
101.919
100.655
78.1057
105.52
102.392
93.1728
105.889
87.5424
82.0727
102.119
95.8311
91.5248
85.1521
103.929
106.134
99.0171
105.562
96.9583
113.709
104.753
111.032
99.5858
90.1723
81.0882
99.0525
103.926
106.925
112.702
107.25
92.6112
103.585
85.2645
111.555
94.3681
99.6971
84.1528
111.637
89.5847
102.55
87.7698
100.818
99.7524
104.872
98.1194
85.9057
96.1834
105.463
95.1808
102.627
111.363
100.377
107.637
89.0447
117.594
95.4818
93.672
93.5339
86.7944
98.9679
95.659
86.1728
109.733
90.1871
105.899
102.714
102.152
105.255
89.7663
109.462
111.896
108.434
97.0121
93.762
102.089
119.281
89.8339
105.727
100.313
124.697
107.981
104.064
105.041
109.477
98.5755
95.7445
91.7897
92.546
95.986
88.2519
110.701
99.7451
103.061
94.9984
112.891
92.4365
87.1249
110.832
98.2543
85.4327
121.699
114.631
96.0941
111.885
106.09
94.2989
102.508
106.279
101.303
103.122
96.0659
99.3263
106.444
95.7347
114.045
96.5298
101.063
97.7996
94.6683
110.678
90.1313
97.754
98.0276
111.539
107.604
91.7225
107.539
97.1312
93.2098
89.782
102.109
78.6256
102.43
104.772
127.514
109.907
115.997
89.7478
111.584
89.3138
81.072
81.9953
83.0157
103.103
94.1538
92.5242
100.992
93.3022
103.252
87.3444
95.5542
87.5202
93.729
97.6921
113.489
106.746
89.1188
124.966
106.033
84.1601
108.257
80.1489
107.72
92.2349
94.4702
94.5397
92.5348
93.652
102.284
102.038
88.3021
96.5388
96.1954
97.8223
107.335
93.1368
93.2137
106.958
91.5934
93.7029
88.1289
108.004
105.485
107.576
111.006
89.2543
100.64
98.5924
97.0795
101.581
91.811
95.0256
121.73
93.5065
94.4923
112.188
106.959
94.7946
96.537
108.279
93.8772
127.902
110.298
96.8531
109.903
89.3387
108.74
112.753
100.436
99.5339
81.4432
94.9699
79.5283
101.196
106.792
94.9198
93.5169
95.1438
89.2503
90.7158
102.288
101.935
93.8113
115.353
97.4157
90.6618
105.749
89.9203
101.705
96.4287
87.9715
80.831
100.45
88.0639
101.478
92.56
105.284
99.2929
103.317
78.5931
93.3234
102.788
110.96
83.3334
98.3477
113.744
103.489
105.395
108.005
119.739
103.696
102.515
118.43
87.9054
81.3285
85.3408
114.061
100.109
103.007
106.892
100.514
87.5377
110.321
110.605
94.2426
111.023
87.6995
106.045
98.3921
98.1887
96.0079
87.6959
89.2032
100.339
97.0064
95.7285
90.4057
110.914
88.0389
102.861
101.5
93.1398
104.731
102.786
103.095
83.6133
92.6816
126.879
97.3353
92.553
95.5766
108.582
109.422
105.071
83.4686
102.003
101.861
108.803
83.5246
82.4878
105.926
102.078
93.4325
83.7588
107.84
102.319
104.17
80.6161
107.022
111.029
98.697
99.4009
105.96
103.826
114.317
101.738
90.4086
113.726
106.187
113.819
91.3612
101.139
79.8365
103.617
87.7804
89.5683
101.683
108.868
97.6464
94.5987
104.11
96.7531
100.897
78.0062
105.282
88.4395
90.6384
116.65
95.4721
115.839
97.3715
104.044
95.4464
88.9014
122.779
95.3316
91.6554
103.856
101.559
82.514
108.741
102.184
83.8578
100.952
95.6297
109.758
102.827
97.332
100.392
110.517
104.676
104.496
99.6925
102.606
100.784
92.0624
103.814
111.312
90.482
96.4186
104.405
97.4264
100.252
102.119
95.3983
92.3224
118.297
91.0068
98.2967
94.0333
102.376
96.2483
89.6672
82.1151
101.038
105.622
90.9766
96.016
104.749
97.5078
92.6675
105.883
97.302
102.222
98.3974
102.81
105.006
93.3508
107.607
102.667
115.236
88.3873
102.116
120.816
100.969
103.729
89.7006
91.1431
97.7988
108.717
93.7478
95.9707
98.7465
86.0671
97.6389
89.8657
117.558
106.02
87.8008
102.411
99.6258
91.1379
91.3939
101.24
102.19
97.729
107.439
115.674
97.5809
89.3735
120.123
98.5815
100.028
98.8567
109.882
93.6341
97.8642
87.5425
103.948
89.7556
101.193
85.9957
103.353
94.3072
97.9633
99.0548
88.2634
105.484
113.295
119.911
88.8014
101.67
96.9232
87.9608
100.087
111.727
96.3495
91.7784
87.9175
93.1447
123.318
85.922
99.8838
95.0411
94.3996
102.251
105.255
115.775
87.064
92.545
94.5881
96.9175
100.102
91.5894
96.8547
94.6352
87.4777
108.432
99.6115
75.869
92.3713
102.677
121.668
99.975
119.142
109.913
87.0463
92.4253
110.54
94.877
99.2277
85.7943
110.744
99.6164
110.158
118.226
88.3075
109.799
96.7148
111.784
98.157
93.277
94.544
108.269
99.6358
96.1895
109.609
115.789
111.507
116.453
122.347
99.218
91.3627
108.945
116.179
81.9723
108.648
78.8891
98.4451
104.381
95.6357
112.55
91.9093
98.9466
108.729
85.7261
105.106
94.1895
109.604
103.042
119.812
95.9947
93.9081
100.109
116.342
107.773
98.8523
99.1726
93.7112
99.6355
92.7265
110.082
92.2187
101.841
103.321
93.7802
96.7065
89.9771
91.6049
89.58
99.3508
92.2277
95.6054
118.418
116.004
108.63
135.057
127.444
103.69
107.627
95.0185
114.699
96.6444
92.9672
97.9872
101.893
88.8727
95.304
96.4528
88.3735
111.404
97.7592
98.6698
99.4615
86.1815
98.682
110.052
97.7042
98.1967
94.5629
100.029
108.16
93.0702
85.856
96.6723
108.551
107.599
89.3606
111.686
89.9162
100.235
90.1982
103.18
114.242
106.18
98.2286
93.0296
107.058
128.728
109.711
126.984
108.892
116.356
104.812
103.976
99.7745
97.4341
111.824
98.9569
94.2682
77.8842
92.7191
85.4111
104.333
100.128
111.542
108.423
102.831
115.33
115.693
87.4746
93.8161
93.8851
106.648
107.032
81.8115
102.799
85.7735
81.837
102.886
85.2717
113.427
86.9592
91.5359
93.983
97.8452
90.163
98.037
101.516
100.468
103.753
103.757
117.341
104.56
107.595
112.043
92.9284
119.89
114.848
93.4769
98.3338
83.6237
98.4936
97.7612
93.6685
106.414
96.7923
99.8875
106.302
107.035
98.6025
105.524
100.62
96.9777
104.657
86.7174
96.0289
101.65
106.494
118.713
103.415
118.572
101.865
80.6047
116.474
104.833
116.593
95.8258
103.494
108.647
103.628
78.9766
103.195
88.8851
87.2325
122.617
102.012
93.7891
94.7949
103.834
100.32
97.2108
99.404
102.683
97.8917
105.971
98.6033
109.189
88.2263
101.249
104.413
