1.01091
0.974019
1.49598
3.32021
0.477609
4.42844
2.35186
0.766606
1.4384
0.264771
2.16695
0.328483
0.986012
3.27358
1.22953
2.84427
4.91129
0.145336
0.794507
2.46365
1.36405
1.97651
0.585242
3.17557
0.809143
0.914486
3.31493
0.89477
3.75131
2.40787
5.94287
3.1656
1.80208
1.17273
2.17109
0.0963419
3.87724
0.603584
0.914469
1.41701
0.10914
1.76071
0.836569
1.52496
1.73852
0.572354
1.89535
4.59437
2.63152
4.2952
2.12669
0.68416
2.9701
0.977572
1.35183
0.821804
1.7432
2.91194
3.01982
0.939834
3.60903
2.79964
4.26477
1.21476
4.56217
3.0734
0.834218
3.24377
1.48595
0.25206
1.89531
5.23008
0.256047
3.16326
2.24861
1.58609
3.01474
0.500136
8.46151
1.06124
1.45304
2.30051
0.420864
4.21224
1.37697
3.47259
1.33975
2.28555
3.29752
1.30668
0.649979
0.691505
2.22542
1.68032
1.95486
1.37385
0.797445
1.94092
3.8829
0.548046
1.47808
4.2151
0.296681
0.639907
0.376938
3.89611
1.32442
2.99082
3.43049
1.94002
0.849468
1.93116
1.67211
2.56706
1.15708
2.7821
7.23066
0.863911
1.52765
3.4245
1.73254
4.265
4.31847
0.420579
2.24455
5.34679
2.62782
1.25899
0.57161
1.93197
0.963873
1.35636
2.16128
0.97504
2.26457
2.33932
1.65099
1.1529
0.699938
2.21751
1.92271
0.596916
0.342547
2.25531
1.07626
4.29082
0.998011
1.08021
1.53015
0.986487
1.62818
2.24845
3.61441
0.387811
1.47585
1.80262
2.20852
1.71191
0.483951
0.785583
1.92642
0.388736
0.816633
1.27539
1.36428
3.0699
1.56385
6.08829
0.748636
1.86305
0.752745
0.875572
1.2142
0.127635
3.74162
1.75429
1.19965
0.747675
0.925431
0.634823
1.77004
0.719921
0.548455
3.03286
0.770397
1.51946
0.937424
1.21121
2.73964
1.17147
3.52682
4.16245
2.63796
0.940129
1.37237
1.06586
1.1226
1.22336
1.69902
2.0079
2.26551
1.67335
2.0047
2.7374
5.34834
3.0393
1.05203
1.35822
2.71257
1.96997
6.45344
0.236707
0.250311
0.958016
2.02115
1.0928
4.59442
0.412371
1.5064
0.320592
2.38738
1.63988
0.527389
1.87719
1.06585
3.02887
1.29823
2.28577
0.76587
3.41597
1.48494
1.87523
3.21223
1.2275
1.67295
1.73852
6.61137
2.15861
5.39792
0.31668
2.33687
1.11563
2.39048
3.21949
1.3366
1.52053
3.31597
0.465991
1.01099
5.40231
2.76029
3.37417
2.60425
4.08344
0.379975
3.43235
1.5278
0.599726
1.84673
3.86355
2.53136
0.666754
1.21707
3.79466
1.47985
0.93645
1.1788
1.62015
2.10842
1.91335
2.75215
0.402218
0.558141
2.12441
2.26863
3.30362
0.246489
3.35671
3.53703
0.932389
2.24119
0.520825
0.914342
2.77462
3.14656
1.39529
0.812038
1.17269
3.12174
2.21506
2.15631
2.56327
0.515082
2.03997
1.82592
5.04025
1.61085
2.30472
1.31179
0.0916973
2.45571
1.11106
1.99295
2.1374
4.20911
1.75874
1.45206
1.88035
4.012
2.00946
0.689824
2.8059
2.37834
1.4027
0.381891
1.82266
2.79288
0.304929
1.40764
1.70883
2.46688
1.91024
3.24794
3.68162
1.15274
2.34525
2.56864
1.24846
0.796053
6.92893
3.16341
1.81408
0.809602
1.2987
2.07483
1.27881
3.98739
1.50483
1.98253
2.645
0.820381
5.91491
0.41827
2.4121
0.761341
0.447698
3.22891
1.29885
4.60817
2.73988
1.5587
1.1598
3.095
3.34713
1.70331
1.31598
1.72651
1.01833
0.436901
1.17362
4.14143
2.82373
0.703096
1.7655
1.44016
0.459491
2.30231
1.90387
1.80631
1.44018
2.82378
1.2015
2.34116
3.4087
2.26122
1.81441
3.47783
1.72814
2.32449
1.28327
1.60891
4.56871
1.67033
2.44175
2.33634
0.427969
1.09342
3.80587
1.56392
3.205
0.983738
3.40112
2.73945
2.24561
3.70041
2.84118
2.06873
4.61096
3.04614
4.72076
0.856154
1.32355
1.98261
0.212509
2.2106
0.8918
3.35518
3.49401
4.04989
1.74489
2.27993
0.941369
1.54538
1.13795
3.94806
0.0810795
3.05016
0.575269
0.612385
3.37166
0.363169
0.206308
3.43337
0.868285
3.33954
0.735841
1.78646
3.13738
2.71635
1.41259
2.25864
5.54462
0.810085
1.11011
3.52555
0.219039
0.0739966
0.502818
2.99454
0.542061
3.68194
2.93003
1.5019
1.1018
4.28658
8.36529
2.59712
3.52396
1.68078
2.55291
2.44318
3.2755
1.88683
6.70008
4.8205
2.61695
1.84688
1.38927
2.11801
1.90508
2.03017
0.892128
1.65056
0.872827
0.515855
3.15928
0.328405
2.40395
1.49326
1.57465
3.15507
0.53805
1.10409
4.60494
2.04682
1.14334
1.4483
0.97182
2.25607
1.94521
2.60072
2.03589
2.73489
0.687856
2.2563
1.04536
4.00063
1.99459
2.28336
1.20659
6.34032
0.624124
3.2746
1.40107
1.25061
3.32797
0.427893
1.2281
4.16594
1.7032
1.85875
0.917602
2.36433
0.490069
2.37333
0.91144
0.12811
2.2841
1.81029
1.8352
0.188922
2.2842
1.58463
1.72495
1.60634
0.909367
2.84544
0.518299
0.440865
1.05005
0.948638
5.29001
1.37991
0.188821
2.02908
7.35094
6.4119
0.536019
2.10134
0.527391
2.13381
0.572034
1.04982
0.389338
1.89155
3.39136
3.30566
0.639539
0.89362
1.129
1.27055
0.87644
1.78828
2.2379
1.4427
0.0340345
2.28731
1.99575
0.749913
2.20678
0.646385
0.536016
3.73772
1.43673
3.53326
1.45074
3.2449
3.36346
1.06314
4.21725
0.549429
1.00341
2.39151
1.28974
1.82004
4.1657
3.71886
1.52272
0.583989
0.141176
4.65567
0.91724
2.57106
1.83639
1.63012
5.18654
4.44212
3.08963
0.711697
0.836273
4.0491
2.16144
3.11794
2.25969
3.60485
0.838202
1.2372
0.938146
0.848773
0.847823
1.14599
0.285646
0.425124
2.00275
1.33747
0.783695
0.229331
0.647187
3.15477
1.54847
1.57662
0.983181
2.48934
0.459136
1.07299
0.680509
1.24373
1.27298
1.30545
0.412555
1.8317
1.76231
3.38342
1.70632
1.94208
1.34398
1.05691
2.29536
2.79565
2.4963
5.10203
1.32789
2.97877
0.964904
0.812123
2.48872
2.73899
2.48742
1.1833
0.18186
0.264286
2.33611
0.308755
0.335795
1.46711
1.07044
1.71701
5.48942
4.23541
2.57484
2.24235
0.896757
2.93686
0.315097
2.34645
2.11555
1.54292
4.06957
1.24067
0.749511
0.274231
0.307475
0.411997
3.00235
6.34649
2.65809
2.42354
0.825826
2.79233
2.19623
2.42602
2.46509
3.56323
1.07573
1.80317
3.87663
1.45732
3.75798
3.16674
2.24419
1.0231
1.74352
2.85142
1.35143
2.34472
1.69181
1.51276
2.37876
3.57676
0.536098
0.232751
1.85844
0.945699
4.00654
5.54444
3.6865
1.51831
0.321529
0.446113
1.26603
1.16202
1.50336
1.00533
0.98538
0.144263
0.653769
1.97384
7.79933
0.502761
2.23622
1.30482
1.44146
5.64548
1.43122
1.25798
1.57575
3.3638
1.74992
1.60572
2.42292
1.20833
3.51663
2.30254
2.21542
2.47298
0.248959
7.16698
0.904325
9.38928
2.09947
0.611427
1.80371
2.31881
0.813176
0.369471
2.65188
2.21164
0.210646
1.49132
1.56938
1.38636
4.23912
0.538914
1.23592
1.47302
1.02836
1.37249
1.09913
1.11457
0.457651
1.01502
2.02883
0.702381
1.92133
3.78293
3.50242
2.52505
0.610464
0.725914
2.15727
1.01197
3.94331
1.79833
1.54941
1.79411
0.413712
1.32542
0.488552
1.07877
4.50078
1.14858
1.33591
3.40281
0.229058
0.590461
0.714819
1.44658
2.17502
2.04517
3.4789
4.33506
3.51695
5.16947
0.823526
0.252036
0.707304
1.73325
2.73211
0.577938
2.73022
0.817375
0.775119
1.32278
1.7231
1.39705
4.96286
1.7484
3.91117
0.233925
0.626316
3.58741
5.59378
1.97145
0.663938
0.8695
0.562402
0.530139
0.416743
2.09881
1.47483
1.09165
1.31389
0.923436
0.806809
2.06917
0.614547
0.521822
3.51372
1.1913
1.85457
3.98733
0.914493
0.920708
1.89015
1.24717
3.85093
2.49604
1.73659
1.67584
0.307826
4.81627
2.36058
3.2717
0.747839
0.679914
1.136
3.48744
1.58856
0.607589
1.74317
4.97472
2.20437
0.779041
0.96067
2.40551
0.500594
1.21109
1.4299
1.63078
2.98275
0.424739
3.30922
1.66777
1.47815
2.53104
2.82392
2.36269
1.03349
0.68673
1.00439
1.85774
4.74857
2.03074
1.49546
2.6245
0.628791
1.08105
3.91299
2.13833
2.55043
4.85059
5.41948
3.64681
2.42954
0.782204
0.91068
0.759583
4.60389
0.708486
2.22843
2.46206
1.86584
1.07669
1.9243
1.77791
1.70342
3.89364
2.23123
2.22368
0.787958
2.86385
0.568756
2.46211
1.09564
1.25951
0.747248
1.04206
2.43348
0.865833
6.54198
2.97102
2.39199
1.42486
0.771561
1.71259
1.56824
1.12902
3.25627
0.640521
3.82989
0.942356
2.98194
3.16673
1.0831
2.22015
0.30495
1.80677
2.06605
2.02346
4.92457
1.98931
2.88934
1.98383
2.4307
5.66798
1.57262
1.63088
4.17626
0.732363
1.16869
1.94939
2.0842
1.0101
0.504589
0.109334
5.69
0.919864
1.66736
1.00812
2.15461
0.382397
4.71817
4.68543
1.09509
5.68521
1.33752
0.134317
3.26947
1.93909
0.279241
3.43783
1.34691
3.25367
2.64001
1.86589
1.20982
1.37142
1.56949
4.30996
3.65486
2.76032
3.11493
1.4963
3.98398
1.67632
2.23737
1.09191
3.8702
0.730038
1.23796
3.04756
0.584652
2.34608
1.77037
0.416614
2.22326
0.51496
1.71993
0.843534
2.92833
4.34007
1.23313
2.96049
0.733352
0.247652
2.7133
0.448869
1.74251
0.495013
1.23471
2.00219
1.66263
2.81821
0.75056
0.808962
0.991795
1.43409
2.94184
1.11054
0.883672
0.847161
0.580617
3.73518
0.615713
4.29004
3.31875
3.2816
4.59274
0.687003
0.677048
0.664965
4.05048
3.59999
1.02897
1.1902
4.05281
3.22604
1.82611
0.853073
0.756822
3.44977
2.93537
0.586718
2.07966
1.57968
0.879455
0.648613
3.16479
2.81682
1.44883
2.0671
1.43166
0.786317
1.07376
3.19487
2.48698
0.74089
1.70104
5.47956
2.27314
1.49648
1.65635
1.62637
1.74329
2.39622
0.130675
2.62933
2.83869
4.36993
0.309168
3.11959
1.73759
2.26386
1.34655
0.488468
1.6984
0.779196
1.73362
1.34559
1.40087
1.04343
2.88067
3.53986
4.27108
3.43726
1.17631
0.071783
1.8295
3.19646
1.01662
0.887584
2.22387
1.30858
1.25599
5.40567
2.25742
2.80464
1.00539
5.25902
1.41282
2.38343
0.513401
1.17551
3.31681
0.682912
2.08458
1.97416
3.14696
0.634609
0.608037
0.771029
1.39384
4.755
1.73424
6.62485
2.11295
1.27784
1.87684
3.0604
4.83796
2.02237
1.3014
0.282454
2.17941
3.01015
0.970513
0.28617
0.898443
2.85053
1.94949
3.19704
0.680498
5.14061
1.73478
2.5456
0.76152
3.31494
1.79569
2.96271
1.9892
1.60872
0.91222
2.01883
4.10816
1.71668
3.89549
5.00599
1.06
2.13951
0.392444
4.11613
2.05083
2.15668
1.75663
4.14345
1.97029
1.96544
1.85395
0.249082
3.46806
1.86916
0.796873
1.1628
1.13256
0.948127
0.545253
4.52648
1.16406
0.452205
1.72248
0.67762
0.955227
4.70988
2.12002
2.01369
0.965609
1.57498
1.87596
1.57075
0.632453
1.79722
1.84742
1.2266
2.24154
2.45783
1.1513
2.74007
1.33798
1.54312
4.80783
1.16715
4.67438
1.11377
0.742638
6.50486
1.04077
1.31191
4.91845
4.06112
1.95994
1.72688
4.27162
2.60622
0.749292
1.24678
1.02424
3.5684
3.41165
3.03051
0.143425
2.2043
3.92337
0.396511
0.476765
1.994
0.294766
2.30361
0.507287
2.25331
3.39324
4.61029
0.289937
0.636691
1.21806
3.4626
2.96305
3.78021
0.384068
3.13271
2.07972
2.92213
0.406201
4.40761
0.513239
0.854784
0.614005
1.27115
4.6024
3.83369
3.34334
1.75065
2.71828
1.79876
0.563207
1.03282
0.667623
2.91311
3.54337
3.64458
2.53128
1.28074
1.70623
2.0589
3.25451
3.22014
2.53489
1.64597
2.21499
0.523909
2.27039
2.48994
1.61098
3.80346
1.67604
2.59424
0.320908
3.60745
0.518839
1.4287
1.71083
1.54538
2.36434
0.60985
3.22738
4.60411
2.85497
3.04172
5.45105
1.42864
1.89791
1.22902
2.9591
0.469317
1.4288
2.1751
1.45089
2.29479
0.696991
2.01649
0.769225
5.04909
6.39733
0.804254
0.92867
0.912762
2.49798
0.865575
0.369462
2.76524
3.89868
1.68092
4.90525
1.14252
3.29048
0.611801
5.96915
2.40366
0.803286
3.05804
1.54952
1.33619
1.22989
3.35115
3.6456
1.87101
2.45652
2.60568
2.38367
2.90563
0.827771
2.27012
2.35866
0.34219
2.30781
1.17135
0.574365
0.412809
1.1089
2.31921
3.26017
0.509187
2.91471
0.455239
2.96275
1.10889
0.0983613
2.52448
2.69584
1.11451
3.41582
2.61406
2.42576
2.98084
2.03172
1.74282
0.51317
2.60764
0.781762
1.49523
8.05278
1.02197
2.1612
2.81509
0.528629
2.98813
2.03072
1.25463
1.24647
2.60289
1.53367
0.847564
1.18495
2.57595
3.41287
0.90708
2.27111
0.60251
1.32565
0.856471
0.265622
1.27385
2.21103
4.18313
0.673204
0.651859
2.57185
2.88671
2.27788
2.119
3.42136
2.1209
2.74873
0.8317
1.20413
2.17699
2.78726
1.54425
0.688229
1.3415
2.21365
1.17419
0.388319
0.479667
1.32
0.80383
2.47451
2.91221
0.935149
0.948722
3.74022
5.08141
3.51577
0.303794
1.14235
0.687233
2.82395
5.12914
0.363868
2.30262
0.902195
0.40831
0.420753
4.18681
2.36212
1.42529
0.146019
0.709336
4.36082
0.981034
4.63403
4.34215
2.40749
1.93961
1.99214
0.779308
2.47327
1.05567
4.95576
0.627545
3.51834
1.68831
0.558123
1.58225
1.26443
2.35007
2.69408
1.87273
2.15582
2.09354
1.12018
0.646371
0.74318
0.41797
2.19463
0.450404
1.04139
3.09648
0.790322
0.976039
3.12702
1.617
2.52884
1.89421
0.711299
2.1063
4.18667
2.86235
3.17437
0.569454
2.86794
2.93343
1.14155
0.521261
0.805313
1.30738
4.56369
2.11948
2.4478
0.966174
1.64112
6.10314
2.95551
1.5384
3.1251
0.907542
2.1039
2.07197
1.15791
2.32589
1.03915
2.29317
2.54692
0.834622
3.25618
3.2333
0.725242
1.47481
0.727445
2.4454
0.614627
1.01892
1.60423
0.0415508
0.432574
0.904892
4.18865
1.92922
1.5094
1.31341
1.3514
2.10249
2.24136
3.16723
1.76577
1.99072
1.98089
1.1315
1.15784
3.93844
0.336027
2.95112
6.06034
1.21905
1.38912
3.36913
5.08682
0.796553
2.48135
2.4315
1.54597
1.87174
0.709824
4.24334
4.96912
0.628396
1.59165
0.45258
0.130159
2.71377
3.89861
1.2031
2.92088
1.69993
2.46937
1.27345
1.37021
1.00358
1.90084
1.00692
2.792
2.40227
0.744728
1.27503
3.13475
5.21088
0.818156
2.40808
2.32671
4.13082
3.95484
0.339731
4.0277
3.40239
0.905174
2.16272
3.73786
0.940301
2.01299
1.40915
2.1523
0.391377
1.93714
1.08588
2.73927
3.97687
2.44003
4.18153
0.533557
4.10643
0.706648
0.850993
1.06952
2.69922
1.50031
0.637819
0.697487
0.761168
7.0953
0.946949
3.906
0.501567
1.20134
4.59828
1.09836
3.31667
2.24996
1.62169
4.48312
0.348559
1.33059
0.908014
4.29848
1.34248
4.19788
0.914912
4.85944
2.8255
2.78929
0.391541
1.60648
0.575637
2.35632
0.495209
1.60662
2.26346
1.44858
3.24195
2.92659
0.42273
3.1655
2.02504
1.10136
1.84702
1.30463
1.14043
2.35044
1.55115
2.07471
1.4669
4.67511
1.77879
0.632221
0.965439
1.20546
2.92715
1.12511
1.0569
2.48505
2.3534
1.84114
0.910199
1.55926
0.95108
1.25119
1.47749
0.570905
1.48875
5.15952
0.801576
2.33032
0.969876
3.13458
2.01577
2.38439
0.494086
0.381175
1.28355
2.00313
1.94608
1.65855
0.965691
4.90356
0.794885
1.40443
2.74683
0.511653
2.25042
0.527356
0.490368
1.42952
1.78634
1.53041
1.35873
1.20829
0.598257
0.583128
3.94166
5.16452
1.34265
6.07624
0.468984
1.63214
1.25855
5.17989
0.230833
1.58745
6.26509
2.79731
1.5447
1.07913
2.00705
1.80088
1.19056
1.60864
1.92613
2.76681
2.57358
3.60529
2.6232
1.00547
3.41365
2.12648
6.94585
2.20322
2.98609
3.81509
8.53059
0.979572
5.61821
1.46438
2.07502
3.14703
2.49954
1.11565
2.30457
0.631275
1.15957
3.6189
4.15549
1.28949
0.889099
1.92458
3.01613
3.00308
0.670521
3.19207
1.33067
2.21674
1.93059
2.0146
2.66778
1.10813
4.83948
3.95428
0.625477
1.09519
2.52615
3.08372
2.07328
0.682773
2.8062
0.697979
1.91397
0.420853
3.72102
3.14566
0.391641
1.53208
2.83395
1.40657
2.51304
1.09407
0.964285
0.667678
0.207326
0.581356
2.65128
1.63363
0.770727
5.7045
1.8631
1.93517
3.5912
0.628691
2.72278
2.23955
4.33442
1.15163
1.63868
3.00546
2.17321
2.51185
1.90002
2.23773
1.145
1.27681
2.38361
2.12591
1.10158
0.758211
2.9911
3.12393
0.797547
2.06378
1.6939
0.244293
1.83665
2.07851
3.3884
0.613987
2.31268
2.81526
0.956083
2.11123
0.652507
2.78943
0.503667
3.44505
0.527338
1.88393
0.215612
0.603506
6.14028
0.327074
1.05242
3.07055
4.26277
0.145623
2.34766
2.69094
2.69054
0.509065
0.98187
0.454847
2.75497
1.54974
0.749911
3.83728
0.905548
1.6035
0.262134
1.46108
2.16142
3.46756
7.82142
1.95525
0.956117
1.75793
0.892548
1.86612
0.725016
1.85373
0.268365
1.42314
5.00128
0.8668
1.256
2.08278
0.290419
1.40715
1.32759
3.62679
0.888094
4.86111
0.665945
1.8296
2.97293
2.13487
0.222265
0.825038
4.72058
0.919652
0.983462
3.55871
1.49515
5.56379
1.34121
5.52473
3.30576
2.27267
3.7301
1.59836
1.67802
2.03046
0.887251
1.58178
0.268067
3.46628
0.0482979
1.04461
1.6664
1.29109
0.616235
1.78076
2.44756
1.02355
1.73866
3.95589
3.10693
2.2366
3.55228
1.98645
1.51112
1.65069
0.330717
0.928639
1.55691
1.34657
0.494746
3.1284
1.53907
1.20882
0.504401
0.317453
1.52773
0.806199
3.71955
3.23918
1.93203
1.12613
1.42157
0.9006
3.60361
1.36952
3.69329
1.18571
2.39247
1.95821
0.803552
0.374917
1.22598
0.726452
4.34541
1.25293
1.87293
0.427399
5.12196
4.34779
0.300041
2.00377
2.62821
1.85095
1.83438
2.75441
1.98525
0.990722
3.45689
1.35613
0.237617
0.618523
0.712062
3.28086
2.37023
2.90418
2.22352
0.584609
5.70439
3.2822
2.62234
0.154707
1.03702
2.68687
1.03044
0.559597
1.1253
1.0771
1.52945
1.98708
1.29598
1.58159
1.31936
1.36664
0.721865
2.41261
3.35478
1.48895
2.07329
2.36037
2.13201
0.47629
2.60823
1.3904
4.68569
0.934887
0.707646
4.71787
4.48124
0.647172
3.67818
1.77245
1.19536
1.74614
0.917471
3.23202
1.19457
9.6241
2.54177
4.93743
1.06407
3.51906
1.36091
4.10001
3.87244
3.24407
0.18313
1.3958
2.00398
0.557157
2.06482
1.64045
0.428107
2.90835
2.28223
2.37529
2.65642
1.82724
0.46569
0.809159
2.61729
1.77091
0.757115
2.14915
0.29299
3.02172
0.967417
1.36036
1.05903
0.52221
1.14288
0.830688
3.65552
1.83823
1.34191
2.07906
0.184484
0.775211
1.43493
2.69919
0.79842
1.05101
2.66758
4.59092
5.09039
0.510068
1.73687
0.517495
1.04046
0.990396
0.388852
0.493914
1.18218
0.421469
1.61229
4.67954
1.66752
0.48001
0.669445
5.38937
3.5626
6.08011
2.24082
1.20461
1.40446
3.94928
0.70774
0.84229
1.16465
1.9067
0.970345
0.432597
2.69151
2.08356
0.385956
2.36278
5.35173
1.50746
2.98624
4.17704
1.48102
1.79824
1.82635
1.92044
0.901675
0.750265
0.985558
2.3696
0.985443
0.788306
1.44475
1.00507
1.83115
2.35046
1.29174
0.815807
0.738826
2.19175
2.43094
1.12333
0.640006
1.82007
2.86084
2.46499
0.651202
3.06766
3.20168
3.56425
1.23717
1.58105
2.11222
0.979602
3.24407
3.16558
0.697365
2.2155
1.0518
0.350717
4.49409
0.328656
1.37315
0.42288
3.27464
0.656424
0.750906
2.31877
1.98569
0.885369
1.48041
1.78252
3.21945
2.11266
1.8125
1.62947
0.783146
4.05914
0.441483
1.86851
6.26109
0.409662
2.76106
2.55545
1.51321
0.638208
1.19786
1.42993
0.619259
1.13303
1.27626
1.01096
2.84439
2.42341
3.6222
1.46479
0.327235
0.465689
0.339677
3.23042
3.8731
1.86334
0.319101
1.58319
0.951614
3.77021
2.68976
0.185012
0.32829
1.83813
1.29707
2.34089
1.77323
1.18023
0.495227
4.55764
0.503977
4.38171
1.03158
4.29334
1.09219
2.88923
2.92911
6.14297
0.774658
0.65511
2.0234
3.58829
2.38551
1.12042
3.39772
1.698
2.68833
1.03556
0.781821
1.69223
1.86896
1.84625
0.856904
1.15958
1.07666
1.30809
0.813687
3.46008
0.373065
2.46097
1.60613
2.50761
0.67452
2.37378
3.80474
1.54265
5.86363
4.52245
0.99939
0.567556
0.242527
3.53937
1.38426
3.46604
0.921911
1.24661
3.08264
2.44125
3.52249
1.66122
3.28952
0.372274
0.389261
1.32218
0.598394
0.840383
0.964274
0.552808
3.26605
0.506737
0.438414
3.32027
1.59181
1.16425
6.58224
2.89096
1.43668
1.96839
1.12031
1.52061
0.451326
0.981885
1.37902
0.641222
1.14666
0.43389
1.59301
1.47287
4.69485
1.7867
1.6494
1.10889
3.5281
2.21392
0.91254
1.88564
4.02608
0.868895
1.98424
1.80231
0.99292
0.493878
2.82335
1.173
2.42098
1.20367
0.559756
0.146458
1.75004
0.777321
1.60458
3.6442
0.558836
2.39679
0.28042
4.39861
3.36488
1.62914
2.41582
2.63794
3.24708
1.67379
2.25464
1.94314
0.841567
1.25937
3.90953
0.130391
2.00304
0.47045
1.91316
1.10038
2.70862
1.32631
1.60109
0.890653
1.04061
1.95723
0.0647865
0.592757
1.59232
3.01381
0.724996
5.72005
1.48346
1.3343
5.54052
4.46003
0.176587
1.58405
0.491067
2.80963
1.08191
0.039675
0.610204
0.978369
5.01643
1.57065
0.399938
1.21199
1.83285
2.071
3.66996
5.12096
3.15627
1.89215
1.29693
1.37997
0.251683
3.60684
0.651299
1.74057
1.69216
1.93016
2.3947
2.61992
1.88612
4.68729
0.764871
1.14563
3.38347
2.21576
0.610953
0.878593
2.83752
0.955366
0.798554
2.31707
1.52094
0.489644
1.22194
0.828481
4.51112
2.43427
2.64305
1.20416
1.50423
0.817945
1.55741
0.355588
2.06964
0.244611
2.49182
1.48263
0.801305
3.86719
0.49901
1.5406
0.741819
0.598009
3.99219
0.862186
1.92738
1.86311
1.02511
0.764609
0.541708
3.75908
5.96697
1.23188
1.56592
2.32615
1.11137
0.94692
2.47223
2.05405
0.325605
1.94072
1.75225
2.12957
2.33667
0.367917
2.78812
0.670193
1.02936
5.34109
0.490465
2.51814
4.10582
0.89227
4.5314
1.47131
3.18168
0.107448
1.06914
1.72312
1.1724
3.94934
0.303757
0.338328
0.504196
1.17526
0.441899
1.22523
1.31268
0.535617
2.43987
0.557704
0.98539
1.14273
2.90424
0.747098
2.6796
2.1073
6.2176
2.41024
4.31012
1.51974
1.59969
2.67857
2.5305
1.66872
0.0362892
1.94046
0.339917
0.435681
1.11995
3.57802
0.0194258
2.59226
1.77804
0.844459
0.401113
5.63502
4.5213
3.89982
2.09129
2.12671
1.10127
5.59735
1.19135
1.86269
2.54566
1.96806
1.81152
4.13626
0.760028
1.13898
0.883457
3.07162
1.15419
0.921202
2.3527
1.51392
0.730586
4.51118
0.736882
2.05593
1.78921
2.30971
1.83944
0.685686
1.25223
2.87715
0.492264
1.65885
0.497231
3.08193
0.967217
2.29576
0.772609
1.96391
0.853374
1.23482
2.2121
4.11705
1.67196
2.6296
1.2982
1.95194
1.58921
0.734791
0.669419
0.761958
1.82055
4.55847
1.24505
1.36659
3.57714
4.68175
9.54431
1.58762
1.49668
0.169775
1.87375
2.37543
0.799915
3.45368
2.49874
2.45458
2.25866
6.50596
0.493106
1.45875
0.958325
0.849032
3.04033
1.69812
2.51094
1.42013
1.11354
4.25209
3.87342
1.21215
2.43246
0.916733
1.20372
0.324874
2.58796
2.63523
4.24163
1.26092
0.830951
1.2843
2.06555
2.44675
0.370354
1.21871
2.40981
2.69823
1.09444
2.82345
0.854695
1.01502
0.667375
1.23665
3.54336
1.63724
1.37486
3.22538
2.66654
2.19873
1.82154
2.58965
0.83731
2.10802
1.93587
1.03246
4.53474
2.55491
0.819984
2.92711
1.39813
3.11597
0.724028
1.50703
0.837513
3.1847
5.07598
7.29627
0.951557
1.38177
1.01735
4.10375
1.32317
3.95892
1.34337
1.61733
2.09281
1.1332
2.45851
2.50147
3.30031
2.68634
1.85313
1.06332
0.913469
3.14792
2.06888
0.469251
0.251935
6.3874
1.11303
0.432081
0.482483
1.43203
3.64042
3.64844
3.89835
0.530291
1.24001
0.200917
2.50605
0.669316
0.867928
3.22594
1.9983
0.978541
3.74216
1.25874
2.97675
2.54193
2.67963
0.709505
3.87806
2.56934
2.23557
5.22722
0.301746
1.31091
1.78013
2.55356
4.04681
2.00619
1.021
0.920029
4.21975
0.590598
0.538843
2.66741
2.10282
3.79588
0.826829
0.926123
1.90377
2.94593
1.09132
0.603326
0.362199
2.77463
2.50012
1.38005
2.7737
2.87542
2.8657
2.17931
1.4885
2.25837
3.50696
4.56637
0.420605
2.31538
0.717168
1.41019
4.10109
2.11037
2.40227
2.66061
3.55089
3.8287
1.43679
1.83006
0.631331
2.85502
1.36453
1.21724
4.68823
3.70258
1.11266
1.01072
2.36903
0.55136
0.348605
0.793998
0.90874
1.32033
0.841608
3.47567
0.984677
2.47386
0.898612
1.07775
1.21127
2.89055
0.272011
1.979
0.441617
2.61266
0.370577
2.35751
2.31842
7.28563
3.18483
1.64195
1.07026
2.65025
2.50812
4.19928
2.45926
1.08419
0.457752
1.43514
1.22459
0.663922
0.104697
1.15393
1.87593
1.41019
1.01888
3.04846
2.34406
2.02207
7.92802
1.18552
0.685087
4.05661
1.38223
2.33054
0.96021
1.4201
5.88372
1.34856
2.76615
1.41421
1.00886
4.16358
0.976667
1.26389
2.30621
0.9336
4.48837
0.470351
3.10386
0.571617
1.27292
0.718894
0.870934
3.14364
4.54289
1.11453
0.646011
1.00613
1.22943
1.36778
1.48039
1.90395
1.78774
2.4133
1.53998
2.36439
1.43378
1.38153
3.91467
4.62001
1.35057
1.42927
0.294667
0.549737
2.30912
0.85681
1.75409
1.65435
1.40549
1.44456
0.375714
3.65069
3.02297
2.24501
4.45586
1.0468
1.01547
3.6319
2.03271
0.591799
1.41814
4.60008
0.628639
2.04833
3.55772
2.00342
1.60189
1.21116
2.11733
1.07719
2.10892
1.16155
1.34862
0.568354
2.37205
5.05261
0.234742
0.615555
2.58199
3.17417
1.45519
3.66009
2.08643
1.14988
0.597681
4.10306
3.06052
3.30615
1.86764
1.99645
1.39172
2.90099
3.15142
3.10619
1.883
3.77476
1.86181
1.13098
4.77389
2.08905
1.47892
0.57364
2.99234
2.34941
2.7424
3.26236
0.153046
2.46655
1.96574
1.92393
0.856445
6.03817
3.15821
4.19523
4.01109
2.28321
1.92542
1.75801
0.759588
4.21051
1.8333
4.04076
2.46124
1.66077
1.87092
0.554937
4.16996
0.493078
2.1875
3.92702
3.63568
3.84118
2.6679
0.255363
5.79211
1.28868
0.903379
3.26002
1.97231
3.88209
2.58147
4.94603
1.09929
1.77225
6.82664
4.18015
2.72777
1.81737
7.33319
3.55162
2.28298
1.76329
1.71589
2.2678
1.9085
2.21783
1.49322
0.701188
2.2571
3.53689
2.80954
5.11646
0.432022
2.76464
1.4538
1.98544
3.20249
2.31681
0.949786
1.67286
1.94914
0.27404
2.6045
3.44281
2.68552
0.538094
0.891076
1.2577
5.19829
2.01272
0.906267
3.77623
6.12937
0.897064
3.70731
3.53852
0.244591
0.715149
1.99765
2.46445
1.7457
0.955471
3.49298
2.94854
1.21515
1.91572
0.791258
1.1994
0.913108
1.73495
4.07655
0.61788
2.52827
2.88483
2.54422
3.88813
0.467685
5.08327
6.00782
0.670744
0.762375
0.461411
0.446564
1.30556
1.81143
1.64342
1.14434
1.79611
8.03863
1.9264
4.40717
1.50719
1.59755
0.807967
1.29519
2.30694
1.64517
3.17475
1.59384
0.582517
0.826669
1.9944
1.96292
6.36421
1.08287
0.322445
0.830598
1.57772
5.53125
5.20894
1.93965
1.92319
2.03907
1.88875
0.204856
0.186774
1.46805
2.73819
0.200661
2.2507
1.15078
1.05543
1.14721
1.37689
2.35239
0.817869
2.19662
0.693991
0.528821
2.88644
2.39656
0.32965
1.86122
2.85855
0.0581919
0.723518
1.81401
1.99941
2.8087
1.39984
0.834869
2.45656
1.26477
1.08278
0.720508
2.03713
0.256978
0.858134
1.36222
2.12104
3.49075
0.93294
1.17435
0.792689
0.980112
3.89678
2.71871
2.75166
4.15064
2.54357
5.83742
1.55004
1.0114
3.12329
3.31102
0.893048
0.604465
4.23531
3.43646
3.06487
6.35993
4.45557
0.741874
1.10339
1.68363
2.866
0.51538
1.44064
3.3409
2.74102
4.47345
0.0691116
1.85663
0.888603
1.87705
2.09565
3.05257
4.844
1.75873
0.694957
2.0028
2.84421
2.23049
1.62299
2.97126
1.28612
0.515827
0.886538
2.86747
0.702857
1.5855
2.61421
2.03821
1.22965
0.987013
0.931114
2.01537
0.935565
1.4091
1.75068
1.35765
2.51179
6.13036
1.14428
2.72673
2.83452
0.814463
0.674352
0.751639
2.83176
0.0170642
0.925183
0.302547
1.45249
0.58762
1.60752
0.767412
1.80785
2.35951
4.60037
0.363834
1.33698
0.687528
1.62789
1.35733
1.64179
0.603547
1.92808
2.25092
3.04537
2.58119
0.785692
1.58983
5.29523
3.34225
1.85101
0.583297
1.18904
5.77879
0.325942
0.889633
2.30955
0.618405
2.38524
1.42149
2.86467
1.14638
2.23933
2.00329
1.35162
3.42782
0.426769
2.00596
1.76725
1.74564
0.126886
1.84302
2.21568
0.669075
3.05671
2.52343
1.99599
2.58807
4.03722
4.33059
1.02236
1.21457
0.904502
6.62884
2.78736
0.463597
0.867615
3.10995
1.51573
1.41469
2.64119
0.505049
2.55097
2.7619
0.429777
0.709046
0.194333
2.45136
1.93657
0.493683
0.672084
1.42306
0.499995
3.02076
0.923641
0.349791
0.799113
0.590321
0.876874
0.557386
2.99626
0.81372
0.5367
1.06548
1.8321
4.78427
0.817349
0.38298
1.21334
0.800191
0.636662
1.2501
1.08892
3.05486
1.89465
1.32558
0.994328
2.68546
1.0965
1.53065
0.703002
0.77958
0.312266
1.41053
4.50012
1.58966
2.22462
0.416514
0.191211
2.48113
0.755585
2.85004
4.01082
3.50104
3.62774
1.01457
2.50384
2.57006
0.659249
0.829756
2.07623
4.25053
0.858969
2.05765
1.94994
2.8752
0.673539
1.46587
2.18673
0.9642
0.479611
0.561511
5.17222
3.07874
2.57215
0.962625
2.85673
5.28257
0.330895
2.75867
1.15388
2.04267
1.82727
2.12107
2.23177
1.22199
1.38713
1.12245
1.51217
4.71317
0.721063
3.04713
1.7076
0.960779
0.862188
1.25201
3.23885
2.66905
1.31286
3.05258
2.48968
2.22075
2.65221
0.535995
2.60519
1.76204
1.59117
3.05129
3.53904
3.11508
2.77602
0.86644
0.732025
1.0238
4.31116
2.47567
0.804056
1.59334
1.79789
3.35666
1.21466
1.86133
1.13209
3.22537
1.2322
1.1482
2.90551
2.0743
0.489101
4.77715
1.25456
3.59621
3.23133
2.01198
1.14175
6.49338
1.24561
1.72398
1.90227
4.18506
1.42899
1.81483
1.96437
1.69216
4.66973
1.39369
3.20752
0.627125
2.46607
0.0609721
1.47114
1.10942
3.01412
2.25084
0.446749
1.03497
3.81434
3.49998
1.30501
2.43707
3.04606
0.910159
3.64756
0.76874
2.86039
1.11141
0.370921
0.210855
1.58352
4.05232
1.57368
6.33839
1.69597
2.01574
2.24747
2.81892
2.70545
0.298321
1.84323
3.68108
2.06178
3.11599
4.48528
0.291104
0.824804
1.89143
0.454572
0.168892
1.17464
2.21763
0.121556
5.77259
1.50116
1.8197
2.01316
0.596332
2.27325
2.92248
4.28732
6.31098
0.582079
0.833323
1.13941
4.09713
2.65634
1.83875
1.98783
3.35876
2.53533
1.99782
0.780058
2.5281
0.490799
0.607701
3.02373
3.76012
1.46033
1.54079
0.643836
5.21033
4.70241
5.08668
1.04773
1.63388
5.53534
0.251061
0.577341
0.596123
2.44564
0.600189
3.19982
1.74629
2.64434
1.20888
3.88287
2.6967
3.67413
1.53743
1.42165
0.886044
2.18129
4.96759
5.33072
1.04694
3.08965
0.361274
1.8347
2.19875
0.705642
0.595438
0.56473
0.460536
0.883825
2.1569
1.67499
6.36521
3.64372
1.14763
1.54051
2.41976
0.93987
8.82987
1.69821
1.12608
0.663299
1.11746
4.13879
3.52573
1.09771
1.36699
2.27322
1.6976
8.15388
1.23781
1.78565
0.642661
0.609852
5.29372
0.757134
3.03513
2.87023
1.26204
1.30638
1.69799
1.64205
0.713737
0.658633
1.11404
1.20089
0.885091
4.07575
3.50705
0.729922
1.80285
0.136043
2.84153
6.17256
2.28481
0.170176
3.13927
0.755469
4.64834
6.23098
2.08579
2.87145
3.76907
1.08178
4.78502
5.01097
2.96736
0.844504
0.517397
1.76891
1.78658
2.63765
3.33736
1.66439
1.27884
5.28424
4.56242
1.94217
2.96956
0.90492
1.6355
1.06148
0.635252
1.46454
3.13039
0.752982
0.670396
1.90784
0.63295
0.316667
2.39775
1.19559
0.643551
1.39603
0.705836
1.4726
1.03457
2.76328
3.06782
2.59018
2.2887
2.59374
0.499613
0.952906
1.67531
2.06293
0.530769
3.62295
1.91682
2.50847
3.9764
0.707925
1.17127
2.20481
0.289919
3.49567
1.81298
1.39371
1.35895
0.609175
2.78633
2.80963
0.711771
7.42982
3.71153
3.62621
3.42324
2.21596
4.62628
3.49387
1.73037
0.862454
5.2741
1.45422
2.63903
4.76561
1.7442
1.62061
0.20085
2.31242
4.33544
0.342039
0.998379
1.27612
1.08441
0.673559
0.722902
1.27204
0.631666
0.650505
0.337367
0.855319
1.48747
1.93144
2.06739
2.80042
10.3304
1.69657
2.88017
0.897284
2.38411
2.20298
2.29487
1.10539
1.08232
1.70332
1.60549
1.69103
1.3001
0.732039
0.714561
2.89375
2.99618
0.720812
0.580338
2.04626
4.88791
5.68563
0.289914
1.86868
2.62582
3.76148
1.64319
3.9365
1.07695
0.505767
1.22727
1.90067
0.766726
1.88545
1.39131
1.70553
1.6025
0.917536
3.525
0.880197
1.5917
1.93514
1.85348
4.77127
1.55983
1.1755
1.23746
1.01595
4.37458
2.27186
3.92386
1.08604
2.97362
3.12963
1.25218
0.45548
0.0917071
1.76533
0.774295
4.18815
0.472201
0.464986
1.06103
1.40258
2.82182
0.542736
0.482496
1.07412
1.47294
3.04109
4.23826
1.40575
0.981288
0.838192
1.88474
1.37289
1.0334
0.616859
2.18106
2.56043
1.67366
1.22467
2.84751
2.95486
1.00136
2.70983
4.03689
2.57117
1.78153
2.39162
3.14016
2.26607
2.81774
1.86992
2.31967
1.93864
1.73444
0.868068
4.14116
4.71695
0.854085
1.22007
1.88392
1.03614
1.88834
0.495524
1.42538
2.35918
0.636137
1.42558
3.87911
2.53734
0.950204
0.994625
0.222048
1.68944
4.72833
2.91977
0.847352
0.753601
4.53705
3.43188
9.36414
4.4243
0.519468
3.66306
4.67824
2.57167
0.282983
1.18788
1.44696
2.92602
6.32367
0.700402
2.86516
1.05748
3.07975
1.70326
6.69602
3.07997
3.26785
1.77179
3.57856
2.15933
1.48023
4.18097
3.78425
4.77831
1.79205
2.72075
2.64084
1.76503
0.48182
2.23383
2.61236
1.62379
4.70887
0.826227
2.09467
2.815
1.28499
0.169864
1.7696
4.8938
0.524249
0.455945
1.64226
2.04987
2.92874
0.600996
0.580186
1.98072
4.01703
1.79133
2.69146
0.324952
2.61501
1.03226
2.68813
0.372998
1.37361
0.760899
0.239824
1.29628
4.24228
1.02153
2.30931
6.45285
1.40666
1.53475
1.41657
0.966242
2.11485
1.45696
2.58239
0.789319
1.455
1.17043
0.263744
0.473608
0.587008
1.17556
3.20889
3.56162
3.58486
0.670335
5.6165
1.30643
1.53328
2.46832
2.1442
1.53075
1.48094
1.68956
0.547335
1.02747
6.08633
1.46613
1.46646
3.40806
1.76559
2.18897
0.543513
2.67807
3.65312
0.909997
0.981097
1.81622
2.27535
3.5395
0.826833
0.261972
2.36419
0.180385
3.98075
0.598216
5.38787
0.788049
2.16262
2.30532
0.221408
2.05672
1.27901
1.10427
0.516927
3.62172
2.00454
3.23028
1.47153
2.35185
6.8047
2.06227
4.3616
0.376802
0.87532
2.78901
0.461267
1.05034
2.38867
0.972161
1.72597
0.60678
1.55225
0.763455
2.68214
0.478886
1.579
3.04608
2.32516
4.92409
1.61018
0.455608
1.0581
0.660478
0.911775
2.11984
5.16454
3.65127
1.48738
2.19437
1.92034
0.820541
0.445116
1.88963
0.840911
4.61653
0.90536
2.43274
4.50075
0.645657
0.696212
1.80704
2.25189
0.871747
1.17699
1.86993
1.74256
2.72815
1.23536
1.13296
0.850049
1.87077
2.48131
2.44631
2.27785
1.26693
2.87231
1.81403
0.628945
4.9074
1.03351
2.28702
3.33083
2.87493
0.393253
2.43482
4.23805
1.91239
0.451815
1.06723
2.44289
1.49824
2.9393
0.707282
3.84139
1.20051
3.73301
3.40432
6.22307
1.36126
0.38488
1.84228
2.09081
2.44107
1.99446
2.78482
1.04227
3.86246
0.500843
4.00302
0.522613
1.17642
1.22238
3.89709
0.024975
0.991175
0.470509
3.78634
1.03971
4.38595
1.97639
3.69163
0.979552
0.839107
0.541611
1.09221
1.11122
2.26834
4.74299
0.632215
2.40562
3.285
2.02616
1.96072
1.42315
2.36098
2.07864
2.5036
3.00539
1.07608
0.897118
4.39596
1.74399
0.688289
1.47696
3.33992
0.405241
5.5766
1.61221
0.601613
2.05149
2.03797
1.08527
1.46954
2.07731
1.42058
1.67413
3.92177
3.52852
0.704061
1.2574
0.914065
1.63442
0.20131
0.919304
2.53462
1.81346
1.49538
0.509803
0.466902
2.01201
1.78384
1.69853
1.58668
4.09266
1.97684
3.72269
1.05933
0.23743
1.01149
2.06756
3.43164
3.76891
1.88153
4.80595
2.17196
2.72507
1.00135
4.88799
0.86214
1.44685
1.8993
3.48626
1.65408
5.41774
3.71296
1.02964
0.129263
1.05957
2.50317
1.19411
0.692016
0.629848
0.596982
0.503061
2.10412
1.15149
0.440824
0.845966
0.330752
1.13184
5.74055
2.69918
0.405997
2.73301
0.792163
0.700456
0.53347
3.1897
3.90858
2.54467
1.0435
2.39458
6.6853
9.81237
5.60538
1.44388
1.6285
0.615684
1.7864
1.02818
1.1334
0.238789
2.17149
2.12444
0.293997
0.359755
3.35586
1.87486
1.35069
1.65027
0.903607
1.56084
2.0727
2.92977
2.24175
2.94895
1.06827
1.00026
1.87396
2.33757
2.76933
0.908968
4.4912
1.09575
0.970427
4.45358
1.10509
0.966786
0.454114
1.91124
2.43433
0.712824
1.49596
0.510832
1.99346
2.39365
0.975911
1.42019
1.15935
3.49635
1.22184
1.72231
1.57114
3.93274
2.21306
0.640888
1.2133
1.22948
3.40305
1.5923
2.16242
3.30658
4.01083
2.68857
5.1545
1.31791
1.99869
2.68718
1.17785
1.33648
0.474365
0.728723
2.60343
5.19663
0.806893
2.97394
1.10448
2.11741
1.81323
1.94149
0.469733
2.01052
4.82588
0.590166
0.608874
1.34041
1.98071
3.0974
0.23402
1.54394
0.67393
3.54988
2.57181
1.45363
2.02149
1.70688
1.61952
3.45446
0.977233
0.83713
0.525567
0.6197
0.887848
1.45752
1.71726
1.09595
0.3641
2.40317
1.49771
0.995469
1.47411
3.12267
0.352572
2.7167
1.65909
3.70982
3.12489
1.971
0.658986
0.770835
2.13044
0.352531
2.2148
2.42402
4.07012
3.43726
2.84697
2.01063
1.29399
1.20123
3.90761
1.37285
0.221545
0.0919823
1.15179
1.53202
2.29297
0.487633
0.807058
2.54402
1.12233
1.1213
2.21064
1.80002
1.52432
0.383075
2.78004
1.21922
2.16169
0.96399
0.718278
4.96589
1.69555
3.31132
0.916244
4.48794
2.14675
1.07834
1.73775
0.0982813
0.065828
4.52857
0.1707
1.87877
1.76632
0.741826
1.26855
1.35861
0.632246
0.423665
1.80035
5.24214
1.76115
0.428661
2.03741
1.88585
1.92219
0.553857
3.12761
4.4052
1.59515
0.533073
1.27486
0.896113
2.05626
1.51886
0.687015
3.1373
0.101
1.84827
3.63811
0.88403
0.842974
1.4074
1.6006
0.650947
3.8831
4.41831
0.462896
1.23375
2.99166
0.296232
2.75044
5.66693
0.952116
1.41776
3.32707
1.30075
1.60019
2.64179
3.44463
1.84955
1.41446
1.24549
1.11756
2.98204
2.78295
1.35703
1.77428
1.27541
1.10206
1.52875
2.1532
2.60046
0.419842
3.44061
0.956207
3.27686
2.80218
2.22091
2.25145
0.845861
2.21308
3.01955
1.08463
2.93186
4.02312
2.08952
1.1731
2.68318
2.46521
1.29752
0.53396
4.57564
1.41238
5.94324
0.4032
2.59515
2.60271
1.09376
0.120569
1.64302
1.85148
1.571
4.00873
0.895528
1.58505
4.17045
3.26207
1.53437
1.3177
2.93248
0.430062
1.95869
0.975998
2.05383
2.53177
2.24265
3.08985
3.98395
2.4267
1.17872
1.93564
3.41644
1.32331
2.9018
1.76853
1.49819
0.971513
0.658196
3.02581
1.45082
2.46171
1.04704
4.72284
1.1203
2.79084
1.44971
3.17798
2.4853
1.19884
0.252121
3.42934
2.77557
1.28362
0.602515
1.64569
3.47129
1.81772
0.501795
0.230942
0.24937
0.366855
0.713213
1.02471
1.31704
1.47552
1.86668
0.29061
0.684989
0.883311
1.16686
0.563811
3.52458
1.24465
1.38172
2.60743
3.80102
2.71683
4.16585
3.789
1.84732
2.25041
2.39547
3.68281
1.95383
8.37207
6.63706
2.19983
2.63071
3.90249
1.55945
2.26879
1.49058
1.62141
0.290587
1.22644
2.05347
1.15949
0.765418
0.544397
0.202899
2.38917
2.44393
0.853716
3.65843
0.540058
1.78301
2.93214
1.24248
1.34701
2.61466
5.63072
4.13486
0.612188
0.238607
2.26482
1.51684
3.02778
2.18191
1.06749
0.98112
2.78488
2.22572
2.73523
2.58783
2.19904
1.25361
0.881342
3.35995
5.39245
3.86004
2.30647
1.65877
3.52935
1.39596
2.60082
0.826093
1.9549
1.72699
2.9277
4.00456
2.99805
1.31849
0.927729
2.98888
4.23783
4.297
4.18878
0.508482
1.89099
2.05872
2.04783
1.96809
2.0189
2.69716
3.96509
1.9069
0.507982
2.79698
1.57746
0.691003
0.290181
1.58627
0.73131
1.22633
0.71398
1.02527
2.14914
1.20785
2.89959
1.80762
2.79853
1.80951
3.69356
1.04551
1.8659
2.79627
2.49392
2.58258
0.676109
0.950535
2.59125
9.87102
0.793012
2.1895
0.875491
1.31241
0.854936
2.13315
1.03714
2.06137
6.47179
2.76742
4.22312
0.924251
0.667028
0.740889
3.35291
3.43393
1.57297
1.13082
1.15016
2.72401
3.5479
1.41901
1.25042
0.683882
4.49257
5.62651
4.12557
4.76731
0.875699
2.52394
2.78873
1.38374
2.03437
0.955931
2.49489
0.95296
1.11706
1.39905
0.98794
2.15996
1.65996
3.95018
1.3617
0.751058
2.0834
0.673238
2.48733
1.07714
1.49643
3.25515
1.9316
0.260415
4.74522
2.56312
2.74895
0.770918
2.68737
2.47986
0.265048
2.19172
0.65223
5.86189
3.04513
0.731836
0.843637
1.25449
4.23177
2.01863
0.8476
0.650073
4.67685
1.93428
0.554897
0.406963
3.23067
5.868
1.6912
2.36067
0.805307
0.132256
0.394628
3.14329
2.61612
1.86795
0.976039
3.51543
2.0312
2.29837
1.49611
3.08356
1.03089
0.802683
1.1114
6.36912
1.16811
0.675777
0.801175
0.490145
2.32687
0.895776
3.32494
0.407226
1.06334
0.687738
0.947819
2.77981
3.70063
0.167679
7.68246
1.02323
0.848849
3.69316
2.21345
1.11259
0.402502
1.94268
1.768
3.05803
0.827857
0.655351
2.96968
0.666543
6.46382
1.91456
3.3299
2.3175
2.47778
2.72777
2.86987
1.6501
0.471287
0.919778
1.99444
2.57864
1.57631
0.127812
3.71472
0.129071
3.05199
6.26239
1.08868
4.15281
1.63872
4.19888
2.84728
1.48626
4.06785
2.08103
1.24599
1.97683
2.36482
3.41636
2.6854
2.18011
3.18383
2.10526
1.21814
0.469994
1.14457
1.27871
4.61856
4.56287
2.25965
2.55669
1.3505
1.8298
0.239381
1.60674
0.574495
3.68493
0.440754
2.10906
0.869004
0.299143
6.69944
1.60415
1.75268
2.94899
0.529417
0.961721
2.63884
0.942122
1.5939
0.975139
0.393566
3.68612
1.09731
2.72121
1.16002
3.07725
0.826538
1.21143
1.21354
1.73088
2.5642
3.83031
0.494236
1.17917
3.37247
1.11514
1.05934
1.93323
0.500133
0.788612
3.69311
1.64577
7.16446
2.29161
0.959476
0.650606
3.1715
0.526191
7.40312
3.62154
1.70401
0.84241
1.89383
1.79924
1.65499
1.60339
2.40854
3.8176
0.0284474
5.64323
2.10237
4.52431
2.96538
1.42094
4.47637
2.20757
0.244867
1.03415
3.69636
5.12366
6.26163
0.341605
2.28072
3.24569
1.87306
2.63706
2.42693
0.720843
2.23745
0.282882
0.499267
2.58248
0.240955
2.50324
1.43272
1.59103
3.53803
4.22381
4.4577
6.13328
0.189852
4.89709
3.0045
0.976846
2.33822
0.69962
4.59185
1.26237
0.480653
2.09067
0.697898
1.73743
0.925843
1.32748
1.60404
2.12981
0.976107
1.42096
3.73883
0.810103
3.55733
3.30128
1.04447
5.4045
0.732557
1.87246
3.15686
4.94717
1.72078
1.50024
2.00799
0.661823
2.94526
1.7178
0.552581
1.39469
1.31074
3.12516
0.730531
0.60047
3.49255
2.91866
0.696631
1.24842
3.30163
5.96836
0.812131
0.926414
2.69326
2.33914
1.40994
5.10491
1.73286
1.29456
1.6878
1.1031
1.41763
1.92957
5.11784
1.41014
5.18762
1.90121
3.30952
3.48148
2.26135
2.40266
1.21414
4.20981
1.38334
3.52122
0.809268
0.953615
0.788124
1.5491
5.34068
0.833931
4.5224
0.729302
6.67374
2.24281
5.23064
0.504981
6.61223
1.48722
1.84477
1.80729
3.01332
0.61371
0.822754
2.01914
0.729061
2.43881
1.9477
0.522977
0.834268
4.59776
0.252856
0.28416
1.40061
1.48592
3.98652
2.93897
1.021
2.88146
0.286565
0.722019
2.685
1.14284
3.79402
4.2188
3.07986
1.18882
0.863566
3.07913
2.05834
0.518335
1.65459
4.10582
2.98767
1.08895
1.81372
1.2015
0.95503
1.15439
1.98867
4.20265
4.05513
0.559777
2.24217
1.22886
1.42459
2.60635
4.69627
1.92346
2.39606
5.65562
1.53251
0.580461
4.00631
1.77935
1.7561
1.2513
1.45527
0.582901
0.926082
3.185
0.963746
1.5222
0.816785
0.963756
1.15629
2.37017
1.65066
0.431599
1.73353
3.28062
1.70772
2.594
0.858328
2.60094
1.78754
3.29944
1.96966
1.15059
1.02487
1.87032
1.39383
3.60352
0.329747
0.0410485
1.77056
6.08727
2.85425
0.874185
0.281557
1.63968
2.55217
0.689392
4.60829
3.24388
2.69047
1.67695
2.75734
2.33033
0.921847
2.17776
1.2779
3.27569
0.492825
3.77423
1.12233
2.8768
2.16156
3.51989
2.29522
1.46845
2.82199
3.23702
2.95828
2.07838
2.55216
1.5756
0.579331
1.67735
1.73617
0.757615
0.890778
1.53561
3.27854
1.57716
0.195396
2.26458
1.00777
2.46773
4.7831
0.22092
0.738721
2.36818
2.78005
1.41849
0.166084
0.326615
2.26169
1.85326
3.41783
2.68499
2.64977
0.884487
1.26996
5.8552
1.23157
0.903343
3.0483
0.269473
1.35569
1.09545
3.73899
2.1332
3.02545
0.516786
0.718226
0.229667
2.60713
0.840079
3.65025
1.80541
0.0883828
1.32534
1.00722
1.92453
1.65582
2.64692
2.1229
3.89363
0.301045
0.226359
1.54072
0.651832
4.01642
1.66859
2.08164
2.42728
0.26981
0.206022
1.26712
2.68196
1.78878
3.56836
2.01371
4.41567
4.35802
0.394836
1.51856
1.13343
2.23381
1.29591
2.15394
1.09909
0.439807
1.30552
0.593069
4.29255
0.916119
2.20041
2.16031
1.15635
1.80989
2.9099
2.05504
0.350035
1.22683
1.35885
3.13098
0.884705
3.08936
5.55549
2.41543
4.09856
0.860514
2.19688
0.688099
2.39817
0.85243
1.54039
1.71593
1.56486
2.04863
1.91356
2.0872
2.03328
2.69588
3.1452
1.06689
2.84305
3.15482
0.368166
0.566434
3.19875
3.54375
3.4636
1.93304
4.29112
1.81856
5.45736
3.08428
1.716
1.03685
1.32373
1.07939
0.592393
0.924877
0.426417
3.83765
0.562807
1.48358
2.68806
6.28333
1.21786
0.94345
2.7878
3.13037
1.15554
0.946321
1.56346
0.533297
2.62872
0.196272
1.40229
4.34449
0.914365
1.74126
7.55425
1.01823
0.837457
0.959403
3.64122
2.76192
2.90815
3.67947
2.14984
1.66947
5.48135
1.19968
5.41068
1.39306
1.82725
0.38975
0.681037
1.06188
1.6946
2.81864
2.55894
1.82214
0.316652
3.50855
0.933729
0.297326
0.266161
3.77208
1.63703
0.38223
1.56662
3.37482
0.429312
1.04009
0.272314
4.04798
3.82076
1.68124
1.72794
2.87498
1.63805
0.902354
2.26019
1.22887
4.81896
2.5734
1.75981
2.25835
3.99459
2.29662
1.82073
1.49563
2.52189
0.742023
1.11833
1.78753
1.003
2.41195
0.923686
5.6696
3.68022
2.75971
2.36323
4.4726
0.191175
1.38651
3.15623
4.28878
0.856768
0.564199
2.32507
7.32518
7.47855
1.88834
3.83841
0.798708
1.9773
0.93931
1.02204
2.01245
2.00958
3.13081
3.60099
3.53554
1.5454
2.65669
1.66795
1.56856
0.66298
1.35517
2.79547
0.60308
1.76983
0.653498
1.37216
3.024
1.66348
1.94237
2.75776
0.77425
0.391064
1.82856
1.92689
1.04123
5.41083
0.928164
0.722013
1.08326
3.39218
0.822117
0.91201
1.50723
0.37898
1.36953
2.99804
2.07615
2.6532
2.68368
0.825943
4.69935
1.73819
3.19815
3.60339
1.42347
1.23826
2.87415
0.363823
1.49469
1.05782
0.597366
4.7711
2.57899
1.00516
1.40355
0.626257
2.74437
1.34333
0.837633
0.521501
1.17582
1.87367
1.29631
3.49507
0.631053
3.05562
1.34262
1.53546
3.30581
2.18678
3.68265
1.08236
1.14835
0.360798
2.10075
1.95219
2.67827
3.9
7.01544
0.0511752
1.37338
6.74566
1.61578
1.08832
0.450612
1.38633
0.372981
1.00542
2.80739
0.114732
3.72739
1.66486
2.8466
0.223098
2.52583
0.15212
0.968746
1.73718
0.646419
2.1555
1.60929
1.80145
2.09385
0.309439
1.35143
1.28849
4.4284
1.56896
1.07108
1.39071
2.04624
1.97922
0.192497
1.60307
1.62723
1.75749
1.15859
0.907754
3.63293
2.49012
0.728591
1.31179
0.927561
4.16084
2.97479
1.65865
0.833516
2.25636
2.45863
0.675659
2.51511
0.794989
1.81195
2.83968
1.03391
1.444
1.50662
5.26329
1.05587
0.616654
1.49203
1.03095
1.13827
0.203225
3.64439
0.346551
3.80986
1.32966
0.440297
1.04161
0.716643
0.350681
0.693103
1.37796
2.5931
0.356767
2.2013
2.89539
0.601711
1.48932
4.27272
1.2558
0.23198
4.84782
1.11701
4.02599
0.995824
3.70837
3.76769
2.495
2.19763
3.58023
0.770985
0.502334
2.13304
0.499795
0.738779
2.3181
0.264397
0.711511
3.22249
4.40098
3.38776
1.00639
4.8898
0.119653
2.2624
1.56268
1.49496
1.66816
1.43511
2.91845
1.6286
2.70093
1.33639
3.07937
0.906418
2.76754
2.18393
0.884657
1.73648
4.03876
5.73974
0.694887
2.95529
1.13935
2.37544
0.703805
1.26236
0.807903
1.29194
2.17856
1.50527
2.02149
0.894919
1.77881
3.54359
1.74972
4.08504
3.75369
0.598681
3.15752
2.69114
0.867007
2.50205
0.0967584
1.21877
0.168063
0.925383
2.72914
1.67807
1.52687
1.98602
0.399739
1.8024
1.78559
2.98181
3.76109
0.314567
0.261166
1.14016
3.40289
4.80567
4.07774
1.78499
2.20597
2.68829
3.36051
1.40846
1.26033
2.47447
1.13139
3.33711
1.82554
0.221505
2.67239
1.44839
1.55566
0.195907
2.23929
1.11002
0.764453
1.1746
1.90736
4.43131
1.09616
4.96474
3.60959
1.07318
1.89818
1.60645
1.84149
1.46638
3.26254
0.467452
1.16858
2.50191
1.60928
0.515491
1.44832
5.81384
2.8171
1.28982
1.00614
0.107299
3.26246
3.7931
2.19304
0.389666
1.69925
0.866956
6.85504
2.70852
1.6044
1.46187
0.633792
0.744816
1.63432
4.84306
1.2888
1.04426
3.07365
2.95157
1.20569
2.34037
3.11733
1.12092
1.97298
2.50052
2.45611
5.02869
2.30877
1.73231
3.24402
2.26612
0.971562
1.01019
1.26759
2.04552
1.66097
0.962493
3.47477
3.43588
1.8625
0.687222
5.29935
1.01621
1.09103
3.71013
1.71729
1.7802
1.49126
1.98741
1.07528
2.44835
1.99438
2.08518
3.72184
2.75052
1.55941
5.00019
3.21548
4.01542
0.833795
4.07901
1.60095
1.30191
1.2137
5.48558
3.86326
3.37872
0.922191
0.108129
2.78587
2.88416
0.363912
3.11015
0.69259
2.22052
1.0904
0.899534
2.42416
3.66986
1.89357
1.24243
2.5033
1.32261
0.756605
2.13077
0.958245
0.403398
0.831559
2.17301
0.481112
3.7783
3.24064
0.498525
3.46966
5.04981
2.10544
0.725804
0.307149
1.04768
1.25144
1.80439
0.852675
2.20433
0.987365
0.311033
0.84161
4.8697
1.13561
4.22988
2.78295
2.14974
0.951917
1.21456
4.89076
1.12656
2.17237
0.559149
0.880501
3.09398
4.03926
1.61333
0.720264
2.26045
2.01048
0.362134
1.07928
0.346304
1.35488
0.38272
5.42176
1.6708
3.9642
1.35002
1.79554
1.26076
1.10928
1.3172
1.08169
2.0017
1.8476
1.73599
3.74858
5.47874
1.49157
3.66183
0.590923
0.715177
1.85235
1.24102
3.37886
2.21483
5.95047
3.57097
5.9507
1.4786
0.621029
3.18246
0.681079
0.703511
3.99991
1.11175
2.27576
1.23423
2.4035
0.449608
1.08776
3.05795
0.492031
2.46472
3.92533
3.98563
1.92817
2.01445
0.370335
9.766
0.169141
1.08905
0.649729
0.529424
3.03688
1.36551
1.08996
0.510502
1.27967
8.31385
2.39602
2.86985
2.6591
0.891175
0.781961
2.7035
0.610349
1.93197
2.62116
1.08036
0.707892
1.98591
1.54655
0.65985
0.640165
0.650196
1.44067
4.33812
2.40205
1.60978
5.42203
3.19951
1.39106
1.20214
2.69194
3.58963
2.72334
3.05481
0.459025
5.34399
0.625499
2.66254
1.10403
2.63928
3.24821
2.25544
3.67727
2.31882
1.71556
3.62905
0.701229
2.05315
3.09538
1.39539
1.25062
4.85621
0.286426
2.15509
1.10197
2.19718
0.939255
1.90236
2.25442
3.75842
0.910311
3.4737
0.810578
0.487723
1.11294
3.75157
0.349806
2.4106
3.1285
2.48062
0.28468
3.86166
1.8129
1.5717
1.09879
3.49472
3.27953
2.74246
0.780153
3.19738
2.14928
1.37649
2.23425
3.22164
1.71332
5.29203
1.84908
0.988578
1.46998
2.46251
3.38627
1.2773
2.85524
2.34389
0.313633
4.2447
2.99826
1.19368
1.27385
0.516693
1.75463
2.70944
4.10672
3.3148
3.49835
1.01633
1.21233
2.73501
1.46448
1.89461
0.280805
1.17703
0.217963
4.54887
1.35641
3.42111
5.21295
4.44008
2.15003
2.21646
1.78785
0.453497
2.63209
1.11038
1.98253
1.91269
2.53428
1.77096
0.898938
0.152397
4.62108
3.16797
1.5085
0.948248
1.91396
6.72157
1.63015
0.291553
3.24404
4.75676
2.19606
0.357439
4.34852
1.53856
0.58221
3.35391
0.998651
3.30172
1.42111
1.59159
2.25078
3.02916
1.12707
2.15602
2.22192
3.19974
2.13576
0.508167
2.6945
1.12977
3.01243
1.54637
0.996802
0.514483
0.997505
2.17174
1.49318
2.24258
4.99046
0.870385
1.22618
3.62575
1.07484
0.656042
4.99174
3.61356
5.1314
0.993825
0.929972
1.59897
1.21682
3.18872
1.4768
2.56461
2.2801
2.71122
2.65781
1.87193
1.8174
2.89475
7.14398
0.780803
1.64042
1.13923
0.561023
0.426453
0.934265
1.69095
2.06688
2.74281
2.66247
2.84014
1.5807
1.20401
1.77288
1.9662
3.93635
2.68814
0.777804
2.04572
1.05015
2.64927
0.449004
3.84226
2.51329
2.20796
0.601036
0.660276
0.485414
0.406197
1.82706
4.32797
0.726418
2.95673
2.7791
5.53165
1.44255
1.78461
2.24427
0.576796
0.800038
3.36616
1.10166
5.41636
4.49186
1.88168
1.93812
0.193864
2.8462
2.91692
3.20681
1.01877
1.0523
1.00995
0.238408
1.4616
0.521797
1.28017
1.38462
4.24388
6.0607
1.30878
2.65804
1.28602
1.22573
1.42904
0.891344
3.23587
3.52613
5.66034
0.124389
3.16086
3.07064
1.55297
0.685038
4.14174
0.851472
0.901903
2.13551
3.17406
1.14485
2.98606
0.194077
3.9125
0.975454
2.13842
2.0073
1.7523
3.05839
0.774546
1.01122
4.0998
2.06789
1.22422
0.743227
2.3103
1.99303
3.26683
2.57635
1.63996
1.82343
1.3973
1.50141
0.923099
2.31075
4.39609
3.28685
0.39211
1.99936
1.24077
1.65064
0.890717
0.463644
1.09388
1.47984
0.429679
0.558912
1.90655
1.97222
2.25943
0.720967
0.413534
1.68878
4.44144
1.26014
2.05125
0.129066
2.12134
6.06877
1.51281
0.768077
2.0362
0.544507
4.48964
1.50687
0.903778
4.42454
0.627534
3.5767
4.50388
0.76336
3.98149
1.8888
0.720858
0.506592
1.07187
3.73663
0.416903
4.94067
0.34869
2.01854
3.15719
0.626367
4.06073
0.988016
4.1109
1.43097
1.05595
6.35483
1.8531
3.36394
3.69625
1.34204
0.866104
2.20249
1.27378
1.85626
1.90895
2.04185
0.458479
4.41847
0.892394
5.10203
1.38392
1.18331
2.81123
1.79735
1.97597
1.32679
2.41285
0.75921
2.92026
1.27339
2.72331
2.84225
2.71665
1.43783
2.63954
1.32616
2.60388
0.323225
5.47667
2.15845
1.55337
1.14848
1.18621
1.2961
4.04217
1.1976
0.945144
1.80865
0.969426
0.29605
1.24944
0.887994
0.373168
0.112799
4.6405
2.54517
0.169504
2.16741
0.68192
4.31955
1.44214
1.10041
1.67522
0.936255
3.48965
1.47019
2.50903
1.67003
2.05256
2.62628
1.3964
1.75929
1.53697
1.73518
0.52419
1.22289
0.685801
0.904297
2.97763
2.68235
2.59939
5.33606
1.47036
1.76106
0.672543
1.53788
1.2011
1.25407
2.02178
1.18017
3.26721
1.99283
1.34123
0.310497
0.459017
2.36313
2.82919
1.53789
3.22749
1.39584
0.320613
0.615316
1.21929
0.129456
2.4875
0.655868
0.976065
0.835656
1.77661
1.30395
3.24722
1.42546
0.699682
1.92909
1.80937
2.46216
1.91146
0.908089
1.23394
0.389054
2.55076
0.703766
3.35515
6.46379
1.864
1.71464
2.52192
3.37525
0.547367
0.790454
4.68254
4.21631
1.43405
0.680108
1.21617
3.30354
2.54447
1.89472
0.225885
0.194557
0.613116
0.947052
2.12158
1.14661
2.792
1.0949
0.65686
1.95526
4.10785
0.484568
0.988951
2.51802
3.53277
0.964946
2.44398
2.309
1.59931
0.557316
3.20274
1.36184
2.30294
0.366431
0.442218
4.06623
2.24774
0.625887
1.43111
0.475301
2.2001
0.962078
1.15567
1.10876
3.05837
0.729097
1.90927
2.83722
0.836567
1.37216
2.57096
0.985757
1.11002
1.22229
1.00644
1.48961
0.403684
0.85605
1.58019
2.61871
0.348551
2.25489
1.05314
1.9708
1.02855
1.71597
0.801931
0.864877
2.77869
1.29166
3.54427
4.07803
6.11096
2.55546
1.05324
2.16875
4.3885
0.348261
2.39739
1.08733
3.26156
0.288087
2.29819
0.385919
4.96262
1.85778
0.418292
0.429063
0.590453
1.18423
1.55866
1.22188
6.04588
1.92752
0.472056
3.0194
2.1641
0.969024
1.88186
1.27814
1.47003
1.42391
0.922947
3.40358
2.11787
2.12379
1.68233
1.67208
0.438826
0.533065
2.73837
1.80582
3.48613
2.21498
1.09154
1.86392
2.72421
3.86647
3.68397
0.976098
2.09031
0.788577
2.45309
1.52337
1.83207
1.38263
3.28183
1.1513
1.99218
0.996205
2.12841
4.26129
3.19407
2.35143
1.72879
0.790918
2.40084
1.09763
1.68987
0.197524
3.74723
2.65184
0.729494
0.481019
2.11859
2.63398
0.851549
3.57068
4.65653
2.7796
0.196418
2.07134
1.50006
2.75608
0.599601
1.86067
1.88515
1.23883
3.0162
1.58278
0.31986
1.68713
0.19756
1.71374
2.59106
2.62329
0.0851431
1.52446
3.59839
0.514591
0.324451
3.85936
4.37906
4.66148
1.50658
1.31317
2.08414
0.334681
2.86222
2.7053
1.31714
3.55105
0.894918
0.737042
0.440032
1.90812
0.265684
3.52397
1.31514
1.39328
0.70732
0.867144
3.85567
2.66093
0.606394
0.278536
3.56209
1.04829
3.38029
3.44903
0.378835
0.551986
2.26699
0.493397
2.07434
0.893178
0.644676
2.65091
2.21905
1.13502
1.30306
1.13648
1.96604
3.12113
2.49599
0.478131
1.25577
4.72902
0.443651
4.51637
2.8144
1.00304
1.28988
0.834479
1.90906
2.35328
1.03627
0.806864
0.961512
2.41956
2.19539
3.13176
2.47008
3.54284
0.576511
2.55574
0.720222
1.79656
9.76105
2.3531
0.862187
1.11676
4.24769
1.21356
0.939708
1.54255
1.27224
2.80417
4.3316
1.16741
1.72388
1.40964
3.45225
0.958504
0.783337
0.651478
3.25613
0.295938
1.33693
1.17147
1.75854
1.09243
1.49567
0.369573
2.83207
0.765382
0.378525
2.01757
4.77321
1.31987
2.63216
4.09407
0.556061
0.0397115
1.30852
1.58932
1.26391
0.872857
2.53423
1.93429
1.01226
4.05265
2.08575
1.81291
1.31485
2.54468
2.01992
5.57124
3.73596
0.936799
2.1502
1.64688
1.36876
7.77694
1.46407
2.32786
3.39895
3.98655
1.60359
0.586484
1.45025
0.4699
1.29031
1.41456
1.24107
2.427
2.207
3.81795
1.45801
1.94535
3.57557
0.741304
2.72978
1.57242
1.20525
2.7784
1.89661
1.27374
1.65981
1.30393
0.32902
1.68816
2.38059
0.686739
1.01494
0.728105
2.2083
0.733826
1.45712
0.27681
3.78668
1.12455
1.17163
1.85818
2.7859
0.625724
5.25529
3.15388
5.14487
1.20047
0.606699
3.69077
6.25621
0.994421
0.550915
2.96162
1.26926
1.03836
2.01705
6.95621
2.37026
2.28495
3.73819
1.25999
3.17693
0.565727
3.86382
1.65927
3.95662
3.26786
3.1006
1.89345
0.29771
3.54062
3.00634
1.63683
1.76801
2.7972
1.01581
3.11142
5.46686
2.01936
3.3652
0.784448
0.9286
1.95536
2.30725
2.10825
1.26625
5.64209
0.528633
1.77126
1.95515
3.48474
1.37245
2.24896
0.561423
1.31823
2.71714
2.33597
0.803974
1.47077
1.37424
0.583651
0.870113
3.94067
1.98218
4.92777
1.57842
3.20659
0.0779274
2.78027
1.89007
0.7997
2.63253
3.27988
1.76428
3.15832
0.544629
5.32454
3.93721
0.449876
2.67619
1.24201
0.738094
2.94508
0.385786
1.75751
1.35333
2.53628
2.18507
1.09564
1.01931
3.44287
1.40382
1.34866
1.64441
1.91346
2.12884
0.929227
4.49269
0.962213
1.44163
6.99498
0.928829
2.37575
1.13323
7.40118
3.5994
1.52182
1.08799
2.07779
0.436716
0.902678
1.87269
2.68579
2.06595
0.775337
1.11491
2.16324
0.887392
0.86884
2.22659
4.83081
1.78156
2.2716
1.53441
3.0863
0.893691
2.70906
1.77167
2.64791
1.00413
5.49018
0.720107
3.09663
0.513527
1.95744
0.351315
1.38377
1.46859
0.367658
1.32468
1.0322
2.54677
1.38588
0.209179
1.24443
2.43947
0.899269
1.63089
0.87765
3.92752
3.20511
2.90011
4.36073
3.81329
1.10235
2.85651
2.75604
1.31229
0.876095
3.66632
1.12115
1.56974
1.72763
4.6312
0.175309
0.896229
1.22171
1.69304
1.98157
5.15762
1.49625
0.35984
1.72235
0.872532
3.03776
2.13061
1.9196
1.71178
2.92091
0.305383
1.86616
1.07711
1.1927
2.10813
1.25791
1.08286
1.53504
1.37452
0.796664
2.47024
0.440454
1.47889
1.11701
1.52802
2.11525
0.901776
0.961974
4.95203
6.78354
1.08539
3.36397
2.25551
1.00218
5.16994
3.41802
1.03348
1.06722
2.55121
1.48471
5.52247
0.418249
1.26177
1.65425
0.403925
1.02338
1.4806
3.22551
4.91658
1.44195
1.92872
1.29443
3.09699
1.11426
3.57913
1.95004
2.45808
1.89559
2.87424
3.19636
2.2859
2.42444
0.276478
2.81925
1.30342
1.608
1.93576
1.74208
1.82565
0.910221
2.67357
0.818346
0.461657
1.71683
1.0622
2.16822
1.73099
0.540759
2.3964
4.1624
0.803441
2.03513
3.79075
0.507461
2.23951
5.12596
2.4587
0.115841
2.98106
0.33319
3.53725
1.01904
1.52034
2.03416
2.98639
6.28712
0.592302
2.52547
3.40115
0.695777
6.05842
4.02735
4.55927
0.688671
3.03559
1.03324
1.78458
3.06512
0.851714
2.07346
0.926507
5.83754
2.51879
3.22934
3.18637
0.46409
0.964493
3.40549
1.05104
1.57932
1.55458
3.46826
1.12845
2.12803
3.71998
1.64078
1.41214
0.890383
3.06167
1.55658
1.57141
1.88541
1.08688
0.766288
1.58392
1.7894
2.99126
1.09685
3.06603
1.17765
0.812148
3.12862
1.21476
1.26736
1.57892
1.55216
2.16956
1.48499
0.902829
3.95084
0.164079
1.75586
2.23824
0.146721
1.0721
4.39357
2.68625
0.360244
2.73665
1.02044
0.378129
1.19225
1.35269
0.623261
3.0593
0.358139
0.831912
3.02711
3.43321
1.17304
1.11906
2.48564
3.29713
1.29047
0.284583
6.53384
4.57903
2.2124
2.41815
2.52962
3.28533
0.85917
0.312297
4.9923
2.02136
4.00099
0.210104
1.73501
3.37066
2.69129
1.48441
3.16068
2.71016
1.95205
5.65235
5.70106
1.42711
3.88772
1.09249
1.65444
0.136564
0.878309
1.01886
5.35849
2.68128
2.1778
1.67233
1.34029
1.5344
3.72246
2.78275
0.785256
1.57255
0.744198
1.60706
1.12515
0.13541
5.13851
0.194461
8.36211
1.48839
0.381751
1.07466
0.808066
1.02637
2.40547
0.626829
1.33689
0.281905
1.40367
2.0307
1.17637
2.44586
4.94724
0.712607
2.48444
2.74772
3.0598
1.57425
1.59314
2.06328
0.564253
3.15149
1.3826
0.480501
1.63344
1.75557
1.09331
3.82834
3.02401
3.96543
1.83043
1.84018
1.57816
1.3395
1.72514
1.18205
0.196384
1.59785
4.7489
1.16223
0.69165
2.76682
3.23299
1.06459
1.8154
0.722009
3.39198
1.75763
3.7824
2.8495
1.82886
3.01809
5.60344
4.60332
1.76951
0.248938
3.73552
1.9733
1.68954
1.54698
2.18385
2.22769
1.44621
3.0355
1.40756
2.03674
1.82649
1.02776
0.769301
0.906028
1.24042
0.92759
2.84962
1.28827
4.99677
0.996307
1.47885
1.29016
0.467838
1.62429
0.811541
0.271701
1.36203
2.86747
4.08118
0.745157
0.369433
1.57005
1.82604
2.04097
3.31737
4.03667
1.44846
2.01059
3.49641
1.61579
3.01658
1.51322
4.4604
0.483451
3.26254
0.56634
2.55703
2.83668
2.45919
3.62984
1.25478
2.17909
0.465203
0.742937
2.31629
0.47812
0.915471
0.210471
1.1474
0.787604
2.1315
0.603845
1.86628
1.06781
2.59612
2.69953
1.97594
1.63084
4.01737
0.471721
2.62738
3.64172
2.28957
2.36296
1.90916
0.602269
1.26402
0.467231
3.05222
0.318947
1.04807
1.28424
2.17416
1.79624
2.38849
2.79135
3.00875
1.67069
3.2277
0.713992
1.95338
1.28787
1.75481
3.0504
0.43269
2.54049
4.43616
5.61576
0.786892
1.75726
0.352145
2.05397
1.69698
2.51797
1.86999
4.97995
0.378906
3.0241
0.709525
3.90861
1.20684
2.17714
3.22728
7.9726
3.01268
1.04484
2.08121
1.74565
0.69495
2.1448
5.04318
0.497931
1.86049
2.69816
1.31451
0.801063
0.907487
1.33632
2.47037
1.4676
1.06779
1.20639
3.60948
2.32845
1.26432
2.16343
2.77994
0.787487
1.18844
3.70926
0.777968
4.13313
0.485391
1.06441
1.65199
1.8823
2.70313
0.473372
0.843817
3.04361
4.10892
3.38307
0.866452
2.58473
2.10197
2.80386
2.33735
1.19337
3.01898
0.990426
1.41044
1.26142
6.19938
2.61378
3.86526
2.45554
1.12207
1.90546
1.94672
0.816668
3.43591
4.1932
6.89663
0.566339
1.86523
4.04175
0.448786
0.629699
4.3547
0.498834
1.15048
2.46761
2.87769
0.699835
1.4861
0.103587
0.391864
0.71387
1.90122
3.5327
0.828129
1.25218
1.7448
1.03672
2.24064
2.33563
3.6317
1.97515
3.39604
0.334504
4.6074
0.459796
1.9892
0.805199
1.46969
0.585093
2.67393
3.03757
0.683244
4.39304
2.20681
2.52955
0.580409
2.78147
0.142782
1.69396
0.60807
1.79629
1.25196
0.593511
3.42182
2.90301
0.978877
2.13617
1.97596
0.856716
0.790101
2.39927
4.04609
1.86853
2.32912
0.525763
4.46872
5.6845
0.669102
1.5098
3.8421
1.62189
1.67383
1.59395
1.51015
2.52373
0.19175
1.82739
2.17959
4.54372
0.566574
1.8091
2.30884
1.05077
7.03711
1.0072
0.428758
0.705811
5.90715
1.11682
1.53203
3.87256
2.27931
2.19761
1.59035
0.445228
1.08798
1.99026
2.55908
2.87982
0.572481
1.71132
4.14211
1.41794
2.74894
1.74585
1.01627
3.2668
1.40079
2.19615
3.8559
0.423168
2.22208
4.77516
3.41547
3.74067
0.634463
1.03313
0.443015
3.40556
5.9261
1.41011
0.824359
2.23993
0.525738
2.61578
1.02234
0.707688
3.93086
2.14679
2.32027
4.1732
4.03544
0.698595
0.575594
1.9507
1.91286
3.71384
4.16504
3.80165
0.395215
2.78351
3.70621
3.8022
1.00548
0.63
2.31706
1.16893
4.5849
2.4234
0.795968
0.337461
1.06999
0.482267
1.58081
1.60946
2.01213
1.76485
2.3934
1.46065
2.28091
4.26905
1.10424
4.97143
3.0083
2.14109
3.08442
1.24501
2.3025
2.36933
4.73981
1.39085
2.50921
1.4738
1.87906
1.17697
3.5681
2.03382
1.17901
1.37046
4.75155
0.671049
0.092774
1.81983
1.74059
4.67325
0.0733392
6.14453
0.973142
1.00734
0.99798
0.785112
0.969476
3.36358
1.5425
4.83936
0.606201
2.24151
1.8446
2.57996
3.60625
2.54877
0.508337
1.03258
2.8728
4.9472
3.19464
1.54867
0.953608
1.85864
1.8786
1.47613
1.27413
2.25288
0.515456
0.428368
4.04264
1.78111
2.26711
6.30641
4.95508
0.75631
1.43868
2.51963
0.782426
1.6871
0.813637
1.11737
1.10686
2.33927
1.901
1.79134
0.910981
1.67947
3.47706
1.71798
2.09029
3.32485
1.17513
2.3175
1.08621
4.79316
0.471742
0.859137
0.723807
1.1192
1.6069
0.576408
5.11871
2.62152
1.72512
5.2161
0.214813
1.27635
0.548645
1.33276
4.66041
4.3971
3.32882
2.26986
0.391227
2.64123
0.406486
3.26844
0.356734
4.25668
2.6499
0.855806
3.31853
2.05159
3.26066
0.446501
1.58226
1.06634
1.26843
4.2677
0.87847
0.725688
1.70445
1.38201
3.80134
2.44555
1.32707
3.84452
2.22314
4.1976
0.58147
0.823949
3.7535
2.92671
1.3031
4.48815
1.19244
4.51116
0.927933
2.07264
4.57761
0.532888
6.64378
0.406144
1.12389
1.71744
2.89408
0.796088
1.67776
4.22976
1.67152
2.06661
0.304655
1.71056
2.80783
2.41929
1.0733
2.06691
1.50878
2.85653
0.890626
1.03879
0.346071
2.20813
3.54791
3.67207
0.22478
2.5564
2.26049
0.454709
1.91717
4.26849
2.67936
8.11977
3.2034
5.61814
2.03359
2.92675
1.92823
0.799629
0.281978
1.82033
0.145841
2.8319
5.09744
1.57787
1.17825
1.82067
0.249456
3.07939
0.459101
2.21986
0.873308
4.44442
4.21225
2.9351
4.20516
2.99885
6.10973
0.746755
1.73175
3.94034
0.254898
2.55622
1.24845
2.88855
1.54904
2.56323
2.22482
1.08912
0.449936
3.4523
2.90744
0.98315
3.1901
2.03441
0.313359
3.00643
0.831261
3.22196
2.15457
2.17683
2.24207
2.56563
0.477134
0.531282
0.721815
1.99216
0.357124
2.26118
0.149715
1.02096
0.892376
3.02841
0.577276
7.13225
1.11634
1.75222
2.20437
3.22426
0.741661
1.68989
1.21093
0.922481
3.6895
2.26158
1.28694
2.64271
2.64072
2.85614
3.51424
1.35579
1.5546
1.80704
1.81463
0.775423
0.631995
1.87882
1.92874
2.5083
1.32389
0.41633
3.76996
4.2689
0.553339
4.16041
5.27739
1.03127
1.90784
2.66419
0.313866
1.34259
2.04397
2.99893
0.443095
2.14043
0.622992
1.41386
2.50374
1.03909
1.07119
0.542178
1.25724
0.673741
4.16923
2.43582
1.50775
2.15249
2.36868
0.312505
6.49924
2.5283
1.16074
0.860175
3.52811
2.28766
5.32683
1.36563
1.89256
3.77575
2.71124
1.1356
1.10713
1.47504
1.19688
1.11627
0.776404
5.97802
3.51758
0.628268
1.54607
0.44238
1.17986
1.67549
4.26201
1.24022
5.80413
1.0951
1.99471
0.878371
2.78001
3.83664
1.64173
2.39516
1.63345
1.47795
3.38017
3.05285
3.1065
0.325638
5.08528
1.40692
3.57158
2.26115
2.28947
0.618051
0.550972
1.09822
1.11344
3.1209
0.440002
1.17608
1.10462
3.32087
2.65868
1.44442
1.43964
1.14716
1.45069
2.95084
4.63844
6.56392
2.82645
0.948732
2.80523
2.27831
1.61438
0.523494
1.087
0.732976
1.42905
1.72176
0.549193
0.304484
2.30714
2.43743
0.964364
2.40315
1.23613
1.25388
1.52784
3.11518
1.44079
4.91342
1.31658
1.72554
3.42916
2.65646
2.24565
0.765511
2.13615
3.30796
0.759335
1.5728
9.5401
1.53914
6.65818
1.63347
4.93004
7.07098
2.54482
2.56497
2.18326
1.74656
0.702261
0.858651
0.441854
1.19679
1.83411
0.610848
1.97185
1.60485
4.02375
1.30036
0.409486
2.84287
2.59172
1.83548
2.44449
1.63961
1.35885
1.56017
2.95389
0.219756
1.12815
2.6733
1.3285
1.88419
1.28561
0.900521
3.02227
1.9026
0.727981
2.78039
1.49365
0.724248
1.63673
2.53487
1.35843
1.93389
1.1799
0.174571
3.50814
0.580959
1.05735
1.19947
3.5537
0.371085
0.553382
4.57997
3.20949
6.43432
3.02689
2.24722
1.0644
2.15359
1.64003
2.25628
3.80149
1.05616
0.607642
1.70727
0.54679
0.228009
0.82534
1.66346
4.03179
0.493585
0.271596
2.7612
1.96106
0.88802
2.507
4.92473
0.232664
5.45141
3.4989
2.73505
1.053
1.06896
0.478208
2.13125
0.872522
2.627
1.58092
0.896235
1.25474
3.40947
0.807806
2.13105
1.42143
4.54358
2.23124
1.37407
3.30035
3.86822
1.82727
2.32522
3.22559
3.21019
0.378002
0.832608
0.378392
0.634468
2.78799
1.05187
1.21772
5.04327
2.14305
2.1406
0.581844
2.84241
4.13978
1.76761
2.6599
1.03578
0.272217
5.22212
1.07318
2.73214
2.71941
0.727344
2.67296
1.70078
1.12423
0.198337
2.96566
1.17184
0.457193
2.13104
0.417249
1.50784
2.18765
3.21681
5.12793
1.049
2.81522
0.020997
0.939649
2.72554
1.3411
3.79042
4.2416
1.1464
1.94073
1.02069
2.34734
1.27615
0.850304
2.63011
2.80529
2.71926
0.872423
4.11346
1.45526
2.33003
2.53515
3.13857
0.415762
0.732144
1.86678
0.909728
0.315703
0.616397
0.455654
1.60067
1.90877
0.571303
1.51004
1.59918
0.497231
1.89534
1.8163
1.63221
2.73078
0.754844
0.676516
1.89353
0.67149
1.63576
2.0537
2.36178
2.92124
2.94789
0.765007
2.51163
1.72772
1.30676
0.920195
1.18344
4.54039
0.334402
2.04762
2.06164
2.25133
0.466929
1.83157
3.94295
0.468142
3.44459
1.35611
2.55317
1.35139
1.58105
0.280507
0.0951063
2.07086
3.43813
3.43569
1.03441
2.29888
0.322639
2.28725
3.46781
1.10526
2.61073
5.02949
0.0845797
2.14023
1.07627
1.74329
0.47455
1.90726
2.09003
2.74395
4.5823
0.805471
2.48045
2.48653
1.52912
3.38632
2.57563
1.42441
0.437713
1.82611
0.939605
5.71945
2.58466
0.838633
1.77516
1.22149
1.33301
0.494221
1.47191
1.3716
2.10554
3.5152
3.10261
1.52641
0.821921
5.06239
6.75913
2.09454
3.1801
1.04661
4.57434
2.18862
2.68889
1.05127
0.310185
1.01809
3.46302
1.5825
3.25527
1.58628
2.53647
1.45401
3.3731
2.49195
0.983689
2.71167
2.51279
1.93861
1.41311
1.99578
1.66395
1.41918
2.51152
3.55139
1.03049
2.62077
1.39642
3.55587
2.57866
2.32151
3.37335
1.56375
0.926266
1.45105
1.94872
0.937212
2.6356
4.73559
4.19941
3.78646
0.951769
2.00218
0.760813
1.42468
3.07474
3.48401
3.00863
1.50101
0.814263
2.91031
3.77348
0.665323
2.2372
1.09792
0.397781
2.92766
2.8117
0.187837
0.855623
5.77784
1.33743
1.81275
2.65325
0.249656
1.13219
2.74481
1.89257
2.65504
1.8898
2.27551
0.0919137
0.851388
1.59924
1.8318
7.4083
1.00737
3.41549
2.07193
1.86376
0.868487
1.44616
0.362738
3.37269
1.43314
0.271997
0.544266
0.349801
1.86277
2.59024
0.638119
1.32196
0.622974
1.23628
1.52586
1.05485
1.4018
1.30999
0.613094
0.418338
0.410421
0.352938
1.1207
2.0416
2.22566
0.814238
1.00913
1.08563
3.22421
9.68395
0.531823
1.45453
2.073
2.04352
6.39765
1.84322
1.80526
1.90054
2.40747
2.50004
0.894228
1.13042
1.74674
0.763566
2.00617
2.35123
1.48618
3.0572
5.69008
1.82489
0.980006
1.09366
0.0991703
6.64658
2.96415
1.43329
3.64883
1.23043
3.11203
0.128921
0.169751
3.25978
1.1496
1.17584
2.97731
1.95117
0.393304
2.08784
3.55341
1.2246
2.00118
1.56843
0.611907
1.63953
1.54109
3.01821
3.64607
3.62194
2.74709
3.43564
0.869332
0.977932
2.519
5.50306
1.98061
1.19507
2.03114
1.26564
0.886469
0.55955
2.78959
2.5184
1.92244
2.91941
0.606142
2.93015
2.34469
3.57536
2.24412
3.10222
0.311211
3.03294
0.521896
1.38566
1.00037
1.8414
0.32385
2.29111
0.396683
1.00777
1.47735
1.26787
7.05167
3.83506
0.607686
0.882345
3.68164
1.01974
1.32346
1.83583
3.50889
1.57482
1.35045
0.512132
1.27731
0.486209
1.48433
2.201
0.0538728
2.75901
0.768586
1.8545
1.59784
4.39849
1.63393
2.07573
5.46445
0.459539
0.596686
4.92449
0.16142
1.19166
1.39436
0.731445
1.90407
2.03698
1.58823
2.27417
0.781868
2.29341
2.0965
2.72662
0.0028579
0.550684
0.421421
1.25236
2.07582
1.1633
0.656829
1.83511
0.0976754
3.45391
5.98563
2.65013
2.60129
4.34637
3.59589
2.03237
0.894823
1.49818
2.09388
1.38263
2.24552
2.97806
5.71134
0.136445
7.21936
3.6834
0.972349
3.09375
0.173391
0.853893
1.36581
2.17814
2.34073
3.33283
0.464207
1.97559
1.09863
2.49193
0.329512
1.67654
2.25092
0.968446
1.0923
0.620311
3.54015
1.67033
2.04437
0.0307073
2.66244
0.299426
2.8714
0.594154
1.47587
1.18326
0.877213
0.389753
2.81891
2.42154
2.22454
0.605294
4.82442
3.27854
2.15472
0.0668639
1.14585
2.59539
3.07484
1.7106
4.26832
0.555999
2.76876
3.73098
1.05687
0.750161
0.807917
1.09415
2.22523
0.601412
0.808471
6.88196
2.62156
1.57621
2.31141
2.95726
1.67801
3.0048
1.17167
3.20112
3.19983
0.625101
2.73138
1.30263
4.99492
1.34176
0.305099
1.26137
1.43994
0.686091
2.09471
4.48274
0.628981
1.02266
0.992699
2.65551
3.29747
0.332728
4.47868
2.4625
0.324471
3.42444
4.01478
6.08168
1.21377
1.77366
0.306476
2.63831
1.46648
1.01992
1.23929
0.798516
8.47499
2.49809
0.509322
0.703582
1.84544
1.19502
1.07344
1.46957
2.61242
0.705843
2.58937
3.15244
3.32016
1.87922
0.461671
3.32842
15.0194
1.61099
0.713129
0.473405
3.75897
2.88786
4.70834
3.04819
1.30468
0.895166
0.519087
1.72772
0.68626
1.11039
2.80565
1.75663
2.02887
4.47364
1.8132
2.75392
2.55347
3.02464
1.15301
1.32047
0.884056
1.09702
1.19316
0.667031
1.09315
2.9058
0.340967
0.769371
0.668554
2.17806
1.59239
2.32296
0.8032
1.02692
1.18039
8.30029
1.7473
3.29762
0.878021
0.941435
0.602767
3.17279
3.91455
2.27227
2.07311
1.15005
1.32923
1.64601
2.70711
1.48143
1.43207
1.06217
0.291914
1.91579
1.71212
4.33301
1.94822
1.70013
1.87255
1.3048
2.07623
1.63396
0.431377
2.32678
1.30626
0.723522
4.49435
2.34159
3.21961
5.47947
1.04082
0.24543
2.80778
1.10914
0.939565
1.43303
2.21273
1.0823
3.82605
1.99189
0.915741
3.39674
1.79115
0.477164
6.94824
0.377745
1.55582
2.40141
2.28098
1.14398
0.552921
1.8121
2.51524
1.3097
2.86418
1.42518
1.95653
1.47284
0.980609
3.93435
5.5698
0.264273
2.42467
0.764877
5.1921
0.987531
4.32734
0.894461
1.41712
0.753859
0.835335
0.851632
4.82909
3.03804
2.91213
1.44393
2.30717
2.95754
1.80892
0.456041
0.695238
3.18019
3.73827
0.870319
6.37164
1.60393
0.413614
2.72655
0.590253
2.01166
2.03948
0.879867
2.38311
3.63554
3.08883
0.606219
3.31149
2.39568
1.25866
1.69516
0.238742
1.71314
2.78928
1.08947
2.08625
1.78638
3.58951
3.42923
2.48908
0.403406
2.74781
2.52077
0.271941
0.612492
2.81373
2.21311
1.85864
1.46532
1.23255
1.8546
1.89495
4.10528
3.10715
1.77418
1.32282
1.78021
2.86851
7.10302
1.04782
0.25457
0.476362
1.72897
1.23328
1.48408
2.57393
1.50435
4.45967
1.5228
0.386385
6.30647
4.31374
1.55974
1.93304
1.45015
0.704253
3.90818
1.35361
3.16832
1.44349
0.405645
0.163302
1.9011
2.45846
0.497002
11.0026
3.15339
2.00402
0.847678
1.92558
1.64791
1.64505
5.01897
5.57385
3.28243
4.25197
5.49934
0.93177
0.91582
1.59981
1.69419
2.52941
3.33272
1.36612
0.503714
2.38801
3.30776
1.20277
2.67248
1.58691
2.62325
1.03402
0.794712
0.961171
1.6465
0.669727
4.78653
0.880055
0.630219
5.62357
1.54887
0.184149
5.25807
0.62892
1.91209
0.450925
1.5729
1.47534
1.93983
1.3337
1.05113
0.874738
3.61181
0.475228
2.51104
4.05352
2.07394
0.989263
1.33592
2.17205
2.89857
3.67877
1.22534
2.16098
1.51795
2.27307
1.66663
1.35462
2.17622
0.947075
0.993227
2.10291
2.24945
2.74777
2.32984
1.22315
1.29708
0.769062
1.24556
1.40121
2.06803
0.892382
0.697071
5.93863
2.37011
3.5994
3.82163
1.64126
0.466342
1.0724
3.07963
1.53843
1.03234
1.76666
3.08861
0.743465
1.29435
3.26074
2.86626
0.801512
7.18913
4.17752
0.902776
0.252682
0.663492
1.09915
0.559626
8.33429
3.50303
1.72286
1.97727
2.24293
2.16448
1.3115
1.78464
5.40502
1.3136
2.87413
5.99764
2.09174
0.909864
2.69889
0.369598
1.45904
1.55073
1.20174
1.10737
2.33235
1.08692
1.69321
3.42089
0.865051
0.753323
2.47276
1.98977
0.827319
2.20589
1.60042
0.154957
3.31651
1.20084
2.39579
1.54401
2.88741
4.77842
0.540456
0.7408
2.30014
0.773944
1.9278
5.49609
0.661739
1.81223
3.55825
3.88204
6.68164
1.1961
1.26698
1.46506
2.19565
2.06866
0.715074
0.728515
5.92702
2.85429
3.13901
2.19509
1.6413
0.820986
2.19108
1.28965
3.30939
3.00088
1.31467
4.93763
1.81746
4.09076
0.359427
1.34879
3.07464
2.03435
2.49267
1.07302
1.08659
1.80064
1.88669
0.404802
1.90715
0.816943
1.26333
1.71941
0.300952
1.73003
1.98864
0.927045
0.806409
2.25963
4.64715
0.209605
2.93732
2.19868
1.36751
0.828399
5.86537
1.92681
0.384892
3.35787
1.73673
1.18616
2.18776
1.51828
3.45277
2.70484
1.61669
1.66288
1.47241
2.31774
8.4842
1.65249
2.29126
3.76452
3.97096
1.75771
1.83277
0.781613
3.63943
2.79812
6.73552
0.733233
1.41078
3.65204
0.91667
1.12479
2.23174
3.34328
0.491951
0.362454
0.860546
1.30554
1.61676
0.691222
2.83538
1.57607
0.622818
0.639228
5.26241
0.413444
0.383806
0.272911
0.145272
0.758113
0.830718
0.937575
0.444123
3.03743
1.78856
1.30925
0.715347
1.15884
1.36306
1.14551
1.49079
1.31538
1.74294
7.74737
1.14414
1.70094
1.25239
1.41581
4.71001
0.66838
2.31977
2.57022
1.18569
0.894478
3.26143
0.606171
1.15502
2.21265
5.71935
1.33508
1.92567
3.55194
4.88404
3.02641
2.55439
4.4813
1.52158
1.13115
1.72963
2.62535
0.71883
2.83391
2.06752
2.27299
1.40716
5.22652
2.18121
1.3391
0.945318
1.60132
5.79282
0.7149
1.89817
5.86111
2.20701
1.79156
2.66157
1.06507
1.52318
1.08283
4.54535
2.01457
0.634049
1.11188
1.05013
4.88114
5.63853
0.212859
2.86176
2.34635
2.26084
0.395791
3.29832
0.98488
1.96465
1.80653
4.26021
0.557361
1.3017
0.815158
3.77974
2.29683
1.15831
2.21491
1.8834
0.821134
2.29096
0.997253
1.64097
2.50232
8.2318
1.7292
1.24947
0.58066
0.529856
0.86424
2.76577
2.68688
0.886189
1.32339
3.59319
2.55944
0.261269
2.03147
4.21987
0.958461
0.300716
1.5787
0.843882
1.55373
1.32903
0.928665
2.24617
2.33973
2.89514
2.37067
1.39524
2.00069
1.34557
1.34932
2.29729
2.22178
6.12634
3.56056
0.377852
5.21905
1.04572
1.5228
0.588469
3.06286
1.3632
6.13814
1.13915
0.767588
1.43851
0.897412
1.27819
6.17402
1.18134
1.53861
0.968777
0.622481
2.23869
2.23161
1.09344
1.85588
2.62032
1.11455
1.32915
1.43758
1.01501
3.69483
3.02685
0.837055
1.96347
0.486438
1.42302
2.08773
0.296934
4.97845
0.705496
0.872491
0.198891
3.4412
2.30991
2.30425
1.32746
2.36901
1.68521
1.16826
1.15059
4.62431
0.84245
1.49536
1.19178
1.54608
0.72695
2.53007
2.46631
1.44565
0.777541
2.83101
2.71592
2.28748
0.0330448
0.851011
2.03981
1.41961
0.843796
0.454402
1.92562
1.37379
0.335944
2.22345
0.564799
1.14242
1.8442
1.66102
5.02513
1.71062
6.7559
2.58104
0.329223
0.899993
0.463397
0.980623
2.5227
2.5972
0.923454
1.00686
2.41425
0.332848
2.81652
3.91846
0.649521
2.09489
0.852168
0.8857
3.29593
1.48852
2.96959
2.81458
1.33533
0.54058
1.58344
1.22038
2.43999
1.17496
0.63673
1.84131
0.445211
0.424928
4.32728
0.658804
1.29962
0.867205
1.89202
2.48811
2.48422
1.87845
4.06028
4.38207
0.502154
0.611861
3.30018
2.34499
3.4266
2.18561
2.30356
1.50736
0.723571
2.21203
2.72377
3.8771
4.35102
0.641788
1.36713
1.88214
1.21905
0.483327
2.80569
1.70101
3.74739
2.15108
1.70057
2.01408
0.370782
1.22146
2.96835
0.641528
0.463584
1.00308
1.26551
3.46908
1.69423
0.637254
1.15417
1.35437
1.55155
2.9672
0.428724
2.6847
2.07853
0.393594
0.857552
2.11602
2.00425
0.41224
1.02554
1.1984
1.95702
0.849023
7.09303
1.47244
2.06481
0.362487
1.70959
4.12939
0.528734
0.579486
1.40353
1.47421
2.57941
0.692717
0.118057
6.22056
1.55263
0.441196
0.976861
5.01008
2.57897
1.83359
0.976392
0.753836
0.628302
2.15158
1.57908
0.999966
0.702093
0.402431
1.63533
2.37081
0.850531
0.26705
2.90876
3.06432
1.09748
0.209485
2.5967
2.88203
1.28436
2.13988
2.56959
2.89799
1.88458
4.87578
2.75389
0.325716
1.31178
2.15327
2.84962
0.404763
2.76609
1.37515
1.92544
3.40993
0.0808447
1.84472
0.681025
2.69572
0.883688
2.93281
1.20102
7.40644
4.89443
2.52402
4.00742
2.92999
0.764049
1.5193
5.96195
1.08891
1.2083
1.69948
0.972051
0.900022
0.727066
0.89668
2.27076
1.37776
2.36878
1.449
0.116128
3.30634
2.42681
2.77561
1.51453
2.31635
0.401179
0.508679
1.37453
5.90008
2.30969
1.77903
1.60149
3.06046
0.0689122
1.67883
0.88506
4.92485
3.85753
1.73162
3.63778
5.20779
0.428622
1.93103
4.89357
4.31307
2.11264
0.842242
1.54611
3.01669
2.19126
0.133239
1.92036
1.72368
0.964712
4.69567
1.23223
2.03942
1.31784
1.25678
7.77515
1.45623
5.32272
0.746931
0.991714
1.58362
0.753831
1.1503
2.76511
1.95604
0.983327
1.40741
3.88288
1.21867
5.76878
2.87538
1.93419
0.138951
2.35185
0.988826
0.800425
0.985584
1.1883
0.727691
2.59104
2.12823
1.9996
3.00112
1.72693
1.61708
0.186413
1.37697
3.42439
1.98528
1.78818
0.902556
1.65587
0.916926
0.864195
1.51824
2.41109
2.53325
0.327592
2.02873
0.842991
1.32769
1.38081
0.6524
3.70329
1.10931
1.71868
4.09645
3.40612
5.44893
0.671703
0.621449
4.9711
2.07176
2.52618
6.30435
0.254286
1.50512
1.33342
1.29973
1.354
1.08299
3.77304
1.8308
2.23641
2.28737
1.06518
0.331152
1.85801
1.82207
2.33036
1.65387
0.586506
0.910738
2.13108
1.31778
0.53718
2.32677
2.57952
0.48558
0.489355
1.14665
3.15527
1.44752
0.649137
3.17574
1.50853
0.813364
1.3792
1.57682
1.07691
0.845545
2.37703
3.90776
3.15888
0.12572
5.04723
1.23566
0.237294
0.625555
2.31093
3.50994
0.45684
5.95149
0.393174
2.13821
1.2963
0.735383
0.918828
0.782449
2.1065
1.4108
1.26188
0.393588
1.28239
0.408013
0.812393
1.50916
4.01444
0.790285
1.86496
1.74971
2.09047
1.24675
0.982853
1.88313
0.114233
2.71123
4.5893
1.33215
0.983623
0.92489
0.670791
3.38224
0.202754
5.25675
4.94569
2.21592
0.313613
1.1068
2.37202
0.593218
0.536066
4.46612
3.64294
0.56316
2.66502
4.25964
3.82218
1.50795
2.45122
1.55657
1.13383
3.57382
1.27948
0.983731
6.40272
2.56815
2.8324
0.647202
2.02665
0.484881
5.08701
1.70731
2.00329
2.80777
8.25205
0.232078
0.825153
0.347179
0.446442
3.44238
0.547578
1.82391
0.683791
3.14454
0.532538
1.34842
2.21367
2.56106
1.21832
3.46381
2.16346
2.89381
1.70481
0.766097
1.25644
0.717946
0.80456
0.567747
0.129247
1.16543
1.60205
2.26331
3.27375
1.55169
0.216321
2.34523
0.248954
3.22026
4.82283
2.19607
2.34633
3.16683
0.214848
4.32331
1.3097
0.248356
1.37254
1.32934
3.11081
0.122611
2.5594
2.90502
12.8271
4.39045
1.8722
1.00246
1.46064
0.350989
2.763
0.704864
2.75609
1.09516
2.26993
0.559007
4.24601
1.75675
1.73731
1.0832
2.63963
1.94211
1.14049
2.94813
0.814923
1.6532
2.14638
2.83991
1.13533
1.29069
3.60394
1.05893
0.695506
0.172557
1.26822
2.03521
2.0283
3.60409
1.20358
1.17791
2.23095
1.02368
4.25913
1.77603
3.13018
4.77992
0.286312
0.227208
2.52882
1.73126
2.56824
1.1803
2.78892
1.30651
3.27368
0.778571
1.57347
2.7541
1.22604
0.970515
2.56893
2.16325
2.58954
0.141585
0.494054
1.17535
1.25648
2.0459
1.36509
1.89414
2.94571
1.74649
0.621071
2.37805
2.67718
4.1076
0.912373
1.92773
1.6269
1.22575
1.23109
1.02036
1.80511
2.29309
0.766744
2.02931
1.86428
1.27596
3.28795
0.149826
1.11146
1.82061
3.06361
1.37377
0.521528
0.906397
0.230141
2.46728
0.75276
1.88724
0.968928
1.0995
3.142
4.93564
1.71123
2.40821
1.32237
1.33001
5.07064
2.83588
2.60241
2.87604
0.940467
1.03014
0.826105
0.914719
1.11896
1.54473
1.42541
2.02009
3.74737
1.31822
2.32612
1.23929
3.43832
3.76043
0.962508
0.209869
1.98679
1.67483
2.86569
2.69725
3.40585
1.86069
0.955414
1.87822
2.40158
0.284239
2.50591
1.06449
1.80268
3.15898
0.853224
1.36689
1.28958
0.514355
1.29072
1.5519
2.8701
3.64633
0.914847
1.37429
0.442159
5.20238
0.413317
1.5792
4.17417
1.71679
3.83605
0.879618
0.724343
0.689956
1.29514
1.75422
3.12384
2.64717
0.872747
1.63378
0.598748
0.937026
1.34403
1.49143
0.738456
1.24705
1.91463
2.43258
1.28691
3.18174
0.579011
1.58946
0.690547
2.12458
2.06214
5.10311
2.14358
2.4043
0.181634
3.49642
1.67923
1.44864
1.41759
3.65686
4.85497
3.18126
2.35067
2.35198
1.06627
0.712449
0.889645
3.48386
2.08041
3.61182
3.92402
1.71237
0.656642
1.56851
2.71828
2.94769
0.487078
1.25158
1.41571
1.19846
2.00085
0.843789
4.70573
1.64609
0.785686
1.34966
4.34782
3.85431
3.25317
7.10359
1.78117
0.419637
4.04511
4.85951
1.0368
0.316843
1.72047
2.87567
1.651
0.650878
2.04924
2.22304
0.954977
1.3445
1.35841
1.07901
1.50227
1.45684
1.16171
1.46649
2.14199
2.92392
3.22384
0.450885
4.77166
0.660995
3.90173
4.38949
1.05658
0.32191
0.738999
3.45397
0.966605
2.92295
1.48647
2.7144
0.364854
2.7359
1.86396
0.11251
1.2592
1.72425
1.56717
2.66846
0.95086
1.1317
3.33311
1.12289
0.24135
1.60414
2.38688
2.93893
0.601176
2.5807
3.25036
1.14944
6.57797
0.503715
3.41726
1.55791
0.651751
2.17769
0.31389
1.76347
0.576934
2.03724
0.883728
2.00646
0.331387
0.474055
0.702065
0.549587
1.00717
0.397442
1.23827
0.595427
2.238
3.08741
4.27352
1.42075
1.1808
0.409127
1.68331
1.45407
4.34118
0.894339
1.36051
3.56929
1.56353
1.73427
2.75654
2.12848
1.60423
1.40887
2.4262
1.39473
2.22914
1.38719
1.03368
9.57376
3.41543
1.58844
0.996377
3.75079
2.17745
3.82003
2.92326
3.40829
2.59143
2.51155
3.63516
8.98067
7.45062
2.25652
2.95828
2.44235
0.760572
0.921011
3.50381
1.79759
2.99137
1.16191
0.902063
3.30865
0.855826
2.83403
0.692048
1.37417
5.63781
1.66233
4.01775
1.67437
2.28299
3.71597
3.94077
2.39419
1.44975
2.96697
1.85954
3.80655
0.737477
0.948637
0.925657
0.408202
2.35913
0.959019
0.972684
2.72541
0.681571
0.832316
1.5473
2.39166
1.59476
5.67602
3.70915
6.90939
2.04443
0.263717
0.941918
0.578949
0.625228
0.591531
1.29238
2.30454
0.338382
3.20138
0.504153
1.67798
1.14059
1.20393
1.02757
3.94349
0.441669
1.50948
2.10756
1.91797
1.88945
2.71211
1.05386
1.00007
1.00648
0.206992
1.43947
0.350554
1.45128
4.4238
1.39483
1.01588
0.311235
2.05832
1.98392
2.63507
1.49118
4.43086
4.97957
2.62059
2.64517
0.949963
1.03081
1.91862
1.07722
0.902327
3.15004
0.638406
3.57803
0.747844
0.243191
0.91366
2.83927
3.32606
2.02654
1.02807
2.22594
1.75987
0.598997
3.58912
3.8487
1.89224
0.936433
2.81793
4.32796
1.20371
1.50052
3.61827
0.382425
1.63527
1.09274
1.63468
0.326934
1.6435
1.18711
2.72513
1.58501
3.17541
4.50424
2.90748
1.49064
0.141961
2.75217
0.969155
3.47718
2.7043
5.88619
2.14529
4.11664
0.888887
1.49877
2.47341
1.10369
3.0413
0.32457
1.27648
0.7243
1.27334
0.908771
1.40545
0.421686
2.23669
0.869434
1.01338
0.403466
1.11323
0.116147
0.989979
1.8268
0.639293
2.41674
0.57648
2.48472
3.48544
1.11906
0.255624
3.24507
0.271842
1.26235
1.98872
1.07073
0.770259
6.76999
3.73507
2.65841
1.88267
1.02237
3.45057
0.849873
2.6105
0.843335
1.62851
0.73882
0.590645
1.71507
0.957324
5.59335
2.88011
4.43141
0.957458
0.350535
3.13842
1.09032
1.48373
0.816506
0.812125
0.435156
1.43485
2.26318
1.83054
3.46984
3.47771
5.77628
5.69114
0.700075
0.470341
1.05538
0.293273
0.803371
2.90604
1.57903
2.20364
3.27931
0.235785
3.85876
1.31735
3.05729
1.04543
3.2119
1.94103
1.70811
3.4996
0.756064
0.497812
7.10071
2.96416
3.35547
1.09947
1.01454
1.67057
0.762382
2.14802
1.03837
2.6154
2.71231
0.745238
1.4679
2.76049
4.01951
1.535
0.473301
1.51199
0.899159
1.04523
1.43254
3.32263
3.03914
1.04139
0.14187
4.05442
1.96583
3.14429
0.506389
2.32897
1.20704
5.1426
1.11398
0.317792
2.37062
1.27334
2.01405
5.04016
1.23227
3.05838
0.923306
2.2286
2.98519
0.19061
0.732231
0.332207
9.59972
1.91301
5.91356
1.01741
3.9499
4.16254
0.704099
0.782926
2.75257
0.73503
3.26517
1.68295
1.47421
2.80314
2.98804
1.15183
1.27419
2.04335
1.44804
0.640547
2.13825
3.08368
0.6354
2.45427
1.1507
0.653174
2.0341
0.423566
0.471553
3.0029
2.26285
4.4388
0.704626
5.85941
1.82527
0.877585
1.30428
0.40935
1.98305
0.239819
5.9851
1.0828
0.266906
3.35312
0.757269
4.5861
0.915701
1.01829
1.90801
2.31614
3.11803
1.57818
1.61599
4.6439
1.40427
2.60583
0.390836
2.02041
0.707525
0.874441
1.98653
0.562832
0.880857
3.26341
0.784165
0.573897
1.19649
1.64304
0.724583
0.314638
2.23709
2.07628
3.03738
0.754432
0.888225
4.73612
0.775063
0.337303
2.17542
0.797536
0.532743
1.43578
0.465822
3.15253
0.19058
1.03127
3.55451
6.57988
0.543129
1.88112
1.4433
2.04656
0.924014
0.932389
2.33057
2.27962
4.17823
4.33998
2.84
0.877861
0.235632
1.95924
1.37361
1.20384
0.909323
2.00988
1.13759
1.28484
3.11966
1.03576
0.279156
2.76733
2.52472
2.49602
4.12082
2.51946
1.75249
1.37884
1.22909
0.0961049
1.32045
4.43785
2.25195
3.24368
0.293904
1.43264
4.11037
1.48241
0.924897
6.57484
0.948509
1.16477
1.81431
2.64966
3.88853
1.48165
0.840129
2.24098
2.86547
0.400576
2.48998
2.40321
1.21257
1.29083
2.41267
0.60962
0.674169
1.47844
1.52103
1.49657
2.1767
1.76955
2.1217
1.28998
0.796357
3.24964
1.40297
3.83598
1.60374
1.85689
3.56369
0.739715
0.457538
1.36551
3.54198
2.64005
2.30679
1.423
0.891532
3.15823
2.34115
1.8197
2.52279
4.28586
2.68764
2.49541
2.80793
1.11626
3.68798
0.550176
0.0424233
1.52386
1.33372
1.18078
1.55442
1.79651
1.17961
2.8157
0.854783
3.86806
1.86851
0.185762
1.31524
2.65371
2.44158
0.0422002
2.89996
1.8354
2.39425
0.843707
1.6645
0.967859
1.63193
0.130447
1.47849
0.76115
2.11072
0.440605
1.37342
0.379293
0.554475
1.51141
2.64961
0.393544
2.38008
2.46978
0.537648
0.903619
1.02848
0.346683
7.29502
0.952713
0.397562
2.03103
1.4994
2.7485
2.52563
2.44665
2.59034
0.509303
0.411455
0.822368
1.29418
0.717769
1.33577
0.966754
0.169413
3.58042
5.00895
0.235044
0.281959
1.36418
1.08797
1.55021
1.95675
0.59452
0.605263
0.601801
2.40189
1.34057
0.414481
1.11681
2.7962
2.0393
1.34942
0.164255
