7.3239
10.9805
7.87863
13.1553
6.32666
11.9417
7.31152
18.9009
8.28891
7.38322
10.2782
10.8665
13.947
8.71094
12.1225
6.12341
17.4615
10.6785
5.49389
9.07056
15.1612
8.37075
13.8028
11.8572
11.1512
8.78416
10.6678
7.37279
9.45079
11.2274
9.96918
8.10965
14.8876
6.61482
11.3272
8.92067
6.26079
13.2724
10.3123
11.0743
7.57117
6.09055
11.6141
6.87454
6.86594
14.5428
9.32788
9.10382
8.29978
8.23484
16.5673
6.349
16.6811
11.8944
11.1506
8.21124
12.6415
13.0148
9.24713
6.4315
8.68887
6.66369
10.0969
12.5276
8.58585
12.8629
10.3727
11.1981
6.84689
8.59302
11.7112
8.65449
9.21973
7.04503
7.65772
9.11976
4.29559
9.10599
13.8667
8.51836
6.36439
13.1959
12.1455
17.7316
13.2988
12.0921
15.4465
7.39261
8.40823
9.26555
13.3488
11.0041
9.12813
9.10094
9.19039
12.8177
14.3455
5.38899
5.41755
7.5881
13.5257
16.2792
8.41079
8.2935
7.893
10.7808
11.7125
6.74387
20.0976
11.2626
16.3028
19.3965
8.54263
10.9998
8.2915
8.64769
12.3513
10.5005
9.32466
6.36317
12.1116
9.04901
11.1406
12.5064
9.79139
7.24016
6.19453
7.41255
4.6931
6.77945
8.90648
10.1273
5.43287
14.1075
3.72557
10.7484
7.44084
10.2867
6.32271
13.978
8.88317
6.84086
7.93653
4.52609
5.1612
7.62212
6.86251
15.6287
11.9446
11.8856
10.2454
7.42235
7.79942
9.70597
14.4623
8.77335
11.9293
8.03841
9.21683
5.5931
11.1105
12.1987
7.43417
6.82952
8.41584
8.53089
4.86085
10.3451
9.61285
11.8018
8.48419
9.57765
12.4068
9.45529
16.1111
7.35041
9.15817
8.16472
7.01104
6.80572
8.75565
5.0659
14.1002
7.31914
9.12283
13.567
10.6438
14.2249
12.5705
8.27399
12.3694
9.66648
10.9121
3.98893
15.9216
12.2806
13.3245
6.27404
12.5973
8.48295
22.5276
4.44227
8.29203
10.1087
10.9186
13.2583
11.8678
9.50218
14.8366
7.6185
12.3034
12.0006
6.72266
8.79165
9.93341
16.9738
6.91844
9.5265
13.9995
8.93714
15.8958
9.2881
13.9288
11.3764
7.16773
9.07135
9.48979
16.3645
6.74616
7.86378
5.5167
13.4126
11.9022
11.9089
7.7085
10.7026
9.69161
10.3778
12.0839
12.2297
7.02053
8.3603
11.3219
11.5259
7.62807
9.65182
10.7723
10.1863
10.2516
9.52013
4.98999
9.18773
9.1074
14.6116
5.71255
11.5058
9.03502
5.75702
6.61879
7.81555
13.0118
5.03111
9.83228
10.6881
8.76779
9.7328
7.24957
11.0983
19.2342
12.422
5.40019
8.67264
14.1628
11.0554
11.7513
13.7802
10.796
9.24667
5.31738
6.47668
17.7468
10.4976
8.95806
14.5604
9.99315
11.8447
12.3546
9.34685
9.45633
9.02734
9.77353
12.8648
13.5655
13.3756
8.62647
10.335
15.369
15.4714
9.5515
7.02583
14.1131
5.35889
10.8717
5.64954
7.50605
11.9765
10.1789
16.4519
16.675
9.64001
12.1477
8.8227
9.50201
10.3782
15.325
6.89675
15.2189
9.84379
15.0582
17.9249
13.9885
5.91229
11.0036
17.5325
5.73383
16.0163
9.03748
8.59856
14.2769
10.8467
7.82133
8.74449
13.3267
15.6906
9.37092
12.8681
8.14755
8.99158
10.9088
8.99425
8.63047
11.2947
3.90243
11.5906
13.6307
6.87528
11.4743
8.24367
7.87538
12.6728
8.60049
20.4752
12.9409
13.1622
8.25774
8.977
9.64523
9.0997
7.07859
5.91292
9.8923
10.2135
13.2077
7.90974
11.2086
7.81189
9.39893
3.85136
10.9147
11.0517
8.57485
10.5226
10.5883
11.7704
10.0357
12.9729
7.4171
6.1086
10.6034
7.4962
13.8863
5.8268
10.4101
10.1645
8.82418
13.5423
9.09031
10.0004
12.6001
6.436
6.2893
3.90891
13.1729
13.275
11.547
9.75722
11.8378
6.33538
10.4409
9.27296
10.0995
6.03827
11.7862
12.1912
9.50784
9.85918
8.98729
9.54847
11.3831
14.1848
8.63138
7.57028
4.5905
7.18342
7.39792
10.3373
10.5424
12.4776
8.37378
4.84472
13.0212
7.50998
14.0821
11.8754
10.4948
9.5021
14.9518
11.6988
6.84653
11.2614
13.4083
9.28713
9.80366
6.94654
11.3539
6.8416
15.5289
11.1428
13.6668
15.602
8.70772
14.529
5.78028
12.9556
7.22007
14.5633
18.8247
9.3561
10.385
6.10786
11.9481
10.2447
5.80483
8.7525
14.1877
1.42509
14.8174
9.40046
12.3046
9.71181
8.70062
5.29885
7.40166
5.30563
11.6704
10.7787
13.6002
12.9956
9.20666
8.31371
13.1495
6.58601
8.79199
11.352
9.15676
11.6312
12.6337
9.60536
17.6513
9.24738
10.5103
8.20105
8.96716
14.2314
10.862
8.57637
8.61585
6.79266
8.9455
9.67241
13.842
12.9409
7.90401
7.14013
11.3267
8.4351
8.24662
10.8431
11.013
8.6855
10.4376
12.5075
9.256
8.1422
12.7919
12.4008
7.61153
15.5993
8.79987
6.82301
5.96495
19.5128
8.96852
15.7887
9.45935
8.01736
7.41848
11.4099
12.8689
9.98849
9.15983
11.1547
7.40353
5.854
10.5821
17.5876
7.33701
5.61229
6.34122
9.59627
10.4805
11.5639
9.36682
7.01408
12.8109
12.9594
13.8956
7.38767
7.3048
9.17834
12.5205
9.3034
10.3632
7.34477
13.9872
13.9723
9.01015
9.61095
5.62696
7.64286
19.1881
5.87997
8.01397
6.30475
8.05049
11.1244
11.3159
8.87769
12.5995
7.09236
9.41009
9.52224
8.04734
9.42467
4.64051
16.3372
9.82254
14.7332
9.35391
7.06374
4.83738
7.4717
21.5918
6.84401
11.9015
5.72963
11.0445
6.00009
6.99873
10.841
10.2676
3.57378
9.40677
11.3135
9.66
16.7024
9.45488
8.84906
7.15231
7.92389
6.80923
8.78662
11.0548
6.61106
8.94272
5.0871
8.45495
6.10489
10.7969
8.74264
12.8364
7.40227
9.50123
13.5224
15.1148
11.8871
9.14163
9.15573
11.1905
5.44656
11.053
14.6634
10.0606
9.22773
12.1608
7.57788
9.83423
13.2988
8.42958
9.46282
9.32561
13.5616
10.017
6.49345
6.78053
10.4333
7.95449
10.2332
6.4382
9.28032
10.0245
9.10262
5.95734
7.43834
6.72869
8.394
12.212
10.8149
6.46459
7.16604
5.07353
8.58902
13.8011
8.58308
8.09941
7.37341
15.4931
6.93581
8.69884
12.5429
12.3032
7.87159
5.67355
12.0069
8.85483
11.4389
5.16646
10.2413
10.5764
5.43995
4.93049
6.0398
6.93414
8.02427
11.5244
6.7424
10.4685
7.27449
13.7771
11.2332
8.24056
10.4705
15.982
15.4156
8.83397
8.06308
7.47553
7.45547
4.6235
5.93398
8.63915
5.73743
9.11837
12.0949
15.1935
10.5303
7.99562
8.52303
11.9645
9.67278
10.1435
10.0546
5.99055
8.56476
12.4515
6.41545
10.7525
10.8609
6.7764
17.0858
12.2801
8.80889
6.82176
7.91956
10.1276
10.3001
13.1034
6.65024
5.86892
19.8419
8.69122
8.96488
7.83984
13.7387
17.8479
6.26473
10.3594
10.1241
8.74579
10.2517
10.1237
7.67561
6.49579
16.7484
12.361
8.96742
10.1001
15.6884
12.0979
10.1188
10.0473
7.34094
7.64889
5.86566
10.7918
12.8293
5.22654
5.93307
10.0818
12.043
8.82329
5.57866
6.68265
7.83112
4.85656
18.6134
11.9244
10.9679
8.8845
8.26161
8.45503
12.1265
6.69075
4.88692
10.5549
6.95737
7.37351
9.53689
11.245
9.40116
7.69694
5.81032
10.4506
5.11327
13.4947
14.2582
7.96005
13.8351
7.81542
6.99153
6.68843
7.37236
6.94016
10.3362
8.27088
10.5986
12.9033
18.703
7.69601
9.36476
6.6144
7.55616
12.7713
4.49483
6.39727
12.2545
7.29555
11.707
15.4105
10.1567
7.34987
13.4964
11.4184
11.3194
11.7255
12.1972
14.4129
9.63814
10.6233
9.5141
8.19195
8.3701
9.53255
14.4315
7.75856
10.8992
10.5187
7.22908
10.8637
8.97642
7.27625
8.98417
4.70849
13.656
10.0392
6.41399
7.99301
5.584
10.2523
9.24416
10.1808
6.56303
9.68801
17.9714
7.5483
13.4271
10.6617
5.01079
14.034
6.61382
12.8972
11.0335
10.2713
12.6028
13.7209
6.72134
8.77412
9.48668
8.13822
11.1239
7.75391
9.6134
7.26221
7.8182
7.65931
10.5424
8.81979
7.68154
5.29179
7.20539
16.9603
9.25616
18.524
13.6449
12.5544
6.56293
9.28768
17.9378
10.4572
14.0934
7.15385
8.36418
7.39703
9.76496
12.598
12.3744
9.71053
6.43657
7.70289
15.3998
11.2116
4.9638
6.31251
15.3842
6.32981
8.58137
9.79561
7.04943
8.08081
7.37997
14.0055
10.1384
7.39293
8.16598
13.0362
13.6632
5.5536
9.37408
13.2661
14.9716
7.94458
13.7376
8.19042
8.98854
9.49361
5.17141
7.30664
6.56731
10.8642
7.73109
17.1007
10.3522
4.83602
6.76675
13.978
9.31554
9.15319
14.8147
16.7166
9.33579
9.39987
12.8046
10.5525
12.1466
9.25796
6.0676
6.24775
8.54156
18.176
5.54755
7.33749
6.16925
11.4251
10.1777
12.3813
11.4518
8.18945
15.1572
11.4896
6.14539
10.6469
13.1153
9.55576
8.73951
9.18292
10.4644
5.66994
13.6129
8.07172
5.74533
14.0089
10.2346
7.22574
12.2492
6.314
7.39486
13.5362
8.46038
9.7655
8.41752
6.64152
8.78009
14.1255
4.55526
9.29834
8.33872
8.29355
12.2576
9.58213
9.83982
5.61426
8.13302
9.58856
6.32555
13.4732
12.0068
13.8443
9.1939
7.79502
13.5861
11.0382
12.04
13.5682
13.413
12.1022
14.905
9.9569
7.77149
9.09835
7.92377
19.4114
8.50008
9.62166
9.68602
10.4101
10.3257
6.13744
14.5557
6.49854
7.65941
18.9163
9.94851
7.37824
14.6683
10.6297
6.12124
11.0504
8.16367
6.52685
7.7681
5.56103
10.852
10.2672
10.5117
13.7504
9.23236
7.05304
7.27343
12.64
8.14136
7.6215
6.64357
10.7773
15.2537
14.5671
10.3131
9.10821
14.1347
7.06496
13.7955
11.5985
11.8281
9.29917
7.2502
12.7646
11.1663
8.66201
8.55738
10.7598
21.1473
14.3457
8.57532
9.22872
7.20642
10.427
5.63137
10.4319
8.11948
9.30079
15.6342
11.5949
4.8893
10.3285
10.0818
10.0213
5.73692
9.3044
11.9665
9.7482
10.1296
7.90435
10.6142
11.2915
13.386
7.61901
4.30318
7.30454
11.356
8.77522
7.44351
7.91653
9.7438
10.4429
12.3745
9.26684
11.1861
6.35527
10.4904
11.0701
12.7186
10.7128
4.64581
5.92851
6.23404
12.6683
13.3646
9.9441
10.8828
9.1359
8.5287
8.26472
10.534
5.16284
10.0192
8.59707
9.2291
6.52561
8.7739
12.4307
18.5824
6.3342
8.65901
8.47641
9.3024
11.8749
8.66015
11.472
13.2933
11.0451
11.0123
9.71743
13.6929
10.8446
8.28224
8.14415
9.21435
4.56081
9.6123
10.4972
17.0297
9.78727
7.22083
7.30947
11.9362
10.2024
12.687
8.37012
12.0147
10.3338
6.8801
6.40127
9.75231
6.70353
8.3629
11.2903
10.4517
7.44449
12.8351
9.82429
8.68696
14.744
9.19801
15.3743
8.03423
10.1704
7.34611
8.38311
4.33666
9.07757
10.786
10.1362
13.3498
10.3423
15.8171
15.3944
11.9385
19.7432
10.215
12.0104
6.4594
5.6826
12.8299
11.7029
7.72564
17.2923
8.39132
6.65461
14.8713
11.6288
9.58038
16.56
13.1187
12.5992
6.55518
9.80455
5.81665
11.7979
11.468
9.09109
7.81333
10.3572
11.3788
9.79408
5.86683
10.2323
8.83262
7.65114
11.5044
14.885
8.40648
10.1051
14.6914
11.6974
7.50781
10.2189
6.32918
10.6239
8.83498
11.0113
15.273
9.79718
11.3
15.4991
9.43398
7.28563
8.82806
11.1968
6.38682
19.9763
7.85222
9.95776
5.72233
12.6148
9.05806
7.96749
10.9794
8.64731
9.13654
7.59794
6.35088
7.53326
16.4734
21.0234
17.1031
12.3257
7.11668
4.35229
8.43713
13.9993
10.331
10.4928
8.025
10.6843
13.998
9.11851
8.44683
8.29645
11.7032
9.39717
14.6496
9.0364
8.37832
9.36086
6.59701
8.11952
7.77426
6.00926
8.73214
9.8751
7.32232
10.1744
9.99027
9.0923
7.75854
15.0562
9.74532
11.1104
11.2056
11.1
6.42199
13.9857
11.4375
10.1008
8.05232
9.30433
13.419
9.91981
12.5056
18.4393
12.353
11.6828
11.457
8.24338
4.81416
11.211
9.1237
6.68044
7.63813
12.9505
11.1941
11.498
6.74956
5.24955
9.7218
12.7385
9.67326
6.81326
10.3282
12.6275
15.5683
9.37013
14.0986
8.4522
5.89213
6.13873
11.6903
16.3428
12.8005
8.91994
19.6083
5.92719
20.0271
7.79863
12.0351
8.44599
8.27039
10.0473
14.4501
9.61317
13.9565
16.7772
6.10127
9.14472
9.44775
7.77912
5.44736
9.28214
8.66641
13.3669
10.8588
9.26066
13.7512
10.1386
8.38296
7.84585
5.81712
13.7934
13.853
7.77072
9.78887
11.9592
16.1126
10.5292
13.4001
7.27628
7.15403
11.919
9.34236
13.8824
9.47387
5.41327
10.2089
4.89078
7.06768
10.1052
16.1392
9.64841
6.12433
9.89365
7.76771
11.591
4.74069
10.0688
9.81631
16.3347
9.57696
8.45942
14.0707
10.91
8.76563
13.2791
13.294
10.9648
7.23772
9.98031
4.84426
9.98913
10.0385
11.4461
16.4111
10.4254
9.87356
6.86784
10.3083
6.16159
10.7554
9.0605
6.22304
6.25534
9.92901
11.924
5.78229
6.61577
8.89918
7.81746
7.34425
9.80082
5.50618
18.0735
12.8962
10.1002
11.722
4.06004
7.78505
14.4325
14.5102
12.6596
6.01084
8.05619
6.26104
4.1336
7.87563
13.9856
12.5299
18.8539
14.6365
4.37325
7.04806
12.6468
14.3347
5.29659
13.1741
7.1888
8.10532
10.7497
11.2141
11.1552
7.33617
10.0687
8.11545
8.95877
4.70745
9.85011
9.22569
12.0416
10.0552
9.08425
8.75729
12.3563
9.55216
10.8773
12.8254
9.50053
6.88249
10.6388
14.2845
8.25489
12.7865
10.0023
8.51846
10.1245
8.49681
6.82916
11.1993
13.1534
9.32327
8.35148
10.8448
7.0684
11.4802
12.928
6.19334
13.6713
8.53569
8.63065
12.8367
7.66888
6.7931
8.05704
12.4876
10.2733
10.8902
11.8223
10.2555
4.00345
19.9629
5.81155
12.008
18.4209
11.0457
11.1229
13.252
9.29323
9.00908
14.2211
3.33715
7.58247
18.5589
14.8978
11.5649
11.2374
10.7605
12.7345
11.3108
7.05226
8.64861
13.9693
8.33621
8.15939
13.7083
6.96659
6.40234
8.03056
7.43592
4.72318
12.397
7.51882
8.76287
12.8012
10.9482
7.56509
8.90604
7.1366
11.4346
12.5475
5.80475
17.0781
8.38821
11.839
11.3788
7.03366
5.59771
7.78637
5.10928
16.8766
6.6654
8.87661
9.13062
11.2755
9.42676
10.6103
10.7167
11.8573
6.01476
10.9489
5.16991
7.53946
6.40279
6.30191
9.91126
8.99289
6.58754
8.00546
10.7093
7.53587
9.92095
8.84653
9.48762
10.0758
10.3409
12.2969
9.12481
12.3604
6.80895
11.5799
3.82113
5.3893
9.20151
14.8512
6.14812
6.70133
12.0452
10.7733
5.23133
7.95741
7.95653
9.98196
10.7759
17.5958
9.01932
7.5579
7.87103
12.2646
10.6797
9.60449
7.11356
7.00786
6.77926
10.4664
6.78461
10.5381
19.7173
11.8475
3.80515
18.3975
14.795
7.91278
10.8044
8.11055
12.715
10.8051
15.4873
13.1011
9.47738
4.63913
11.6911
10.036
6.69346
9.39937
14.4983
7.7655
7.48833
12.9584
13.2088
6.34604
10.7999
9.06467
5.51157
7.1853
14.1472
13.0327
10.5102
3.78091
11.77
11.3067
10.285
16.155
11.8962
7.69941
12.8847
11.6949
11.5898
7.3532
10.2899
6.60199
9.27268
14.7696
13.6188
7.08057
8.37965
7.77967
4.41818
5.54033
7.94741
7.59362
16.0072
7.59957
15.8703
11.936
4.34567
8.15093
8.53447
5.38199
10.3557
9.94966
8.25241
5.9081
10.2644
9.9428
8.48733
12.889
4.00699
10.6872
14.1418
16.1511
11.0312
10.893
6.98673
10.7129
12.7038
7.95204
14.9911
8.63191
15.7727
3.5302
9.31724
12.5447
10.9016
15.3921
9.35023
6.60697
7.49139
8.01841
6.33103
7.36297
6.58132
6.4427
11.466
17.6718
9.76911
3.41867
9.71626
8.78436
9.77525
6.42834
9.86449
11.1656
11.5048
14.3943
14.5744
10.8621
11.7169
14.0287
5.91105
10.5102
6.43247
4.85131
13.423
13.9881
4.33663
10.5563
11.1418
11.2912
11.7738
11.4146
11.0543
15.1551
10.0053
7.62197
10.8503
8.58914
8.98259
11.1153
7.35519
8.88255
7.05274
17.2443
14.2453
11.6973
6.38247
8.5931
18.7217
8.37877
8.48565
14.6191
8.42354
13.4823
8.59623
13.6571
7.21986
5.24233
14.2727
13.8127
6.86631
7.14557
7.12709
17.249
8.7537
11.184
18.2378
12.183
8.14128
12.4883
12.2293
5.21938
14.1654
13.237
11.536
6.91726
8.11134
8.58505
10.2064
8.31929
7.97007
14.092
11.5701
8.25532
8.90955
4.73742
10.5438
8.03892
7.57524
10.4091
19.4394
16.2529
9.47431
9.29669
8.10337
10.1195
9.04182
10.5066
5.22458
9.48494
9.64974
11.9012
16.0164
14.3412
9.93426
16.2797
9.49374
13.4489
11.6646
12.9003
16.8423
5.66231
12.6061
8.24371
15.3051
11.3045
15.4416
8.0445
10.2968
8.91587
9.41675
5.63542
7.1418
9.18456
7.89114
8.58451
9.71529
7.42147
8.78207
6.9667
10.7951
18.4747
15.8318
10.7851
10.1603
10.8749
11.8713
11.2473
21.4283
15.322
8.69404
10.3737
10.4993
6.86355
10.2739
10.2705
6.93553
14.6307
4.04538
8.66816
5.76324
10.0132
15.2709
10.6013
11.0162
8.27077
6.79729
4.44097
13.9801
8.97952
5.95657
8.37394
7.69122
10.2001
10.833
11.3883
5.83835
9.68216
10.1392
8.5212
9.48794
7.26948
12.4194
7.28345
8.62271
10.2887
18.9295
7.26916
11.0514
7.49017
12.436
10.1174
10.4166
10.0088
16.1385
9.90315
14.9808
9.75746
15.4017
8.64204
11.7153
10.4426
8.17216
11.8401
10.7028
12.024
8.69105
9.79437
7.80479
6.69916
10.572
9.47059
11.4441
10.7339
16.8897
16.7027
8.22145
11.1752
9.02221
10.0399
6.74199
6.24351
9.73647
5.28879
11.3383
8.02632
12.4818
6.24423
5.80554
12.6556
8.71341
9.39644
6.12001
11.7772
10.7705
15.6997
9.66128
6.70842
10.5025
12.8919
10.542
15.9769
10.891
10.3107
7.96109
7.18558
10.7219
14.663
11.3974
8.2424
3.77286
12.8556
8.9179
6.10165
8.78847
10.8451
6.91245
12.5401
6.45975
3.98455
10.8806
13.9536
9.16397
12.4537
10.5132
18.5726
14.7165
11.7119
19.6265
7.75176
6.66705
5.99648
16.9464
5.17889
7.08278
7.58965
10.0082
13.4817
9.00241
8.3035
7.41426
8.83087
11.8037
13.508
5.98469
6.37497
5.17483
9.69
10.6529
9.04949
11.3411
19.2563
10.3287
7.36777
8.62811
7.55395
7.56657
5.0851
7.25552
4.89449
13.2402
7.25447
10.4053
9.55885
7.86503
11.8027
11.4883
10.8184
11.2715
10.0469
8.66053
8.06845
7.36006
11.3494
11.4758
5.0584
14.6005
6.16124
11.6013
4.6516
12.4004
7.59815
10.8581
9.52803
12.0223
7.77619
11.5891
10.8939
9.38638
16.8376
10.8636
12.1264
10.9849
10.9971
8.67736
8.37594
9.9314
10.5504
10.095
6.61366
11.0909
10.9831
11.8449
10.0783
6.62941
6.54562
5.78024
11.6224
10.9189
11.631
5.79927
12.7808
4.50516
10.8411
7.70453
12.5538
11.1165
11.6025
7.53754
7.76833
11.3259
12.6043
9.90285
15.1332
7.1539
11.3869
9.5097
10.9402
4.03339
12.6553
10.0417
10.0727
7.48685
6.91566
6.71433
13.5735
9.5322
9.71414
9.50579
8.59157
9.9738
8.61735
12.0635
9.58735
15.4904
8.30616
10.6097
8.63175
11.6407
7.44333
9.71978
6.30287
8.89863
15.504
9.01275
9.9116
12.6409
9.77567
4.02697
6.08101
7.58576
8.65011
10.2413
14.0425
9.23892
10.7829
14.8625
7.99832
6.75038
9.83583
13.2052
7.54032
11.2758
11.9797
13.1485
10.9787
7.9253
9.93654
12.5873
9.14858
11.1129
11.4763
12.2631
9.61467
5.57883
10.908
7.66031
15.1251
10.8738
7.40359
6.90787
7.55286
4.99994
16.4029
9.92714
6.54581
7.14131
7.24384
9.12409
5.67656
10.6418
11.6833
9.33817
10.7738
7.213
11.1887
10.1172
8.64989
7.93982
7.1364
12.3413
10.1716
10.0586
7.00692
8.09631
16.3209
12.5672
8.22057
9.8338
8.72525
9.79122
9.68167
15.3078
4.61588
9.68313
12.8184
14.2972
6.63433
9.57985
5.37289
11.9914
4.55229
14.8352
17.1272
9.86705
17.3887
7.94259
16.1188
7.07761
9.63022
12.313
22.7066
8.3516
9.24018
18.2037
10.0023
8.64512
11.9536
11.7393
20.7931
8.03772
8.65539
15.8124
9.0057
9.30672
10.066
9.44992
10.6708
5.671
16.6909
11.7357
10.7959
8.2299
6.87736
7.59791
14.1559
8.29627
9.44035
15.6097
9.69636
8.51778
9.13815
6.99454
3.97746
4.92304
4.25247
10.8573
7.53433
7.35136
9.6256
6.52446
8.2136
5.37866
9.61464
6.3421
8.38135
7.75316
15.9404
13.8963
8.32703
10.6256
7.70736
7.50134
13.4327
15.4826
7.10056
10.6076
5.11949
9.00636
9.59645
14.7562
10.1428
7.44706
7.47398
11.1129
13.3787
7.62478
6.62454
8.81861
9.04156
6.79085
9.31905
7.00235
5.83008
7.4911
13.1698
15.1653
7.38794
4.9392
8.2593
9.45736
9.23112
6.41916
10.8749
13.6112
10.6875
9.6408
21.9336
9.49901
5.42369
6.8564
9.60617
11.0127
4.68653
10.1816
7.51578
12.514
12.0132
12.1499
12.2393
17.3792
6.65113
13.227
12.9577
9.12612
6.13493
8.32356
12.3536
7.85862
7.03219
4.93058
12.3197
15.7479
11.3707
5.73786
9.05197
12.0629
14.8446
5.64445
7.72582
13.5409
10.8654
8.89809
6.20873
7.53306
6.61726
8.39213
7.51477
9.98106
7.63704
10.6533
10.6715
10.2228
6.5594
8.90798
9.7144
8.54784
27.4093
5.76739
9.57734
12.1211
6.30242
13.0311
7.13115
10.9176
13.2133
14.7449
7.61158
4.8588
11.4653
8.05038
8.21552
4.1529
5.96884
14.7881
7.39202
5.59601
10.3702
6.42873
11.2018
5.36715
7.35817
15.7352
10.9761
13.8961
15.3087
6.59072
12.5852
8.7546
10.6677
5.55042
11.2331
9.90552
9.96886
8.68069
11.4553
7.75824
7.36751
8.73357
7.83403
8.70256
7.88435
10.5839
6.20886
14.0311
10.243
5.87178
5.9567
9.84368
10.1438
6.70338
15.6163
10.3119
11.426
5.4933
3.16648
6.9735
15.8289
10.4867
9.84974
15.153
11.4667
15.405
8.53282
9.15428
10.5909
5.67266
10.5288
11.485
8.01625
10.9867
9.82517
6.01295
9.60267
9.85366
9.6328
13.4946
11.3719
8.67379
10.9736
14.1411
11.8425
10.4264
8.79222
6.51354
10.0461
7.24456
11.5953
14.7389
8.37035
7.9484
5.27358
9.49852
8.26789
11.9734
12.6525
6.40078
9.43929
8.47717
6.15213
9.75737
7.62605
9.7556
13.4098
11.6737
15.03
15.8656
9.55557
14.4633
16.9475
15.5954
5.57302
8.97909
9.18174
16.8022
9.92672
4.39208
8.09053
7.50555
11.9911
7.33374
8.17252
13.974
7.00292
9.01351
9.05045
9.77774
12.1071
9.80594
15.5167
13.3728
12.6597
9.40248
11.2768
8.04147
6.40879
10.5132
6.21797
10.6701
4.68759
11.9667
7.10775
10.3259
10.6446
16.4351
10.7815
7.00216
5.97438
13.1029
11.6659
12.5376
8.12134
10.4874
7.60411
8.52552
7.59498
15.0459
14.5094
5.98421
8.54866
15.1778
9.38772
12.9465
8.11133
8.98027
13.3571
10.2296
8.57651
5.34756
11.8137
8.7605
14.8758
7.39842
15.0556
8.33574
11.2642
11.0998
21.9295
6.56031
16.7899
5.81372
15.4497
9.91855
13.524
5.1915
6.43639
12.2682
17.7368
10.6888
9.21659
6.37897
10.2668
9.58983
12.7759
12.5542
4.4841
9.81116
8.68344
16.9816
6.42541
6.30459
7.83577
15.7368
7.59913
8.26247
14.4333
11.8422
9.42459
9.76345
10.1881
11.563
10.985
10.5503
8.704
10.4974
10.7062
11.2891
9.72049
8.11939
14.767
8.5357
7.70566
18.7176
10.1127
6.24144
8.46648
8.75072
6.31279
8.47526
10.4285
9.70179
8.14379
7.7265
10.4772
7.36966
9.37651
17.8916
12.5523
11.6021
8.43097
5.73223
8.03268
12.0053
16.7197
10.0145
10.2145
7.92029
12.0053
8.41322
6.95066
11.6733
11.2416
6.62502
8.86232
9.53636
6.09349
9.54237
9.07679
12.3959
11.8083
8.53372
8.90175
10.0566
7.8873
12.0788
5.54829
6.87845
14.5824
3.45187
15.0221
7.56845
9.52188
7.95491
9.8414
13.8498
6.61174
10.3443
10.7994
12.4052
6.81172
14.7075
13.0691
6.52117
11.0513
12.9131
13.3097
8.75211
13.5874
10.5911
4.95704
9.07058
10.5971
10.7416
7.45488
6.40332
8.99776
19.2091
11.2774
14.6594
11.3456
13.3152
7.13766
11.1306
14.9485
11.3055
14.2262
8.99466
10.319
4.46312
8.22483
7.75205
7.65834
8.41746
10.3729
14.5686
6.32095
10.4321
9.68067
6.00037
9.68502
11.2759
10.4606
10.3465
11.1975
7.7293
11.719
11.8171
10.3533
8.68552
12.8251
15.2709
5.05439
10.3936
10.286
6.59604
11.8276
8.53371
10.3867
18.7528
6.44869
15.3752
7.96342
11.4176
7.44053
20.691
10.6711
9.10863
11.4191
7.20912
10.7595
13.2644
11.6448
11.9826
7.25624
11.1826
6.96132
8.34205
9.04568
10.2274
7.14994
7.4912
12.5099
14.2371
8.23049
9.467
12.9613
7.94469
10.8432
18.1202
10.2972
11.252
8.58743
11.4102
9.74939
8.80951
7.78736
8.96574
6.34911
9.77943
5.12034
11.6449
13.7675
8.68346
8.12089
8.65396
13.4137
15.6389
15.4571
8.13826
10.0113
6.17275
10.6373
9.87591
4.5199
12.1698
8.38113
6.43725
12.4907
10.2261
9.52112
7.33651
11.4731
7.29433
6.44524
6.06639
11.8922
16.0376
20.9694
10.0091
6.4088
12.4594
14.8646
8.2338
7.76183
6.47875
11.2464
9.48093
6.66342
7.22815
12.5212
9.41544
5.94031
5.06074
7.80189
7.10784
7.97092
8.92397
7.30914
15.4525
8.31136
13.0957
15.0666
11.936
11.2929
7.43417
9.31387
12.0674
9.77676
5.91647
12.8324
7.14187
8.57258
13.6185
8.89485
5.98638
8.58408
4.8026
10.0928
6.2308
5.82238
8.37444
6.76327
10.4053
12.7655
5.69212
11.8469
8.43242
16.9193
6.21322
16.2727
5.51069
8.90173
7.15607
5.82669
13.4274
8.59723
6.95353
11.9661
8.00572
3.5366
7.31813
7.63598
6.98588
6.87786
9.53558
9.12839
9.92508
7.24066
14.0048
6.15796
9.84537
15.5521
8.29373
13.1666
10.3858
9.75409
11.6117
8.74882
7.97362
6.19047
8.16522
11.5221
10.999
12.8047
6.7955
15.2495
11.6539
9.30001
10.9401
11.1441
5.2944
8.68929
7.55996
10.4009
14.126
10.6242
8.19392
8.48727
13.2547
7.65142
11.64
11.752
6.8894
7.07583
10.3528
6.59748
13.9117
15.2655
8.3884
8.46507
12.3195
7.35958
6.86219
8.06354
11.3902
9.92579
6.64934
7.14993
16.6751
12.0812
12.6401
12.4869
12.2002
10.8106
8.48968
4.50659
13.4351
8.99639
12.3287
7.96817
9.05007
16.3785
10.3469
11.3963
10.0464
4.63521
8.93815
6.48793
9.67428
6.37164
5.39034
11.1152
11.0287
6.63423
7.89813
13.3704
10.6561
11.8336
12.8082
10.6917
9.27903
15.7416
6.9035
8.14182
14.4044
6.97935
4.86995
13.7182
15.3857
11.6292
14.9866
11.3918
10.9349
6.21556
10.9786
6.04565
7.7707
8.33893
6.67698
15.2935
6.0815
10.6697
8.53057
6.96372
7.55723
13.4206
11.2156
8.32951
10.0552
10.4649
10.6152
6.62251
10.1106
10.5709
9.47577
5.90988
10.881
13.0927
9.40933
9.56783
11.1239
7.46205
8.86797
13.267
9.04689
9.09338
5.48899
5.92661
7.55191
9.60184
13.3957
8.52647
8.28945
14.4738
6.20947
12.5182
7.19036
6.20782
8.17282
15.2046
20.6031
10.7836
9.25159
12.2173
13.6129
7.99124
8.81606
12.7648
11.8634
7.79518
12.1966
10.4525
9.37693
9.40275
7.92746
4.33348
8.63226
4.60238
9.51695
17.5043
10.4919
9.68512
9.39674
9.77664
8.30348
10.5927
8.48035
6.95435
10.9915
9.93736
10.7981
10.7819
11.3733
9.25383
8.93099
10.0991
5.03485
12.4016
12.441
6.59571
9.67166
11.8911
10.8484
8.57766
6.81043
8.14827
9.04923
11.5892
9.42515
10.1544
11.1432
9.9397
6.19164
11.621
9.98062
6.1775
4.37282
7.13929
7.83915
9.86525
11.9116
11.2623
8.22209
7.87587
8.06911
15.6555
6.87859
8.22867
13.2881
12.6795
11.7134
5.92026
5.46721
5.80594
14.998
7.90333
10.5642
4.5459
11.4127
9.93696
10.8196
7.2453
15.598
11.9597
15.3906
7.47265
9.03691
7.66278
13.5852
8.29287
7.08692
10.3113
5.08217
8.2537
10.9333
8.53701
7.31085
9.74204
4.98625
6.86013
6.10953
6.52023
12.3339
8.44176
9.49425
12.1167
9.30332
11.0654
14.1845
16.1948
9.98441
8.82637
10.9968
9.42285
7.36927
10.4431
6.22323
11.2425
7.80959
4.94955
9.96823
5.56059
8.74254
10.7017
8.30419
10.1773
6.28093
7.97627
7.69993
12.3891
9.08008
10.5234
9.64527
12.1183
9.55453
8.70062
8.72265
9.20511
8.46367
9.45988
10.9556
5.76306
12.2293
15.2147
13.1411
8.62381
4.95274
6.92418
11.2446
8.31297
11.4423
13.1852
10.2546
9.21815
12.9307
10.4594
14.1313
8.25093
8.082
10.2161
11.2784
6.12086
14.3598
6.53354
9.60702
13.2871
12.1698
13.1394
9.76882
8.73262
7.41049
9.45886
8.28807
6.77199
9.16222
3.74262
10.922
11.4792
11.9162
4.87609
8.84944
12.6506
9.48765
6.65885
6.86751
5.60206
10.4409
8.96378
13.0732
12.6024
13.557
9.64258
10.5682
11.6373
9.78908
11.1687
8.09039
5.85262
10.0829
9.38393
15.1707
5.37326
7.53466
11.6476
11.2685
15.3595
7.62309
6.82002
9.26311
10.7683
15.0656
9.96581
12.5824
9.55882
10.8323
6.20298
7.90986
11.5556
12.3469
7.42995
12.4542
8.1804
6.56793
13.8809
11.8315
12.6931
12.692
13.7491
8.54592
5.31004
21.2398
7.9486
8.42153
9.59961
9.46969
8.05647
18.1605
8.54822
9.75704
9.24893
13.0235
8.08862
12.9156
13.7469
9.61159
9.48663
11.321
14.6339
10.1901
6.49249
10.1017
12.2892
11.3687
7.61821
11.9732
12.6204
9.96451
13.2981
10.4614
10.7558
10.7342
9.08018
6.03926
14.0773
5.33689
14.9386
7.91558
9.67894
4.91492
13.205
10.4325
6.75135
9.1999
5.17273
7.03825
10.6056
4.18412
10.6229
10.7888
6.9002
10.1172
7.5294
11.9959
9.43536
8.02024
11.9444
12.9873
7.39869
4.09291
10.831
10.8729
7.12286
6.94816
13.0735
12.1934
9.85914
13.5814
8.91634
7.36756
8.00923
9.4524
9.45317
5.28076
5.42954
5.77502
5.48499
21.5247
9.57652
8.04139
11.3472
4.6528
11.6865
13.1027
10.1265
10.1611
8.41369
16.2469
10.9841
13.8407
10.1126
15.408
17.749
8.71424
6.90173
10.2624
13.4409
10.8988
12.4408
8.59463
9.34617
10.4879
10.2482
13.7629
9.86237
5.71117
4.87266
6.11825
8.93798
17.4139
18.8508
11.541
12.1511
9.09136
12.1841
14.6483
12.2865
12.2749
10.6923
11.4387
17.2025
11.4073
16.703
10.3619
11.9801
5.79801
7.67729
9.9973
5.89444
5.05674
7.46335
5.90221
6.08518
11.8153
14.3296
17.6173
10.9622
5.45503
12.1402
9.08743
8.98033
8.44503
7.27701
6.40561
10.4333
11.274
13.4966
9.55605
11.8122
10.6254
7.7244
12.8046
13.4699
7.7741
16.0991
7.91526
7.12475
3.59254
10.4519
10.6637
16.882
6.18846
14.9677
10.4564
5.20185
11.8827
17.9976
6.98358
7.15311
13.904
13.6019
10.3548
8.90192
6.30758
10.6811
14.3962
9.70175
6.53763
8.69054
7.89683
6.577
16.7504
6.07394
13.128
13.6711
7.00891
8.70369
10.4153
9.21192
7.65515
8.17146
12.7159
13.3975
11.3867
9.70907
9.06056
11.6246
8.32429
6.99279
11.7663
6.63116
11.3403
13.8641
7.05595
8.73843
9.06653
7.94093
6.60405
7.53999
12.2421
11.6304
13.2737
12.4725
5.75061
11.8556
13.8632
7.48002
14.157
12.1683
7.71487
8.67387
10.8046
6.23553
11.1911
11.6074
11.5051
6.4799
7.92821
7.71702
11.5274
7.21342
10.6767
7.13335
10.9699
14.5296
6.92784
13.3103
17.3485
7.55455
4.1316
10.6852
10.2771
11.4427
12.5329
5.93305
10.9813
8.98146
5.19035
7.11599
16.2935
5.71848
11.3033
9.19452
11.9191
7.25885
13.093
8.67204
10.3829
6.74721
10.1172
7.75811
7.59431
5.94322
9.88516
12.3522
17.5632
13.6342
8.31216
11.9194
10.1124
10.5187
12.1418
10.8743
11.3047
9.02323
9.00215
8.17076
7.75353
12.0559
6.76597
7.87476
6.44604
13.7295
10.4261
8.50446
12.0248
6.24661
6.69831
6.36417
14.4602
5.73133
8.17388
12.3212
11.7538
11.682
7.6507
15.5386
11.0007
7.51829
11.2233
5.51435
10.6367
6.71336
19.4301
16.5587
11.1484
8.52458
8.21694
7.45774
10.0913
13.9883
3.8913
9.87235
6.94878
7.6129
9.41981
15.5827
12.0594
7.50909
10.3598
11.1211
6.80977
9.59071
6.52665
11.6229
10.1866
13.3617
21.3338
13.5139
5.8952
4.09205
14.7997
8.99569
8.46506
12.8908
10.3764
10.4723
9.83727
7.35395
7.00907
14.5963
9.16653
8.2704
9.81839
6.76442
8.24691
8.22499
9.24009
11.0944
8.98657
13.2979
7.59339
16.6492
10.8234
7.4966
5.61728
8.95182
10.6136
12.1489
11.017
11.2911
7.38798
14.8687
9.49818
17.5957
7.10902
10.7653
12.206
6.71683
8.72419
12.5009
10.6636
13.853
8.74625
12.6656
7.12258
12.0483
7.93982
12.3333
7.11335
12.7668
12.985
12.345
4.54584
8.39705
8.59221
7.06566
12.3706
12.8817
11.8611
11.7068
10.8431
13.146
13.7909
10.992
9.59287
12.8152
15.2602
6.80488
9.49536
9.84642
8.90353
11.5728
15.1808
10.596
6.493
13.5183
6.00856
19.7191
7.63927
6.33856
13.5843
8.91367
9.36299
9.2698
6.52549
8.54183
18.1521
9.92021
8.53537
7.01608
9.90074
19.3274
5.28766
9.44913
10.1599
11.2977
6.56068
8.51717
10.0391
6.12681
7.09706
6.69069
14.7695
8.0411
11.866
13.9881
14.545
7.4687
8.27569
11.0759
13.4528
9.34032
11.89
7.32808
9.17527
7.39037
14.7531
6.31476
7.00308
12.7505
12.3091
15.1369
15.7237
15.4014
9.53001
11.9202
8.87551
7.9121
12.5697
15.0531
7.41504
5.70116
7.37021
3.11708
5.2891
11.8751
12.5008
11.6541
7.37986
7.9791
4.13072
14.1135
7.28913
6.2692
7.54354
9.16012
9.2076
7.46333
17.792
12.9585
13.1663
8.3821
9.978
9.79362
9.03627
6.48792
13.2163
16.9558
15.4657
9.40299
8.32251
12.9279
10.0559
3.54618
7.60109
15.5131
6.18397
5.92425
14.2238
11.4885
6.00674
11.2748
15.4001
6.18778
5.85012
9.37763
8.88127
13.2428
6.7505
17.4643
12.9886
16.4887
4.23419
12.0592
6.78189
8.40314
12.4413
10.0122
5.52597
14.7463
9.24991
11.4257
10.8878
8.89498
10.578
8.33109
11.0594
10.1129
14.0022
7.92627
11.2851
11.6795
15.1007
8.72515
6.84379
11.1215
14.2401
6.79262
9.61192
5.75572
11.1365
7.31136
14.2552
10.1126
9.46699
5.8727
9.77939
5.0219
9.49912
9.11002
9.55772
8.52162
7.48663
13.2797
10.3546
6.99466
8.62614
5.55971
7.23349
7.01498
13.8392
6.16596
12.8254
10.4515
6.64911
7.08036
7.17647
14.2204
12.5399
11.53
8.11147
11.1968
3.20376
10.0921
4.55368
6.54106
11.4726
11.4791
8.87666
14.5541
12.3326
9.41706
8.43303
6.92495
16.5137
8.80746
8.30781
6.09348
11.1431
5.72773
9.35202
7.97126
11.5743
13.5638
8.84536
10.7457
10.4289
7.37131
6.56158
13.1191
7.56716
6.4711
14.5775
14.3111
6.14859
9.38123
9.12026
10.814
7.28722
5.61629
8.58465
9.24398
8.87736
8.03711
6.46092
12.3969
19.6772
7.06871
8.7681
6.80132
6.40654
8.0563
9.50247
7.75756
7.13851
6.54156
7.47682
11.4235
13.0687
7.87941
13.818
5.89566
8.1709
11.1763
8.99008
16.4795
8.57403
4.76783
9.67935
9.66289
9.58113
6.65026
9.40496
13.8567
4.51937
9.76155
8.25648
8.80335
9.11216
12.1388
9.26806
7.98453
15.9412
16.2592
6.9053
5.43973
8.35189
9.00972
17.469
12.9188
14.3236
9.28981
11.2878
6.2904
9.6513
8.25742
12.3224
9.90447
13.8963
9.55021
12.577
11.2236
10.9028
6.72881
9.2661
10.6139
13.6663
11.9946
5.94694
10.99
11.6919
14.9848
6.03639
12.347
9.39638
8.96974
10.5386
8.06757
8.90108
10.5537
11.0955
11.2155
9.98269
7.67917
8.82827
10.0925
7.92148
4.05001
8.47107
17.2805
9.38983
8.46712
6.0721
8.26722
15.3559
10.5899
9.16913
6.1749
9.10278
7.65665
10.8813
8.10241
4.62567
7.31489
15.6227
3.93431
8.20599
4.25506
11.1474
12.3462
11.9003
7.38614
10.8128
8.92041
7.71251
15.3194
8.31083
7.54361
10.9906
8.36674
10.2613
16.4236
12.3239
10.9358
9.12121
10.9658
14.3823
7.59738
12.2139
8.459
7.85344
10.3764
10.9388
10.4303
7.55881
10.2844
8.04288
13.46
10.3998
6.21745
8.37238
12.5061
16.0674
8.63905
9.86058
9.83295
12.0778
13.5001
8.92299
10.1521
16.0145
10.1202
16.406
5.3607
5.31723
8.90547
10.9204
13.1352
19.3322
24.9731
10.2514
11.7108
11.1845
9.06935
7.25447
11.0466
16.0849
11.0028
10.1788
13.8942
9.52412
10.9437
9.77298
13.0588
16.4733
9.15471
7.26208
5.44169
8.08437
7.15528
12.717
11.1865
8.27046
8.65248
11.1244
7.87934
12.7197
7.94728
10.7577
7.02929
11.9124
7.87548
10.3112
9.90077
8.99035
11.9772
11.7774
14.0277
7.27865
10.827
13.6518
11.7225
17.5877
7.81604
11.5834
12.6085
5.69991
4.67538
10.7154
9.47945
8.13091
10.2347
8.03175
14.294
7.77192
11.431
16.2806
6.41891
12.487
7.82497
7.23613
12.7034
10.5753
7.88011
15.1052
17.979
9.20559
10.5479
14.074
16.5247
9.94811
6.65311
13.2458
8.63836
13.2653
8.17237
8.51514
8.9984
5.98684
5.68595
6.52841
17.0595
8.63466
12.9561
14.2473
8.05628
9.72467
16.1976
14.2134
6.25179
12.3984
10.2321
6.56155
11.8189
6.0431
8.08124
4.65512
10.0744
7.06949
8.68947
9.96953
11.8396
4.90859
10.4879
12.9821
9.27488
7.18915
8.06948
20.7979
10.8641
5.09285
7.66485
9.42264
10.7792
13.8542
10.6231
10.2524
11.4284
4.5664
7.8227
11.7282
9.62136
9.18604
13.4892
14.2409
12.8413
14.3242
7.31722
12.8978
9.80666
10.791
13.9965
17.5472
9.17931
9.20841
12.327
10.2956
10.688
16.5238
11.6028
9.01675
7.62507
10.1533
6.96484
7.79615
18.8708
7.56103
9.13859
8.1228
6.03825
10.6652
6.28397
10.9741
7.73443
13.3618
12.275
19.9725
10.8946
11.5616
12.3807
8.7151
9.03618
8.15139
10.3757
15.9812
10.601
11.5819
7.55701
14.4271
19.1449
13.1837
9.38909
11.6198
7.94701
10.8443
4.47501
9.52228
11.6425
5.72398
15.3632
4.42763
6.15491
13.4303
12.5617
5.95208
11.9326
13.5426
13.824
6.97203
8.62743
4.62782
10.5545
8.63905
8.27721
12.2093
10.3591
6.97527
8.62792
10.9408
14.1456
11.5227
7.12568
8.39077
12.8369
16.4448
9.36529
18.7516
10.0242
9.66369
5.20234
7.59032
7.76528
10.7758
9.5553
5.40335
5.80227
9.08754
3.77494
10.7194
11.4328
12.0374
12.6005
6.99649
13.1726
5.51366
11.6997
8.86958
12.3062
8.72605
5.30491
12.9935
15.8811
7.19273
9.60004
8.60441
10.9563
8.57241
9.46675
7.79596
16.2445
13.1995
8.15843
13.2001
10.128
3.88442
6.1053
9.0169
11.7922
7.9408
12.5329
8.46571
12.8525
10.6107
18.3735
6.66162
3.83863
8.10704
7.75584
11.2232
12.4527
8.54023
12.0824
8.72835
15.0618
5.52917
5.91792
5.06262
9.55786
9.32206
8.4331
11.6159
10.2102
8.15727
9.34056
10.6801
14.1362
16.3685
16.5779
8.31907
10.6882
9.24461
7.36308
9.36284
12.7814
9.61384
9.77018
9.13467
9.28456
14.688
13.5924
5.63164
13.1498
9.07235
7.81438
9.57463
7.88044
8.41101
11.3392
12.2927
8.32205
11.4869
6.41588
10.1164
8.72621
24.285
13.87
17.3811
4.38471
10.438
6.98414
10.2684
8.27426
6.0311
10.3358
10.4435
5.40472
13.3407
9.55597
11.6716
10.4504
8.63769
8.75497
6.52175
14.1194
10.3324
8.11373
8.21921
14.6736
13.8783
8.194
12.7171
6.25474
10.668
6.67356
7.35503
11.5175
9.32911
12.6688
14.5377
8.56538
6.7199
8.81419
6.16292
7.63271
11.6414
8.09865
8.55472
9.98242
12.7534
13.0423
7.69915
8.09301
6.90778
8.09932
8.97883
9.35008
7.45882
6.75675
14.5117
10.5681
10.5844
9.35738
6.81536
15.4934
20.2377
9.89094
6.08912
11.2954
11.4739
14.4708
18.3622
5.71486
5.72075
2.80699
7.36975
10.5013
9.9636
7.38359
9.3922
11.468
7.6409
5.80236
6.55444
6.61606
8.17046
16.3554
9.0368
9.48664
7.26303
6.5946
7.07418
5.47046
9.95805
11.4949
10.4747
7.43364
13.9812
6.08384
10.4142
10.5344
9.82113
4.86652
4.51563
13.1364
11.2501
7.83243
8.32142
9.45233
9.79168
8.37426
6.88843
6.17545
14.5573
10.1509
10.6231
9.99245
7.926
11.5776
13.2676
9.93776
13.8696
13.5521
7.42174
5.131
11.8152
9.37941
8.40462
9.6487
7.26019
11.1792
9.35764
12.6789
10.4502
11.6958
10.026
8.5262
11.9037
13.1986
11.6181
20.9366
8.89898
9.15992
10.2607
6.09394
12.1166
11.4904
9.45039
10.6658
7.31161
8.58232
20.8557
14.8671
9.91295
8.78348
6.36032
9.62823
4.78893
13.1228
11.2797
5.0481
7.93926
12.7918
7.18848
7.39234
7.38957
12.9718
10.7307
10.6218
12.6382
12.5767
7.32685
7.73223
17.278
22.105
6.67893
9.12166
9.19718
12.1685
8.25504
8.27446
7.04369
6.65528
7.45913
9.3898
13.6972
12.2148
5.34166
20.0985
10.3526
17.4007
10.0786
6.4156
10.017
5.15935
17.939
9.76575
16.0186
13.854
6.83849
6.81424
16.5748
7.28196
11.2846
17.9342
9.753
10.038
7.15508
8.34302
7.16801
11.5844
6.61019
11.3591
8.11481
14.9201
6.43621
5.05088
5.70544
7.33312
5.05183
9.84965
13.0417
6.4605
10.9917
8.35638
3.16123
9.24822
12.8902
6.74182
10.1692
8.49281
12.7897
8.56482
9.90965
6.35586
7.7653
7.71778
4.77133
11.4566
20.6356
11.6033
20.6294
6.77255
13.7985
15.8517
4.88417
9.03474
15.5821
8.36829
6.73361
10.9547
6.54325
10.3147
10.1561
17.4899
10.3236
11.4878
13.14
10.9661
7.24287
8.68759
8.86952
7.27666
11.8906
12.8445
9.14878
8.95047
12.1134
5.94023
8.4449
10.4099
9.42374
9.08018
8.95616
7.47206
8.72651
9.96786
11.4014
8.46858
14.9179
12.0272
6.82196
10.9479
13.5631
14.4618
5.03095
8.47149
8.29125
7.54484
12.7641
8.24826
13.1713
7.29547
9.47829
5.26571
12.1109
15.8145
12.4861
9.96816
10.4859
4.61628
9.83964
7.16252
6.7864
15.8367
9.08758
6.70334
4.27483
7.97955
6.12298
6.35399
10.0653
6.70335
18.899
7.64594
3.84949
7.73732
8.14765
10.1252
11.5897
9.55593
7.81091
5.6139
10.1536
7.37626
16.7703
7.30419
7.02804
11.6085
7.56698
8.91191
7.74736
10.5945
14.963
8.82096
6.75045
4.89171
8.93034
5.64192
7.91362
8.54483
10.7811
12.0466
11.9075
8.02824
13.6084
7.39995
9.80452
10.2675
10.0115
6.52044
9.29552
14.678
4.34092
13.456
7.5377
5.13164
9.52212
8.78587
13.7308
7.76312
12.804
9.52239
9.10745
6.96914
7.6161
9.23566
8.793
8.88576
14.6784
11.5683
9.57182
8.3789
11.4196
7.90187
11.2947
13.74
7.75742
10.2495
9.25999
9.82019
15.8605
13.2329
10.3403
9.77973
8.20735
15.5331
7.33789
5.72716
9.73997
11.274
15.9743
5.65197
8.16432
7.31212
10.5607
16.5627
8.50989
12.3986
11.8986
6.23716
9.57332
6.43865
8.05461
8.87579
7.73875
11.0065
9.16521
8.2169
6.04066
9.03848
11.2129
3.51086
9.21695
9.62823
9.19349
10.8699
6.35548
18.852
8.10626
5.83423
12.1771
9.04742
18.085
13.046
6.57308
6.94166
8.49667
9.94505
7.29158
10.6774
9.72543
8.55183
5.64005
11.1606
10.3869
10.9194
10.6092
15.9632
8.51992
11.3748
5.8556
16.9959
12.1036
9.54314
11.1624
10.0814
12.2307
6.89499
11.1389
18.383
6.67156
8.5137
6.12214
6.34635
8.58878
10.9695
11.3066
6.44947
5.84008
13.1327
4.71835
9.59102
8.28588
6.53496
17.4325
6.81905
10.9989
8.72333
8.01206
13.9324
16.1635
8.10674
9.88501
9.96544
7.71874
12.9524
9.70149
11.7256
7.38043
15.2709
7.18504
9.31873
13.762
5.28292
16.6434
6.30175
8.78451
10.127
8.55896
9.60297
7.62035
3.79717
14.6409
7.85289
7.01108
8.74682
12.304
12.1221
7.52113
10.9557
4.98803
10.2196
9.79263
12.6978
10.6613
22.5385
10.1045
9.72716
9.60045
7.8179
4.23191
5.6662
9.12432
13.3109
7.04451
6.27879
11.3962
8.30179
9.54632
8.41858
6.61664
8.37195
11.8084
11.8369
11.685
10.7268
10.2359
9.05981
5.79227
16.3127
10.7689
9.25298
9.42973
12.9777
7.94456
8.5104
4.71987
7.0004
12.0571
6.43933
11.7334
12.9128
7.64828
5.65186
10.3843
12.3456
20.6553
8.28459
11.8776
9.89404
7.79215
11.5945
9.43145
11.8845
10.9061
10.2035
9.59352
9.12228
8.22965
13.5902
6.3856
14.2774
12.503
16.6797
8.63115
10.9093
13.1048
5.82331
3.46155
13.9393
21.3103
9.6415
9.62273
8.01766
7.16176
11.6066
6.93486
10.0146
11.5885
8.07716
9.65884
12.1891
3.51887
10.7509
7.83699
11.4676
5.8881
6.15136
19.3439
8.18716
6.63503
12.4605
13.6755
15.11
14.3887
6.30359
5.93818
11.047
8.78816
4.54916
13.5337
3.28155
8.50959
8.84967
13.3578
10.2224
7.99046
4.23008
7.68453
11.4616
11.4294
13.3945
7.35778
16.7881
16.0456
6.48549
10.5729
8.00753
9.4115
15.6977
11.7243
10.9205
11.7417
12.1712
7.67904
10.4154
13.5373
9.93632
5.50354
9.29995
6.66942
19.3131
12.1918
13.6297
7.47375
7.7087
9.82481
10.0554
12.219
4.8553
7.78534
11.3963
8.16901
9.46404
15.4265
9.40006
8.54357
10.1114
5.98701
17.4793
5.06051
9.95131
10.3915
13.1261
8.51447
7.75593
11.8871
5.24392
8.58615
9.09918
11.084
9.17791
4.93948
7.58683
9.88003
8.34119
12.9414
11.5163
7.48155
13.1146
7.19824
10.5443
9.98433
11.5132
6.39106
16.6529
12.9355
13.633
12.3095
12.4932
7.47847
9.51842
9.84977
9.99577
12.4901
15.6899
6.44343
13.1991
8.00674
10.0195
11.8502
9.55695
10.2425
9.30324
6.29657
5.95828
8.10702
7.80322
6.70631
6.54496
3.86294
15.596
7.65661
6.70793
9.02657
14.797
9.39485
12.0293
6.13024
7.60803
11.9406
7.69041
13.7453
9.25743
8.70967
8.07715
11.1134
10.0064
6.25288
8.85438
10.3167
12.6233
8.93883
10.0254
6.45259
7.39631
14.1756
10.6947
12.3385
6.75095
6.81668
11.8935
6.52224
14.1937
8.8649
14.1445
13.8353
13.5986
7.01168
8.39762
9.89652
12.6061
6.84865
8.2677
8.52348
10.0908
7.48127
12.1641
10.434
11.3372
10.4453
13.3756
8.81293
6.63147
9.11732
10.9998
5.58106
9.30762
10.7176
9.11289
7.50535
9.39091
8.40522
7.14657
9.53427
5.59619
8.90669
13.3141
3.55454
9.3568
8.95475
11.6786
10.0472
8.73877
9.26943
6.59387
12.1811
5.96832
9.29562
9.6928
4.98625
15.5116
9.93908
7.05835
6.75086
6.15569
11.2221
8.45604
7.76292
8.44082
8.04081
5.84718
4.4887
7.09966
14.8593
14.1019
10.0401
5.76002
7.60631
8.84571
8.06011
8.11777
8.10021
13.0868
6.63068
10.1897
10.2885
6.15766
7.78829
12.2253
8.04587
15.7737
8.16836
4.71796
10.6042
5.88363
7.57645
15.0393
11.6153
11.4565
6.09076
9.32378
7.99799
9.73913
13.3064
10.9107
7.64632
10.6308
9.9639
11.7102
11.7685
10.9144
10.3013
7.4106
7.25296
11.9677
8.69227
9.60962
11.5748
8.22116
6.02361
5.46843
11.3351
10.7776
7.82995
8.61286
6.4335
12.6585
13.5653
8.77518
8.80415
7.35406
12.8159
3.4519
8.69626
11.8972
8.24827
11.4496
8.21189
15.9953
7.42521
6.67484
4.09767
9.33524
8.439
14.9718
6.24838
8.77434
17.1134
7.07729
5.36176
10.1103
11.1963
10.9707
12.5091
8.0798
7.54049
7.81043
11.7373
15.5444
17.6064
11.4698
11.5934
12.3046
9.96423
8.07708
9.68084
8.13149
13.9417
10.477
11.7627
11.7131
6.88652
7.37117
7.20652
12.0262
10.441
11.1247
8.51258
7.48245
12.709
14.7107
13.157
7.94616
7.1564
15.6091
6.86473
14.1186
10.637
10.5719
8.47536
11.4943
16.3081
4.47504
7.45571
8.96483
4.52723
13.9502
7.05512
10.543
10.2714
9.44116
12.1959
7.05211
10.1667
8.87002
8.84938
6.62058
8.62598
16.3481
13.6644
10.1289
5.69659
9.55322
8.11702
9.45929
7.89347
10.5402
9.40024
7.25645
17.5133
6.90743
5.10504
11.2809
20.4061
9.26953
11.3527
7.30964
7.6218
12.7132
8.54651
13.8413
6.59533
11.9064
11.5235
10.4002
18.078
10.1593
13.3644
19.9705
8.26653
6.7671
8.49615
8.75978
17.1807
9.56171
7.38504
7.92555
12.6289
9.92576
13.557
7.96913
10.1511
9.66733
6.19773
14.3135
11.3794
5.27262
5.81796
9.77514
7.38215
5.06544
15.444
4.65463
8.87603
12.3558
6.94896
7.13828
10.7171
11.8594
10.1467
9.04109
9.62771
5.62599
9.58957
6.1438
8.48735
8.71432
11.9012
8.93572
16.2185
14.3828
15.319
5.99502
11.8564
11.7031
6.9515
9.23051
11.3645
11.9688
18.6729
16.2884
10.0721
10.5762
17.3771
10.9208
14.957
9.73328
7.11684
10.1815
10.8481
11.5813
8.99359
8.54937
9.64272
14.2509
9.81708
15.0927
13.3165
12.2467
10.4131
18.0004
8.54013
14.4168
9.07737
16.0849
6.45802
8.06009
7.75988
5.18116
7.11605
9.98846
7.27794
12.6686
11.5797
14.3202
6.27817
13.399
6.12028
12.8164
12.6968
8.0401
12.6986
7.87835
4.16785
7.85572
6.17338
13.1626
9.17101
4.02048
6.91345
14.1096
7.26159
5.87758
8.07927
9.61678
10.9266
14.7238
13.4617
12.1164
9.96342
5.42589
7.43612
12.928
9.67901
12.3077
7.61028
10.8044
7.88255
3.15562
12.1999
12.5291
7.65916
7.44569
11.5597
5.91024
9.56985
9.9111
11.5497
10.1191
12.1847
9.92155
8.83367
9.52954
6.41534
10.2992
9.67385
12.2284
12.0198
5.21117
11.4277
10.1507
8.81964
6.66854
18.2786
19.098
8.8173
5.38858
12.2882
9.79048
9.3897
7.7183
3.74966
11.3161
9.02226
4.18969
9.64651
9.59774
15.8297
9.18325
9.47602
9.04865
9.93611
11.1044
8.43649
8.41742
7.12352
8.86017
8.53064
9.51622
8.18845
10.3351
3.54162
8.25224
10.053
11.214
11.4695
6.2296
16.489
12.1815
9.01809
9.65689
8.57925
9.41299
9.66178
7.73769
10.7338
5.57338
10.6232
7.26366
7.60499
16.9831
12.8657
7.20356
17.1293
7.37023
9.16654
9.36925
4.83522
9.72932
7.81039
11.4075
12.7488
10.2638
10.8277
9.51083
14.3643
7.07054
11.6896
24.3071
9.34229
22.3558
8.73637
11.8192
6.19746
12.3561
8.93032
7.00728
5.44974
6.21859
6.54788
8.35995
8.32828
5.21638
9.45322
9.43242
10.8744
8.78247
9.12406
8.65314
8.75215
7.50992
15.3004
11.7693
9.192
13.2985
9.92133
13.6729
6.25102
8.75708
12.9306
11.1678
11.05
12.5966
9.22515
5.65679
7.5139
7.34111
9.02552
5.10981
12.2955
7.12749
11.1057
7.0837
8.36259
6.88252
5.91956
5.81687
11.3542
15.5214
14.5186
16.3469
7.84333
9.51672
8.60459
8.76033
13.9563
7.03293
5.08026
9.44432
8.14196
7.12387
5.29029
8.18972
12.3291
14.4489
14.6377
6.23261
10.1562
11.88
10.4003
6.8631
11.1303
6.59804
8.2895
11.2778
11.3839
18.3076
10.5643
9.67385
8.83839
7.93836
11.4117
11.1306
6.26515
11.9407
13.3455
9.01538
9.65586
12.5571
7.33404
12.7916
15.3795
8.94839
12.9224
8.99828
7.48025
6.81928
11.4906
14.3192
8.52461
7.85222
9.96928
12.7679
9.83022
15.0923
9.24931
12.0473
6.41875
7.16508
9.87466
15.1913
7.49078
8.38195
16.709
5.29813
8.78896
7.14706
10.5099
5.9447
6.83464
15.4646
4.63326
7.7867
17.2951
10.7762
6.6964
11.1678
9.6342
7.36797
7.45059
4.36176
10.6582
5.61702
6.75809
6.25783
13.6974
15.2669
13.9954
9.42217
8.79413
8.07921
5.6
8.29655
10.1452
11.6624
9.07667
10.8946
9.36121
13.7746
9.18315
10.7495
8.51651
6.75105
5.6023
17.8047
7.05806
12.1217
7.63237
8.34186
8.16881
9.22084
8.87372
9.11273
7.15769
8.36828
12.5785
10.4163
9.05868
12.052
8.38422
10.0604
10.2347
13.0891
14.0591
11.7087
10.9202
9.75146
9.99096
12.0952
6.17246
7.41239
6.3377
11.8547
10.9792
12.698
20.0015
12.508
7.79309
10.2176
7.09546
10.0774
8.17793
11.3662
7.76294
6.82054
10.4409
11.232
13.9446
10.4085
9.82526
9.52481
5.33939
7.09808
9.12544
8.67861
8.11202
6.50209
8.26489
4.94011
8.30303
7.29895
9.23692
14.3489
11.2712
7.88692
8.65387
10.9363
6.49613
4.92164
5.5914
7.51826
16.4675
6.73984
10.0157
10.2029
8.6099
6.47664
18.7132
5.73993
5.95782
18.4727
8.21683
18.738
13.6779
14.7162
13.7568
8.00997
6.38779
8.86993
11.0201
5.00988
6.39567
13.0068
16.757
12.9263
8.61934
6.38705
9.49035
16.1977
9.8961
10.6415
12.2344
16.3439
18.7013
12.9242
11.1775
11.1166
10.1522
13.0628
17.2743
9.35293
12.5332
4.53321
13.1731
7.00656
12.6798
10.9764
8.26594
8.32913
10.2827
8.1112
12.1629
10.8002
7.28074
10.0393
9.69184
10.9677
12.498
7.02685
10.2525
8.58752
13.5284
12.8559
6.44664
5.43393
11.136
15.5093
6.21474
10.8607
12.0848
6.63669
5.97319
12.6718
9.8083
12.5606
9.49145
10.8784
11.8468
6.34565
10.69
10.9559
9.80379
8.87349
14.6586
12.2075
6.65908
10.3491
9.91139
17.452
11.7045
7.64137
12.4136
6.62698
11.4444
5.2405
5.60097
12.3475
8.84528
10.2855
9.34278
10.3528
8.80479
7.13419
11.1907
13.1677
10.7735
9.48585
13.4422
6.75583
5.41302
10.197
5.54073
11.1101
13.5244
12.3591
7.93901
9.70884
9.74524
6.98513
10.9085
7.92947
6.8482
9.91827
9.97768
8.61308
8.43099
11.5999
8.76143
11.7953
11.4263
11.8789
7.88611
3.81675
11.8673
12.1434
8.98087
11.6632
9.90478
14.0754
13.3409
12.6249
11.116
9.36761
7.84895
4.58157
11.8181
6.73444
6.13109
5.98677
12.8313
10.9052
10.6054
10.452
4.93998
8.91901
11.6203
5.39273
7.66003
11.7889
11.6869
12.2912
7.12372
12.0647
6.59641
8.37397
7.4742
10.186
8.2136
10.4409
9.38951
9.55281
15.7787
8.08974
14.2529
11.3372
13.3727
14.1811
6.39982
8.79076
8.45588
9.15119
5.59688
12.7635
11.3197
9.61513
7.89536
7.87976
8.88617
12.5726
8.33686
11.543
8.0482
9.42743
6.5661
9.9246
13.5701
8.84606
13.1034
8.97216
12.1809
14.6435
11.8628
10.7434
11.0951
15.8139
10.2118
12.6781
3.20701
6.5081
12.3133
9.12723
5.10088
12.3929
10.9662
6.19632
4.62779
10.748
13.079
9.2712
12.3048
10.3965
7.35898
10.5519
16.1429
8.14881
8.53181
10.8862
11.4155
5.02424
6.5527
12.434
7.69929
8.69605
10.1609
12.4817
11.6202
12.7398
15.7618
11.3908
15.2347
12.81
15.9423
9.92816
9.3864
12.9898
13.1706
10.5464
9.14224
10.5966
13.5882
16.3064
10.2798
5.61893
10.2973
8.53539
8.7368
9.89442
6.23764
9.80292
11.8823
6.69869
6.43693
7.59584
6.8099
9.36546
13.5466
8.4905
12.4704
13.0043
13.1368
10.7194
12.6401
7.58961
13.6425
7.34043
6.98359
12.8553
10.147
8.58719
8.46781
13.0777
6.53034
5.1346
10.1144
5.16246
13.933
9.31592
5.15989
9.36322
7.79416
7.5506
6.75172
10.9528
10.6961
7.27178
14.9677
8.18824
13.4903
6.75082
10.0523
9.41172
11.8859
13.1296
10.7485
6.87774
12.7906
8.6297
8.86801
14.2403
6.16032
10.6057
8.6514
10.2842
11.6237
13.3463
17.3717
6.33883
15.2961
4.86774
15.9002
8.40452
9.27749
5.75938
12.4335
12.7832
10.5935
9.06755
7.30425
13.4787
11.0952
14.2469
7.35509
7.84452
12.7884
14.0123
10.4422
14.1714
11.7836
8.63649
11.9503
7.83186
5.95294
4.66997
10.8739
9.88243
7.7419
11.682
9.57672
15.859
12.0674
10.5988
7.00568
5.24019
6.16514
5.97873
14.7151
9.43647
9.77418
9.14848
15.6226
11.334
12.2373
10.531
8.77951
16.9947
15.7917
8.35844
8.34048
10.38
14.0237
11.3786
7.60068
9.36973
5.97421
9.79849
11.8824
8.94384
7.93838
6.2661
8.06683
7.2823
15.0727
9.6146
13.2725
8.31827
5.79085
4.05867
11.22
3.91516
7.86574
5.5512
12.0002
10.2931
10.7828
16.6111
13.7305
9.7308
10.4921
10.1312
5.96431
9.3707
8.85964
11.2749
10.7004
5.80767
3.76002
11.2951
15.7298
11.4449
6.36452
8.85241
9.29983
15.1295
13.3477
8.2118
7.5872
8.10682
12.5778
10.4185
12.0474
5.31461
12.1079
15.9626
8.64061
5.49022
8.56204
6.01308
12.2037
15.3556
16.0716
10.6816
7.25378
9.54011
17.2751
17.2361
11.7689
8.23666
15.9957
5.21337
8.28344
8.35186
10.0312
14.3603
9.07754
8.77942
5.17238
7.02828
15.5412
8.72251
14.0256
12.7794
11.0862
8.95461
8.98774
7.91687
12.4058
9.98313
5.0043
11.4132
8.60697
4.63063
7.1035
6.6192
7.80874
18.8181
11.4766
4.52464
9.03679
7.6159
13.3679
14.2332
9.98027
7.82021
5.08806
8.22143
11.4185
14.9473
5.18358
7.91468
4.04313
11.4966
8.6166
4.578
16.623
10.6874
7.69687
7.69865
8.52433
13.4402
13.0228
12.8318
10.5471
13.4632
9.81916
17.3684
8.89755
8.40097
18.6431
6.86798
9.5929
8.74352
10.9064
5.75344
6.24576
9.76995
7.79147
10.0895
13.7939
9.55254
11.9059
16.7597
9.82905
8.63909
8.06164
7.73707
8.93422
7.72626
12.9832
6.78557
10.6739
16.5563
13.9009
5.37056
8.16015
7.08422
21.7734
6.01925
9.38108
4.47323
9.55322
6.87915
8.4349
12.7376
10.4767
7.68267
5.0872
9.92403
9.09869
8.27237
15.9709
11.8076
7.70391
7.62512
9.25805
14.8373
9.6215
9.1099
7.97007
8.75044
8.51039
14.3512
6.94069
11.2809
7.50938
8.59122
5.45728
8.55779
16.2812
10.8664
8.6253
6.49237
7.65646
8.4071
9.05142
11.9595
6.99016
9.63924
5.95071
8.95928
10.4675
11.8325
8.81115
8.05679
9.75622
11.4637
16.0057
16.3338
10.2743
10.9632
12.3722
7.52284
10.3998
9.84772
6.9962
7.24504
11.6944
8.53807
9.74489
9.99006
10.062
11.3955
6.64791
7.39153
9.16535
11.784
15.2111
13.6558
9.02414
10.1811
11.0324
11.911
10.7243
9.46671
4.14555
16.4142
16.2606
10.336
9.80183
11.8174
7.7006
4.7983
7.113
6.8746
15.3069
10.9639
19.2387
10.9555
10.047
8.63132
5.61691
5.37108
16.2998
9.86072
6.50701
10.4923
5.39646
7.59299
8.75954
11.1188
8.68085
9.59102
7.65573
14.2697
7.18186
10.0367
7.69042
5.84009
9.86017
8.31284
9.69401
10.713
7.58075
7.66779
18.7037
12.0779
8.90164
11.8265
8.12369
12.3164
10.7407
9.63753
7.03544
11.9494
9.95787
7.31327
9.8231
6.45336
4.87561
13.035
7.64785
16.4966
7.36845
9.67643
9.70937
14.3468
12.1536
8.27432
13.0539
14.8417
10.7966
14.0737
7.87317
10.2701
11.0177
7.91642
6.46954
8.00552
6.44919
10.3294
10.1497
11.1864
10.2152
8.47365
13.7608
14.2112
12.1691
12.4385
14.1197
16.6812
8.98214
9.50435
5.76441
6.24045
9.39713
9.63283
7.2923
7.61136
12.4186
8.80652
8.53873
9.30882
4.95608
6.27718
8.57424
11.9977
8.20239
9.52999
9.69925
7.83956
12.04
15.4758
8.58591
14.3171
13.9656
11.2412
9.04894
8.53569
8.76059
13.8819
7.00577
13.1638
11.3755
15.1247
7.62234
4.35575
4.73868
6.98852
6.81751
22.1936
7.59105
11.0877
8.304
12.2407
8.0731
8.94606
11.8445
14.0907
10.1887
7.28468
9.86533
7.63301
11.0722
8.56579
7.63156
7.10189
7.06163
8.44041
4.78724
11.1081
15.0665
14.7066
9.6615
12.0553
11.4121
6.23979
18.7608
10.7843
7.25468
13.0143
10.4511
11.2586
12.9774
9.53341
17.6157
11.1906
9.78299
8.37054
9.43093
4.64888
11.2471
7.12301
11.4254
10.8286
14.5892
11.3401
8.42541
9.47105
10.0806
8.95843
5.97762
9.13373
8.99025
8.15619
12.5436
10.3457
13.3434
5.6022
11.6974
10.0908
12.2998
11.3737
12.5242
8.37452
8.7914
9.28666
8.36
8.4364
11.4315
15.4757
5.82006
12.3205
19.9054
11.3893
8.72309
5.65563
6.63903
5.93296
9.3602
10.2041
12.2837
7.39289
6.50615
9.05615
11.7598
9.90887
10.1182
14.6868
8.13667
13.8313
7.98524
18.32
7.80965
9.76864
16.0258
9.41905
6.03914
10.892
8.19752
5.22897
10.0004
8.50132
10.8041
8.63343
7.0464
14.6523
11.9155
12.7985
12.5389
10.3132
8.66939
12.7492
14.3077
7.85247
12.9596
7.12668
15.0112
10.6521
7.65204
5.71719
9.56422
16.83
13.1585
9.80645
8.30176
9.70284
11.0821
8.0395
8.57999
17.8743
7.89839
10.1239
11.0345
13.2383
14.1942
8.12153
8.46213
6.74389
3.04549
12.3991
15.638
12.9676
15.0855
7.36056
13.6185
10.2539
9.41998
7.15118
8.62935
11.6663
16.6533
12.5864
15.1693
13.122
8.52802
8.01755
10.9027
8.3399
6.16301
7.81933
11.3544
7.30102
12.249
8.91793
9.53667
12.4542
7.85932
6.02659
7.51498
11.9107
10.6521
7.84764
8.36422
6.85368
5.36057
3.98469
15.7772
9.00547
6.95692
12.1218
7.71975
13.7154
8.9114
12.6321
13.5407
10.5841
11.0807
11.4758
8.96426
3.83644
22.531
12.1104
10.1354
12.2426
16.4159
9.95098
7.77128
6.89013
7.91995
8.87945
12.6814
16.7912
5.89296
8.9817
11.2543
13.7008
9.87669
6.18684
13.4419
9.63376
18.6065
12.8855
15.1893
12.7528
18.0931
5.87064
8.20802
12.1293
8.74266
8.86485
10.3761
10.5727
10.9289
4.91595
12.967
10.4878
6.28892
4.18579
14.7146
12.8173
11.8279
9.92912
10.9509
7.34061
9.22276
5.6842
8.27842
7.21609
9.94199
10.4545
10.5542
6.41345
7.39029
4.28403
12.7414
8.49547
9.78438
6.00374
8.80128
4.9584
8.34745
10.0282
12.8854
7.15969
11.3116
9.11687
8.17862
11.1957
7.65088
7.96356
10.4244
12.6954
9.50611
10.9323
15.5975
11.75
7.02493
7.98788
13.07
14.1455
7.22831
8.12806
9.48276
8.88678
8.64645
5.53896
13.2192
6.88663
11.1666
10.0513
10.8369
6.40745
14.5206
8.32611
4.88669
4.76581
6.96528
7.67104
5.49101
8.44991
13.5196
9.99141
12.0834
12.8088
8.59808
14.9284
11.0455
15.0747
14.567
5.61103
7.41967
8.01285
15.456
8.73475
9.70167
6.57446
10.4074
12.0405
12.1169
8.67486
9.72737
11.738
9.6049
11.9319
10.3885
8.24908
10.5555
7.77848
10.4417
6.04493
14.4699
11.458
16.6922
5.55605
7.49921
7.31472
5.6307
7.69964
10.0306
6.62508
11.6285
8.38126
7.54017
10.7371
4.18682
5.79721
6.96364
14.5626
11.2422
6.08599
13.2634
8.18577
6.92172
6.05787
12.0778
11.2486
5.51263
7.86801
12.6529
12.5165
8.49801
6.96828
8.27506
10.9461
11.4919
7.44023
18.7066
8.89465
20.873
10.4037
6.82413
10.6061
13.9233
8.01866
7.92536
10.1101
14.2618
12.6199
15.4179
11.8255
11.1691
11.5793
7.19467
5.38956
9.27597
6.98692
13.034
10.2519
13.3574
9.30024
5.82815
13.1593
13.2972
7.67077
8.17529
11.8351
10.9994
3.37489
9.11848
2.86686
8.45958
8.10255
11.3202
5.53137
7.68677
10.8699
6.85379
13.6845
6.59865
11.344
5.03557
11.3807
7.40269
9.77608
10.0607
5.58518
16.9123
12.1138
7.19001
8.17662
10.6529
15.5541
5.72815
10.2694
9.05382
9.85542
5.77936
13.933
9.28788
13.8866
8.76238
9.89029
8.92734
8.7599
12.7233
12.1681
9.19262
5.3773
10.7703
8.00735
10.0967
7.04482
14.345
19.9083
8.82412
7.59463
6.50459
12.9409
13.358
8.24494
11.01
9.78865
2.7979
8.32971
11.05
8.85694
8.72299
7.44794
10.6781
10.9018
13.3102
14.3172
9.10999
8.10474
6.08605
7.12428
13.8265
4.12706
8.84495
5.62458
14.3968
5.10746
5.54976
7.26027
11.0789
9.23987
12.0361
12.2584
9.91604
11.2609
8.95062
6.99924
9.04655
11.4136
12.5773
6.59755
17.8469
8.85726
9.3549
8.90467
10.4443
12.9988
15.3042
12.2794
13.1988
10.9736
9.9635
15.215
21.1011
10.876
9.77275
11.9809
11.4691
12.3883
10.668
17.972
18.9534
9.91115
8.50704
9.28632
11.9444
5.73812
15.0425
10.4234
9.71375
14.1833
12.3237
10.4627
10.4966
8.29482
6.48203
12.9601
4.95791
5.23394
7.29264
12.1197
8.68967
7.12606
10.4595
7.48793
8.27898
7.66981
10.9363
10.6916
6.53056
20.0094
15.4037
9.64267
9.54746
7.94352
12.8669
11.5558
10.9058
6.70562
6.66315
7.05762
10.3717
13.324
16.8693
14.1987
9.70146
14.193
5.50565
12.2213
10.7069
11.113
11.0587
6.0374
12.6751
14.6371
12.0875
7.14245
20.4409
7.17831
7.9789
11.9587
3.79719
9.73448
9.43296
3.87371
9.01862
5.53573
8.20194
10.5391
7.12858
11.5548
14.441
11.1509
7.32113
13.9797
7.82577
12.7417
9.32868
9.75819
11.5299
8.6583
5.37191
7.53694
12.5742
6.13211
11.6863
13.4802
7.49719
8.86006
8.77474
14.0901
7.80565
9.33292
11.5066
9.07676
8.05552
9.47646
9.40755
10.732
4.76885
6.82609
9.93384
13.0904
10.4076
7.71239
8.62646
9.28059
12.4765
3.77346
4.63879
9.47181
8.52258
12.0054
14.7957
8.7158
9.11395
6.16872
6.70436
17.6376
9.58903
16.7552
13.6162
8.10396
11.2892
10.5491
6.7725
9.5921
11.9509
15.7024
3.78013
9.51486
8.69661
12.2691
6.43034
13.7159
13.2829
7.9718
17.037
6.78619
9.15337
9.49293
11.6203
17.0774
15.6713
7.83432
8.81154
13.3634
8.87302
8.25397
8.5662
10.9257
6.27733
8.05103
13.2096
11.043
11.9132
9.11265
6.716
12.3672
16.9154
9.83979
6.60067
10.5058
6.52522
13.6918
6.57949
6.14579
6.06138
9.05176
9.30088
4.55331
17.2684
12.4579
8.26932
13.5271
13.2258
5.95928
12.1241
11.4529
10.8949
10.8372
7.13693
10.0069
9.93784
9.15753
11.0759
9.38951
6.7213
6.58946
13.732
9.15042
11.5133
9.19882
11.8273
15.0743
7.3978
13.6385
13.3371
14.6289
11.0378
8.81946
13.6459
13.3205
11.6869
7.25071
7.98124
11.0757
11.0952
12.9994
11.2035
8.73452
6.73818
9.04505
13.5495
11.1372
10.7226
12.7563
14.5109
10.8896
14.87
7.45667
7.42517
9.46368
8.92158
8.19683
7.78457
5.6387
8.97873
14.6724
9.12677
12.7944
7.56691
8.00176
13.6583
9.9569
11.3678
7.419
8.58147
13.1582
10.8775
13.902
10.6851
10.7798
11.2616
8.44662
11.3324
14.8707
8.9475
10.4009
12.6155
14.4964
5.69816
4.34947
15.3543
7.25719
16.3048
9.39309
5.92856
13.2939
19.6877
8.68437
11.3931
4.36122
16.1124
6.66974
10.7769
13.3651
14.0311
11.4446
8.67685
11.4193
5.73603
13.4096
10.2991
10.566
11.9583
7.93419
12.6703
10.3491
15.1212
12.6663
6.8644
12.7808
10.0124
9.47845
9.71153
10.2438
6.41591
7.23312
15.9242
9.24924
5.04637
12.2021
14.3472
10.5149
10.4184
8.54868
10.0671
10.1925
8.84994
12.9272
15.4786
13.7069
11.6308
11.5938
11.0962
7.74963
8.91805
12.6163
14.9599
13.4089
9.63123
9.38598
11.8051
10.6761
14.3963
12.1082
10.0252
9.88567
6.50424
9.91067
10.4951
13.9566
7.10452
9.03694
7.81692
13.1895
14.2434
13.9155
12.2395
10.5838
10.4114
10.1437
10.6271
4.69367
10.1004
8.02459
8.84803
4.37867
6.59291
10.2028
12.6946
12.8919
8.34763
7.70163
11.0463
8.31709
8.3981
11.0687
10.2432
11.2463
8.08588
5.14462
7.30879
9.89248
5.3545
11.8718
9.27913
10.8216
8.35866
7.09973
12.9147
15.5112
6.67099
13.9776
5.08743
10.932
6.69136
7.73009
8.49645
8.12895
15.4642
13.8678
14.1182
16.2227
7.51127
6.67496
11.9973
9.88732
9.5775
10.8648
9.63237
14.4284
11.526
8.19695
8.78814
7.2797
6.12516
6.75863
13.7904
14.4041
10.3662
13.5211
19.0117
7.40491
10.4397
6.73877
11.5747
5.11563
6.58327
17.0307
12.8393
7.69354
17.9532
9.03068
11.6588
14.6797
7.19168
6.49988
10.8194
13.9927
13.2907
11.7007
10.0329
7.39627
8.04215
13.9427
13.7178
11.3982
11.1033
9.43442
7.99953
7.71154
14.1192
10.0359
9.36081
7.42641
9.6546
13.6533
8.95017
10.3333
13.1416
11.1552
9.8889
9.53632
11.5027
6.29657
6.5838
8.20282
5.39798
8.39645
18.9979
10.0898
10.9734
7.50058
9.29529
17.0448
8.47041
14.1485
7.85831
7.67756
6.49998
5.54031
14.1722
11.2022
5.53738
10.0848
16.5229
7.96002
13.5782
7.0882
6.04826
7.75068
10.8958
9.84747
7.27719
6.14662
10.0137
8.11189
11.1099
13.5507
8.00268
6.0671
9.60528
12.6195
9.13473
9.71012
12.6972
6.94027
9.48028
9.03004
5.98072
7.55372
5.8339
16.5712
7.73627
8.13602
17.6618
11.3712
12.8301
6.68752
8.42407
5.79916
8.70852
13.4867
7.87114
10.1854
6.53052
11.2031
19.1968
12.6937
12.2741
15.4751
11.4427
10.7196
4.51137
11.0839
12.1387
10.1924
8.09038
16.4182
13.1843
8.20312
12.5347
9.39384
7.53715
8.58429
13.0892
19.4551
6.93437
14.2776
10.0863
9.38669
6.22712
11.1873
10.1672
15.1944
10.6966
12.0836
7.19632
11.5687
5.18903
16.3898
9.69788
7.65802
13.2241
4.43072
9.32712
12.5519
6.54505
10.4477
11.4621
10.8268
4.23919
8.85146
12.4825
9.74822
9.87993
8.811
11.3522
9.04382
11.463
5.47107
4.03189
12.8464
12.231
8.68091
9.94442
13.1579
8.57351
8.40125
10.9194
9.74587
16.4946
9.5686
15.6364
7.43523
5.52639
11.563
14.7421
4.16183
9.38083
11.9537
11.1174
6.52239
8.66791
5.59372
8.37673
7.49695
10.6909
12.1039
11.7471
13.0892
8.59673
9.95781
10.3059
12.2056
7.97245
9.84028
7.26775
8.40812
8.56047
11.0955
14.7027
12.8056
9.99123
8.80234
10.3309
12.9175
11.7323
12.8544
12.4467
6.16813
11.0797
7.99314
11.9274
20.2678
18.1904
8.65607
11.3501
17.0705
8.72181
9.1103
7.54272
10.597
16.6193
5.44246
9.79149
8.75424
5.95855
12.7642
6.51166
14.3619
9.84806
13.0901
6.68269
7.98529
11.1228
12.7707
12.5208
6.06541
12.7852
10.0734
9.48892
7.95023
10.6486
10.2891
7.19549
8.63482
11.1172
8.77614
7.89142
8.50327
8.54762
14.897
12.0663
12.3198
13.597
13.6812
14.535
10.0127
4.92865
9.04995
6.45659
5.74095
9.85659
12.6813
10.5994
9.24957
7.92048
8.38248
11.4078
10.7068
8.62355
12.5781
5.69978
9.31975
12.3536
7.33178
4.18705
12.6317
10.6514
12.9444
10.0741
7.85892
14.6823
10.9673
16.8173
11.201
8.16542
9.2728
22.8075
6.41252
5.49581
8.8427
10.2142
12.6529
7.36157
9.82219
11.2576
11.9031
7.1993
7.40246
6.48526
5.53569
10.8245
8.41391
9.70915
4.62904
10.3949
10.108
11.0058
10.5714
10.0763
7.57237
5.05782
9.04763
8.7092
13.1731
7.43577
15.2317
20.7547
9.4787
4.54678
9.58169
7.59675
10.1828
8.49032
10.3879
13.5537
10.5422
7.20096
9.6602
11.7092
15.5422
19.3559
9.2694
8.40053
8.45529
5.78171
11.6115
11.7853
12.2396
11.3219
7.7906
11.4705
8.95391
8.51727
19.3444
8.52918
9.27428
5.51771
8.77608
10.6845
5.22279
8.0023
7.64809
4.87553
10.5906
10.0598
10.6066
4.12333
11.2776
8.29152
7.18015
12.6978
8.01118
11.7174
11.9049
12.2655
10.8308
14.3844
10.1069
13.1166
8.82379
7.20272
8.80013
13.959
5.34681
9.60224
7.69344
11.3501
11.6875
7.87891
12.6982
7.66248
8.57929
5.71297
11.2042
8.50555
7.51584
15.2823
5.56502
6.85506
5.32154
15.2173
5.55511
4.98352
7.61119
5.07041
9.31096
5.0976
8.90901
4.52337
15.7388
9.56604
4.47813
5.73989
6.7606
12.7025
5.86804
10.3177
12.4067
7.04275
14.6363
9.54945
13.5476
8.18133
13.9494
11.0848
10.9169
8.21327
6.70246
6.52072
12.7124
8.0816
16.0981
7.49232
10.145
11.5858
7.96401
11.6256
7.33876
5.38347
5.2408
5.99973
9.27874
11.3266
8.0184
3.45716
12.9144
12.0855
9.7631
13.5775
9.43544
12.1226
11.8357
12.264
11.1177
18.4465
10.431
8.2217
6.21079
11.7491
13.4748
9.70013
7.73654
9.86412
9.3502
8.81807
9.17554
8.37855
5.64586
9.89595
10.6664
9.54438
5.9214
6.59497
9.58745
10.2613
10.5593
10.749
18.9704
10.5973
8.18976
6.70095
13.6804
11.0135
9.57311
7.62567
11.3821
21.2934
6.79132
9.56651
6.35267
4.0803
8.65119
9.6373
8.73614
9.90835
10.5918
10.0099
14.9464
8.7057
13.7686
9.42131
9.09134
12.0077
7.65307
6.96842
8.6558
12.3174
17.8796
12.3481
10.246
8.5194
7.85815
10.0648
21.3504
6.8367
8.49076
10.0864
10.2415
6.57932
4.55856
9.68556
6.23778
6.53655
5.56554
9.12231
3.83186
7.85658
14.0044
7.53456
13.9961
8.50333
12.3925
4.02891
10.75
3.43977
9.35626
8.92008
13.8966
6.66792
14.5294
9.05628
11.3911
8.76707
13.6932
13.3765
9.91146
6.80599
7.99699
12.3637
14.5381
8.29573
10.0415
11.6362
10.0793
5.54041
11.8158
7.49879
5.95574
4.4902
13.5357
10.382
7.95189
8.00299
10.7077
6.41177
11.1571
12.2404
8.65867
6.73255
11.4101
7.5843
7.93755
10.8605
10.8008
6.39059
18.2588
8.31184
14.8171
7.98972
6.21641
15.6888
16.2833
5.12911
12.0219
14.3471
10.9799
12.6732
13.7661
5.29592
15.698
6.48434
11.8369
11.8806
6.18091
6.4485
10.694
9.01751
14.7561
9.37356
11.8111
4.91645
11.4249
10.3572
7.55136
7.83654
8.09519
3.98403
5.55906
8.99279
5.76677
6.31958
9.79323
11.5165
8.54198
4.75851
6.59346
6.90348
9.5225
20.1116
9.60703
6.83566
9.07818
7.19508
9.34721
11.0035
10.9263
10.9914
11.3204
9.75923
10.0815
9.18555
7.15782
10.9232
9.47831
13.502
9.99572
16.9187
15.6915
8.58906
7.69915
9.44174
7.3597
13.7095
23.3988
9.47052
21.4824
11.8963
9.33832
6.51749
14.3339
8.75885
11.5582
8.48233
15.8747
6.76038
12.3144
4.42289
8.84599
5.20922
7.6521
12.886
6.83035
13.358
8.5345
6.6359
9.15916
12.8753
12.1643
11.0659
15.325
4.94915
10.2151
8.72211
9.53815
7.65703
8.97376
10.7121
8.14592
4.85927
9.07863
9.5082
16.5289
12.7588
8.72296
8.09534
14.7949
9.41167
11.5147
10.2405
9.33948
8.33552
7.5273
8.97385
8.70934
7.86622
10.4251
8.38838
10.9711
9.40374
9.23472
9.79739
8.62199
11.4805
8.17964
5.7723
8.27045
10.4997
5.30231
7.66953
7.00859
7.48882
4.84365
8.73196
8.83906
7.17403
10.2688
14.4036
11.884
6.67356
5.05715
9.97459
10.0774
2.17549
7.09028
7.33774
8.98789
6.81114
9.88696
13.4976
7.80767
13.9565
8.30599
4.89462
11.1379
9.11926
13.1726
4.65043
6.60717
10.5991
7.39576
11.998
3.46986
8.09406
9.27172
15.3527
10.4938
10.9557
15.8812
14.4586
15.0247
11.2793
11.5342
9.63718
8.42116
8.69223
7.98765
6.07181
6.47908
8.92373
10.0893
10.855
7.92249
16.2024
13.1472
6.40404
9.50226
13.9714
12.4747
7.90532
6.80744
10.8809
15.7374
9.06437
11.3008
8.99653
5.99407
10.0671
8.99118
5.51642
8.28748
9.63423
11.9757
11.4082
8.68345
12.9839
12.9517
8.29168
8.65623
10.5489
21.3398
13.8719
10.7595
10.8574
11.2199
10.2219
14.9265
9.48401
15.988
10.9927
7.9268
17.5549
6.5222
7.89952
5.66777
12.0166
8.38575
8.97731
11.3389
11.6738
10.0175
10.7865
10.448
5.9042
17.2822
13.9805
9.20063
8.8522
8.87343
9.22006
6.54044
10.0208
16.163
8.24129
7.20334
5.25288
5.96349
13.5421
12.0264
10.2871
11.246
8.87508
10.1686
7.84843
11.5688
9.83545
9.99398
9.59164
12.0077
7.29759
10.0953
10.2656
12.4256
10.1803
6.30991
4.27734
6.50583
5.80375
8.55434
9.80636
7.93586
6.27921
12.2635
9.08961
3.69698
13.5869
10.086
8.64232
7.87283
8.05884
8.20186
11.4939
11.4316
5.73705
8.16878
10.0742
11.8732
7.79894
13.19
7.22507
8.19233
6.15971
8.52383
7.93659
5.90151
9.19173
9.65201
8.50885
7.99578
7.40354
10.0757
9.83519
8.63531
12.8073
12.4948
11.4607
11.9307
9.3232
7.06073
13.886
17.9343
7.4995
3.96069
13.2185
9.67447
13.3701
4.60813
15.898
10.8975
16.9724
9.34864
16.1136
10.7461
20.6193
8.3582
6.80827
10.404
7.41092
14.2259
11.9264
12.6059
8.94807
10.3158
17.3661
13.2445
8.9607
11.8269
10.2189
8.63027
7.25503
16.3536
9.04081
7.82765
9.37327
7.3696
7.30126
8.0325
5.91408
14.0911
11.234
15.7928
12.2548
4.58188
8.02067
4.48974
5.9011
10.5755
15.2689
10.0847
11.7304
12.6046
8.01409
12.2403
6.03069
7.91571
9.3072
8.10422
5.14224
6.31695
11.1301
5.42027
12.502
9.38914
4.87275
5.6424
17.4802
7.86517
8.36749
9.85042
9.77351
11.0498
7.51311
9.0108
10.3595
19.0747
8.65577
11.1168
10.418
8.82261
10.2836
7.35878
7.58738
13.4371
9.53872
5.25423
9.6572
10.9247
8.61251
11.6932
6.78563
8.00444
9.96202
10.6522
3.41356
10.8713
11.6936
8.78597
9.11624
8.50286
9.23567
7.61762
11.6553
12.0892
9.02457
14.0914
7.98728
9.47743
8.24663
9.13262
9.99914
9.81205
11.8182
13.3084
9.8733
17.7098
6.90413
4.57487
7.57508
9.97091
11.0835
7.27748
9.31523
11.0621
5.91713
8.23582
11.6262
8.91624
7.02513
9.89826
8.10663
11.3735
11.9829
5.58782
9.02858
13.2395
11.1662
11.7264
11.2709
11.9841
9.86943
5.55036
12.2232
15.6189
9.59916
11.3843
7.2572
6.17856
9.64013
11.5055
9.09495
15.3095
17.1163
6.53767
17.5167
12.065
9.91276
9.84562
7.43296
6.97099
8.689
10.6148
13.0707
4.98795
9.86831
9.95369
14.9366
6.62106
11.7142
8.25186
8.45028
12.1594
9.76364
14.1698
11.5239
9.96437
8.08973
13.3895
6.82565
14.5422
7.92488
10.8052
5.43622
5.11762
17.3786
10.1356
10.4562
7.73381
10.512
6.2637
7.48799
8.37149
5.32027
16.157
8.19358
8.68897
9.96295
12.7102
7.26594
11.5396
14.865
14.0873
8.55913
13.4324
10.9077
6.19108
4.56554
8.79589
8.47593
9.21127
5.50943
8.3995
15.446
15.0872
10.9901
4.77177
6.64436
9.62588
9.34412
9.89554
9.9204
11.125
11.1461
13.422
10.0672
11.4595
13.0011
12.7041
9.42592
8.62145
13.8168
6.76609
11.0478
6.9737
14.195
17.8452
6.74246
18.1669
14.2652
12.4085
10.4413
13.7939
6.03027
11.6611
7.22402
10.8328
13.5864
8.07721
10.006
7.27069
9.44468
16.4241
7.79912
5.72237
9.70384
9.61537
8.22044
10.7962
7.12916
3.83539
11.6168
10.8024
11.9831
9.40247
8.6821
10.9923
13.0365
7.21697
9.55967
13.1648
9.91353
7.90283
12.5453
11.2198
13.0452
9.47515
9.33878
9.51531
10.1532
11.4778
8.14075
13.2481
7.76291
12.1135
5.62544
6.76597
7.58274
10.0355
6.64331
11.8554
8.37087
7.84658
9.12771
11.2064
11.8141
12.9684
7.39926
15.56
12.7899
6.91757
12.9064
7.00359
13.2697
7.33152
11.0465
8.80248
10.7292
8.59008
12.6084
14.8256
8.29194
5.26242
8.86017
13.4855
10.4831
9.57328
8.37411
11.4846
10.1124
7.14018
8.57063
9.01857
6.17808
9.60396
14.1852
14.579
11.2425
7.5551
6.30208
17.1874
8.75807
10.2158
10.8785
7.18101
8.5866
6.77786
10.0414
6.97629
10.3917
10.5717
9.26366
11.9537
9.46517
6.78301
11.1888
4.65862
9.08955
12.1639
4.13598
13.3418
11.0525
7.76868
11.2912
11.5608
7.42482
4.46227
7.33861
8.96441
6.81829
6.57568
14.8256
6.93858
12.3138
7.02277
16.5263
9.30188
11.7487
15.5331
10.4123
10.4271
5.82306
10.9779
7.90394
9.17746
13.9343
14.983
12.9294
5.5267
11.4083
12.0224
17.2615
8.26509
14.1086
7.69866
14.118
13.5693
15.9628
6.98134
6.6572
11.9469
7.32361
6.62098
14.9178
12.5185
8.68054
6.52064
7.50218
14.3709
6.75604
10.696
8.76972
5.20293
9.35204
10.5225
8.61852
6.22139
7.56117
8.58721
12.6174
11.2234
4.3727
10.2039
12.9002
7.11924
9.7914
13.1253
4.54218
8.56308
7.01887
12.5359
14.0113
7.57473
10.3652
4.59621
5.55
11.9763
5.84467
6.53342
4.91118
9.41418
11.7893
9.91127
6.87246
12.908
5.2366
5.82351
8.63741
11.7543
14.0516
5.4509
13.9775
9.50879
9.81562
14.8729
11.1762
11.1012
7.37854
11.3087
5.76927
12.6382
15.2633
10.3646
13.7328
11.6675
6.93396
13.2714
9.19779
9.86369
11.5956
15.5752
11.3989
9.39323
8.65041
7.63778
11.0903
8.92842
9.72808
9.90993
17.6006
11.9359
11.3947
7.15737
6.02248
11.4404
12.7311
8.06422
1.84187
9.5095
7.23648
11.31
12.6232
9.70938
12.4435
8.58912
8.6128
7.73413
5.66083
11.7097
8.89267
8.62382
8.12138
15.834
13.8055
7.06325
5.78144
8.43468
8.43055
11.5638
10.6472
9.4756
9.10035
10.7836
9.48575
10.9585
7.3151
6.8446
12.7573
12.9611
7.8242
7.11256
6.86164
7.34786
6.52578
16.9041
10.0481
5.88308
7.39277
9.90049
9.58582
20.0575
7.09322
6.87126
12.6808
6.55647
10.0478
10.8384
11.1392
8.54238
9.55152
9.66249
11.2313
10.6628
9.46621
10.1201
10.5914
13.1044
8.65373
10.6746
5.29839
7.7651
9.27706
15.5124
9.80118
12.7432
8.01797
3.45127
7.71141
5.07835
10.2131
6.6057
4.04106
8.43961
8.08472
12.0198
9.53762
7.00439
8.24455
13.7741
11.8771
10.2337
8.75334
7.07469
13.9275
11.5216
6.44325
12.4497
11.7466
6.9849
14.1752
16.288
10.7897
8.46392
7.15018
8.15673
12.1145
14.5698
12.3983
12.5827
13.2418
13.2884
8.41631
8.82327
13.512
10.3414
10.2956
15.6312
8.69129
11.8546
11.0253
10.6623
10.2616
15.5167
7.21534
7.64709
8.90898
8.08424
7.59522
10.9393
11.9683
16.329
6.48177
19.2509
10.8201
13.1034
11.7147
5.40961
6.58691
9.30646
5.46996
5.56895
14.7368
8.61525
8.21133
12.0711
8.79503
10.1007
5.5752
6.87197
7.74689
13.3115
12.019
11.5778
4.64693
5.73587
15.9306
10.4066
9.79765
7.06574
14.9349
9.69169
5.5749
13.2648
14.5713
9.36668
11.4477
14.9408
10.1539
13.4517
14.6291
7.40713
9.90605
10.2794
15.3248
6.95672
10.7859
10.2681
5.865
9.73817
8.89928
10.0204
14.0119
13.4567
9.76757
5.84123
6.89083
4.0093
13.8832
9.22253
8.642
4.92358
11.3022
9.10344
12.5654
9.05015
10.9743
6.75296
17.2481
11.4565
12.6359
14.3789
9.67869
11.8984
11.2724
19.0965
10.8426
9.21072
7.63691
11.0649
11.1748
8.28718
12.024
11.5346
7.74792
5.24843
9.07171
11.7508
9.11487
13.1968
5.74355
4.87343
12.1676
12.6414
7.08235
8.95942
14.2107
8.58636
14.9414
10.3922
8.05751
15.9929
6.65893
7.67757
6.66589
9.42908
7.74886
5.04107
12.8568
11.417
8.55641
9.60055
4.99068
8.93739
10.0825
10.1662
10.8004
6.72167
7.72491
5.13573
10.6235
14.0126
11.5374
8.75233
11.1922
7.05744
8.48083
7.74581
11.0479
14.3111
7.56002
10.3262
7.17876
8.31338
6.28959
9.54069
8.19326
13.2459
7.28103
12.9899
10.4289
13.3268
6.90254
9.20569
9.52958
7.45483
12.0808
15.7589
7.82863
10.0187
9.27114
12.8312
6.3925
9.40505
7.93641
9.67616
12.5677
10.0689
7.5677
13.3275
9.08282
7.01386
8.457
9.90483
9.51325
13.8406
9.67036
5.1146
5.94313
13.9418
10.4307
13.5708
11.6347
9.22553
8.36167
16.8299
6.14145
10.4915
8.98436
7.00736
10.728
9.57835
4.77492
8.35376
11.3369
5.8191
5.72736
10.2306
6.03158
3.32798
8.59528
9.6103
8.61357
20.8834
8.23302
10.8186
9.69076
9.99014
4.76327
6.78772
16.6175
10.3379
10.2323
5.02141
6.90112
6.89362
12.5414
9.70807
12.5338
15.173
12.201
7.8726
7.19703
15.2852
12.0097
9.32238
10.529
10.0223
8.55101
9.83248
11.7819
5.06133
7.52887
6.57838
6.2627
9.78663
8.93377
9.39938
11.9742
10.9495
12.1928
6.52519
4.49809
14.2128
9.90598
7.42242
14.0837
11.0879
6.56602
5.58107
9.71906
10.5534
8.6658
14.2833
14.4453
8.62578
13.4663
9.14853
11.728
8.50844
9.35454
5.47649
8.99512
9.19754
9.77172
8.31501
8.57218
16.332
12.9696
12.1453
7.09513
8.01934
6.96093
4.41779
9.32717
10.6405
5.76135
12.1878
3.57245
10.577
14.955
4.91127
11.3612
12.4281
12.9167
9.36295
11.7353
11.5117
9.73378
11.9131
9.40721
8.40485
13.4933
10.6937
10.1127
11.1509
4.37428
5.92832
10.0146
5.12401
4.65477
8.70854
9.72448
7.17534
12.3052
10.2747
7.23835
8.47891
10.5394
7.29803
12.3477
8.62166
11.4883
10.7572
14.711
3.9749
11.3328
7.70637
8.89289
8.56761
11.5523
9.08145
7.30822
9.27347
5.55706
10.1043
7.31605
8.24529
10.7188
9.5975
6.68328
8.89122
10.82
10.8902
8.57857
8.82322
8.23298
9.16926
7.24923
8.52632
5.70656
7.10525
8.08236
6.48193
6.41094
7.63321
12.9215
9.13691
6.52181
7.71216
7.31808
10.3016
8.27182
9.4473
11.9057
6.72162
10.3263
14.5159
8.52155
10.6559
5.77713
11.8078
9.09009
10.4219
14.0885
8.664
10.768
7.23646
11.2609
14.2933
9.83897
10.2834
9.91955
8.57646
11.2623
8.76959
6.04881
7.19121
18.34
10.844
5.90126
6.63005
8.34786
8.34224
6.58234
12.1299
11.1033
7.74262
10.3579
4.80804
10.2579
11.3759
8.44046
9.4797
13.1833
18.5116
15.8659
8.19403
19.1696
3.9708
8.38588
10.4492
11.8053
7.17148
12.8676
5.6047
13.6177
9.25509
9.02529
9.50016
10.3472
16.0968
8.41274
17.7799
12.805
9.11785
9.46996
11.2197
17.9841
12.7125
8.65406
9.02813
7.89124
6.44751
12.1682
11.8705
10.3469
7.09009
8.74294
7.55505
16.9758
15.5666
11.0379
11.4732
9.33421
15.0408
10.5522
10.279
10.9848
6.81823
8.99185
11.6797
6.38847
6.66472
15.0623
14.6642
9.09656
8.31889
14.7587
10.684
6.15084
6.17239
16.4285
10.3249
14.5209
13.1894
8.32633
7.8523
5.84553
8.26534
7.07143
10.6972
6.10437
11.983
11.2484
6.1809
13.342
11.3827
7.7587
9.12653
13.8467
17.4349
11.477
7.65135
7.32471
9.54243
11.1098
5.84028
11.9376
13.1322
9.78695
11.0331
16.395
5.51123
8.99814
7.37208
8.01957
9.41164
6.20203
7.60308
7.11169
7.95861
13.1252
10.1746
9.96241
10.1998
15.7804
6.49521
13.3609
7.99275
11.2682
13.7658
14.139
7.99606
7.72036
7.45554
9.166
9.26886
4.9864
12.517
12.0784
9.83094
11.1782
5.06717
9.75795
6.71831
10.8072
10.6011
4.91867
8.4819
6.94799
11.4989
7.08364
9.37691
9.98131
9.74328
4.33573
10.9955
9.77677
14.3992
8.23911
4.97987
12.4684
10.9526
7.80678
7.06691
4.33005
8.47666
8.40415
16.4177
6.13882
13.6152
16.771
6.74957
8.73162
12.8788
8.59404
16.9511
7.81748
11.3492
17.1097
11.0232
6.45243
9.21356
12.3227
4.30688
12.1394
7.24553
11.2653
9.64923
15.148
12.925
10.0435
11.6308
6.84587
7.60491
12.3933
28.1778
12.6304
9.21648
11.796
13.8374
9.52479
9.72455
6.97919
9.99416
10.3079
9.23202
8.1557
12.5321
10.3841
10.9194
9.10822
7.23875
9.09865
6.58914
7.47671
8.01744
10.648
8.2332
12.9295
7.07956
8.50988
12.2536
6.6095
9.56377
5.15475
13.8039
14.2319
14.5195
6.582
10.6271
15.5026
14.4574
5.64667
6.19639
7.60786
15.2482
11.6922
4.67936
12.5546
4.82267
11.4433
9.7191
7.19256
19.3359
5.25912
7.82676
14.1492
6.01095
8.11078
6.53583
9.52079
11.8236
9.41618
12.1762
7.79523
7.9594
6.21433
7.11272
8.88522
13.1824
8.13838
7.76317
11.8816
12.8384
6.74517
13.3498
12.8718
10.566
11.4761
8.21699
11.7426
8.22335
10.627
8.73934
13.2873
19.783
5.54058
7.24261
11.5245
10.4121
10.4162
7.74603
14.0753
7.53867
2.69305
12.5077
9.60822
13.8396
8.4425
6.2234
5.71175
18.395
13.6322
8.51663
6.65049
12.1847
8.78837
10.5602
8.09254
7.06226
9.32951
13.3695
8.13419
11.0348
6.23205
8.65154
23.6528
7.13655
10.5759
7.05474
12.3084
7.12792
9.22323
9.64313
8.63174
18.5023
9.74113
8.05778
16.2082
11.2838
11.4212
11.1237
9.30119
10.5275
12.0875
7.67418
6.80458
13.0338
6.6859
11.4824
12.8888
11.3633
12.3899
7.18035
10.474
10.9733
10.2309
12.3569
9.87156
5.09864
15.6103
7.02052
6.42212
15.669
11.0222
12.3804
16.231
16.9951
18.3253
8.71146
19.402
5.63803
9.49457
8.62485
11.0554
8.86439
6.60795
7.39124
15.5533
9.0463
6.15465
7.46872
8.42145
9.2257
8.94835
7.90665
19.2551
15.9522
5.9744
10.2103
8.36449
15.1531
5.21972
6.8283
13.7682
11.736
10.6228
12.6139
18.7924
11.7091
14.1131
14.9577
3.37422
4.76551
17.2457
5.42624
11.2858
9.56005
6.40552
6.61031
13.0513
12.3074
9.49472
9.16331
7.09636
4.41175
10.4027
11.171
12.6101
7.03327
14.6593
8.98423
13.2524
5.78413
9.9112
6.41683
7.40947
11.0253
7.69988
3.06647
8.41703
6.4923
9.91121
11.0709
8.62288
8.50715
7.54941
5.66617
6.70627
6.5867
11.5551
7.29359
8.47916
9.54725
8.01816
8.24406
6.69399
4.16312
10.1143
11.2255
6.99204
13.8588
7.6666
11.9723
5.72225
10.4805
8.32782
9.78305
7.57972
11.9787
9.76853
8.25909
11.2205
8.4013
5.48387
7.83136
21.1998
9.22044
13.1181
6.47413
11.5167
9.64448
6.98748
10.364
9.33078
10.1175
9.36008
10.7176
8.07325
12.0606
11.2307
5.49677
9.38593
6.85757
14.8371
17.0695
10.9035
10.5772
11.6698
4.31631
8.23736
13.7371
8.451
8.19705
9.59291
12.6528
11.9582
11.8307
6.95947
8.20805
6.86709
14.7179
8.38164
13.0877
7.92566
9.85875
15.6633
11.0783
10.3752
11.0367
12.8585
9.66605
16.0025
7.04786
11.2418
4.71917
10.7484
4.76336
14.7971
12.9992
14.028
7.77815
16.1849
8.00916
10.8374
7.73191
7.03934
6.69073
7.74965
10.5729
14.4218
8.01097
14.122
12.2846
8.06756
4.82156
11.6001
16.394
10.2466
6.23403
7.64275
12.0492
9.08578
7.50711
16.3476
16.6453
11.3138
9.08704
8.61529
8.27748
10.0459
6.99905
6.54298
13.9109
10.9584
11.8027
6.2899
14.6883
10.5801
8.31931
8.06305
14.0666
11.1213
15.9561
9.16594
6.92756
5.09014
10.5089
8.00782
9.90431
11.1238
8.95941
6.60702
6.74987
12.8327
9.77369
7.32194
9.33466
6.6216
11.6479
7.01322
6.82375
8.30601
10.2709
14.7774
4.84756
9.68821
11.1106
11.7535
10.524
8.82943
10.8442
14.7113
8.19489
9.74045
7.64697
13.8083
15.8479
7.55615
13.9326
11.0266
5.35784
10.5367
9.16041
11.3847
8.26677
6.26864
4.18461
10.1134
7.29278
14.2681
8.58458
8.08287
14.5268
8.42314
12.975
7.8109
16.6872
6.21904
8.84932
10.0782
9.43213
7.79212
9.49462
13.3642
12.2255
11.6118
6.38763
12.0442
6.29071
7.48247
6.89862
14.0906
8.64987
14.895
10.8898
12.926
8.91895
9.9179
9.52593
11.7274
12.3574
9.28092
18.0382
8.41433
10.9399
9.21084
15.9981
6.64624
6.92101
10.5676
11.1692
9.76545
9.34594
12.5101
6.45678
7.91114
6.10563
7.55682
10.809
8.76989
12.4549
11.0429
6.36483
10.5592
11.6785
8.7331
11.4586
7.2283
5.42886
5.89151
8.42364
15.8344
7.10488
9.43338
4.98591
15.9544
7.95924
8.95146
14.0191
9.23187
13.0401
12.5959
13.077
16.9724
10.5774
9.15982
8.9999
9.07865
6.87348
9.67857
6.04487
8.92456
9.54125
9.26435
5.53226
15.2258
12.7237
7.70228
11.1188
9.35976
8.55139
10.876
9.67512
7.74822
14.4209
11.3376
8.12198
6.85042
11.0781
10.665
7.97832
7.27244
10.2257
8.77454
11.9584
5.11699
12.1138
16.5714
9.39071
17.487
9.6464
12.1925
7.54065
9.25664
12.4511
15.8998
8.46173
10.0613
12.353
9.7472
13.6506
6.75076
5.87782
15.947
8.84153
10.6099
17.783
8.61984
12.0899
8.93883
7.60744
9.51392
15.022
4.42886
15.9552
12.3929
10.3802
9.81693
11.5402
5.94166
10.5014
12.0261
9.26526
10.7964
5.24543
7.35591
6.63078
4.68309
10.9873
11.5336
7.33511
14.8183
10.4925
14.0299
7.01927
5.6307
8.73942
6.39389
10.0157
9.64373
7.816
15.5736
6.62115
14.889
3.56348
8.17193
12.8272
10.4932
11.4186
11.272
8.39134
11.7447
6.19346
13.7573
7.4185
11.3955
14.5776
14.1416
11.9849
10.3948
7.42444
7.69606
11.4952
8.77453
11.084
6.28539
11.8021
11.4857
13.7349
12.0893
10.2345
8.65135
5.80263
11.0576
9.07946
7.25319
8.68776
8.90643
17.2863
8.48563
12.6482
15.0251
6.27048
11.2478
9.63448
7.04668
11.7019
11.5846
6.9835
9.95723
6.77749
9.57187
7.85139
8.54161
11.6449
10.3008
7.44699
12.1004
12.4969
9.21635
4.42345
9.08485
14.5663
8.89299
7.68421
10.0874
11.4707
10.8813
16.5117
8.30166
9.73729
11.1471
9.24415
13.9975
14.6844
14.5648
7.79244
11.0146
12.7988
9.32016
7.05539
9.72066
6.37702
8.85931
12.262
5.26106
13.0322
17.535
9.36873
9.78118
12.3021
5.54114
8.77105
7.75421
4.73514
11.2869
5.74963
9.99216
13.094
13.5942
11.4631
14.5743
5.97263
10.7597
13.2217
11.5323
7.04898
8.86582
7.18258
12.7008
6.49086
13.254
11.6805
5.12618
7.56614
11.4805
8.26748
6.20234
10.034
16.0088
11.7497
8.49171
7.75742
10.8285
7.99005
9.43519
7.83482
8.12289
14.5449
15.3108
16.0621
11.9785
10.8476
11.1022
11.5614
8.36014
11.9401
9.08502
8.7029
7.85851
11.625
10.1578
9.34967
12.755
9.09421
8.16129
13.6524
10.3485
14.0999
8.65978
10.3079
12.5213
8.28532
9.66826
12.3396
5.94243
7.1296
23.2626
11.1876
12.4883
11.1946
7.88364
11.2839
11.9855
6.74028
7.65908
8.42947
12.5532
15.2144
13.3799
4.90674
14.3875
11.408
6.46575
7.25522
7.81872
13.8612
11.2342
7.23633
10.366
7.12216
8.58216
10.5799
13.365
13.513
9.82921
11.4486
14.8197
16.68
11.8167
11.244
7.81678
9.4454
5.46996
11.0549
5.8439
8.17721
14.2722
7.04337
6.53719
8.98816
8.70232
11.5596
13.1202
8.72766
17.0401
8.89108
11.6369
9.62491
8.64586
10.2171
6.93865
10.7791
8.35523
7.64924
7.06542
10.1263
7.7926
