5.22082
2.8659
2.72226
-0.512688
-4.09462
-1.18133
1.92638
-1.71349
-3.1765
2.6066
4.80317
-3.70691
-1.26309
-2.4567
-0.480391
2.19074
2.14487
-3.26339
0.16934
-0.790258
1.54866
2.66897
1.55029
0.350423
3.14036
-4.92948
0.0336742
-3.7204
-2.62773
-2.91306
1.16362
-2.1759
-4.46037
4.34936
-3.75029
-2.52816
-6.27836
-2.7342
4.04691
-2.14148
-2.86317
0.233327
4.57093
-3.74676
0.708915
-4.45928
-0.868593
0.0117831
1.09748
-1.19561
-3.22669
-0.545309
-1.97473
1.30754
-2.35743
2.48935
0.550793
2.49858
0.950206
1.17264
-0.200671
1.37835
-0.993452
2.56827
-1.32942
1.06685
1.939
-0.810981
0.587491
-0.364644
0.971092
1.03116
-9.5734
1.87142
-2.47281
3.85117
0.622019
1.16129
-4.29755
1.21056
-1.85402
-1.64948
1.25495
2.3893
-2.42416
0.119294
3.50578
0.709146
0.135031
4.07933
5.6226
-4.07082
3.6286
-1.35794
-3.87703
2.56208
2.15955
3.04281
-0.57667
-7.31349
3.62285
-3.18175
4.37303
-2.10333
4.20081
3.78278
-5.30927
3.35688
1.55403
-1.93242
-1.35659
-2.93704
2.04504
2.53056
1.62951
-3.9622
-0.809321
-0.998034
0.736041
0.266995
-0.220726
1.23775
-1.74972
-1.44823
-5.58614
3.6095
1.56339
1.7888
3.9752
-3.04704
-1.87148
-2.20735
-1.54475
2.14898
-3.86874
3.7185
-6.10579
-1.70362
6.99571
3.06287
-2.024
2.84832
0.336122
4.12817
-1.87054
3.8368
0.457471
-0.96002
5.19025
1.2991
-5.26928
1.22239
4.2819
2.18035
3.91361
-0.96289
-1.57381
1.57992
4.16609
-1.06779
4.71894
-0.565306
3.86789
-0.922053
1.36299
-11.0085
-4.43368
0.912929
-1.41294
-3.16331
-3.96195
-2.07143
-0.5518
-3.68977
-1.32844
2.22547
3.41767
5.74079
-0.408294
5.89292
0.12929
-0.39119
0.35532
-3.34862
5.10948
1.32035
3.95466
0.466448
1.16507
-1.76393
-2.54336
8.39447
-10.3235
0.0895609
4.63571
-1.32478
2.92263
2.56534
-2.84226
-1.30188
0.682277
2.26828
3.90049
-3.90445
-0.0921962
-2.47666
0.609568
4.4273
0.562405
-3.33462
-0.0291123
5.60329
-6.53294
6.89511
-3.38777
2.36882
-2.89538
0.175335
4.01108
2.01316
-4.55723
4.27322
3.91955
0.648053
-3.73196
-4.33177
0.487404
-1.05347
4.28343
2.39874
-3.15521
-0.33152
-1.45024
2.93131
-0.181651
2.34112
-4.72513
-7.04639
-2.39693
3.91784
2.00919
-2.82694
-9.19884
0.359447
3.38517
-2.79963
3.10555
4.45686
-1.89856
1.42669
-0.415458
-4.99196
-1.76095
3.62222
0.190126
3.99493
1.17292
-0.427252
-3.11543
-1.07921
-0.683861
4.66444
-2.32513
-1.69874
-0.838461
-0.642233
1.0559
2.54248
-2.40204
1.85576
-1.83594
-1.06971
-2.05205
-7.35344
0.138267
-1.05723
0.0976201
4.40223
-0.775484
-0.0867293
0.586975
3.0454
0.318153
2.10022
0.670002
-2.0359
2.83742
-4.52772
-0.368202
8.61135
-1.79908
-3.61585
0.994488
-0.43387
4.34969
0.404807
0.0523612
-8.11317
-1.46656
-7.703
2.2911
0.971938
1.72203
5.18064
-4.89276
-0.653685
3.14971
-6.81549
-0.089096
-4.2535
-1.2383
4.54974
2.07569
4.94327
-2.30045
6.78959
2.77543
0.74399
3.61366
-0.203364
0.942006
-0.616368
-1.44175
-0.494222
5.39368
-1.03217
-0.827495
2.17616
-6.75819
0.629009
-0.151034
0.43706
0.590375
-3.48965
1.63963
-3.01457
4.01323
-0.97275
-1.5533
-3.43858
-0.918211
-2.10104
-0.589584
-0.780541
1.49678
-3.83652
2.54016
-3.71755
2.47297
7.58928
-0.016292
-1.64587
-2.63854
0.571848
0.592715
-0.667929
1.69756
-1.58062
-1.80022
-6.82379
-3.5731
-0.503174
0.908358
8.71509
-3.37395
2.29243
0.707335
7.28662
4.08368
-2.19432
5.37761
-3.25017
-2.52141
-0.887478
0.325372
4.05147
3.25626
-0.383112
0.220433
0.690117
-6.6082
-5.24377
0.360702
-3.61864
4.3999
3.76581
2.07627
-4.5834
-5.08463
2.24377
7.68567
3.39328
0.128091
-2.12936
2.54896
-6.78005
-2.41846
1.2846
5.86886
2.0934
2.81473
-4.59657
0.308024
-1.73125
-0.287629
2.02287
3.8806
-6.73373
2.89655
4.08038
-1.93012
-0.829715
-2.28981
4.22409
2.22295
0.178018
2.24479
2.88862
6.55862
-2.30558
3.06178
-0.190105
2.57497
-5.57333
0.67273
-4.5736
3.59827
-2.92858
3.18453
-0.414804
1.75261
0.260612
3.00512
-2.27813
2.01648
-1.50127
-0.57168
-0.75029
-0.348329
1.52794
0.133729
-2.5258
-2.59371
1.9843
2.15425
3.44122
-3.05996
-1.72622
3.46388
-3.15195
1.84746
0.83555
-5.02011
-0.650896
4.51129
5.78524
-4.53992
5.89836
-2.90296
-3.20209
0.513152
3.14421
-3.91939
3.19399
-0.111925
-0.931205
-4.21704
7.25353
3.13692
-0.778416
-4.16564
1.86981
-4.07357
-0.45409
1.88303
2.83671
-2.12523
-3.85823
4.26545
-1.25134
-3.2357
1.2574
1.34263
-1.04041
-4.801
2.00117
1.84652
2.52085
-4.1391
-2.34369
2.91206
-1.22456
-1.97536
-0.25859
1.28312
2.08918
8.77941
-3.82406
-2.18522
-1.89519
1.00208
-2.66895
-3.97803
-0.219236
-3.73208
1.68127
0.567452
2.73093
-1.81067
-0.0530612
-1.58755
-1.68081
4.58206
0.666363
-1.85382
-0.154489
2.34089
-4.89365
-2.46316
-0.268732
-0.0367722
2.63693
1.61197
0.588049
-5.52876
-3.23534
-3.77838
-5.53062
3.31398
2.02531
0.828008
-0.758923
0.183666
-4.22454
2.59932
-5.50399
-1.31395
0.368737
-1.10192
-3.83561
3.44778
-1.63575
1.37413
-5.70086
-1.45311
-3.00081
0.345642
3.01476
0.770597
-0.0684537
-0.0794836
-2.90233
-0.470555
-3.35888
3.32241
0.469435
1.44968
-0.131941
-1.62588
-3.74279
-1.89523
6.22097
1.08768
-4.09262
0.483906
1.40052
-2.43518
-2.3114
2.34322
-5.45958
-4.49186
-0.0552394
0.0489798
-6.47103
1.45759
-0.674326
-0.776934
0.0485362
-3.21454
-3.27822
4.68734
-3.95678
-1.09859
-3.34487
2.32732
-3.84611
1.51453
2.45219
5.53674
-1.8489
1.53978
-0.415762
0.290802
-3.28392
-1.8167
-2.03754
1.81813
-2.10623
0.63233
3.96738
-0.176629
-5.31487
-3.01042
4.73506
2.02225
6.09472
3.53496
-0.93332
-0.0959878
0.0376433
-0.190091
-3.64234
-1.30817
5.84605
-3.83705
2.46871
-0.238803
-0.386967
6.18121
5.90539
0.281592
-5.61688
-5.6306
-3.48436
-0.760914
-4.33875
1.93541
-1.36214
2.65689
1.73086
2.54774
1.8333
2.59639
-2.06792
-0.738717
-2.11992
-5.48239
-4.8581
0.587159
-4.88915
4.67934
0.875195
-0.684786
-2.86074
1.98859
0.473603
-6.31741
6.77254
-2.28736
-4.46487
2.13543
4.818
-0.389922
-1.92455
-3.09091
0.596339
-0.493961
-0.197908
7.06349
-3.29422
1.72836
-2.52507
-4.03721
2.51536
3.13278
-4.73551
2.23466
-2.34373
3.26598
0.450136
1.54116
2.4515
5.9705
-2.79373
-0.298262
0.793882
-3.95693
0.132804
-0.219787
-1.54833
2.68052
0.764438
0.660179
1.2172
-0.359185
6.71978
0.652682
3.13328
-1.61184
1.90393
-2.41839
-3.63438
5.09081
1.76505
-0.817683
-0.248502
-1.93085
-0.969845
1.95378
2.45333
2.75714
-1.61862
3.5317
-0.396457
-1.66052
-2.03709
-0.705416
2.47917
-1.17465
4.16586
3.81417
0.458452
-1.58161
0.565802
4.01055
5.26334
0.0179694
0.133396
-4.86759
2.32064
3.55137
1.21544
2.61269
-1.4238
-3.47261
-0.653622
-2.61901
0.388774
6.46355
-5.54192
5.86548
1.70138
-2.13537
-2.94223
-1.24149
-5.00142
0.0819196
-0.958752
0.132468
-4.65051
3.63807
2.3952
2.74031
-1.05487
-1.81739
-0.122868
-4.30197
1.62101
-3.39835
1.20178
-3.27655
0.621283
-5.03198
0.185856
3.5794
2.41571
4.27845
7.38392
0.0482372
-4.67211
-3.70407
1.54549
0.702859
1.20051
-0.795907
-3.22129
4.37139
4.53097
1.65849
-1.89887
-0.644474
0.302419
5.47859
1.25964
0.183199
-2.07027
4.52693
2.76138
1.04522
3.54673
-4.04486
-0.611637
0.0114335
4.38518
0.31641
-0.86983
-0.108591
6.57034
2.13393
0.247546
-2.5402
-4.48911
-6.90477
2.48449
-0.875104
3.06494
-2.32152
0.67205
-2.85879
-0.142734
-1.37632
-2.81636
-0.72165
3.22711
2.92347
5.40089
3.3621
6.16642
4.38248
2.77077
-2.02208
1.08897
-2.93266
1.73492
-1.22253
0.575224
-0.0527444
-5.17522
1.45899
-0.083032
-1.86215
-1.53266
2.34543
4.44701
-5.62369
0.391524
3.15154
3.01582
2.22979
2.64419
2.38183
3.45667
0.683996
-3.25608
2.01056
-4.34719
3.55769
2.23074
-0.924707
-5.46907
1.73783
-1.03505
1.39754
0.165411
-3.26786
-5.42041
0.961801
5.02002
-3.13316
-3.58715
-2.31677
2.47296
1.97527
3.17386
-2.80608
1.44892
1.10945
-3.35409
5.18019
0.347117
1.63658
-4.01976
-0.820708
0.266354
-7.37317
0.391462
-2.8947
-0.340107
0.815275
-4.41943
-0.292171
-1.00797
-1.21729
4.09918
1.50685
6.64912
0.694049
0.766023
-1.3523
1.65669
-5.12127
-1.65263
5.09148
-1.59329
0.604918
-0.608078
1.1031
2.30931
1.71642
2.05422
-1.1629
1.32149
-0.527039
2.58906
-0.423839
-4.83544
3.1084
4.86812
-3.37932
-6.32929
-2.6519
-0.740853
-4.59201
2.90136
-3.6866
0.456815
4.14507
-4.10549
-1.6209
-2.85455
2.5327
2.39289
4.45769
-9.51013
0.0249571
1.53119
1.1533
-2.19221
0.839574
4.7729
3.0455
5.81249
-4.99787
-2.30205
-2.68348
-0.962316
2.82611
0.64108
-0.979823
3.31436
-0.0540044
3.52483
2.91393
-3.88879
2.6605
-6.09833
-0.580134
1.54205
-1.2642
2.857
0.327399
6.92614
-3.48759
-6.10773
-2.68036
0.777965
-2.13553
6.64245
-3.89709
-3.52972
-0.894519
5.32517
-0.905914
-4.0805
0.669064
-1.08047
4.33754
-3.29026
5.7469
-5.16674
4.52859
4.32596
0.072329
-0.151939
-3.36268
-0.290686
2.48471
1.10244
4.76755
2.19987
-6.00042
-1.68031
-5.32355
-8.12654
-5.45802
4.76444
6.99226
-1.46852
-4.70957
1.44942
2.26779
-3.06819
-2.66364
-2.52742
-1.0222
-2.55957
6.30822
-1.28258
1.53589
0.0359472
3.40659
2.65118
-1.16169
4.03933
-1.82527
-4.8904
6.03503
-0.399331
1.65354
1.16156
3.69918
-1.13076
-1.45256
-1.4185
-4.8868
-3.93824
0.103744
4.28661
-0.558335
1.07758
3.38243
3.12169
1.73205
3.83572
1.60871
-0.630368
2.45707
-2.5327
-1.70065
-5.10234
2.00942
0.0423569
-3.88638
-0.914695
3.13995
-3.30297
-3.64431
5.75603
-3.19844
1.22488
3.10704
-5.69414
2.03291
-0.245346
-2.12686
-4.64869
8.01776
-5.57957
-2.04921
0.36383
1.21256
2.91735
-0.454673
5.09472
-0.929015
0.961337
-3.02828
-1.969
-8.28707
5.90507
0.560998
1.2818
0.0182065
-1.32614
0.14928
-3.16016
-0.964918
-3.30005
-0.159743
-0.156173
4.58903
0.489275
2.04776
0.54823
0.119502
-4.64562
1.56175
1.92057
1.49201
0.232064
-0.386917
-2.59802
-2.49634
1.10652
-3.9779
-2.44734
-3.04352
1.16957
-0.729178
3.34286
-2.49979
0.649404
3.04288
2.12227
2.7588
-1.80008
-1.27838
-5.53711
2.49104
2.28663
-0.982976
2.10979
-1.5776
-0.685625
-4.98502
0.378403
0.883553
-1.49568
-2.75958
-0.348005
3.13311
-3.3505
2.07928
3.35466
1.92711
-1.52048
-1.73944
-0.63443
-1.10905
-1.78767
-1.30655
2.10005
-1.27815
1.89868
-6.15194
-1.04625
4.95978
-0.836819
2.84271
3.51575
3.33356
1.95777
1.91422
1.81619
3.17763
3.74371
-4.34735
-3.35282
-4.12664
-0.337339
-3.45745
-0.474827
-2.77651
2.31635
-5.22021
-6.49133
1.45395
1.47718
0.260823
-1.10172
0.875512
3.88335
2.33098
-3.17954
0.783936
-3.13537
2.99907
1.0745
-0.80263
-0.931865
2.0164
2.69588
0.566173
3.61362
0.344447
3.43987
4.80733
-2.30411
7.34912
-1.90482
-0.697591
4.70839
1.00017
4.27118
-4.60675
7.3591
-0.929579
0.956361
3.57504
2.69889
2.72638
-1.64884
-2.32223
-0.458525
-1.03596
3.53462
7.13065
-1.10014
-3.86206
2.47038
2.71226
2.6582
-2.23323
0.0675011
-5.46545
1.22818
-3.94314
-1.62236
-2.49559
-0.160838
0.94369
-3.361
1.04985
0.702146
-1.88171
0.543552
-3.83411
1.722
-2.10959
-3.56216
4.00335
4.87643
-2.92266
5.20428
-1.95956
0.957788
1.22872
-6.45694
0.65876
0.0179444
0.778999
5.22238
-0.769144
-1.50294
-6.52859
2.20978
4.69814
3.4742
-2.98104
-0.654867
8.02746
-0.630517
5.04274
-0.462654
-2.59475
-3.44659
4.72226
3.24277
-0.694777
-6.87181
-1.63331
-1.84683
0.13624
-5.96772
-1.3335
1.41869
-0.618373
-3.00957
4.67915
3.27976
-0.788659
-1.39852
1.35607
-0.771295
-1.66087
2.84453
0.304734
-0.118978
1.07328
2.13355
-0.433785
3.07769
-3.62779
-6.69022
2.761
-1.42137
3.37648
-0.381447
-4.10135
-0.977322
-3.14125
-1.711
-2.61448
0.476477
2.89952
-2.08446
1.86837
0.809641
0.19306
-2.81237
3.19795
-1.39982
-0.156489
2.05097
-0.281375
6.18981
-5.30717
3.00861
3.89767
-5.18187
8.00986
6.00013
4.9601
4.49808
0.115352
-3.64647
3.21422
0.352889
1.39766
-3.67861
0.928438
-1.67827
-0.605218
0.474525
3.85831
-0.202446
1.25057
2.2286
-0.280265
-3.67318
-0.259133
2.00511
2.04014
-1.50188
1.0903
-2.44557
0.486325
4.05828
5.71156
-1.46576
5.84557
1.22948
0.603701
-2.65578
-1.07719
-1.80505
-2.78156
-0.0921815
-1.92983
-0.00515777
-6.17375
2.60093
2.09078
0.283843
-0.31848
5.0233
-0.357482
-4.29959
2.28189
-1.34147
5.41375
4.77559
-2.11688
-2.74136
0.509199
0.0920198
3.29871
-3.96536
4.41189
0.634744
-2.23066
5.26704
3.51725
-3.91358
0.914584
3.44667
0.715107
1.57719
-4.49521
-4.06075
-3.09619
4.32845
2.10145
-0.0368886
2.67495
1.53111
-3.61683
3.75651
0.348363
8.47197
2.01582
2.42117
0.177949
2.65866
0.556245
2.84512
2.04759
2.88544
-3.18204
-1.73047
-5.08792
1.82973
0.206142
-3.45316
2.26239
-2.29496
2.66205
-5.59367
-2.31283
2.59547
0.794035
1.79347
-1.75818
5.1665
-0.674532
-0.128388
-2.49225
-3.40714
0.450886
2.30425
2.25661
-1.94357
5.24519
2.91666
-1.66464
-5.46659
6.83496
-1.73629
-3.80148
4.59798
1.84092
-0.430261
-1.2685
-2.25097
1.28799
-3.11044
0.394848
-2.95784
1.64478
1.59784
3.70475
-4.93986
-2.28135
0.140811
-0.654652
-1.70847
4.69053
-3.22348
2.79659
-2.70903
2.21589
-3.33997
-0.609064
-3.43645
-0.396731
-0.140167
-5.94999
3.19404
0.0157252
-0.517211
-0.860176
7.14794
3.07462
2.84888
1.40068
0.371487
-3.44535
1.96475
3.30458
-2.63727
3.16897
-4.18031
-3.41848
-5.91136
2.2382
0.989494
-4.29819
4.72767
5.12848
3.89547
0.445072
3.48854
4.02944
-0.983864
-1.9275
0.952723
-6.5042
-3.51108
2.92221
-2.44221
-3.71056
-7.79508
-3.81631
0.500053
-1.31354
-3.70163
3.1223
-3.90664
1.95458
2.02322
-10.157
0.966962
2.83998
-2.58381
0.07854
-2.34
-0.46831
0.928499
-3.44942
-3.12447
3.37131
-4.24758
3.85982
-2.04474
-0.347964
3.92184
0.281485
-1.13168
-0.200847
6.47892
-5.64858
0.891748
-0.73437
1.50177
1.48714
-1.28641
-1.25888
-1.54455
-2.66954
-0.165571
1.51651
-0.527015
-2.82316
-0.670252
-4.83391
1.6527
1.05919
3.11906
-3.0226
-3.17962
6.0243
5.8369
-2.91782
2.52767
-3.99816
5.05274
-0.425813
-6.10947
-2.33201
1.74836
4.20446
-6.87316
-1.20648
-2.31001
-1.20144
0.858074
-1.03542
6.35061
-0.131685
1.68659
5.13592
-3.40318
-3.61226
-4.67929
-0.893089
1.57042
1.45868
1.84909
-0.427523
-4.80193
0.912097
0.418765
-3.34559
0.816746
-4.5482
-0.0662856
-2.19273
2.55338
-3.35431
-2.98994
-2.45896
8.07564
-0.132747
-3.27225
-3.19312
1.74923
-1.38846
2.92947
0.717458
1.22914
-3.86518
0.0456326
-0.942936
-5.97213
0.982586
-5.19283
0.362874
-1.52145
-0.473964
-1.18823
-2.62793
-4.86103
1.84578
0.783181
4.80275
-4.22456
-1.85372
-1.23342
-0.314423
-3.38443
0.0531755
-3.1896
2.04911
-2.24809
0.283876
-3.32644
1.15913
2.34476
-1.31835
-1.07089
-0.855341
-1.95141
-0.15167
-4.69633
-0.378576
-2.9605
-0.349328
2.04608
-2.69693
0.312085
0.120137
-2.61477
6.72933
2.57101
-1.42714
0.893453
-7.2476
2.10923
2.04015
-3.52265
1.30611
0.680081
1.22775
-8.10904
4.81646
-6.95551
-1.8846
-4.49922
-1.17421
-2.19789
-2.59294
-0.525851
-0.40385
0.542065
2.12456
3.24698
3.16374
-0.353083
0.621666
2.00616
0.787817
-4.39855
5.46606
-5.56759
-0.961236
-0.160775
3.38441
7.39216
-5.28482
1.25934
-0.743759
5.84283
-0.288118
-1.00234
-0.860575
-5.41284
-0.905872
-0.0768841
1.43805
-1.17154
2.51657
-0.610953
0.708615
1.32123
-2.91347
3.45201
-0.274312
-2.34547
1.65826
-3.30093
-4.39522
-2.99671
-0.137504
-5.86833
1.84428
-1.79483
-1.05181
1.65321
-1.52704
-0.226823
3.02904
-3.60008
5.45618
-3.8302
1.50666
1.27462
-2.14603
-3.94699
-0.197011
-2.63966
-3.65852
0.718844
2.23762
3.27916
3.48993
-2.69473
-0.736208
0.181946
-5.14973
1.43934
0.392194
-1.5283
4.39892
1.67753
-2.73622
2.82941
2.42709
-2.39165
-3.98092
5.96957
2.38411
-1.86275
-1.61494
0.134142
2.67383
0.439099
1.61357
4.19278
-2.6464
-3.12581
1.44913
0.569213
3.39879
0.620254
3.68194
0.892366
2.54895
4.96216
-2.76049
-4.10555
-4.19445
-5.04299
0.547781
0.526276
0.591934
0.514127
2.38776
-1.43572
3.71775
-3.71495
7.09629
3.14291
0.66695
0.110353
-2.84254
2.07469
-4.02953
-7.84624
2.12415
-4.27933
1.6146
-2.74245
-1.06007
1.21942
2.24804
1.59924
3.98724
-3.11715
-3.1105
-0.964381
-1.45535
-1.14283
-1.19713
-0.215651
-5.96329
-1.20072
-3.79507
-2.26883
-0.0814253
0.532208
2.09532
-1.34428
5.20235
-2.24974
-3.1384
-0.742495
-3.12719
-0.341436
1.95514
0.569623
4.12988
-1.01213
-5.92823
-2.57149
-0.460337
0.934139
0.583388
-0.113238
2.25601
-2.02733
1.84874
1.4487
4.02481
-0.769911
-1.98074
-0.833133
1.43407
0.240613
-2.02488
-2.16133
-0.451954
2.41578
0.824404
3.65407
1.45185
1.84367
2.68858
1.05015
2.01419
-1.53437
-2.14978
-2.55929
-1.46278
2.98308
-2.33408
-1.09183
0.322805
3.9096
-3.116
0.386872
-1.48957
-4.61174
-1.37605
1.03672
3.38932
-0.266025
-0.602209
0.682121
5.03273
-0.00328632
0.225872
-4.86447
1.3549
-9.08077
4.04299
1.16439
-3.46395
1.12873
5.34428
-2.57198
0.440094
-1.18593
2.12431
-4.00114
5.60698
4.45614
0.460555
2.10783
-4.83888
-0.558366
-3.02799
-0.915947
5.91341
-3.91685
-1.04152
1.58458
-0.707729
-2.52092
1.53507
-1.91229
3.62158
-3.00753
2.16797
0.0254261
2.72335
-2.21092
0.30265
-1.19671
-1.16603
0.259493
-0.441802
0.679049
2.88059
0.07458
0.12997
-6.20944
-0.258178
1.61299
-5.02706
-1.46623
2.11898
3.02353
2.29315
-4.36832
-2.69825
-1.20944
-3.43798
-3.7436
-4.92412
2.30653
0.611298
-2.1018
2.03225
2.69833
0.45102
1.26401
1.48912
0.363355
-2.97282
1.03343
-3.63366
1.76144
-1.48753
1.78062
-1.98051
-2.5491
-1.15756
2.07437
-3.01775
3.28514
1.21501
2.46094
-3.72724
-2.3145
1.00774
-6.12401
0.618834
5.04878
0.616181
4.96849
1.34167
-0.2632
6.35417
-2.83463
-1.03796
-4.69511
-4.21088
7.38277
0.880971
0.271396
0.513507
2.11093
-0.28971
-5.41875
-6.89582
1.08225
-0.618931
1.88533
-1.82075
4.61183
-0.108261
-0.896406
-4.90715
0.474682
0.509472
1.87238
-0.577042
-1.38859
2.17954
-1.29224
-7.50312
-3.27344
-0.590968
3.08087
1.07479
1.4368
3.46081
-2.93496
-0.870035
-2.26866
0.351898
-1.15813
-0.0522588
-1.2741
1.24061
-1.17731
-1.60533
-0.26018
5.99618
3.56651
4.47271
6.25542
0.562832
8.37273
-7.0722
3.42189
-0.479649
1.08014
-1.93212
-2.33046
-1.77576
-2.25947
-1.1275
0.685643
2.61987
-0.692777
4.15636
0.351278
6.26878
-1.0405
-5.46159
2.1363
-1.32745
1.43783
-4.41739
-0.462747
2.62119
-2.67907
1.59414
-0.0758458
-1.80036
-1.44898
-2.31205
-2.76268
5.05335
-2.56753
-2.46397
5.05195
-4.49578
3.23086
2.73858
2.29754
3.78422
1.10758
-1.09857
-0.791685
-3.4363
0.00898202
0.507087
1.08363
-4.04314
-0.116488
-1.51025
-5.20072
3.42814
-4.60097
0.689711
-1.84547
0.139883
-1.76312
-1.07956
2.62071
4.49825
3.79044
1.55556
0.564816
6.27499
6.27164
2.29515
-0.851753
-1.0606
0.390243
1.30285
0.740597
-0.768786
-1.94052
4.9401
-1.53308
2.32248
-1.07014
-0.943245
6.40147
3.93776
7.72046
-2.8498
3.69328
-6.94208
2.20155
-2.81756
3.98459
3.97321
0.151597
-3.13536
-0.103738
-1.45105
-4.7397
1.58421
0.733294
-2.00398
1.07634
2.98681
0.0571631
2.40026
-2.44201
2.72418
4.26881
-1.2068
-0.434319
-1.50441
-1.95577
5.80291
-8.86876
2.42812
1.68292
-5.40072
3.7172
-1.55811
1.08312
-2.30363
1.68488
-2.31285
1.15074
1.73539
-3.54076
-3.34521
2.59246
1.04587
-3.37534
1.11634
2.85748
1.64804
-1.37657
-0.629753
-3.03814
-1.69895
1.88758
-2.12898
-4.65483
1.06613
5.66408
-0.635319
0.277379
-10.1165
0.419537
0.595773
-1.81341
-2.0653
4.03913
2.01881
1.7621
2.54521
0.688391
3.48294
0.532263
3.75876
-2.20079
0.346993
-0.244656
3.06396
1.90769
3.85557
-2.8502
1.58436
-0.525968
-0.12551
-0.315102
4.3312
-4.04399
0.286699
2.07118
-3.92853
2.01116
3.75383
3.65835
-3.22001
-4.10652
-1.76708
0.00965338
1.93519
3.12436
3.59308
1.33715
-1.00109
1.17251
0.715893
-0.0400284
1.54355
0.0835831
3.75299
-3.28138
-0.496661
4.91997
-1.22011
4.22439
-0.581446
3.70303
1.12352
-1.04684
-2.57771
-3.31179
1.34015
0.796566
0.642745
-0.66596
3.63759
3.79051
-0.00698089
1.62427
-4.51042
-0.0616651
5.34385
-3.78894
-3.28093
-4.11001
-1.78952
4.99857
-3.62058
5.35306
-5.30508
1.44139
-5.5785
-3.05349
-0.0713069
-9.60264
-4.3619
-0.765117
-4.91177
1.01129
-1.46782
-3.77068
2.15509
4.83731
-2.78699
-2.89184
5.81516
-1.38985
3.62613
-8.8333
3.01175
-0.638399
5.46263
-0.792481
4.92635
-4.71379
-2.79961
-3.56425
-3.20085
-1.32432
2.51738
1.87444
-2.89748
-4.71545
-0.261005
5.04674
0.0554736
-0.0187933
-0.738108
-6.42369
0.272704
1.22032
-2.31515
-0.98922
-2.76174
-8.81508
-3.2009
-2.19346
-0.587274
-4.32513
-2.0591
-0.395442
5.01131
6.52955
-0.998298
0.226382
-1.6033
-0.530972
0.238611
7.51446
0.489461
-3.42135
0.757438
-2.79914
-2.14376
1.80148
2.13839
-2.17227
-3.89766
6.3144
-0.450558
6.62007
-0.731149
0.615135
-1.08134
4.7628
0.545229
2.46716
-1.38298
1.2588
0.674382
1.37877
-1.58314
-2.17379
0.340846
2.46388
-1.79418
-1.96354
-0.561826
0.636293
3.66881
-4.59446
2.88333
1.09638
1.16789
1.62506
3.61798
3.91399
3.14723
2.23644
1.37821
-4.68188
-1.58734
0.33841
1.16019
5.98655
1.13703
-2.79579
0.769182
3.50948
-1.67078
-2.00561
-2.62082
0.813781
-2.30866
-4.86973
-2.48094
0.359603
0.578589
-0.391648
-1.15767
3.90554
-2.05561
-3.58926
-1.52947
-1.12726
1.03042
5.80769
-4.22562
-1.74923
-1.44246
0.745327
-2.2128
2.20211
-5.5484
-5.68447
-2.83551
4.7084
-5.48407
1.74709
-4.43464
-2.02276
-3.8914
-2.37402
0.176641
1.30572
-0.948006
0.10851
-0.0146724
0.672923
1.55823
-2.31412
-3.12897
6.28596
1.07058
0.350434
-0.0821072
-4.13246
0.355791
-3.50654
5.95903
-0.697589
-2.91074
3.08642
1.39296
-0.854234
-2.37499
-3.42564
-1.22814
-3.35517
9.14516
-5.87044
0.223754
0.953198
4.60054
-4.33664
0.0676564
7.89084
1.93808
-3.83723
4.69156
0.23353
-0.48831
-0.986094
0.756361
5.1409
-2.53231
-0.112501
-5.38308
-1.97931
3.68993
4.63111
2.7785
1.19572
-0.702995
4.78831
-0.629563
1.9144
-6.52907
2.239
-6.33977
-0.146634
1.33901
1.64548
0.731714
0.53086
1.5831
-0.795444
-0.493784
-3.52693
-0.226095
-1.64921
-2.32496
0.397832
-2.95494
-0.587512
1.84958
0.919508
-3.98332
-3.25877
0.996515
5.27848
-1.80064
2.05072
6.88701
2.88076
0.57902
1.66805
0.922986
2.29677
5.96048
-2.21114
4.23778
6.25356
-4.69715
-1.03256
2.15417
-1.85584
-4.05225
-1.10394
2.02708
-3.48117
0.414045
3.62066
1.69004
4.16877
6.37224
3.45471
-3.69498
0.361903
-2.23337
0.614932
3.45043
1.62318
-0.529336
1.76238
-3.44855
3.4088
0.805644
0.620255
0.0048837
-3.52854
1.26727
-2.62199
-3.77266
0.00449715
-3.63602
-1.285
-1.06599
-3.39649
1.90357
0.674284
-3.56431
1.55793
-1.47446
3.27387
5.40472
-4.26545
-1.6854
1.72871
-1.63603
0.3861
-2.32867
-0.759824
-3.75591
-7.40604
0.885682
2.94783
4.32374
-3.68558
0.306037
-0.437958
1.9189
-1.8371
1.39362
2.38094
-3.05793
5.72583
4.87931
0.557357
-2.78678
-2.26803
0.505078
4.85187
-2.19639
2.79343
5.42789
-0.736753
6.15084
-0.656601
1.67463
-4.20458
-2.45014
0.280672
-4.99376
-6.62517
-1.38146
0.00708725
3.91146
-4.80781
-0.138561
1.39662
-0.440982
-2.82375
-1.38755
-1.86538
3.59008
5.91421
0.0491516
-0.779925
-4.17175
0.316326
-1.30978
-0.141577
-4.56491
2.73241
-0.969094
-0.84724
2.24088
2.75304
2.48884
2.807
-4.22213
2.92725
0.176265
-3.15151
-3.59093
-0.51662
4.54045
-2.736
-2.3123
1.99804
0.165208
1.63333
-4.01623
-2.26032
-1.33563
-4.68946
6.01569
0.224476
0.431071
0.19886
-1.59971
-1.20393
-3.61822
2.15328
-6.51836
-0.512383
-4.26257
1.02966
-1.92888
-1.69452
1.31114
0.348287
2.28131
4.31706
-1.44947
1.61338
-7.67639
-1.61414
4.42441
-5.22752
-1.38438
1.52827
-2.62611
-0.699151
6.3143
0.43506
1.55906
-1.26118
3.86001
-1.11098
-4.98656
-4.19131
-5.26119
-5.28809
2.14279
-5.61779
1.4558
0.321323
-4.22629
3.65922
-4.74003
1.29598
4.31293
-1.7753
2.36476
-1.0921
-3.98291
-1.94614
-1.72968
0.336704
-1.39521
-1.95835
3.23093
2.33678
-0.301178
-2.3131
2.84336
-2.9749
-2.78932
-2.91786
-5.1193
1.85576
-5.4357
-1.34684
2.2496
4.31631
0.99075
0.267423
-0.944421
-1.42575
8.07665
-2.35435
4.21996
0.985164
8.38403
-0.4563
0.693571
0.531082
-0.452715
-2.53207
-3.14878
-4.30481
0.970584
-0.879774
-2.0743
4.30276
-4.16374
-2.32261
0.230218
1.46327
-2.32078
0.61742
1.86167
-7.10377
1.28302
-2.25302
-0.707952
-4.16946
-1.6408
1.73752
1.2838
-4.95422
-1.21608
-0.901847
-6.21151
-0.777319
1.44035
4.18887
0.586606
-0.552119
3.73588
1.6056
1.32609
-3.2191
-2.29782
-2.16182
2.86136
3.47514
-2.60004
1.91844
2.71967
3.91943
5.29279
1.21408
0.885346
2.04165
0.638913
0.867873
-0.58349
0.695704
-0.0216882
8.25464
2.45187
1.57198
-1.11874
2.00819
1.16715
2.21058
-1.23228
-0.848383
3.07375
-0.724008
-1.19209
-0.205631
-6.65661
-4.8117
0.84541
-6.01408
-5.1862
-3.26803
-3.03033
3.00735
-1.71772
-5.52516
1.83074
2.03041
2.62164
1.5748
1.37282
0.631639
2.43745
2.36631
5.69583
4.47962
-0.510862
4.99944
1.03671
-2.54967
-0.571268
-2.39518
-0.863115
-3.84562
-0.159593
-0.0592698
0.144153
1.5139
-0.840068
0.0753347
3.29712
-2.64199
3.6613
4.08315
-1.88504
0.940941
1.95737
4.16046
2.13042
-2.05563
0.26011
2.42122
-2.62682
1.82033
3.41225
-3.03111
1.50176
3.3476
2.71443
1.86587
-6.96524
-3.3857
-5.52437
-7.01567
0.576964
2.5569
1.18609
1.74444
4.65621
-1.55023
0.0290928
-1.96272
1.90257
-0.255838
-0.681998
-2.97072
3.4889
-3.91228
-3.73947
3.07431
-5.75221
-2.9753
1.6393
-0.0696436
-2.97007
0.571422
0.452586
-4.16387
5.8059
1.70588
-3.63801
2.05482
-1.52705
5.98755
0.00525307
0.660519
1.86649
-1.49888
3.17636
-2.26836
-2.24507
0.477926
2.61545
-0.0924595
-2.70803
-3.8572
1.22763
0.906808
7.53909
-2.62553
3.14952
-5.02236
-1.86504
0.381209
-1.78129
-2.06697
0.0725992
4.44305
1.24482
-5.21275
-0.020978
-3.3487
-3.08465
3.36393
1.07357
-0.60218
0.134084
0.910441
-3.38467
0.0265085
2.18231
-2.41641
0.642475
0.590517
1.9453
4.64668
-3.73083
-0.37333
-0.587698
2.87761
3.4453
1.30398
-3.06415
2.47241
0.901636
-1.58855
3.82991
1.68476
4.29356
1.66306
-0.73151
-9.08537
6.94845
1.84168
-3.78772
-4.26382
0.84724
6.09384
-2.44665
1.40401
-0.331077
-1.45745
4.77563
4.14576
0.389463
3.06944
0.293354
-2.0042
-4.68641
5.64791
-2.19237
-0.262487
2.40717
2.01973
6.77348
2.14476
4.38255
-0.375488
1.49969
-1.23509
3.08909
6.83627
-1.70533
1.05063
-2.7369
1.28521
-3.64065
6.01557
-0.599809
-2.96501
-0.513206
1.19896
0.309231
3.42404
4.47163
-1.6602
2.79903
-3.08184
-0.926661
3.66151
-4.9549
-5.92706
2.61548
2.48212
3.73005
-0.244693
0.691318
2.17868
-3.95971
-1.4845
-6.93714
0.616216
7.16714
0.659223
-2.50508
-0.523405
-1.58563
-0.28268
0.341122
-0.693202
5.54541
-5.0941
0.417466
-1.4993
5.26701
-5.10069
1.65632
-2.95265
1.59534
-6.55344
0.108513
0.206373
-0.819799
-2.47103
-7.46174
4.46516
-2.67189
-0.0828971
-2.78269
-2.23852
-4.65485
1.68304
-1.13076
1.3847
1.26452
-1.61413
3.32059
0.686055
-3.79315
1.36575
-3.424
-2.03017
-2.00198
0.914372
-2.1095
-4.16487
-4.12014
-3.91063
0.272506
2.4532
-4.83935
-8.07563
-5.60845
-5.10233
-1.83437
2.73198
-1.91904
-2.84335
-2.13793
-1.75478
1.84457
3.3934
1.48914
0.426438
1.85716
-4.28227
2.59598
2.78811
3.77053
-0.836033
-2.57282
0.836901
2.20471
1.74181
-0.192645
0.890938
-4.24684
1.42708
1.08056
2.92123
-5.45747
3.17738
3.15883
0.91195
-1.90282
2.48564
8.88539
0.51906
5.67141
-2.33106
-0.527033
-2.73347
0.377756
-2.38389
2.97636
-2.28881
4.17465
-1.64018
1.77407
1.4444
2.66105
-0.137964
-4.41888
0.254189
0.448544
0.44619
-0.735686
1.50969
-0.909724
-1.45935
2.48171
1.75762
-0.988547
-4.73457
0.583127
-3.39192
-3.24484
-4.26446
0.704326
-0.537822
-4.19305
0.706488
2.84833
1.1027
-4.71138
-1.39044
-1.96558
0.00921645
3.13014
3.61861
-3.02141
2.43869
0.967519
3.76498
-5.38517
0.41105
-0.410675
3.87322
-4.8225
-3.36401
-2.02548
-0.718578
6.81609
-1.01306
-4.92276
-0.309861
2.30296
-0.608348
0.833003
-3.05204
3.39045
1.33582
0.638095
-1.88093
-2.661
-1.97994
-1.30162
-3.46188
0.712957
-0.0288938
1.80277
-4.66123
0.493016
0.955921
-0.529746
-5.88677
-2.79128
-6.85818
-2.00887
5.27481
-1.0305
1.92712
-0.866508
1.37712
-1.4617
-1.77083
0.943381
3.21441
0.127808
2.73284
-3.22658
-3.32771
2.10089
3.87192
4.18361
0.0288381
2.23381
1.15307
-3.67553
-3.02773
1.05003
-1.97307
-2.81895
-6.23039
-5.9025
2.70085
2.38977
6.86154
-1.25561
4.9367
0.0496273
2.22248
-0.284456
3.43718
0.435712
-4.80239
2.62875
-3.89373
-1.49228
-1.6126
-3.34472
2.74458
-0.82314
2.42966
2.6478
1.11445
-2.57352
2.06304
-0.589296
4.7577
0.177813
2.89928
-0.445529
0.509048
2.57928
-2.09374
3.67394
2.59785
0.575225
-7.59787
-1.70829
1.80845
-1.76847
0.310217
-2.05494
-1.19282
-0.630703
3.46436
-1.57923
2.14403
2.52448
-2.08897
-2.90167
1.16311
3.81215
2.15433
3.8172
0.58379
-1.62604
-0.0958491
9.30457
0.34764
0.45046
-3.97606
-1.05181
0.243116
0.0909246
3.20775
-0.490428
-9.66607
0.0081181
-0.292331
-1.2323
-2.59349
-1.71074
-3.38154
-4.04474
1.22713
-0.410423
-2.86935
-1.39161
-1.31824
1.32744
1.93479
-0.956451
1.45106
0.246209
1.35396
-1.19105
-3.95952
-4.68614
6.33524
0.266222
4.74582
0.0906219
3.32198
-4.32705
-1.23828
5.21816
0.510762
-2.49525
5.97349
1.54843
1.51267
0.270411
-0.904919
4.02552
0.488202
0.0180393
5.11469
-0.889935
-2.6568
-0.657775
-0.523334
0.579337
-0.596585
2.00517
-2.50647
-0.845564
-1.32356
1.98427
1.24961
3.80471
-4.44613
3.74787
-2.49066
3.30403
-0.51133
-1.96583
-0.0321574
0.025936
1.09326
2.16022
-2.56178
0.159117
0.77514
-2.07953
-0.732422
0.576159
-2.48025
-0.628957
-5.29453
0.812258
-0.337556
-1.50917
-1.9597
-2.51973
0.53064
0.174338
-1.47896
-0.687999
-0.550052
-0.67894
-1.53908
1.50839
-0.194271
1.64686
-8.11541
-4.14061
0.707578
2.02017
-3.4645
3.22008
2.90557
-0.288921
-1.01334
1.72863
1.08771
-5.26198
-0.670814
3.6031
0.413898
2.56793
0.775183
-0.166754
-2.7811
1.09669
1.36759
-5.17535
-1.65673
-2.24115
-1.11773
-0.521686
0.475743
1.92606
2.12227
-3.12771
-1.36096
0.553713
3.0654
5.24828
-3.55817
0.864576
0.165074
1.75569
-1.13422
2.98244
7.42271
1.62816
9.37977
2.92517
-3.4519
-2.54051
0.208526
1.97535
-1.38497
4.82237
-3.00071
0.0617864
4.402
-3.37501
2.75126
-1.11812
-0.239659
3.49525
1.10678
-1.17756
1.56602
-4.19304
-0.0668948
0.0770038
3.74785
-0.00812551
-2.56641
7.0271
3.66601
0.183081
-1.44764
-6.44452
-1.48383
-5.13557
5.06952
5.28045
8.34379
-6.49255
-1.41863
-0.768799
1.28588
1.55206
-4.6762
-1.3704
0.94201
7.89662
-0.0674818
-4.53729
2.75102
1.43762
3.40147
4.89035
-0.993745
-1.07591
-5.03234
-5.55602
3.68273
-1.8058
-1.55659
-1.90046
1.73138
-3.26085
1.73157
-0.0561185
3.38103
1.80382
1.90643
-0.433157
2.91812
-2.2206
-1.82165
3.32472
6.13294
2.46516
-1.63968
3.1002
-4.76457
-2.77793
3.6333
0.717705
-0.545457
1.38809
-1.75457
-0.800161
-3.39812
6.35367
3.12156
-1.63058
0.242845
-0.0114587
0.426124
1.44049
1.45278
3.37265
6.03252
8.01628
-0.489295
-2.57242
-0.865119
-0.0101758
-5.15429
1.44584
-3.25412
0.44442
-3.49309
2.05543
-0.804728
2.34158
0.0245517
2.40752
0.907648
3.32388
-0.512164
1.96845
4.12484
-4.79811
-3.45149
-0.552939
-1.82629
0.686102
1.48856
3.16209
3.77181
-0.511761
-0.548465
-0.22022
-5.70194
4.61215
1.69765
-0.587489
-4.63828
2.17519
0.0928373
-0.514653
0.672755
0.208006
-1.20501
-2.15058
1.99761
0.454566
1.46202
-0.359028
-2.25653
2.34607
0.746851
0.759995
-2.24939
1.00497
2.80327
-5.08281
-0.797647
5.31381
1.63194
1.81815
0.499314
0.125813
-1.30449
1.7263
-3.25593
0.40521
4.98396
0.23094
1.23223
-2.79839
0.0189399
4.88012
4.35772
2.84408
4.17899
4.10046
1.46909
-5.92689
0.715144
2.50272
-2.13103
3.52955
0.183084
-0.81776
3.17301
-4.53886
2.9206
1.20025
1.69096
-2.27838
2.7542
-2.27542
4.0619
3.13554
-3.94437
-1.66749
4.96369
-0.185786
3.26614
2.23819
0.811841
-0.147554
-4.35612
2.21092
-3.57619
3.44233
-5.07652
-2.69108
1.58377
0.972499
-2.41383
-4.26011
-0.355143
-4.97476
-0.463214
0.734973
-2.26465
0.155631
-2.04722
-2.25977
3.61776
2.42319
-0.593304
1.10226
7.78178
-2.24583
9.03165
5.44778
-5.21392
-0.973714
7.14432
-1.02897
4.53147
3.06158
-1.1207
-0.00628105
8.89072
-6.34623
2.37168
-7.46486
1.02016
-2.63398
-1.74991
-1.456
-8.35145
-3.04729
0.243926
5.74267
7.42382
-6.1652
-0.70373
-1.09501
1.56322
-5.05268
1.48126
1.78456
-0.321891
-2.21093
0.370156
2.00572
-1.61702
-0.650324
-1.75413
-0.444084
-5.97126
-4.13611
1.52125
3.08315
-4.04312
-4.01993
-7.9519
-0.395193
-0.210261
-0.601948
1.47238
-1.13453
-3.66141
3.83695
-2.94054
-3.35439
-1.00895
-1.85194
3.75556
-1.36604
0.994178
-1.79202
-0.163039
0.326001
0.291844
-8.62584
0.933776
5.54813
-2.95607
4.33878
2.52232
0.852886
3.66187
4.61112
-2.18299
2.96724
4.30106
-1.58924
0.820184
2.18753
1.3707
-0.97049
-4.66433
-4.29869
-1.80184
8.29292
-2.28193
1.24155
-1.73695
-1.4627
1.76512
-1.08822
-0.707902
-1.76651
-2.72513
2.17371
0.279194
-5.61891
-0.157762
5.04773
0.302924
-1.32318
0.925308
8.48236
-2.13665
3.29514
-3.34644
1.28456
-1.67593
-0.0835787
1.13591
1.14666
-5.09706
0.453749
-2.67133
7.11733
-2.18308
2.34609
-4.02345
-2.07004
-0.168202
5.05963
-1.02065
-2.40396
4.01873
-0.102638
0.561427
1.23765
-2.14361
8.16545
-1.95001
3.14464
-0.512413
2.78384
2.11132
2.33745
5.15653
3.61655
0.139198
-1.99046
5.47021
-3.761
-1.43114
2.1458
-0.580491
-3.23026
0.687779
2.1707
3.44147
-0.387911
-3.66832
0.634565
4.12932
-2.87989
2.25151
-2.0738
6.25356
1.30299
0.644415
-0.62614
2.54846
-3.56718
-1.55379
1.57002
-0.25721
1.05291
-0.051102
-2.96922
4.69347
2.85414
6.32756
2.73636
-0.355168
2.55044
3.28228
-1.75902
-3.98219
-5.82412
-2.0894
5.05788
-0.195252
5.23637
1.84243
-2.36985
0.769684
-1.03178
0.488661
-5.59653
-2.03486
-1.39188
2.00461
-0.149875
-2.69392
0.765683
-3.02075
1.59573
1.31458
-1.50489
-7.58853
1.03406
3.56902
-1.39663
-1.14059
-5.37478
-1.56949
-3.12216
-2.76042
-2.94144
-0.926283
-1.48588
-2.8413
0.967291
1.28046
8.93535
6.35903
-5.76844
3.35794
-2.60586
-0.6442
-4.85788
3.20479
1.39873
-3.80754
0.63344
-0.920107
-3.26307
-3.37925
0.282877
-1.41121
0.663784
-3.95156
0.533964
0.813921
3.02874
3.01422
0.179328
-2.01023
2.06341
1.83438
1.30503
-4.2773
1.06289
5.7033
-4.04883
6.41543
4.28153
-0.381833
1.7761
0.334227
3.39652
0.397662
-6.71258
-5.27968
4.94921
-4.72009
1.52467
-1.4133
-1.80085
-1.47192
-0.815621
2.01145
-0.515747
1.74828
0.421288
0.218027
6.20703
-6.40705
-0.734293
-0.0801788
-2.30866
-2.45555
-0.217071
0.980067
-6.03689
-8.80898
0.046329
-1.68754
-1.44612
1.58669
-1.39128
-3.49185
-5.89806
2.63967
0.312385
-2.68457
2.82663
3.37875
-0.0344121
-0.877094
3.05172
2.37993
2.69971
0.819454
-4.38546
2.92781
0.135202
2.1449
4.46479
2.92419
-4.42563
-3.83902
3.77885
1.94166
-1.37093
0.238837
0.950982
2.53394
0.974438
2.13164
4.68675
-0.474275
4.09342
-6.95552
1.14699
0.199506
-2.22691
-0.250305
0.745771
-2.91156
0.926082
1.8942
-3.07157
-2.73997
2.38011
-1.51063
-1.40454
0.634492
-2.09993
-2.82909
-2.17045
-2.63626
3.65277
-0.59465
0.138537
-1.05642
-3.47596
-6.09121
5.30111
-1.40457
7.11952
0.520356
1.10794
-0.922527
-1.12141
1.99617
-2.9218
-1.23651
4.36798
5.2066
-1.51793
-2.87035
9.37329
0.13523
-4.70381
0.898817
-2.64369
4.21963
4.51004
0.398727
1.18393
-1.56616
-2.4354
-0.720566
-1.39093
0.81768
2.48243
3.79786
4.6107
0.690559
0.47197
-2.96962
-2.33506
3.53831
4.04212
-1.81321
-0.222687
-4.32459
2.53257
4.08257
-1.5661
2.23821
3.36507
4.23229
-2.79085
-5.50323
2.33644
-1.95485
0.658001
-1.31514
2.0263
-4.92735
-2.00799
3.47295
1.21468
-2.74434
2.80823
-4.91615
2.29176
1.27949
0.647496
-6.59256
-6.33201
4.88916
6.51603
-0.906813
0.433375
6.80012
2.04997
-1.11744
2.81914
3.13569
0.282003
0.237748
-2.24155
-3.6806
3.53931
0.115158
3.83015
0.322843
1.30523
-2.2969
-0.991498
-6.15889
1.91047
1.56714
0.315161
8.17009
-2.42272
6.05418
7.30303
0.369056
-0.231832
4.96897
-4.3619
-2.45578
-1.09065
-0.566099
-3.40028
5.12134
-7.07367
-2.8695
0.694436
0.632454
-0.32487
6.85799
-1.32174
5.02076
-5.6819
1.1486
3.05501
-4.37862
-4.00874
1.63365
-2.2365
-0.751962
1.49123
-0.609715
-3.22402
-2.45772
-0.695455
0.284242
-2.28954
0.0304838
-2.9627
-4.25003
1.73311
5.18042
4.27418
1.98888
-3.31661
2.94135
-3.72607
-0.402546
1.913
-1.70197
0.049395
1.20975
-1.14335
2.50361
-1.36181
-6.10851
2.38969
-0.394622
-1.06921
0.173159
3.36277
-0.688939
-4.31831
-3.66673
-0.484851
-4.75946
-5.44498
-3.45426
0.0155029
4.7882
-4.99031
5.12813
1.08324
3.42631
-4.66199
-2.88751
0.418006
2.57112
2.98518
0.701984
2.01058
3.17738
2.39411
0.443322
0.73767
-0.853819
1.45547
7.34514
-3.15739
-5.80513
-0.853462
-2.38898
6.1592
-2.46254
1.43803
-0.907403
-0.11349
-1.07911
-2.91071
10.392
-2.89688
-3.49785
-3.81009
2.62901
-2.88082
2.06147
6.9543
2.0891
5.04827
3.48044
3.3996
1.90786
1.5537
-2.67934
2.89738
-5.09156
1.02191
1.10382
0.136419
3.67986
-2.94648
-3.4388
3.7577
-0.913074
-2.43575
6.05818
-0.146849
-5.0856
1.1363
4.22421
0.279567
-0.27267
0.458554
0.435888
10.2093
4.62659
4.21246
-2.71567
0.626726
-1.1556
3.06695
10.0251
-6.82085
0.632987
-6.53691
-2.11358
2.15935
-5.04911
-4.58097
3.30433
-2.82452
-3.06392
2.11479
-6.95623
4.16264
2.41149
-2.05086
-1.1463
4.93536
3.50762
-3.41902
3.87349
2.66617
0.516275
0.866863
-1.22708
-2.00608
-4.28788
3.9787
2.01132
-0.290166
-4.62746
1.6565
3.59219
-2.23501
-9.17127
1.69066
0.857532
-1.95514
-2.902
-2.26538
-1.95337
-3.21077
0.240156
3.54313
1.15962
-3.89188
-2.22662
0.445033
1.97478
6.10758
2.36119
-1.23765
5.88626
2.80971
-1.46457
4.64944
3.37341
-1.47008
4.384
1.80675
2.23619
4.08821
1.0191
-0.111881
-1.25932
3.42113
1.52628
-2.7221
3.28507
-3.16712
6.05159
5.04424
-3.56945
0.228427
6.57573
-1.14866
-5.65104
2.58614
-4.49164
1.83122
1.44955
1.16304
-0.676809
-3.46252
5.73635
-1.81603
6.63602
2.16123
-0.885043
-3.11871
1.90897
2.56029
-3.54973
-1.94459
1.2824
3.32091
-0.34048
2.53831
-0.303551
-1.27123
2.07244
1.83269
-1.64074
-0.734687
-3.15135
-0.583289
8.8527
0.0612601
-1.35262
1.61546
-4.63416
-0.283484
3.64856
-1.51313
5.18363
0.0845585
-1.7378
1.57737
-2.76395
1.27751
-4.77446
-3.30643
1.16753
4.68853
-2.48628
-4.03332
2.83321
6.898
2.57153
3.76193
-0.578627
-1.11868
-0.00694855
8.514
3.28577
-1.41183
-5.07124
-0.895309
0.153659
1.76933
-1.91597
1.79352
-4.55353
-1.10242
0.937963
2.36911
-1.57379
1.96644
7.1126
-2.16797
-6.11924
2.74481
3.83513
-2.29629
1.33745
-4.72762
-2.01201
1.43083
0.397258
-0.0127443
-2.69985
-3.24489
1.74551
1.72069
7.70613
0.502027
-1.27483
4.2138
-2.31463
-1.55833
2.42511
6.26289
-5.33794
5.97043
-0.432396
2.7266
-2.86969
-0.907563
-1.01861
5.0079
-1.98866
0.897526
2.48339
2.16797
0.83552
3.92723
0.708132
6.2439
1.79988
-1.06101
0.679728
1.97638
4.5733
-5.13194
-4.59778
-5.39509
0.870713
-5.81798
-0.45152
2.99481
4.83395
0.642361
0.347215
-2.00839
-2.59899
1.47299
0.335737
4.71818
1.21531
1.00765
-2.48456
1.26461
3.69891
7.9305
-0.826998
1.96905
4.74081
2.42711
1.08869
1.0417
-3.54754
-0.897757
-0.772709
1.98931
-8.05451
-1.50031
0.885751
3.99323
2.01641
-0.948334
1.61445
-1.32258
-7.87004
3.96936
-1.34047
-4.06444
-2.05473
-2.25297
-0.480631
1.62139
1.06726
1.93075
-1.49029
1.16466
5.26374
5.16
-0.874254
1.28855
-5.30596
-2.37109
1.75532
-0.4522
-1.12595
-3.42622
-0.825677
-4.74102
5.07458
-3.31706
0.0474453
2.21962
0.133403
0.289721
4.33299
-0.980835
-1.48602
0.796772
2.3758
-1.55481
-3.48547
1.72302
1.46537
-5.15927
0.631781
-3.04683
-3.05954
0.179564
-1.13985
0.717102
-0.962417
-3.21293
5.76488
1.31193
-0.897441
-1.56344
-1.95332
2.01014
-1.01368
1.92471
4.06593
3.54326
1.22129
-5.26687
-2.32916
3.32943
0.567622
-2.62181
1.08444
-1.33111
-1.33134
1.27956
5.86937
-2.15695
2.35088
0.222751
1.00883
-0.700905
2.17617
-0.984483
4.36117
1.50442
-1.10224
-2.20151
3.61833
-0.80131
-3.22235
1.41857
8.06725
1.94464
-0.197258
-3.35359
1.20139
-3.47495
0.181531
2.13377
-3.59556
0.50375
-2.23821
6.37575
-3.01602
1.76315
4.73132
-0.799401
-2.23396
5.60945
-3.09778
-3.38209
-0.24854
7.55392
-0.0359988
-2.25915
1.04215
1.31512
-0.188346
-0.451721
4.69505
-1.05254
5.5007
-6.14055
1.84495
0.87485
-0.880882
4.58997
0.625662
-3.00769
3.39511
-3.007
-0.379336
-7.14945
7.9036
-1.06609
2.92513
3.29623
-2.64251
-4.09154
-2.02976
3.05732
0.953
-3.44618
-2.24835
3.11378
0.668623
-2.42489
6.55916
4.29257
0.105254
-6.80203
-1.07956
3.95237
-3.52933
-7.13595
0.59704
5.25489
2.74867
2.28547
-3.15367
0.458369
-0.311697
3.16392
-2.55966
-3.66148
-4.92205
2.5709
2.96838
2.34363
-3.06922
-2.19612
3.15154
2.17471
6.15173
-0.533416
2.58531
-2.58362
-1.26997
-5.26227
-4.42408
0.752431
-2.09307
-4.25073
4.82404
2.07422
0.0959478
0.775025
1.21851
0.453819
1.53023
3.20923
5.2159
4.74726
-2.75464
-3.47912
1.65726
-0.689851
-2.36927
-1.9381
-6.40942
-3.19243
-0.901076
-1.86975
0.174849
4.06438
-0.517751
2.89189
3.18815
-0.859888
1.06491
-3.86429
4.03108
2.01463
5.38753
-3.46244
1.5361
2.82957
2.29064
0.768046
-7.66932
-2.26901
2.48271
-3.52985
6.18775
-1.89236
1.92778
2.09412
4.18015
5.46629
-1.03221
-0.126367
-9.86576
-4.63753
3.44598
6.30368
-1.26878
-6.05785
-3.5388
-8.45109
-1.43515
-2.40553
7.62636
2.17825
5.12554
0.148422
-1.25885
1.76522
2.65419
-3.30083
0.499918
0.159734
1.19011
-2.01644
5.30659
-0.644319
2.75103
1.88503
1.93363
4.22475
-1.45165
-1.70681
-1.62271
1.84174
4.28352
4.55402
-1.55352
-5.44852
2.41656
3.86481
-1.55591
-2.88854
2.92966
-2.48371
-5.98627
-4.61867
3.62441
2.72888
0.586205
-4.65618
1.21036
1.99627
6.57367
6.95482
-3.40893
1.72834
3.3896
1.38973
-0.0492803
5.74257
-2.31121
-1.80159
2.42965
0.11392
-1.56677
-0.802377
-1.37861
-0.590196
-3.83919
2.3656
2.52639
-0.0632363
-1.36596
-1.88119
2.73176
-2.29786
4.29714
1.18851
-0.518775
2.01375
-4.92067
0.310982
2.48153
-1.65573
-0.585213
1.26054
-1.72381
-6.01018
-2.59948
-9.43375
0.76421
-1.71042
4.39054
1.75219
-1.36372
-1.96655
0.601124
-4.29459
-4.00357
0.64992
-1.96646
3.16538
4.41176
-1.8901
-0.922076
3.55384
1.46283
0.100687
3.39319
-0.202415
-3.77612
4.96789
-2.17253
4.28883
3.78618
5.82969
5.75772
2.31843
2.93929
1.39853
0.442084
-1.11408
-6.13068
3.08897
1.77678
0.620651
-0.166023
-2.12938
0.145722
-0.0045908
-5.95672
-6.26882
-1.54747
-2.63555
1.07975
-2.00883
1.79994
2.61679
-5.96772
2.95314
1.80631
-1.97319
-2.33987
4.74801
3.07983
-4.88644
2.38525
-1.14618
1.12038
-1.00197
4.36651
5.36927
-1.18776
-2.39586
-0.422383
-1.47503
-1.74939
0.284719
2.53716
0.263788
2.14649
0.473075
0.00670757
-5.63548
2.82124
3.14067
6.60728
-4.50233
5.7
-3.18239
-5.84572
1.23835
1.1717
0.354707
-4.68227
1.27908
1.83426
-1.8285
1.58975
-0.835937
-6.4842
-0.481243
2.32295
-3.21822
4.18421
-0.106877
-0.67972
3.02399
-0.20918
-2.81232
-3.94635
-2.81705
0.136799
-0.0445164
6.0359
5.25922
-2.05598
6.46682
-3.30019
0.543224
4.13058
2.96283
3.96257
5.05828
1.32368
5.12613
1.06376
-0.313797
0.627967
5.51766
3.6372
2.07832
4.27734
-5.94414
-1.40621
-5.45998
4.11348
3.69154
0.393877
-0.109284
2.38731
-6.43705
1.22118
-1.44505
3.08071
-4.84898
3.74477
1.5602
2.12634
1.69875
-6.40948
-3.87793
-3.38713
1.00699
2.07174
-1.31355
2.09792
-0.12235
-3.50334
0.919782
1.47062
5.45876
3.37045
-1.35806
2.72676
4.02821
-6.18249
-2.70819
-3.97652
-1.07426
3.25782
1.12307
0.751827
-0.767503
1.10655
-1.53294
0.323397
-0.152123
2.19751
9.74892
-0.83766
-0.349691
4.26969
0.0293377
2.18823
3.8717
-1.68954
-1.45174
-2.1334
-0.682747
-1.99023
-4.58423
-2.795
-0.89706
1.4721
2.41725
-0.0848206
-0.272496
1.81764
-0.806288
0.204368
-2.90602
2.61429
1.4152
-0.0868366
-4.38725
1.73759
4.1797
-3.70313
-1.81005
3.03272
2.32647
-1.37435
3.48587
2.9418
-0.209889
-3.32085
-0.325073
-0.228285
-9.79096
-0.551864
1.69984
2.30134
-0.846773
-1.65312
-6.51282
0.164562
-4.13675
3.6578
0.0443375
-0.838236
-0.475485
-0.5859
2.60189
7.73207
-5.58963
-3.00653
0.0558276
-1.99118
3.26122
0.329024
1.12794
1.29122
4.35375
7.33491
-4.17228
1.206
-1.00541
1.90631
3.55819
3.97475
1.74662
-0.614802
-0.667152
-4.32513
-0.759888
1.14431
-5.33328
0.666272
-2.08297
-2.71895
7.57464
3.23696
-2.91584
1.33982
3.92784
-5.91332
-3.30502
1.96829
2.98238
-2.69051
-0.0630603
-0.352214
3.04134
-1.65178
-1.377
1.23588
1.18422
-3.6135
3.86619
3.37461
-2.95846
-1.9403
0.157418
1.41887
-3.16864
2.69388
0.116487
-0.393752
0.631736
1.37141
-1.47182
-1.57586
-2.95211
1.48654
-1.32433
0.752557
-0.940957
-0.769853
-3.24157
-0.667995
-1.10453
-4.16867
3.04128
2.72155
-3.59007
-2.87545
7.94937
6.23275
-4.2941
-1.25709
2.9203
-0.349563
1.26195
-1.3729
0.939384
1.7306
1.44839
3.32413
-0.00287898
-0.141419
0.326799
-0.110316
-1.16349
-2.66536
0.331875
-1.04516
0.971597
-4.08448
-0.934747
1.24463
4.59105
1.96149
3.39684
-4.67095
0.47376
-2.46391
2.35432
-2.78755
-1.14663
-1.91614
-2.47412
0.986725
-4.98851
5.78911
4.07111
-0.795078
-5.449
-6.16876
-3.60977
-2.92017
2.34288
-0.401714
0.548366
0.795017
-4.9746
-3.28836
0.228385
-3.92955
-4.0425
5.31361
-3.67326
0.199471
-4.93392
-2.40201
4.32136
0.926091
-0.10345
0.433262
0.936963
4.20327
-0.0338155
-5.84659
-9.09983
-6.26777
1.46684
0.902537
0.190158
0.187464
-0.208457
-6.28935
2.12048
4.04839
3.11706
8.72888
-0.940018
-3.27466
1.7175
-4.64632
3.83225
2.07214
1.61327
2.99182
0.89416
0.799565
-3.78524
-3.83402
-1.0402
1.97772
-0.276816
6.23214
7.59633
-0.12482
5.02091
0.162842
2.10399
-3.61081
-1.90846
0.168595
-2.04973
5.50649
-1.65414
-3.37435
4.49437
0.928138
4.459
-1.12803
-0.236003
0.359554
-0.202606
-0.602886
-1.01292
0.382255
6.1808
2.45876
-3.96515
2.75836
1.97564
0.0668927
1.36301
-1.05465
-0.332103
3.48634
-3.2247
4.62413
-4.61287
-1.66691
-1.707
0.664188
3.11236
0.710014
4.53561
1.88433
-2.21663
1.83631
1.81276
1.28553
-0.885376
-1.05626
-9.2151
4.01961
-0.339835
-5.9341
2.42128
-5.41251
1.16648
-0.106769
-2.87809
0.661121
0.221608
1.7317
-4.13782
-2.11048
4.20485
4.62137
1.01697
-3.38272
1.40097
-2.02717
-0.449389
0.0828122
3.75279
3.82035
-5.63817
0.34661
-2.23869
5.43289
-5.77797
-1.02521
-4.06829
-3.83376
-0.761948
-0.0730377
1.08809
-2.40808
-1.45617
-3.99203
-0.461268
3.40185
0.231362
-2.3449
-3.83531
0.0389158
7.9729
3.35023
-1.39093
1.69873
-1.88603
-0.582995
1.46665
5.73861
2.12858
-8.01632
2.73182
-0.307462
-1.49632
0.220933
-5.49596
1.77654
1.05043
-1.19917
3.7007
-5.03883
-4.10303
-5.44228
-0.758115
-0.77397
-1.09206
-1.53805
2.69327
-2.10675
6.05583
2.47507
-1.8141
-0.385883
2.21215
-1.59227
-1.61138
-1.56856
-2.70536
4.00111
5.4173
0.67581
-1.27548
2.31482
6.73319
-3.89873
-4.70237
1.67774
1.64831
2.04036
-2.58883
5.98245
1.06375
1.89092
0.941609
0.987504
3.90223
2.38596
0.845331
1.18227
-0.086246
5.06866
-1.5835
2.52496
-1.40451
-3.52335
2.76387
-1.67144
-2.42487
3.03435
-2.29253
-1.20571
-1.53449
-2.10948
1.56569
0.803831
-6.36003
2.29133
-0.79018
-1.68877
0.373084
-1.08801
-3.82485
-2.59278
3.39641
3.40012
-2.75435
-1.42232
4.00463
-1.64138
-3.59795
-1.90473
-0.621129
-4.2622
0.139564
-1.7306
-5.24832
0.228869
-2.05951
-1.07915
-0.268285
-4.55232
-4.04471
2.17644
-0.330783
3.21035
-1.26916
1.02842
5.353
-0.857008
-4.90794
-3.56675
3.80118
-5.83598
-2.21553
0.11349
2.58649
-1.46755
2.2909
-0.546721
0.163943
-4.57552
-0.0709042
-0.970527
-1.80427
-2.16406
3.59649
-1.39309
-0.769154
1.37804
-3.63034
1.20651
-1.74478
-2.41076
5.5576
-5.35825
0.0902802
-9.89764
2.75937
-3.14799
0.382463
3.51821
2.6888
-0.992522
0.749291
4.51311
2.66319
-2.56486
4.90114
6.39618
1.353
-3.33544
0.616194
1.8309
-4.50713
2.25451
3.90219
-3.14581
-2.624
-1.16321
-1.14144
-4.35148
2.37569
-2.0246
1.02519
-5.27638
2.9539
-0.365465
-1.97203
0.538776
-1.50294
-0.833868
2.66293
-1.51505
1.39645
-0.697302
-2.93929
5.59847
-3.96465
-4.26906
1.6649
2.76886
-2.71853
-0.95214
-0.768
2.27339
2.02844
1.78041
-0.581964
0.325429
-0.17999
0.885186
-2.51826
0.635855
1.91476
-2.22569
2.79105
-4.02477
-2.33648
-1.0087
-0.317685
-0.463216
0.35328
-2.43019
5.0609
-0.437311
6.35285
-1.20029
-7.60206
0.800673
3.66903
-4.40544
2.15003
6.3549
5.57044
0.596441
-1.78573
-2.92719
3.47501
-3.54427
-1.45144
6.56678
-0.753014
-5.40323
4.29043
-2.68194
0.555252
3.59937
-1.20893
-1.08851
2.35003
-2.28721
-1.80198
4.02124
0.967292
-6.16642
-1.39645
0.954297
-7.41203
-1.91681
2.77885
-0.570973
4.23565
-4.64995
-5.58498
-1.15656
-1.99848
0.394147
2.25633
-2.4
4.85478
-3.06238
1.11496
1.8107
1.25149
1.36871
0.463598
-1.43634
0.289373
-0.826126
4.51052
3.03447
-5.3322
1.19575
0.884716
-5.78059
1.52931
4.20273
-2.45515
-1.26986
4.82497
3.65771
-1.13713
-0.00765699
-2.3217
4.11322
-3.29283
-1.35574
-0.491735
3.04441
3.17625
6.58414
6.7122
-4.33905
-3.37888
2.96016
1.82742
-0.447293
2.49611
5.24996
-5.96971
-5.32119
-3.1663
-1.72257
3.57074
-5.64557
1.53018
0.468328
1.93997
-3.83915
-3.68781
-2.53014
2.69571
-6.2059
0.462459
2.24736
2.30378
0.109148
-10.8
-2.11112
5.97428
-1.84077
-1.70878
0.775335
-3.55666
-3.5963
1.05805
1.2602
-2.36536
3.60081
-1.62486
5.36997
-0.680222
0.312358
-5.24118
-4.0494
0.525587
-1.32788
-1.54329
2.1073
0.0967396
0.0729793
-5.63203
0.147226
10.2051
-5.29953
2.31105
-0.702037
-3.04356
1.16704
-0.933748
2.83414
-1.93894
-0.566895
-0.91618
-3.91041
-4.14273
-1.75369
-2.48206
2.17909
0.800914
-4.62824
6.38727
-0.65301
-0.0168243
-3.23343
6.83174
4.49005
0.0919075
0.652056
-0.758107
-3.5388
0.135603
2.03794
0.835022
-5.88823
2.6322
-3.13431
-3.62348
1.47048
1.09235
-1.16541
0.248007
-1.28241
0.994117
-5.58146
-2.05954
2.05296
2.47718
-0.43284
0.0620479
-1.94247
-3.02408
-0.180197
2.42384
0.646259
-2.44395
5.14784
0.512069
4.73814
1.4307
5.98094
-5.65676
-4.91225
2.3624
-2.05821
-1.0403
-2.71345
3.23716
-0.796217
-5.6365
0.231728
3.8481
2.58715
-3.36391
-2.49488
-4.00971
-1.37693
4.50175
-2.14147
0.96345
0.315914
-0.273178
-2.86568
-1.8153
1.91876
2.45351
1.29269
-3.39733
0.0192984
-2.53963
1.24366
-0.212699
-2.32105
2.47259
4.23181
-1.22436
0.718136
-1.77735
-1.44139
-0.130667
5.72925
-2.25712
0.603139
2.50021
-2.26821
2.20729
-4.83812
0.730161
2.2206
-1.91698
0.17156
-2.92148
-4.84482
-5.11938
1.42486
-0.0385219
2.65348
-2.40883
0.350143
-2.54179
-6.00458
2.25069
-3.2258
4.02028
3.03265
-2.18522
3.63063
1.0781
-2.0992
-2.41806
6.31029
3.65148
-2.3414
-2.55155
-0.845408
5.10458
-3.25204
0.884982
4.83445
-2.50604
-4.02421
2.07293
0.205899
1.54922
3.10449
3.62213
-0.414719
-4.26873
3.37419
-4.6501
6.14406
-0.209552
-0.208862
0.459699
0.12616
1.8189
2.82878
-0.761556
-6.46291
-0.157316
2.37515
-2.98965
-5.63487
0.385098
-0.252439
-0.206009
-1.23471
1.4291
2.81401
3.30899
-2.29261
-1.74446
2.68896
-1.50871
0.257602
1.42835
-1.12719
-0.583987
-4.68561
-3.80389
-1.9185
-0.255523
-2.55544
1.86615
0.459306
-0.916812
5.64435
-1.07602
1.37413
-0.513317
-0.802713
-7.19131
-0.416768
2.2662
1.30831
-1.9922
0.576919
-0.162201
3.25154
-2.09444
-1.51168
0.135997
4.58164
-2.72816
0.216839
-0.276591
-0.653426
-1.85444
0.206525
-0.0480677
1.64113
2.3247
-1.23251
3.42364
0.968462
-3.90731
0.901778
5.74706
-2.2041
3.72439
-2.33354
0.510786
-3.25781
-3.54126
-5.35079
2.61635
-0.534473
-4.49215
-2.63213
-5.46539
4.31509
-2.70328
-0.0303894
-1.02833
0.557673
2.38242
-4.42181
-5.11996
2.30958
4.61356
2.84902
1.15773
-2.07671
-0.725683
6.6473
-0.763999
-2.3656
4.97917
-3.53326
-3.12122
-6.59999
-0.0546116
-2.10106
0.554637
1.30953
0.140245
-1.95254
-1.44533
-4.08453
-0.802102
-3.16312
-0.901556
-0.986856
-7.07457
0.295526
2.18359
-1.21842
4.30173
-7.98158
6.13385
-1.01109
-0.23579
-1.38731
2.38553
-1.25815
-2.94564
2.74833
-4.40681
1.16715
3.68994
-1.19898
1.50767
2.29933
-3.79592
-2.29017
-1.64331
1.2443
6.2122
-4.85442
-2.36666
-1.27759
-1.3923
-1.80728
4.26573
1.10697
4.80468
-5.62775
1.3749
-1.36496
2.00146
1.65282
2.56088
1.25865
3.18877
2.59631
-0.365876
3.08746
2.06308
0.606945
-2.81722
1.79719
6.28205
0.870318
3.40047
-2.39034
3.87151
0.0623148
-0.890802
-0.891858
2.38671
2.30847
0.730243
3.13887
-4.86115
-1.36554
0.245012
4.03839
0.764366
-2.45126
-0.766887
1.65026
-1.10769
-1.67086
-0.58402
-1.70667
0.0908352
-0.542576
0.480256
-0.496001
0.613209
0.383781
0.511647
3.65167
-9.97644
-1.74803
6.18294
-2.95414
0.583015
0.0048286
2.5337
-0.185125
0.308581
-1.10301
-3.4123
1.75642
-0.37194
-2.18902
1.78596
2.40425
0.796619
-2.12201
0.236476
-0.0461029
0.227111
-1.84261
-0.411504
0.776073
-1.64255
-1.81923
0.656912
-3.37054
2.09419
-0.364027
2.75087
1.90946
-2.25789
-3.04101
-0.459961
0.452012
-0.46181
0.162751
5.21655
1.68134
-1.87496
-2.35753
-3.31492
-4.32381
-0.499778
0.897515
1.67116
-0.606378
-2.31865
-4.54869
-0.224496
-0.335027
2.04746
0.781163
1.42281
-0.162867
-0.809105
4.49931
1.79748
-5.60919
5.22347
-1.46225
2.75046
-0.144306
-2.98079
-0.715279
-2.81564
-3.24168
7.22181
2.64663
1.92899
1.67873
2.89196
0.487366
1.11484
-5.10286
2.03316
-0.0656851
-5.68938
-2.65117
-1.1122
3.86935
-3.67138
-2.43605
-2.62414
0.392075
1.71511
-5.05786
-2.64803
-2.23405
4.0629
-3.56053
1.2189
1.42085
-0.95749
2.05449
8.37634
-2.2607
0.11471
8.22473
-6.06391
3.9264
-2.15575
2.38016
-4.88237
0.991386
2.1198
1.28821
-1.89433
1.85276
4.55901
3.12373
-5.52769
2.95484
2.10329
0.11617
-3.43671
-2.53727
6.54011
3.05033
0.749441
-2.95219
2.0069
-1.3241
5.13709
2.03223
-0.311152
-1.25321
2.64989
8.04229
-0.617419
1.59071
-2.12282
-1.51828
-2.16283
-1.5324
-6.14113
2.7527
2.9387
-2.35911
-3.32848
-3.44662
2.41195
-1.41401
-0.940238
6.28107
1.14648
-3.09183
-7.65077
2.1508
3.41406
1.87567
1.19447
-3.07993
0.394798
2.88982
-1.01406
2.4678
1.41978
0.500612
-4.48447
-6.05958
-1.66668
4.49739
0.0261821
-2.36124
2.23056
2.91563
1.41119
-3.31748
-1.39537
1.59944
-5.7556
1.42243
-4.61367
-0.345645
-5.33426
1.13926
-0.0322944
-0.702709
1.87031
-1.35564
2.77971
0.968968
4.14729
-1.22988
0.284459
5.23515
-4.43864
-1.74562
3.15827
-1.484
-0.336691
2.4857
-1.35458
1.45315
-4.81371
1.54379
1.44852
-1.71489
0.046361
-0.102124
2.22647
-2.19654
-4.56407
-3.40208
-2.57698
6.35052
5.92493
-4.74854
-0.649243
-3.58639
2.7425
4.30648
-1.74653
-3.12568
2.2176
-0.601088
2.1686
0.687028
0.00779025
-4.21824
-1.20027
-1.43138
-0.740641
-3.33353
-1.29672
5.91657
-4.85508
-2.84876
1.77534
-2.88147
-1.83593
4.66318
0.649893
1.83461
-4.36515
0.92448
0.740939
5.25687
-0.453895
0.989369
1.11825
-3.83311
3.07524
7.9436
-3.41205
-3.45836
-5.85487
0.328717
-0.947833
0.722011
4.88388
-1.47527
-2.97429
-1.01932
0.956731
1.43279
-4.81913
0.776108
-2.05367
-3.05352
0.556752
1.39442
2.11826
-1.43841
2.01827
0.734241
2.46412
0.13731
5.34539
2.57534
0.116268
0.0444482
-0.569565
0.122595
1.44448
-2.42194
2.23468
-8.65034
0.28603
1.0906
-2.25186
-1.8166
5.40202
-0.494436
0.452764
-4.65114
-3.96157
-0.900277
2.95909
-8.68297
-2.40279
-1.66596
-2.21286
-1.51251
1.32594
0.255248
0.767891
4.49597
-2.68737
2.98695
0.956927
2.4467
-0.810719
-6.03425
-5.14682
0.256173
-0.602311
-1.34564
-3.99409
-4.16365
-5.43714
0.197217
2.35504
-0.194748
-4.31183
1.15441
-3.2562
-0.0563922
-1.53518
4.19477
-0.482831
2.05588
0.997987
0.672002
-1.32465
-6.53863
4.01178
3.59031
-0.606527
-3.17124
5.50483
1.6539
0.0610239
-2.35323
-1.09188
2.11188
-2.98142
-3.76859
-4.91882
-1.66314
-0.334481
-0.466158
-0.185941
3.5687
4.91688
-4.08118
-0.871979
2.39269
3.77385
-0.325193
-2.14128
-5.26531
-0.658201
-4.5253
0.314836
1.76688
5.11705
-0.955952
-0.787611
-3.53568
4.86373
-3.18165
-0.27485
-0.367486
1.46188
-0.965019
-4.65901
2.56755
3.1098
6.80827
-2.10901
-3.54947
1.4963
-3.71713
-1.61308
4.65183
1.49481
-0.775029
-0.644511
0.335041
4.20069
3.55192
-1.80063
-2.58717
-0.814235
0.356746
-3.36839
-3.58583
1.24903
2.63835
7.25509
4.65456
-1.50496
-1.1567
-3.25371
-1.35693
-5.92499
-1.28405
2.98925
1.8643
-1.19505
7.42562
-4.24363
-7.25198
2.21644
6.79197
-2.98488
-0.177636
1.66959
-2.57769
0.926282
0.748577
-1.57614
-1.79368
-1.03528
-2.7234
-3.25407
0.133346
2.45606
1.90407
-1.6224
2.21035
2.90349
-1.31494
-1.53139
-4.82114
-5.00598
-4.86603
-0.603057
1.09356
-0.353771
-2.34473
1.48941
0.766387
2.02888
-0.0805548
0.940659
1.4894
1.7883
-0.875991
2.08186
1.16359
-3.2545
3.23281
-0.492289
-0.570502
-4.5747
3.0636
4.36428
-0.0169287
0.559091
2.80648
6.21052
4.09716
-5.10993
2.10515
-2.16355
-0.271391
-2.00337
2.85922
-0.504751
-7.01974
-2.33577
0.731796
-0.391567
6.26772
-1.44881
0.531883
1.57734
5.26885
-0.766781
0.914715
-5.26783
-2.19539
5.19333
-2.43855
-2.69718
-1.85586
-2.69042
-4.26048
-0.320194
1.58772
-0.432796
-0.0640664
6.9401
2.83023
-1.03691
-0.775933
3.5461
6.82326
-0.0594196
4.01719
-1.5132
2.19726
0.314411
0.73732
-7.31233
-1.76758
0.0059763
-4.84091
-2.90111
1.91137
0.327226
-2.11862
-3.3792
2.10622
0.623065
3.41556
2.50965
1.71927
1.08997
1.73857
-5.55186
-0.590424
-2.20953
-1.03343
-1.4638
3.41968
0.482251
-3.62938
1.51655
2.89868
6.79452
-1.38864
5.19127
-0.275079
0.42362
0.457672
2.49052
-2.68433
-1.00235
-4.19726
-2.4635
3.20619
-3.73654
-6.45194
-1.42176
1.07714
-3.81075
-1.74832
0.699048
1.99231
-1.17419
-4.08526
-5.65191
-3.46537
-1.23478
3.70132
-2.23618
-3.67966
1.9884
3.82302
7.19468
2.93021
-0.423557
-3.492
-4.0127
-0.780808
1.47162
-0.197157
4.70301
2.53472
0.152303
-1.44923
4.13021
0.676075
2.07172
0.776398
-2.417
3.65996
3.48411
-3.21545
-1.73496
-9.86901
-0.923705
-1.66627
0.861004
-5.56711
-0.740971
3.58743
2.47705
2.00278
0.630519
0.69333
-0.600063
2.63907
1.98771
-4.38286
-1.39518
-1.15613
5.23319
4.32042
4.09328
-0.544802
5.86352
-0.168826
-0.900259
1.49238
-1.45239
-0.106697
-0.976757
-2.73325
-2.80444
-2.82694
-1.40408
4.85109
-1.52132
5.65776
-2.87906
5.64101
-1.0326
-3.2968
3.47308
1.6765
-5.25072
-3.07724
3.68229
-2.69255
1.46429
1.74187
-0.588237
-11.9237
3.81297
2.37751
2.69199
0.637855
-0.0372523
4.31257
2.96752
1.23721
2.33506
-2.17315
-2.41738
-1.36214
0.141425
3.22372
3.18152
3.23771
-2.37669
-7.17403
-2.65418
-1.76071
-2.90424
2.66856
-2.2506
-3.57431
1.93644
-0.568472
0.560766
0.871732
-3.98328
-0.723542
-1.20987
-2.86154
4.18281
0.36253
3.12876
2.21608
2.47627
2.27266
-0.683296
-1.01177
-3.64075
5.09789
-0.128088
-1.19769
-0.0793625
-0.648366
5.2957
-3.3357
-0.266645
0.611267
3.00667
2.1814
-2.81752
-2.53952
4.89592
5.04272
1.99698
-0.457065
2.56836
-1.391
1.5992
6.17525
-0.204027
1.47122
-0.838974
1.70081
-0.517411
7.44503
-2.65193
0.284126
-1.70432
0.0277644
-0.383158
0.0826142
1.32426
-1.2217
-2.51775
3.59013
0.756968
6.05793
0.159214
1.1391
-0.616064
-2.98149
2.52128
-5.25438
0.458597
-5.67093
3.41064
2.5088
0.890446
-0.0818581
3.52232
0.778748
2.25833
3.22616
0.781731
-3.30339
-3.13771
0.180401
-0.0623054
1.41682
6.58328
3.62738
-1.14262
3.85806
-4.08112
2.45722
5.84212
0.882136
2.16551
-3.70429
1.27226
-0.13327
-2.70374
-0.713651
3.01866
-1.35015
1.09649
2.15996
1.15273
-1.59397
1.09506
4.58813
-6.66832
3.85717
-0.867581
1.63582
6.6839
0.460412
-2.72665
2.11069
3.03532
3.38507
-2.86723
3.04469
-1.40288
-3.27548
-3.27808
2.83536
2.77635
4.45322
-0.365347
-0.900103
-1.9441
-3.60364
-1.48012
-8.58926
3.51254
2.1968
-5.2426
0.0347339
-1.69641
1.61235
0.911963
5.74602
-2.26545
-3.97581
-0.787036
3.56519
5.27351
5.17908
-2.12224
2.22778
2.58919
1.35221
4.83716
-12.7419
1.76821
0.479908
-0.420807
-4.84961
-0.847629
0.62855
-3.69682
3.04774
-5.47938
0.581624
0.888471
4.07201
3.98879
2.58755
-1.37678
-0.79544
-2.54388
0.191975
6.23998
0.901617
-2.67591
2.69763
-1.31903
-2.3002
2.88558
2.17299
-2.65025
6.86665
1.61429
3.84537
-1.18579
2.64648
1.80244
0.326622
4.13862
-0.115711
-3.58904
-0.667485
-2.3915
0.0481762
-4.06949
3.10205
1.23151
-2.50184
1.43481
5.32592
0.515051
-0.0776442
-0.699733
-1.06691
1.46044
0.339866
-1.12504
-1.04866
3.48957
4.70644
-0.183987
0.253942
0.125557
4.9918
-2.00562
3.05181
-8.76378
-1.41041
-0.225688
-3.37711
0.878426
-1.47531
-4.84605
-1.53985
-1.79513
0.0294253
-1.76847
4.0146
3.74954
0.61233
-0.257889
-0.508598
-0.533416
-1.9719
2.36142
-0.0426938
-0.72031
-2.91396
8.2532
6.9079
3.18832
-0.238352
0.239908
0.690007
-0.655399
7.06058
0.0912874
2.59347
3.63497
1.89721
5.59546
-0.719259
-4.06195
3.61325
-6.82089
3.20759
-0.260116
-1.01275
6.50785
5.26774
4.39906
-1.4594
-2.75208
-0.385207
3.76658
5.07473
-4.41079
-1.47078
0.103447
2.70925
2.85331
-3.63021
-3.87712
-3.33935
-1.27617
-0.361143
-0.399578
-2.9258
1.14075
0.643564
3.86923
-3.13709
2.08135
-0.209738
0.241335
-4.26484
-2.04293
1.98031
3.70873
1.53094
-1.6191
-3.68849
-1.30504
5.05769
2.40127
0.359071
0.270975
4.98822
3.2285
-1.58683
4.12186
-4.42193
0.0300364
2.91133
4.3743
2.6282
0.389278
-4.91141
3.48037
5.26136
1.21751
1.3235
0.698212
-4.30407
-4.29601
1.18654
-1.46927
2.67037
4.39071
-3.64503
4.68409
1.87029
-4.59498
-0.291704
1.27557
1.11704
2.62867
0.827778
-1.61545
-6.47398
-0.448001
2.62434
0.718563
-4.01289
9.42224
-1.54368
0.653085
4.06714
0.0264296
0.633271
0.46994
1.17585
-2.43429
-1.6864
-0.376141
5.6895
-3.86405
-1.50575
-0.338852
-6.00542
-2.20147
5.6095
-3.15674
-3.60729
0.941885
2.49169
-4.72925
0.302082
5.51511
-3.89392
0.204093
-4.11823
-1.55574
-3.77006
-2.73324
-6.12873
-4.66567
1.6255
-1.38347
-0.340737
3.95626
2.13686
-2.51046
0.294586
-0.318693
3.51888
-4.20341
-2.00899
0.239595
4.46493
1.78987
-3.80612
0.111625
-0.928769
-1.50934
1.03448
5.31123
-3.19667
-2.24467
2.24305
4.2427
0.13148
6.98056
1.90417
1.23964
-5.55564
-0.690093
-7.70577
7.04743
3.80338
-1.6165
0.720064
4.3082
-1.86436
-2.08621
0.16521
2.34254
-0.502195
-2.32959
4.06129
4.66959
-2.70765
-3.82798
1.30212
1.58464
-3.37071
-3.48813
0.983502
8.295
0.137209
1.70493
0.047445
-2.82378
-7.26488
-0.790856
-2.52394
0.197752
-1.16464
0.668584
5.90032
-0.890888
-3.07728
0.743745
3.02666
-0.283297
-1.56137
-1.73592
2.27029
-0.110267
-3.27447
-1.47376
3.08288
0.0464807
1.79371
-4.49683
-0.910913
0.145334
8.51252
3.50358
-2.66859
-3.22116
4.39353
5.46888
0.916291
-3.41252
4.82996
1.88792
1.32828
-1.2322
1.98295
-1.54154
-4.46058
1.00841
-0.55462
-0.965409
-0.550418
5.31734
-4.54028
0.457423
-0.736421
-0.540293
1.65952
0.0116307
-1.82834
-4.05762
1.02075
-2.98179
-1.43964
-0.349934
-1.22706
-2.66574
1.40036
-1.63124
6.08707
2.31471
-1.42116
-2.2253
-0.629625
-2.51448
2.95563
1.12399
-4.67642
-0.23112
-0.906543
-1.4858
-1.22143
-3.39582
-3.85727
-4.97396
1.51301
-0.656103
3.85793
-2.63553
2.2003
-1.28516
-1.85626
-0.41967
-1.03032
-0.877571
2.77828
-3.50229
3.48576
0.0426393
-0.857715
0.129042
-3.75209
-0.85999
-4.16709
-3.0834
0.516461
-0.862448
-1.55497
-2.40286
-3.23204
-3.02481
-2.84129
1.94078
6.88834
-1.26741
11.5923
-2.32723
2.61336
-4.22603
-7.4313
0.317298
6.3975
1.10742
-1.73712
-0.438916
-0.709705
0.368352
-2.03237
2.16685
0.0394351
1.85945
-5.53663
-4.02474
-0.732138
0.0847093
1.93108
2.68706
3.88882
0.489304
0.245034
2.51848
-5.34356
-2.14691
-1.60751
-6.63784
1.84542
2.92874
-6.79252
-2.91239
-5.8486
-2.73903
2.07535
-7.84193
4.62062
0.905962
-4.6482
-3.96675
-8.46403
-6.6209
-1.69665
-3.20875
-1.60358
1.16657
4.52365
4.89629
-1.91816
-1.80658
2.7307
-0.863049
3.91362
5.83537
1.16727
7.33355
3.95098
1.32603
1.02411
-1.25584
-1.60909
-1.81632
2.50773
-6.76164
-6.5829
-7.65822
-7.05295
-2.94912
-1.14833
3.76613
-0.626744
0.278851
-1.22212
1.12945
-0.0272741
-2.26874
1.41271
0.460404
-5.3154
0.188065
-0.140829
2.86004
-3.06472
-0.284757
5.78081
-2.03335
-2.11878
1.62817
-0.0686009
-3.85445
1.25031
-3.21845
-0.789939
0.60983
-1.93877
1.8878
0.194006
0.0338683
4.73922
-1.07542
-2.17372
-2.66023
0.222251
-2.48339
-1.36329
2.39351
-0.049768
-5.43059
-0.564316
-0.674991
-2.3901
-2.64174
-3.12898
-2.1902
-1.44673
0.480496
2.74296
5.13605
4.07425
2.39585
0.329288
6.03535
-0.652651
-1.19279
1.33436
-5.44382
0.41703
-5.37693
0.284074
-1.43429
3.71086
-2.68948
-3.36168
-0.399179
-2.77813
-0.693049
3.1289
0.741689
3.36415
1.07415
1.93989
2.05262
-0.417453
0.666378
2.17139
2.68543
3.51347
5.32486
5.23634
-2.02218
-3.25349
-0.643235
0.375467
-1.0404
2.86318
1.85065
-2.54107
-5.13611
-0.100219
0.436391
5.43076
2.9158
-3.46762
2.95073
-4.68936
-2.74072
4.14488
2.20044
-1.18335
-0.719231
-0.4495
-0.200532
-1.90054
3.09425
3.67444
1.01057
1.49334
-2.99634
1.13111
2.46669
-0.847672
6.89907
3.02371
-2.09947
1.11313
2.01178
3.2696
3.94298
1.76669
1.41318
-5.29625
1.64875
-4.04336
-1.9366
-2.27837
-2.53
-1.89458
-1.23493
-10.2609
1.82966
0.983012
-2.93256
6.35772
-6.09194
4.06803
-2.32022
-0.88312
1.21578
-2.62466
1.69819
0.56017
2.38812
5.67491
-6.16314
0.315785
-6.19696
-0.950592
-1.20385
-4.13763
-1.06958
5.71163
-2.18494
3.65022
0.425575
-1.69032
3.39619
-5.28423
-2.60406
-2.96822
0.434054
1.64301
4.27756
1.41001
3.30694
3.95528
-3.30858
4.0716
-0.990122
-0.672114
-3.81743
-2.11546
-2.32815
-1.80816
1.38769
2.08404
-1.37767
4.11103
4.09523
8.15168
2.54421
1.2175
-1.55668
-4.15008
2.28713
2.26112
-0.498881
-4.05795
0.145734
1.74277
0.509723
-0.498235
2.07696
-4.06107
-2.21388
3.1856
3.24171
0.405087
6.05187
0.0466429
1.84974
-3.74075
1.30475
-2.11461
3.51871
-0.517817
-0.589616
-4.0137
-0.626303
-6.49951
-1.31357
-5.46769
2.97728
1.70868
-2.49621
1.53668
0.889077
1.37556
-3.07113
0.0284544
6.38634
1.22188
0.162844
0.361702
1.50767
0.987684
-5.81005
0.868035
-1.5879
-6.21838
0.143107
-0.148133
-1.11026
-3.5993
1.33937
-3.50507
-3.75294
3.93954
-0.566138
0.12656
-1.24675
-2.6272
0.919733
-5.33261
4.79038
4.65173
2.83707
2.753
4.25964
-4.22815
-1.73186
2.83683
8.94152
4.45712
1.13167
-0.556394
-2.92525
-4.71365
2.46464
1.15727
-1.70327
2.10767
1.25131
2.13129
3.84638
-2.63251
5.94496
3.40355
0.756623
2.22382
-0.813459
-1.31105
-4.54226
2.22324
3.31113
2.90933
-7.95719
1.98933
-2.02642
-1.83736
3.52437
-2.42106
4.37044
-4.50855
3.30316
1.87157
3.1345
-1.41805
-4.05488
1.89428
1.68991
-0.707719
-5.35651
-0.695073
-0.332118
3.57051
-1.86905
1.36053
6.15554
3.27226
-1.06574
-5.07142
-0.632408
0.246311
0.786417
0.208047
-0.520352
-1.97161
1.43275
5.08985
-4.00109
3.83252
-3.00713
-0.471828
2.40571
1.31801
0.157607
-7.85864
-2.08006
-1.41767
1.30374
-0.302421
-2.95218
-1.78497
-2.09505
-0.135212
3.65263
5.36457
-6.8882
0.244251
1.50786
-0.663223
0.706696
4.71566
3.13372
0.272715
-2.06355
1.48028
0.450412
-0.984006
-0.675028
-2.36765
1.2045
4.62929
0.48274
-0.752984
-1.07713
5.51706
0.860859
3.06118
0.596038
-4.71374
-4.57502
-0.992376
2.53905
5.1115
-2.17573
-5.82807
-3.85664
2.78663
9.77132
1.39104
0.128686
1.93342
-1.23924
2.34836
-1.107
-2.62033
4.22984
-3.30503
-0.939364
-0.726062
3.789
1.71225
5.00877
-4.02063
0.0415304
1.89516
2.01476
-0.0125765
-2.53417
-4.41868
0.602978
-1.6918
-0.991183
1.15067
3.16107
-2.58644
-7.82242
-3.97207
3.85427
-0.891039
0.420472
5.92239
0.179918
6.24495
5.1188
-0.788448
-3.28199
1.21911
3.55555
-2.19444
2.0603
-4.95051
-2.74769
1.30313
-2.64553
1.85836
-0.282483
5.60204
-5.60208
0.706444
-8.72464
-4.88087
1.81614
3.64807
-5.0961
5.16706
0.626838
0.490163
3.16714
-1.32029
2.85705
-6.83045
1.13462
2.14294
1.6774
-1.27177
1.1015
2.80283
0.759368
-0.41381
-0.125799
1.43036
0.0533489
-4.50694
1.49981
-2.284
-4.20065
3.51052
4.07853
1.84206
1.0503
-1.98464
-0.426994
2.02257
-5.18459
1.50293
-3.74711
0.616108
3.39006
-1.06306
-1.48246
1.88131
-0.395829
1.96978
3.42353
1.51659
-7.1367
3.72124
0.780957
2.97571
4.57136
-0.0523216
6.63526
4.83507
0.734853
2.68579
1.30306
-1.4951
1.27411
2.75445
1.3672
0.137758
2.62237
3.28438
-4.93715
1.96287
1.97702
1.93754
-3.06761
-6.25096
0.914869
3.51924
7.92186
1.577
1.98875
-1.4197
5.08229
-0.0930578
4.57473
-3.16328
1.9948
-1.61342
-1.56662
5.76283
-4.4043
-1.75442
2.96293
-0.695664
2.84882
-5.67147
0.45934
-3.96147
-2.41919
-3.80878
-4.38419
-0.498342
-1.14664
5.12046
3.19172
-1.23576
1.48291
2.96498
8.51603
0.935444
5.1645
0.474982
2.5042
-4.95767
6.67678
-4.16032
6.17153
1.75605
-1.8165
4.33819
-2.58171
2.26235
-0.960177
-1.45241
5.72855
1.99095
0.39037
-0.665249
4.64067
0.743626
-3.99981
-3.8446
-4.83647
0.611703
2.04988
-2.68145
-1.14806
-3.26423
-1.4327
-0.943923
-2.77424
-6.60661
-5.52241
4.21753
-1.28539
-1.93282
3.17248
-0.254252
-7.3141
2.78843
0.0137942
-0.99984
-1.5389
-4.36742
0.30417
2.02984
0.0805792
-0.671911
4.24637
2.0523
5.65613
1.69953
3.11578
3.78841
0.994752
-1.33276
9.97314
1.26667
-0.145017
-0.579689
0.77053
2.72104
9.71403
-0.243305
-4.49356
-2.48604
-1.16153
1.20586
0.675654
1.21843
-0.198184
2.82654
3.40043
3.33897
-0.237952
0.687668
2.43929
-3.4746
-3.46852
2.45212
-4.38725
-2.95425
3.97295
-2.43297
-1.13229
1.45655
-2.42041
1.63698
-4.94437
3.10992
-1.00811
-6.20709
-4.32456
-4.89374
0.861667
6.13999
-1.20759
-1.71754
-1.58603
3.55465
-4.16824
-3.08446
-1.82238
-1.12681
7.11363
-1.24698
-1.89633
-1.11404
-1.04717
2.8638
-2.34142
-1.30767
-0.339459
5.71541
-1.48174
1.41517
1.54124
-0.112428
-2.59152
-1.23237
2.65396
2.72469
-1.47346
-2.67483
1.41245
2.20682
-2.09406
-1.08545
0.0191362
-1.66468
0.115215
-0.539135
-4.57304
3.66709
0.174818
-1.76929
-2.81114
-2.98938
-0.585106
-0.780456
-1.58487
-0.379962
3.6096
-2.31649
2.8174
1.71268
-5.38796
1.94051
-2.10525
-0.545777
3.39719
2.37402
3.92445
-0.224828
-0.33437
-3.24303
-4.19639
-2.86819
1.96411
-5.81802
-3.9274
-3.773
-2.43126
4.6036
3.37457
-4.0889
-0.533362
-0.845627
-3.00922
-1.77564
-4.56336
2.80867
-0.534913
-4.51362
3.25626
-4.86181
-2.79951
-1.45213
4.93015
-2.83123
-0.148598
-3.79076
-2.19544
-1.58188
-3.79732
-5.86941
-1.92917
-2.96804
-0.778509
-4.00602
4.82244
-8.09359
2.62585
0.513313
1.1807
0.27616
2.25905
-2.74154
-4.09369
1.29678
-0.854855
1.23573
-2.03322
0.209499
0.960515
5.15172
-6.92035
2.87795
3.93571
1.5811
-0.555608
-4.22347
-5.6645
-2.24542
-0.0915305
-4.36955
3.02333
0.645956
-3.87194
3.41492
-0.115148
0.968232
4.11852
2.41812
-3.85634
-6.97021
1.38922
5.73468
-6.39952
-3.16193
1.40976
-1.84314
-1.55081
-1.05037
-1.47948
1.80966
-1.9325
1.90173
0.862041
-4.18585
0.746785
0.330904
-0.323387
-4.21946
-0.420469
-0.134009
-4.2585
1.26664
0.389603
4.43707
-2.52545
4.81522
-0.0304148
-0.890793
-0.330929
-5.69675
0.765646
2.40986
2.31464
-3.49635
1.0285
0.724832
-4.34614
4.0135
-2.85564
-5.45203
-0.0149506
-0.696024
-7.28787
0.657024
6.94501
-5.81338
-3.64553
3.04517
-0.537947
-4.1032
2.19728
2.2638
0.883324
-0.371862
1.50274
3.13252
-2.42475
-1.05014
-6.18953
3.46596
-2.07917
0.591486
-2.67279
-3.73658
-0.614906
-1.29317
4.28613
5.35524
-6.81949
-0.274362
-1.52971
-0.60343
-2.1738
6.44082
2.06381
1.05282
0.0223156
4.15091
-0.950356
-0.492609
7.66734
2.62902
1.17695
-4.09735
-5.94322
2.45317
-1.97502
-0.606911
-3.01577
3.69221
0.238163
2.461
-0.564228
-5.10186
-3.16043
-1.56143
6.35379
2.12176
3.38173
2.73825
-2.17292
2.2997
2.03249
0.448202
-0.188788
3.46311
-2.56241
0.281391
2.25452
-3.03354
-0.999892
-4.58074
0.0653996
2.98169
-3.65225
-2.74053
-0.760657
2.42742
3.83373
2.16893
4.14814
1.52397
1.83784
1.33555
3.10974
-1.21986
1.58763
-0.410388
-1.62853
-0.596163
-1.55824
-3.61576
-1.59398
5.63384
3.72503
3.57915
-3.02235
0.723363
0.62947
-0.0250736
3.10632
8.06638
6.61889
-1.04094
-0.858461
5.14809
5.01164
-1.90552
-1.71794
3.46293
-1.89866
1.56295
-0.759209
-0.569919
-6.17548
1.407
0.7084
0.680739
-4.3563
3.1453
-4.73224
4.4168
-1.4109
4.09978
1.21135
-6.00605
5.23357
-0.896029
3.79377
0.0457759
1.30721
0.682612
-1.36141
0.533907
6.86154
-1.4906
4.55787
-7.32926
-1.99505
3.6465
-3.85102
3.33554
1.7286
1.27466
-2.30663
-3.89687
0.905582
4.55177
-6.46715
0.0749454
2.92904
-1.03146
-2.0347
1.87316
2.35039
1.72578
0.198634
-1.05258
-0.2151
-0.0666901
2.95825
2.53017
1.50103
4.97147
1.26604
1.36408
0.940279
6.09404
0.912818
-0.935503
0.221374
2.5156
0.564506
2.28452
-2.18456
1.42102
-4.40593
2.52885
0.0110342
3.43442
-0.806928
6.60212
0.538699
-3.42433
-4.45647
-0.375074
1.83241
-1.12482
2.41899
2.97284
0.417846
-3.56862
-0.624576
-4.61747
2.92377
3.39271
2.49017
0.167546
-2.43574
3.00092
3.45506
2.80496
-0.167603
-2.81033
2.83651
-1.45642
-0.868529
-1.05565
-4.7427
-1.92788
-0.0440135
3.96949
-2.52191
-8.32496
-6.38867
2.49664
1.06211
-1.00889
2.03688
1.19004
6.11434
2.91888
0.471161
0.759553
-1.24746
7.08034
-3.00445
-0.239948
-1.06908
0.176566
5.05472
3.51187
-5.27045
2.85515
4.13288
-0.401597
0.978951
-2.6541
-0.043746
-0.223813
1.20297
1.15928
4.35598
-0.753117
3.38215
2.58234
0.0478342
-3.22525
-5.84902
3.44657
-2.24902
2.8782
-1.33652
-3.82465
-0.696533
0.662602
-3.86931
1.20341
0.769503
-2.04331
0.267614
1.39199
2.44508
2.79818
3.61147
-3.64441
-3.96068
-3.57313
3.82402
1.17165
3.04127
-5.0273
2.51428
0.303465
1.96121
-4.56247
5.16433
4.08381
-3.51464
0.889919
-1.31375
-3.85711
2.03412
1.89816
-0.570465
-1.41898
-2.99235
-2.90048
-1.38345
-4.93824
4.80878
1.57479
-0.946208
2.70798
-2.15118
0.837578
2.59738
1.3079
1.81406
-0.575507
4.04351
3.82601
6.13571
-0.178146
-1.61342
-3.75181
-3.9038
5.12449
-5.88574
-1.26497
-1.12263
1.6258
-2.97481
3.76396
1.28273
-3.3019
2.54398
1.35735
1.33411
0.611667
-4.13159
-3.48311
1.38547
2.31127
-3.48879
-4.2843
-2.61826
-5.32283
-4.32628
5.2718
-3.45133
5.19308
0.324352
8.30362
2.16065
3.15414
1.28853
2.22047
3.21128
3.08878
-0.569213
-1.39044
0.483198
-1.83565
0.66196
0.497596
-4.42918
-0.331703
-0.750089
-1.57275
-3.26897
0.221285
6.95091
-2.34616
-2.90909
-5.12247
-4.99517
-1.46558
-0.360175
-5.94583
-0.448074
-2.31634
4.52968
3.68106
1.20153
-3.89176
1.93262
-0.367117
4.38512
4.11919
-0.847085
5.49946
-2.68655
1.7237
-1.70428
1.8053
2.73918
-3.23331
3.18454
-1.471
-4.68506
-0.649365
-1.93031
-0.737662
2.56515
-3.87823
-3.12428
3.98121
-1.18115
4.01169
-4.90262
3.2041
-0.984693
7.53723
0.988517
-3.90201
2.9173
-3.15342
0.92509
-0.676256
6.53796
2.21479
-2.68374
1.9436
-3.37037
0.502501
-1.03586
-0.757046
-6.03467
1.41677
3.222
0.533289
-4.53159
0.344964
8.09337
0.121233
2.10272
-1.91748
-2.29228
-4.57489
4.38074
-2.73907
6.43985
-3.47662
3.67959
3.10992
-1.97317
1.19078
-0.928801
1.74658
-2.15867
1.54536
-9.16315
3.76347
4.65533
-1.42378
2.90374
3.77617
-0.965934
0.940866
-0.944579
0.314696
-1.39938
1.32051
-4.21789
-0.114741
-2.7083
-0.202552
5.28865
0.568919
-0.426167
5.35475
4.80457
-4.70945
0.230494
-2.14845
0.489619
0.762902
1.53214
0.741962
0.432444
1.08029
5.35496
-0.856298
1.80457
-4.56218
0.811793
-1.08437
-2.75286
0.297409
-4.89484
0.253819
-0.470179
-3.6125
-4.80064
3.44311
4.65674
-6.41075
-0.131348
-2.51024
-4.98348
0.936327
0.990065
0.593308
1.30531
-3.67025
-0.721253
1.7946
-0.677189
-0.915342
-1.47484
-4.32435
-1.89707
0.545396
2.77903
0.331446
0.4748
-2.26782
-2.40943
-1.5412
4.51982
2.90186
2.81415
0.636639
3.10463
2.16549
3.52498
-0.322624
0.465683
-1.26545
-4.45252
0.475859
3.7281
0.153661
-2.51349
-1.14147
5.28642
-3.51565
-0.653086
-3.71334
-1.20148
-0.695623
-1.89919
-2.9095
2.73896
1.83003
1.43515
-2.63243
-2.57545
3.41621
6.98165
5.68652
5.64363
-3.75485
-1.06024
3.59459
5.56713
2.80581
-4.58921
2.52609
0.933795
-1.76388
5.70451
-3.75291
-2.597
-2.36926
-3.85895
3.07247
-0.523273
1.17558
4.93726
3.7126
2.07464
2.12166
1.07949
-0.655153
4.54996
-0.0799681
1.97647
0.778471
-5.96601
-2.53539
-1.7678
-3.69368
3.19069
-4.03771
-3.20669
-1.20523
-1.60817
1.80162
1.32188
1.70351
5.27716
5.23797
6.06648
-0.604975
6.26317
0.591193
2.05952
-2.88201
-0.592861
4.91929
3.33197
0.498523
9.22576
2.33213
-6.52942
-3.25062
-2.04557
1.19832
0.57672
-3.73119
-2.1333
2.45429
-0.19506
3.83257
-0.415306
-1.99988
6.8222
0.470299
0.672322
-4.26751
0.621661
3.64766
4.82581
2.77684
7.41122
2.59234
1.93857
2.18184
-5.85684
-0.265293
-0.142368
1.10978
-2.02062
0.538719
-3.14235
-2.482
1.25523
-3.5866
-0.821071
-1.23967
2.40017
-0.654344
6.65822
3.01598
-5.2125
-1.38666
-3.76416
-3.04874
0.766596
3.37354
-2.02985
-1.81891
-1.82516
-1.24706
2.66918
-3.87024
-1.34882
4.26718
1.40732
-2.14941
-3.71074
-1.06369
-2.64149
-2.34584
3.12195
-8.36758
-6.44494
1.47362
2.39932
4.45406
-3.38986
-0.640998
-1.81245
5.35332
-4.62268
-3.14183
-2.24839
0.144032
-5.77535
1.57257
1.16185
-5.33215
-2.7141
2.39816
-1.81806
-3.74732
7.90124
0.678474
3.64947
-3.17329
-9.15451
-0.663512
2.40118
1.61174
-1.02403
-0.735421
-1.43254
-2.71053
-0.212012
6.76344
-3.60605
2.08585
0.940632
1.64853
2.98959
-1.92035
-0.405663
2.64151
0.362431
-1.76541
-0.336418
1.19598
2.38426
-0.924254
-4.07668
-1.42017
1.69244
1.18493
-1.17676
-0.269766
-2.9429
-1.1812
-2.41933
-3.61027
-1.14843
1.50717
2.67943
-1.8259
-3.86369
0.747552
1.50207
1.62281
1.39993
3.48884
-0.372023
6.16142
1.22489
3.7276
-1.5625
3.71973
-0.0573616
1.22048
-0.954947
0.307936
-0.472709
-4.1166
-3.56441
-1.93171
-1.00233
3.24227
1.99949
0.820429
0.00480971
2.61483
-0.364722
-1.71093
1.71991
1.06928
2.7764
1.28304
-6.05703
-6.83068
-4.29673
-2.17772
-1.35352
4.8557
-1.89756
-3.32822
-7.38796
3.58493
2.16326
1.53479
4.13002
-8.99315
-3.43924
3.79276
2.71483
3.10733
-1.70108
-2.83495
6.00494
0.96414
3.28738
0.520343
-2.34957
-3.94908
0.518969
3.88668
0.269903
-1.71237
1.47207
-0.607117
1.78989
2.7708
4.18721
1.06368
-2.15374
0.393243
-0.419975
1.54776
0.43688
-1.18929
-1.69785
-0.894698
-3.26659
-6.0445
0.0989827
-2.67663
-4.34571
0.212578
-4.46407
0.0856555
-0.591792
4.00978
-2.66186
8.35832
2.67932
-1.57977
-0.566588
-0.247511
3.17204
5.46907
2.90544
8.1458
-4.09807
0.135704
-4.87704
5.79781
0.330311
8.32093
-0.588044
2.4062
0.201785
-0.258057
7.12932
-3.86341
-0.700145
5.90151
4.22482
2.70255
-3.20769
-0.659089
2.64668
-2.58595
1.44093
-3.88718
1.65388
2.51733
0.183016
-0.744573
4.19562
5.31319
-0.997747
4.73729
1.00189
0.330619
-1.81672
0.191182
2.94479
1.10715
-4.66578
-0.459855
-3.60327
-3.64715
6.28339
-3.62751
-2.09912
1.83986
-2.08717
0.0760678
0.907405
0.0426312
-1.77949
-1.97139
-0.477737
3.00258
-0.399461
5.06984
-1.56152
-1.12349
0.723865
-5.12286
1.8877
1.16219
-0.714349
1.19241
-2.87585
2.46773
1.1719
-2.60385
1.796
-3.13748
4.7619
-0.847398
-2.74415
0.886474
0.866447
-0.178467
-5.41394
-6.77125
-1.08678
5.47568
-5.01015
-1.00697
-3.08333
-1.15654
0.850215
-2.37514
-5.53071
-0.83455
1.31556
-3.32358
-4.37853
1.57368
2.80088
-0.141424
-8.34256
1.2047
0.99856
3.37302
0.337726
2.51842
4.14889
-1.31559
1.58191
3.53933
-2.93393
-0.255251
0.78322
-1.10302
1.53126
-0.0829815
0.364512
3.47316
0.170922
2.21446
0.384605
3.34406
-5.03636
-0.772458
0.102282
6.91489
-6.74074
-0.882259
-0.796829
2.34062
0.80958
4.80833
0.279262
-0.906815
1.17882
-1.57372
-3.12493
0.924542
3.05905
-0.65191
3.47195
-1.73032
0.436303
1.07375
-0.979885
-1.87342
1.41711
-3.54359
0.866039
-0.565015
0.556237
1.64543
-0.839228
-1.16635
7.65176
7.06516
1.14899
3.38185
-3.37489
-0.00560908
1.97669
-3.84237
1.16252
-1.26298
-1.2633
-3.55538
-2.3798
1.98928
-2.35
1.1835
-1.9066
-0.336996
-2.76332
2.10532
2.35547
-2.96597
-0.873003
-0.462574
-5.19259
-1.36464
1.17066
2.50557
-2.78439
-6.16667
2.60136
-3.37409
1.66844
0.776138
2.84462
-1.17737
1.20569
0.679405
-3.22657
4.55176
-0.142283
-0.957822
-0.471078
4.10037
-5.78347
-1.04686
1.51602
0.744548
2.78679
-4.09477
-5.721
1.89725
2.97627
-1.93697
-0.0664482
2.77507
7.70418
1.57542
-2.77061
3.07625
-2.43816
2.36203
3.54869
-0.558523
-4.37902
-2.77724
11.4941
0.433858
-5.13947
-0.818307
-5.30682
2.01333
-1.88297
6.57418
3.01234
-3.24652
0.687859
-1.59772
-1.55685
-5.0767
0.108229
5.76283
-0.0180599
0.897597
-1.92914
-2.57966
-4.0376
1.09373
0.479138
6.00063
0.200312
2.66063
-1.6653
-4.42182
-0.953862
0.707585
-1.38054
-4.56757
4.44677
5.04336
-0.641605
-1.12424
6.51584
-3.68495
1.50482
2.95044
-2.82019
8.04709
-2.22122
3.25257
0.305925
-3.72442
-0.0843376
-4.41818
-2.43135
4.83256
-1.33925
0.171453
-5.19333
3.52159
-2.16043
-0.723876
1.36387
2.7452
-1.61008
4.47485
-1.56979
3.52033
0.760453
-1.55972
-0.587928
-1.01906
-5.33326
-4.13482
4.29207
1.39002
2.11297
-5.84641
7.38726
-3.07001
1.36198
3.70041
-1.22346
-1.6091
1.81023
2.65335
-4.2339
-2.01301
1.83703
-0.908852
-7.41047
4.58826
-2.18784
-1.56995
-5.17315
-0.609287
-1.34235
-4.841
0.176781
-3.07349
-8.45702
-0.846073
1.17386
-1.12047
0.552644
2.59878
-0.556408
-0.0116024
-3.80242
3.67282
0.0186675
0.143983
5.22256
-1.08189
-1.1267
3.44015
-0.501388
3.23619
-1.13458
-0.888392
1.55714
3.51047
-0.240117
0.458177
0.347194
-8.96745
3.22795
0.936479
-1.64108
-0.944724
-1.59764
-0.484951
0.883951
5.94591
6.77976
0.97435
-0.584102
0.290449
-1.93177
-0.0382457
-6.96471
-1.67754
7.17254
-1.05674
-0.691732
-3.19026
-2.69876
-0.0110424
3.03741
-3.78232
-0.0421879
-0.0457362
-5.46058
-2.58617
0.561234
-0.845925
-1.85189
-1.35686
2.77504
0.0563752
-0.0196709
-0.611611
3.75953
4.21329
0.871816
-3.82148
2.33949
-0.149731
5.65111
0.585248
4.52496
-2.26215
-2.26109
-5.88486
-0.899615
-2.64133
-2.15878
-1.20856
1.26902
-0.976579
5.12793
3.81967
-1.33556
6.26146
2.34029
2.98892
-2.38469
2.77961
-3.95206
0.997549
-1.59063
-0.454657
-3.72376
-2.89188
8.1555
-2.14679
0.807051
-2.95355
3.57433
-1.94503
0.658184
4.03008
0.911361
4.73895
-5.14457
-0.927879
-3.20364
-4.18388
-3.18505
-3.14441
-1.0691
1.32937
-7.84297
-2.08475
-3.57016
-2.27014
-1.64228
-3.19384
2.69345
4.07651
-0.219959
-2.84565
3.091
3.1705
6.40637
-4.64994
4.26862
5.69215
2.67427
-2.537
-1.70846
-6.28968
2.07701
-3.77152
0.153229
-3.22432
-1.22617
7.67512
0.582914
2.29909
0.353988
1.78107
-3.00374
0.439962
-0.121799
1.34979
0.19925
5.31533
-0.0891563
-2.99306
-6.93348
0.662173
0.637078
0.976905
2.61962
1.61652
-0.338361
4.07412
-7.04294
0.426468
-0.445788
3.81257
-0.264101
-1.35268
11.9067
-0.721285
-3.4545
-0.0889948
-0.409868
2.71143
2.85597
-0.915214
-3.80477
1.85428
-1.50256
5.97277
4.26669
-1.5638
-3.66861
2.43666
-3.57302
-3.55677
-3.49976
9.8826
2.91687
-2.80188
-0.858989
0.519045
-6.12587
0.345793
-5.39167
-4.81658
0.122872
-3.26973
-2.36546
-0.504764
1.04648
0.944748
2.58337
2.54546
2.63229
-4.27345
7.83762
2.76264
-5.11387
-0.703763
3.0606
-3.15168
1.37279
4.64944
0.919446
-3.63037
-0.0117838
-0.275355
-2.62046
-8.97746
-1.22935
2.15372
1.019
-7.20908
-1.91619
-1.3453
0.00110873
-4.34359
0.231754
5.73305
-1.94113
-0.860687
-4.62417
0.786601
-2.2241
-3.4635
-1.16296
1.63666
0.797065
-2.24702
-3.58469
3.75607
-2.55543
0.638127
0.00247155
-2.98315
-2.72856
-1.97306
-2.61648
0.769382
1.99095
1.77428
-5.7516
-3.60964
1.88273
6.92006
4.22888
0.231766
5.1699
-8.5388
2.99893
5.8867
1.62938
-0.427974
-1.22719
-1.228
1.74642
5.12967
-5.2414
-1.63688
-3.69985
-2.53315
0.206242
1.8248
-3.12445
-1.85618
6.73807
0.470387
1.70619
-3.03453
-4.78864
-0.734338
0.551514
-0.159899
-1.65002
-0.336743
-0.351467
4.07816
2.74862
1.28579
-3.61631
1.75692
-2.82507
-1.65674
-3.61658
-2.91522
4.95477
2.23091
-1.52806
-2.5566
0.261298
-0.408773
0.433175
1.56359
-0.673053
-1.02581
0.393081
-2.16622
5.358
-1.77021
1.69107
3.4193
6.60055
-0.54818
2.65327
-2.0223
0.237734
-5.36554
2.02387
0.0642118
-0.660775
-0.456564
-2.31699
-1.17294
-1.07337
-2.55343
-3.94879
8.65629
3.61658
-3.65641
4.56087
-2.16884
-2.66085
6.12378
-0.224049
-0.745317
-6.82497
1.29247
0.457919
-2.28524
-1.33567
3.66369
1.32355
0.103024
2.77853
2.02606
-0.982728
-1.62476
-3.46677
2.98805
-3.55555
2.47694
-1.71356
-2.51452
3.7955
2.42224
2.89556
4.00406
-4.83499
-1.12931
3.35834
-3.03453
-1.70688
1.40554
5.10962
-3.3034
3.26917
-4.20886
7.34988
-1.2341
-1.04957
1.35195
-2.77627
1.97519
4.45552
-0.49662
1.39911
-1.47912
-0.182674
2.6465
0.816731
3.71045
5.49901
1.58613
4.86056
4.75934
-0.791878
-3.50933
3.84537
-3.83905
-2.14601
5.31
-0.527781
-0.634442
-3.59424
-1.32998
5.89238
3.85342
6.19146
3.8807
2.14981
3.74476
-0.843186
0.0946246
-2.86596
-4.24562
-4.71174
-5.04412
-2.53678
2.39991
3.34
2.98219
4.01514
2.96187
-4.85994
1.98445
-0.156129
2.71846
2.96926
3.00881
-1.14393
4.68194
2.79477
-0.627265
2.24745
5.58079
5.64841
-3.25167
0.707205
0.753227
3.70589
5.23581
-2.42765
-8.52677
-2.65162
0.0377574
-2.34989
6.47356
2.7839
-0.148063
1.23257
0.453817
-3.91336
-2.3745
-0.357802
-2.47583
-2.51517
-0.96817
-5.05337
-0.578948
-4.29454
-2.42999
-0.587743
-1.79291
-3.45182
4.41826
-4.94534
-1.50891
-3.04326
2.51386
1.24278
-4.68589
-2.92388
-1.86695
1.20625
6.78342
-2.40416
-0.214725
3.45971
0.0503906
-1.50573
2.03082
3.16922
4.92438
-5.24647
-1.74909
4.84448
0.661489
0.16677
1.48182
1.94912
2.75924
-2.55686
6.60688
-0.014374
-4.19223
0.091
1.57504
3.59818
-2.90944
5.22635
-1.65421
-2.38999
-1.75276
3.55256
4.64553
-2.28374
0.79826
0.590848
5.39224
-4.37975
-1.06496
1.29396
0.0878817
3.66085
-1.98218
-2.55832
-1.22483
7.87416
5.08341
9.14474
3.45167
-2.27897
-6.78304
0.338313
3.25151
-0.42849
-0.968018
-1.00508
2.58507
-4.97883
1.39653
4.18603
-3.16388
3.76226
-2.11122
3.07564
-1.6061
3.69697
0.869233
2.65217
-2.13165
4.46036
-1.98832
-2.06879
6.06158
0.24027
0.28854
0.54038
-3.99939
1.84288
-3.61053
-9.17186
-2.96516
5.5888
-3.31889
-2.40789
4.64433
-0.071847
1.20671
-0.233164
-1.61817
-0.598578
-4.22037
0.169227
-5.04338
-4.65623
5.0807
0.696386
-6.61476
-6.69505
2.91753
-2.05372
3.85349
-0.374805
2.8115
3.4894
-0.531452
0.699603
0.146362
-0.295183
8.41701
-5.74329
0.434315
-4.07178
3.22524
-1.69188
0.413214
-3.72111
-6.61569
-1.50283
1.03366
-3.55649
-0.3631
11.0466
0.0509464
-4.84156
-1.37478
5.92911
1.84244
0.542345
1.48854
-2.18769
-4.78041
7.20354
4.03845
-2.52958
1.51408
-5.01545
1.78387
0.571416
-4.04432
-3.99438
0.382512
-0.511707
-4.07672
0.00927735
-4.24804
1.78982
1.84919
1.24046
0.87335
-0.673031
1.33571
-2.64895
2.0892
5.40924
2.16033
-3.75552
-1.90416
0.0617044
-0.0856311
1.52199
-0.906485
2.13131
-3.43202
-3.55118
4.49902
-6.79798
-5.56065
-3.9977
0.465293
-0.956325
-1.59452
5.09778
6.02612
-4.59753
-1.4359
-8.80866
-0.490463
-7.79742
4.54319
1.58635
-10.4291
2.40732
-3.38111
-0.553877
-1.43823
-4.05913
-4.03055
0.868004
1.30919
-4.30175
-1.63793
2.74837
-6.71084
1.9722
2.56987
1.55888
-3.16605
-3.50254
-4.05883
2.01822
-0.468084
1.22111
-1.99962
-2.19176
-0.390255
1.55711
0.420052
-0.874013
2.8735
-1.08369
-2.40042
-3.61321
-4.03344
1.41065
-3.30839
1.36335
0.416475
3.82974
0.9261
0.485807
-0.358707
-0.322165
2.08755
-3.18093
-1.42501
2.31664
6.90295
-1.99764
3.33607
-2.48014
-0.112375
3.1196
2.61021
-0.404746
1.98421
0.768771
1.57626
1.39726
-2.64581
-3.04875
-2.01691
0.315248
0.00915295
1.12116
-2.22074
2.60535
3.93958
-0.667685
1.91287
5.83152
1.3753
-3.18671
1.11544
-0.175269
5.99467
2.47188
-3.54815
2.39704
-0.228027
5.19713
-5.56618
-2.84106
-0.684087
-0.79726
-5.88961
0.356656
-5.7698
-2.92372
1.54459
4.37049
1.23743
0.241912
0.369938
-2.726
4.96535
-0.818479
4.61133
7.03858
2.98026
-5.22803
4.22472
2.72365
-1.72714
-3.23764
6.28748
-2.24574
-1.94726
1.80039
6.28447
3.18062
-4.00263
-0.197772
-7.01775
-0.375548
-2.24993
-4.54458
-1.89339
4.0147
-6.50154
-1.80296
-11.3122
2.08869
0.342748
0.154683
-6.96041
-0.0196682
4.92526
-1.47864
1.75316
0.858658
-2.58203
-3.82744
-2.26348
-4.35604
0.830906
-0.0938538
-10.5833
2.72922
2.50282
-3.2506
3.92868
1.09366
3.43857
0.0581694
-0.232383
-1.50273
2.19612
-2.23062
5.16013
-5.55886
5.50532
-1.50102
-0.31374
2.63055
-0.791385
-4.66181
0.586298
-1.74612
-0.538177
-2.70674
6.63341
-7.54843
-3.77979
6.47287
-1.02337
3.60625
6.30698
1.5839
0.800495
3.58461
0.670527
3.51198
7.08668
-5.61255
-4.25522
-3.35688
-0.978653
5.42006
-1.64551
0.487442
-4.85395
-2.34517
-8.12822
5.02285
1.31047
0.681673
-1.76409
0.729506
-3.20596
-4.51975
2.93522
-0.233552
4.55308
1.23538
1.9683
-6.2989
2.46565
-1.41608
-0.894135
-2.51155
-0.964788
-2.71389
2.33649
-3.1232
0.51661
-1.45255
-2.64759
-0.228048
3.46815
0.335389
4.09969
-2.18658
-0.714173
-1.95649
3.87653
1.37492
-2.53228
6.31775
-0.166901
1.30595
6.27656
-3.21919
2.36561
-4.9782
1.32061
0.308543
1.7808
-2.97921
2.19848
-2.23735
-1.02966
0.389999
0.193467
2.32421
-0.263838
4.18767
1.5768
5.75587
-3.62689
4.99842
1.72449
-4.37254
-5.40611
-2.49922
-5.28585
4.76812
4.20532
0.923721
8.61032
-5.95723
-0.170962
2.90645
-2.39327
-2.86309
3.42232
0.0352648
0.87276
-0.725328
-1.04379
-2.44226
-3.51841
1.37674
3.26081
0.528587
-1.16448
-4.35363
0.609448
-3.75939
1.63202
-0.969291
0.987084
2.07586
1.3105
-0.798919
0.748559
-1.38343
-0.647639
-2.48083
-4.39492
-0.598728
5.67832
-1.81751
1.23803
-6.66297
5.92648
1.71113
-2.04467
6.65802
-0.0332166
4.95422
-1.80791
0.789317
0.449863
-5.33919
1.96053
-2.47449
-1.01559
2.72195
-4.04226
0.00990156
3.25471
2.07528
-3.02434
2.46924
-1.18348
-0.230217
-4.19875
-0.637926
-1.54239
0.617324
-7.14654
-0.449054
-0.243731
1.64901
-2.02427
2.52167
-1.31398
-2.02486
-0.790546
0.380257
-2.62224
-2.38215
-5.12106
-2.0502
-1.55886
2.3724
-4.97373
-0.27526
-2.16258
-1.94219
-3.7276
1.0779
0.45706
-5.22759
0.381475
-1.84976
3.06137
-1.10169
-1.78879
-4.22137
0.485072
2.04417
0.705545
3.32188
-3.35537
5.34307
0.90263
-5.02806
-4.39345
-1.59639
-0.707238
-0.736295
-3.10408
0.279136
4.94852
3.82667
-0.815723
1.45821
-1.14092
0.694674
2.36491
0.807816
-0.701268
0.927534
-2.49677
3.54298
4.38555
3.03824
-2.77076
-4.70209
-2.01911
-8.88678
-0.58524
1.74351
-2.47453
2.48516
7.45494
1.99332
-6.68295
-0.67964
-1.0955
2.02311
5.63551
-0.344956
4.97473
3.2427
-0.51545
-2.36826
0.205884
2.75265
5.20584
-4.63456
-4.01929
2.15079
1.94943
-6.35275
2.30428
3.69881
-3.09133
6.35204
-2.57622
4.4332
-2.59993
-0.226436
5.00225
6.26114
-1.07123
3.24459
3.97508
-1.12766
2.40437
1.29595
-4.05543
-2.42885
-3.09495
0.604842
3.90187
2.37086
-0.290067
-4.52747
-2.6925
-6.12923
3.60956
4.42415
-0.433065
-0.450778
1.9137
4.65302
0.396584
-1.0211
0.0563091
-0.00361974
2.65316
2.34797
2.52489
2.98937
0.226173
4.33274
-0.971501
1.10549
2.23097
4.78147
1.05562
6.33539
-3.76485
0.400638
5.06838
-4.6219
-4.5191
-2.22816
2.40931
-1.48136
3.33919
-4.62346
-1.46994
-1.60202
-1.16765
-1.17713
2.38459
0.630424
-2.19138
-1.45739
-0.087624
4.15438
-3.49444
-6.24921
-1.93799
1.41497
-2.97679
-1.44979
4.11486
