0.39029
-1.87253
-0.871845
-0.106953
-1.01989
1.57455
0.683381
-2.6122
-0.351707
0.268895
-1.91675
-0.376578
0.0950664
0.298719
0.232296
-1.30244
0.758586
-0.461205
0.0392297
-1.10435
0.84964
-0.520405
-0.429837
-2.09137
1.39303
-0.0548772
2.10968
1.14073
0.326515
3.41911
-2.36158
1.85686
-1.48909
-1.71399
-0.130807
-2.29933
-0.429468
-1.05537
0.69423
-2.22537
1.30826
-2.38335
-1.65054
2.72257
2.10043
0.37834
1.05671
-1.61285
2.05447
-0.297613
-0.826665
1.82718
-0.579784
-2.24746
-1.78504
1.94399
-0.237585
-2.00887
3.80794
1.47104
2.69368
0.75941
-0.135041
0.218309
-0.344964
0.377558
-0.568062
-1.3351
-0.657067
-2.50392
-0.048206
1.79394
1.21401
-1.01275
2.95271
0.0397783
-0.126215
1.62618
-2.19407
1.3044
0.881501
2.02637
0.219334
-1.41039
-1.73084
0.161238
2.70847
1.0326
-1.51056
1.16924
1.48311
0.542254
-1.46603
0.895925
2.33976
-0.815589
-1.9484
-0.137395
-2.66082
0.817005
1.01846
2.12234
0.724472
1.11616
1.69363
2.09228
-1.31349
0.802218
-0.311021
-1.09204
0.844775
-0.79573
2.6709
-0.488826
0.951961
0.849243
-0.386425
-0.573143
-2.78421
-1.85769
-0.438497
-0.663418
-0.698173
0.0407784
0.498472
-0.993149
-0.523623
0.406753
-0.465104
0.495847
-0.217225
-0.808741
0.61888
-0.912423
-1.14814
0.976401
-2.47097
0.123599
2.20769
3.654
1.55956
-0.482696
1.9378
-0.911382
0.0417451
-3.33207
-1.34684
0.997608
-1.03639
0.300278
2.1836
-1.76454
-0.378809
-2.05832
-1.99378
0.597297
0.280278
-0.901349
-0.57223
-0.210995
-1.29144
-1.45648
0.928828
1.66482
-0.353345
0.198146
0.0921967
0.888135
0.184926
-1.72731
-0.809601
-0.929082
-1.69709
1.52348
1.17574
-0.847068
1.56921
-0.22539
-0.905273
-1.59216
1.89561
0.719552
-1.61483
1.37119
-2.33101
2.22524
-3.69599
-0.448049
-1.18184
0.228552
-1.85274
0.0711534
0.306677
0.59901
1.14461
-1.21844
-0.888976
-0.35175
-0.699869
0.697139
-0.312655
0.532937
-0.199253
-1.81773
-0.532566
-0.942913
0.184365
0.676958
0.45925
0.849994
0.996299
2.10812
-0.201329
2.01302
-0.0737047
-0.0970289
-1.78471
0.584313
-1.44771
1.60439
-2.22993
-0.0014766
0.667691
-0.544206
1.61016
-2.87491
-1.20257
-1.04313
-1.59602
-1.92191
-0.685093
-1.40496
2.14164
-1.58161
2.02141
3.16873
1.17612
1.62973
0.348724
-0.430763
1.01806
0.614935
0.0531432
2.46164
0.373489
1.18144
-2.95523
-0.763105
-0.551207
1.30732
1.80537
1.53989
-1.01156
0.574396
2.04605
-0.0656658
-0.582105
0.251279
-2.59611
2.3054
1.64921
-1.42639
1.91123
1.36356
1.67603
1.52041
1.66094
1.06332
-0.180657
-0.872669
-0.481523
-0.151273
-1.78783
-0.452805
-0.109218
1.89265
0.803675
0.95473
-1.25826
0.165061
-1.08267
2.25558
1.81311
-0.168656
-2.06261
3.2797
-1.44032
-2.96823
-1.49533
-0.672092
0.472337
0.52534
0.346822
-0.888432
-0.0712485
-2.22445
-5.29889
1.30909
0.601676
0.540801
1.50262
0.163745
-0.169448
1.4939
0.670496
0.82635
1.87043
-1.47483
1.26046
-2.69982
-1.29576
0.258722
1.79587
-0.833309
0.368928
-1.39862
-0.0293144
1.2452
0.76625
0.765508
-1.02243
-0.950253
-1.69763
-0.902567
-1.07706
-1.26742
-1.29271
-0.808828
1.11907
-1.10422
1.01189
1.65543
0.0914938
-1.56747
-1.00006
-0.972319
-0.315229
1.34305
0.719351
-0.313402
0.959797
-1.79668
0.191433
-0.949443
0.704168
-0.869047
-2.68022
1.55275
-0.44504
-1.54953
0.75763
-0.374202
-0.108052
1.40857
-0.417442
0.380275
-0.499327
-1.44906
-0.85027
-2.12346
-3.47377
-1.94849
2.82506
0.0760468
-0.677525
-0.239128
-1.76342
0.180097
-0.316161
-0.704069
0.546735
-0.781788
-2.27693
-1.68934
-0.332792
-0.641985
0.632412
-0.355024
-0.573116
-3.41926
-0.964585
0.0399038
-0.369106
1.03599
-0.230327
1.21499
-0.981165
-0.81275
-0.441784
1.09455
0.23806
-0.540122
-0.632319
2.09657
2.05832
-0.330264
-1.59363
-2.191
-3.73169
0.843601
-0.0111125
-0.621236
-2.46896
-0.636782
-0.451319
-1.73598
-1.38768
0.16747
0.128642
1.8752
0.227076
0.743668
0.233228
1.27292
1.04678
1.6957
-2.5582
0.847973
-1.0903
-0.2268
1.93436
-0.710685
2.24597
0.902595
-0.088836
-0.416682
-1.19527
-1.13559
-1.24824
0.0604524
-1.18973
-1.97217
-3.39871
1.1956
0.194974
-3.2263
1.43741
-0.836095
0.13143
-5.17648
-0.561361
3.39204
0.278634
-0.306356
-0.381615
0.741792
1.07771
-1.4929
0.381374
-1.11299
-0.718755
0.710198
2.44961
0.244558
0.283537
0.978333
-0.903726
0.593313
-1.22343
0.0662997
-0.927921
-0.729204
-0.11203
-1.56313
0.102804
-1.35695
0.566396
-1.77613
-0.552446
-0.339563
2.21866
-0.216673
1.33545
-0.162444
-1.63421
-0.594667
0.0490429
-0.230034
-1.24532
-0.203207
-0.180279
0.159082
-0.377555
1.14339
1.40086
-0.647211
0.584845
-1.8331
1.9153
0.0745074
2.03272
-0.365128
0.0784309
-0.354989
0.461659
-2.21652
-2.78391
-2.029
0.40092
-0.475247
2.28044
0.845355
-0.80928
-0.803604
0.590807
-0.979625
-1.12432
1.06044
-0.818335
2.00202
2.30418
-0.302258
1.61698
-0.0384044
0.0931869
0.685554
0.134616
0.15214
0.330055
-2.31552
-1.95465
0.519703
-0.0978783
1.87045
0.10345
-0.32129
-0.325322
-0.0505995
0.970278
0.72689
-1.13189
2.26727
2.97709
-0.105098
-0.828476
-1.70682
-0.836173
-1.35988
-0.116907
0.87886
1.94298
-0.993676
0.503205
1.03035
1.22838
1.2045
1.10098
-2.02576
0.280917
0.166718
1.69747
-0.296966
-1.39832
-0.525873
-0.168295
-1.52419
0.503804
-1.30107
-0.421677
1.48764
-0.289146
0.115952
-0.903976
1.39392
0.24037
1.38714
0.0888204
0.49909
-0.319114
0.771482
1.60346
0.0200443
1.89584
1.01037
0.820979
1.51507
0.398065
2.30113
0.276663
-0.231277
-1.70987
-0.568544
0.612658
0.12003
1.45813
1.64163
0.973537
3.03151
-2.88312
0.300567
0.366388
1.27488
1.1975
0.519197
0.417843
1.54159
2.5089
2.04882
0.137039
2.51044
2.01895
-1.79709
0.24411
0.511132
-0.375929
4.17281
2.57991
0.971974
-2.84142
-2.21956
-0.40464
0.722401
1.3595
-2.42353
-0.463974
-0.475415
0.238323
-0.55761
1.52863
-1.10983
-0.713568
0.707417
1.09848
0.256878
0.124585
0.0227051
0.0311786
-0.197455
-0.234433
-1.29468
0.79769
1.99937
-1.94215
0.447594
-0.000764924
0.16818
-0.421123
1.19128
1.16719
0.212035
-0.594878
1.30492
-0.624166
1.09634
-2.21167
0.468705
0.88472
-1.71268
-0.580958
0.610267
0.0197984
-1.00038
-0.447783
-1.55412
0.4665
0.483579
0.801717
2.09354
3.92919
0.843867
-2.15987
-0.556609
1.07969
-0.331554
0.146372
1.49192
0.896198
-0.371858
1.68315
3.02733
-0.222534
1.5174
-0.947293
0.80553
0.203613
-0.748582
-0.00413683
-1.71061
1.16826
0.158505
0.0326422
0.398211
-0.579311
-0.414302
0.0747681
1.27647
1.25848
0.829499
-1.93383
-2.76963
-1.61417
-0.923524
-1.4271
-0.441585
-2.2661
0.572828
0.165637
1.86887
-1.63445
1.40246
-1.35694
1.43564
-1.56182
-2.18728
-0.497237
1.1636
1.58259
-1.49237
1.52811
-1.2717
1.20704
0.430921
0.965444
2.32875
1.57258
-1.0223
-0.252999
-0.881626
-0.580528
-0.774556
-0.212382
2.20698
1.62166
-0.842124
0.126997
0.0264467
-0.701565
1.09467
0.106033
0.0238497
-0.0933877
0.204153
1.1732
-1.40292
-0.504104
0.179115
2.75994
1.87208
-3.86392
0.749371
1.81979
-0.703644
2.07383
-0.573771
2.8971
-1.47106
-0.750891
0.258631
-0.940792
0.125779
0.686529
-1.85081
-2.51237
1.5246
3.23546
0.157203
-0.667194
-0.441859
2.03952
0.553591
0.0278867
-0.225943
-0.268951
-0.047627
-0.655494
-1.80904
0.836888
1.89982
-0.218609
-0.472257
0.546802
-0.397809
-1.14876
0.671432
0.97214
1.48892
0.0917278
-1.23151
-0.102801
-0.945022
-1.95901
-0.50403
0.211298
-1.33572
0.747447
1.04637
0.126162
2.8473
0.718223
-1.09317
0.674822
-1.56788
-2.69358
0.29891
2.31594
-2.51541
0.931684
1.41047
0.100537
3.09898
0.754822
2.14232
-1.0421
-2.2543
-0.0352657
0.282946
1.08749
-0.536228
-0.691222
-1.5349
-1.25343
-1.93057
0.785077
-0.52039
0.302427
-2.44239
-0.980548
-0.129054
-0.158031
-2.54658
-0.108597
1.77885
-0.23661
-1.98362
-1.10858
-1.65939
-1.05517
-0.35261
0.919603
-0.790217
-0.282808
-0.254081
-0.37075
0.933753
0.139038
-0.74477
-2.21568
-0.94859
0.45437
-1.84965
-0.312709
1.83284
-1.80806
0.108801
0.942951
1.35326
1.79107
-0.989975
-1.42267
-0.159087
0.997753
-2.16073
0.0127028
-0.666119
0.367336
-0.462966
1.18802
-3.10962
0.135854
2.05194
-2.06465
-0.742784
1.87612
-0.787312
-0.0430561
0.358482
-0.0909268
1.02796
-0.247659
-0.940852
-0.304381
-0.95119
-0.907411
-0.0650712
-1.02722
-1.46955
1.11177
-0.951423
0.637403
-0.156162
-0.26237
-0.541639
-0.565137
0.939411
2.44375
1.03941
-1.32085
0.245297
1.72796
0.186795
0.623106
-1.49731
-0.590164
-0.40419
-0.880888
0.155568
0.922593
-0.873109
-0.803748
1.726
1.90943
0.322589
1.82545
2.75076
0.266087
-0.565121
0.613925
0.1091
0.0798261
1.98014
-0.0460069
1.3763
-0.362882
-0.114701
-2.03644
0.36311
-0.303201
0.467289
0.815379
0.711334
-0.320597
1.39437
0.126236
-1.41996
2.55497
1.75915
1.00704
-2.09413
1.35636
-1.5661
-0.96265
-1.88889
0.471144
0.675947
-0.703147
0.868169
0.0935883
-1.14978
1.7891
2.00662
-0.0229557
1.37875
0.633772
-0.467782
0.0193549
1.75412
0.634659
0.159522
0.89988
1.60018
-0.00810432
0.196439
0.747537
-1.05487
-0.936695
1.57166
-1.58573
-0.140601
-1.07534
-0.36915
-1.81212
-0.573448
0.190167
-0.848181
-0.302407
0.855966
2.28779
-0.296867
0.300666
-2.41329
0.287916
0.200631
0.301682
1.34762
1.77565
-0.383683
-0.657216
-0.0860392
0.675143
1.52765
-1.83603
1.82437
1.33307
1.29567
0.079167
-1.23261
2.14732
-2.69003
2.57574
0.894826
-1.17977
-1.04973
-0.0996362
-1.68802
-0.624611
1.88576
-1.86124
0.305629
1.43971
0.622229
-0.540314
-0.615491
-1.33651
1.27178
0.525069
1.4633
1.13057
0.679727
0.172224
-0.475539
0.481885
-0.839863
-1.73997
-0.128982
1.18489
1.51438
-2.82688
-0.289414
0.87599
-1.02902
-0.166642
2.2868
-0.128424
0.548864
0.755838
0.000306478
1.72133
-0.394651
-1.05748
1.57085
2.56071
-2.13319
0.411021
-1.95039
-0.274287
2.20236
0.285885
-2.42292
0.832322
-0.0342728
-1.42957
-0.0732277
-1.54549
1.68919
-0.634023
-0.235656
1.79253
-0.937578
2.73496
-2.47297
0.987384
0.0292105
-0.867057
-0.53535
-1.03378
0.241654
-2.51583
2.06218
0.819096
0.366171
-0.828693
-2.07045
0.347162
1.84566
-0.736789
-0.153249
2.5273
-0.789327
-0.416785
0.645738
1.65096
-0.33483
2.379
-1.14844
1.88028
-1.5858
-1.30785
1.11799
0.858431
-1.93532
0.581659
0.0515741
-0.369681
-0.444659
-2.16294
-0.28601
-2.07831
-1.04609
3.70782
-0.730698
-1.55342
0.197513
3.66723
-1.5615
1.03111
-0.290433
-1.15089
-1.35307
-0.863978
-0.0844225
0.0462119
-1.41063
-0.70793
-2.14908
0.441911
-0.822951
1.33893
0.386565
-0.746234
-0.134977
0.861008
0.368628
-2.25864
-0.440471
2.79049
1.15159
-0.737366
0.2014
-0.314214
-0.232308
1.49634
-0.518061
-1.6506
-1.14987
-0.234957
-2.19423
0.960315
0.58407
1.03951
1.75637
2.92432
1.29512
-0.269862
-0.119431
0.526378
-3.35248
-0.577252
-0.313379
0.399414
0.855941
-2.89077
2.00302
1.65437
0.311768
0.605376
1.57245
1.65663
1.33004
-1.75896
0.908453
0.280194
-0.0976763
-0.0686838
0.796161
-1.93731
2.74644
1.90645
-0.594448
0.113886
-2.72204
1.15749
0.184791
-6.00679
4.12092
2.72513
-3.3683
-1.95132
0.924003
-0.769814
0.175136
-0.230091
-0.489505
-0.868907
-1.39993
1.9908
0.958259
1.05821
0.812263
-0.259245
1.10962
1.12495
-0.226143
2.85056
-1.30155
-0.365607
2.23363
0.0866204
-0.288763
1.4257
-0.640078
0.951683
0.946242
0.171289
2.72204
1.47032
3.45837
-2.32077
0.291381
-0.831518
-0.608628
4.98598
1.81832
2.4569
-1.16434
0.0509086
0.590525
1.56249
1.21547
0.0571519
-0.287011
-0.856306
0.660554
-1.54574
-3.03143
-0.215494
-1.33934
0.251559
0.620893
-0.707278
-0.165418
-1.28903
1.48365
-0.320248
-0.347716
-0.164811
1.23206
2.24601
2.24074
-0.750004
-0.00758066
1.97858
-1.96884
0.718273
-0.124143
1.10745
-0.581937
1.38429
-1.35999
0.100446
0.0207428
0.782341
0.748743
-0.98153
0.688394
0.478569
0.860231
-1.75717
0.954995
-0.355311
2.08456
-1.11355
0.469482
2.28396
0.509669
0.31715
0.401307
0.592001
1.96156
-0.672868
-1.47652
0.352635
0.316977
-0.126894
0.156575
-0.348612
1.80998
-0.0894665
-1.67868
0.481209
-0.418543
-0.719223
0.703845
-0.470571
-0.355008
1.18052
-0.674092
-0.432037
-1.08571
-0.147981
0.375438
1.83458
-1.29469
-1.41193
1.7546
0.824503
0.0233527
3.30016
0.994436
-0.710234
1.06065
1.81299
-1.06351
0.256063
-2.08702
-0.103626
-0.703129
2.44976
-2.0635
-1.36623
-0.865222
-1.21924
-0.9549
-2.18363
2.81935
-0.68961
-1.16636
-0.513911
0.558999
2.1393
-0.313718
2.27986
-0.755147
-3.59744
-1.37823
-0.319225
3.55882
-1.7506
-0.620142
-0.263036
-0.639565
0.915045
0.379406
1.40642
-1.31034
0.896827
-0.855647
0.984453
-0.662036
-0.0194431
0.353661
1.11559
-0.0887816
0.370711
0.955578
-1.46911
-0.855547
0.388543
1.01081
0.361965
-1.31477
0.12157
0.358928
-1.94695
2.24442
0.284357
-0.781408
-0.677677
2.06314
-2.51771
-1.50736
1.90799
0.790938
1.08438
1.43184
-0.246647
-0.637191
-0.833129
-0.249273
1.22193
-0.674125
-1.14039
-0.459232
-1.3121
1.63167
-0.481967
-0.398141
0.0340119
3.51412
-1.19761
-1.9953
0.219246
-0.064552
0.0873643
-1.34365
-0.89011
-5.40886
0.0636562
1.27258
1.05028
-2.02305
-0.626466
-0.925327
-1.24411
0.122675
0.179949
-0.392387
1.37481
-1.508
1.54281
1.3085
1.02887
2.51926
0.858026
0.291563
0.099064
0.626201
-0.0754832
-0.0865373
2.27392
0.635959
-2.24202
-1.00662
-1.2098
0.957366
0.809388
-0.0541618
0.0268527
0.275781
0.587493
-1.43273
-0.456058
0.908662
1.9565
-0.305413
1.08147
-2.01571
0.102929
-0.643162
2.15627
-0.236759
-2.19693
-0.832928
-1.28543
-0.37396
0.61862
-0.78606
2.23416
-0.443907
0.846908
0.689591
0.695877
-1.61042
0.967146
1.89826
0.057352
2.18123
0.163665
-1.12268
3.1707
1.32556
-2.28655
0.865183
0.724623
0.591796
0.85801
1.77814
0.634587
1.23722
1.22499
-0.934001
-0.47094
-0.605767
2.99401
-0.256164
1.14947
0.666452
1.64462
-0.786965
-0.292464
0.164509
0.275811
0.778079
-0.416428
2.50647
-0.739489
-0.653568
-0.928874
0.823182
0.700041
-3.14797
-1.7903
-0.526974
-0.639493
-1.42059
1.44173
1.57076
-0.842075
1.29003
-1.10596
0.229472
-0.736073
-2.1545
-0.365671
2.31715
-0.370528
0.385509
1.51079
0.49221
-0.0144462
-0.625075
-0.765471
-0.842992
-1.5098
0.749794
0.534323
-1.03594
1.4779
0.314054
-1.16871
0.429499
0.144434
0.0478369
0.349254
0.862554
-0.119079
1.0739
-1.34723
-2.67801
-2.30408
-3.61427
-0.696838
1.20181
-0.174637
0.610548
1.70283
-0.364557
0.644262
-1.03869
0.116464
-1.15252
0.877866
-0.625354
-1.03433
1.64455
1.79349
-0.284984
-0.0245549
-0.791539
-0.878925
-1.82038
-0.461678
-1.17959
-1.38119
0.443962
-0.235431
-0.138849
-1.59751
-0.0970526
0.226048
1.4449
-0.0711614
-0.100411
1.17689
0.734021
-1.03091
-1.64878
3.127
-0.150604
-0.130363
-1.40446
-1.43509
0.207016
-1.37556
2.10617
-0.386453
0.192289
-3.62854
-0.130562
-1.13806
1.00746
-0.0817351
0.603908
0.294045
-1.27906
-0.118231
0.946251
-1.35775
0.92314
0.560697
-0.937153
1.68968
0.349651
-0.542495
1.94103
-1.63345
0.43324
-1.26976
0.687201
-1.28504
1.53519
1.69832
-3.09714
-0.151255
-0.541558
-0.0390973
0.879397
-0.0669521
1.97785
0.483899
-3.60464
1.78512
1.05632
-2.82367
-0.333271
1.98198
0.998958
1.03839
-3.69635
-2.05555
-0.00435387
0.142362
0.179573
1.17429
1.03924
-0.529518
-0.158473
1.87229
0.266588
-0.880379
-0.0374199
3.51617
-0.109071
-1.33264
2.08068
-0.541348
0.163491
-1.15458
-0.353577
-1.36542
-1.02699
-1.10003
0.857277
-1.47467
0.925728
0.909372
-0.479363
0.752601
-0.0789577
-0.739196
0.75663
0.215725
-1.6419
-0.497723
0.772968
0.809322
0.800312
0.0929601
0.69726
-1.60867
-0.160046
-0.16879
-0.621088
1.24163
1.61558
0.324179
0.452618
-0.678365
0.72911
0.509961
1.60131
0.532405
1.43519
-0.149383
-0.847115
1.30876
1.80713
1.67157
0.874335
-2.38613
1.1402
-0.318595
-1.08456
1.23453
-0.131205
-1.74594
-1.46644
-1.07024
0.333302
0.432747
-0.657073
1.47616
1.12875
-2.19427
2.6024
0.284745
0.509433
0.442049
0.663871
-0.524922
-2.07982
-0.205735
0.522527
2.29537
-0.518138
0.293129
-0.327484
-0.501311
3.08504
-1.03405
1.00271
1.23934
-3.08348
0.601266
-0.949911
-1.11232
1.62373
0.446494
1.54948
0.744042
1.19091
-0.486899
-0.54874
-0.100122
0.743441
0.280001
-0.0428495
1.02034
0.613384
1.08035
0.668674
-0.19723
0.728217
2.11368
0.294217
-0.841419
-1.38181
-0.350692
-0.92922
1.40543
-1.1103
-0.500071
-2.63997
-0.49935
0.918944
-1.17035
3.29788
0.674816
1.01279
0.975919
0.474455
-1.03039
0.526461
1.90611
0.107849
-0.957845
1.32451
-1.27849
2.62013
0.559568
-0.600818
-0.360881
1.63567
0.253813
-0.332955
-2.0881
-0.887222
-0.373611
0.269028
-0.354903
0.514085
1.62293
2.91567
-1.60925
-1.73925
-1.26112
0.246115
0.783509
-0.182026
-0.310913
1.34371
1.2456
-1.26434
-1.82565
-1.29345
0.808348
0.870678
1.34119
0.994879
2.10581
1.71529
1.49626
-0.508877
0.601148
0.236038
1.54564
0.622923
-0.387355
0.204873
-0.0716865
1.29967
1.26641
-0.0249671
-0.417399
0.144027
-2.04912
-0.980339
1.2171
-1.74323
0.166498
0.19752
-2.58838
0.53306
-1.4187
-0.951882
-1.41011
-2.74872
-1.30364
-1.36492
-2.47447
-1.1594
1.26227
-0.0570811
2.61824
1.69091
4.42549
-1.29554
0.853314
0.053472
0.818164
-0.142397
-0.418261
-1.14178
0.353714
0.518337
-0.492662
-1.64765
-0.657624
-0.742154
-0.608985
1.31299
-1.10369
-1.32031
-0.39794
-0.448615
-0.93909
0.299905
1.49341
2.03639
-0.22665
2.05853
2.95768
-1.04999
-2.61883
-0.0115133
0.428262
-0.343002
-0.106726
-0.425645
-0.0659685
-0.211127
-2.13316
1.01728
-0.76601
-1.87091
-0.242991
-0.358839
-0.964683
-2.41388
0.703162
-0.502851
-1.29102
1.17257
-1.65282
0.335141
0.538904
-0.792511
-0.249878
0.0127797
2.49236
2.40548
1.52755
-0.932095
-0.313188
-1.41479
-0.823989
-2.19717
0.966467
-0.115674
-0.062382
-1.56297
0.393051
-0.462887
-0.72378
-1.04318
1.36982
1.81241
0.43479
1.48471
0.62507
-3.74146
-3.21064
0.049278
1.36866
-0.408112
2.20388
-3.05691
-0.513205
-1.12269
-1.9927
-0.788077
3.53372
-1.34592
0.108471
-0.708749
-1.16031
0.358842
1.13618
2.46893
1.64394
0.608281
0.0331087
0.888855
1.30915
0.948364
-2.21557
-0.232054
-1.15996
2.95314
0.489825
0.87859
-1.14647
-2.06514
1.34054
0.0888724
-0.769359
0.616272
0.93098
0.0775329
2.0466
0.368428
0.0169973
0.237672
0.39635
0.273694
0.340384
0.0364642
-0.270206
2.10283
-1.5262
-0.438077
-1.75212
-0.792425
1.18065
0.974219
1.53014
-0.308234
-0.799103
-0.443847
-0.916571
3.12717
-0.958071
-0.0470979
1.61391
1.43705
1.48732
-0.902335
1.13606
-0.971693
1.86348
0.305266
-1.74117
0.0815034
2.75087
2.23242
-1.36267
0.915022
1.68519
1.15204
2.96814
-0.341056
1.11622
-1.44589
0.0143657
-0.246908
0.383732
-0.565062
1.85801
-1.70534
2.85799
0.746534
3.66859
0.0335993
0.84357
2.18456
0.929806
3.25376
-0.63488
-2.6791
-0.792134
-1.03089
1.23989
-0.0956829
-0.269797
-1.61337
-1.13541
1.03268
-3.57328
-1.72564
-0.0784006
0.262949
-0.00661499
0.00901715
-1.51336
-1.03972
-0.269389
-0.282497
1.0485
-0.513026
0.215223
-0.148636
-0.689094
0.356608
0.510196
0.779659
-0.613727
0.389016
1.55899
-0.0585156
-1.72733
1.81038
1.39942
-0.51269
2.02941
-1.92282
-1.02746
-1.01839
-0.829838
1.617
-0.384266
-0.0667816
-0.975443
-1.15701
2.04915
0.735266
2.56228
1.07857
-0.179565
-0.989663
0.824878
1.21065
0.988224
-0.365348
0.31897
-0.158083
1.25108
-0.302859
1.26713
1.77578
-0.681622
1.84751
-2.73862
-1.47833
-0.298767
0.21101
-0.404925
0.0925521
-0.849038
0.61067
2.23961
2.34267
1.56871
-1.29343
3.2117
-3.01859
-1.28071
2.4812
-0.32544
-1.55869
-1.62575
-0.552396
-1.4132
-4.14544
-2.71519
-1.96471
1.11004
0.977966
-0.0903881
2.40885
-0.625997
3.30761
1.3558
0.959077
-0.689358
-0.52094
0.793162
-2.39215
0.946586
-1.23687
2.0265
-0.20645
-0.0631353
-0.819412
0.840458
0.0931418
1.6205
0.003715
1.61623
0.634622
0.199699
1.14322
1.54771
0.798287
-1.23735
0.131957
-1.13073
-0.536827
-0.43455
-2.40747
-2.07816
0.585405
-1.89671
-2.20501
-0.246349
1.30449
0.85116
0.074926
-1.39191
0.167632
-0.653298
-2.21598
-2.49296
1.34272
0.50745
-0.629831
-0.372476
-1.54932
-0.285974
0.940857
1.91126
-1.27719
0.919505
-2.35099
-1.05897
-0.559313
1.84882
0.552535
-0.499358
-1.79813
-1.49206
1.56463
0.768992
1.23953
-1.99465
2.49724
1.26783
0.589615
-0.141404
0.0166751
-0.0677701
0.107641
2.10308
-0.0345471
-0.797505
1.12832
-1.53194
-1.28273
-0.881057
2.76818
-0.255313
0.181966
2.28296
0.477201
1.00213
0.156435
1.15424
1.31272
0.566422
-0.143366
1.13561
1.59711
-1.62482
1.41355
1.49072
-0.546524
-0.443802
-1.57624
-1.12521
-1.62098
-0.425993
0.000209785
-1.09713
-1.8417
0.944893
-3.27587
3.25604
0.460584
1.03365
-0.56253
-3.23022
2.96454
-1.27386
-1.00817
-0.226432
-0.645203
-0.0842031
-1.30233
1.23366
-1.45953
0.154469
0.431124
-1.92095
1.27103
-1.36935
0.890936
0.426748
0.455687
-0.607024
-1.29078
-2.07049
-2.06619
-1.16778
-0.346413
-2.22026
0.869566
0.0496085
0.762136
-0.475408
0.447372
-0.800582
0.833037
-0.102088
1.36835
-1.79194
0.450157
-0.336198
-1.80879
0.132139
3.14175
0.406339
-1.02887
-2.6168
-0.410588
1.67465
-1.64813
-0.466024
0.318394
1.49965
-1.92181
-1.5823
-3.95234
1.4596
0.354807
-1.32708
2.5053
1.62444
0.648578
1.66777
-0.315068
-2.48006
0.374258
1.14227
2.2062
0.277638
-0.478569
-0.420967
-1.13181
-2.16451
-2.23123
-0.529742
1.2661
-1.35246
-1.35446
-2.08383
-1.24973
1.02681
-0.810017
-0.255854
-0.0872682
1.71582
2.73751
0.942391
1.91241
-2.40248
0.490097
1.11793
0.193452
-0.924778
0.464366
-0.899401
-2.33878
1.33896
-2.39936
-0.602325
-0.185541
-0.485688
0.889617
1.08775
2.49039
2.92242
-2.4245
-3.05353
-0.0085753
0.0974292
-0.245168
0.197036
-1.22165
-1.41091
1.82703
0.593655
1.55099
-2.70496
1.64831
-0.222404
-1.99209
0.956358
0.490862
0.308625
0.415233
-1.827
-2.04308
0.353977
-1.71421
-2.07092
0.280586
0.419965
-1.45053
-0.967343
-1.16693
-0.330653
0.107384
0.230948
1.59515
0.673369
-1.08673
-1.41984
-1.61351
2.30789
-1.60135
-0.48554
2.03166
1.26031
1.45478
0.551674
-0.651291
-0.785692
-0.143603
-0.860152
-1.03782
-1.2107
-2.94898
0.278891
-1.73784
-0.284332
1.22852
-3.12685
-1.20292
0.736703
-0.240573
-2.53788
1.6266
-0.287854
0.822367
0.766588
-2.70515
0.290338
-1.66289
-0.151581
1.411
-1.32609
0.351527
-1.63842
-0.573539
0.227401
-1.05723
0.55856
-1.52171
-1.60321
-0.262623
-1.55291
0.241397
0.872806
1.4178
0.370133
-0.280162
-0.166637
-0.926588
-1.26915
0.926852
2.27478
-0.47058
-1.44981
3.53178
-0.188811
1.14945
0.348765
0.480056
-0.253632
-0.725671
-1.62274
0.722389
1.06589
-2.68331
1.43992
-0.972912
0.468203
-0.263099
-1.59645
-2.8694
-1.21723
-0.198451
-1.58363
-0.251094
0.609158
1.83424
-2.16596
-2.31296
0.0901575
-0.804908
0.546663
0.388634
-0.319036
-0.400907
-2.73778
-0.178377
0.279809
-0.381379
-0.246176
1.9739
-1.3324
-2.64034
0.179361
0.462418
-1.43569
-0.558478
-1.63554
-0.711487
1.36303
0.535573
-0.741567
2.33484
0.606689
0.131076
-1.30866
-3.94866
0.833493
0.570955
-3.4419
-0.0738787
2.74184
-1.77183
-0.693342
-0.337201
-0.828572
0.123039
-1.90701
2.30726
-2.52058
-2.11467
-0.177769
-2.73714
-0.276839
-2.59051
0.0425825
0.964129
-0.047872
-0.45115
-0.472562
3.59774
0.153734
0.715115
-1.16893
-0.461976
-1.50486
2.1028
0.348172
-0.883474
-1.47664
-0.647704
-1.13672
1.32405
-0.804855
0.675215
0.973377
-1.19927
-1.93785
-0.515012
1.17459
-4.39235
0.770111
0.767957
0.327119
1.32316
-0.652784
1.59201
-2.99572
-0.218869
-0.74317
-1.71183
2.12405
1.67727
0.752311
0.851215
1.06271
1.50635
1.27652
-0.449886
2.90749
2.637
0.00522214
0.434991
1.18183
0.242804
-1.3416
0.477922
0.977882
1.31368
1.2143
-0.568048
2.08905
1.43092
-1.53506
0.657941
-0.593426
1.46988
-1.67725
-2.69826
-0.0217763
2.92266
0.79342
-1.33296
-1.65452
-0.17442
-1.58639
2.4754
0.359364
1.03009
0.894585
1.86248
-2.48252
-0.218731
0.647424
-1.1782
0.585656
-0.710738
1.25269
0.184932
1.51703
0.158481
2.7284
0.910029
-0.923642
2.28176
2.26377
-0.206923
-1.33166
-0.322195
2.90897
0.29485
0.671808
1.00988
-1.26866
0.0495762
0.517336
1.14464
-1.60114
-1.15797
0.201234
1.13035
-0.778311
0.0549991
0.501898
-1.23405
-1.15351
1.27809
1.90529
1.68968
0.0796407
1.49898
0.336535
-0.224761
1.04277
-1.34548
-0.152867
0.36028
-0.564863
1.61688
1.56676
-0.393177
0.525769
1.58597
-2.61325
-2.00207
-1.33911
-1.23579
0.147009
-1.8362
-2.57263
0.0651679
0.883426
-0.548296
0.831233
2.19693
-3.00261
-2.86974
2.14612
0.55981
-0.283064
2.91129
2.26098
-0.092126
-0.169933
0.000216725
-0.203362
-0.450149
0.682853
2.85981
-1.36195
-1.29168
1.7276
-1.29643
-2.03146
-1.14467
0.878481
-0.16973
1.23512
-2.22112
-0.178108
1.60797
2.78991
-1.04629
-0.0676589
-3.54803
0.774581
-0.757974
0.251583
-0.899154
0.017458
-1.43986
1.47532
-1.90298
1.35833
-0.972158
-1.0436
-1.17148
0.973903
0.332901
1.21654
-0.379887
1.24991
-1.60772
1.22672
-1.6224
1.10842
-0.320161
-2.7299
0.581419
-0.324873
-1.4498
0.37163
3.48477
1.12775
0.35607
-0.477828
1.01603
0.171156
0.109274
-0.0624794
0.651758
1.60091
1.66378
-0.267457
0.211937
-1.52984
-0.818792
1.84303
2.10409
0.546612
-2.36215
0.689568
2.31595
-0.23828
-1.05838
-2.15908
0.0864037
-2.26914
0.612412
3.30134
2.81983
-3.08635
-1.0338
-0.0475777
-1.36001
1.26112
2.51785
1.60724
2.45767
3.27924
-1.01907
0.665417
-2.50115
-3.42389
-0.710839
-0.127728
1.44306
-0.56475
-0.942861
0.723288
-1.20304
-0.660796
0.12809
-0.527618
0.224644
1.21378
0.679054
-1.54115
-1.76909
0.856882
0.776275
-1.72082
3.53174
-0.610566
0.378823
-2.79693
-1.06082
1.64967
-0.245325
-1.53507
-3.42682
-1.1585
-1.95695
-1.26832
-1.2313
-1.22188
1.04402
1.48819
0.220998
-1.08882
0.41092
-1.10424
-0.249877
1.06286
-0.290612
1.92139
1.57517
-1.03141
-0.650949
1.57631
0.359071
-0.939853
0.160032
-0.522072
-2.28328
-1.39587
0.992155
-0.18386
2.3194
-1.97541
-1.17575
-1.51901
0.0991176
0.27015
-1.08348
0.115177
-1.88142
-2.27533
1.29
-0.670601
-0.65658
-0.000417598
4.07755
-0.719176
-0.809149
0.527943
0.141491
-0.4647
0.46638
0.244533
0.678578
-0.814702
1.38293
-0.263146
-2.5996
-1.0159
0.353801
-0.696925
1.87932
1.70119
0.667895
0.993598
1.12961
-0.365245
0.945267
1.65336
0.901177
2.18555
-1.49609
1.75075
1.1184
-4.19086
-1.82567
-0.642862
-0.305913
-0.68758
0.201812
0.64595
0.704404
0.892472
0.161903
0.764717
-2.87971
-0.311771
0.159751
1.10574
2.30241
-1.58466
-1.00298
-0.0997831
2.07952
0.85016
-0.567033
0.855995
-2.68987
2.13482
-0.308703
-1.51828
-0.772155
0.981215
-0.499735
0.670104
-1.67861
-1.38223
0.643102
-1.1431
0.620036
-2.05748
-0.465568
0.244845
-1.34643
-0.19527
-2.81988
2.48986
0.765054
0.43622
2.2557
2.11012
-1.56249
0.429907
-0.949096
1.71437
-0.416886
0.8577
0.561852
0.643961
1.01216
-2.49347
-0.71911
-1.22137
-2.55185
2.78799
1.52528
-0.371827
-1.00351
1.93407
2.77635
-0.0889374
0.643112
0.531594
0.276037
-3.18286
-1.00803
-0.147311
-0.316318
-1.6567
1.25654
-1.65368
-0.847844
4.25184
-1.10356
-1.7758
0.939352
0.802802
1.03927
-0.802003
0.957518
0.347072
1.72677
-1.83437
-0.59812
0.141923
-0.0611411
-1.14859
-1.50392
0.104574
-0.83699
0.445009
-1.71614
1.678
-1.80736
0.319921
2.65134
1.55861
0.362358
1.08508
2.09199
-1.31969
-1.73795
0.708354
-0.110007
1.03533
0.171216
0.156529
-0.266832
-1.28271
1.58378
0.229984
-0.767084
0.0990806
0.554006
-1.56072
-3.01328
-1.36866
0.789349
-1.76421
-1.65055
0.554128
-0.103816
1.32516
-1.38364
1.08103
0.401268
-1.14342
-1.66084
0.348986
1.17206
-1.32217
-0.588622
-0.541806
-1.72255
1.00459
1.80337
-1.70715
2.23788
-2.30592
-0.551019
1.47296
0.109018
0.696944
-0.843872
2.25935
0.510639
0.199136
-1.79131
3.57752
-0.704876
0.988899
1.03285
0.251462
-1.01142
-2.01389
-0.693234
0.718759
3.17711
-1.5516
-2.04738
1.60176
0.723485
3.36848
2.65103
-1.03675
-2.38665
1.27814
-1.04203
0.552801
-1.23608
1.31393
0.787765
-0.112373
-1.80188
1.15684
-2.46121
0.863046
-1.22057
0.851052
-2.69805
-0.0144599
1.00373
-1.44081
0.829849
-0.415744
-0.145106
-1.04224
0.885436
-0.194887
-3.00634
-1.32756
-0.441134
-0.87276
1.04831
0.430946
1.10981
0.479593
-0.733235
0.594304
-0.0955593
-1.88474
0.172427
0.971792
-2.10449
1.61413
-0.0154758
2.20993
2.37395
1.35217
-0.42632
0.517518
3.49405
-0.332627
-2.17748
-1.72604
0.54996
0.516406
2.79631
-0.0427076
0.517316
-2.20949
-1.16177
0.302777
1.29559
-0.0638755
0.394956
0.573433
-0.381368
-1.25017
0.530386
1.9515
0.227073
-0.734963
-0.641712
1.17412
0.649787
-1.20112
0.559968
-0.136268
1.36847
1.20548
-1.24132
4.20761
-0.302063
0.299643
0.24281
-2.7359
-1.04431
-0.336224
-1.71935
-0.596212
-0.986228
-1.32039
-1.63815
1.73782
1.08023
-1.28036
-0.615495
-1.82922
3.72536
-0.799216
1.48694
-0.634211
-0.19561
0.237303
-0.288475
1.32941
-1.29938
-0.279743
-1.71214
-1.30364
1.39602
3.28933
-1.83862
0.0101116
1.12456
0.656003
-1.84469
0.528562
0.789641
0.062256
-0.281112
0.379966
-2.26707
-0.815217
-1.00866
-0.674585
-1.22189
-3.49565
1.27373
0.881291
-0.858378
-2.6651
0.13757
0.251494
3.40002
-0.115632
0.740167
1.46518
-1.16846
-0.618694
0.455806
1.56638
-0.337022
-1.35003
0.21152
-0.100353
-2.86486
-0.453472
1.36523
0.468697
0.702902
0.370511
1.42023
0.624218
-2.50757
0.154387
-1.14546
-1.29819
1.57348
-1.75474
-0.387744
-1.50438
-2.30555
-1.70231
0.586761
-3.33745
-0.281183
1.55547
-0.641043
-1.00239
-2.2626
-1.49478
-2.34884
-0.306082
1.79851
1.70765
0.420587
0.232246
-0.892308
-1.9865
-1.35733
1.87822
0.28768
1.92874
-0.840521
-0.355342
-0.46681
2.07525
-0.881795
-1.83961
0.402409
-0.6468
-1.05152
0.770182
-0.403321
-2.21952
-2.39232
0.131532
-2.27825
-0.647749
-0.572353
0.24787
-0.88203
2.24194
2.33646
-0.512441
0.499413
-0.195252
0.740607
-1.90217
-1.82652
-1.42218
-0.936095
0.540784
-1.21809
-0.228382
-0.57236
1.0022
-0.974785
2.43845
0.075963
0.957259
-1.66073
-1.8866
-2.23285
-0.872655
-1.34644
1.03997
-1.23026
0.748323
-1.32892
-0.687279
2.22771
-0.282222
-0.311289
-0.230935
2.47386
0.241505
-1.15621
-0.293591
-1.35934
-1.78293
0.837902
0.398352
1.2044
-2.08672
-1.76153
-1.72155
-1.78177
-1.26151
-0.12259
-0.195383
-0.379119
0.505112
0.0941949
0.625824
-0.334154
-0.433297
-0.697158
3.38686
-0.327224
0.364157
-2.19358
-1.92485
-1.52002
0.800293
-0.475803
-0.0403401
0.463839
0.963049
-2.85572
-2.50959
1.57495
1.80183
-0.270724
1.07189
0.720977
-3.1593
0.0112945
0.985386
-0.568413
1.05911
-0.574051
-3.11154
-0.924989
1.09721
1.69604
0.233054
-0.170476
1.82082
-0.96652
1.70833
0.201684
-1.49341
0.164212
0.398061
-0.321978
1.5625
-1.62222
-2.84713
-0.862184
2.20738
-0.924263
-1.69013
0.0836303
2.42375
1.60536
1.81934
0.28769
-1.97625
-0.67982
-3.12414
-1.40755
-2.14004
1.45423
1.46259
-1.99519
1.92639
1.27671
-0.897929
0.765919
0.205325
-0.717405
-1.99067
-0.987278
0.456304
-0.793733
0.961578
-0.772116
0.21251
-0.116768
-0.544673
-1.90806
-2.78065
-1.10547
-4.30043
1.05003
-0.742537
-0.979795
1.04152
-0.359566
0.08006
-1.50949
0.255981
-1.99465
-0.283695
-0.0937257
-0.708786
1.33097
-0.110494
-0.285644
-1.70206
-1.65112
0.600589
-0.717425
0.216335
0.911262
-1.13689
1.014
0.132052
1.09133
1.10168
2.08371
-1.27623
1.58242
0.710435
1.96554
-0.109877
4.10218
-0.265103
-2.29375
-0.263138
-1.99942
-2.8445
0.317519
1.1094
-1.16942
-3.52225
-0.970563
0.71442
2.11163
-1.02665
1.09175
-0.4072
-1.20064
-0.513104
1.54816
1.84546
0.632342
0.311469
-1.14668
-0.887097
-0.528806
-2.73229
1.45146
0.144692
-2.09074
-1.89169
0.340976
-1.19288
-0.0804625
2.94217
-0.0860801
-0.0195936
-2.90425
-0.875747
-1.3316
2.7991
1.63852
1.73892
-0.376423
0.481819
0.475028
-0.428804
2.13935
-2.13254
-1.52771
0.628259
-0.970021
-2.41844
1.95434
-1.08142
0.00289533
-0.800317
-1.30552
0.985623
0.147245
-1.48973
-0.977681
-0.150417
-0.496125
-3.41841
0.991081
-1.04868
0.979515
-1.00436
-0.115281
0.910586
0.288748
0.710205
0.71588
-0.592921
-3.32296
-3.6126
-1.70272
1.41018
-1.18586
-0.451979
-0.174977
0.492121
0.678037
-0.963059
1.96717
-0.266347
-0.310016
-0.0341925
2.18805
1.64636
0.255925
1.35011
-0.583715
2.48156
1.73785
-0.3853
0.849736
-0.182586
0.939812
0.535338
0.403311
-1.27147
-0.20697
1.59868
0.789281
3.48374
-1.75747
-1.51656
0.868992
2.50362
-0.0877227
0.445323
-1.70905
0.845123
-0.907557
0.407694
-0.861026
0.653213
-1.01832
0.775881
-1.51316
-0.445042
-1.48241
0.793107
-1.00137
-3.04162
-0.302975
0.24988
0.109951
-2.0584
-1.0478
-0.418048
-0.255058
0.971803
1.73694
1.22718
-1.22719
-0.414713
0.356311
-0.441584
1.1315
-1.28088
0.322748
1.22038
-0.321815
-1.85556
0.392755
1.58752
0.719025
1.1741
-0.277321
3.27815
-1.11441
0.287171
-1.26206
1.10022
0.385376
0.0119851
0.510265
1.32244
-0.920117
-2.00045
-1.50591
0.161195
0.765375
0.709173
1.74983
-1.75979
1.10543
-1.9655
-0.379779
0.905605
-0.861591
-1.96957
0.471335
-0.0670657
-1.60953
0.0835469
0.627681
-0.842917
0.571038
-0.296331
0.00179976
0.61115
2.06995
-2.11132
-0.797114
0.0125046
3.29389
0.217688
-0.64754
0.429321
0.276103
3.40366
-3.26594
-1.48968
0.316069
-0.674812
-0.0889688
-0.446744
-2.57071
-2.32508
0.00386277
0.0930281
-1.59163
-0.170895
-1.11302
0.518928
2.3128
-0.397236
4.33877
-0.521238
-0.150726
0.33086
0.123978
2.9562
2.14131
1.67238
-2.26315
1.9481
0.94301
-0.074159
0.348642
0.141932
-3.26375
0.997146
0.0897417
1.36876
-0.682762
-1.29375
1.08769
-0.615725
0.701318
0.124531
0.68701
1.49014
2.71487
-0.614789
3.12348
2.15155
1.44738
0.54597
-1.21796
1.17772
-1.91009
-0.507316
-0.6491
-1.10816
-2.18257
0.196601
-0.498899
1.26782
0.714895
-2.93267
1.63612
0.228242
-2.01175
-0.876607
-1.57725
1.7927
-0.628401
2.63466
1.5217
-0.0888723
-0.703624
0.643722
1.46448
1.3349
4.13458
-1.61016
1.39102
-1.37718
-1.03249
0.119655
-0.382023
0.0612648
0.243635
0.560807
-1.52989
-1.80141
-2.13492
1.85073
0.973443
-0.266263
2.80463
-0.538312
-0.150825
-1.86881
0.710063
0.740108
-1.94852
-0.432484
-0.633165
-0.798167
3.20793
-0.425037
2.26834
-2.18593
-3.00177
-0.265518
1.25779
1.31351
-0.996915
-0.934658
-1.27727
0.12997
-1.61272
-1.38235
0.169252
-1.72972
0.940036
1.63082
0.57752
-0.603453
1.96334
-0.816763
1.12881
-0.938226
1.93818
-0.0492683
0.526061
-0.87615
1.48435
-0.344301
0.439897
-0.266492
3.07996
-1.10173
-0.375782
-0.41183
2.65675
-0.5794
0.96952
1.07021
-0.429286
-0.728726
2.91993
2.1656
0.368852
-0.343379
-0.263158
-1.87158
1.16911
2.94745
0.231808
1.21055
1.92516
0.427513
3.27005
-1.15087
0.721972
-2.42666
1.27471
0.654019
-1.15777
-0.730361
0.765396
1.0243
1.15665
-0.670844
-0.79052
2.53263
-2.11174
-1.70071
0.498391
1.70142
0.630311
1.06992
0.536199
1.45892
-0.89504
-0.291605
0.36497
0.114457
-1.39519
2.35538
-0.183693
2.07002
1.97764
-0.887684
-0.98883
1.42478
3.03699
0.967646
-0.465787
0.88293
0.536668
1.91785
-0.261349
1.59111
-0.0544463
1.86356
0.236514
1.87153
1.84375
-1.6182
2.91333
0.222071
0.578876
-0.0313959
-0.59758
-0.506122
-0.125196
-1.29291
-1.20285
-1.86708
2.22239
0.96704
-0.794364
0.512435
0.775137
-1.95595
0.676589
1.33697
-3.05177
0.541766
0.319969
-0.740506
3.44519
-2.40039
1.23264
-3.59303
-0.342199
0.425732
-0.141327
1.73482
0.156194
-0.436804
-2.5955
0.656615
0.0554154
0.769034
1.7828
1.66646
0.609673
-0.329338
1.43659
0.244637
-0.499874
1.34999
0.611236
-2.00871
-1.30738
-0.413319
1.0451
-1.46995
1.98603
-0.183049
0.223236
-0.310808
-0.864871
0.756985
0.0732266
0.245376
-1.09776
2.44062
1.97762
1.27707
2.27076
-1.91923
-0.24261
-3.36783
0.235824
-0.564015
-1.82047
-0.302324
-0.907759
-0.37758
1.2014
-0.138738
-0.746098
0.704629
3.15668
0.709447
0.0519602
-1.24949
-2.61515
2.23871
0.666483
-1.81675
-2.31122
0.873002
0.748296
0.832402
-0.130604
-3.14175
1.97382
0.193056
1.28444
-0.547473
-0.786464
1.47085
1.40095
1.88299
0.851436
0.01562
0.196416
0.72297
1.96298
0.537334
1.85514
-3.32072
-0.988598
-0.101067
0.932331
2.1744
-1.55774
0.499127
-0.355521
2.03812
-3.09465
-0.0142186
-0.985625
-0.231967
2.67268
1.44044
-0.864842
-0.392906
0.168532
0.800851
-2.02466
-1.20231
-1.0476
-0.924787
-0.00428574
-0.397997
-0.302292
-0.54371
0.328003
0.832407
-1.8235
1.75578
2.00742
-1.16582
-1.46528
-0.75956
0.61168
-0.0795344
3.40483
0.713786
1.37739
-1.60863
0.669564
-2.52849
-0.122177
0.388715
-1.43111
-3.28845
-2.12953
-0.484778
0.567959
0.483173
0.600151
-2.38066
-1.73586
-1.72694
2.42483
-0.816414
-2.89081
0.833314
-0.803828
-0.87241
-1.92073
-0.709292
-2.05365
-1.33673
-1.49223
-1.99604
-0.984446
0.408651
0.993665
-1.37755
1.37977
1.89051
-0.37506
-0.979031
0.237428
1.81722
0.0583772
0.291978
0.280652
-0.398335
0.087513
0.285194
-0.0743711
0.145795
-0.604241
1.66745
-0.27001
-1.69837
-1.70999
-1.01275
0.909987
0.152718
0.223961
-1.79998
1.08572
3.00011
-3.84437
-0.271878
1.70597
0.140453
1.75659
0.152305
0.0579244
-1.82547
-1.15515
-2.80339
0.888208
-1.20016
2.20792
-1.82776
3.07476
-0.811447
-1.13448
3.12765
2.28136
-1.77171
-1.49064
-1.553
0.490554
-1.86675
1.84345
-0.989583
-0.284619
-0.353517
-2.01145
1.73065
1.03534
-0.474597
0.124158
-0.486818
1.89051
-1.59188
1.72001
2.68612
-1.17607
-0.212811
1.92978
1.24469
0.131853
1.94751
-2.25987
2.3068
1.09859
-0.293784
2.17697
-0.128147
-1.65055
0.339999
-0.684873
1.4297
-2.60132
-0.706542
0.816896
1.52377
-2.17326
-1.51791
0.653609
-0.395584
0.450992
0.342529
0.528502
-2.13391
-0.686186
0.43881
-1.09833
1.76035
1.99128
0.17483
1.74182
-1.54085
-0.554376
-0.0510834
-1.42272
-1.15957
0.255022
0.261228
0.282121
-1.10503
0.162311
-2.7053
-0.601352
0.101848
-2.34529
0.707926
-1.94499
-0.636733
0.477573
-2.96001
0.0413907
-1.09838
-0.927941
-1.55495
-1.47169
-0.375556
2.30659
-1.27872
-0.540211
-0.0665116
0.478593
-0.5249
0.35718
-1.69772
-0.26667
0.138635
-0.540174
1.69887
-0.83064
0.228413
2.73805
-0.914108
1.9361
-1.00277
-0.205917
3.09881
-0.272163
-1.93769
-1.09315
-0.831524
-1.04959
-2.57369
0.703012
-0.0487946
1.21763
-2.73338
0.198079
1.21256
1.8938
0.576134
0.428892
-2.09761
-0.567642
0.677962
-0.0888736
1.18465
0.20311
0.63018
1.73321
0.868663
0.691532
0.208725
-0.72093
-0.97941
-1.30576
0.625235
-0.0130799
-0.584828
-2.71073
0.331078
-0.133364
-2.3697
-1.77907
-0.732162
1.63704
1.15483
-1.11533
-1.88794
-0.436167
1.28462
-1.39214
-1.33535
1.74651
-0.336938
-1.13652
-1.42147
1.4625
1.20694
0.760714
1.39474
2.05213
-1.57255
0.967958
-0.183744
0.617252
-0.875238
-0.285282
2.6228
-0.279015
-0.84906
-0.150413
-0.893164
1.09777
1.96496
1.20996
-0.274139
-0.00872827
1.21263
1.25351
-1.82639
0.530544
-1.20638
0.604786
0.0478106
-0.719382
1.53945
-0.0680655
0.177572
1.36313
-0.194585
1.24154
2.00495
2.65189
-1.50588
-0.897009
-0.335938
0.191849
0.267326
1.79691
1.2408
-0.47543
1.17017
0.404405
-0.282252
-3.43134
0.869837
1.07139
-0.653779
0.923633
-1.23838
-1.54947
2.14393
2.39937
-0.584416
0.0134928
2.26307
-0.853516
0.632095
1.41997
-1.88114
1.48019
1.69567
-0.907952
-1.93405
-0.195346
2.15456
-0.848309
1.37422
0.032838
-0.0844265
-3.23045
-0.396369
-1.78828
-1.28446
-1.72742
2.30962
-0.963891
0.384913
0.0577802
1.01019
0.386666
-2.89221
1.48989
-0.716901
-2.04826
-0.395067
-1.77687
0.364475
-1.83654
-0.772625
-1.03496
1.0883
-1.21021
0.0893379
-1.08467
0.270348
-1.54035
1.16335
-0.673162
3.60519
-0.036475
0.793387
0.379161
3.37305
0.242389
-1.03201
1.13383
-0.51722
0.517373
1.77191
0.951282
-0.344276
-0.426147
1.0247
0.364297
1.32857
0.0107704
1.04255
1.03609
-0.247206
0.93913
-2.428
-1.77358
0.745057
-2.38994
-0.427547
2.51951
-1.28393
0.880315
1.68716
1.41105
-1.63914
1.23532
-2.57242
1.60267
-1.54602
-0.303795
0.693695
-0.583935
-0.191837
1.17436
-1.68006
1.09034
-0.662792
-1.18938
0.85943
-1.0411
-0.0594306
2.44687
-1.29485
2.94401
-1.25509
1.21503
1.96119
0.987492
-0.445123
-1.84999
2.08735
-2.88818
-1.19841
-2.37494
0.181021
0.828156
-2.1561
-2.23453
-1.46236
-1.92565
0.210695
0.937885
-2.20402
1.36575
-1.20451
1.10083
-0.739763
-0.858926
1.00659
1.48039
-1.27423
-1.34716
-1.1029
0.252801
-0.682576
-1.71259
2.50821
-1.71388
-1.30704
1.5749
-1.79061
1.67158
-0.855148
1.20206
-1.0891
-2.07497
2.49926
1.08808
-0.386744
0.73521
-0.881534
1.10944
-0.856756
-0.137425
-1.07528
0.0935197
-1.94403
-0.788351
0.968296
-2.55129
0.383704
0.292289
-1.48323
2.25766
0.871244
-0.839961
-1.66222
2.56792
0.570684
2.00076
-1.17296
-0.794377
0.755708
-0.00927092
-0.803669
-0.759499
1.56097
0.395067
0.547858
-0.507424
-0.932239
0.494382
1.6402
2.39058
-3.45598
1.57222
2.17706
-0.302866
-0.994562
2.90041
-0.059744
-2.84396
1.07473
1.79836
-0.0634496
-0.91341
1.02694
1.16455
-0.928813
-0.763867
1.48035
-0.12981
0.65767
1.39442
-0.575563
-2.08161
-0.105633
-3.15449
2.01688
-1.3193
-1.87924
0.101899
1.74405
1.11063
-1.61123
-0.374565
1.16827
-0.165858
1.08262
0.213583
-0.346071
-0.392959
0.036892
-0.0695044
0.393842
-0.704406
-1.27246
-0.758272
1.46799
-0.0689481
1.91221
-0.131718
0.323236
-0.57178
0.646072
-1.40591
0.311233
1.72599
-2.78481
-0.685405
-0.904922
0.392633
-1.08867
0.16553
0.257891
0.632957
-0.249048
0.986348
1.70415
0.332941
-0.626417
2.24681
0.382362
3.3945
-0.529728
2.13624
0.393167
-0.332317
-0.59171
-0.26127
-0.00460041
4.26722
0.459767
-0.481332
-1.99028
-1.59562
0.979469
-1.15548
-0.456509
2.2052
0.10191
1.88928
0.537536
0.428304
1.06377
-1.52243
-1.2021
-3.36666
1.76706
-1.27633
-3.37154
-0.504921
-0.664939
0.282303
1.97847
1.27199
-2.86415
0.317909
-1.99013
0.053671
-0.039714
2.51626
-3.94222
0.269879
0.559494
0.897976
0.484922
-0.788312
0.0333983
-0.240469
0.0719531
-0.299696
-1.56861
-2.2152
-0.0703898
-3.51801
2.00907
-2.96419
0.97031
1.62686
0.192409
0.761784
2.73782
0.440119
-2.28824
-0.999891
-1.49242
0.620475
-0.929034
-0.251877
2.69702
-1.96798
0.498128
-0.0954881
0.312443
-1.67435
-2.57403
-3.06751
2.00067
2.42455
1.29194
0.737151
0.435426
-0.560996
0.657595
-0.0269466
2.08998
0.597963
-1.45884
1.75131
0.621963
-2.24013
-0.689954
-2.12076
0.0242425
-1.85608
-0.511788
-1.0569
1.58683
0.0679745
-1.11589
-1.02653
0.165835
2.44929
-1.21495
-0.255271
-0.940695
-0.958389
0.507117
-1.016
-0.277848
0.395912
2.14661
0.257157
1.08777
0.998421
1.65779
1.33995
0.0708224
1.44777
-0.872489
3.37246
0.560124
2.28991
-0.255245
-1.11715
-2.11255
2.25827
1.77701
2.51127
0.15038
3.14861
0.387441
-0.197489
2.90333
0.544151
1.51311
0.134211
-1.15409
-0.935132
1.37381
-0.0590388
-0.720697
1.99063
0.30852
0.722387
-0.572451
-3.09566
0.172528
-2.90393
0.758008
-0.0729356
0.0190214
0.985059
-0.203481
-1.00566
0.486323
-2.43236
1.00054
-0.738607
1.11183
1.69
1.79276
-0.418539
-0.681268
0.517552
0.269835
-1.03746
-2.36742
-0.00766145
0.490774
3.63718
2.3018
-0.189895
1.76039
-1.75408
0.470032
0.0668265
-1.92028
0.100366
-1.10857
1.66773
-2.03827
-1.26319
-2.65037
-0.848155
0.275331
1.26438
-3.25274
-0.400259
-0.534649
1.4713
1.33856
-0.725716
1.49077
-0.775663
-2.24526
-0.400627
-0.895697
-0.0393448
-0.25886
-0.633026
0.814888
-0.00664309
1.33292
0.0382763
-3.01154
0.772584
-0.484842
-2.34006
0.770601
-0.993166
-0.20757
-0.632192
-0.801071
2.73566
0.199367
1.18549
-0.0988066
1.2936
-1.44879
1.70919
-1.61039
-0.737787
-0.668466
-1.4066
-1.20825
0.934115
0.675488
0.14995
-1.58442
0.100336
2.15428
-2.54664
0.693898
-0.202442
-0.589235
-0.161199
-0.224256
2.22259
0.316051
-0.362066
-0.499293
0.331981
-0.868108
-0.881312
0.107766
-2.69402
0.0418854
-0.766045
0.0866033
-0.631957
0.390223
-0.195622
3.43815
-2.62722
-0.528879
0.713525
-1.87565
-0.589306
-1.46554
0.698825
-0.940392
1.57809
2.39367
-0.554087
-1.68596
-0.610238
-2.59056
-1.41952
-0.0360192
-1.37345
0.373834
0.915103
-0.173971
-0.128437
-1.36017
-0.855154
-1.74161
2.93827
1.72189
-1.2204
0.849221
-0.150662
0.683681
-0.0428657
-1.47915
-0.825184
-0.870313
-1.06603
1.02594
-2.47248
1.05927
-0.845836
-1.04335
1.60247
-1.71791
1.78951
1.00308
3.61943
3.85657
1.43644
-2.4431
-0.166159
-0.0674571
0.179962
-0.559643
-0.449747
2.08373
0.218383
-2.51589
1.79686
2.80794
-1.35761
-1.0107
-2.28542
-0.82406
1.3126
2.44309
1.12407
0.655212
-0.159938
-0.461932
-1.521
0.0789005
-1.79776
-1.40731
-1.18305
-1.4174
-1.69688
1.08241
-0.612103
-0.642671
1.3687
0.577386
0.583704
2.19719
-0.815166
0.40951
0.159818
-0.911906
2.17934
2.00321
0.721493
1.2334
-2.48257
0.369476
0.296536
-0.234364
-1.50435
2.31546
-1.35263
0.892406
1.21014
2.36423
0.644294
0.316604
-2.8433
1.45628
-0.956826
1.37212
0.820891
0.425058
-0.43266
-0.43949
0.59099
-2.05335
0.392231
0.975497
-0.249705
-2.67418
-0.204207
-1.32572
-0.259362
0.366398
0.635373
1.71315
-0.569422
-3.20881
-2.2074
1.26358
1.55337
-0.325166
-0.704276
0.474621
0.136295
1.60282
-2.4644
0.380226
-1.14953
-0.695447
-0.488865
0.906471
-0.123205
1.6936
1.36132
0.909981
0.0941484
0.233655
-0.978297
-0.601081
-1.2094
-1.82898
-1.28952
-2.28496
-0.227427
2.47665
1.0265
1.39329
0.58763
1.14638
0.0668362
0.14985
1.15578
0.692257
1.40206
1.4747
0.728896
0.158468
-2.25044
-1.18488
-0.921389
0.404496
-0.30234
1.31487
-0.996364
1.68281
-2.64448
-1.91532
0.993287
-0.376635
1.12778
-3.01023
-0.549526
1.14382
2.68251
-1.01113
-0.207698
1.74003
-0.370573
-1.41224
2.4955
-0.352443
2.54674
0.616469
0.094156
0.410728
3.57329
0.624549
-0.761375
-1.45374
-0.353223
-0.959309
-0.244657
-3.44774
1.69595
0.136979
2.00997
0.974066
-0.965181
-1.71271
1.99058
3.0388
0.570402
0.553839
-0.689614
0.305746
0.531704
-2.57151
-2.17648
-0.559353
1.11112
0.816888
-1.8865
-2.80932
-0.199744
-1.73027
-0.921625
1.08138
0.308313
2.07316
0.288993
0.205997
1.35491
0.498104
-0.889616
-0.377085
0.785158
-1.61241
-2.22925
-0.0910986
-1.74713
-1.03467
-0.342123
1.22909
-0.873023
-1.80541
0.174411
-0.643809
-1.36317
1.67809
-0.1523
-1.80474
-0.0992852
-0.36041
1.2886
0.833416
1.70327
1.74542
-0.322297
0.762565
0.552206
0.678313
-0.702523
-0.529926
-1.1616
2.09949
-0.428673
-0.761585
2.01361
0.717059
2.10196
-1.37707
-0.81092
-1.01894
0.555004
0.491412
0.204107
-0.622928
-1.1277
0.803914
1.29768
0.517473
0.25254
0.00863609
1.07134
-1.67765
-0.0539921
-0.205309
0.305645
1.31889
-1.35992
0.872901
-1.68253
-0.758156
0.810382
1.66185
0.661353
2.0846
-1.5985
0.586602
0.0205374
0.284339
3.16763
-0.218846
-0.557314
1.77536
-1.83024
2.17529
-1.15486
-1.70003
-0.549803
1.40439
-1.31185
-1.27628
1.40825
0.386427
-0.48513
-0.242645
-1.62971
0.285127
-0.618659
0.873306
-0.863848
1.07751
0.323171
-0.3597
1.7286
-0.0447044
0.750964
-1.01639
-2.2766
0.761982
1.91185
-1.04898
-3.01676
-2.93122
-0.410869
0.660776
1.12687
3.01417
0.469738
-1.00927
2.42751
2.85928
-0.0308877
-1.78252
0.607519
-0.300714
0.674299
-0.118418
-0.0201085
-1.91512
-0.774197
0.26089
-1.92869
1.3733
-0.276382
-0.20268
-0.464517
-1.29786
1.05962
0.619852
0.123346
0.872688
-1.12473
0.0839699
1.2614
-0.886762
-1.01313
0.841451
0.364475
-1.38007
-1.44307
-0.327164
1.34026
1.4091
-0.392022
0.589749
2.80501
0.888791
-0.545521
-2.0661
0.403027
0.905385
-0.435199
1.36633
1.57241
-1.66318
1.28453
-2.25957
-0.301844
-1.89618
-0.78697
0.86517
0.657939
0.845202
-1.87808
-0.640295
0.15132
2.86157
2.77765
-1.9001
-2.00018
-2.20749
-0.711215
-1.30667
0.272185
0.103029
1.20522
-1.45897
-2.95881
-0.771092
0.480996
1.52152
-0.145256
0.558812
-0.563829
0.137681
-0.297257
-0.597878
-0.895996
0.320854
-1.36594
0.928367
1.37771
-0.206443
0.569953
1.8754
0.761253
0.394849
-0.652841
-1.08943
2.43039
-1.75602
-0.347235
-0.707938
-1.83456
-1.28319
2.26872
-0.631833
-3.73349
0.680274
0.35773
1.09741
0.388093
1.01867
0.0729566
-1.07253
-0.466803
2.58488
0.739552
0.657062
0.546262
-1.81469
0.511672
-3.8526
-2.09623
0.602423
-0.309753
1.57227
0.295116
1.19226
-2.8766
-2.8569
-0.488501
-0.193184
0.932733
1.06723
-0.114911
-0.716585
-1.25285
-0.361224
-0.387852
1.1807
-1.53077
-0.97024
-1.92528
0.470728
-0.875895
-0.319422
0.249272
-1.60601
0.960338
-1.39815
-2.18648
-1.01336
2.37494
-1.39808
-0.530045
1.691
0.799041
-1.64631
0.359654
1.17673
-0.339584
-1.44093
-2.98183
0.435845
0.103151
0.801117
1.50584
-2.35575
-0.870253
-0.316164
-1.03862
-0.15171
-2.0474
2.09392
1.1007
-1.02206
1.40449
0.441686
1.91771
2.10009
-0.473244
1.67436
-0.363582
0.98825
1.56377
-2.62979
0.847653
-1.05244
0.880946
-2.44987
0.108631
-0.129698
-0.919274
1.51984
3.39145
0.428039
3.10087
0.602987
-0.616513
-1.43082
-0.272107
0.25473
1.93908
-3.03235
1.13504
2.78682
1.11514
0.416078
-0.37965
1.15663
-1.74492
-2.50162
-3.2098
1.24112
0.833614
0.487443
0.283089
0.621779
0.630781
0.470948
1.98732
2.88092
1.13117
-1.85931
-0.727077
0.771322
0.221956
1.16532
-0.361916
0.985999
-0.162993
-0.197806
0.276617
-1.39227
2.77411
0.845515
0.388583
-2.70046
3.43927
1.16411
2.33324
-0.548364
-0.595835
-0.267687
-1.1378
0.23782
-0.80413
1.37665
-1.2012
2.28128
1.23387
2.20723
1.30384
0.600556
3.02485
-0.447342
0.64773
-1.76399
1.10101
-0.117437
3.41713
-1.34388
0.0727429
-0.637992
1.4404
0.251081
-0.32429
-0.266862
-1.35479
0.420363
1.78217
-3.12891
0.464594
-1.07606
0.767626
-0.353412
-0.688303
-1.41657
-1.47513
-1.21951
-0.160369
-1.09272
-1.71168
0.544427
-1.51293
-0.192781
1.3861
-0.292452
-0.766792
0.0604547
0.495746
0.769781
0.914982
-0.823717
-1.96344
-0.243
-0.163111
0.660328
-0.356279
0.564862
-2.40603
-0.741878
0.0496477
2.34847
0.9946
0.226634
0.245723
1.01095
1.77565
0.408392
0.605378
0.979205
-0.645088
1.12455
-0.725665
-1.40631
1.68473
-1.1619
0.312483
0.366964
0.159347
0.64092
0.425715
-0.386286
1.6324
-1.1316
0.0504916
1.76331
1.31748
-1.00387
0.881042
0.823201
-0.84672
2.71904
-2.0894
-0.336288
0.872592
0.471556
-0.157505
-2.42635
-0.357986
2.57874
-1.08981
-1.9277
0.439289
0.106802
0.714053
-0.944134
-0.509861
1.81687
0.0558054
0.26265
0.253563
1.61436
2.70759
-2.3896
0.29115
1.64975
-1.28282
0.139786
-1.84235
0.880978
0.858385
0.611175
-1.37351
0.710474
0.676886
-0.997805
2.19446
0.0219335
-1.44079
-1.9412
-3.44974
-1.15201
0.687261
0.455051
-1.36793
-2.62019
1.65183
0.573358
-0.752522
1.11257
0.610849
-0.204256
-1.61387
0.357322
2.40259
3.10863
-1.97098
-0.855045
-1.43291
0.0222833
-1.30167
-0.790832
-1.51238
0.488298
1.45862
-0.797733
2.54467
1.54738
-1.61539
-1.1481
1.97981
-0.30373
1.68998
-1.33193
0.234694
-0.950952
-0.826831
1.73226
0.730209
2.54035
0.603657
2.17698
1.68176
-0.359174
0.682219
-2.42983
-1.85355
2.19558
0.0475729
1.8067
-0.410689
2.12751
-1.59344
-2.24111
2.96518
-1.13679
1.36793
-1.10712
-2.40215
1.00481
-1.5279
1.3008
-1.42325
-1.09234
1.6475
0.295069
-1.76981
0.191305
2.08193
-1.64761
-2.66798
1.21083
2.03735
1.32889
-1.17286
0.754532
1.8484
-0.852844
1.61214
-2.17076
-1.7553
-0.2507
2.60258
1.13083
1.54494
-3.51127
-2.30163
0.679374
-0.0265565
-0.856686
2.40637
-1.71996
1.54119
0.00897886
-0.797924
-2.06727
0.857648
-1.85605
-0.596244
-1.25393
-0.551389
2.40548
1.84256
-0.407333
0.758269
-0.353933
-0.481417
-3.30442
1.46792
0.71634
1.0434
-2.49511
-1.17697
0.486673
-0.87428
1.31909
0.255423
-1.01673
2.26406
1.44019
3.36434
-2.67467
0.0424029
1.6885
1.22095
-0.175197
1.688
-0.288328
-1.17368
-0.0970975
1.44682
0.0248188
0.90939
-2.11361
-3.5008
-1.45159
-1.4597
-0.333985
0.451535
1.61369
-1.77178
-0.155274
-1.24226
-0.974545
0.483988
0.621611
-0.0644483
0.137704
1.07213
-1.15397
-1.38726
-0.183686
0.581621
-1.41136
0.261188
-0.483286
-3.71155
2.10695
0.335603
1.33822
-0.163861
-0.333455
-2.92547
0.313825
0.00748941
-0.393138
-1.58811
2.25203
1.80969
-2.35494
-0.00371235
0.176162
0.975375
1.54503
0.595849
0.686899
-1.4354
-1.0377
1.24593
3.35746
1.46086
-1.92942
1.17887
0.478194
0.000402908
2.1404
-2.12912
-0.0828108
-0.175536
2.78667
0.203879
-0.53063
-0.876227
-0.615586
-0.618611
-1.46137
-2.29986
0.0186727
-3.15088
1.37551
-1.37414
-1.12781
2.20196
0.224469
-0.312573
3.51097
2.7278
1.01763
-0.185151
1.50113
-0.209515
-2.11422
0.143342
0.654656
-2.44411
0.520724
-1.49157
0.154943
-1.79352
0.898218
-0.660082
0.623755
2.2437
0.480558
-1.32198
-0.310717
0.229315
2.49086
-0.290515
-0.187633
2.36688
-1.98098
0.295187
-0.761652
0.940641
0.0238296
1.6874
0.114496
1.92187
0.744996
-0.54045
-3.03861
1.06651
0.881882
-0.0130474
-0.515822
-0.195687
-1.3771
0.521909
-1.60509
-0.127868
0.452738
-1.39562
-0.595188
0.830702
-1.80712
-2.8478
1.73023
-0.0208554
0.657948
0.975244
-0.0100587
2.03411
0.803307
-0.269
1.20576
-0.0634036
1.42992
0.955042
-1.25613
0.675941
-0.705106
-0.386716
-1.30036
1.52313
4.53734
-0.0321799
-1.10371
-0.624701
1.97574
-1.47193
0.370956
0.708692
-0.159595
1.3964
-1.439
-3.54577
-0.763109
0.172659
0.579039
-0.461657
0.770988
-1.31629
1.14645
-1.67297
0.604975
2.83635
-1.69561
-1.14938
-2.07998
-1.58037
-0.656938
0.141356
-1.46464
-0.0185022
0.519562
0.0955771
0.0671308
-1.60328
-1.42377
0.437142
1.63976
0.749171
-1.64916
0.0234093
-1.27857
-0.711507
-1.68002
1.26938
-1.77736
-1.23686
-1.41112
-0.471319
0.3837
-2.65487
-1.12631
1.8545
-1.31022
1.42331
0.633163
1.87306
2.19645
2.05076
0.321776
1.25411
-2.25025
0.10749
-0.758477
0.784737
-0.586129
4.29319
1.02106
-0.173845
1.12211
0.898083
2.74643
-0.552443
1.60811
1.07749
-2.15437
-1.80332
0.945398
-0.576072
-1.37072
0.797123
1.78125
1.02226
-1.03062
0.744113
0.391005
0.894003
-1.07724
-2.3656
0.103177
-0.0559914
-0.814388
-0.509951
-1.10108
-1.59745
-0.349178
-0.446011
2.53253
-0.174337
1.27923
0.211907
0.778709
-0.172267
0.434255
-0.902238
-1.98223
1.86262
2.09703
2.19382
0.715843
-0.812541
-0.0550164
0.760546
-0.130301
-0.740816
-1.62891
0.359013
1.14368
0.0605881
-1.64461
0.00614517
-1.43362
-0.433997
2.14525
-1.04355
-1.11283
2.60324
-1.96489
-0.739129
0.701934
1.52287
0.483173
-0.457341
-1.37291
0.909118
-0.93824
-0.115228
1.2928
1.84824
0.136031
0.460716
0.532432
-1.56872
0.519752
-0.260983
-0.0777586
-0.234917
-1.27954
3.76416
2.06113
1.93037
0.143209
-0.424349
-2.61845
0.465313
-0.102958
-0.853237
0.444251
-2.68018
0.926775
0.786411
-0.0583108
-0.382707
0.555344
2.53769
1.26303
-1.84894
-0.0305479
-1.17204
0.94177
-0.0162754
2.34241
0.209856
-1.98146
0.267005
0.204774
0.985209
-2.95865
-1.06885
-0.882801
0.466476
-1.79095
0.196103
-0.172749
-1.96079
-0.274135
0.756904
0.0267976
-1.22911
1.70495
0.873691
-1.77019
2.3419
-0.275687
1.12403
-0.714673
1.0924
-1.77155
1.10457
0.551637
-0.317511
2.03527
0.0855265
0.586684
1.89144
0.838655
-1.49075
-1.37508
1.19008
-1.00428
1.9679
-0.570851
0.546799
3.59056
1.49024
1.30237
-0.767361
0.313397
1.39456
0.323661
-0.0673578
-1.54703
0.149379
-0.629543
-1.57287
-1.33561
0.643503
1.50855
1.09265
-1.85375
-2.46294
0.412172
1.46216
-2.00216
3.01051
-2.13953
1.97141
0.034137
-1.9018
-0.123564
2.11786
-1.36642
-0.921317
-0.18332
0.489964
0.991865
1.13317
-0.179978
0.190177
-1.34215
-0.0113513
1.36265
-2.35596
1.01907
-0.321171
0.822762
0.489532
0.861116
0.83624
-0.280223
-0.070815
-0.848652
0.25141
-2.30155
1.77902
-0.857378
1.39675
1.56963
0.943421
1.41721
-0.853881
-0.157567
0.222178
-0.0440061
-0.34139
-3.19146
1.86643
0.928066
-1.97771
-0.919943
1.68171
0.524752
0.702409
0.123861
-0.944439
-1.51686
0.604753
1.55554
-0.779534
-0.0312787
-0.539748
1.96906
1.70954
0.0947397
-0.698069
-1.47889
-2.64669
-1.21872
1.31305
0.923399
-0.595913
0.230923
-2.82293
-0.84878
-0.52778
0.559081
-0.973599
-0.560692
-1.05518
-0.603813
1.38915
1.66998
1.40524
-1.95636
2.01613
-0.115237
-0.313881
-2.23018
1.88114
2.11707
0.57482
-0.660089
0.102567
-0.415523
-1.59947
0.818473
-0.126756
-1.91573
-0.595706
-1.15061
1.26792
-1.04933
0.492904
1.4598
1.74799
0.027683
1.24904
-1.6452
-1.15137
1.34219
0.901185
-0.824658
-1.93893
1.12028
2.49889
0.265264
1.62258
-1.10048
-1.6763
0.446314
1.94292
0.0253274
0.524129
-0.574727
1.34938
-1.16764
0.329824
-0.406409
1.69063
1.48851
-1.33971
-1.15963
2.8048
-0.0770904
-0.548347
-3.94264
-0.152688
-2.37335
0.615776
0.0699558
1.36951
-2.75114
0.9523
1.48777
1.16996
1.11789
-0.874074
0.367762
-0.174355
2.96306
-0.269007
0.501133
0.904534
0.776408
1.67096
-0.473897
-3.72773
1.35532
0.241137
-0.572621
0.396577
0.986035
-0.935816
1.96571
-1.20511
-1.15178
0.228782
-1.2914
-1.74302
-0.729666
-2.00446
-0.232145
1.55752
0.288425
0.482803
-3.38696
-0.951803
0.610116
-0.624654
1.39532
0.121244
-0.44266
-1.33098
-2.18353
0.611823
0.438442
2.37686
0.59356
-0.0764078
0.141567
0.559253
1.0746
-3.35401
-1.26798
1.73071
-1.37529
-0.939456
0.990778
-0.950144
-0.144346
-3.71257
-2.49981
0.253861
0.63723
1.28286
0.274329
-0.491791
-0.699948
-0.809058
-0.948865
2.25931
2.4041
0.665991
0.287671
-0.762045
0.922469
-2.13884
1.90317
-1.3571
0.395793
1.627
0.411136
0.871788
2.19985
-0.477729
-1.1894
-2.13877
-0.56238
0.978377
-0.125864
-1.79881
-1.25333
-1.29109
1.03113
0.224118
1.68034
-0.469758
0.0703851
-0.58869
-1.61673
1.76987
-0.998742
1.93027
-2.27575
-1.50369
-2.28597
0.158911
1.89689
0.673285
-0.539396
0.179178
-0.704277
0.234028
-1.02347
-1.86678
-0.811586
0.590945
0.22598
1.96967
-0.0907691
1.07209
-1.90591
-0.485214
-0.691407
-1.30475
-0.292186
0.929994
2.75815
-0.203213
-0.140004
-0.78639
0.550777
1.67776
-3.24818
-0.00706016
1.15723
-1.20634
2.41602
-2.30382
0.895002
-1.32765
0.0569979
-2.1741
-0.692034
-0.0131274
1.78921
0.715682
0.926582
-2.08991
3.25418
-1.09068
1.67565
0.0476015
-2.32678
0.0217003
0.909174
0.184301
0.251504
0.456102
0.918629
1.54232
-0.484986
-0.162305
1.28527
2.49741
-1.84823
0.431979
1.09609
-0.741791
-2.32337
-1.09732
0.898166
2.4583
-0.851162
0.396171
1.35956
0.100879
2.37147
1.63826
-0.362436
1.70448
-1.42769
-0.688274
0.542586
-0.280727
0.679239
1.51807
1.03658
-2.7263
0.134766
-1.97117
0.483166
-1.31717
2.1241
1.18032
0.193014
0.450585
1.314
0.398321
0.235875
-1.14367
-1.07394
0.747107
-1.19343
1.01704
0.881651
-0.424274
-1.20689
-0.0870938
-0.817877
0.492475
-1.48095
-1.73764
0.0160252
0.171088
-1.05007
0.694444
0.872867
-0.677101
3.27457
0.0809945
-1.43412
-1.35752
1.66093
-0.149463
0.585886
-0.119841
-0.855763
-0.749499
1.11847
0.464174
-1.67535
0.429876
-0.488603
-3.87517
3.74678
0.347477
-0.888847
1.62022
0.246917
-1.08208
0.63327
-0.301874
0.853537
0.394975
0.172647
-2.34083
0.146598
1.28788
-1.51198
-0.864455
-0.821056
1.92741
0.456461
0.140844
1.10473
2.62973
0.319617
-3.26364
-0.0033776
-1.37822
0.695378
1.75454
1.98136
-0.372384
-0.322476
-0.33951
0.0488312
1.79188
2.77896
0.79349
-2.13419
-0.93
1.47997
-2.44918
0.381864
-0.665346
-0.156923
1.55388
0.606434
-0.373976
-0.494867
1.71237
1.23416
-0.592797
2.11813
-2.76773
-0.276544
-0.184773
2.19235
-1.05204
-0.737971
-0.110398
-2.62354
0.690225
0.41161
0.816896
0.812122
-0.355329
-1.02957
-1.58357
0.335595
1.26738
0.3146
-1.04463
-0.769606
-0.207323
1.11707
-1.57376
-0.587062
-1.13002
0.353713
2.41025
1.68777
3.11968
-1.2345
1.29016
0.931717
-0.410062
-2.17087
0.916851
-2.84272
2.21486
-3.00839
-0.417699
-2.17054
-1.50581
-1.36564
-0.120771
3.20742
-0.104159
-1.12827
0.634555
-1.41034
0.486151
-0.872394
-0.950176
1.00095
1.53942
1.20433
0.962838
-0.0168275
-0.218325
0.668992
-1.47524
-0.702299
1.23633
-1.03123
0.0714171
-1.36761
1.55913
-1.32218
-0.410063
-1.01851
0.92711
-1.46045
-0.62958
-3.47116
-0.513697
-3.67994
-2.3287
-1.51614
-0.919156
1.24971
-1.40808
-0.137046
3.07619
1.32957
-1.27566
0.299877
-0.932564
-2.12302
-2.69048
-0.56672
-0.354218
2.06231
-0.251578
-1.97563
1.93263
0.721848
0.00115246
-1.88245
0.391609
2.24572
-3.13644
0.568152
-0.896216
-1.629
0.0698695
2.35878
-0.302712
-2.29064
-1.14054
-0.476904
-0.667975
1.59692
-1.08807
-0.475761
0.980441
0.56891
-0.714022
0.0540514
-0.0443006
0.0707282
0.300949
0.0182525
0.259323
1.47746
0.19089
0.726219
1.54425
-0.741407
3.07714
1.49843
-1.30072
1.80549
2.13689
-0.162703
-2.01385
-0.0386455
-1.52569
-1.21651
0.432421
-1.72014
-1.57265
-0.593053
-0.3164
-0.479937
0.714699
-1.44373
1.11744
-0.423678
0.940729
2.06302
0.250545
-1.56581
-1.23024
-2.404
-0.41566
-0.603599
-2.4634
0.164044
-0.723041
-1.05338
0.379696
-2.69172
0.621891
-0.285768
-1.20349
0.0673663
-0.364867
-1.37396
-1.0558
-1.73206
1.16615
-0.930355
0.160314
0.0649499
-1.80181
2.97855
-3.12746
-0.248989
-3.24057
1.97135
1.13717
0.74472
-0.212636
-0.452313
-1.42439
1.82442
-0.976937
-3.7355
1.80174
-0.417396
0.0056555
0.722153
-0.801946
-1.34531
1.88139
-0.90765
0.520006
0.542573
-1.78276
0.619549
1.26103
0.095253
0.878422
1.3389
0.346129
0.325106
-0.268773
-0.0623978
-0.0435229
-0.140494
0.373457
0.176669
0.755702
-2.08517
-0.241278
-1.74523
-0.156602
0.757486
-0.0941565
1.26692
2.125
0.858582
0.0445443
-1.10986
0.983019
1.88536
-1.27919
-1.15214
0.823453
2.5214
-0.00799005
0.0696042
-0.425145
-0.13156
-0.0523652
1.06063
-0.0299458
-1.10756
-1.05254
1.54215
-1.00416
1.2087
-0.73406
-2.57775
1.4526
0.4725
0.51022
1.0413
-1.4235
-1.24044
-2.75016
-1.69163
-1.71563
-1.34746
-0.752018
-2.52631
-0.461915
0.82217
2.37026
2.12037
1.75593
-1.56745
-0.872018
0.350923
0.777576
0.925204
-2.11758
-0.640204
0.747314
1.81448
1.55569
-0.270308
0.00831724
2.33636
0.445635
-0.407391
0.120983
0.663226
0.429702
0.185131
-0.149106
0.0797853
-0.741422
0.294068
0.848675
-0.0409739
0.0967721
-0.408751
-3.83561
-0.00946574
0.176194
0.280375
0.84512
-1.11307
3.51354
-0.891664
1.83219
1.09288
-0.320575
-1.21986
-2.26527
-0.189058
-0.342126
-1.96743
0.375743
-2.34232
3.47305
1.93072
1.60127
-1.02875
0.200332
1.07731
-0.567346
-1.51894
-2.50466
-0.00655615
1.90348
-1.14325
1.32045
-2.10741
0.0817186
3.39822
-0.701019
-0.0597711
-0.171359
0.0947049
-1.64901
1.91304
1.2927
-2.43126
2.06472
0.454177
-2.33576
-0.461142
-1.39227
-0.093416
-2.51493
-0.31198
-0.189414
1.20872
0.141815
0.548291
1.54039
-0.709515
0.926344
0.768186
-1.24127
2.23851
1.96281
-1.05925
-0.412687
0.409183
-0.145612
0.164077
-1.23306
1.47703
-1.66117
1.32036
0.401315
-3.44771
-1.52956
0.621745
-0.920259
-1.17198
-2.98178
-1.38317
0.0575416
0.389481
2.21855
-0.908114
0.840525
1.83656
-0.249417
-2.06601
-1.38108
1.84335
-1.92845
1.79177
0.688867
-0.603703
0.321211
-2.19756
-2.4201
-0.0549446
-0.046178
-0.804017
1.95985
0.422745
1.48615
1.8916
-0.0578878
0.391024
0.691281
-0.899714
-1.46527
3.11603
-1.95754
-1.01434
0.470304
1.53723
-0.606541
1.20351
-1.04052
-0.962171
0.453644
-0.720166
0.954151
-0.246539
-0.186038
-1.15385
-0.997746
-0.548967
1.97956
0.264355
0.147679
-2.19054
-2.37608
-0.884228
-2.66058
0.0063378
0.212102
-1.16497
0.524736
0.894832
-0.822378
2.5964
-4.49589
-2.58048
-3.00326
0.833219
0.138285
-1.11994
0.312302
0.320947
0.43777
0.0263974
1.69638
0.0782863
-1.03436
-2.0091
0.456564
1.80225e-05
-0.300288
0.638821
1.16776
1.65843
0.726929
2.39998
-1.36436
1.71055
-0.647546
-1.51208
1.15187
-0.143389
4.15903
-1.79743
0.662219
-2.35271
-0.69746
-1.32134
-0.928205
-2.73705
0.390782
-1.29282
1.31919
-2.12716
-0.166322
-0.0744243
0.400626
0.113477
0.0462729
-1.59395
-2.18534
-0.763009
-0.138068
-2.16684
-0.811463
-0.125135
-1.3803
-1.36673
0.771728
1.60714
1.767
-0.57226
-1.30821
-1.71746
1.08806
0.785933
0.251375
2.93943
0.667069
0.0723477
-1.50018
1.45265
2.25105
2.3659
-0.558066
-0.123217
0.84278
0.738087
0.0638234
2.27991
0.870818
-1.39398
1.89742
-0.249998
2.04223
0.300613
0.44581
0.749437
-1.55847
-2.4512
0.509847
-0.881515
1.01405
1.41376
0.3896
-1.2974
0.680328
1.96708
0.161848
-3.97478
-0.775856
-1.5134
0.075741
-0.570486
1.50019
0.454858
-0.180832
1.06365
-0.848752
-0.157668
-0.0231695
-1.57629
0.729104
0.6852
0.0729759
1.19472
-0.514657
-1.06541
-0.937489
3.25912
-3.3319
-0.895373
-0.908682
1.59583
-0.227554
3.27611
-0.621725
-3.90366
1.64869
-1.76923
-0.776377
1.01825
0.273769
-2.74022
0.21259
-0.246549
-0.411761
-1.04755
0.151453
-0.157147
-2.60782
0.169242
1.45153
-0.081296
0.485412
-1.41933
-0.486214
2.1243
-1.61615
-1.10569
-0.627581
1.56723
0.220074
-0.259195
-1.45545
1.0073
0.229181
-1.45955
0.942286
0.442429
1.36797
-1.28589
-1.67142
-3.33622
-1.49419
-0.605002
0.402042
3.1568
-2.12309
-0.462294
0.976072
-2.40816
1.86464
0.656692
-1.601
1.67403
-0.210352
0.097548
0.37487
-1.31864
1.66412
-0.0291732
-0.972892
-0.994724
1.58983
2.22032
0.551136
-2.04959
0.867704
2.25616
-0.282205
2.19403
-2.60114
-0.0913657
0.565337
-1.83127
-2.34268
0.0965819
-0.0421257
1.18846
0.321521
-2.52276
-2.28505
-0.58402
0.963403
1.44572
1.26898
0.614804
3.04088
0.732937
0.561476
3.26316
-2.13094
-0.176017
-2.20487
-1.42328
0.506039
1.15318
2.79166
0.324324
-0.0625779
0.414137
0.217065
1.88492
-1.87809
0.331372
-0.237421
-0.386011
-2.75018
2.08841
0.803555
0.908613
1.25858
0.485645
-1.86798
3.04275
-0.0426543
-1.53511
0.956482
-0.464829
1.6653
-0.616656
0.157448
1.0655
1.07616
1.45625
-1.26754
-0.13079
-0.62407
0.363981
-2.25698
1.49622
-0.720062
-3.11099
0.232605
-0.724439
-3.4104
3.39271
1.10942
1.11994
-0.176967
1.55761
1.57428
1.97894
-1.15642
-2.28265
-1.89028
-0.325925
0.699773
-0.723228
3.29485
-1.75842
-0.176696
1.65694
1.35236
0.334761
-0.463409
-2.92234
0.250214
2.77257
-1.04002
1.45113
1.04109
-1.9278
-1.32445
1.81131
1.65516
-0.654898
-0.521668
-0.0025431
0.485256
2.16084
-0.177532
0.0281733
-2.14191
0.845775
0.377113
-4.40836
0.378392
-1.19216
0.893729
-1.25583
-0.443112
0.761365
0.243418
-1.83421
-0.442571
-0.72906
1.79083
1.2756
0.283081
2.72642
-2.2529
-0.16582
-0.273572
0.859393
-3.10856
-1.05828
1.21578
-0.946406
-0.197854
-0.710351
-0.189569
1.03184
1.369
1.24642
-0.490638
1.296
3.88376
2.85679
-2.71819
-0.955299
0.495768
-0.63739
-0.678791
0.236376
0.713747
-0.995433
0.54271
0.466055
0.859316
0.384398
-0.780856
0.624594
-0.760132
0.279775
1.62909
0.492228
0.589878
-0.454378
-0.589272
-0.260124
-1.14048
1.50273
-1.82716
0.866915
0.186951
-3.4336
0.404423
-1.58881
0.843735
0.0758473
-2.28956
-0.26758
-0.591083
-1.6491
0.813857
0.838506
-0.264633
-0.919745
1.368
0.66446
-0.317176
2.11759
0.11759
0.744912
0.499588
-0.0737433
-1.95458
-1.42107
-1.14483
2.01485
0.607482
-1.74303
-0.725249
1.94297
-0.83802
-2.88805
1.11765
2.68875
-2.2642
-1.22445
0.746474
-1.25671
-0.0156851
0.90262
-0.325774
0.04591
-0.221635
-1.01525
0.694831
0.59908
0.894683
0.489882
-1.92796
-0.573429
-0.791568
2.42069
0.444616
1.2984
3.28951
-0.926928
0.256055
0.401888
2.59305
1.33848
-0.0836283
-1.07153
-0.533632
-1.44411
0.808266
-0.157207
-1.3982
-1.74704
0.0730398
0.0795377
0.290569
-1.22653
-0.779302
1.45802
0.148669
-0.266148
-1.09434
1.6207
-0.00663152
2.71941
-0.445504
0.124174
-1.43202
-3.18495
-1.78451
-0.670336
-0.388703
-0.356192
-1.66859
0.626699
-1.90778
0.236373
-0.645438
0.297892
-1.4021
1.00229
0.894904
2.63709
3.69051
-0.511734
-1.08604
2.48411
-1.37248
-1.66446
2.31954
1.63061
1.08569
-0.882601
-0.564734
-2.09691
0.516282
1.92748
-0.133789
-1.78698
0.0221205
-0.073667
-1.3353
2.29986
0.137139
0.711462
0.12304
-0.434635
-0.707394
0.478994
0.97045
0.702743
1.70348
-0.336011
0.744987
0.453045
-0.558857
2.56849
-0.753718
-1.47924
1.76296
-2.02649
-0.378427
-3.14891
1.98717
0.363388
-0.0272795
0.925134
-2.20132
-1.13547
0.346379
0.918086
1.09491
1.76112
0.353741
-1.09575
0.689424
2.97428
-1.48309
0.740759
0.276827
-0.186418
-1.22861
0.986006
1.84181
-0.0367968
2.66826
1.00791
-0.349439
0.247562
0.614475
-2.23727
-0.57605
0.0366982
-1.79478
-0.76561
-1.04582
-0.371289
-2.15264
0.0714437
1.6332
0.788728
-0.529004
-1.73888
0.816735
-0.141306
0.0535617
0.02027
-0.235235
-0.760383
0.607131
1.29668
-0.510686
-0.341648
-0.190775
0.268826
0.0533091
-0.719953
1.29545
-1.62696
-0.615355
1.48005
0.909737
-1.73618
1.78051
-0.469647
-0.875674
-3.03283
-0.305793
-0.894019
0.484393
1.69914
-0.649549
0.742071
0.141387
-0.41594
1.47013
0.101222
-0.680748
-1.19092
0.140291
-0.657029
1.92374
1.10504
-1.11035
-2.26232
-1.99274
-0.837073
0.364417
-0.172429
-2.21606
1.07937
0.390304
2.88486
1.19814
-0.817906
0.258455
-0.407953
2.28219
0.160528
-0.730782
-0.729438
-1.5573
-3.76621
0.121765
-0.839767
-2.6483
-1.00766
-1.29242
-1.22996
0.291649
-0.597967
1.38973
1.97015
0.0203719
-1.14086
-0.479369
-2.20365
0.227733
0.166292
0.0151673
-0.840338
-0.779941
-0.00930926
-1.00819
0.0543086
-0.281363
0.522618
-1.17073
1.29412
-1.13985
1.01946
-0.475601
-0.942947
0.722755
0.0867646
-1.88041
1.23056
-0.796204
0.111272
-0.476474
-2.58184
1.04282
-0.177004
1.79927
-2.03107
-1.2292
-1.76811
-0.7681
0.271599
0.00507666
2.01988
0.35438
-0.565252
3.34211
-2.57899
1.70793
-2.15525
-0.596756
-0.789529
-2.33043
-1.98334
1.89396
-1.39883
2.6307
0.166733
-1.26872
0.592934
0.975718
1.8948
1.89498
-1.63918
-1.2669
-0.614334
0.984104
1.7127
-2.46205
-0.912209
-0.132457
-2.79903
-2.3642
0.232577
0.38461
0.425815
-0.28641
0.209991
2.00048
0.747497
-0.926567
0.864381
-0.316991
0.404682
2.78005
0.130009
-0.0515584
0.176285
-0.519201
1.39557
0.521312
-0.752421
0.448121
-1.58327
0.727862
3.0231
-0.0596788
-0.60616
2.43105
0.477354
-1.15162
-1.98142
1.36732
-1.49674
-0.539584
-0.362931
1.09192
-1.25886
0.989239
-2.13612
0.669138
1.74766
2.99321
-1.38027
0.477638
-1.4379
-0.376014
-1.41785
-1.02712
-0.751752
3.24101
1.74554
0.286134
1.15586
2.70719
1.51329
0.392736
-0.277621
-1.88209
2.91041
0.890453
2.55954
1.8007
1.35854
-0.275975
0.769725
0.534774
1.72187
0.556113
1.70768
0.185651
0.361075
1.80731
-2.48018
-1.17773
-0.934203
0.980311
1.31987
1.23788
1.58988
-0.401177
-0.457648
1.20678
-0.519308
1.1081
0.709072
1.76171
0.65723
-1.50294
-0.22551
0.0725455
1.44977
0.926353
1.52156
-1.05943
-1.05988
-0.59749
0.454679
0.103613
1.31817
-0.415728
0.882992
2.58379
-0.876458
4.71893
1.57817
0.325228
1.68529
1.18305
0.288627
-1.89701
-1.3646
-2.84239
1.29574
-1.30506
-0.664147
-3.74776
1.61839
0.876368
0.383943
-0.989704
-0.651282
-0.173395
2.51507
0.396697
3.83385
2.1765
1.4244
-2.44816
-0.012088
-0.418509
-2.31829
-1.34529
-0.55618
-4.14204
-0.0912184
-2.15125
-0.0370913
-2.05971
-0.844089
-0.0116065
0.703003
-0.369976
-1.31892
1.41387
-0.370519
1.75163
-0.0164297
-1.11194
-1.30375
0.682733
-1.95842
1.9638
2.14075
-2.02629
-0.0517953
-1.10942
-2.3377
2.01017
1.63588
-0.0688939
0.262263
-1.01758
-0.106572
-1.13367
1.62774
-0.531751
0.0558016
-1.90924
1.06366
4.06202
2.20602
0.259978
-2.85569
0.262157
1.25038
0.761501
2.41216
1.90452
2.46255
4.15066
0.342664
0.909616
1.51674
-0.862346
-1.2286
-1.87707
-2.06529
-2.03668
0.694467
-2.57306
1.40403
-2.20248
-2.72262
-0.972799
-0.515282
-0.488897
0.74092
0.391231
-0.438789
-1.85481
-0.00155801
-1.47453
0.78505
-1.19931
-0.471163
1.92193
-0.652938
-0.782518
-0.411469
0.930658
-1.51619
-2.25704
0.992408
-0.0945922
2.34949
1.72667
-0.237983
1.06246
0.847445
0.435541
-0.77245
1.08483
3.14861
2.14558
-0.826949
-0.302516
0.374696
-1.1725
2.67177
-0.229272
2.01179
1.29892
-0.112361
-2.57786
-0.0165771
-3.09809
-1.5579
1.46035
1.93807
0.71795
-1.35612
1.59989
-2.02349
0.329974
1.76009
-0.0612021
-1.7422
-0.659157
-2.05881
1.0535
-3.12742
0.382198
-1.73025
0.472394
-1.20228
-1.52844
1.35178
0.119984
0.314246
-0.50069
-0.892272
-1.26978
2.99372
-2.47913
1.4042
-1.47053
0.113926
1.61096
-1.94587
0.902734
0.0697103
-0.149144
-1.25946
-0.522195
-0.0861729
-0.447575
2.45778
-0.781113
0.721881
-1.75196
0.464073
-2.40297
1.17252
-0.810315
1.25748
2.10568
-1.17622
1.67942
-0.167749
0.320134
-3.81396
0.329473
-0.593354
-0.370893
0.805721
0.868359
-0.0428637
-0.410051
-0.0647333
1.15299
1.50964
0.56908
0.153837
1.39044
0.420049
-2.08366
-0.956315
0.317223
-2.10841
-1.15308
1.36267
-0.490194
-1.09392
-0.802901
0.596569
0.451529
-0.387386
0.825935
-0.272135
-3.51022
4.58403
-0.361787
1.40479
2.0205
0.25157
-0.462536
1.62039
-0.25886
-3.37837
0.742186
1.77625
0.128412
-1.22504
-2.88022
-1.90928
-2.23202
-0.257596
2.86663
0.451508
1.45673
0.353322
0.166476
0.977227
0.0631185
2.37664
-2.12663
1.34578
1.25505
-2.2595
-0.621193
1.46844
0.326041
0.584588
-0.202003
-0.483054
-0.491509
-0.664437
0.167787
-0.527645
0.159971
-0.683019
-0.320231
-2.29329
-2.30451
0.0367152
-1.10249
-0.889432
0.745036
0.59927
-0.170664
0.362431
-1.32839
2.53432
-0.0233871
0.394609
-0.974079
2.51117
1.85886
1.91779
1.56027
-0.314529
-1.52568
1.49456
-1.41568
-1.15283
1.38974
-2.4441
1.52307
-0.287569
0.190336
-0.166513
-0.637394
-1.29384
0.276493
0.913174
1.92765
3.30002
-1.42094
-0.466391
-1.12109
-0.13384
-1.52448
-0.868234
-1.22397
2.04151
0.966144
-1.4082
0.238997
-1.27466
0.328898
-1.45567
-3.99203
1.69192
1.17361
-1.56389
0.353414
-0.326376
0.306299
1.75017
1.34526
2.56327
0.779886
0.201764
-1.35822
-0.0816389
0.182042
-1.58129
-0.171459
-0.5279
0.00422823
-1.81014
-0.329237
0.965888
0.577121
-3.49385
-0.364741
-0.335151
0.259368
-1.50423
-0.994787
0.168109
2.82397
-0.577143
0.80288
2.27142
0.214702
0.19308
0.361779
1.67169
0.328913
-1.71227
1.92471
0.0910384
-1.0956
2.24105
-1.94361
0.722162
2.40746
-1.41231
1.78714
0.44323
-2.38271
-2.17615
-0.22302
-1.12548
0.709545
-2.0335
-0.0191367
1.8891
0.4555
0.505081
-0.286321
-0.246719
-2.43638
-1.04518
-0.567963
-0.161542
0.606037
-2.35828
-0.288476
-0.362771
1.40948
1.31695
1.1612
-0.412086
1.33038
0.0557521
1.10143
1.59127
-2.69263
1.43363
-0.731225
-1.133
-0.239285
0.244363
0.456028
0.699523
0.453805
-1.36319
-1.73254
0.461203
0.32771
-1.38589
1.2776
0.0923406
0.311493
1.31268
0.0320839
-0.183433
-0.546396
2.42543
0.0648048
0.119012
1.94093
0.633177
-2.98933
-2.27042
1.60729
0.849472
-1.37864
1.06585
-1.2944
0.154569
0.307797
1.74422
0.344464
-1.49031
-0.84467
1.12774
0.884353
1.27749
0.359907
3.02277
1.11184
-2.64882
0.738424
3.45366
-0.364838
1.63121
0.346517
0.563787
0.331664
-0.402476
1.59154
-0.682395
-0.659292
-0.356694
2.20219
-0.959793
1.9922
4.68478
-0.904113
0.729149
-0.667486
0.799996
0.152877
1.68167
0.492949
-0.00782083
0.506714
0.989051
1.42447
1.07875
-0.0200197
-1.76579
1.27009
1.02771
0.809338
0.0574602
2.79534
-0.0667117
1.28483
-1.68755
0.191307
-1.8238
0.0928247
-0.983348
-1.60796
-1.65761
-0.483723
-0.295702
-1.54929
-0.984222
-2.96944
0.635976
1.78396
-1.56294
-1.3059
-1.75116
3.21247
-1.34454
0.759005
2.42515
1.46507
0.683422
-0.766508
-2.9053
-2.99289
-0.473184
0.347788
-0.507747
1.60561
-2.05113
2.12418
0.539861
0.664031
-1.5591
-2.33152
1.02692
1.5145
-0.0863017
-2.25386
1.52536
-0.91363
3.24027
1.98232
-0.0103786
-0.571305
-0.79974
-1.63839
1.70348
-0.374139
-0.77602
1.20622
-0.546127
-0.933341
-0.366896
-2.19775
1.59984
0.731172
-0.202994
2.50865
-2.65132
1.06294
0.315393
-0.0044446
0.560916
-0.738576
-1.5135
0.306283
1.33487
-1.97916
1.05045
1.45707
0.957653
-2.73578
2.18338
0.589863
-0.325945
-1.74533
-2.23784
-1.55094
-0.477311
-0.0316446
1.09385
-0.578829
-1.21293
-0.625643
-1.19623
1.00436
1.2947
0.432815
1.72672
-0.202258
-0.57071
-3.39537
0.362602
-0.925489
-0.266676
1.72579
-0.7149
0.326581
0.622499
-0.328944
1.69351
-0.355033
-0.347455
-0.063654
-0.0118516
-0.413839
-2.09385
1.86179
-0.545314
-1.95239
-0.737034
3.01127
1.20237
-0.264176
0.375301
2.42035
1.93339
-2.69183
0.419758
0.898901
-0.0605994
-1.21116
0.757866
-3.07533
-0.311172
-0.724104
-2.26145
3.53402
2.24373
-3.08803
-1.09301
1.0251
-0.549737
2.18905
2.64135
-0.112513
-0.0028328
-0.178992
-0.794232
0.855874
0.208424
0.145247
-0.00524247
1.01021
0.0736954
0.0951555
1.74176
1.04444
-0.0099313
0.329305
-1.37213
-0.197855
3.85059
-1.6934
2.19382
-1.95086
-1.51601
-0.827414
0.0380862
1.3318
-2.17032
-2.04154
-0.097432
-1.59457
2.60029
-0.783422
-0.217746
-0.941602
-0.955574
0.149124
0.9571
-1.1612
2.18358
-2.45449
0.0871009
-0.611493
-0.184691
0.199919
-0.956577
-2.1035
-0.226196
0.0162564
1.41096
-0.068429
-2.44239
-0.351679
0.816619
1.2809
0.224356
-1.10066
0.775978
-2.09681
1.95431
-2.13744
0.648209
-0.998807
0.771898
-0.5435
1.3646
-1.02169
3.85353
0.492186
-0.109503
-0.514847
0.487921
-0.162091
1.37227
-0.304378
-0.205661
2.63218
1.98719
-1.40304
-2.84595
-1.95421
-0.223682
-5.04309
0.554318
-0.329164
-0.873611
-0.49486
1.44807
0.260062
0.810604
-1.47899
-0.420389
0.055132
0.696284
0.391349
-1.4084
-2.36595
-1.60076
0.314054
0.386332
-1.417
0.177958
0.00290227
-0.342515
-0.0934555
2.07419
-1.1107
0.37571
0.347145
-0.683172
-0.726485
2.38928
2.00716
1.80413
-0.348532
-0.755522
-2.05131
-2.9491
-0.6169
2.3728
1.36626
0.299028
-0.344572
1.06342
1.24464
-0.455062
-1.02795
1.59935
-0.953554
3.29957
0.173096
-0.0477686
0.932967
0.659131
-0.0626312
-0.109117
-2.90575
-0.904766
1.2618
0.734673
-3.36676
-1.11632
1.68292
-0.0447293
0.376145
-0.363936
2.22324
2.26439
0.779999
1.27991
0.232527
0.844102
-0.0948011
0.0223067
-1.71126
0.839361
0.787696
-0.201196
1.02238
-0.184523
0.546237
2.5643
-1.48149
1.11883
1.61898
2.1171
2.47864
1.52336
0.827504
0.778556
-1.79025
2.51634
1.2536
-0.446773
-1.89449
0.402252
-0.47256
-0.61345
-0.888752
-2.39727
0.671638
-1.15488
2.28189
-0.169754
-1.16548
1.02952
-0.504936
-0.694601
0.358051
1.77412
-2.24228
-1.03911
0.27771
-0.601728
3.37183
0.706362
0.721042
-1.01945
1.21686
-2.27641
-0.00918262
1.25337
-0.243443
-2.68667
-1.62388
0.212793
0.333405
0.306579
-1.51855
-3.55008
2.59378
-0.2157
1.52193
0.947042
2.58894
-1.65086
-2.61059
0.719867
-0.628485
0.194696
-1.54541
0.23117
1.8115
0.731923
-0.326084
-0.925765
1.47701
-1.78952
0.560401
1.01356
-0.224475
-0.908201
1.46144
-1.2916
-2.22536
-0.572479
0.410554
0.711823
0.733544
-2.63173
-0.110008
-0.36629
0.651014
-0.128385
-1.97676
-0.505176
2.70187
-1.36286
0.386706
1.82379
-0.0582076
-1.31253
0.828617
-1.33907
0.571006
3.02916
2.33587
0.492365
0.79274
0.0624762
-1.08322
1.8276
1.15025
-0.199399
-1.59394
1.63714
0.540214
-0.59895
-0.656301
3.52496
0.59226
-0.957852
3.13073
-0.748518
0.628966
1.81299
-1.83636
0.0908568
-2.41375
-0.420043
-0.57173
1.20932
-0.05321
0.529653
-1.29782
1.1855
-0.986024
-1.86873
1.41505
1.06419
1.04361
-1.26778
-2.24579
1.85913
0.389215
0.449116
0.793246
-0.569248
1.05956
0.654348
-0.0850097
-0.350283
1.53693
0.361449
2.80599
-2.291
-2.55565
1.75249
0.251373
1.14933
-1.22561
-2.14205
-0.778327
0.808194
1.43414
-1.50401
1.6021
0.0848064
-0.98178
1.95437
0.405
-0.0345609
-0.991413
-1.64681
1.52088
0.54111
0.269144
0.0447035
-1.17263
-1.13384
-2.52961
0.367657
0.641657
0.25664
-0.318439
1.44297
-0.201385
-0.282964
-2.06469
-1.94394
0.409815
0.80479
0.790368
-1.31251
0.855821
-1.95523
2.37884
1.31076
0.586722
0.447908
3.67287
-1.80603
-0.861793
-4.43166
3.73657
0.843534
1.83423
-0.0826249
2.50857
2.01845
0.0218464
-1.02018
1.6759
-0.244727
2.23915
0.576331
-0.357951
1.64804
-0.0508165
2.81012
1.82166
1.08341
-1.65376
-0.0906665
-0.791917
-0.0113266
1.25381
0.0124815
-0.549659
-1.92562
-0.835934
-0.347072
-2.74674
0.216541
0.164252
1.45113
-0.632378
-3.27979
0.788875
-0.476029
0.355263
-2.54126
0.50038
-1.58153
0.309113
0.0564504
-2.3849
0.541764
2.003
1.5875
0.648672
-0.32759
2.06218
-0.479499
1.0176
0.796954
-1.82536
-1.15943
-0.519914
1.3113
0.531772
-0.707924
0.660682
3.79452
-0.589393
-0.3606
1.54572
0.353323
-3.31399
-1.82715
-1.13426
-0.78357
0.597648
-1.72156
1.17874
0.485266
0.580063
1.38973
-0.740034
0.0870035
0.619776
1.25529
1.33781
-1.01235
-0.733834
1.30794
-0.182238
1.19973
-1.90517
2.37983
-0.332374
2.88101
-0.588794
0.462253
-0.374345
0.899306
-0.876503
3.46244
-2.94699
1.27241
2.82524
1.48062
2.62119
0.624728
2.41706
-0.704623
1.09023
-0.647659
-1.34741
-0.636785
-0.199135
-2.012
0.107427
1.5848
-1.49201
2.67719
-0.159712
1.19302
-1.28377
0.249495
0.68259
-0.799307
-0.473743
-0.765483
-0.645564
0.452116
-0.0215128
1.35725
-0.72609
-1.62948
-1.60619
2.44919
-0.798329
0.038733
0.964239
-2.00258
1.43509
-2.36008
-0.406143
-0.0425977
0.15906
-1.69857
0.811534
-1.12323
-0.0239037
1.3651
-0.0836496
-0.116317
0.347985
0.304951
-0.541869
2.2402
0.547371
1.43474
1.88046
1.14037
0.170906
0.275497
0.425322
1.11852
2.55673
1.04009
-0.969295
0.853135
-0.82001
-2.50186
0.782163
-0.482726
0.723646
1.38015
-0.806457
-0.779633
-0.138156
0.302745
0.259775
-1.421
-1.24594
1.05951
0.569259
-0.183025
1.33421
-0.760587
-1.62958
-0.249355
1.87305
-0.400492
2.23168
-0.139207
-2.73645
-0.270076
2.14562
0.744374
-0.0914822
-0.548586
-0.997883
0.671057
0.285701
-0.502306
-0.0629546
2.15569
0.108113
3.54811
-1.90785
-0.449763
0.0580203
1.13052
0.797626
1.25249
-1.51724
-1.42054
1.89351
-0.0904309
-0.044288
-0.705733
-0.9553
-0.514455
0.543722
-0.891114
1.76345
-1.01524
-0.970765
3.00954
-0.662138
0.832937
-0.297096
0.194506
0.303238
0.412847
0.329354
0.0922476
0.22167
0.306987
-0.857298
0.917285
2.29193
0.132166
0.0679589
1.27714
-1.39207
1.91938
0.416979
0.539429
-0.848291
-1.35642
0.495528
-0.304328
-1.69768
-0.0538774
3.12146
0.0066547
-0.937773
1.14073
-0.579888
1.26978
-0.0269154
-0.605696
1.11554
-0.44381
-3.71113
1.50967
1.18374
-2.9087
2.60717
-0.0300337
-0.472187
-0.0898481
2.76512
-1.1802
0.820762
1.95446
-1.81251
0.591704
-0.686103
0.402279
2.35124
1.4379
-1.86335
0.0722019
-2.15149
0.0994921
0.385394
-0.167258
-0.768914
-0.545478
1.25976
1.97493
-0.2133
0.170169
-1.8317
-1.13739
-0.58845
0.130244
-0.154596
-0.0926519
1.35046
1.22417
-0.717052
-0.853108
4.01889
-2.84078
-0.117665
0.349297
-0.599146
0.282785
0.433517
-1.46486
3.58028
-3.5571
-0.694342
-2.8836
-2.31018
2.00331
0.12485
0.500281
-0.0414149
-2.13242
-0.322196
-2.63466
1.67751
1.10149
-0.805574
-1.30334
-1.50055
0.138121
-1.72997
2.70804
-1.30288
1.77074
-0.829945
0.924133
0.627555
-0.531147
3.13589
0.073845
1.22917
-0.954253
-0.673165
-0.646671
2.42029
1.19694
-0.150507
0.427881
0.145883
2.38033
-0.00749677
-0.34942
3.415
-2.00604
-0.824326
-0.00783693
-2.02701
1.07248
-0.847544
-0.210082
-1.77901
-0.725267
0.592539
1.89315
-0.226833
0.785583
-1.27344
0.644138
0.55975
-3.30938
0.957211
1.3417
2.03301
1.58471
-1.62324
-0.196274
-1.14683
-1.2106
1.37637
0.111698
0.957359
-2.2415
-2.34764
-0.351748
-0.941869
0.00684549
-1.26466
-1.77713
0.955541
-0.523151
-1.64591
1.47555
0.0130601
-0.343204
0.735453
1.20831
0.591225
-0.303018
-1.52733
-0.58481
1.03002
0.407631
-0.060718
0.557128
-1.90949
-0.61934
4.59317
0.620786
2.20051
0.209409
-0.118678
0.660286
0.60241
-0.920074
-0.914173
-1.42201
-0.832923
3.75453
2.10085
-0.568252
2.48857
1.50936
-3.30306
-1.80076
2.48753
0.0386097
0.981133
-1.16408
-1.36652
-1.19238
0.607719
0.673595
-1.25654
-1.30416
-0.348156
-0.337306
-0.656212
-1.79633
-1.76898
0.753413
-0.916616
0.0686554
1.25907
-0.517057
0.0417443
-0.329852
-0.0808789
-0.333924
-0.349331
2.31168
-1.13702
1.794
1.82769
-0.439327
-1.5509
2.88333
0.253104
2.61177
-0.867983
-1.483
-1.62348
-0.198806
-0.601625
2.17955
1.67954
0.0718607
0.0114797
0.540815
0.0261118
-0.943146
0.68468
0.663233
1.45714
1.71404
0.497206
-2.04538
-0.0575917
0.731642
1.09588
3.01344
-2.03599
1.3283
3.21946
0.262728
1.89093
-1.29019
-2.60661
-0.634343
1.153
-1.22634
-4.24906
-0.40051
1.07772
-4.26747
0.481265
2.24932
1.49459
-0.136076
1.76046
-0.303787
-1.83808
0.217889
1.61552
0.528984
-0.911868
-0.560192
0.083095
0.491619
0.99534
1.23435
-0.808292
-0.43972
0.3553
0.917447
-1.21921
-1.25649
0.322554
2.12013
1.24595
-0.838796
1.2456
0.299483
2.92147
-0.230046
0.348941
-1.86904
1.76136
-4.04738
1.31957
0.293834
0.580917
-0.0799935
0.461718
0.51454
0.731581
-1.11306
1.15503
0.511709
0.345607
3.11911
-0.169649
-1.27218
1.48056
-0.849581
0.144556
-1.87609
2.0999
0.522585
-0.83758
-0.348215
1.90118
2.2717
0.298254
-0.257426
-0.352415
-3.16094
-0.541375
-1.5258
-0.253538
0.823249
0.184955
0.171532
0.0181821
-0.79695
-0.669285
1.56163
-0.61184
-0.16594
2.41451
-0.249705
0.630987
-2.30296
-0.967093
-3.37545
-0.632409
1.3317
1.57401
0.0155806
-1.91767
-2.01173
-2.52084
-2.94529
-0.431546
0.706848
-1.72055
1.21518
1.59357
2.48731
-0.790023
-2.79528
0.308536
-0.247252
1.10916
-0.00250185
-1.60438
1.16114
2.14236
-0.915425
-0.248842
1.26076
-0.322269
0.107456
2.12946
0.186935
1.36128
-1.26176
-0.651566
2.54218
-1.40136
1.58026
-2.40551
-0.109646
-0.126211
-3.05435
2.20351
0.710964
-0.193133
0.887428
1.98102
-2.26849
-2.27255
0.932872
1.81807
0.727381
-0.66185
-0.509795
-0.352888
2.07379
-1.1913
0.676685
-0.156528
-0.55809
-0.988248
-1.65696
-0.815742
0.501632
-1.21509
0.128495
1.34005
1.55676
-0.936365
0.98017
0.416795
1.52657
2.11377
-2.39022
-0.96406
0.826927
-1.43173
-2.04744
-0.113018
-0.121762
-1.63643
2.01585
2.01927
0.589281
0.0561122
0.0620783
1.54266
-1.58301
0.807485
-0.279198
-1.54812
2.17109
1.81666
1.37749
-1.27096
0.628578
-0.859776
2.90927
-0.00380735
1.14319
-0.306979
3.45595
3.18124
3.94519
-0.375952
0.728828
1.98826
-2.4137
-0.842909
0.182968
0.70344
1.87871
-0.372508
-0.269997
-2.92411
0.306153
-1.42192
2.1371
-0.755518
-0.291215
-0.237582
1.13987
0.615236
1.6446
0.0256282
0.707736
0.530139
-1.48838
2.32943
-0.248885
-1.24704
0.685502
-0.140169
0.67771
-2.27483
1.15529
-1.41719
-0.873394
-0.766925
-0.332006
-0.873941
1.55434
-0.256203
1.11488
0.763636
0.256901
1.36441
0.71015
0.328254
-2.70459
-2.97938
1.68264
0.399796
0.330816
0.497187
-3.02529
0.964948
0.233629
2.0096
0.67789
-2.41709
-0.472788
0.347738
0.893653
-2.50622
-1.15594
-2.24068
1.6675
-2.53703
0.180116
-3.22074
1.19018
2.75044
-0.304756
1.49258
-0.0991204
1.17086
-0.231446
-1.10368
1.52688
-1.34242
1.53887
0.163596
-0.358648
-0.715387
-2.29391
0.0600067
-0.199887
2.21996
2.0977
-1.52685
1.39072
1.3266
1.66635
-1.72948
0.401104
0.102557
0.545921
-1.77962
0.433209
1.67839
0.0916543
-0.325155
-1.73678
0.0516379
-2.28502
0.759482
-1.35186
-1.14695
-0.454566
-1.13939
-0.454024
-0.831953
1.93228
-0.19178
-2.34552
1.42643
-1.23498
-3.47441
-2.55393
1.30177
0.257316
0.0422707
1.72345
1.47522
-1.55719
-1.52514
-0.100108
1.06307
-2.00521
0.711147
1.81975
0.447633
-0.321706
-1.16777
-0.330463
-2.0298
-0.543642
1.03493
-0.672401
-1.5573
-2.64167
0.292004
-0.00573085
0.950878
-0.778786
-2.57289
2.2861
0.577798
-0.4886
0.0333984
-1.37725
0.255934
0.303205
-0.874348
0.708031
1.42613
0.0761635
0.120451
1.41564
-1.24137
2.56377
0.802544
-0.554823
-0.789625
-1.14905
1.76172
-2.0283
-1.08374
-1.92335
0.650319
-0.389314
0.186829
0.800118
0.54944
-1.39624
-0.682449
-2.53712
-0.721091
1.17262
1.71191
0.95505
-1.99236
1.31192
-4.91802
1.95745
0.879746
0.137638
-1.14542
-0.417835
2.89375
0.230111
0.9008
-0.69555
-0.955039
0.305622
-0.263967
-0.100771
-0.406905
-0.755688
1.32983
2.82365
1.12119
-1.65199
0.732803
1.23842
-3.1866
-1.04219
0.159667
0.279642
-0.0703051
-2.30742
1.51484
-0.173415
-0.819223
1.00702
-0.235647
0.711648
1.11331
0.7734
0.62654
0.894294
1.308
-0.537514
2.32362
-0.541987
-0.0901959
-0.405915
0.195146
0.197428
-1.19892
-1.42293
-1.3362
1.19187
-0.546452
0.247785
-1.43379
-3.01246
-2.46841
-1.10854
1.43325
-0.0404013
0.355244
-0.358361
-1.1407
1.38933
-0.881134
-0.0175714
-0.33517
-1.12968
0.422686
-0.591323
-0.952863
0.458695
-0.928229
-2.2986
-0.000785722
0.664203
-0.473013
-1.67921
2.44149
0.994114
-2.1734
-0.0483552
0.921543
-2.4852
0.7602
0.892098
0.824703
0.486303
1.43688
0.0678783
0.793684
-0.369659
0.7769
-1.04723
0.214652
-1.05581
-1.32114
-0.367212
1.04834
-2.17479
0.644627
-0.00791245
-0.0836129
-0.0501238
-2.62084
-1.56006
0.365249
0.727144
1.01686
1.05033
1.49477
1.87861
-2.95404
2.25852
-1.03429
0.0377441
1.83869
-0.552038
2.27075
-1.102
-1.53283
-3.51974
1.36029
-0.875669
-2.71176
-0.220027
-1.30063
1.87003
1.68221
-1.10792
0.353574
-0.138534
-0.78126
-0.079562
2.29166
0.155093
-0.393001
-0.798334
-0.399218
0.651227
0.142055
0.0672415
-1.08413
1.9614
-1.0599
0.259765
-1.61619
-1.088
0.726283
0.74121
0.914159
-0.216367
0.605046
-0.45067
1.28882
-0.643888
1.24181
2.05217
0.273796
0.624125
-0.999093
-1.09927
1.11386
-0.0744915
-0.104468
0.0865022
0.590464
0.571619
0.854726
-1.4542
-0.445405
0.576508
-0.905967
-0.897263
1.23309
-1.08559
0.341958
1.21574
-0.104483
-0.580605
0.477738
1.54702
0.165043
-1.05722
-0.597666
1.48494
2.48548
0.463435
-0.163474
1.12533
-3.3699
-0.565608
2.33057
-1.9787
-0.260043
-0.317559
2.49061
-0.426297
2.97853
-0.874295
-0.739495
-0.117634
-0.811003
0.552947
-0.611925
-0.815348
-3.39434
-2.69712
0.735891
0.234336
0.837384
-2.44797
0.731773
1.72005
-0.501212
-0.226532
1.81585
-2.46333
1.5859
0.562642
1.89489
-1.12063
0.959589
0.897969
1.32427
2.24253
-0.77839
1.81483
2.75297
-1.57347
2.50289
3.70222
0.725556
2.97638
1.59536
-2.95653
1.58896
-0.865216
0.6786
1.86657
1.34658
1.52799
0.106846
3.99516
0.959862
0.980793
1.27456
2.72955
-1.07715
-1.15629
-0.557093
1.81088
-0.160469
-0.937679
-1.93517
-2.56828
-1.15418
-1.35182
-1.43964
1.66925
0.945442
1.0179
1.41936
-0.970764
2.68473
0.426631
0.054159
1.18869
1.68441
0.822233
0.12312
2.61632
-0.0777008
0.391271
-0.625177
-1.54636
0.846983
0.580748
-0.579472
0.502262
2.11707
0.470544
0.206775
-0.728277
-2.51706
-1.16477
-1.36641
-0.906224
-1.18163
-1.14259
-0.630432
2.57023
-0.169402
1.96138
0.800795
-0.119354
-0.0725388
-0.0702318
1.85674
2.03327
0.260089
1.79276
1.44318
0.81325
-0.0371561
-0.633693
1.61274
0.756397
1.61357
0.940841
1.98607
0.825981
-2.10375
0.400099
-2.99276
-1.72849
-1.02658
1.441
-1.5237
1.10266
0.175524
-1.58431
-1.81056
1.99317
-0.624149
-1.13376
2.00889
0.695303
-0.395606
0.380849
0.212625
-0.664451
-1.18086
1.68288
-1.18712
0.18064
1.59008
-0.452458
-1.55317
1.70917
-1.66079
-1.54649
-3.50585
2.03158
-0.604689
-1.46119
-1.26714
0.528233
0.191146
0.282207
0.673552
-0.34968
-1.47003
-1.63477
0.94207
2.46824
1.82274
-3.59107
-0.432315
1.2279
-1.69112
1.64765
-2.42079
1.15963
1.30632
-0.794087
-1.09068
1.13472
1.11282
-0.177289
-2.77679
0.918885
-0.0288019
-0.873031
2.95194
-2.87415
-0.566455
1.15972
0.998844
1.70562
2.7281
3.74355
0.759857
1.82754
1.92867
-0.240321
-0.673028
-0.73539
-0.97578
-0.652028
0.0445377
1.38487
2.18325
-0.142176
0.680887
-0.181298
-1.414
0.287635
-0.0614731
-0.526761
-1.66294
0.0041053
-2.76713
0.730473
0.20814
-3.48832
1.26858
-0.629257
-2.45296
0.610811
0.391305
0.0610942
1.94987
-1.7025
-2.86683
3.30429
1.70808
-0.996526
-0.392852
-1.32369
-0.49549
-1.63887
0.0479306
1.40176
-1.7241
0.503888
1.14491
-1.93389
0.197
0.775572
0.903619
-0.728459
-0.262824
0.738676
1.40574
-1.44707
1.66509
0.381561
0.0963312
-0.703412
1.66215
-3.00635
-0.938922
0.876102
-0.16531
0.0327477
0.936907
-0.790075
0.543992
-0.346846
1.65466
1.46191
0.990263
0.734721
0.541518
1.25333
0.0831163
-1.09538
0.857515
-1.595
0.774487
3.48291
-1.45482
-1.63655
-1.64557
-1.31081
0.756423
-1.40524
1.24221
-1.93096
-0.265268
-0.444866
2.42585
0.185508
-0.80766
1.9238
-0.160998
0.831989
-0.573916
1.57398
2.79703
-0.422131
0.0975482
3.32252
1.64374
2.01825
0.548092
0.899656
-1.83548
2.77874
0.36267
-0.79356
-2.24963
0.841343
-1.32001
-0.435844
-3.81743
1.93833
-2.73678
1.14795
0.629894
-0.603259
-2.27413
0.835369
1.66477
-1.68271
-2.33943
2.8454
-0.571928
-1.49092
-1.3252
-0.103606
0.81849
-2.31985
2.30672
2.15435
0.250697
2.13455
2.82975
1.00759
2.01682
0.785751
0.928812
-1.14869
0.413615
2.55931
0.243352
0.681143
-0.11391
0.258881
-0.418883
-1.87936
-1.42657
-1.53133
-3.75676
-1.24665
1.63479
-1.31546
-0.363862
-0.27996
0.84459
-0.80997
-1.96161
-1.12851
0.97508
0.297492
-3.43666
-0.164172
-2.06146
-1.43542
0.191847
1.12146
1.20887
-0.145337
-1.24147
0.452158
2.28277
-0.15485
-1.87562
0.283219
0.965106
0.0698558
-1.47204
-1.73293
2.29744
-0.1858
2.52253
-0.671346
-0.00402913
-1.81836
-0.684111
-1.92016
0.552847
0.770197
1.45506
-3.32232
-0.415481
0.223515
0.323176
0.587435
-0.363542
-1.56553
-0.78494
-0.454538
0.408503
-2.22971
1.68023
-0.607866
-3.27017
-0.876971
-2.12666
0.174294
-0.140628
-1.62634
1.49751
-2.08775
-0.771745
0.402921
-0.648517
-0.212047
-0.932155
0.711479
-1.32706
1.4194
0.60016
1.26834
-2.1699
0.856331
0.223115
0.989955
0.417465
-2.3455
0.066108
0.853731
-0.98005
0.0906949
0.95284
-1.2685
-0.398643
-1.22688
-0.437587
-0.56946
2.65605
1.09408
-2.41102
-1.09213
0.692392
2.05253
-1.74871
-0.664132
2.51443
1.3496
0.863114
0.620842
-1.35699
-0.82702
1.05503
0.10508
0.357994
0.453169
0.521128
-0.396871
-0.410321
-0.162499
0.46683
-1.38283
1.01824
-2.5966
-2.30407
0.404813
0.0862851
-0.531971
-1.31584
0.735195
0.613364
1.36955
2.93307
1.7611
0.0543442
-1.35664
1.25063
1.25022
0.677135
-0.207475
1.77528
1.74296
0.422148
-1.41865
-0.0636854
0.250143
1.09721
-1.76998
1.76088
-0.630608
-0.0215488
-0.729895
2.36096
-2.48735
-0.695452
0.0909715
-1.49254
-0.888347
-1.93989
1.66574
-1.22041
1.65083
-0.805251
-0.0811208
1.58875
-0.230606
-0.368586
1.87396
-0.735782
0.597561
-0.284193
1.80864
0.715292
2.34382
-0.0839019
3.3477
-0.946788
1.92662
-1.36193
1.54498
-1.72818
-0.18924
-0.239855
-1.07069
1.64576
-1.38711
-1.57939
2.7271
-0.897306
-1.53139
-2.25693
-1.96972
-0.708243
1.40005
0.28828
-0.0428201
-0.279525
-1.38024
-1.36866
-2.57277
-2.20028
-2.85228
-0.580005
0.0805938
0.614625
-2.25052
0.84041
-0.488611
-0.583825
-2.871
-0.887949
-0.393945
-2.99144
0.110607
0.231321
