-5.81867
1.4083
-8.75585
7.01938
-13.4254
-1.92484
-13.9437
-2.85754
4.44287
11.717
11.5655
9.07899
17.5132
7.40254
12.7134
-21.4116
2.85037
-6.21042
4.07373
3.82523
19.4675
-2.18436
-4.20454
-17.4658
-21.2213
10.5133
-3.94033
1.05354
2.27497
11.8175
13.4684
6.8812
-0.395932
3.45195
-4.10057
3.78176
-10.9208
17.2831
-19.9985
3.86453
-16.6732
7.42665
6.66264
-0.41412
2.96483
0.780703
-1.36161
7.20722
-16.3129
4.44341
-4.40733
-4.51614
-20.1192
21.8138
-6.21157
2.60614
15.3141
-7.25038
6.90832
1.03708
7.39222
-2.32356
6.08933
2.79657
-3.70253
28.1036
-2.18608
22.9169
-13.0785
2.86368
-13.8026
-9.01419
10.9027
10.0952
-12.728
14.838
16.0892
15.2663
-2.13469
1.80992
1.06548
-2.16358
9.73402
3.74519
-1.10522
-10.0779
2.31775
11.1483
-0.00332147
19.0723
5.5491
-7.32292
-2.91494
-21.483
7.8006
-0.445543
-7.81723
-14.1537
7.76418
1.46762
3.57165
-11.1175
-1.99175
-4.02705
6.88437
-10.3291
5.59917
5.57491
-0.964104
-6.57491
8.67867
6.10051
-16.3737
1.00237
22.5261
-0.909638
2.36631
-11.4881
-3.84203
14.0838
-2.59278
11.4696
3.31066
-6.73194
10.1681
14.1404
4.35491
-2.7982
-13.3217
-1.02423
3.70276
-6.39966
-2.60658
-15.8627
16.0553
11.7871
12.6831
4.13644
13.4935
12.3151
-0.20314
9.28713
-4.14113
3.99514
6.96167
0.249041
0.315144
10.6024
22.9129
1.45114
9.19804
4.67581
-2.95865
5.35262
8.06612
-3.67545
18.6255
-4.76542
-4.12284
-1.68285
7.24348
3.44001
0.379379
17.2752
-4.13019
-5.9261
10.2987
1.54303
5.70354
-8.16506
12.1469
2.12195
26.9145
4.25277
4.3601
4.94233
10.5003
-17.8113
-0.247524
6.10049
14.9562
1.72635
-0.421805
-22.2966
5.94613
8.80246
-3.81779
7.01194
-8.11173
-7.00674
-12.6545
-6.53202
1.84898
0.649337
23.9891
14.4269
10.7995
-0.912732
0.743949
-0.305523
8.47029
-10.3019
14.1446
-0.446297
3.78047
11.7626
-0.690662
-6.17493
-28.8394
3.26054
-9.31863
-10.4877
9.11351
-3.2417
-12.8498
-1.65821
0.644342
-8.02613
-2.9403
-14.7532
-1.18692
-5.50394
5.63688
8.64231
-20.3717
12.3754
-5.5897
-12.412
4.69276
-8.37364
7.01732
-4.83684
12.6843
5.53822
-3.9952
-6.06054
7.45023
-19.2779
-4.7474
-4.68364
-5.69802
6.11154
-10.0704
2.01378
13.4103
11.662
-4.63024
-15.1678
-14.1579
15.883
-2.27668
-10.9908
1.64783
-5.30062
-7.18855
-2.93651
-10.2416
-1.29551
-0.72307
-5.95091
-2.84598
4.4687
-9.35284
14.2416
21.1806
-6.03305
-1.8056
-21.5943
-7.27065
7.8225
-16.5259
-7.5769
-6.21384
-7.05539
6.71249
14.0363
0.257351
0.76822
-1.47664
-3.81498
9.29737
5.69677
3.04132
17.2803
18.0285
-5.41015
11.6898
0.696344
-1.15057
-15.4096
7.9639
10.1531
-7.25431
-4.48335
12.6861
-10.0606
-12.4304
-4.19242
-6.08924
-6.64327
-21.1114
14.0367
-18.0691
-13.272
-5.38776
-14.9368
-6.38204
6.84458
-14.5657
-12.7677
-6.34645
-11.5007
-8.2065
-0.628209
5.11721
-14.0795
-8.78444
8.78205
-9.09366
6.97207
5.43362
-5.14327
13.4568
16.5018
-1.50275
-4.09855
8.83193
-5.90525
1.04219
-4.59411
12.0296
-13.2781
8.61969
-7.42904
-1.49037
-3.05137
14.6244
-19.0393
-4.07834
-13.439
11.3896
-1.09963
2.49789
-18.3932
0.0618175
3.29655
-11.3477
-9.09212
20.1546
-0.328391
5.31942
1.47613
-2.58631
4.36601
2.5352
-3.62007
-11.122
-1.64866
-4.89776
-1.87227
4.44848
1.75412
-10.2271
15.0229
5.19507
-1.15889
-4.81732
12.3389
-0.827789
-3.25646
-1.17513
-15.9244
-8.85357
15.3773
3.74177
8.72931
-4.00479
-10.1479
1.39882
-8.40111
9.78139
-4.37593
-0.74475
1.06676
19.8488
-8.53149
3.47004
10.9939
-13.5493
6.79423
-12.3403
17.477
4.85691
-12.7862
-1.2683
15.8731
-5.74077
6.58937
-16.946
9.92918
-9.94663
-6.32267
2.98983
-11.4004
8.78201
-6.48777
7.27601
3.81087
12.9595
8.83887
-0.42684
14.7318
0.37138
22.3496
-3.48372
-4.75063
5.0255
1.63961
0.263758
-1.04194
10.3996
5.92999
-2.94774
8.86397
-7.68284
1.65226
-2.30423
-10.1806
14.3769
0.474584
-5.35805
-4.43242
3.05823
17.1173
17.2959
-0.462523
-4.49518
-14.9029
14.4074
17.6398
9.73071
-10.2185
8.55195
-3.40696
-2.51538
17.2533
-10.003
-0.382669
-13.3621
0.408859
9.35865
1.43385
-1.25611
-10.4755
1.33631
0.209274
-8.09818
8.85834
7.15728
2.20104
6.12612
20.3616
8.16445
-1.07732
-4.45518
-6.93676
-2.83063
-17.0391
1.91067
-11.7915
13.8581
3.68839
2.03782
-0.69476
3.77626
-4.58126
-15.824
13.2535
-1.73244
-5.81071
6.98415
-1.82874
30.0042
-6.07071
2.14006
1.40856
8.18714
-4.37674
-0.521546
4.29196
-11.9457
-6.36266
7.46652
15.1
4.41389
-7.83
0.378085
-1.51688
-15.98
-2.39097
-0.527763
-3.93539
5.08952
10.376
-13.5208
-14.3947
-7.83791
8.72875
-14.8885
-14.6432
15.2848
-27.4292
18.6194
3.74741
-20.6468
11.8286
-18.8227
-24.8029
9.09759
10.9955
-7.76661
5.47186
-3.13254
-6.34007
2.24543
-6.704
-3.6002
-0.322274
6.9494
3.06109
4.81879
17.7409
-19.1029
-11.5747
9.18585
-10.3142
-7.21115
-4.44185
-5.92116
-5.57285
8.09731
-0.637597
4.20866
11.7526
-5.176
6.46834
-5.40149
7.77938
-6.59502
-10.5484
-5.42114
14.7953
-5.37488
2.95508
-18.5295
-13.7647
13.9124
-10.966
12.1594
3.43136
-4.13511
14.0703
-15.2922
-4.48037
-0.0291432
-1.2733
5.56157
12.2578
-11.5097
-3.86759
2.5196
-1.9544
7.22764
19.7238
-3.91007
-3.76129
-15.9996
2.99848
12.1628
-8.74818
-0.165649
1.98053
6.48567
1.89065
-1.3461
-3.32887
0.789415
-12.3263
-0.361916
-8.44732
6.54921
3.53236
0.611143
-10.5447
-12.112
5.12136
-17.787
-9.46907
-14.1482
-2.2245
-7.88611
-5.509
19.8646
-7.42915
-0.469283
2.64864
-13.2798
-7.42162
4.50601
2.44144
2.45575
-9.36744
-2.00574
-9.18518
21.0818
-21.5963
-5.0011
-3.3783
-10.3259
9.20035
-3.22063
-1.67748
6.18562
0.0954157
-7.96762
19.3532
-15.2339
-13.7547
12.0811
4.13523
15.7701
-1.55877
-7.52439
14.0811
-2.72371
-20.2576
-2.43137
11.3855
13.4619
5.27907
-12.3907
-22.9592
-9.44089
4.22508
4.59144
2.33817
-5.22707
1.25553
4.50101
-14.6291
-8.15645
6.48603
13.4656
-6.75962
-6.48035
-15.5901
-2.13389
-1.47463
5.60926
-6.71821
-8.34493
18.4963
-5.12509
3.0587
-8.96464
-9.07707
5.64419
1.98486
-7.40459
-8.13525
-15.5505
15.2355
-11.342
13.0655
-13.0708
3.38709
12.5783
1.76663
-3.1957
-0.0585986
13.7678
25.0129
-7.03107
19.2201
-1.65545
-4.41961
6.36052
-1.29352
12.0077
-12.7275
13.0257
-1.5285
-4.1015
3.65798
5.99302
-8.21498
22.4693
-6.37297
-21.7562
-4.58913
-3.19973
-12.5983
-10.6477
-8.5827
-4.97277
-4.44206
2.52611
-2.2374
7.90416
-4.23245
-0.127456
-21.0898
15.6961
-3.47534
0.220467
5.27147
1.76055
13.6786
4.12006
3.1252
5.99747
8.79582
5.2974
-1.16072
-6.92743
-4.43763
-1.29883
-22.7895
4.4684
-11.7645
-21.2434
-6.10982
13.0449
9.74488
8.896
-3.50545
-27.4537
3.58227
7.61992
12.4325
-8.69787
-8.42392
-4.99142
-7.88446
-9.39248
-0.598893
19.4229
3.5375
-3.76176
0.946653
-18.3325
5.40667
-5.3848
7.60806
-6.36926
-3.09985
8.77434
4.58092
2.03059
10.0373
5.38384
15.5571
-23.1153
6.64737
-0.638681
-7.79666
-3.71314
8.3104
-1.15066
-19.0349
-0.688406
5.16794
-2.76072
13.4347
2.53072
5.43621
0.62471
4.60674
1.15314
-16.8036
3.53985
-9.78965
7.68065
4.79088
-0.127003
-4.4682
-7.95033
6.97574
-1.40256
0.404534
-0.567654
10.2827
-6.01958
-4.75824
1.94502
8.75063
3.12321
7.36983
-10.2566
-3.50182
15.6021
16.7801
-1.33035
-0.573525
9.45932
0.499402
-14.7032
0.421692
6.95486
-7.65505
-11.1293
-2.05445
0.213584
-5.32791
-5.45949
6.22043
-2.28329
-3.6339
-8.05106
22.4058
-6.21787
7.58161
-4.23846
-7.02703
14.1346
-8.76066
-3.06486
3.73636
-12.4381
-5.96983
-0.701775
15.9514
9.19959
-8.24911
-2.93601
9.91836
-4.23507
-2.93293
5.42526
16.8505
-3.03954
4.3127
9.68835
-13.0292
0.526167
4.55946
7.89021
16.7939
1.98336
1.21504
-3.52599
-2.05824
8.12615
-2.79534
-8.71342
-8.34974
-8.3164
3.59976
-23.9988
1.27788
-12.5348
2.44684
-4.58553
0.241832
14.3258
5.41874
-6.17707
-12.5734
-19.0516
0.413546
-0.590451
-4.99445
-3.20089
1.6705
9.64092
8.13688
4.8848
-3.7837
-9.87
-7.27209
-16.1051
-11.8975
-27.4556
19.6129
-14.1691
2.90586
14.6181
-13.9528
3.00125
-5.84099
11.4341
7.8416
-1.05707
5.26706
-0.987225
-2.42691
-7.34213
-13.5551
-3.92638
-1.77182
-22.588
6.1904
9.7342
3.26684
12.0158
-8.59645
14.5652
2.51098
11.4039
21.0534
-8.53052
-15.7201
3.87753
5.12589
-15.362
-5.47848
6.73467
2.45739
-2.22753
-3.42397
7.67588
-10.3743
-23.7597
5.21753
-6.75211
-10.155
10.2473
7.57275
5.7176
14.6867
3.66588
-8.61365
-5.60056
-0.837543
11.7869
0.104063
26.5041
16.8674
-10.0863
-4.12032
4.85656
-3.42186
2.28028
-12.5788
-25.5342
-5.00722
-14.272
0.612843
0.0196764
8.43948
11.1368
-9.74841
9.96231
5.4809
1.91099
-22.7375
5.54654
-3.4531
-4.96327
-14.0391
21.7338
4.11085
14.6278
-12.1326
-4.82844
-2.92636
12.1585
-13.1656
6.6941
-2.5597
18.8161
-6.83041
2.69248
3.31239
15.7888
-8.02862
21.1866
-1.54982
0.0500765
15.5041
9.51214
-13.3832
-14.725
-4.82731
-4.41603
3.76489
-10.0049
-2.52625
-22.4945
-0.760719
6.19859
-6.5924
18.008
18.5508
6.47358
4.37444
-2.37023
15.3689
-18.1772
-7.84426
20.1281
10.3615
-1.92541
11.2317
-8.56399
-8.34573
-14.9179
-3.81116
20.3083
-8.06552
0.18501
-8.3648
0.555784
-2.00394
5.3808
10.7906
-0.965666
9.48352
11.5636
-7.47933
-4.09776
-8.24271
-26.5984
-4.62743
5.32834
-4.05237
-0.796536
-18.7561
-3.06608
-0.615728
-6.5128
3.75504
-13.8349
2.54707
-14.4859
-19.5563
-5.90464
-5.16572
-8.37565
-2.58227
-0.185988
-0.694362
-3.4199
-2.97817
-0.195102
-13.9068
-9.60364
-15.38
-1.00905
2.8367
5.98572
-4.96147
14.1199
-1.18461
3.52912
-1.88251
5.92981
-2.70688
-9.94452
-8.81946
-6.52073
15.8983
6.07248
-0.46568
-0.640104
13.2123
7.39321
7.51397
-9.77112
1.04399
-14.9849
-1.27336
3.61783
3.05351
5.98633
-7.65325
-4.13698
-5.58048
23.2418
12.5821
17.9111
-7.98807
-4.90809
-14.0075
14.4136
5.76485
-5.81407
3.52137
0.188308
10.7795
7.22805
-10.2616
-1.94745
1.84754
8.18478
-1.04768
1.44225
-9.30538
1.60339
18.8156
1.74538
5.58098
-6.9289
25.5187
-2.46534
1.87348
-0.662568
2.02307
1.7078
2.50461
-7.5737
-8.46104
9.97912
1.19302
12.9333
5.44298
3.18754
5.5316
-9.54733
7.93115
-9.92658
2.41347
-1.07474
5.33691
-8.49179
13.1656
-5.0103
9.12949
22.4096
-2.80125
13.0194
14.4183
17.7414
11.5595
9.86923
2.14872
-10.8007
-2.51115
7.70151
10.7437
1.6342
-19.8563
-0.860381
-2.21084
-2.71543
18.0105
-11.3757
4.38213
-1.3928
-5.86912
1.01312
0.47863
3.56194
8.02473
-2.89249
-0.703601
18.7946
6.94541
-3.85562
-3.71272
-8.06664
8.15956
5.53416
16.4695
4.43729
4.50882
-3.69085
1.46873
-12.7205
3.78824
5.07249
3.90219
22.709
14.9125
7.18538
1.59431
0.644308
-20.2503
5.89853
-6.77297
-13.7392
-10.0811
6.94269
18.9343
4.48707
1.1954
-0.124901
13.5637
5.47639
4.86504
10.5201
3.68668
-9.80235
30.2214
2.24294
1.3192
2.78903
-0.660572
-8.11844
-21.9059
-2.27185
-0.59328
-7.95017
-8.67256
-2.17623
3.72728
-12.184
9.40129
9.43739
5.8337
12.0235
-0.856172
-6.45347
2.09939
-6.27443
-12.4789
-8.64453
1.27113
-16.49
-7.13543
-3.11342
-14.5622
5.4438
-5.40542
-0.533137
0.367616
10.1634
14.5472
5.98411
-4.43801
-9.02354
11.2772
-17.9339
-5.18477
-2.30268
0.860091
1.85505
-8.6914
11.7754
-2.68269
-15.2361
9.2539
4.17827
15.2341
13.4148
-5.7762
0.613002
-17.834
-5.21604
2.64613
2.58031
3.62638
3.87984
6.4287
8.93572
-11.8276
7.20053
0.286246
-11.9976
4.23757
-6.27462
-12.1642
-12.4977
-9.24374
10.0979
5.29839
16.3584
-8.3342
0.515058
-10.5073
-22.6565
-2.65168
8.85564
-10.099
-12.4318
-13.627
0.766804
-1.48182
-10.9643
-10.2863
-6.12947
-4.93593
9.64739
16.4852
8.54256
-11.0236
18.7997
-5.74767
9.13219
8.44555
19.6039
0.140418
17.6291
-19.0667
8.30435
18.7637
-9.01551
-13.2465
7.36098
-18.648
-18.5924
2.39194
9.61762
-5.91333
-3.9739
-8.02651
5.66082
-10.4561
-5.97538
-7.72236
-7.64695
16.2906
1.89592
-1.66287
2.854
2.14303
8.51486
-12.3404
-5.51086
-6.10063
4.14923
6.57389
1.60717
-11.3672
-9.81964
-12.983
-1.46828
4.60744
-4.46591
-14.7897
-14.1664
-10.9573
-8.97589
-10.0352
6.386
-3.16039
14.0347
-3.53617
3.22428
-7.60813
7.93559
3.5992
-1.82958
-4.86354
10.3518
-6.53185
13.3214
9.83484
-9.16671
-9.31973
4.22873
-12.5331
7.47615
18.9231
0.761255
-14.5318
-1.80876
0.933786
-13.8713
-5.01196
-13.299
7.89112
-4.04453
-11.4176
-9.29424
-3.70056
17.6583
-30.7442
-4.55142
3.80328
-0.848006
7.65018
-4.64333
5.57805
-7.13501
11.33
1.57345
-1.12065
-9.36529
12.8308
20.1859
5.15963
9.73239
1.44742
-7.62056
-13.0119
3.33942
-8.85603
5.99534
-15.6012
-3.32973
5.76577
-1.69518
2.2669
-4.29592
5.2102
-3.90155
-1.9377
-8.80284
-5.33917
-0.893417
-8.98247
-0.357123
-1.13402
7.62319
8.15913
10.6434
2.68078
8.85642
-1.847
-2.48215
1.64488
-0.259882
-11.43
0.0817146
6.80803
-8.48242
2.58929
2.06591
15.3643
5.07832
17.2157
-1.5791
-0.12569
-8.42163
6.71181
20.6393
4.81571
12.2911
7.9566
-11.1766
7.42677
-12.3356
-2.38388
11.829
12.3198
2.55774
-25.4642
-3.07485
-7.79168
3.02155
-4.60151
23.7163
3.97658
-6.63159
-16.4871
-19.1022
-0.0625252
-2.7324
12.0685
15.2271
0.0134533
-1.13237
-21.9651
-11.1324
0.744153
-5.91978
1.71281
-21.1004
-5.59737
-17.8815
3.84084
-10.0007
3.87182
14.0962
-15.5126
7.66043
13.4389
-11.7285
12.1555
14.6411
-1.19819
-17.0023
-4.06319
19.1798
-8.57322
4.37527
-7.22373
-7.48895
-4.01567
-5.69659
-16.5632
-11.5288
11.7838
-0.718754
8.25474
8.50332
-4.64914
8.61237
5.82283
3.32174
-5.44726
-8.58682
2.60811
16.4128
9.63006
14.2348
4.79575
7.01135
7.06189
0.178289
9.66168
-8.80689
29.6312
10.8568
4.21713
2.28213
16.8427
1.07679
-4.81269
0.0781587
14.8278
-4.62593
-25.9862
-15.9109
-12.3659
-9.88301
-8.0386
6.01789
-15.5577
4.27853
3.8173
-18.9591
4.77942
3.60663
-8.66738
11.2692
-2.05406
11.6392
5.41719
14.4902
0.0577695
-14.6462
-5.21242
-13.3254
5.2848
1.52544
-4.02091
2.53322
-12.8252
-16.7378
-13.6122
8.21926
-4.16422
12.3272
5.27218
6.63216
13.1094
8.53772
-11.824
5.95176
17.6804
-11.4023
-14.1583
8.03949
9.6711
13.5104
-15.9847
11.4621
-4.06237
-15.5412
4.89304
-10.9764
-8.1193
-5.75744
8.93886
25.1972
-12.0761
-7.49975
-5.93659
4.88412
0.553988
-14.3149
-1.78735
-21.5696
19.8765
2.80548
-0.0331467
2.95878
3.18291
4.7971
1.73107
3.39718
6.66096
12.0757
2.58759
6.43574
-6.83606
-1.64187
15.017
12.0649
5.08663
8.17095
-4.62644
3.33125
13.8896
3.81494
-2.29287
13.9028
0.509746
9.11732
5.87779
2.76379
10.9365
7.68796
-6.62627
-1.39726
10.8567
4.88104
-6.3346
2.38229
7.29945
6.65728
11.9082
-7.58154
-2.64674
-9.08331
6.54246
-5.60853
6.18098
10.4718
13.2412
16.0578
-3.57973
-4.09628
9.37493
-5.80947
-0.486532
17.1074
-3.28818
3.74497
-8.95786
1.06192
0.64159
-15.1891
-0.263209
11.2661
-7.65302
-2.91209
17.543
-1.7283
-7.53957
4.04549
-8.44611
-15.3335
-4.24424
2.17398
4.17845
-6.3813
3.25234
3.58928
-2.05069
3.16475
9.88574
-10.8679
-5.47759
-5.05247
-4.69773
6.36756
-12.7323
7.50268
0.892978
8.42927
-19.6833
-0.600296
-3.60962
11.0661
-12.0463
-1.0884
3.57495
19.9398
-3.27855
-0.134474
7.27481
8.46957
-3.27006
-2.6968
-7.88207
-9.0505
-12.095
7.24093
-1.44769
-16.2364
-1.36746
-13.6183
6.0467
13.2242
-16.7776
-1.71227
9.37428
24.1237
-2.80254
-9.3985
-14.5879
-2.44335
-13.9254
9.9904
2.91663
3.89528
12.9618
-0.0572744
-2.03292
4.9088
-5.63622
-6.65227
4.40776
1.97058
-10.2698
-13.764
5.0175
5.60718
-8.93392
3.93891
0.788511
0.763862
1.05224
18.9751
1.95574
8.73941
-18.4039
-10.3801
-1.0692
13.7568
2.88131
11.2851
-10.2999
-5.78462
-10.6293
29.3716
4.59053
17.7873
8.75576
-13.1661
-0.103394
21.1224
15.6514
-3.08367
7.14631
15.7578
2.34518
3.85288
8.68032
-10.2166
0.401451
11.9756
0.86556
5.61821
-6.58347
-1.26236
5.69414
1.40026
-11.0165
8.53213
-2.42825
-10.212
-11.9325
-4.4395
12.9493
17.5095
-11.2873
12.0398
-1.891
28.8941
10.2346
-16.2752
-1.533
-15.6933
-2.5542
0.550961
-0.309068
1.38307
-3.84723
3.49599
2.68929
-20.1681
3.08038
6.71207
-1.49341
4.27348
-5.07788
-2.84893
0.0421717
-12.313
14.8883
-5.75614
-20.5708
-23.5442
-6.47778
0.0872982
26.886
20.1505
13.6537
-4.38455
10.4533
3.15967
0.224137
14.6489
-4.11951
-5.07135
-11.8195
-7.68902
8.28424
4.85753
-2.62152
-3.83669
8.06695
6.06357
6.35195
21.0386
-3.17389
-12.5945
0.987485
0.872744
-6.19621
0.991987
-6.27374
2.27741
-4.21843
13.6967
-3.34972
-1.81927
-19.6927
2.53822
12.4017
7.60714
0.830131
-1.03013
-0.86143
-9.53701
18.8386
-10.351
-13.3735
-7.7515
-1.61843
-5.58135
-3.92912
-1.29009
-4.20491
-5.66516
-0.881212
-2.33369
4.92041
-6.701
8.16744
-24.803
7.82441
-16.3014
-3.57916
1.30866
-0.589195
3.1391
9.32251
0.858857
-13.7793
10.0129
1.27496
9.33146
1.43301
10.0912
0.0376107
6.49412
-13.0958
0.074133
-10.8062
5.82228
-10.9112
8.6797
-8.53283
3.62904
0.872527
-3.48661
3.68592
1.52304
1.03264
23.3319
6.76467
0.169894
-13.8348
3.44135
16.2789
19.2221
4.00786
14.6462
-9.86164
2.84758
-3.48062
11.9114
0.588062
10.5933
-10.3769
-4.96612
-13.3393
18.1801
6.00507
-0.311566
-1.97368
-2.38777
6.36682
-1.66933
-3.92834
5.1775
-9.94721
0.893025
8.06003
-1.00785
-5.56048
-20.4243
-3.07295
-1.05296
11.1211
-1.78681
0.383219
3.8021
0.897361
-22.7853
5.5653
-3.57003
-4.0952
14.4318
-10.3721
17.5196
7.27867
-4.31625
0.0783818
-15.4805
7.55621
7.88276
-20.764
13.5609
21.9904
-10.4328
-7.50299
9.68616
0.859326
0.559718
5.93502
18.4865
-1.5046
-2.59597
13.2169
-7.12317
-6.62566
7.81283
1.24104
15.4625
1.66764
-25.9446
-0.73312
-18.2086
-2.85946
-27.9128
-0.973749
0.270969
5.79849
6.02174
9.77827
16.0885
-8.53138
-9.19297
-13.4539
7.13927
9.3174
-25.4635
-6.29606
-0.0370709
-6.83466
-14.1091
3.20857
-4.53904
3.73021
7.62137
9.37123
7.51182
-7.36729
11.0761
-18.4912
-9.12846
-5.19346
12.6903
-4.68768
-7.0509
0.702354
-1.12603
-7.83256
15.183
-1.93651
-0.309747
-5.28783
6.70124
-0.302137
-20.5138
-5.33103
11.9997
-9.90627
-17.3466
-7.6949
-10.108
9.61327
-8.40008
-8.60412
-2.4244
-1.27492
10.3487
-2.57609
9.17119
-0.61312
-1.1734
-9.00533
-0.823835
-1.65769
-3.76182
5.46736
-2.49076
5.20002
-2.2484
2.64642
4.24789
6.03277
10.1015
3.21127
16.2835
-8.47084
2.4716
11.8843
-0.11912
-1.21811
-8.2777
-2.19086
-11.0544
16.0427
4.1095
-0.238169
-4.53108
-0.039656
-2.20154
10.1819
-7.42198
1.26041
2.9729
2.13525
-4.82216
-7.2292
2.90147
-6.99957
20.3692
-6.06358
9.99499
-7.53614
18.6967
-21.1562
1.25702
-14.7287
4.37804
-15.1647
-1.19765
-2.83164
12.0884
2.13736
9.97736
-15.4584
-0.570594
0.0791807
-8.14739
-0.898091
12.5413
-13.7285
-18.1029
0.558838
-15.3198
-4.51164
20.0379
5.3004
7.99244
5.75035
-2.26611
10.4607
-11.421
-4.93591
3.69607
10.6896
-7.58875
2.05233
11.1414
3.97063
7.08101
14.2775
29.6547
7.74468
-3.48677
13.7678
-10.0273
7.23925
2.87779
2.2798
-10.6432
16.4698
1.47644
-12.9861
0.752616
6.59382
8.71164
19.2619
-4.8423
6.36575
-9.29199
-9.46626
12.9566
-8.07956
-6.5114
-1.4299
3.20245
6.13968
-2.01531
-4.23652
-10.9093
2.25778
17.4597
2.91924
-6.99625
1.37299
-0.336361
-1.3622
-4.94722
3.4144
-21.3343
0.871163
-0.950751
-14.7785
5.57847
-13.3943
6.86866
6.35332
-8.49519
8.51148
10.5944
2.38721
2.79739
3.12768
24.6349
-12.6063
-3.34543
9.85927
5.91607
9.25853
4.30449
13.6801
5.83434
1.39621
-7.32263
-5.45128
-12.8638
2.80873
4.38923
-13.2787
-0.886709
-4.82797
-1.36694
3.66266
8.26345
-13.0902
8.88364
-1.44851
6.60687
9.13052
-8.30356
0.925016
-6.68891
14.8598
14.8745
1.05264
3.43366
-2.94685
3.04281
2.02228
-12.7676
-10.6557
14.9643
-4.21331
0.375355
2.69522
-6.45187
-8.07215
4.43391
-4.68549
-7.62326
-9.45139
-0.413322
3.31881
-1.92886
2.94499
-4.90818
-2.75262
-2.13943
7.90159
-12.6169
-1.41742
2.20775
11.9562
6.35884
-2.89401
-6.16929
13.2664
2.17515
2.1709
-2.72539
16.866
12.683
-9.6399
-6.45799
-13.93
-6.25871
-7.54024
11.0858
4.1612
-15.371
3.80279
-5.10487
-2.79119
-6.25556
-21.3954
-10.827
4.5503
-9.2491
0.187481
-2.07042
4.39473
-3.83102
-15.9442
-14.7008
0.11183
-9.88968
-0.864467
-21.6882
11.4366
-10.7639
-3.1202
-3.36507
-5.75801
1.49962
2.47754
-12.851
11.3516
-6.40376
-23.0366
11.3734
14.4208
-5.71227
-22.939
-3.12406
5.03849
12.8619
0.250166
-1.91529
-4.71082
-4.83355
-7.11833
16.7505
4.28038
-20.6164
-2.00726
1.61467
1.33675
16.1282
6.65285
-2.11601
5.99366
-7.06278
-0.885627
10.3379
0.968746
-3.29418
5.39203
2.09868
-10.5303
-7.30055
-6.0056
-4.03093
6.9881
11.7923
-0.571498
6.61078
-6.86167
-7.58158
10.8463
-1.3382
-14.8567
13.6751
-29.3221
-13.0036
18.969
12.3609
-2.17881
-0.0844897
10.5035
7.27725
-2.9023
-6.317
2.52458
-8.19173
-6.08476
-3.56225
-4.06245
-3.30998
-2.88571
5.16291
1.51657
-8.73016
-13.7674
3.04278
2.25867
17.5674
9.30726
8.00321
-17.1467
-3.14847
-9.14327
11.5466
-15.1041
-16.7267
-9.55522
10.6188
-11.7099
-0.0171041
18.9867
-10.4367
-11.5486
0.511156
5.22514
10.1766
-6.18332
8.78753
4.44706
-2.39157
-11.1275
-12.4887
-6.71714
-11.8544
4.01277
14.1631
1.20995
-8.89812
-13.3791
15.0524
8.04876
-19.1611
6.9887
3.48041
0.431776
7.94211
-7.55841
3.36872
-6.48081
-13.1825
2.90194
5.95952
3.86372
-16.5211
-7.66483
-5.88568
-12.2069
3.26963
5.29461
-2.32189
-3.08003
-8.21839
-0.363956
-0.537638
19.9835
-1.48306
16.0117
4.61447
-16.2388
-1.42752
-4.17939
8.6837
11.3704
21.1108
-23.0243
8.23327
-16.7487
-6.85557
8.39402
5.38659
10.2724
3.07181
-4.41932
12.6945
-0.497213
12.4805
-14.3571
13.0822
14.0592
-17.7442
3.23059
1.95674
8.39376
3.54921
-22.0098
13.6889
1.76127
-9.50204
14.0943
6.99899
-13.1108
-13.6219
-15.4314
5.26592
1.45025
-11.7725
21.9269
12.0125
-2.89528
2.23018
5.52568
-8.57475
-14.3248
-13.3684
23.1166
10.4148
4.17571
6.92963
-8.40981
21.0707
-6.48152
-2.59987
4.2504
8.81228
6.21435
8.66597
21.3201
5.52544
10.0062
-13.8454
-7.25498
-10.1179
4.56649
6.6892
-6.48054
8.86711
2.28832
-12.3917
6.88742
-3.31852
11.0888
-22.9832
6.93226
-3.46025
6.93575
14.3717
-5.65521
10.6273
4.48818
6.55612
-4.24095
2.39941
1.00725
5.29254
4.4395
-2.12959
-6.75559
0.660771
6.31593
13.6629
11.0279
-3.0389
11.3192
8.51846
9.90563
8.33446
13.5779
-8.66009
9.09004
-12.3405
1.98859
-0.479399
-4.0417
-16.3657
-8.42746
-1.01369
2.0095
-2.04526
1.213
-2.28176
-2.23926
2.90827
-3.95413
4.45865
-9.16536
-21.2762
-12.6955
1.61213
-1.06181
0.736055
3.73539
-15.2721
0.563057
1.88622
0.364039
12.8661
-1.28636
6.309
1.9937
4.44625
0.205179
-9.99248
-1.66485
11.6339
-2.14082
-6.15767
-7.92046
-4.29785
-15.3943
6.07048
-9.99678
-0.334291
2.00403
21.7698
-10.2941
-10.2003
7.14354
-2.59662
12.8308
11.9045
-10.3741
16.3227
-6.44904
2.1033
2.00879
-12.092
7.40838
-11.2374
5.84784
5.26184
4.67645
14.9573
-18.8906
-11.1887
-10.1758
11.1578
1.615
-2.47577
7.17318
-2.83737
10.7095
-9.20575
-9.60178
-3.96655
2.77548
2.10273
6.01087
-19.098
7.88032
-2.36848
1.69922
-17.0363
-15.5362
-3.48336
-12.5094
3.62638
-12.9303
5.9642
-2.34161
13.0495
-4.10585
-13.7891
5.20115
5.81262
-5.71936
-4.6848
-8.93598
-15.8523
6.42798
12.938
-4.20974
2.89868
-0.33353
-1.24917
-2.66514
-3.93551
-10.3859
-8.84002
-9.48559
0.258012
-7.2125
-1.2155
-4.25218
5.64264
-14.1519
11.4927
16.8658
-2.85646
4.96997
22.2801
-10.6473
-14.7149
7.5506
0.0278023
-5.01375
-2.25835
6.34252
17.148
-11.4689
-26.9199
6.78515
-6.43252
6.22955
13.4094
-0.0510607
-17.8466
4.51418
-2.00388
2.19494
5.98628
-14.6953
-3.32491
-0.789005
-18.5164
-6.6801
-18.7717
14.0169
-23.2551
-3.09915
-14.7553
7.93033
-0.92384
-14.8908
10.9266
-25.4745
-5.03676
22.3448
-11.0526
1.68098
3.2643
-5.17397
-4.03779
5.18568
0.825196
-14.587
-19.9077
15.4562
3.25633
5.7491
0.0487456
7.9298
18.5456
-1.37231
1.82352
13.1117
-15.0405
2.77541
-22.523
10.2336
6.26421
2.74279
-17.1945
3.78513
-3.86372
-7.92026
-3.4845
-9.98773
-16.8565
-5.07368
10.3733
-3.82329
-17.3243
-0.287049
4.84251
-19.0092
2.86664
-7.30004
-7.85065
19.5496
-7.29021
-6.44185
-1.87005
-6.2713
-5.51383
-13.7805
-4.72719
1.33519
-8.42954
9.20002
8.3847
0.338863
0.70611
5.48194
-6.47142
6.54059
-18.5535
-6.65449
-13.0568
-9.01815
0.0283172
-6.14866
-5.25036
-30.9819
10.9398
-2.12681
-2.97082
6.65266
-14.7837
13.3143
-13.5073
9.07824
5.2137
-2.99796
-11.6215
-8.76317
2.61605
18.1735
-2.81326
9.75692
-3.21583
-13.5599
7.39137
9.19721
3.61433
-4.52312
-16.341
16.2925
3.59144
6.34143
11.4602
10.97
3.31971
-5.22653
5.00859
9.5422
-1.59701
-4.51374
-22.687
-13.4343
11.0721
0.078951
1.03893
8.98752
2.3374
-5.91872
-0.410882
3.13921
-6.68362
-4.58325
-3.44399
-16.4881
4.20456
-5.56812
-2.31741
3.48874
-14.8482
6.47469
-23.1689
17.3306
4.57138
-21.4109
10.7236
2.02052
-8.77185
-17.1697
-23.7339
2.88576
-7.44506
-29.6334
11.7573
6.38149
-2.0345
-4.45259
-6.99768
-5.54376
-7.06935
-2.77438
-19.5895
4.04514
12.571
1.5154
5.17807
17.7754
8.90224
-7.1676
10.5013
0.718464
6.62749
0.822827
4.41513
-4.39945
3.80267
-3.30586
-1.23831
1.40001
19.1959
12.3991
-0.412801
-7.20853
2.33394
-3.60189
5.27258
-12.2684
4.94244
-2.47644
-1.14276
2.40833
-7.35352
12.542
12.0022
-0.889738
-1.0696
-5.41922
-28.3046
11.7697
1.32183
17.4315
8.54081
11.2787
2.52738
-6.35038
4.43397
2.1088
6.38572
23.8854
15.4627
7.05404
-4.4085
-3.72238
2.63707
-17.2472
-1.12539
-3.07543
-16.2787
2.63903
-17.785
-3.01204
11.84
-5.96929
-2.49104
11.0093
-11.0816
13.0542
-3.43918
7.07339
-7.95799
1.30002
-0.578124
7.34773
3.61075
10.931
8.03168
15.6942
-5.59358
6.43456
9.33508
-0.0439005
6.79669
6.78339
0.299474
-3.36848
-1.89024
22.8653
4.29885
0.118208
-11.9583
0.0782519
10.9072
8.62051
8.78396
0.00107487
1.23683
-5.6895
-12.361
-2.48823
-12.7735
-1.19189
-8.84866
-11.8331
-2.73176
-3.99511
2.6058
4.26918
-0.0242546
-10.5118
14.4936
-3.63037
-15.9641
10.9766
5.09204
-10.6044
14.8058
10.1041
11.2314
-4.99943
-0.136218
-10.3612
-11.0826
-4.63316
-14.7277
0.555274
-19.2829
7.81777
-8.1912
-1.33123
-2.31521
7.92629
-11.7665
-11.6273
-0.393997
3.81014
23.5463
-1.69602
-13.0922
11.798
-8.21531
-10.0371
-1.69078
10.489
5.02698
3.49578
13.3904
8.04884
0.293864
9.41056
8.07448
-7.37311
-9.90805
-11.3298
-10.6915
-0.0683953
4.46523
5.95693
4.00938
7.5772
5.93897
-3.59303
-2.46887
6.26532
-0.474555
6.17436
-8.00125
6.29172
10.0316
9.55214
7.3204
-2.31708
11.9425
0.112656
-2.71315
-7.93496
-2.04336
-0.650654
-11.156
1.87027
12.2949
2.65164
0.288767
-3.75453
-8.92565
4.22551
-1.98355
3.60334
4.76289
-3.28542
8.33707
-5.87678
17.7309
-2.73722
8.25999
14.9349
-9.37128
4.76508
-2.80511
-12.4682
-9.33594
17.5423
17.6688
0.724258
12.3748
-12.8488
-9.2879
1.79868
10.8165
3.67599
1.80768
-8.46771
11.9283
-9.5842
-0.444811
-5.45695
-5.88036
-8.53294
-17.463
13.6546
-1.04245
-16.8392
-1.2899
19.392
-2.02641
2.25008
-8.2487
3.89519
-8.13093
0.0177405
-10.7927
-0.0675166
-16.3477
-8.96521
16.1645
-10.1993
-14.526
-12.5181
7.0041
8.47991
-4.83356
9.964
9.85539
6.46886
2.81608
15.9126
-12.781
9.50048
-7.17835
22.6394
-11.0811
8.89898
-0.300428
-9.09381
9.93642
-6.83602
-2.52146
2.07988
9.50841
7.53777
1.13076
-7.71862
-7.21496
-6.47622
-22.9763
-9.07819
3.27448
18.0778
2.46468
16.1729
22.8401
7.23136
6.56079
-1.39352
-19.1562
-0.031657
11.9944
-2.13214
-13.461
13.9532
14.3411
3.05824
20.8623
9.95208
3.3979
-2.84878
-0.124719
-12.7708
10.3135
5.05053
11.7924
-0.901464
7.49518
-5.17128
-12.2651
-1.86464
-3.74226
9.0158
0.490341
-11.8404
5.91481
20.5728
-3.27902
6.87203
-8.61264
-1.89311
-23.0853
-13.9899
4.03942
1.91388
-6.62066
11.9761
-5.88892
7.16482
6.17337
0.929243
-12.7115
11.0877
-12.7795
9.34928
11.2816
4.7654
26.5761
-15.1864
18.9303
0.67599
-2.92224
-9.39708
6.25701
8.527
8.47512
-12.0346
-0.0192864
0.604105
-2.98434
2.3607
35.4822
-11.6462
20.0665
8.22595
8.02186
1.63909
5.26301
1.21187
12.6002
-5.60209
2.39773
-1.07552
-0.649293
10.6532
4.1969
13.6175
14.5074
6.45411
10.6928
4.0136
-2.12354
-2.36675
22.4374
3.06271
4.5825
11.7304
4.66139
-15.6044
1.24212
6.19331
23.1203
-6.31574
-6.46553
-5.67351
-9.17608
-10.7517
-5.8798
1.94387
4.9268
9.05438
7.79987
7.27695
-8.38479
-6.55421
6.28958
-1.80953
-18.4277
14.1815
-3.25454
-5.53434
-4.09252
-1.82956
8.09791
-18.783
-16.9229
-0.0460848
1.30225
12.2662
-1.63604
-9.96106
0.0539614
6.38305
8.43533
8.61167
-10.2662
-4.01153
7.66453
5.39617
-14.3892
-9.00096
-9.01832
-15.7562
-26.0841
4.67268
-4.5439
9.30471
-4.42165
19.674
6.45687
-0.770496
-6.66989
27.8819
9.99444
13.9532
-11.4863
-1.46071
-13.4156
2.55291
-12.2158
4.99271
20.1943
-1.35806
6.16082
-10.6823
-9.29227
0.300321
4.86875
2.00216
-16.0823
0.502827
-2.49004
-13.9009
-9.73052
-2.0761
2.52772
11.4866
5.03483
-3.08627
-1.98603
-2.33556
-5.71634
-13.752
-12.593
-5.46125
-3.9671
2.12128
-0.670522
-1.89551
-36.3491
3.62101
8.12256
-3.66812
-13.5244
-7.96788
5.92039
14.7655
12.4724
0.746364
-1.52218
-13.3624
-7.4166
18.9657
6.87763
13.6776
-22.1921
-7.97924
-7.77966
-0.0448496
8.36229
6.52551
8.53276
-3.43874
-2.7793
-7.23063
0.491051
6.34766
17.3948
-0.846054
13.9907
-15.0076
14.4136
-15.7973
-7.11896
8.76367
-17.2649
-8.64909
6.18238
-0.903714
2.12437
-11.2457
-4.9302
1.30823
-17.4122
-9.92501
8.78669
17.1886
-20.5641
1.12332
4.39788
-10.1669
-0.729539
-9.86052
-1.58095
4.1005
-1.65766
-4.03748
16.0856
15.2579
13.99
1.7755
24.0203
1.50048
6.3191
3.96715
2.23788
0.966894
-2.74136
13.0394
-14.5978
5.10294
-0.416758
-6.54159
-8.38152
12.0021
-15.727
3.87555
-7.46501
-18.3087
-10.8194
-6.64991
1.52532
4.64716
-7.52072
-17.2108
6.27636
-7.88129
-0.265806
4.00575
10.609
-14.9435
10.9342
-4.20131
8.20451
4.10339
-7.93241
7.37081
-26.3
-4.02539
-12.9754
-0.423982
-11.4856
2.69965
17.0808
3.25649
3.94224
-12.7771
-23.1576
7.14325
-12.2042
14.558
-10.6678
-16.2003
4.70697
-2.82525
2.70971
-11.2557
4.4118
-8.84877
0.454596
3.65571
-4.4239
0.269209
15.0394
17.6227
-0.668561
-12.6045
-4.64992
9.29618
1.36164
-7.68786
10.076
2.70286
7.50949
-4.03233
12.6228
0.788761
21.5846
-10.6197
-4.95698
-6.63989
4.65531
-8.03814
6.53462
9.59416
7.43045
11.5348
5.86567
13.4599
4.61217
5.93731
2.3179
3.37063
-8.92454
1.22524
4.24283
19.0386
14.3206
-7.6911
3.52477
4.57693
-7.38919
11.3691
2.31766
10.0837
2.52242
-3.01957
-1.03049
4.83996
7.04218
-4.72247
12.8846
3.50722
-23.562
-10.098
-3.37576
13.412
-6.05812
15.9263
10.5516
-6.33128
-15.3273
5.71862
-10.5768
9.76679
-10.3085
-6.20781
-6.87129
-4.72804
4.91698
-10.4014
-4.22988
4.30614
3.27757
-5.30605
-2.24338
13.3724
-6.37651
7.48648
-2.95185
6.23591
14.5475
-6.74174
9.16215
8.17501
0.18003
-10.8215
16.3637
-3.87253
8.50236
-9.88364
19.3618
3.95701
-2.0228
-0.97497
5.95236
-5.00564
0.444808
3.41001
6.19962
-7.72416
19.9006
3.40779
19.3477
-8.96743
-15.8571
-1.97832
-2.68212
-4.00874
3.64743
7.23208
0.513259
-12.2779
2.12499
2.67745
3.56973
7.9227
-15.6439
6.21109
5.43353
-13.601
-17.8449
13.0355
-0.031693
-15.5998
-4.43608
1.44735
9.2047
13.9739
0.497299
17.0589
-4.72618
12.5108
1.48592
8.00107
-2.09883
8.59943
-10.178
11.9422
-3.49509
-12.2736
-5.71685
2.78743
17.1033
3.75913
8.8279
11.6649
12.214
-13.7253
-7.40654
6.14219
2.78311
3.87735
-9.19292
-0.34678
-6.13313
-12.327
10.8778
4.25125
8.48314
13.0515
-15.8396
17.0542
-14.0273
1.4058
-8.871
-2.87221
18.9318
3.9654
-2.54824
-10.3028
-0.634841
5.16716
-3.68731
19.789
4.63445
-2.53887
-5.85673
-10.564
2.1158
-3.36561
-1.17269
-3.03875
2.28227
10.0041
11.0358
0.775674
-7.63103
16.9954
0.616412
-5.34828
-1.96002
17.0126
1.66047
3.31541
-2.24606
5.17466
6.94002
3.72585
17.8405
-4.5801
-9.55337
13.3286
-2.50184
-4.45724
-9.26167
-13.6017
1.65338
3.78344
-17.2261
-1.18981
2.25942
-1.11631
12.2057
-9.2765
-2.93721
-2.28268
13.1084
-18.7309
5.20563
-2.9588
16.0421
-9.79649
8.77287
9.00603
-0.301503
-2.73005
5.39891
-1.33382
-17.4171
6.31119
1.75219
2.42747
-28.5472
-9.94312
11.4943
7.28477
4.88105
3.94241
-9.51058
-5.3787
-0.933682
-4.02086
-2.37496
-1.68689
-2.0498
-14.8375
-4.25051
14.5945
7.3502
19.5002
-7.0261
1.86315
-18.4696
9.77154
1.99036
-2.69299
-6.49556
1.84527
-1.75189
-0.132029
-3.07719
6.30637
-0.776014
-14.2447
4.73361
4.02221
-16.6888
0.425551
15.1383
3.28268
0.717789
-3.14651
-8.91776
4.19428
20.7275
-1.67131
4.57757
20.7866
-21.254
-3.28087
15.6377
-7.22438
8.18621
-2.71499
2.28119
-1.0979
-18.5774
-2.57773
-10.7491
8.01141
11.0876
9.86817
-4.29631
-3.1389
1.22276
4.71492
-16.9021
12.1614
-4.73607
-0.776666
-9.876
5.82436
0.720244
-11.7651
9.54968
-4.59323
6.03439
12.0087
6.38152
-13.7811
1.15884
6.32914
-7.44489
6.2806
10.4623
16.051
-2.37496
6.07528
-4.10571
-18.655
4.54897
-4.05707
14.9028
-4.37471
-1.97172
2.49191
-28.0512
-1.14408
16.86
-3.39968
-13.737
-1.17035
-7.00719
2.70923
9.23893
-2.94703
-7.06784
-21.8615
6.84319
-6.6213
-7.74986
-8.86237
-16.047
1.51387
12.1829
-28.2895
-11.2573
0.49301
-5.35912
0.653645
-20.0915
12.9171
19.2463
-4.60381
-7.43958
12.0931
-2.75191
1.98029
-8.15335
-0.936451
5.53045
-7.98564
0.157241
4.78888
-6.82911
0.516498
-2.23225
-4.1612
-8.86283
-6.30357
4.84953
14.4591
-16.592
5.95875
1.09434
9.2787
10.5898
-24.6296
14.699
8.79843
-1.51353
-10.6987
-0.046728
-0.0221564
6.2502
-2.4324
4.20604
8.59697
-12.3126
8.07827
-8.29531
26.8068
14.1066
-13.8275
1.28271
-8.67232
-3.45581
15.6347
-7.47959
2.00212
-3.51677
-8.23916
-7.99499
8.73734
-9.12
0.424881
-18.1804
6.11344
-4.76227
-20.3978
-1.04319
14.2267
0.264987
2.74206
-11.7617
-7.9037
-13.2914
0.696193
-13.4909
5.60076
4.79647
-2.33996
3.62585
2.90488
7.40581
-8.86353
20.1268
10.8838
2.01557
6.46935
-3.40579
8.58004
2.53318
-11.7214
11.7272
-3.85165
-13.0071
11.0376
-5.36304
-12.6891
3.59699
-9.68524
5.03454
-7.20079
1.16632
9.36076
7.47117
4.91206
-10.6194
8.5968
8.131
7.31454
-4.91589
-18.3365
11.0464
-9.40573
-0.848319
-11.7508
-3.0872
4.01745
-3.30901
-10.4052
-9.0491
1.85304
-5.36724
10.9191
-9.37789
19.3956
7.18154
-11.8546
0.0775073
6.50412
-23.3578
26.9307
16.196
3.78257
-13.1092
-4.40414
-4.67046
3.75286
-1.53494
-2.22652
17.7767
-12.2205
15.3241
7.87449
-0.82145
-2.39561
0.375702
14.4917
19.0685
-8.62338
15.8779
2.62742
-6.32148
11.2054
16.9644
2.23273
1.02046
-4.7295
15.7242
-13.0747
-3.14383
-4.14891
4.56489
-0.308489
-6.34358
20.4958
2.71869
-10.5253
-1.97519
5.2336
18.6253
-3.24725
5.36267
-4.29956
-4.36861
-10.6138
7.44242
-15.6592
0.524719
3.73331
-7.49314
9.82016
-10.2956
-6.13334
-3.92722
-10.4418
2.26455
6.90348
5.54386
1.66177
-3.68949
9.45707
-6.10329
2.01589
-5.24315
5.93545
-6.54293
-1.94588
18.0738
-5.54824
-24.8848
3.58239
-15.2818
-9.26108
-3.358
-10.4802
4.26336
6.22863
-14.1099
5.1401
5.49371
6.25919
-4.16565
-0.956721
-6.75302
10.4547
-8.35635
1.49909
-7.00366
9.09126
6.96923
7.81144
0.674261
-7.42227
-11.9116
-13.7668
-7.04563
-5.85835
22.1282
19.508
-21.1533
8.67756
15.3483
-6.16406
-7.2648
-8.45462
17.662
2.03364
21.6212
13.7957
1.62589
-6.93964
-3.06419
-1.72582
0.643926
10.8277
13.5039
-4.58852
11.4468
8.4116
14.6203
24.1341
4.56214
6.67673
22.6342
-19.3897
-5.05504
12.8124
-2.03463
13.1754
0.948183
-7.55066
0.843425
-3.62542
-3.2511
-12.7763
-7.42688
-5.68735
-24.9308
4.39599
6.11302
-11.0201
-3.52061
-9.8847
-2.35078
13.2857
-13.2906
-13.2705
5.58442
3.17677
-10.2749
-15.7039
-4.87875
-16.0955
-19.616
16.6712
0.677144
-7.13173
-2.99705
-0.922926
2.90083
0.816573
-6.82157
-6.3857
-2.98597
13.6421
4.47357
19.0655
-1.93855
2.51592
7.62547
1.99227
-9.58487
3.20954
-5.08799
12.8094
14.7904
-9.92645
-1.20084
-0.410107
-17.9491
5.64774
-0.498005
-5.82679
-10.9528
-1.11432
-1.88844
-21.3856
-9.59772
-1.84828
-3.99593
-12.962
5.04328
15.9794
-13.3256
3.6055
5.67773
20.4633
0.616416
6.76692
2.32117
1.70524
2.28653
15.0446
-2.85882
5.80878
4.22657
7.35739
-12.9856
-8.09506
1.60655
4.72724
-5.95242
1.23706
-3.85233
17.1898
-8.50991
9.11998
4.35636
-1.7327
5.89924
11.976
-4.05767
-3.83146
-5.58243
-6.17319
-4.68549
-1.36073
3.96403
-7.45244
-0.278456
-12.934
7.55362
4.50703
9.79319
-0.834898
9.94359
11.499
-3.58445
-4.28999
-9.32908
-14.136
0.775131
3.5351
8.84808
3.56495
6.71999
8.74574
-6.73741
0.567667
-8.35833
-10.6693
3.13999
-7.86093
24.6155
14.5555
-11.5463
8.80027
15.4663
-7.16089
-5.94856
-1.91848
-13.7346
-4.07588
14.4442
2.55279
-3.32158
-2.91229
-12.2267
1.06774
14.9181
4.11159
-1.7125
23.4501
14.3792
-19.5028
-5.46169
-8.33509
-18.1643
-8.34728
6.3725
4.45848
12.4024
18.3423
-5.85603
29.6748
-17.9326
-2.29924
2.72328
-7.13082
4.87651
7.45407
10.1451
-20.3041
4.67185
12.2183
-5.32019
-9.62344
-19.9545
-12.1019
-8.75921
-4.58773
0.829936
-10.4692
1.21827
2.90114
8.65265
-6.64692
12.3189
-8.97954
-10.9044
-4.65173
-16.4226
-11.0815
-6.97282
-3.26306
14.7246
-10.4914
16.1933
-7.71598
-4.14504
5.50323
6.73784
-10.7823
10.905
2.30203
6.68603
2.33291
-7.29039
-12.7005
12.4049
5.72757
21.6197
0.402918
-15.497
-2.68952
-6.66049
7.75803
-20.9363
-3.16396
6.46818
-6.48982
-12.3415
3.69325
13.3738
-7.93844
0.860321
2.47948
-28.6412
-1.17839
3.00891
-14.2881
-8.95992
-0.0894871
-6.69949
-2.31031
-1.05326
-5.63416
22.0075
3.54519
1.1709
8.1475
4.51914
2.17888
3.57476
-4.81046
-7.62068
1.87843
-9.17418
-10.931
-6.50515
-4.33718
14.6626
2.92066
-15.9143
-12.1606
3.62771
15.3799
9.10592
10.8736
-21.449
-13.9452
2.75298
-5.00837
-3.68781
4.51264
-0.561472
-3.61474
26.7377
-12.3877
-4.69814
10.3001
-13.3972
4.10236
5.54209
-3.61537
-10.072
7.92807
6.43413
-9.10874
6.35316
-12.7776
-6.30353
-12.2159
33.4822
4.91714
0.237728
14.1425
-3.82486
2.93325
12.0692
4.01055
-2.27923
-10.9872
4.34364
-18.6941
-2.91578
23.709
-2.70872
-12.6005
5.47737
15.1381
0.942242
31.55
-6.13775
3.49524
2.85131
-1.79417
-5.69525
14.2286
-7.54645
0.486871
-3.46103
2.11842
15.2586
-16.2715
-5.79112
-4.31989
2.33183
14.7846
-10.5253
-8.65243
-19.4346
3.54073
7.2966
-5.00945
-5.40026
-0.136666
-16.8278
-12.2554
20.7554
4.75216
-9.91972
-8.78678
21.4886
-13.5485
0.722905
6.09846
3.4655
11.2962
13.4174
-13.0564
-1.30878
-8.16604
4.0574
-0.592104
-8.6062
-10.6649
-4.1178
-3.75553
2.832
-18.3065
0.880613
-3.67802
5.59737
6.70104
-10.395
2.83141
5.78464
8.17799
-12.5759
-1.30341
-1.75547
4.04267
-6.343
-19.7832
1.73104
16.4751
-29.6295
1.14384
0.963802
-0.0301231
6.32363
-10.7793
22.3227
6.97921
4.78099
-4.19871
4.07638
6.49937
-13.3822
-14.5158
21.7514
6.11103
19.9125
6.5871
16.5673
7.42973
-0.553657
-4.37745
-5.91664
-19.2239
-5.92258
0.502838
-6.54988
6.35117
-9.94897
3.50132
12.8215
13.8098
10.7409
-5.96352
-4.96337
-0.888012
-11.7866
18.3873
-7.48728
7.12945
-2.19579
-1.78445
4.95486
-0.684582
3.87045
2.13158
13.4203
-7.7582
-0.338144
1.78094
-4.57061
9.85088
6.34939
20.6058
-3.66267
9.78464
1.72298
11.2616
-4.20336
-19.367
14.2756
0.179396
3.30164
12.1165
-11.4348
-5.37478
-10.5419
8.67672
23.2488
4.07767
-23.7019
5.17123
19.6904
1.9788
-3.35094
-13.7475
-10.9657
-3.65276
-12.551
-15.9718
-2.46566
-1.4555
-11.3292
-11.5801
7.85009
5.46669
2.71217
2.86791
-13.5404
0.251818
-4.21649
-6.92582
19.0385
-5.00809
-0.254967
-27.2422
-5.1402
-9.44047
2.68379
1.67418
26.4471
-5.33435
-14.0135
8.93736
12.3404
-21.8827
-0.508573
0.544692
6.918
-9.55435
10.7965
6.19166
-6.62657
-17.4642
1.55514
6.81109
-8.37662
6.2459
-4.07482
-5.28027
0.0848817
12.7999
-0.680853
0.699925
12.1001
-4.16558
18.6513
24.7084
0.891723
13.5539
-1.63632
-2.08115
-5.33111
-3.5512
2.78095
9.96468
-2.09706
3.89271
3.49259
-4.0467
2.90993
12.427
23.2082
0.295487
-9.10979
-1.12666
0.124001
-14.01
-18.0942
1.02497
3.60051
8.37675
0.856768
-8.20799
4.90743
-11.4553
1.62468
5.13129
6.31276
6.3618
8.66929
-15.2324
-0.93428
2.68215
20.6742
12.8508
-16.7651
-13.8499
5.02665
19.1554
-4.40433
-0.644693
-5.10135
-13.0487
-3.44617
2.18835
-15.045
-13.7567
-13.515
0.685472
-13.4329
-0.403538
-18.9244
22.3117
-0.851142
3.57604
0.419101
5.26673
0.57932
8.21692
-7.65081
1.92381
1.3895
4.45786
-6.56595
6.47622
5.22974
11.9362
17.4752
16.1172
-0.401988
5.22621
3.82767
-16.3719
11.868
-15.583
2.28726
-1.86792
6.30317
7.61235
4.21988
0.344558
3.90658
9.94645
-1.66814
-14.6429
9.79402
-13.551
0.72916
-5.70272
2.2512
-0.15199
1.61525
-7.978
9.01826
0.657243
-20.9218
-1.25522
-8.46787
-3.14652
-0.179871
6.87481
0.315875
18.013
13.1554
6.01324
-17.4898
-6.3139
16.6957
18.4154
-15.4552
-8.12174
4.34146
-12.8862
-4.87283
13.687
-1.94663
-2.07792
8.36868
-6.182
-1.11236
-6.29577
-1.96058
-8.83995
-3.76926
-2.83488
4.49176
10.2901
0.511202
-5.02177
5.39463
-5.19904
10.2223
-0.56385
14.9965
-10.9192
-8.98984
-4.77996
8.0912
4.45418
1.51565
4.52065
34.0301
7.96617
12.2393
4.4794
19.6761
-1.16235
-11.9997
0.118571
-4.25178
10.1194
2.6203
2.86747
16.4623
8.62714
16.0601
4.49127
-8.07749
-15.0664
14.6177
12.8694
23.7316
-12.413
12.3092
5.82148
5.6723
19.2985
11.0673
7.25399
7.48612
8.54927
-24.0821
7.53909
-11.2407
-12.9966
-20.1051
19.2655
-0.301014
10.0188
16.7288
1.3837
-13.0728
-7.60907
-3.48832
-5.61132
9.95426
6.99831
-10.066
-15.2143
-6.09654
12.1153
1.30556
-17.3032
-2.02049
3.17795
6.90256
11.6848
13.2999
-0.562026
17.4596
-3.11558
-10.8232
-0.0167008
-9.69084
-7.38099
-0.213745
-5.92196
-8.71163
-2.15049
-19.9994
9.54806
2.85525
-2.36334
-12.8426
-22.2212
4.18348
13.2046
3.5022
-1.5392
-9.94291
-3.46939
-5.10602
6.43534
6.74275
8.14408
16.4688
10.1894
-1.24347
1.20438
-5.54945
18.8578
-13.0287
-4.1305
2.15741
0.247026
-13.5397
1.04657
14.9522
12.9968
-2.72522
14.5631
0.95262
-16.2527
-15.4058
4.47456
10.5348
-12.3314
-6.79644
8.33877
11.8508
-4.68982
4.00302
7.29974
-0.608442
1.08473
1.36442
-13.9994
-2.53526
-3.49074
-24.964
-5.21361
18.8642
9.55459
14.8472
5.46556
2.69892
14.6778
-6.06784
-8.1774
-3.49529
-5.15254
-22.4788
-0.228182
-13.5671
-9.37645
-16.9856
-5.15898
20.9549
16.2
-7.78805
-3.57645
-7.41791
-15.1962
-1.63303
-18.7884
-4.59679
8.18941
-7.44264
10.1344
2.44561
18.6503
7.43137
-5.01756
9.35982
16.617
8.67387
13.7853
0.209953
-14.3602
-8.61579
14.0102
-7.27063
-12.3995
4.56317
-1.18509
-16.3529
-7.28688
25.7407
-0.907481
5.48165
-5.68061
7.66428
10.5801
2.56833
-1.61297
14.4534
-9.74148
10.025
-6.4828
-12.2696
-7.83788
7.30886
11.1284
11.064
0.279479
-8.11803
5.91332
11.693
-4.55856
-16.3546
1.65216
-18.1092
3.2978
3.91098
10.2258
-11.2705
8.79566
6.0293
5.60526
-0.087851
4.08232
-17.1942
3.70638
-7.383
-3.57343
8.61588
-5.61602
9.83324
7.43194
-0.495729
6.27703
-7.43963
-12.7201
-7.28948
9.32539
17.4736
-4.20811
10.2886
-2.51492
-10.1584
-3.00098
5.86714
-8.41707
6.79924
4.12274
-8.43034
-2.0149
3.37331
9.65887
10.6403
4.14434
-7.2796
10.7778
3.35342
6.38822
-3.78799
-9.05998
-1.60103
15.9753
0.798009
-5.4603
24.0546
-1.05877
-9.8151
-8.74542
-4.33428
-12.1165
-8.05974
2.86972
-0.249586
8.1881
-5.26596
-0.308442
1.08641
6.96225
-4.47459
-0.544986
-9.65384
7.47063
5.69871
5.63094
-8.88738
3.21065
4.69763
3.57225
9.81441
-7.87558
9.94151
-1.70027
3.34252
1.90142
3.31907
-10.2548
-14.8261
-2.65047
-7.34588
-16.5059
2.39926
6.95925
-4.84006
-6.04707
-6.05879
10.8499
-10.4819
-20.105
10.205
-4.94973
25.9606
-2.79944
-0.676409
-17.7933
10.8957
-8.60963
0.263428
24.8657
-10.3107
16.2573
4.4681
-4.97059
4.18177
-6.46684
19.7267
-1.80786
6.48153
5.25633
3.49577
7.83416
-3.37475
-0.809596
3.51935
-2.78514
-1.0444
4.70435
11.1854
-18.4871
0.264958
-5.58525
13.0064
1.16916
-4.40101
-3.28322
4.5404
14.1376
8.81423
-7.88043
9.47388
5.13647
-5.83189
-20.6171
-1.56638
14.2588
-9.07889
-7.43356
-2.14966
-15.9476
7.61658
-1.35523
-15.7915
2.40378
-5.2769
2.39287
-11.026
5.32394
10.8604
-13.1693
3.41434
2.95338
16.4024
4.18556
7.21503
-0.487854
13.6824
16.2483
-13.0422
-14.9418
7.4431
-21.5662
16.4912
3.38959
15.9908
-7.52422
13.435
-13.7868
14.413
-18.8642
-5.26798
8.20021
-0.0653067
-11.2195
-13.3571
-1.65548
0.834813
1.37392
5.63075
11.3605
11.2524
-3.91388
7.57977
0.920154
6.7199
-18.557
6.51564
-0.651026
-14.3404
2.13198
-2.0379
-10.3651
18.9949
3.5787
9.69763
-3.01758
16.5022
5.01092
-2.18688
-16.201
-12.9528
1.56317
-5.40923
6.41848
-6.31476
-5.50233
2.49025
5.74255
-5.47725
19.2117
19.3895
7.33945
11.1957
5.72405
7.52447
17.9552
0.702243
13.3202
13.0258
15.6778
1.34798
-7.19713
-2.7024
8.86732
-12.3722
4.03049
11.3299
-13.8725
3.41087
-6.30639
-3.97245
-6.59706
-9.80203
-10.3086
6.09933
13.6893
3.88934
-0.842361
-6.15562
-19.048
11.9581
-14.6427
-15.0997
11.6352
14.8109
-11.3424
-11.1672
-13.6628
0.175132
-6.12484
7.91534
11.5544
2.99011
3.87963
-0.694883
10.4132
2.96711
-1.42831
2.28904
-7.68522
1.59174
-16.5819
-0.109734
-21.9876
-16.4212
-21.7877
-12.4018
16.1012
8.02282
14.2983
21.2599
9.06431
4.91397
-12.6716
-14.3515
-1.30979
-19.6303
-11.4952
20.8967
5.05355
-9.26875
4.47211
-15.992
19.1932
4.86934
-6.68962
11.226
13.27
6.00298
6.41536
7.55341
1.93937
-5.16808
-5.90909
-20.002
10.3602
11.4554
-14.2201
-2.16132
-4.00056
-5.60677
-0.79365
2.96088
8.85156
-0.617095
5.74521
-1.85435
-4.73282
-4.0011
2.65529
-1.59536
5.65935
2.13133
8.69666
-7.55453
-6.41886
16.1211
-1.81533
-6.72559
-4.98539
-8.28224
1.4669
-0.170247
-2.98946
7.43912
11.5832
-7.92087
6.50759
2.06146
-0.315062
6.14358
0.605616
-7.97852
9.73108
-5.4521
10.5673
-2.4047
15.7771
2.04399
14.7248
7.24108
9.13697
-3.37754
-2.74975
-4.3613
2.16673
1.69222
-2.01944
-3.92524
-4.62054
-1.04219
4.57297
-4.20021
4.53082
15.6244
9.48022
-0.879196
-7.08094
0.363025
-16.9093
-6.05253
-6.28575
-14.1605
-15.5648
-9.15562
17.4125
-7.81341
6.2259
20.2185
5.19239
3.47883
9.10263
-4.02172
5.48482
7.30113
8.24882
-4.68943
0.927518
-4.53955
-7.76525
1.34546
0.31278
-12.985
-17.3262
-8.12812
-1.95937
-6.9728
-12.1764
-2.2192
-10.4316
13.8537
-5.30029
-9.31807
5.0355
-15.919
-7.62242
5.40639
0.0917577
-7.87847
-0.809993
3.62989
-3.10105
-12.9382
-22.7651
-3.24724
1.56332
17.632
7.748
5.10921
-10.1988
-16.8697
0.448224
0.713903
-17.7842
-5.18545
-9.55378
6.00386
13.7256
18.4767
-1.25734
0.857638
2.55816
4.26624
-12.0076
-0.127572
4.8448
-7.477
-0.517768
4.78948
-14.3198
-8.7497
-4.687
24.2712
-4.24839
3.54511
0.321073
1.29074
-5.29427
7.60941
-0.711287
18.4099
12.4743
15.3869
-7.23229
-3.69763
8.90794
-0.339273
-10.5672
-3.63515
1.72031
-5.32333
-8.54402
11.428
-2.58836
-2.71453
-3.47152
-9.58477
-4.79511
2.71321
11.515
-5.8541
14.6578
-4.28041
15.9328
-3.17739
5.52861
-12.1184
2.85987
8.67823
0.156047
1.84186
2.76527
10.182
13.2304
1.62425
-17.596
3.09077
5.85989
-11.2249
-0.197657
-6.37347
-4.62675
8.84699
-3.55128
0.742429
-23.8062
4.45269
-3.00003
20.8521
10.0778
0.89892
0.716339
-6.60768
1.73263
-1.98507
7.12139
-2.34036
2.42124
2.37291
10.6103
3.4702
-7.8089
-4.01626
-14.4652
-2.18042
16.6099
12.2
0.752929
1.84798
13.0438
-0.326389
-7.3105
2.04788
-6.31879
-13.4605
-9.76051
6.3182
16.2853
-16.7852
-2.74723
-0.920532
3.63206
9.38492
5.67347
1.76779
-5.10509
7.46457
-9.34359
2.82136
3.13794
5.21423
1.30538
20.4566
3.66369
1.20287
-1.74121
-10.3384
0.581121
22.0258
0.505707
0.644978
28.1512
6.4507
-17.1786
-11.1259
-0.0733937
7.50023
-5.3621
0.956623
-2.46945
-13.218
-7.08478
-0.0814258
-3.84574
-24.713
-13.183
-9.91414
5.97505
13.4882
9.01691
-5.25375
-17.8726
6.60419
4.57405
2.18405
-2.67137
-0.366999
8.92742
10.3695
4.21898
-5.81333
9.50985
6.90606
-8.03497
-3.83783
15.2148
8.08095
7.38631
0.474376
3.29996
-16.7835
-17.4781
-23.8155
-21.9619
3.48356
0.30054
-2.90237
-8.35681
12.1159
-12.0044
-13.084
-12.4953
4.91878
-1.7214
-13.9264
-2.69458
16.209
10.7865
8.02869
11.4278
-3.91504
2.04918
7.33798
-9.04782
10.7303
-3.06045
-4.27979
-2.14444
8.56237
6.53755
11.9105
-4.8127
6.18259
-5.47531
-1.20874
2.46479
15.9452
27.8112
-4.07787
-4.25824
-10.5086
-13.1562
-0.268704
16.1006
11.336
-1.06983
14.7772
-11.0217
6.19491
12.1604
-10.2105
2.1234
-4.72774
9.74105
0.352973
3.43345
4.46172
0.487617
3.96102
4.08294
-1.77733
12.8488
0.0664956
-1.22021
1.33712
-8.779
0.782929
10.7878
4.18114
-0.497981
-3.45409
-7.01205
-18.7365
-4.32637
14.1439
-0.557873
-1.08022
9.75513
7.89234
-14.9788
18.1622
1.56355
-11.4551
-2.98235
0.533875
-10.264
7.37629
4.5203
14.4656
3.46442
-16.6937
6.41153
-4.05744
11.0655
-10.9689
14.4542
18.2184
-1.00366
-1.64358
-13.3531
11.6951
-4.08942
-16.286
23.1716
-1.84041
-7.50539
-10.4245
-8.42775
12.9216
4.70632
-14.5669
11.6212
16.7797
-5.91793
-0.106239
2.44337
5.72017
7.80831
18.5481
0.625309
13.3823
-8.15244
-16.6635
2.10643
-7.29437
-18.7934
13.8827
11.0817
-0.243135
-2.35061
-17.8064
-9.85258
-2.26877
-1.80487
2.25002
-4.62973
-4.6962
-11.1193
-5.80352
2.75584
5.63996
-9.32226
1.1916
-5.04038
-10.1733
-13.0163
10.4963
1.04849
8.78343
-8.25024
7.60882
8.61338
-11.0031
-5.13598
-8.48537
-3.08986
16.5823
-2.92854
-15.1104
16.9499
-8.18962
-8.44857
-1.13261
-9.46664
3.76517
-6.79576
-3.90639
11.2992
5.35613
2.77629
5.84631
-17.0483
-4.12403
9.30647
-7.90227
5.3337
13.5373
-11.8729
6.56481
-5.03579
-1.48107
-9.87828
11.3455
3.03727
-11.1372
4.49322
5.88182
-3.82719
7.19596
-5.76223
1.25301
1.21441
8.82873
9.2047
2.98426
-3.04069
11.8044
21.075
3.04826
26.504
5.2248
-4.85442
11.5426
-15.9662
1.06128
9.96332
-0.37589
-8.59696
-17.3322
4.47799
4.13649
-2.94998
-4.03522
-1.5764
-0.218223
-8.22482
-6.66752
13.4095
20.9838
-3.41918
20.058
3.33817
-4.76309
-0.660418
-9.17455
8.57357
13.125
18.3892
5.38792
-1.94847
10.306
6.28905
4.59457
4.17514
13.3894
-21.115
10.3327
14.7957
7.5782
1.73789
5.19728
0.450099
-3.76453
-4.80117
-4.6576
7.67782
0.522927
7.94425
19.769
-4.6067
-19.18
7.62103
0.537127
5.9208
23.1212
2.23298
13.1185
2.80943
-4.42911
11.7061
-0.48998
-2.91875
-17.1512
9.121
-0.919417
11.7339
-9.73086
7.26354
-1.87862
-2.70648
-3.88113
-3.72454
1.01043
5.87906
-2.10349
2.41158
-3.82249
20.667
13.8548
1.16728
8.64343
9.66425
-2.31673
7.22496
-14.5557
-0.965515
-11.3865
-2.04918
-1.46188
-2.29614
3.22007
0.752983
-8.55855
-17.3882
23.5848
1.75396
-10.5138
5.55875
-17.7053
-9.82191
-19.367
17.587
3.61798
2.89628
-9.9443
7.8658
7.29059
6.85607
-6.80893
-19.0328
4.46623
1.5885
11.0019
-18.6678
-20.1522
-6.61115
9.81386
3.68387
-6.05975
-13.9702
0.194427
20.534
-2.35319
-9.03115
10.028
10.1399
1.29304
-0.228683
12.0564
-3.61495
12.9499
26.0917
12.4561
3.42852
-2.50595
-0.889056
7.7722
-5.36048
-1.87422
11.602
1.18072
13.9875
27.0048
-2.08551
6.15453
-11.9814
-12.1322
-16.4394
-7.1837
-0.383575
-24.0694
3.68149
-4.41544
-8.81391
9.98297
6.48743
-15.9784
3.64573
8.88926
-2.41272
-9.70227
-10.4943
7.70195
25.6181
0.465181
12.1056
20.7981
4.35739
-8.65127
-16.2903
2.89279
-4.81716
-12.1323
-0.2697
-1.55741
-14.3447
6.63619
-4.22784
2.17082
-6.44289
-4.10927
-1.66969
5.10742
-13.4945
0.761732
17.5653
-2.10702
3.82019
6.66993
-19.8612
12.3315
7.8927
10.8946
8.85094
11.1839
-3.79829
2.04034
-6.10786
-16.4236
1.37513
-12.6644
-11.8755
-5.0212
-7.77196
7.77038
8.54021
-15.7603
-5.74552
14.2638
-1.47911
21.0277
0.592776
-18.6273
25.8845
-15.5475
-3.33068
-24.227
5.0489
0.760317
-9.58238
-3.81226
0.758607
-2.34172
-13.3786
6.59937
5.90344
0.63744
-9.69473
-11.0954
-6.97395
14.1097
4.29167
8.50963
7.20673
-2.0136
-6.44441
-8.50438
-8.63298
20.4296
9.44613
-3.72763
5.69562
13.4389
-1.97692
7.00678
-2.24559
-2.08779
1.66732
-6.89321
-4.42951
-11.3605
11.3778
11.8663
-6.65255
1.8863
-10.3143
2.84173
15.6604
-2.38314
2.78267
-11.9503
5.85493
6.41786
17.77
8.47368
-7.98082
20.4489
15.3967
-1.89962
13.8769
-0.307044
-19.6829
-17.8057
-3.13223
-0.31402
3.75456
-7.87813
-13.6799
17.3517
11.8737
3.59908
8.08851
1.95132
-4.97823
10.1955
1.48008
7.48113
7.49152
-22.6976
7.9014
3.40275
31.4884
12.8771
5.21741
9.12778
-0.556555
-1.89192
8.75928
13.8836
9.38352
-10.233
-0.258172
16.7586
13.5735
7.31933
-9.67135
-0.89151
-12.195
-6.73342
3.6409
7.29432
-16.4965
5.55242
-14.0159
1.73309
11.9499
-17.3724
-6.35881
5.3883
-0.0186485
-9.63187
3.99876
9.47398
11.0242
11.5642
3.39569
-4.60907
1.77991
-6.12251
2.77204
-8.55318
3.00017
19.1275
-15.5522
4.46671
6.41014
4.39437
-2.08124
7.61831
-11.1335
17.7897
-4.15546
-15.8155
2.35296
-15.6738
-8.37131
-1.26426
2.81552
-11.4697
3.74723
13.6381
-19.0596
-3.22545
7.98029
0.359666
-1.59015
13.1295
4.34577
12.4545
-0.980416
-12.0777
0.791828
-3.32076
-0.00286352
-1.73524
4.17102
-13.7796
3.44373
-7.95905
-2.22759
2.4921
-2.38826
3.31781
-5.44968
7.46765
-0.788864
-21.9717
13.5567
4.68825
-20.502
-8.20239
7.63135
-5.03198
1.32879
10.2473
1.3178
-0.738663
-8.52232
8.68087
-4.36409
9.51035
-13.6169
0.188211
9.47783
-15.9412
-3.51972
-1.57221
-2.82896
20.2097
-4.49354
11.8469
5.11587
13.2777
5.22452
-3.53847
3.95786
-0.483287
11.2894
7.34728
9.5389
-8.4775
18.501
-3.8175
-11.4255
-1.2314
-11.7317
-11.8139
9.50849
16.2444
6.59617
6.58723
11.2661
-7.80931
-2.09547
2.45767
-7.12263
6.82136
5.24877
24.6701
-0.887331
-10.5107
9.76178
-13.717
4.86722
10.5231
9.95648
-8.2653
-22.7216
0.86625
0.670235
5.08443
-19.2443
-1.13127
3.34384
9.97078
2.65442
-1.40823
-5.95152
-2.32932
22.3982
-4.25809
-19.7534
-6.3295
-17.1616
8.18316
-1.76536
-8.40073
-9.01263
3.85915
-14.5096
0.206079
-8.05263
-6.20745
-7.25245
1.07035
-10.9509
-7.02251
4.50585
19.0472
-0.758127
4.60168
2.96876
7.93942
8.24488
-2.41102
-2.75449
-1.97937
-13.7829
5.89311
-4.01112
9.42563
3.76405
-17.886
-0.826925
-5.24005
0.339397
-5.33038
6.38605
2.86598
5.13035
-12.236
-14.5952
-16.0468
-0.155297
-10.8153
-4.4697
-4.20399
3.71861
-17.8815
-1.38402
-14.4199
2.41451
12.523
2.03478
1.05443
8.41931
20.8337
-4.61764
5.75523
-13.744
-4.77038
3.71929
16.3719
8.40915
-4.08114
-14.2922
5.88623
2.28929
5.26223
14.3962
-6.62482
18.9332
2.2826
-4.29681
8.55122
22.1888
5.02174
-22.8672
5.04014
-5.30487
-13.1419
-16.9728
-0.419127
4.00629
7.02978
9.64931
12.2749
-16.2667
-19.719
-7.42952
-12.9236
4.04019
-15.1244
1.47128
-0.8798
4.64313
-1.38815
1.90121
-5.04772
9.41233
4.95883
2.30629
-6.8293
0.80574
-13.2444
6.13815
-0.436087
8.11828
-12.1903
-0.514069
-2.24531
-11.587
8.99615
10.5722
-2.14278
1.09086
24.445
-15.2425
2.0221
-3.01376
-7.37008
-2.66322
-3.82069
18.389
-19.2861
-8.56591
-9.09038
6.9515
-1.87146
-9.3574
4.97919
5.27676
0.341641
-2.36007
8.75242
9.08681
-6.31831
1.32687
-8.82193
-8.1801
-5.14191
13.6277
-15.6959
-3.74593
-19.7339
-15.366
1.61132
-3.39973
21.5815
-0.103054
5.33071
-13.8156
-0.438947
-8.85427
-4.46664
-7.64992
9.8621
14.3736
7.54482
8.35326
1.25715
-6.81933
1.10465
-22.6169
-13.3166
-6.61844
22.1224
2.62748
0.592451
-4.66309
2.69244
-3.61849
4.13719
-4.01335
3.17838
-4.96146
-3.06552
3.88727
7.3398
-1.26268
11.8636
7.417
-10.2472
-14.5712
-3.07479
10.4989
-8.68236
-6.33494
6.03555
5.87198
-1.62219
-8.59919
-3.00043
-15.7815
10.6684
-0.916213
-2.38378
-2.7632
-0.820415
2.6731
22.1291
1.39666
4.24371
-4.87081
-8.63191
-18.1
-9.5682
7.16241
-0.112466
-2.09613
20.5706
-5.98761
-5.43323
-6.98177
6.23606
1.18966
0.706207
2.27739
1.17978
-11.7067
15.5035
-16.713
5.45416
-10.3793
-13.6177
-7.56129
-4.67514
-0.276921
6.59914
8.17201
1.33405
10.2777
-14.6641
-1.30165
0.0844613
-3.29289
23.6162
-25.3153
4.39307
-18.3683
10.4518
11.1573
-5.19546
6.23683
1.67936
7.92734
-5.22292
9.6368
1.93311
-3.832
1.65858
10.9883
-12.4801
-4.69493
5.57888
-1.58929
2.17408
9.23941
3.81372
-8.39627
-5.29819
1.67332
-10.2058
9.21753
-4.42311
-15.1047
9.62224
-7.46434
-3.48179
-5.39451
-4.58415
10.527
-11.3851
2.76617
10.0746
-18.4287
-7.83929
14.98
12.9886
-18.7577
6.86568
-4.68766
10.9424
7.2168
12.4086
-9.31323
5.726
-1.08175
7.78506
-6.77711
1.82696
-6.46071
2.9034
25.3711
7.94273
0.110692
17.3392
-6.29183
-6.19593
-4.84495
-5.46231
-0.49294
-9.08285
-0.385869
-3.45523
19.6837
-0.495673
6.13392
5.34464
-5.53519
-6.44123
-2.88978
-4.95094
0.18338
-26.8681
-4.16465
-1.72101
-2.04306
-2.93637
-6.08937
13.9227
-0.377425
13.5306
3.54399
-6.73103
21.0318
8.45513
5.8993
-10.5838
-20.9444
-13.5403
7.97827
4.33841
20.0242
0.723502
9.23372
6.17023
-0.329134
16.3968
2.21349
-2.47519
-12.9188
-4.74036
-7.58235
-1.45574
14.0181
-4.9256
11.1444
1.76513
-0.469583
3.44897
-10.5206
11.4413
6.37431
-5.4018
3.95213
-6.44146
-0.662441
19.5716
-20.5946
5.54474
-15.05
3.17622
0.291622
5.90108
-12.7579
0.995531
2.44676
-4.89208
0.738043
5.29781
-1.52172
12.065
11.8686
-29.21
4.74058
-14.6622
-21.6698
-4.09218
22.7567
-4.40392
-14.1961
-0.0531479
-2.33046
6.88934
4.1969
14.7856
-3.87438
7.82109
-4.75932
13.5327
5.87025
1.36025
-7.97188
-1.26494
7.78117
-6.4863
10.1138
17.621
-7.21722
7.21683
7.06819
1.2688
9.80949
0.676637
-2.31038
2.58118
-5.31205
3.27388
18.6781
-0.333993
-11.2421
2.37184
-6.54397
12.6312
2.13602
8.43067
1.89183
3.42835
-25.8724
4.69577
-1.05054
-11.3772
-5.01425
-11.0154
-15.7095
-2.5585
-13.6663
2.10834
-8.05893
15.6426
2.86612
-2.73853
10.5309
-3.01513
6.18405
-5.66966
4.18995
5.80015
-2.32514
21.0353
18.865
-1.16044
-13.3602
-4.4956
14.1065
4.76152
3.60879
0.163385
13.284
-0.341754
-1.32753
4.65703
-23.917
-6.51756
-20.1406
-8.38352
21.0516
23.3217
-1.97288
1.8767
-12.5877
-1.733
1.15775
-17.7163
-8.57258
11.8472
2.6359
-6.93543
0.453984
-9.29065
-0.714086
7.19858
10.4865
14.8919
12.8015
11.6246
5.59404
1.44539
-4.80451
-1.51034
-14.5289
-2.90314
-13.6863
6.38133
-15.3996
1.72079
1.18696
19.9057
-1.22581
-6.91412
10.2963
3.57833
-4.47036
-9.41114
4.83366
-5.50831
1.87999
-2.30972
10.1165
2.43035
-10.9755
-7.261
11.5626
0.699775
-1.16215
-12.4872
-13.0197
-2.06519
17.1972
6.9392
-5.85102
-0.657956
4.8927
2.28934
-10.9312
3.22746
-6.08561
15.1279
-1.25957
10.495
5.0204
-10.0277
-4.72544
0.536074
10.5481
-8.46111
12.2535
-12.3961
-9.52855
-9.9287
-28.0519
-2.89593
11.9459
4.28303
-2.45952
-8.40928
-6.09816
5.74473
2.46842
-14.3382
3.62707
6.77652
-14.3042
-4.70198
4.76091
10.2162
4.77968
-31.5521
-26.3642
-0.310011
-6.40162
-12.0485
0.215518
9.76397
21.1068
-1.83208
-2.75907
-13.2804
-13.9409
14.7432
15.6684
0.84797
-7.64337
0.262999
16.7768
-2.0971
7.49352
-9.60221
3.19554
-1.42137
7.58993
-1.76602
-4.74904
-11.545
2.81936
-8.20828
5.93335
17.5221
16.9659
-1.91776
5.68048
-9.54042
5.78567
-10.083
6.83218
24.4636
-12.0081
4.99092
15.7322
5.23593
-0.826775
18.4702
1.06105
-24.3604
-2.61613
2.84717
-4.11685
8.84512
12.7985
2.62668
-6.73203
-0.0315793
-0.18219
4.05104
-5.11932
1.59994
-7.41007
-13.732
-3.36124
-11.9964
-3.49109
-16.2475
21.11
-4.67512
6.16478
2.16146
10.2894
19.7537
-3.87427
-9.46912
-5.91959
1.78259
-5.41174
11.4477
-3.10957
2.94957
11.0416
6.03574
-15.3708
-18.8928
15.0455
-13.1536
1.96894
-15.4782
1.32665
-2.07995
12.9211
19.9655
-9.12621
-13.0513
4.66296
9.72494
1.95685
-8.58128
-0.194115
-2.85112
-22.6611
-17.6865
-0.739985
4.35939
-5.53365
-8.33189
17.3461
-7.24201
9.80609
1.59718
1.18566
-17.584
21.8061
-4.83452
10.987
-7.46521
-5.19163
3.08467
-7.94057
-8.08374
-9.66747
19.6201
-0.880905
-17.3789
-19.5121
3.90064
-13.2314
21.2357
3.83392
11.4172
-4.73425
-3.75197
0.620029
13.4656
-13.2828
13.7077
0.419141
10.7068
6.50523
5.40585
8.34592
-3.98039
-3.17248
-1.46773
6.24609
6.35716
-6.32939
-14.2078
9.51117
-2.04456
-0.819897
-13.6957
-5.15817
-5.02744
-2.03105
6.86506
1.25836
2.3661
6.43123
5.93566
-13.0058
1.96108
-0.350582
-6.59888
-2.35075
-4.3244
-9.56977
2.9889
-8.09105
-12.5382
2.21978
1.40807
0.647314
18.4793
-1.49752
2.71129
8.79472
0.11177
9.00187
6.02805
-0.198812
-3.01466
-7.55025
2.12207
-9.51885
-6.42174
-2.92618
19.9114
-13.4816
-3.80376
-1.49064
8.01996
7.83539
1.83322
6.74443
10.5194
-3.05652
-8.25174
5.33448
-24.9897
-15.0484
-10.5452
-6.22224
3.80404
-4.59192
-19.3318
3.8969
14.3518
-16.8981
-0.582105
15.4423
1.99324
-11.4519
0.880378
-8.91568
13.1217
14.2755
8.03276
5.87917
-1.36286
11.6343
-6.05873
17.4023
6.95178
-14.834
12.6114
4.68577
17.5467
-16.6243
-12.2804
3.9489
-4.44166
-12.2793
2.61018
-20.2514
-2.14929
2.57266
-3.93623
1.23932
10.8747
10.2647
-10.0828
-11.6137
2.90594
-4.61623
-9.98426
-1.32039
-2.66987
38.2762
3.21198
2.0104
15.3863
20.7439
14.0368
21.3055
-8.24246
-11.8704
-4.78127
7.7583
13.8682
1.39811
5.00418
20.8358
-13.3036
-5.71414
18.2255
3.193
13.8825
11.5705
6.35656
-10.9734
10.3758
5.87946
15.3495
3.94861
15.2967
-7.18203
12.4567
-1.87438
6.20776
2.02453
3.83672
0.404704
-7.64976
-2.96281
-17.2863
3.84441
-4.67683
-20.032
-8.41057
3.24114
-11.2318
-9.02598
-12.1929
15.4404
-19.1312
1.12851
18.0282
5.83822
8.44567
13.92
8.12889
3.50855
8.8297
-14.8621
15.6215
3.74381
-14.1785
-3.97047
-10.0575
6.08517
6.83137
-25.03
9.74384
17.8821
-1.82835
15.5312
2.9384
3.25401
2.93967
6.59028
-4.1743
14.6371
-7.13189
2.27779
10.4715
-11.2417
-6.71491
-5.00909
20.5358
-7.64818
-1.77444
-1.71931
8.41982
5.48695
-3.51875
-4.08254
11.3802
-11.9235
2.13388
12.6301
5.44526
3.69047
-1.01295
-2.76053
-3.02681
6.20263
-5.64436
0.69369
12.5383
18.0456
-0.23429
-3.76007
9.37451
-17.3628
-2.19577
-9.70642
-15.7153
9.2018
-16.0575
1.91462
-7.97879
15.8018
11.8266
0.617078
7.50522
-12.4746
-3.46566
-9.9901
0.905997
-18.7693
-0.308369
17.7038
0.860458
-4.91598
4.44815
-3.27651
7.97327
-0.966149
-4.25509
-3.66187
16.3799
-1.86463
2.27044
6.96036
6.73552
-9.02251
9.33894
-1.60325
3.41068
3.58921
-3.76259
-3.11997
7.34443
-17.1561
-16.8135
27.3945
-24.9126
-8.44455
10.6995
5.0922
4.63302
1.32621
12.8123
12.6174
-2.35462
-9.34116
7.71087
-11.6248
5.87643
3.90861
12.3804
9.09283
-8.45351
-12.5106
-6.47439
10.0317
-5.44133
-17.0663
-7.96519
2.54113
16.9064
6.40902
19.7459
9.23445
5.50653
26.1368
-10.0935
1.13765
-6.61529
4.66138
-1.3433
-8.49744
-12.867
-3.25919
-8.22094
5.67881
-1.80569
7.23269
6.03237
-5.65493
-1.57092
0.0974149
-6.47623
10.4407
-18.2675
-9.2641
9.87023
14.2763
6.84873
10.7031
-2.56937
-7.11323
10.1786
-9.50875
-4.01589
-20.0885
3.53162
6.33597
-12.7201
5.64614
-23.4935
-7.91606
-2.48394
-9.08208
-3.90618
3.54163
-1.0796
-9.94279
2.55778
3.43661
-6.38207
-4.98107
-14.0637
-8.05598
4.21525
-7.92806
-16.635
5.95391
25.5367
-2.22781
10.902
5.66889
-2.4564
-7.56246
9.21112
-7.04388
0.810168
-9.09977
5.15508
-8.68302
9.05451
-1.63464
4.00019
-2.13524
-15.455
8.81126
12.1437
-2.13518
-18.545
-21.0474
8.09701
4.73542
3.52627
0.41301
6.68619
6.53081
-2.78271
-5.42335
9.42582
-1.8841
-2.61088
-4.03113
8.69742
6.1364
-2.13609
3.80105
8.40199
11.8612
-12.5949
-8.37823
-9.83251
-6.11198
-19.4172
0.938637
-4.51421
-1.59457
-30.1574
8.8795
8.99762
0.396674
-3.19461
-13.3572
-3.52351
3.52835
18.9002
-0.336154
-0.598158
-1.13248
12.8231
-14.2941
-0.806059
18.4812
6.09633
4.81678
-10.7493
-0.202903
-5.18429
-0.573108
12.9231
-3.39866
-0.700735
-8.15125
8.24991
6.73921
-0.927972
-6.93109
-1.10959
-0.874768
-5.98708
8.23952
2.39447
5.85252
-3.30966
0.266567
7.34715
-0.195341
-1.58397
-6.06353
2.07569
7.38467
9.2567
-2.2498
-3.38513
-4.93896
8.27032
-9.00153
12.3954
-0.161051
0.0930832
-6.60859
-21.0624
-1.67142
-2.87925
-7.16466
-2.59581
4.25335
4.82602
-3.62777
4.50748
2.44965
-9.50896
-13.3794
4.06653
-5.4763
-4.63429
-0.317209
-6.78258
-19.9996
-8.5554
-14.4155
16.1296
10.8525
-20.2895
1.67731
3.7708
4.37822
16.8221
15.2027
-18.2296
1.36368
-3.18777
-9.04799
0.221628
-6.0393
8.05511
-1.88646
-6.37675
0.41169
-1.66836
-6.5608
11.0663
3.86506
-10.6736
11.3687
8.29733
-3.97387
-5.58289
3.74348
11.048
3.03857
-25.8429
-1.21768
-9.65058
-4.81189
4.52876
7.22852
-17.9119
-1.20034
3.79748
-3.20573
3.17375
8.60244
2.12256
8.53561
-11.6057
-13.7162
-7.38946
2.92144
-6.78576
-15.0741
29.9112
15.4577
4.28594
-7.7165
18.7684
-11.47
11.0673
-17.1769
13.9897
15.0458
11.0039
-1.54836
-7.59594
-11.7006
10.2712
4.35649
0.463736
-14.0523
3.11876
-11.998
3.57865
0.407537
0.842884
6.43081
-11.3228
6.28779
2.86049
-0.290933
26.12
12.7571
9.73631
12.7266
-13.2258
5.08507
8.81957
-22.5303
0.40334
0.84341
14.5219
-5.4007
2.19044
13.3665
-7.97938
-1.02882
-1.25485
-0.754064
6.41612
-12.1345
10.8231
16.9309
-5.66319
-2.08191
11.1792
-8.50712
11.8876
4.44851
1.15047
-8.74784
-1.59374
11.681
-4.60289
-11.6402
1.66344
-3.5357
-5.47138
-20.99
-1.95993
11.7732
-7.73507
-3.85638
5.38004
3.53014
-4.81891
-5.48961
-6.36065
-11.9653
-3.42914
0.76497
-5.20501
-8.75101
-4.87334
-10.4546
8.35001
-4.7511
8.52217
-17.5564
-0.210664
4.23436
-6.10902
-3.72247
3.18469
9.18217
-3.53856
6.06557
-12.7694
2.05377
2.83585
-7.47869
-22.8687
9.10281
28.7769
10.7697
9.59554
6.42707
11.0933
7.7623
-5.18944
12.4354
-14.3997
10.7851
-7.84636
-11.3965
15.7867
-0.358892
-8.89963
2.232
7.20261
9.19704
-4.47651
4.05974
-17.7395
8.42224
5.23024
-14.0604
-17.6142
11.5789
-5.69039
12.8903
-2.58602
-2.33723
-7.37636
-6.70619
-12.8451
11.1533
-1.50778
-1.98087
-0.765834
-1.39873
-1.44259
-14.1052
8.37447
-7.48048
7.39955
-7.13764
-10.6519
30.4103
1.99509
-2.90465
3.7619
-0.346272
5.55333
-34.6253
-5.72868
-0.881445
11.2026
1.71179
9.48562
-5.12542
18.5151
16.6182
10.515
2.76503
11.7538
5.69017
0.899451
4.86849
0.397756
-2.3902
1.51698
18.507
-0.882278
11.9525
-12.0351
-3.70259
-14.6287
5.79203
-9.44281
12.3223
3.55552
-15.4171
-10.0814
6.39005
-5.01862
6.76422
-5.91616
-20.0243
1.85169
23.2092
0.822591
13.6087
7.27293
10.0192
-1.6218
-29.8106
-8.38125
-11.9054
2.51679
18.9615
-6.45475
-1.69575
-7.21323
-10.2604
4.84653
-15.3836
2.1503
2.27871
-10.6964
13.5373
-0.249765
12.2781
2.95639
18.519
-14.3359
-1.45321
-3.11064
6.40174
6.27762
-2.03864
22.2258
-7.33813
9.69589
8.20945
-5.05768
7.76498
1.22274
-5.00737
17.8985
-5.44888
-2.12157
-1.51613
3.23029
-3.84966
3.53479
19.647
-1.49315
3.70755
-11.3733
13.1785
-3.08783
6.24107
-0.941506
0.621687
-11.4362
-2.35086
-4.03245
2.31858
-1.95039
-15.0319
-14.4258
12.2057
12.8561
-7.2944
-6.53004
2.74264
-7.43653
-10.3133
0.130056
13.3693
5.01581
-6.47948
-21.563
-19.3449
-0.0238644
-5.8281
6.69118
-15.1237
1.38725
6.26299
-3.93674
-2.74598
-20.3704
-7.01734
-12.2939
5.92777
5.19107
3.49291
21.7979
15.5932
-16.3655
-2.91417
0.777405
-9.59006
-6.09606
-2.63983
-3.40195
-3.80922
2.87258
-1.92659
-8.56964
-3.50755
-18.5446
3.02261
2.80376
11.1134
2.28756
7.62901
7.24332
-10.3117
19.3796
8.29544
3.83988
-2.64038
10.5363
14.5538
4.25813
-9.64145
6.14429
12.1608
-3.45207
-4.05942
8.81776
-24.2298
-1.9119
-12.5373
18.6313
-6.3194
-11.0666
-11.7159
8.0273
10.5405
-3.78709
-14.2226
6.27366
7.71856
-1.07131
2.16578
12.8175
10.0917
0.844279
-2.3693
3.11533
-1.64747
-15.5772
-3.28204
1.69324
-11.6909
2.32628
-1.16941
9.06798
8.30728
4.72125
-0.421438
13.8804
-14.7482
-4.70544
1.46755
8.15841
-1.99732
-1.12909
-2.82254
14.6206
-3.61919
-2.39212
3.40097
-16.5812
8.57774
-6.45434
11.1722
-9.13708
13.3714
-7.10589
7.48944
-10.439
-1.49547
-23.8634
9.19822
2.12702
-1.06084
12.6806
-9.6651
9.76959
-22.0213
7.84439
-10.557
-9.00272
-5.70818
-0.160504
23.3531
0.21676
-17.7397
-3.15333
8.30751
-13.9845
-3.27371
-0.447646
-1.0626
33.0022
0.879385
5.94237
-13.9847
-10.105
-6.54141
-6.38775
-6.30872
-6.25822
4.45045
-11.8954
-3.92468
-0.707384
-9.8832
9.43964
-5.81044
-6.34095
-9.34668
2.67562
0.208547
-4.11167
-11.0091
7.6571
-3.40854
7.53995
-15.8541
-7.3059
-2.52011
-4.46711
4.29705
-2.46829
-3.24341
3.58801
6.35005
7.65879
9.11986
8.92907
10.3948
0.1903
-33.8903
12.5117
-0.390179
16.1167
2.41113
-0.264448
10.845
0.0882119
8.33359
-0.0786584
6.70167
-6.90424
12.6714
2.48694
-4.7725
9.44105
16.8446
-0.0431263
6.88695
-4.60943
-4.17387
-0.206929
7.35264
-15.6104
-6.03098
5.18667
4.67758
0.882015
6.05952
-16.2547
14.0853
-3.99553
14.0233
1.16039
9.87133
5.73351
17.2551
9.45511
9.89424
-8.88483
-7.90213
-4.74543
-6.09663
17.4245
1.39662
-8.74594
3.10975
7.12807
-7.15752
-5.27742
-27.9233
11.4914
-0.153434
-10.4852
-13.0148
-9.09792
-0.855375
7.11201
6.89548
-3.62085
6.18539
-1.54659
15.2791
4.25431
14.7453
-5.12225
-3.25038
24.3128
11.0931
10.0778
0.266062
1.91865
-4.32815
-24.6507
26.708
-11.429
0.753432
-18.7755
13.9679
15.7754
2.56142
-0.282348
15.2434
-17.2075
-4.50811
14.7213
15.637
2.9124
6.16862
-3.65686
19.2154
-9.6135
4.95071
-12.0573
13.0101
4.70845
12.5661
-9.98339
-10.5142
-18.0969
-10.178
3.53049
12.6709
14.7093
5.80431
-3.203
-3.81271
6.71302
1.23343
3.50044
3.61157
8.80552
17.0443
8.51623
19.7273
24.378
10.2788
7.08597
-11.5231
9.40069
-1.98681
-7.63388
-7.86663
-7.03785
-9.00757
-0.0303059
-13.0948
16.6046
16.6874
4.36774
0.230595
-2.67699
11.5039
14.0152
4.90952
-4.76108
-8.16541
3.97753
16.454
0.418598
8.50016
13.4094
-12.4168
-8.65024
-6.83315
7.84864
-9.77493
-6.59277
23.763
-20.6266
21.8874
19.2083
0.195124
0.0502318
-5.306
0.194994
-2.20462
12.4731
12.86
18.6396
-9.5257
10.3528
-14.9393
0.38726
0.0947536
-5.32416
-3.31632
7.20611
1.00506
1.63213
2.60406
-10.2634
5.79177
-25.1638
1.08909
-11.4189
-3.62206
6.84074
-15.4851
-1.39423
3.33002
4.56499
-0.752758
-11.0041
16.9815
-4.14096
2.14578
-0.596072
-8.27651
-13.1097
-14.3326
-3.26806
4.2554
2.85805
8.48984
1.89496
2.70388
-9.31558
12.074
-2.31883
-3.20556
-7.53081
1.00327
-1.07047
15.1599
6.44549
0.300099
2.50398
-7.89244
12.4915
10.0391
12.8374
-0.136664
-8.08057
8.47676
7.82246
6.82736
-3.71608
16.2635
9.08091
6.83333
-7.63474
3.97272
6.83008
-2.91569
-7.67174
-12.5447
5.88838
18.6062
2.86825
18.2798
0.625144
8.60394
10.1843
-1.29635
-19.1585
-4.44298
-5.08239
-0.822647
-1.93166
-7.82515
26.091
-4.32319
-0.876305
-4.56558
-10.8778
-17.4021
-13.6937
10.1281
6.90224
-12.6885
-28.589
-9.38746
4.93267
-2.90748
13.0088
-4.43005
-5.82398
5.64121
-28.4396
-3.48317
4.31109
-3.96063
1.51822
-10.5836
20.4545
-9.0951
5.96579
-1.37889
-6.45669
0.647056
9.89162
13.5535
4.55426
-5.56368
8.21378
12.6385
-4.26148
11.7397
14.3857
5.64816
-5.25746
5.65595
19.3342
-8.83466
2.70549
1.42891
-4.91166
8.45735
-0.204884
-9.40481
-14.254
-4.57755
0.475561
6.58747
12.2697
-4.53025
-5.43559
-12.9211
-2.25166
-16.1306
-3.24475
-24.3363
7.28721
7.15451
-7.947
11.9164
-7.96924
-4.01598
0.896104
-8.17605
-6.68511
-1.51752
-2.12904
-9.61789
4.52101
1.68897
-2.32233
2.4298
6.10311
-11.416
7.09937
1.46241
-13.1859
2.73506
-8.73729
-17.1396
10.0024
3.32074
-4.46571
-5.90398
3.31795
2.37449
-0.53462
5.35468
5.03088
-21.1417
17.3229
-0.93759
-13.0322
-16.9246
-10.3318
1.69833
2.93582
4.47142
-7.93061
-3.93333
-9.02928
-6.8242
7.25169
-10.8306
1.6747
-1.13396
-3.09319
-4.48884
15.0305
-2.59415
-2.32419
-11.296
5.46621
0.94406
3.52776
-14.3841
8.30939
2.1608
-0.168278
-0.430891
-15.9205
3.45137
4.73915
-2.54228
-13.796
-16.3862
10.0489
8.60674
-15.6923
10.5544
14.427
-4.44524
17.2101
-0.0497788
19.8075
-8.59691
-8.47453
4.91361
5.1565
-9.17693
-5.71497
5.78118
-5.79634
-11.5317
4.13214
-1.98612
2.47914
-0.091277
8.77143
0.232962
0.438835
15.3721
-3.27604
-5.06058
-4.92206
5.28639
7.7349
-10.416
-10.6654
18.0241
1.34581
1.53007
-18.7335
12.22
14.9445
6.15709
3.39328
3.62064
11.898
1.59693
-2.21368
0.431508
3.84202
-6.35988
15.2394
-23.3236
-11.0914
-0.155538
15.6685
-0.641628
9.43189
-5.78392
-19.8988
-3.66633
-2.51368
-13.2319
1.83579
-7.4748
-8.39465
7.41455
6.77353
-2.87232
3.36673
-1.33324
13.692
-15.5174
1.04345
-14.4061
-16.9541
19.8974
-13.4318
-14.1463
-13.4308
4.29131
2.77054
-13.519
-5.30979
10.8008
-8.15629
-9.14664
7.6858
1.38604
21.048
-4.22245
-6.83941
-7.00044
3.12626
-18.4261
7.8251
-13.5646
30.3342
-18.7641
16.024
1.72044
8.52663
-5.50817
-0.724879
0.131638
24.9307
6.02693
-8.97729
-11.6223
5.06371
-10.9419
21.1622
-12.3555
-9.48033
-16.0099
-16.3264
-3.97128
-0.926153
-0.653618
4.88559
-2.24145
4.67658
-2.18929
1.76639
-1.01495
-1.81935
1.6976
-1.07019
0.826646
-1.68676
-4.6987
-7.37741
-11.8182
5.79462
2.9407
5.39857
3.90402
12.966
-13.2434
9.26465
-14.8676
-2.30355
-2.14767
-4.60423
2.90057
-4.27859
3.47664
9.97641
-8.27453
8.777
-0.717838
-5.81324
2.02369
2.933
4.10021
14.3797
-8.27545
-3.99449
2.25264
3.61898
0.584663
-11.018
-2.6947
-4.42189
-2.27196
-9.09763
-7.5581
23.6814
-5.47009
3.03557
-15.3508
5.69516
-4.85208
6.92563
-1.2726
-1.05798
-2.45236
2.79208
-16.0346
4.93137
3.72652
-7.2942
-4.57533
6.78952
-10.5243
-3.68314
7.50773
-1.21739
-0.688154
-3.14694
15.0906
11.7993
0.941212
7.19482
-9.18275
-3.0395
-4.54558
-8.92259
-2.0424
6.01161
-7.84438
0.542842
-9.60946
4.95107
3.98521
-15.6305
12.366
-10.0227
10.8436
-6.21889
-3.50356
-14.0113
-4.4981
16.6175
-0.371105
9.23674
11.3841
13.105
1.42946
-16.9129
-4.5717
-10.9284
-4.41929
19.1655
-7.11515
0.536004
-7.1699
8.04412
-14.0386
2.88582
-2.15066
-8.55611
-1.728
-12.0664
-3.15746
-12.4905
6.13036
5.56839
17.2201
-12.6301
-1.077
-2.24297
-0.284619
2.46762
-2.24355
1.18177
-15.0714
11.9685
0.150597
15.7721
8.58532
8.52517
7.94207
6.78237
0.675766
-8.98168
-7.21356
3.16604
6.75235
-12.17
15.7386
-24.0341
0.488485
-19.0759
-8.63091
0.91588
-17.8474
7.71689
-0.766095
5.12917
12.4061
0.0122015
7.66581
3.64343
7.62015
-5.76793
-9.3482
-7.20779
11.5945
-2.66179
-3.90204
4.19495
0.540049
-15.2743
-7.94449
-8.92442
-6.17397
1.99126
17.0748
-7.03185
7.15695
3.80225
14.794
-9.36852
-0.577792
12.4047
4.71419
-8.99877
-2.36108
-6.57301
8.44147
-15.0765
-1.43387
-8.80209
-6.71879
0.655576
-3.5399
4.63843
14.5788
3.36468
-4.16597
-16.4705
2.71508
-3.13516
-10.556
2.25418
1.88068
25.7583
-23.9136
-11.5213
4.7731
2.52433
3.64485
-4.65183
1.18518
0.0765551
12.0674
0.981704
9.11576
-2.59043
-7.12441
-3.63497
1.81347
6.14011
1.41399
-10.5114
-5.34613
8.80487
11.6545
7.68024
-1.00947
7.22859
-5.77874
14.5385
10.7903
7.83675
-3.32089
2.80726
-10.2508
-1.9867
-9.28399
-2.1122
12.3896
18.5015
-0.199619
-1.32457
7.12401
10.9872
6.29432
-23.4917
6.61114
-8.32222
-2.3327
1.47962
-9.49341
7.21554
21.3097
-11.8368
5.72333
-1.91278
-4.30995
14.7245
10.4379
-4.48392
2.63379
-9.37445
14.2865
23.7609
-9.25486
-2.04103
-0.496205
4.43667
-17.8102
7.52481
12.3917
-12.0054
-3.08975
0.872407
4.22467
5.83452
15.2528
-20.7203
6.35181
-1.95698
-12.8316
7.4081
-1.09048
-7.98226
-12.6471
-0.242581
-2.01501
-4.15796
5.78561
6.85636
-11.0886
7.71047
-0.989299
11.1861
4.24129
5.72061
-13.9127
-3.43262
1.51147
-4.72957
5.44197
3.87661
11.0328
-3.65168
-5.80687
10.7795
1.43418
7.21803
18.787
3.47745
4.43261
-6.11144
17.9041
1.50206
2.72109
-9.64481
-15.8721
10.7779
-3.93514
-18.4896
8.32917
-7.77879
5.86515
13.1735
7.34594
-0.147644
3.32157
17.639
-9.00172
14.1193
-9.14536
4.29971
11.65
3.2445
1.6892
1.18629
-7.32169
12.6551
-4.24838
1.50759
-5.18504
-1.24982
-8.16527
-9.95306
-8.10093
-2.46587
18.0625
14.0196
12.7375
9.16199
9.42919
2.0457
4.61116
1.63156
-9.17039
-21.2676
0.477498
3.29109
-9.76199
-1.4525
12.3927
-17.2166
-2.70775
-13.5327
21.2668
-8.61484
-3.39145
-13.9754
-12.8685
7.8444
-11.0917
-15.3123
0.133116
-13.5775
17.9279
2.81664
0.390281
0.714398
-5.11039
-4.41467
-4.50956
-7.44806
-13.2738
16.2491
-0.874975
-3.36719
18.7111
-1.69041
0.845721
2.69787
0.162969
-8.66315
-0.431689
-0.611429
-0.238193
-11.2701
-6.64227
-0.0209028
-4.39079
-5.33674
-16.0385
-15.8182
-0.234046
6.11396
-10.01
12.8576
-4.04561
-11.8568
-3.53872
12.5386
-21.2051
0.639555
-7.66035
-9.3015
28.8973
1.74136
-2.58511
2.16652
-3.57524
18.7635
1.97695
-11.1111
5.45058
-2.21003
-22.2042
-3.46578
8.21463
3.59384
-3.4704
8.86623
-14.5675
-4.35288
-4.73514
-0.919912
8.26893
7.61081
-3.60004
-7.76349
7.83673
6.26653
-4.22274
-13.5426
-1.00051
5.2203
-3.92893
-3.10149
4.27938
6.53389
-18.7152
8.75918
-12.9659
5.79562
-6.06867
-14.8623
10.7882
-4.83795
-7.95152
-4.16273
-13.5337
1.36071
-14.4076
17.053
-9.2104
-13.4791
21.8746
0.845636
-12.2914
1.8971
12.8488
-15.2002
-15.3907
3.41898
3.87312
-1.90744
-10.1464
6.95181
10.2261
2.48372
7.21526
1.19048
7.96464
5.64157
-12.4363
-14.126
1.42145
-5.11334
9.61471
-23.18
-2.79562
2.6714
-7.50804
21.2289
4.60903
4.28749
1.47552
-10.0926
-10.1565
-32.8462
-1.93724
-2.40046
-8.97039
-9.49049
-4.99269
-12.3302
-1.75755
-15.6819
-13.8383
-2.53461
-16.7399
12.7497
2.94515
9.93726
-5.4992
-10.403
13.0801
6.15539
14.8279
7.71948
-22.2642
4.86526
-16.0687
-5.1567
-3.80958
-5.27378
10.3065
-18.122
-4.77806
13.4754
16.6623
-4.41271
4.04625
-18.4678
4.12827
5.37009
-4.50255
0.707953
-7.68478
3.2849
2.9473
-14.2266
-12.6714
8.43092
-12.7059
-5.50023
1.62592
-6.63039
-3.09409
12.7481
16.7436
-14.1881
-31.7004
-0.976686
-6.60245
0.597441
-22.8824
6.06138
6.07708
1.9945
4.04946
-17.5237
-5.11098
-2.6716
-1.28049
3.09386
-18.6643
-3.79717
-23.6046
-1.11152
4.25608
5.65076
8.01995
2.16143
11.0615
9.6077
-5.63472
1.68204
-10.9784
-10.5816
10.8814
3.54338
-4.87905
10.1435
10.78
10.6939
11.8416
-5.30866
-15.5783
-11.3909
5.89272
6.30797
-2.78523
8.14443
1.89426
3.22064
-2.40011
-2.80417
0.822637
-9.93018
12.8994
2.00202
-3.59389
-9.73837
-9.17716
2.68222
-16.8912
-3.18319
-0.57808
-12.0279
5.90701
16.5799
22.2475
-9.68466
2.07973
9.70984
-5.48553
-8.22147
-10.8043
8.40032
4.8564
12.9191
-13.4097
-5.06656
-6.53807
-1.14346
-0.636182
-6.51734
19.5659
0.134241
12.8248
-12.9177
7.99398
-4.13092
10.4615
-2.91862
18.9949
-4.38055
-5.76749
-7.05743
-14.7261
-10.0019
9.56959
-3.32227
-3.41034
3.07625
-11.5028
-4.92115
0.48079
-9.12688
8.2715
8.13165
6.04671
8.74776
3.99287
-3.61404
-5.72363
4.83962
-21.8866
-5.00561
-8.40401
0.0640129
-3.31585
7.42113
9.13989
-3.57196
9.6572
2.54433
-7.31197
-3.77523
17.3642
4.00347
-7.07948
15.6196
10.4848
5.61982
7.40093
-8.01722
11.9632
12.3643
5.68267
5.99908
5.55208
-0.817859
3.10103
3.01537
-5.70384
-4.3623
-8.09621
5.59536
3.23696
6.59958
-3.05396
-17.4234
-1.22566
5.83166
-10.8119
-9.16935
-0.0596737
6.07506
6.6459
15.8971
-8.72775
-11.815
2.23935
-1.61786
1.10182
-0.664078
-2.22855
1.91212
-4.31751
3.46209
-0.683271
-2.84535
-10.7417
1.37092
-11.473
26.5306
7.65743
5.34983
-18.9699
-0.186656
-3.51739
-3.35229
5.6139
2.93728
-4.62159
2.60117
-4.30696
4.13917
-9.96693
16.7288
-10.3065
-1.65809
-4.16602
2.23074
5.90388
17.0105
-0.744098
10.5409
0.166604
-1.20228
2.5505
12.6422
-6.39182
-13.12
12.3112
-0.235271
-15.6619
-1.78973
-3.40736
-0.0329561
1.09451
12.9142
4.693
2.90903
4.62235
21.1256
3.66185
8.29149
8.78056
-7.13653
-1.9642
10.5289
-1.00189
-2.11198
-2.69356
-3.30896
5.07022
4.05364
-5.77054
6.93306
3.13587
13.3824
0.702365
3.38478
6.06896
-3.5356
-24.4497
18.2388
-8.42741
3.20175
7.09671
0.407778
9.22501
2.21979
1.31683
12.7893
-4.98152
-2.66413
9.68187
7.32233
4.10449
-0.796449
14.3231
8.50496
16.2619
-4.70722
1.55639
-16.4652
-7.78106
-4.76006
6.51678
-8.66668
9.55187
1.80347
-28.0227
-7.64667
-0.587687
5.13143
-16.3226
-7.72028
-3.81158
-6.99053
-6.31195
14.619
-5.54088
-5.68005
-11.4503
3.93031
0.907589
-7.67246
18.468
2.08201
18.7625
-3.9838
13.6469
-0.834828
-0.964917
-8.94662
17.6851
-3.30531
-8.19371
1.9792
15.6967
10.1074
-1.25447
-4.4543
2.35472
-8.08259
7.9964
-4.90526
3.9847
-22.7636
-7.18341
-9.30709
10.5534
1.67552
3.58712
-10.3591
20.0105
-6.22529
11.1987
0.502189
-20.1364
4.55619
17.4769
4.85365
-15.9075
2.55632
8.13096
16.6412
-18.4125
-12.4351
-3.97326
-10.4306
5.3891
-6.6848
-0.842726
-0.584313
6.11771
17.2214
21.8857
-16.5181
1.64416
9.17031
-6.4958
3.71979
4.66177
15.0027
-3.64929
2.71018
5.72834
-26.2829
2.6419
-9.1318
-9.16058
-7.03165
7.80401
0.472676
8.36755
0.93534
-1.29906
-4.04955
4.63003
13.8903
2.8025
1.54624
-13.6221
-11.1016
-11.8887
-4.52781
5.11544
8.26278
2.31873
14.0007
-2.9755
-11.745
3.02742
-8.2588
-14.3758
-18.9317
7.21867
1.52222
-4.89349
0.209066
-0.899629
3.22671
1.82609
5.3888
1.4647
3.61844
9.59825
-11.9522
7.32157
-12.9696
9.36986
7.01803
8.76283
6.30832
11.6203
-6.05333
0.988227
-16.6675
2.374
18.6317
-8.75342
-0.702748
-9.21456
-4.01627
20.2009
-1.72266
9.47195
-8.64733
15.6446
-9.92144
31.2471
15.8003
1.199
8.76853
-2.33906
-17.4519
2.20244
17.638
-13.8689
9.68911
-19.6204
26.4782
-11.0869
0.921604
2.94813
-8.46624
-19.5718
9.79185
14.104
-12.5646
-14.3322
-7.71607
-4.7672
2.36037
13.5078
-17.7293
6.50499
-5.16397
-3.40117
-8.45942
-3.0423
4.59896
-1.79575
-8.41817
-0.825921
1.24526
-5.68956
-1.69825
-15.7407
17.9201
5.23318
1.48644
4.73711
-6.46981
-12.4099
11.243
-10.8609
-9.83764
-4.16646
8.92574
4.47166
0.652039
7.75652
-9.23725
11.4857
-21.971
-9.56103
8.23772
-6.19525
-10.6244
-3.94099
-7.59758
-10.722
16.5824
2.67376
-15.6303
10.3857
24.7256
2.92748
-2.94902
-6.14309
14.3534
-3.92173
-8.03818
25.9563
-6.84178
0.20905
20.7497
-11.5158
11.7699
-15.1899
11.174
4.23541
-0.246929
-7.05389
14.5359
-5.58608
7.16183
1.62013
6.55667
14.5893
0.267096
-9.26477
-5.64618
-2.23503
-13.5875
-0.0741794
-12.5376
-11.0786
-0.278635
6.72957
6.75045
-13.7567
0.798646
8.97614
17.1976
5.14889
-11.4439
17.7337
2.08876
5.05934
-18.9659
-3.11723
8.3977
-5.83702
-16.1342
-12.2294
10.3826
-3.39102
-6.75001
-18.0505
-15.4012
-1.45652
0.549228
1.45934
0.0936343
-4.62597
-9.66125
-14.8349
7.98899
4.60705
-8.74826
6.11407
-11.5583
14.972
-0.162702
-10.2057
-7.25488
-4.31529
4.89338
9.47112
-17.3935
-2.99665
24.568
-19.5705
8.36228
8.85221
12.0378
17.3061
1.8147
-11.6476
-1.37248
-8.98897
12.1889
5.91234
10.5623
6.54887
-1.47813
1.91998
7.98366
-7.50342
3.13417
4.49111
0.766156
0.818442
6.86569
2.41542
2.25726
-22.4598
-3.05755
-0.905969
20.0567
2.24995
-12.4082
5.7311
-10.208
-9.74248
-13.3707
-16.1196
-4.42048
-5.95771
-15.9913
4.05797
7.42189
-19.5202
14.7768
-1.14292
9.13661
7.77342
-0.522908
0.17565
3.3381
16.3139
-9.97348
-5.42624
-12.6937
2.8795
1.91508
-5.36473
6.8316
9.62171
-1.36581
-11.9892
15.1766
4.56157
10.9585
-7.06177
15.3343
11.6756
0.0207705
-2.57665
-9.79954
7.56231
5.70064
14.0139
-5.42545
6.90816
-16.8472
13.7741
-0.940665
-26.9418
8.31302
-9.77157
-11.4978
24.7239
14.0299
-0.393216
-16.0644
2.22519
3.69311
16.461
7.82606
-15.4081
23.9915
5.78471
-12.722
19.5433
1.52626
6.38738
0.598842
9.37564
15.0241
-1.11108
1.19998
-1.04255
9.82285
2.59224
2.39981
4.39211
1.5822
1.37134
6.29773
-0.420229
1.78181
1.35033
-1.22814
-3.80387
3.38737
6.46573
-12.9412
-2.77758
12.9273
0.708473
-7.72808
2.54036
-28.8935
-6.70731
-1.65234
-15.3651
-0.101713
-3.87978
0.388322
-0.941593
8.55476
2.55165
-2.18904
5.6262
4.09951
-5.62347
-11.568
1.35427
-2.34369
-1.78162
-4.14652
-1.94933
2.23319
5.50818
-6.20325
-16.2379
7.0562
12.2521
-1.14999
1.82539
-13.2999
-21.2416
-4.81455
-9.20377
-16.9843
-1.66003
-2.34487
1.99828
12.1528
20.2767
-10.0606
-6.34665
8.79658
-0.291973
-7.37476
1.78845
4.80554
2.09738
6.47002
14.3915
11.9035
-2.33659
4.68733
-4.68816
-19.3989
-4.98169
-5.63032
17.7522
-8.24634
0.217572
-4.90613
4.03239
-9.79189
16.4456
0.303917
1.36357
-3.23927
-6.48694
9.65971
2.32554
10.7993
10.6435
7.26995
3.87343
5.69838
-4.59838
-0.568595
6.28071
-8.4164
-13.4637
-11.7031
-19.2779
1.05434
6.24088
-1.85284
-15.7801
-0.817952
-14.0562
16.2668
-2.82354
7.7884
2.17457
-14.207
-1.90347
2.09516
-0.562855
2.93909
12.8116
-9.91248
-13.2493
1.22838
-14.3228
-6.91327
11.365
9.33734
10.5608
2.49532
3.5729
9.86999
0.947977
5.15177
1.32609
11.4698
0.333166
-2.82055
-8.68723
-6.436
-2.33826
-3.68505
0.483094
20.7681
8.94372
-1.51718
-12.4576
-19.8085
-2.21313
-15.8645
-7.75438
-1.86461
11.7746
0.715735
-7.69607
3.3022
-2.59269
2.20817
-13.7024
-1.52014
7.26762
2.09812
3.05584
1.09904
-4.03856
-19.1354
2.84921
-13.6489
2.28755
-0.149386
12.7595
-13.4207
-10.1153
5.65605
-5.35977
15.6162
4.55159
-8.70625
-1.10875
-12.564
-3.1031
-15.6151
-13.8433
-9.21632
15.9103
0.303284
-11.2262
16.5296
-10.9138
10.9251
7.81308
11.5011
-5.58035
-6.14151
-3.10193
-1.16376
3.78006
-10.7735
4.75604
4.067
-11.7969
3.1181
1.16345
-3.88511
12.5143
1.74779
0.363165
5.97879
-4.17203
-15.1626
-17.9303
0.933971
-26.1598
15.1619
-2.22995
-4.86095
2.97512
11.7053
-2.42653
16.4381
-1.59053
-3.15771
14.5788
-5.74946
-4.23732
-7.24492
1.91531
7.65044
10.6956
-20.1645
5.5203
-2.38379
7.46839
-7.96123
-5.81913
5.30547
-6.73609
3.43687
-8.26529
4.39614
-13.2251
3.00778
9.48374
9.44969
-4.35166
-21.2087
-6.31229
-7.82838
18.1335
-4.77087
-6.71115
1.17708
5.35588
-2.63195
-2.73179
-3.79808
-7.66986
-23.6129
-15.7986
11.8341
-2.00401
10.02
-15.2153
-15.9503
19.9039
0.60088
9.32833
-10.8541
1.0284
-2.86185
7.6216
9.65163
-16.7373
-0.205013
4.43398
-1.8969
4.28681
0.739199
18.9763
11.2382
-12.0871
-10.3507
-4.01732
8.42611
-9.74109
-12.6895
-11.377
15.8183
-7.05965
-4.53817
2.82078
9.77284
-4.69823
6.57175
-6.25606
15.1247
23.9431
-13.9024
15.9339
-1.80888
-3.34562
-12.0002
10.909
11.6518
-1.50773
-2.17262
-9.5333
2.90097
3.19043
5.48744
15.6279
-3.12521
-9.19709
20.2609
-0.677128
-16.1961
-5.37411
9.78656
5.304
7.3992
2.93615
-9.09734
-9.29926
1.22539
0.812286
6.93722
-14.0693
10.8031
-10.2309
4.73751
-5.11712
15.4391
-11.1363
-1.31877
-2.87935
18.7762
4.83799
0.874428
9.79913
4.34804
4.77805
-9.69019
-10.3014
-16.7522
-4.90395
12.5432
9.65129
-7.66078
-1.58317
-11.515
-12.2668
-2.87051
-0.114343
-3.4932
7.35206
5.50577
-5.69022
-9.19412
-3.46818
0.652007
3.63336
-23.2636
3.04122
8.41903
-10.1036
-2.64294
-0.44029
-9.63758
-2.26696
10.5962
22.1057
14.6004
-8.63727
-12.056
8.32247
-8.06724
17.5858
2.44293
-1.00313
-19.0265
15.165
-1.49507
8.1662
-2.42587
10.6366
13.9265
-2.33407
-12.1487
-8.25994
-2.04092
-11.993
-0.832698
-10.5965
-4.22354
-10.5962
10.9867
-0.35722
-8.35431
5.33173
-7.9018
-12.7941
-10.7683
-5.31443
-4.36259
6.15113
7.23022
-10.3088
-0.232331
-3.79868
-4.84766
6.84198
-6.62892
22.4165
-6.03861
1.91628
5.06603
5.05269
17.0736
1.01964
1.85158
5.88558
-23.0712
-11.1768
-4.24817
9.67848
3.98538
18.4507
0.798491
-6.43058
20.9774
2.34121
1.34915
-5.97974
8.14221
-2.34329
3.20364
22.1816
3.61406
-7.05912
-3.0751
-6.43651
4.70605
-0.734035
17.4595
9.92735
2.29232
-15.0453
4.39138
8.98751
3.05826
10.8425
1.16474
-17.2734
2.2479
1.11426
13.8403
-0.581897
11.3632
2.35739
-18.4998
7.11903
7.9791
11.0657
-7.55516
-9.67206
-4.82939
5.49849
-11.3566
3.03668
1.34579
-8.95974
3.37423
-13.0271
-12.5381
9.50374
7.90712
3.68063
-12.2215
-12.2026
-3.71914
-3.47747
-3.38557
5.19997
-1.92993
3.14371
14.4962
-3.60875
8.75688
0.336531
-14.6433
16.08
8.27353
0.551828
16.009
0.972937
-3.87633
13.0148
7.94686
-3.44809
-1.45085
9.86882
-12.6802
-5.34436
-6.48478
-8.06952
-3.41354
1.69705
5.3817
-0.410743
11.3507
-18.3062
-11.8753
-7.11762
-1.98126
-0.543792
-9.23651
-4.86037
-6.28531
-1.81377
-14.3347
-5.00924
5.71858
4.3881
-10.2734
-9.01928
1.41193
-10.0341
-21.5139
-17.8541
3.35966
3.97301
-23.3588
4.15644
-4.23604
-2.03106
-12.9509
13.632
11.5187
-10.4835
-3.89631
2.21804
-8.61946
-1.10394
-12.7415
-0.82236
7.53954
3.16971
-1.2342
6.69299
0.10292
0.95354
2.24192
-5.80638
12.9104
0.581249
-2.44127
-10.8141
-19.2001
-4.56754
13.7659
18.7756
5.56439
16.5699
4.5337
-6.689
15.6509
-6.55738
17.0597
5.06787
-11.9658
7.97988
-12.2866
0.973097
-7.33476
-4.88254
-15.4078
-12.4026
-3.45533
-18.2431
14.1223
2.15867
19.7501
4.98244
4.00769
9.23524
3.52954
-16.3607
6.00048
8.61415
15.2304
11.4255
7.54297
8.83364
-5.1612
-25.2759
-22.3362
3.89704
12.3228
-4.77653
-16.6686
4.3883
6.98378
7.4647
7.02029
-8.66866
14.4654
3.20418
-0.722171
-8.05138
-8.29938
4.78482
-8.80919
-0.737876
9.55842
1.32312
-13.3378
-1.68296
-4.28832
9.49325
13.3115
-13.0315
2.77567
0.14243
12.5611
-2.19968
-10.6682
-14.6371
7.54799
-3.89224
2.60614
-4.98613
9.0859
2.65032
17.872
-9.14326
0.65276
12.4209
-7.89787
-5.60549
2.3205
-2.32279
14.0865
11.8
0.971597
-11.1102
2.64939
18.4514
-19.2584
-1.21507
-15.0188
17.1004
-3.17171
-7.47843
-2.12764
-0.716796
0.659697
10.3923
8.14525
-3.77035
-2.25334
9.06374
3.38936
4.46399
0.517677
-1.36052
4.63365
2.96203
9.63996
14.2434
-16.4885
12.2983
2.87138
4.00829
-12.4736
-9.47971
5.63126
-1.19705
-2.54352
14.0033
-2.17123
-8.51125
-9.37639
-13.7591
-21.5633
-4.62381
-12.3802
-11.4619
17.0199
6.44782
1.59375
9.81983
-6.41329
17.7859
-2.2905
-5.95883
12.909
18.7544
13.1543
2.31959
10.0649
2.01914
13.2239
-8.79354
-1.73525
5.54264
15.5593
-18.9597
0.998597
-12.1633
