0
1
1.41232
1.71341
1.95121
2.18528
2.42824
2.6019
2.7829
2.95241
3.10131
3.28489
3.44882
3.58495
3.70988
3.84925
3.96448
4.09145
4.20985
4.3063
4.47305
4.57917
4.71142
4.87886
4.98574
5.06186
5.13869
5.23717
5.32167
5.42478
5.51761
5.5819
5.67994
5.76463
5.8485
5.92021
5.98532
6.08118
6.15248
6.29995
6.37844
6.49623
6.55821
6.64888
6.74923
6.81971
6.88266
6.98291
7.04241
7.11464
7.23414
7.31723
7.36213
7.41791
7.52512
7.5826
7.64544
7.69417
7.74605
7.81338
7.86915
7.95171
7.99288
8.03429
8.1287
8.20653
8.29459
8.36413
8.4325
8.47861
8.52206
8.62848
8.67471
8.77589
8.83604
8.89471
8.96861
9.02161
9.11199
9.19501
9.24907
9.31021
9.34712
9.39467
9.44314
9.49052
9.53583
9.59727
9.67209
9.71285
9.76206
9.80917
9.85447
9.93174
9.96265
9.9911
10.0647
10.0968
10.1285
10.1931
