0
1
1.41351
1.72858
1.9601
2.19043
2.42899
2.63591
2.82064
2.98931
3.13656
3.33227
3.46497
3.61635
3.7728
3.90973
3.99575
4.10049
4.21972
4.32943
4.44477
4.55082
4.67974
4.79103
4.85531
4.9691
5.10392
5.21076
5.33367
5.38572
5.48562
5.58014
5.68507
5.76906
5.86771
5.9607
6.05062
6.10623
6.17106
6.23891
6.28299
6.35783
6.41919
6.46483
6.54507
6.64906
6.73186
6.79735
6.87895
6.93614
6.97639
7.02282
7.11983
7.19416
7.22496
7.29849
7.34057
7.40068
7.47369
7.56003
7.63322
7.70597
7.77277
7.83492
7.88365
7.94544
8.03642
8.08628
8.14113
8.24136
8.28336
8.33739
8.3863
8.42484
8.47797
8.49612
8.51375
8.59093
8.67133
8.72067
8.77713
8.79977
8.86002
8.90315
8.9637
9.00455
9.04555
9.09846
9.14822
9.21542
9.27513
9.33392
9.40861
9.45727
9.52176
9.58415
9.6285
9.66675
9.67988
9.68483
