78.5194
78.6235
78.6235
78.6235
72.9662
73.9619
73.9619
74.1859
72.2009
74.2798
74.2798
74.2798
74.2798
74.2798
76.4244
76.3991
74.5663
74.5663
74.5663
73.2282
73.2282
73.2282
73.2282
73.2282
73.2282
73.2282
73.2282
69.4195
70.767
70.767
69.5955
68.6074
68.6074
68.6074
68.6074
68.6074
68.6074
68.6074
68.3948
68.3948
68.3948
68.3948
68.3948
68.3948
68.3948
68.2005
67.0832
67.0832
66.3217
66.3217
66.3217
66.3217
62.2268
62.2268
63.8402
65.4358
65.4358
65.4358
65.4358
65.4358
65.5054
65.5054
65.5054
64.2834
64.2834
64.2834
64.2834
64.2834
64.2834
64.2834
64.2834
64.2834
64.2834
64.2834
64.2834
64.1536
64.1536
64.1536
64.1536
64.1422
64.1422
64.1422
64.1422
64.1422
64.1422
64.1422
64.1422
64.0382
64.0382
64.0382
64.0382
64.0382
64.4451
64.4451
64.4451
64.4451
64.4451
64.4451
64.4451
61.3765
61.3765
61.3765
61.3765
61.3765
61.3765
61.3765
61.3765
61.3765
61.1371
61.1371
61.1596
61.1596
54.4659
54.4659
54.4659
53.8236
53.8236
53.8236
53.8047
53.8047
51.6766
51.6766
51.6766
51.6766
52.6215
52.6215
52.6215
52.6215
52.6215
52.6215
52.6215
52.6215
52.0726
52.0726
52.0726
52.0726
52.0726
52.0726
52.9718
52.9718
52.9718
52.9718
52.9718
52.9718
52.9718
52.9718
53.1142
53.1142
53.1142
53.1142
53.1142
53.1142
53.1142
53.1142
53.1142
53.1142
53.1142
53.1142
53.1142
53.1142
53.1142
53.1142
53.1142
53.1142
53.1142
53.6485
52.1254
52.1254
51.6325
51.6325
51.6325
51.3481
51.3481
51.3481
51.3481
51.3481
50.5491
50.5491
50.5491
50.5491
50.5491
50.5491
49.6782
49.6782
49.6782
50.7519
50.7519
50.7519
50.7519
50.7519
50.7519
50.7519
50.7519
50.7519
50.7519
50.7519
50.7519
50.7519
50.7519
50.7519
50.7519
50.7519
49.9667
48.7242
48.7242
48.7242
47.8667
47.8667
48.1828
48.1828
48.1828
48.1828
48.1828
48.1828
48.1828
48.1828
48.1828
48.1828
48.1828
48.1828
48.1828
48.1828
49.0256
49.0256
49.0256
49.0256
49.0256
47.6787
47.6787
47.6787
47.6787
47.6787
47.6787
47.6787
47.7864
47.7864
47.7864
47.7864
47.7864
47.7864
47.7864
47.8279
47.8279
47.8279
47.8279
47.8279
47.8279
47.8279
46.4595
46.4595
46.4595
46.4595
46.4595
46.4595
46.4595
46.4595
46.4595
46.4595
46.4595
46.4595
46.4595
46.4595
46.4595
46.4595
46.4595
46.8932
46.8932
46.8932
46.5571
46.5571
46.5571
46.5571
46.5571
46.5571
46.5571
46.5571
46.5571
47.1791
47.1791
47.1791
47.1791
47.1791
47.1791
47.1791
47.1791
47.1791
47.1791
47.1791
48.4075
48.4075
48.4075
48.4075
48.4075
48.4075
48.4075
48.4075
48.4075
48.3306
48.3306
48.3306
48.3306
48.3306
48.3306
48.3306
48.3306
48.3306
48.3306
48.3306
48.3306
48.7322
48.7322
48.7322
48.7322
47.2206
47.2206
47.2206
47.2206
47.2206
47.2206
47.2206
47.2206
47.2206
47.2206
47.2206
47.2206
47.2206
47.2206
47.2206
47.2206
46.8474
46.8474
47.9361
47.9361
47.9361
47.5875
47.5875
47.5875
47.5875
47.5875
47.5875
47.5875
47.6281
47.6281
47.6281
47.6281
47.9809
47.9809
47.9809
47.9809
47.9809
47.9809
47.9809
47.9809
47.9809
47.9809
47.9809
47.9809
47.9809
47.9809
47.9809
47.9809
47.9809
47.9809
47.9809
47.0756
47.0756
47.0756
47.0756
47.0756
47.0756
47.0756
46.3735
46.66
46.66
46.66
46.66
46.66
46.66
46.66
46.4437
46.4437
45.536
45.536
45.536
46.6122
46.6122
46.6122
46.6122
46.6122
46.6122
46.6122
46.4397
46.4397
46.4397
46.4397
46.4397
46.4397
46.4397
46.4397
46.4397
46.4397
46.4397
46.4397
46.4397
46.4397
46.4397
46.58
46.58
46.9755
46.9755
46.9755
46.9755
46.9755
46.9755
45.787
46.2994
46.2994
46.2994
46.2994
46.2994
46.2994
46.2994
46.2994
46.2994
46.2994
46.2994
46.9712
46.9712
46.9712
46.8731
46.8731
46.8731
46.8731
46.8731
46.8731
46.8731
46.8731
47.0134
47.0134
45.473
45.473
45.473
45.473
45.473
45.473
45.473
45.473
45.473
45.473
45.473
45.473
45.473
47.121
47.121
47.121
47.121
47.121
47.121
47.121
47.5195
47.5195
47.5195
47.5195
47.9078
47.9078
47.9078
47.9078
47.9078
47.9078
47.9078
47.9078
47.9078
47.9078
47.9078
47.9078
47.9078
47.9078
47.9078
47.9078
47.9078
47.9078
47.9078
47.9078
47.9078
47.9078
47.9078
47.3305
47.3305
47.4915
47.4915
47.4915
47.4915
47.3889
47.3889
47.3889
47.3716
47.3716
47.3716
47.3716
47.3716
47.3716
47.3716
47.3716
47.3716
47.3716
47.3716
47.3716
47.3716
47.3716
47.3716
47.3716
47.3716
47.3716
47.3716
47.3716
47.3716
47.3716
47.3716
47.3716
47.3716
46.6629
46.6629
46.6629
46.7975
46.7975
46.7975
46.7975
46.7975
46.7975
46.7975
46.7975
46.7975
46.7975
46.7975
46.7975
46.7975
46.7975
46.7975
46.7975
46.7975
46.7975
46.7975
46.7975
46.7975
46.7975
46.7975
46.7975
46.7975
44.9231
44.9231
44.9231
45.1949
45.1949
45.1949
45.1949
45.1949
45.1949
45.1949
45.1949
45.1949
45.1949
45.1949
45.1949
45.1949
45.1949
45.1949
45.1949
45.1949
45.1949
45.1949
45.1949
44.1932
44.1932
44.1932
44.1932
44.1932
44.1932
42.7413
42.8845
42.8845
42.8845
42.8845
42.8845
42.8845
42.8845
42.8845
42.8845
42.8845
42.6915
42.6915
42.6915
42.6915
42.6915
42.6915
42.6915
42.6915
42.6915
42.6915
43.8879
43.8879
43.8879
43.8879
43.8879
43.8879
43.8879
43.8879
43.8879
43.8879
43.8879
43.8879
43.8879
43.8879
43.8879
43.8879
43.8879
43.8879
43.8879
43.8879
43.8474
43.8474
43.8474
43.8474
43.8474
43.8474
43.8474
43.8474
43.8474
43.8474
43.8474
43.8474
43.8474
43.8474
43.8474
43.8474
43.8474
43.8474
43.8474
43.8474
43.8474
42.9631
42.9631
42.9631
42.9631
42.9631
42.9631
42.9631
42.9631
42.9631
42.9631
44.5477
44.5477
44.5477
44.5477
44.5477
44.5477
44.0302
44.0302
44.0302
44.0302
44.0302
44.0302
44.0302
44.0302
44.0302
44.0302
44.0302
44.0302
44.0302
44.0302
44.0302
44.0302
44.0302
43.2699
43.2699
43.2699
43.2699
43.2699
43.2699
43.2699
43.2096
43.2096
43.2096
43.2096
43.2096
43.2096
43.2096
43.2096
43.2096
43.2096
43.2096
43.2096
43.2096
43.2096
43.2096
43.2096
43.2096
43.2096
43.2096
43.203
43.203
43.203
43.203
43.203
43.203
42.1746
42.1746
42.1746
42.1746
42.1746
42.1746
42.1133
42.1133
42.1133
42.1133
42.1133
42.1133
42.1133
42.1133
42.1133
42.1133
42.1133
42.1133
42.1133
42.1133
42.1133
42.1133
42.1133
42.1133
42.1133
42.1133
42.1133
42.1133
41.4558
41.4558
41.4558
41.4558
41.4558
41.4558
41.4558
41.4558
41.4558
41.4558
41.4558
41.4558
41.4558
41.4558
41.4558
41.4558
42.434
42.434
42.434
42.434
42.434
42.434
42.434
42.434
42.434
42.434
42.434
42.434
42.434
42.434
42.434
42.434
42.434
42.434
42.434
42.434
42.434
42.434
41.4433
41.4433
41.4433
41.4433
41.4433
41.4433
41.4433
41.4433
41.4433
41.4433
41.4433
41.4433
41.4433
41.4433
41.4433
41.4433
41.4433
41.4433
41.4433
41.4433
41.4433
41.4433
41.4433
41.4433
41.4433
40.9707
40.9707
40.9582
40.9582
40.9582
40.9582
40.9582
40.9582
39.7953
39.7953
39.7953
39.7953
39.7953
39.7953
39.7953
39.7953
39.7953
39.7953
39.7953
39.7953
39.8847
39.8847
40.2949
40.2949
40.2949
40.2949
40.2949
40.2949
40.2949
40.2949
40.2949
40.2949
40.2949
40.2949
40.2949
40.2949
40.2949
40.2949
40.4948
40.4948
40.4948
40.4948
40.4948
40.4948
40.4948
40.4948
40.4948
40.4948
40.4948
40.4948
40.4948
40.4948
40.4948
40.4948
40.4948
40.4948
40.4948
40.4948
40.4948
40.4948
40.4948
40.4948
40.4948
40.4948
40.3297
40.8381
40.8381
40.8381
40.8381
40.8381
40.8381
40.8381
40.8381
40.8381
40.8381
40.8381
40.8381
40.8381
40.8381
40.8381
40.8381
40.8381
40.8381
40.8381
40.8381
40.8381
40.366
40.366
40.366
40.366
40.366
40.366
40.366
40.366
40.2423
40.2423
40.2423
40.2423
40.2423
40.2423
40.2423
40.2423
40.2423
40.2423
40.2423
40.2423
40.2423
40.2423
40.2423
40.2423
40.2423
40.2423
40.2423
40.2423
40.2423
40.2423
40.2423
40.2423
40.2423
40.2423
40.2423
40.2423
40.2423
40.2423
40.2423
40.2423
40.2423
40.2423
40.2423
40.2423
40.2423
40.2423
40.2423
40.2423
40.2423
40.2423
40.2423
40.2423
40.2423
40.2423
40.2423
40.2423
40.2423
40.2423
40.2423
40.2423
40.2423
40.2423
40.2423
40.2423
39.8297
39.8297
39.8297
39.8297
39.8297
39.8297
39.8297
39.8297
39.8297
39.8297
39.8297
39.8297
39.8297
39.8297
39.8297
39.8297
39.8297
39.8297
39.8297
39.8297
39.8297
39.8297
39.8297
39.8297
39.8297
39.8297
39.8297
39.8297
39.8297
39.8297
39.8297
39.8297
39.8297
39.8297
39.8297
39.8297
39.8297
39.8297
39.8297
39.8297
39.8297
39.8297
39.8297
39.8297
39.8297
39.8297
39.8297
39.3064
39.3064
39.3064
39.3064
39.3064
39.3064
39.3064
39.3064
