216.698
215.552
215.552
215.552
209.009
208.975
208.975
205.661
207.046
208.793
208.793
208.793
208.793
208.793
204.694
201.808
202.955
202.955
202.95
202.879
202.879
198.783
191.195
191.283
191.283
191.283
191.283
193.261
195.022
195.022
195.022
195.022
195.022
195.022
195.47
195.47
195.47
195.629
195.629
184.664
184.664
184.664
184.664
184.664
169.615
161.928
161.928
161.928
161.928
161.928
161.928
161.928
163.486
163.486
163.486
163.486
161.164
158.001
156.23
156.23
156.23
156.23
156.23
145.484
145.484
145.484
145.484
145.484
145.693
145.577
145.577
145.577
145.577
145.577
143.418
143.418
143.418
143.418
143.418
143.418
143.482
143.482
143.482
143.482
143.482
143.482
143.482
143.482
143.482
143.482
141.314
141.314
141.314
141.314
141.314
141.314
141.314
141.314
141.314
141.314
141.314
141.314
141.465
141.465
141.465
141.465
141.465
141.465
141.465
141.465
141.465
141.465
141.465
141.465
141.465
141.465
141.564
141.564
141.564
141.564
141.564
141.564
141.564
141.564
141.564
141.564
141.259
127.103
127.103
127.103
127.103
127.103
127.103
127.103
127.103
127.103
127.103
124.229
124.282
124.282
124.282
124.282
124.282
118.88
118.88
118.88
118.88
118.88
118.88
118.88
118.88
119.283
119.283
119.283
119.283
119.283
119.283
119.283
119.283
119.283
119.283
119.283
119.283
119.283
119.344
119.344
119.344
119.344
122.689
122.689
122.689
122.689
121.713
121.713
121.713
121.713
121.713
121.713
121.713
121.713
121.713
121.713
121.713
121.713
121.713
121.838
122.823
122.823
122.823
122.823
122.583
122.126
122.126
118.934
118.147
118.147
118.147
118.147
118.147
118.111
118.111
118.111
118.111
118.111
118.111
118.111
116.509
116.509
116.509
116.509
116.509
116.509
115.298
115.298
115.298
115.298
115.298
115.298
115.298
115.298
115.298
115.298
104.852
104.852
104.852
104.852
104.852
104.852
99.6971
99.6971
99.6971
99.6971
99.6971
99.6971
99.6971
99.6971
99.6971
99.6971
99.6971
99.6971
99.6971
93.4811
93.4811
93.4811
93.4811
93.4811
93.4811
93.4811
93.4825
93.4825
93.4825
93.4825
93.4825
93.4825
93.4825
93.4825
93.4825
93.4825
93.4825
93.4825
93.4825
93.4825
93.4825
93.4825
93.4825
93.4825
93.4825
93.4825
93.4825
93.4825
93.4825
93.4825
93.4825
93.4825
93.4825
93.4825
81.8478
81.8478
81.8478
81.8478
81.8478
81.8478
81.8478
81.6437
81.6437
81.6437
81.6437
81.6437
81.6437
81.6437
81.6437
81.6437
81.6437
77.4742
77.4742
77.4742
77.4742
77.4742
77.4742
77.4742
77.4742
77.4742
77.4742
77.4742
77.4742
77.4742
77.4742
77.4742
77.4742
76.3245
76.3245
76.3245
76.3245
76.3245
76.3245
76.3245
76.3245
76.3245
76.3245
76.3245
76.3245
76.3245
76.3245
76.3245
76.3245
76.3245
76.3245
76.3245
76.3245
76.3245
76.3245
76.3245
76.3245
76.3245
76.3245
76.3423
74.8146
74.8146
74.8146
74.8146
74.8146
74.8146
74.8146
74.8146
71.8444
71.8444
71.8444
71.8444
71.8444
71.8444
71.8444
70.6404
70.6404
70.6404
70.6404
70.6404
70.6404
70.6404
70.6404
70.6404
70.6404
70.6404
70.6404
70.6404
70.6404
70.6404
70.6404
70.6404
70.6404
70.6404
70.6404
70.6404
70.6404
70.6404
70.6404
70.6404
70.6404
70.6404
70.6404
70.6404
70.6404
70.6404
70.6404
70.6404
70.6398
70.6398
70.6398
70.6398
70.6398
70.6646
70.6646
70.6646
70.6646
70.6646
70.6646
70.6646
70.6646
70.6646
70.6646
70.6646
70.6646
70.6646
70.6646
70.6646
70.6646
70.6646
70.6646
70.5607
70.5607
70.5607
70.5611
70.5611
70.5611
70.5611
70.5611
70.5611
70.5611
70.5611
70.5611
70.5611
70.5611
70.5611
70.5611
70.5611
70.5611
70.5611
68.9589
68.9589
68.9589
68.9589
63.6973
63.6973
63.6973
63.6973
63.6973
63.6973
63.6973
63.6973
63.6973
63.6973
63.6973
63.6973
63.6973
63.6973
63.6973
63.6973
63.6973
63.6973
63.6973
63.6973
63.6973
63.6973
63.6973
63.6973
63.6973
63.6973
63.6973
63.6973
63.6973
63.6973
63.6973
63.6973
63.6973
63.6973
63.6973
63.6973
63.6973
63.6973
63.1093
63.1093
63.1093
63.1093
63.1093
63.1093
63.1093
63.1093
63.1093
63.1093
63.1093
63.1093
62.9924
62.9924
62.9924
62.9924
62.9924
62.9924
62.9924
62.9924
62.9924
62.9924
62.9924
62.9924
62.9924
62.9924
62.9924
62.9924
62.9924
62.9924
62.9924
62.9924
62.9924
62.9924
62.9924
62.9924
62.9924
62.9924
62.9924
62.9924
62.9924
62.9924
62.9924
62.9924
62.9924
62.9924
62.9924
62.9924
62.9924
62.9924
62.9924
62.9924
62.9924
62.9924
62.9924
62.9924
62.9924
62.9924
62.9924
62.9924
62.9924
62.9924
62.9924
62.9924
62.9924
62.9924
62.9924
62.9924
62.9924
62.9924
62.9924
62.9924
62.9924
62.9924
62.9924
62.9924
62.9924
62.9924
62.9924
62.9924
62.9924
62.9924
62.9924
62.9924
62.9924
62.9924
62.9924
62.9924
62.9924
62.9924
62.9924
62.9924
62.9924
62.9924
62.9924
62.9924
62.9924
62.9924
62.9924
62.9924
62.9924
62.9924
62.9924
62.9924
62.9924
62.9924
62.9924
62.9924
62.9924
62.9924
62.9924
62.9924
62.9924
62.9924
62.9924
62.9924
62.9924
62.9924
62.9924
62.9924
62.9924
62.9924
62.9924
62.9924
62.9924
62.9924
62.9924
62.9924
62.9924
62.9924
62.9924
62.9924
62.9924
62.9924
62.9924
62.9924
62.9924
62.9924
62.9924
62.9924
62.9924
62.9924
62.9924
62.9924
62.9924
62.9924
62.9924
62.9924
62.9924
62.9924
62.9924
62.9924
62.9924
62.9889
62.9889
62.9889
62.9889
62.9889
62.9889
62.9889
62.9889
62.9889
62.9889
62.9889
62.9889
62.9889
62.9889
62.9889
63.1671
63.1671
63.1671
63.1671
63.1671
63.1671
63.1671
63.1671
63.1671
63.1671
63.1671
63.1671
63.1671
63.1671
63.1671
63.1671
63.1671
63.1671
63.1671
63.1671
63.1671
63.1671
63.1671
63.1671
63.1671
63.1671
63.1671
63.1671
63.1671
63.1671
63.1671
63.1671
63.1671
63.1671
63.1671
63.1671
63.1671
60.5704
60.5704
60.5704
60.5704
60.5704
60.5704
60.1886
60.1886
60.1886
60.1886
60.1886
60.1886
60.1886
60.1886
60.1886
60.1886
60.1886
60.1886
60.1886
60.1886
60.1886
60.1886
60.1886
60.1625
60.1625
60.1625
60.1625
60.1625
60.1625
60.1625
60.1625
60.1625
60.1625
60.1625
60.1625
60.1625
60.1625
60.1625
60.1625
60.1625
60.1625
60.1625
60.1625
60.1625
60.1625
60.1625
60.1625
60.1625
60.1625
60.1625
60.1625
60.1625
60.1625
60.1625
60.1625
60.1625
60.1625
60.1625
60.1625
60.1625
60.1625
60.1625
60.1625
53.3516
53.3516
53.3516
53.3516
53.3516
53.3516
52.4668
52.4668
52.4668
52.4668
52.4668
52.4668
52.4668
52.4668
52.4668
52.4668
52.4668
52.4668
52.4668
52.4668
52.4668
52.4668
52.4668
52.4408
52.4408
52.4408
52.4408
52.4408
52.4408
52.4408
52.4408
52.4408
52.4408
52.4408
52.4408
52.4408
52.4408
52.4408
52.4408
52.4408
52.4408
52.4408
52.4408
52.4408
52.4408
52.4408
52.4408
52.4408
52.4408
52.4408
52.4391
52.4391
52.4391
52.4391
52.4391
52.4391
52.4391
52.4391
52.4391
52.4391
52.4391
52.4391
52.4391
52.4391
52.4391
52.4391
52.4391
52.4391
52.4391
52.4391
52.4391
52.4391
52.4391
52.4391
52.4391
52.4391
52.4391
52.4391
52.4391
52.4391
52.4391
52.4391
52.4391
52.4391
52.4391
52.4391
52.4391
52.4391
52.4391
52.4391
52.4391
52.4391
52.4391
52.4391
52.4391
52.4391
52.4391
52.4391
52.2494
52.2494
52.2494
52.2494
52.2494
52.2494
52.2494
52.2494
52.2494
52.2494
52.2494
52.2494
52.2494
52.2494
52.2494
52.2494
52.2494
52.2235
52.2235
52.2235
52.2235
52.2235
52.2235
51.6807
51.6807
51.6807
51.6807
51.6807
51.6807
51.6807
51.6807
51.6807
51.6807
51.6807
51.6807
51.6807
51.6807
51.6807
51.6807
51.6807
51.6807
51.6807
51.6807
51.6807
51.6807
51.6807
51.6807
51.6807
51.6807
51.6807
51.6807
51.6807
51.6807
51.6807
51.6807
51.6807
51.6807
51.6807
51.6807
51.6807
51.6807
51.6807
51.6807
51.6807
51.6807
51.6807
51.6807
51.6807
51.6807
51.6807
51.6807
51.6807
51.6807
51.6807
51.6807
51.6807
51.6807
51.6807
51.6807
51.6807
51.6807
51.6807
51.6807
51.6807
51.6807
51.6807
51.6807
51.6807
51.6807
51.6807
51.6807
51.6807
51.6807
51.6807
51.6807
51.6807
51.6807
51.6807
51.6807
51.6807
51.6807
51.6807
51.6807
51.6807
51.6807
51.6807
51.6807
51.6807
51.6807
51.6807
51.6807
51.6807
51.6807
51.6807
51.6807
51.6807
51.6807
51.6807
51.6807
51.6807
51.6807
51.6807
51.6807
51.6807
51.6807
51.6807
51.6807
51.6807
51.6807
51.6807
51.6807
51.6807
51.9008
51.9008
51.9008
51.9008
51.9008
51.9008
51.9008
51.9008
51.9008
51.9008
51.9008
51.9008
51.9008
51.9008
51.9008
51.9008
51.9008
51.9008
51.9008
51.9008
51.9008
51.9008
51.9008
51.9008
51.9008
51.9008
51.9008
51.9008
51.9008
51.9008
51.9008
51.9008
51.9008
51.9008
