186.72
187.38
185.192
185.919
189.777
191.989
190.134
188.829
188.726
189.302
190.645
187.902
189.996
187.675
187.199
186.696
188.147
187.897
190.119
187.182
188.087
183.47
187.087
187.284
187.671
188.283
189.084
185.781
189.172
188.465
187.432
187.557
186.822
184.661
182.308
181.329
182.36
181.499
179.771
181.681
182.872
180.692
178.994
183.728
187.697
185.476
186.408
186.213
184.645
187.763
188.032
189.323
188.03
190.359
190.595
193.291
190.916
191.31
191.06
191.266
190.518
186.926
185.34
182.517
182.111
181.072
182.574
183.219
183.152
182.925
183.112
182.774
184.959
183.057
182.719
183.146
181.725
184.649
186.465
183.908
185.615
184.841
184.013
183.344
184.381
183.551
184.544
185.003
187.924
188.657
187.924
189.054
187.794
187.831
185.785
185.26
187.396
188.564
188.267
188.95
190.399
191.993
189.9
190.239
190.169
190.667
188.025
186.947
187.11
186.571
184.757
183.36
184.316
184.73
185.364
185.566
187.415
186.419
186.533
185.413
184.996
186.987
186.062
185.489
185.562
183.375
184.09
185.996
183.076
183.039
183.313
185.158
187.168
186.86
187.359
188.874
187.258
186.404
184.076
185.115
183.842
183.535
184.231
183.68
184.757
184.193
181.9
181.015
181.061
181.563
182.501
183.85
186.72
186.644
186.438
186.865
187.585
186.995
185.308
186.96
185.327
184.378
183.683
185.639
184.541
184.996
183.211
183.949
184.273
185.265
186.533
188.012
189.669
190.092
190.516
189.96
191.176
191.764
190.791
189.695
188.68
188.562
187.344
187.327
187.519
188.378
187.963
190.416
190.924
189.938
188.474
186.92
186.511
187.167
187.18
186.843
186.74
186.767
186.822
188.388
