80.3712
79.725
79.7294
79.2501
78.9078
79.3394
78.4608
78.6038
79.2299
79.4658
78.5216
77.1305
77.5048
77.1575
78.481
78.7281
79.9613
79.1178
79.4675
78.787
78.2564
79.0072
78.397
77.4002
76.7242
77.3598
78.4978
77.8119
77.5934
76.9183
77.6006
77.8014
77.0711
78.3975
77.8251
77.8113
76.9501
77.2766
77.4701
77.0096
77.7989
77.7824
78.6193
78.532
77.3105
76.5961
75.9081
77.1215
76.4631
77.2349
77.8406
78.2625
78.1594
77.5013
77.4687
77.2636
77.8747
77.3831
77.5439
76.9542
77.1717
78.0189
78.7267
77.7795
78.2359
78.9879
78.194
78.5451
78.1289
77.6696
78.0591
77.5823
77.714
77.3149
76.9245
78.4529
77.4407
77.9465
76.3295
76.9465
76.8229
78.7101
79.4174
79.0385
78.9528
78.7468
78.1618
77.8132
76.545
76.6549
77.7218
76.4482
77.7713
77.205
78.6863
77.3468
77.4942
77.9134
76.2314
77.9314
78.3382
77.7525
78.199
78.5695
78.3449
77.1146
77.3589
77.3586
78.7007
78.0685
78.6571
78.1485
78.1428
78.8865
77.7924
76.9499
78.0416
77.0234
77.4532
77.4531
77.6138
77.9793
78.0882
77.624
78.5732
77.4916
77.6312
77.0406
77.5176
77.7374
77.5337
76.7282
77.4601
77.1661
76.9271
77.3326
76.9496
77.0464
77.3703
76.3725
76.9984
77.3752
76.8724
77.1339
76.7456
76.9903
77.6609
76.5109
76.7102
77.1416
77.1672
77.8204
76.59
76.9648
75.7175
77.498
77.5969
77.9519
78.5166
77.6774
77.5532
77.9807
77.4487
77.9267
78.1425
78.2272
77.2301
77.0663
79.0509
77.8935
77.4763
77.1666
77.3788
77.417
77.108
75.2954
76.0328
76.4484
77.3665
77.1428
78.5713
78.6035
77.1222
77.4065
77.4321
76.8541
77.8122
78.3792
78.6183
78.0363
78.3089
77.1777
77.7862
77.8732
78.4554
76.9204
77.9941
77.1963
77.8164
78.7689
78.2189
77.7873
77.8224
78.4421
77.6912
78.1436
77.8593
77.7535
77.5231
77.1183
78.1534
77.9173
78.2628
77.2727
78.586
77.1637
77.1699
77.9564
78.9035
77.2165
77.6133
77.5832
77.762
76.5185
76.944
77.769
77.8137
78.5495
79.3042
77.6016
78.7658
78.0629
78.3793
77.9264
77.7295
77.6054
77.8319
76.665
76.8983
76.3728
78.507
78.8735
77.8054
77.9388
77.7563
77.5728
77.2985
78.0731
77.2515
77.0249
76.2077
76.8053
78.2545
78.4876
77.6723
78.276
78.5039
78.6449
78.2136
77.7711
77.236
77.3229
77.4154
78.2985
78.1356
77.2818
77.9551
77.4614
77.599
77.6225
78.0471
77.5848
77.2778
77.8711
77.3645
77.1391
77.524
78.7208
76.1456
76.1398
76.1523
77.7974
78.7006
78.015
78.0943
77.9807
78.2896
78.6202
78.2134
78.4326
78.1472
78.4263
79.3539
78.4769
77.7251
78.2463
77.7048
77.6831
76.8469
77.3455
77.1238
76.793
76.3247
75.3677
75.7307
75.9389
76.421
77.4152
77.649
77.4994
77.8389
78.3917
78.8698
78.7172
77.3107
78.1957
79.2402
78.9032
78.4523
77.1217
77.4067
76.1352
76.8381
77.2225
77.909
77.0234
77.1258
77.959
77.494
77.8631
77.6169
77.4664
76.4737
75.9742
78.1041
78.4807
78.0219
77.2664
77.0809
77.8684
77.8506
77.0249
77.0071
76.9424
76.0965
77.1098
77.7103
76.5885
77.0458
78.1238
79.9596
77.6764
78.1211
77.5331
78.2065
77.9486
78.3945
78.5197
79.0727
78.4344
78.2834
76.8888
77.3216
76.4964
77.6395
78.5018
78.0226
77.3041
76.9869
77.1934
77.7666
78.022
77.5405
77.9835
76.9919
77.7459
77.6275
78.1853
77.9029
77.2512
76.8734
76.5811
77.3112
77.8794
77.2451
77.7892
77.5425
77.0706
77.3245
77.7949
78.7185
77.8573
77.2953
76.5699
77.2258
78.0683
77.1722
78.3274
78.1108
78.4448
77.2423
77.7737
77.8871
77.3927
78.6132
77.5085
77.7067
76.8435
77.7567
77.2115
77.3423
77.7693
78.6167
77.2694
78.0405
77.539
76.9861
77.6943
76.2687
77.044
77.3313
77.2709
77.0661
77.9117
78.5922
77.9446
76.5899
77.4468
77.299
77.471
77.1464
77.6842
77.4248
78.371
78.7296
78.6221
77.6298
77.4654
78.0501
77.7879
76.1954
76.1644
76.8371
77.7946
79.0993
77.9889
78.1117
78.972
78.4761
78.0872
77.6544
76.0853
77.4753
77.674
77.7745
77.0684
77.0172
76.2543
77.0471
77.15
78.2811
77.018
77.3133
77.5409
77.2789
75.7345
76.0106
76.1637
77.3135
77.0907
77.2174
77.5272
78.1523
77.8661
77.2405
77.0971
78.0032
78.0373
76.6881
78.3872
78.8095
78.8809
76.9836
77.677
77.1394
77.471
78.361
77.2508
77.2545
77.0833
77.3462
78.0343
76.3956
75.7241
77.0479
77.9543
78.7763
76.963
77.3648
76.8515
77.8264
78.3925
77.4954
78.3749
78.4585
77.5676
77.8971
78.4452
76.4439
77.7704
78.7696
76.681
78.3458
78.0654
77.7028
78.0015
76.1031
77.0545
77.4814
76.4839
76.9232
76.2943
76.2816
76.9389
77.2302
76.5363
77.1099
76.7473
76.6708
76.5051
76.7791
76.6039
77.5881
78.3988
77.3466
77.4797
77.8786
77.8324
78.0527
76.9112
77.1487
78.0106
77.6769
77.5684
77.9047
78.6951
78.83
78.7681
77.2031
78.1709
77.8505
78.7364
77.3124
77.2528
77.7444
77.0565
77.6487
78.0587
78.0119
77.7517
77.6844
78.2368
77.9341
78.5227
76.2882
76.7587
76.6564
76.9742
77.047
76.9786
78.2207
78.1799
78.1716
78.4515
78.7117
79.2292
79.0826
78.4174
77.6108
78.0997
77.9438
78.159
77.841
77.8259
78.5178
79.0849
77.203
77.8829
78.0657
77.9675
77.8113
77.1607
77.6547
76.854
77.5737
78.0464
78.6521
77.8717
78.9241
78.6785
77.3126
76.7766
76.9823
78.0217
78.0951
77.9974
76.9997
76.2527
76.3899
77.6567
77.8525
78.0103
77.9094
78.2753
77.9804
77.8817
78.4843
77.2499
77.6566
78.4377
77.087
76.2658
76.2141
77.5693
77.7212
78.0544
77.9183
77.2839
78.2676
77.2055
77.4601
78.1717
77.4103
78.0501
78.5325
77.6617
78.0727
77.6895
77.2174
78.2966
77.2533
77.1964
76.4574
76.9182
77.2703
76.4328
77.6267
78.4859
77.7385
77.7214
78.2888
77.3635
78.5522
78.2472
78.1245
76.8845
76.9747
76.8432
77.0844
77.0906
77.7642
78.1091
76.9429
77.6385
77.2047
78.1308
77.3964
77.6536
77.9753
77.2408
76.8446
77.0621
77.3992
76.7854
76.3864
76.5799
76.7063
77.3162
78.4197
78.846
77.9802
79.1553
78.2867
79.2657
78.2202
78.608
78.4209
77.7243
78.0528
78.6236
78.0999
78.2636
78.3021
78.2713
78.1416
77.7053
77.7481
78.1317
77.3485
78.9964
